Warning:json file inside profile could not be parsed 

GL version: 4.5.0 NVIDIA 353.90

Warning: there is no json file embedded inside profile 

LayerExtractor: distance needed for layers: 0.135467

FileParserPJ: initializing
PrintJobOrganizer: initializing
PrintJobPreprocessor: initializing
PrintJobVoxelizer: initializing
TonalValueCalculator: initializing
TonalValueCalculator: Using rendering intent RELATIVE_COLORIMETRIC

SurfaceDistanceOrderedTransfer: initializing
TonalLinearizer: initializing
VectorLayerHalftoner: initializing
SlaveReporter: initializing
FileParserPJ:  runs 14:37:36

FileParserPJ: loading OBJ file

244921 vertices
489840 faces

FileParserPJ: 245383 texture coordinates

FileParserPJ: 245383 vertices after duplication

FileParserPJ: //filer-igd2.igd.fraunhofer.de/igd-3dt/shared/3DModels/Head/HeadMTL/Head_Level3.obj parsed: 245383 vertices and 489840 faces

FileParserPJ: loading jpg file

FileParserPJ: loading OBJ file

9992 vertices
18312 faces

FileParserPJ: 9437 texture coordinates

FileParserPJ: //filer-igd2.igd.fraunhofer.de/igd-3dt/shared/3DModels/Dame/Dame.obj parsed: 9992 vertices and 18312 faces

FileParserPJ: loading jpg file

FileParserPJ: Input files parsed

PrintJobOrganizer:  runs 14:37:40

centering objects at origin
optimizing rotation for height
scaling objects
optimizing rotation for support use
PrintJobOrganizer: support cost         = 25.4851
support cost flipped = 22.9004

PrintJobOrganizer: support cost         = 10.7798
support cost flipped = 10.8551

arranging objects in 2D
validating object placement
PrintJobOrganizer: print object 1 print-space bounding box: (0.00211667, 0.00423333, 0.00135106), (8.00212, 5.12195, 4.19435)
PrintJobOrganizer: print object 2 print-space bounding box: (0.00211667, 5.32195, 0.00135106), (8.00212, 8.58807, 3.26645)
saving transforms to file
PrintJobPreprocessor:  runs 14:37:40

PrintJobPreprocessor: flatten
PrintJobPreprocessor: prioritize
PrintJobPreprocessor: segment-hierarchy
PrintJobPreprocessor: boundingBox
PrintJobPreprocessor: uniformAppearanceTextures
PrintJobVoxelizer:  runs 14:37:41

PrintJobVoxelizer: 
number of slices to print: 777 (4.19435 cm)
width of slices to print:  946 (8.00212 cm)
height of slices to print: 508 (8.58807 cm)
chunk size:                50 (0.270213 cm)

PrintJobVoxelizer: setting up slices
PrintJobVoxelizer: rasterizing objects
PrintJobVoxelizer: creating rasterizer
PrintJobVoxelizer: rasterizing object 1
PrintJobVoxelizer: rasterizing object 2
Rasterizer::rasterize:
	2 trials
	total = 0.342125 s
	mean  = 0.171063 s
	var   = 0.00387473 s^2, std = 0.0622473 s
	min   = 0.127047 s
	max   = 0.215078 s


PrintJobVoxelizer: voxelizing objects
Object 1 ROI: [0 0 0] --> [946 303 50]
GWNSampleFloodVoxelizer: number of samples: 125
GWNSampleFloodVoxelizer: samples evaluated
GWNSampleFloodVoxelizer: adaptive threshold = 0.498039
GWNSampleFloodVoxelizer: flooding complete
Voxelization: solid angle evaluations per voxel: 0.12458

Object 2 ROI: [0 314 0] --> [946 508 50]
GWNSampleFloodVoxelizer: number of samples: 123
GWNSampleFloodVoxelizer: samples evaluated
GWNSampleFloodVoxelizer: adaptive threshold = 0.498039
GWNSampleFloodVoxelizer: flooding complete
Voxelization: solid angle evaluations per voxel: 0.218318

GWNSampleFloodVoxelizer::voxelize:
	2 trials
	total = 2.53105 s
	mean  = 1.26552 s
	var   = 0.00184449 s^2, std = 0.0429475 s
	min   = 1.23516 s
	max   = 1.29589 s

GWNSampleFloodVoxelizer::initIndicator:
	2 trials
	total = 0.26142 s
	mean  = 0.13071 s
	var   = 7.96322e-007 s^2, std = 0.000892369 s
	min   = 0.130079 s
	max   = 0.131341 s

GWNSampleFloodVoxelizer::selectSamples:
	2 trials
	total = 0.174154 s
	mean  = 0.087077 s
	var   = 0.000507848 s^2, std = 0.0225355 s
	min   = 0.071142 s
	max   = 0.103012 s

GWNSampleFloodVoxelizer::evaluateSamples:
	2 trials
	total = 0.089023 s
	mean  = 0.0445115 s
	var   = 0.000480717 s^2, std = 0.0219253 s
	min   = 0.029008 s
	max   = 0.060015 s

GWNSampleFloodVoxelizer::flood:
	2 trials
	total = 1.94485 s
	mean  = 0.972424 s
	var   = 6.1215e-006 s^2, std = 0.00247417 s
	min   = 0.970674 s
	max   = 0.974173 s


PrintJobVoxelizer: finalizing surfaces
PrintJobVoxelizer: 49546 surface voxels
PrintJobVoxelizer: getting output subset
PrintJobVoxelizer: updating slice indices
TonalValueCalculator:  runs 14:37:45
slices [0, 49):
	channel 0: occupancy (dense)
	channel 1: opticalFeature (sparse)

SurfaceDistanceOrderedTransfer:  runs 14:37:45
slices [0, 49):
	channel 0: occupancy (dense)
	channel 1: surfaceDist (dense)

SurfaceDistanceOrderedTransfer: 0 0 23
LayerExtractor:  runs 14:37:45
slices [0, 23):
	channel 0: occupancy (dense)
	channel 1: surfaceDist (dense)
	channel 2: layer_000 (sparse)
	channel 3: layer_001 (sparse)
	channel 4: layer_002 (sparse)
	channel 5: layer_003 (sparse)
	channel 6: layer_004 (sparse)
	channel 7: layer_005 (sparse)
	channel 8: layer_006 (sparse)
	channel 9: layer_007 (sparse)

TonalLinearizer:  runs 14:37:45
slices [0, 22):
	channel 0: occupancy (dense)
	channel 1: surfaceDist (dense)
	channel 2: layer_000 (sparse)
	channel 3: layer_001 (sparse)
	channel 4: layer_002 (sparse)
	channel 5: layer_003 (sparse)
	channel 6: layer_004 (sparse)
	channel 7: layer_005 (sparse)
	channel 8: layer_006 (sparse)
	channel 9: layer_007 (sparse)

VectorLayerHalftoner: VectorLayerHalftoner error: no tonal values available

VectorLayerHalftoner:  runs 14:37:45
slices [0, 22):
	channel 0: occupancy (dense)
	channel 1: surfaceDist (dense)
	channel 2: layer_000 (sparse)
	channel 3: layer_001 (sparse)
	channel 4: layer_002 (sparse)
	channel 5: layer_003 (sparse)
	channel 6: layer_004 (sparse)
	channel 7: layer_005 (sparse)
	channel 8: layer_006 (sparse)
	channel 9: layer_007 (sparse)
	channel 10: intermedTonal_0 (sparse)
	channel 11: intermedTonal_1 (sparse)
	channel 12: intermedTonal_2 (sparse)
	channel 13: intermedTonal_3 (sparse)
	channel 14: intermedTonal_4 (sparse)
	channel 15: intermedTonal_5 (sparse)
	channel 16: intermedTonal_6 (sparse)
	channel 17: intermedTonal_7 (sparse)
	channel 18: quantizedTonal (sparse)

SlaveReporter:  runs 14:37:46
slices [0, 10):
	channel 0: material (dense)
	channel 1: occupancy (dense)

PrintJobVoxelizer:  runs 14:37:46

PrintJobVoxelizer: setting up slices
PrintJobVoxelizer: rasterizing objects
PrintJobVoxelizer: creating rasterizer
PrintJobVoxelizer: rasterizing object 1
PrintJobVoxelizer: rasterizing object 2
Rasterizer::rasterize:
	4 trials
	total = 1.12032 s
	mean  = 0.28008 s
	var   = 0.052116 s^2, std = 0.228289 s
	min   = 0.127047 s
	max   = 0.618154 s


PrintJobVoxelizer: voxelizing objects
Object 1 ROI: [0 0 0] --> [946 303 50]
GWNSampleFloodVoxelizer: number of samples: 260
GWNSampleFloodVoxelizer: samples evaluated
GWNSampleFloodVoxelizer: adaptive threshold = 0.498039
GWNSampleFloodVoxelizer: flooding complete
Voxelization: solid angle evaluations per voxel: 0.535032

Object 2 ROI: [0 314 0] --> [946 508 50]
GWNSampleFloodVoxelizer: number of samples: 109
GWNSampleFloodVoxelizer: samples evaluated
GWNSampleFloodVoxelizer: adaptive threshold = 0.498039
GWNSampleFloodVoxelizer: flooding complete
Voxelization: solid angle evaluations per voxel: 0.618101

GWNSampleFloodVoxelizer::voxelize:
	4 trials
	total = 5.06547 s
	mean  = 1.26637 s
	var   = 0.0171361 s^2, std = 0.130905 s
	min   = 1.10979 s
	max   = 1.42463 s

GWNSampleFloodVoxelizer::initIndicator:
	4 trials
	total = 0.529541 s
	mean  = 0.132385 s
	var   = 9.89789e-006 s^2, std = 0.00314609 s
	min   = 0.130079 s
	max   = 0.137033 s

GWNSampleFloodVoxelizer::selectSamples:
	4 trials
	total = 0.350198 s
	mean  = 0.0875495 s
	var   = 0.000265612 s^2, std = 0.0162976 s
	min   = 0.071142 s
	max   = 0.103012 s

GWNSampleFloodVoxelizer::evaluateSamples:
	4 trials
	total = 0.317081 s
	mean  = 0.0792702 s
	var   = 0.00705429 s^2, std = 0.0839898 s
	min   = 0.025008 s
	max   = 0.20305 s

GWNSampleFloodVoxelizer::flood:
	4 trials
	total = 3.74207 s
	mean  = 0.935519 s
	var   = 0.00384264 s^2, std = 0.0619891 s
	min   = 0.843505 s
	max   = 0.974173 s


PrintJobVoxelizer: finalizing surfaces
PrintJobVoxelizer: 197063 surface voxels
PrintJobVoxelizer: getting output subset
PrintJobVoxelizer: updating slice indices
TonalValueCalculator:  runs 14:37:50
slices [49, 99):
	channel 0: occupancy (dense)
	channel 1: opticalFeature (sparse)

SurfaceDistanceOrderedTransfer:  runs 14:37:50
slices [23, 99):
	channel 0: occupancy (dense)
	channel 1: surfaceDist (dense)

SurfaceDistanceOrderedTransfer: 23 49 73
LayerExtractor:  runs 14:37:51
slices [21, 73):
	channel 0: occupancy (dense)
	channel 1: surfaceDist (dense)
	channel 2: layer_000 (sparse)
	channel 3: layer_001 (sparse)
	channel 4: layer_002 (sparse)
	channel 5: layer_003 (sparse)
	channel 6: layer_004 (sparse)
	channel 7: layer_005 (sparse)
	channel 8: layer_006 (sparse)
	channel 9: layer_007 (sparse)

TonalLinearizer:  runs 14:37:52
slices [22, 72):
	channel 0: occupancy (dense)
	channel 1: surfaceDist (dense)
	channel 2: layer_000 (sparse)
	channel 3: layer_001 (sparse)
	channel 4: layer_002 (sparse)
	channel 5: layer_003 (sparse)
	channel 6: layer_004 (sparse)
	channel 7: layer_005 (sparse)
	channel 8: layer_006 (sparse)
	channel 9: layer_007 (sparse)

VectorLayerHalftoner: VectorLayerHalftoner error: no tonal values available

VectorLayerHalftoner:  runs 14:37:52
slices [10, 72):
	channel 0: occupancy (dense)
	channel 1: surfaceDist (dense)
	channel 2: layer_000 (sparse)
	channel 3: layer_001 (sparse)
	channel 4: layer_002 (sparse)
	channel 5: layer_003 (sparse)
	channel 6: layer_004 (sparse)
	channel 7: layer_005 (sparse)
	channel 8: layer_006 (sparse)
	channel 9: layer_007 (sparse)
	channel 10: intermedTonal_0 (sparse)
	channel 11: intermedTonal_1 (sparse)
	channel 12: intermedTonal_2 (sparse)
	channel 13: intermedTonal_3 (sparse)
	channel 14: intermedTonal_4 (sparse)
	channel 15: intermedTonal_5 (sparse)
	channel 16: intermedTonal_6 (sparse)
	channel 17: intermedTonal_7 (sparse)
	channel 18: quantizedTonal (sparse)
	channel 19: errorDiffInfo2 (sparse)
	channel 20: distanceToEmpty (sparse)
	channel 21: errorDiffInfo3 (sparse)
	channel 22: errorDiffInfo4 (sparse)
	channel 23: errorDiffInfo5 (sparse)
	channel 24: errorDiffInfo6 (sparse)
	channel 25: errorDiffInfo7 (sparse)
	channel 26: errorDiffInfo8 (sparse)
	channel 27: errorDiffInfo9 (sparse)

SlaveReporter:  runs 14:37:54
slices [10, 60):
	channel 0: material (dense)
	channel 1: occupancy (dense)

PrintJobVoxelizer:  runs 14:37:54

PrintJobVoxelizer: setting up slices
PrintJobVoxelizer: rasterizing objects
PrintJobVoxelizer: creating rasterizer
PrintJobVoxelizer: rasterizing object 1
PrintJobVoxelizer: rasterizing object 2
Rasterizer::rasterize:
	6 trials
	total = 2.11258 s
	mean  = 0.352096 s
	var   = 0.0854714 s^2, std = 0.292355 s
	min   = 0.127047 s
	max   = 0.819218 s


PrintJobVoxelizer: voxelizing objects
Object 1 ROI: [0 0 0] --> [946 303 50]
GWNSampleFloodVoxelizer: number of samples: 387
GWNSampleFloodVoxelizer: samples evaluated
GWNSampleFloodVoxelizer: adaptive threshold = 0.498039
GWNSampleFloodVoxelizer: flooding complete
Voxelization: solid angle evaluations per voxel: 0.860233

Object 2 ROI: [0 314 0] --> [946 508 50]
GWNSampleFloodVoxelizer: number of samples: 146
GWNSampleFloodVoxelizer: samples evaluated
GWNSampleFloodVoxelizer: adaptive threshold = 0.498039
GWNSampleFloodVoxelizer: flooding complete
Voxelization: solid angle evaluations per voxel: 0.9715

GWNSampleFloodVoxelizer::voxelize:
	6 trials
	total = 7.63954 s
	mean  = 1.27326 s
	var   = 0.025395 s^2, std = 0.159358 s
	min   = 1.09339 s
	max   = 1.48068 s

GWNSampleFloodVoxelizer::initIndicator:
	6 trials
	total = 0.792691 s
	mean  = 0.132115 s
	var   = 3.47357e-005 s^2, std = 0.0058937 s
	min   = 0.123116 s
	max   = 0.140034 s

GWNSampleFloodVoxelizer::selectSamples:
	6 trials
	total = 0.525321 s
	mean  = 0.0875535 s
	var   = 0.00025602 s^2, std = 0.0160006 s
	min   = 0.071142 s
	max   = 0.103106 s

GWNSampleFloodVoxelizer::evaluateSamples:
	6 trials
	total = 0.656256 s
	mean  = 0.109376 s
	var   = 0.0136524 s^2, std = 0.116843 s
	min   = 0.025008 s
	max   = 0.304166 s

GWNSampleFloodVoxelizer::flood:
	6 trials
	total = 5.47743 s
	mean  = 0.912904 s
	var   = 0.00397382 s^2, std = 0.0630383 s
	min   = 0.834477 s
	max   = 0.974173 s


PrintJobVoxelizer: finalizing surfaces
PrintJobVoxelizer: 410834 surface voxels
PrintJobVoxelizer: getting output subset
PrintJobVoxelizer: updating slice indices
TonalValueCalculator:  runs 14:37:58
slices [99, 149):
	channel 0: occupancy (dense)
	channel 1: opticalFeature (sparse)

SurfaceDistanceOrderedTransfer:  runs 14:37:58
slices [73, 149):
	channel 0: occupancy (dense)
	channel 1: surfaceDist (dense)

SurfaceDistanceOrderedTransfer: 73 99 123
LayerExtractor:  runs 14:37:59
slices [71, 123):
	channel 0: occupancy (dense)
	channel 1: surfaceDist (dense)
	channel 2: layer_000 (sparse)
	channel 3: layer_001 (sparse)
	channel 4: layer_002 (sparse)
	channel 5: layer_003 (sparse)
	channel 6: layer_004 (sparse)
	channel 7: layer_005 (sparse)
	channel 8: layer_006 (sparse)
	channel 9: layer_007 (sparse)

TonalLinearizer:  runs 14:38:0
slices [72, 122):
	channel 0: occupancy (dense)
	channel 1: surfaceDist (dense)
	channel 2: layer_000 (sparse)
	channel 3: layer_001 (sparse)
	channel 4: layer_002 (sparse)
	channel 5: layer_003 (sparse)
	channel 6: layer_004 (sparse)
	channel 7: layer_005 (sparse)
	channel 8: layer_006 (sparse)
	channel 9: layer_007 (sparse)

VectorLayerHalftoner: VectorLayerHalftoner error: no tonal values available

VectorLayerHalftoner:  runs 14:38:0
slices [60, 122):
	channel 0: occupancy (dense)
	channel 1: surfaceDist (dense)
	channel 2: layer_000 (sparse)
	channel 3: layer_001 (sparse)
	channel 4: layer_002 (sparse)
	channel 5: layer_003 (sparse)
	channel 6: layer_004 (sparse)
	channel 7: layer_005 (sparse)
	channel 8: layer_006 (sparse)
	channel 9: layer_007 (sparse)
	channel 10: intermedTonal_0 (sparse)
	channel 11: intermedTonal_1 (sparse)
	channel 12: intermedTonal_2 (sparse)
	channel 13: intermedTonal_3 (sparse)
	channel 14: intermedTonal_4 (sparse)
	channel 15: intermedTonal_5 (sparse)
	channel 16: intermedTonal_6 (sparse)
	channel 17: intermedTonal_7 (sparse)
	channel 18: quantizedTonal (sparse)
	channel 19: errorDiffInfo2 (sparse)
	channel 20: distanceToEmpty (sparse)
	channel 21: errorDiffInfo3 (sparse)
	channel 22: errorDiffInfo4 (sparse)
	channel 23: errorDiffInfo5 (sparse)
	channel 24: errorDiffInfo6 (sparse)
	channel 25: errorDiffInfo7 (sparse)
	channel 26: errorDiffInfo8 (sparse)
	channel 27: errorDiffInfo9 (sparse)

SlaveReporter:  runs 14:38:5
slices [60, 110):
	channel 0: material (dense)
	channel 1: occupancy (dense)

PrintJobVoxelizer:  runs 14:38:5

PrintJobVoxelizer: setting up slices
PrintJobVoxelizer: rasterizing objects
PrintJobVoxelizer: creating rasterizer
PrintJobVoxelizer: rasterizing object 1
PrintJobVoxelizer: rasterizing object 2
Rasterizer::rasterize:
	8 trials
	total = 3.14882 s
	mean  = 0.393603 s
	var   = 0.0805431 s^2, std = 0.283801 s
	min   = 0.127047 s
	max   = 0.819218 s


PrintJobVoxelizer: voxelizing objects
Object 1 ROI: [0 0 0] --> [946 303 50]
GWNSampleFloodVoxelizer: number of samples: 252
GWNSampleFloodVoxelizer: samples evaluated
GWNSampleFloodVoxelizer: adaptive threshold = 0.498039
GWNSampleFloodVoxelizer: flooding complete
Voxelization: solid angle evaluations per voxel: 0.525832

Object 2 ROI: [0 314 0] --> [946 508 50]
GWNSampleFloodVoxelizer: number of samples: 205
GWNSampleFloodVoxelizer: samples evaluated
GWNSampleFloodVoxelizer: adaptive threshold = 0.498039
GWNSampleFloodVoxelizer: flooding complete
Voxelization: solid angle evaluations per voxel: 0.682062

GWNSampleFloodVoxelizer::voxelize:
	8 trials
	total = 10.0656 s
	mean  = 1.2582 s
	var   = 0.0321815 s^2, std = 0.179392 s
	min   = 0.997563 s
	max   = 1.48068 s

GWNSampleFloodVoxelizer::initIndicator:
	8 trials
	total = 1.04231 s
	mean  = 0.130289 s
	var   = 0.000102325 s^2, std = 0.0101156 s
	min   = 0.109602 s
	max   = 0.140034 s

GWNSampleFloodVoxelizer::selectSamples:
	8 trials
	total = 0.696363 s
	mean  = 0.0870454 s
	var   = 0.000221562 s^2, std = 0.014885 s
	min   = 0.071142 s
	max   = 0.103106 s

GWNSampleFloodVoxelizer::evaluateSamples:
	8 trials
	total = 0.894316 s
	mean  = 0.111789 s
	var   = 0.0112536 s^2, std = 0.106083 s
	min   = 0.025008 s
	max   = 0.304166 s

GWNSampleFloodVoxelizer::flood:
	8 trials
	total = 7.18048 s
	mean  = 0.89756 s
	var   = 0.00734107 s^2, std = 0.08568 s
	min   = 0.737801 s
	max   = 0.974173 s


PrintJobVoxelizer: finalizing surfaces
PrintJobVoxelizer: 665873 surface voxels
PrintJobVoxelizer: getting output subset
PrintJobVoxelizer: updating slice indices
TonalValueCalculator:  runs 14:38:8
slices [149, 199):
	channel 0: occupancy (dense)
	channel 1: opticalFeature (sparse)

SurfaceDistanceOrderedTransfer:  runs 14:38:8
slices [123, 199):
	channel 0: occupancy (dense)
	channel 1: surfaceDist (dense)

SurfaceDistanceOrderedTransfer: 123 149 173
LayerExtractor:  runs 14:38:10
slices [121, 173):
	channel 0: occupancy (dense)
	channel 1: surfaceDist (dense)
	channel 2: layer_000 (sparse)
	channel 3: layer_001 (sparse)
	channel 4: layer_002 (sparse)
	channel 5: layer_003 (sparse)
	channel 6: layer_004 (sparse)
	channel 7: layer_005 (sparse)
	channel 8: layer_006 (sparse)
	channel 9: layer_007 (sparse)

TonalLinearizer:  runs 14:38:11
slices [122, 172):
	channel 0: occupancy (dense)
	channel 1: surfaceDist (dense)
	channel 2: layer_000 (sparse)
	channel 3: layer_001 (sparse)
	channel 4: layer_002 (sparse)
	channel 5: layer_003 (sparse)
	channel 6: layer_004 (sparse)
	channel 7: layer_005 (sparse)
	channel 8: layer_006 (sparse)
	channel 9: layer_007 (sparse)

VectorLayerHalftoner: VectorLayerHalftoner error: no tonal values available

VectorLayerHalftoner:  runs 14:38:11
slices [110, 172):
	channel 0: occupancy (dense)
	channel 1: surfaceDist (dense)
	channel 2: layer_000 (sparse)
	channel 3: layer_001 (sparse)
	channel 4: layer_002 (sparse)
	channel 5: layer_003 (sparse)
	channel 6: layer_004 (sparse)
	channel 7: layer_005 (sparse)
	channel 8: layer_006 (sparse)
	channel 9: layer_007 (sparse)
	channel 10: intermedTonal_0 (sparse)
	channel 11: intermedTonal_1 (sparse)
	channel 12: intermedTonal_2 (sparse)
	channel 13: intermedTonal_3 (sparse)
	channel 14: intermedTonal_4 (sparse)
	channel 15: intermedTonal_5 (sparse)
	channel 16: intermedTonal_6 (sparse)
	channel 17: intermedTonal_7 (sparse)
	channel 18: quantizedTonal (sparse)
	channel 19: errorDiffInfo2 (sparse)
	channel 20: distanceToEmpty (sparse)
	channel 21: errorDiffInfo3 (sparse)
	channel 22: errorDiffInfo4 (sparse)
	channel 23: errorDiffInfo5 (sparse)
	channel 24: errorDiffInfo6 (sparse)
	channel 25: errorDiffInfo7 (sparse)
	channel 26: errorDiffInfo8 (sparse)
	channel 27: errorDiffInfo9 (sparse)

SlaveReporter:  runs 14:38:16
slices [110, 160):
	channel 0: material (dense)
	channel 1: occupancy (dense)

PrintJobVoxelizer:  runs 14:38:16

PrintJobVoxelizer: setting up slices
PrintJobVoxelizer: rasterizing objects
PrintJobVoxelizer: creating rasterizer
PrintJobVoxelizer: rasterizing object 1
PrintJobVoxelizer: rasterizing object 2
Rasterizer::rasterize:
	10 trials
	total = 4.20371 s
	mean  = 0.420371 s
	var   = 0.0714281 s^2, std = 0.26726 s
	min   = 0.127047 s
	max   = 0.819218 s


PrintJobVoxelizer: voxelizing objects
Object 1 ROI: [0 0 0] --> [946 303 50]
GWNSampleFloodVoxelizer: number of samples: 247
GWNSampleFloodVoxelizer: samples evaluated
GWNSampleFloodVoxelizer: adaptive threshold = 0.498039
GWNSampleFloodVoxelizer: flooding complete
Voxelization: solid angle evaluations per voxel: 0.458462

Object 2 ROI: [0 314 0] --> [946 508 50]
GWNSampleFloodVoxelizer: number of samples: 249
GWNSampleFloodVoxelizer: samples evaluated
GWNSampleFloodVoxelizer: adaptive threshold = 0.498039
GWNSampleFloodVoxelizer: flooding complete
Voxelization: solid angle evaluations per voxel: 0.648225

GWNSampleFloodVoxelizer::voxelize:
	10 trials
	total = 12.373 s
	mean  = 1.2373 s
	var   = 0.0394578 s^2, std = 0.19864 s
	min   = 0.916663 s
	max   = 1.48068 s

GWNSampleFloodVoxelizer::initIndicator:
	10 trials
	total = 1.28251 s
	mean  = 0.128251 s
	var   = 0.000129688 s^2, std = 0.011388 s
	min   = 0.108166 s
	max   = 0.140034 s

GWNSampleFloodVoxelizer::selectSamples:
	10 trials
	total = 0.874117 s
	mean  = 0.0874117 s
	var   = 0.000205722 s^2, std = 0.014343 s
	min   = 0.071142 s
	max   = 0.103106 s

GWNSampleFloodVoxelizer::evaluateSamples:
	10 trials
	total = 1.11594 s
	mean  = 0.111594 s
	var   = 0.00935903 s^2, std = 0.0967421 s
	min   = 0.025008 s
	max   = 0.304166 s

GWNSampleFloodVoxelizer::flood:
	10 trials
	total = 8.7855 s
	mean  = 0.87855 s
	var   = 0.0128776 s^2, std = 0.11348 s
	min   = 0.644308 s
	max   = 0.974173 s


PrintJobVoxelizer: finalizing surfaces
PrintJobVoxelizer: 958793 surface voxels
PrintJobVoxelizer: getting output subset
PrintJobVoxelizer: updating slice indices
TonalValueCalculator:  runs 14:38:20
slices [199, 249):
	channel 0: occupancy (dense)
	channel 1: opticalFeature (sparse)

SurfaceDistanceOrderedTransfer:  runs 14:38:20
slices [173, 249):
	channel 0: occupancy (dense)
	channel 1: surfaceDist (dense)

SurfaceDistanceOrderedTransfer: 173 199 223
LayerExtractor:  runs 14:38:22
slices [171, 223):
	channel 0: occupancy (dense)
	channel 1: surfaceDist (dense)
	channel 2: layer_000 (sparse)
	channel 3: layer_001 (sparse)
	channel 4: layer_002 (sparse)
	channel 5: layer_003 (sparse)
	channel 6: layer_004 (sparse)
	channel 7: layer_005 (sparse)
	channel 8: layer_006 (sparse)
	channel 9: layer_007 (sparse)

TonalLinearizer:  runs 14:38:23
slices [172, 222):
	channel 0: occupancy (dense)
	channel 1: surfaceDist (dense)
	channel 2: layer_000 (sparse)
	channel 3: layer_001 (sparse)
	channel 4: layer_002 (sparse)
	channel 5: layer_003 (sparse)
	channel 6: layer_004 (sparse)
	channel 7: layer_005 (sparse)
	channel 8: layer_006 (sparse)
	channel 9: layer_007 (sparse)

VectorLayerHalftoner: VectorLayerHalftoner error: no tonal values available

VectorLayerHalftoner:  runs 14:38:23
slices [160, 222):
	channel 0: occupancy (dense)
	channel 1: surfaceDist (dense)
	channel 2: layer_000 (sparse)
	channel 3: layer_001 (sparse)
	channel 4: layer_002 (sparse)
	channel 5: layer_003 (sparse)
	channel 6: layer_004 (sparse)
	channel 7: layer_005 (sparse)
	channel 8: layer_006 (sparse)
	channel 9: layer_007 (sparse)
	channel 10: intermedTonal_0 (sparse)
	channel 11: intermedTonal_1 (sparse)
	channel 12: intermedTonal_2 (sparse)
	channel 13: intermedTonal_3 (sparse)
	channel 14: intermedTonal_4 (sparse)
	channel 15: intermedTonal_5 (sparse)
	channel 16: intermedTonal_6 (sparse)
	channel 17: intermedTonal_7 (sparse)
	channel 18: quantizedTonal (sparse)
	channel 19: errorDiffInfo2 (sparse)
	channel 20: distanceToEmpty (sparse)
	channel 21: errorDiffInfo3 (sparse)
	channel 22: errorDiffInfo4 (sparse)
	channel 23: errorDiffInfo5 (sparse)
	channel 24: errorDiffInfo6 (sparse)
	channel 25: errorDiffInfo7 (sparse)
	channel 26: errorDiffInfo8 (sparse)
	channel 27: errorDiffInfo9 (sparse)

SlaveReporter:  runs 14:38:30
slices [160, 210):
	channel 0: material (dense)
	channel 1: occupancy (dense)

PrintJobVoxelizer:  runs 14:38:30

PrintJobVoxelizer: setting up slices
PrintJobVoxelizer: rasterizing objects
PrintJobVoxelizer: creating rasterizer
PrintJobVoxelizer: rasterizing object 1
PrintJobVoxelizer: rasterizing object 2
Rasterizer::rasterize:
	12 trials
	total = 5.20794 s
	mean  = 0.433995 s
	var   = 0.063547 s^2, std = 0.252085 s
	min   = 0.127047 s
	max   = 0.819218 s


PrintJobVoxelizer: voxelizing objects
Object 1 ROI: [0 0 0] --> [946 303 50]
GWNSampleFloodVoxelizer: number of samples: 215
GWNSampleFloodVoxelizer: samples evaluated
GWNSampleFloodVoxelizer: adaptive threshold = 0.498039
GWNSampleFloodVoxelizer: flooding complete
Voxelization: solid angle evaluations per voxel: 0.360033

Object 2 ROI: [0 314 0] --> [946 508 50]
GWNSampleFloodVoxelizer: number of samples: 174
GWNSampleFloodVoxelizer: samples evaluated
GWNSampleFloodVoxelizer: adaptive threshold = 0.498039
GWNSampleFloodVoxelizer: flooding complete
Voxelization: solid angle evaluations per voxel: 0.492638

GWNSampleFloodVoxelizer::voxelize:
	12 trials
	total = 14.6279 s
	mean  = 1.21899 s
	var   = 0.0439878 s^2, std = 0.209733 s
	min   = 0.89438 s
	max   = 1.48068 s

GWNSampleFloodVoxelizer::initIndicator:
	12 trials
	total = 1.51456 s
	mean  = 0.126214 s
	var   = 0.00018132 s^2, std = 0.0134655 s
	min   = 0.099023 s
	max   = 0.140034 s

GWNSampleFloodVoxelizer::selectSamples:
	12 trials
	total = 1.04916 s
	mean  = 0.0874301 s
	var   = 0.000201471 s^2, std = 0.0141941 s
	min   = 0.071142 s
	max   = 0.103106 s

GWNSampleFloodVoxelizer::evaluateSamples:
	12 trials
	total = 1.29298 s
	mean  = 0.107748 s
	var   = 0.00814845 s^2, std = 0.0902688 s
	min   = 0.025008 s
	max   = 0.304166 s

GWNSampleFloodVoxelizer::flood:
	12 trials
	total = 10.3915 s
	mean  = 0.865957 s
	var   = 0.0155619 s^2, std = 0.124747 s
	min   = 0.644308 s
	max   = 0.974173 s


PrintJobVoxelizer: finalizing surfaces
PrintJobVoxelizer: 1236128 surface voxels
PrintJobVoxelizer: getting output subset
PrintJobVoxelizer: updating slice indices
TonalValueCalculator:  runs 14:38:33
slices [249, 299):
	channel 0: occupancy (dense)
	channel 1: opticalFeature (sparse)

SurfaceDistanceOrderedTransfer:  runs 14:38:34
slices [223, 299):
	channel 0: occupancy (dense)
	channel 1: surfaceDist (dense)

SurfaceDistanceOrderedTransfer: 223 249 273
LayerExtractor:  runs 14:38:35
slices [221, 273):
	channel 0: occupancy (dense)
	channel 1: surfaceDist (dense)
	channel 2: layer_000 (sparse)
	channel 3: layer_001 (sparse)
	channel 4: layer_002 (sparse)
	channel 5: layer_003 (sparse)
	channel 6: layer_004 (sparse)
	channel 7: layer_005 (sparse)
	channel 8: layer_006 (sparse)
	channel 9: layer_007 (sparse)

TonalLinearizer:  runs 14:38:36
slices [222, 272):
	channel 0: occupancy (dense)
	channel 1: surfaceDist (dense)
	channel 2: layer_000 (sparse)
	channel 3: layer_001 (sparse)
	channel 4: layer_002 (sparse)
	channel 5: layer_003 (sparse)
	channel 6: layer_004 (sparse)
	channel 7: layer_005 (sparse)
	channel 8: layer_006 (sparse)
	channel 9: layer_007 (sparse)

VectorLayerHalftoner: VectorLayerHalftoner error: no tonal values available

VectorLayerHalftoner:  runs 14:38:36
slices [210, 272):
	channel 0: occupancy (dense)
	channel 1: surfaceDist (dense)
	channel 2: layer_000 (sparse)
	channel 3: layer_001 (sparse)
	channel 4: layer_002 (sparse)
	channel 5: layer_003 (sparse)
	channel 6: layer_004 (sparse)
	channel 7: layer_005 (sparse)
	channel 8: layer_006 (sparse)
	channel 9: layer_007 (sparse)
	channel 10: intermedTonal_0 (sparse)
	channel 11: intermedTonal_1 (sparse)
	channel 12: intermedTonal_2 (sparse)
	channel 13: intermedTonal_3 (sparse)
	channel 14: intermedTonal_4 (sparse)
	channel 15: intermedTonal_5 (sparse)
	channel 16: intermedTonal_6 (sparse)
	channel 17: intermedTonal_7 (sparse)
	channel 18: quantizedTonal (sparse)
	channel 19: errorDiffInfo2 (sparse)
	channel 20: distanceToEmpty (sparse)
	channel 21: errorDiffInfo3 (sparse)
	channel 22: errorDiffInfo4 (sparse)
	channel 23: errorDiffInfo5 (sparse)
	channel 24: errorDiffInfo6 (sparse)
	channel 25: errorDiffInfo7 (sparse)
	channel 26: errorDiffInfo8 (sparse)
	channel 27: errorDiffInfo9 (sparse)

SlaveReporter:  runs 14:38:44
slices [210, 260):
	channel 0: material (dense)
	channel 1: occupancy (dense)

PrintJobVoxelizer:  runs 14:38:44

PrintJobVoxelizer: setting up slices
PrintJobVoxelizer: rasterizing objects
PrintJobVoxelizer: creating rasterizer
PrintJobVoxelizer: rasterizing object 1
PrintJobVoxelizer: rasterizing object 2
Rasterizer::rasterize:
	14 trials
	total = 6.23119 s
	mean  = 0.445085 s
	var   = 0.058098 s^2, std = 0.241035 s
	min   = 0.127047 s
	max   = 0.819218 s


PrintJobVoxelizer: voxelizing objects
Object 1 ROI: [0 0 0] --> [946 303 50]
GWNSampleFloodVoxelizer: number of samples: 212
GWNSampleFloodVoxelizer: samples evaluated
GWNSampleFloodVoxelizer: adaptive threshold = 0.498039
GWNSampleFloodVoxelizer: flooding complete
Voxelization: solid angle evaluations per voxel: 0.342256

Object 2 ROI: [0 314 0] --> [946 508 50]
GWNSampleFloodVoxelizer: number of samples: 165
GWNSampleFloodVoxelizer: samples evaluated
GWNSampleFloodVoxelizer: adaptive threshold = 0.498039
GWNSampleFloodVoxelizer: flooding complete
Voxelization: solid angle evaluations per voxel: 0.468002

GWNSampleFloodVoxelizer::voxelize:
	14 trials
	total = 16.8766 s
	mean  = 1.20547 s
	var   = 0.0448453 s^2, std = 0.211767 s
	min   = 0.89438 s
	max   = 1.48068 s

GWNSampleFloodVoxelizer::initIndicator:
	14 trials
	total = 1.74625 s
	mean  = 0.124732 s
	var   = 0.00020793 s^2, std = 0.0144198 s
	min   = 0.099023 s
	max   = 0.140034 s

GWNSampleFloodVoxelizer::selectSamples:
	14 trials
	total = 1.2233 s
	mean  = 0.0873784 s
	var   = 0.00020046 s^2, std = 0.0141584 s
	min   = 0.071142 s
	max   = 0.103106 s

GWNSampleFloodVoxelizer::evaluateSamples:
	14 trials
	total = 1.47157 s
	mean  = 0.105112 s
	var   = 0.00733578 s^2, std = 0.0856492 s
	min   = 0.025008 s
	max   = 0.304166 s

GWNSampleFloodVoxelizer::flood:
	14 trials
	total = 11.9936 s
	mean  = 0.856689 s
	var   = 0.0159768 s^2, std = 0.126399 s
	min   = 0.644308 s
	max   = 0.974173 s


PrintJobVoxelizer: finalizing surfaces
PrintJobVoxelizer: 1518831 surface voxels
PrintJobVoxelizer: getting output subset
PrintJobVoxelizer: updating slice indices
TonalValueCalculator:  runs 14:38:47
slices [299, 349):
	channel 0: occupancy (dense)
	channel 1: opticalFeature (sparse)

SurfaceDistanceOrderedTransfer:  runs 14:38:47
slices [273, 349):
	channel 0: occupancy (dense)
	channel 1: surfaceDist (dense)

SurfaceDistanceOrderedTransfer: 273 299 323
LayerExtractor:  runs 14:38:49
slices [271, 323):
	channel 0: occupancy (dense)
	channel 1: surfaceDist (dense)
	channel 2: layer_000 (sparse)
	channel 3: layer_001 (sparse)
	channel 4: layer_002 (sparse)
	channel 5: layer_003 (sparse)
	channel 6: layer_004 (sparse)
	channel 7: layer_005 (sparse)
	channel 8: layer_006 (sparse)
	channel 9: layer_007 (sparse)

TonalLinearizer:  runs 14:38:50
slices [272, 322):
	channel 0: occupancy (dense)
	channel 1: surfaceDist (dense)
	channel 2: layer_000 (sparse)
	channel 3: layer_001 (sparse)
	channel 4: layer_002 (sparse)
	channel 5: layer_003 (sparse)
	channel 6: layer_004 (sparse)
	channel 7: layer_005 (sparse)
	channel 8: layer_006 (sparse)
	channel 9: layer_007 (sparse)

VectorLayerHalftoner: VectorLayerHalftoner error: no tonal values available

VectorLayerHalftoner:  runs 14:38:50
slices [260, 322):
	channel 0: occupancy (dense)
	channel 1: surfaceDist (dense)
	channel 2: layer_000 (sparse)
	channel 3: layer_001 (sparse)
	channel 4: layer_002 (sparse)
	channel 5: layer_003 (sparse)
	channel 6: layer_004 (sparse)
	channel 7: layer_005 (sparse)
	channel 8: layer_006 (sparse)
	channel 9: layer_007 (sparse)
	channel 10: intermedTonal_0 (sparse)
	channel 11: intermedTonal_1 (sparse)
	channel 12: intermedTonal_2 (sparse)
	channel 13: intermedTonal_3 (sparse)
	channel 14: intermedTonal_4 (sparse)
	channel 15: intermedTonal_5 (sparse)
	channel 16: intermedTonal_6 (sparse)
	channel 17: intermedTonal_7 (sparse)
	channel 18: quantizedTonal (sparse)
	channel 19: errorDiffInfo2 (sparse)
	channel 20: distanceToEmpty (sparse)
	channel 21: errorDiffInfo3 (sparse)
	channel 22: errorDiffInfo4 (sparse)
	channel 23: errorDiffInfo5 (sparse)
	channel 24: errorDiffInfo6 (sparse)
	channel 25: errorDiffInfo7 (sparse)
	channel 26: errorDiffInfo8 (sparse)
	channel 27: errorDiffInfo9 (sparse)

SlaveReporter:  runs 14:38:58
slices [260, 310):
	channel 0: material (dense)
	channel 1: occupancy (dense)

PrintJobVoxelizer:  runs 14:38:58

PrintJobVoxelizer: setting up slices
PrintJobVoxelizer: rasterizing objects
PrintJobVoxelizer: creating rasterizer
PrintJobVoxelizer: rasterizing object 1
PrintJobVoxelizer: rasterizing object 2
Rasterizer::rasterize:
	16 trials
	total = 7.23473 s
	mean  = 0.45217 s
	var   = 0.0530031 s^2, std = 0.230224 s
	min   = 0.127047 s
	max   = 0.819218 s


PrintJobVoxelizer: voxelizing objects
Object 1 ROI: [0 0 0] --> [946 303 50]
GWNSampleFloodVoxelizer: number of samples: 184
GWNSampleFloodVoxelizer: samples evaluated
GWNSampleFloodVoxelizer: adaptive threshold = 0.498039
GWNSampleFloodVoxelizer: flooding complete
Voxelization: solid angle evaluations per voxel: 0.31465

Object 2 ROI: [0 314 0] --> [946 508 50]
GWNSampleFloodVoxelizer: number of samples: 261
GWNSampleFloodVoxelizer: samples evaluated
GWNSampleFloodVoxelizer: adaptive threshold = 0.498039
GWNSampleFloodVoxelizer: flooding complete
Voxelization: solid angle evaluations per voxel: 0.513558

GWNSampleFloodVoxelizer::voxelize:
	16 trials
	total = 19.0481 s
	mean  = 1.19051 s
	var   = 0.0480076 s^2, std = 0.219106 s
	min   = 0.849054 s
	max   = 1.48068 s

GWNSampleFloodVoxelizer::initIndicator:
	16 trials
	total = 1.98235 s
	mean  = 0.123897 s
	var   = 0.000233409 s^2, std = 0.0152777 s
	min   = 0.099023 s
	max   = 0.140034 s

GWNSampleFloodVoxelizer::selectSamples:
	16 trials
	total = 1.4004 s
	mean  = 0.0875248 s
	var   = 0.00018852 s^2, std = 0.0137303 s
	min   = 0.071142 s
	max   = 0.103106 s

GWNSampleFloodVoxelizer::evaluateSamples:
	16 trials
	total = 1.65562 s
	mean  = 0.103477 s
	var   = 0.00651428 s^2, std = 0.0807111 s
	min   = 0.025008 s
	max   = 0.304166 s

GWNSampleFloodVoxelizer::flood:
	16 trials
	total = 13.5054 s
	mean  = 0.844085 s
	var   = 0.0189887 s^2, std = 0.1378 s
	min   = 0.583609 s
	max   = 0.974173 s


PrintJobVoxelizer: finalizing surfaces
PrintJobVoxelizer: 1804501 surface voxels
PrintJobVoxelizer: getting output subset
PrintJobVoxelizer: updating slice indices
TonalValueCalculator:  runs 14:39:1
slices [349, 399):
	channel 0: occupancy (dense)
	channel 1: opticalFeature (sparse)

SurfaceDistanceOrderedTransfer:  runs 14:39:1
slices [323, 399):
	channel 0: occupancy (dense)
	channel 1: surfaceDist (dense)

SurfaceDistanceOrderedTransfer: 323 349 373
LayerExtractor:  runs 14:39:3
slices [321, 373):
	channel 0: occupancy (dense)
	channel 1: surfaceDist (dense)
	channel 2: layer_000 (sparse)
	channel 3: layer_001 (sparse)
	channel 4: layer_002 (sparse)
	channel 5: layer_003 (sparse)
	channel 6: layer_004 (sparse)
	channel 7: layer_005 (sparse)
	channel 8: layer_006 (sparse)
	channel 9: layer_007 (sparse)

TonalLinearizer:  runs 14:39:4
slices [322, 372):
	channel 0: occupancy (dense)
	channel 1: surfaceDist (dense)
	channel 2: layer_000 (sparse)
	channel 3: layer_001 (sparse)
	channel 4: layer_002 (sparse)
	channel 5: layer_003 (sparse)
	channel 6: layer_004 (sparse)
	channel 7: layer_005 (sparse)
	channel 8: layer_006 (sparse)
	channel 9: layer_007 (sparse)

VectorLayerHalftoner: VectorLayerHalftoner error: no tonal values available

VectorLayerHalftoner:  runs 14:39:4
slices [310, 372):
	channel 0: occupancy (dense)
	channel 1: surfaceDist (dense)
	channel 2: layer_000 (sparse)
	channel 3: layer_001 (sparse)
	channel 4: layer_002 (sparse)
	channel 5: layer_003 (sparse)
	channel 6: layer_004 (sparse)
	channel 7: layer_005 (sparse)
	channel 8: layer_006 (sparse)
	channel 9: layer_007 (sparse)
	channel 10: intermedTonal_0 (sparse)
	channel 11: intermedTonal_1 (sparse)
	channel 12: intermedTonal_2 (sparse)
	channel 13: intermedTonal_3 (sparse)
	channel 14: intermedTonal_4 (sparse)
	channel 15: intermedTonal_5 (sparse)
	channel 16: intermedTonal_6 (sparse)
	channel 17: intermedTonal_7 (sparse)
	channel 18: quantizedTonal (sparse)
	channel 19: errorDiffInfo2 (sparse)
	channel 20: distanceToEmpty (sparse)
	channel 21: errorDiffInfo3 (sparse)
	channel 22: errorDiffInfo4 (sparse)
	channel 23: errorDiffInfo5 (sparse)
	channel 24: errorDiffInfo6 (sparse)
	channel 25: errorDiffInfo7 (sparse)
	channel 26: errorDiffInfo8 (sparse)
	channel 27: errorDiffInfo9 (sparse)

SlaveReporter:  runs 14:39:12
slices [310, 360):
	channel 0: material (dense)
	channel 1: occupancy (dense)

PrintJobVoxelizer:  runs 14:39:12

PrintJobVoxelizer: setting up slices
PrintJobVoxelizer: rasterizing objects
PrintJobVoxelizer: creating rasterizer
PrintJobVoxelizer: rasterizing object 1
PrintJobVoxelizer: rasterizing object 2
Rasterizer::rasterize:
	18 trials
	total = 8.19843 s
	mean  = 0.455468 s
	var   = 0.0504722 s^2, std = 0.22466 s
	min   = 0.127047 s
	max   = 0.819218 s


PrintJobVoxelizer: voxelizing objects
Object 1 ROI: [0 0 0] --> [946 303 50]
GWNSampleFloodVoxelizer: number of samples: 166
GWNSampleFloodVoxelizer: samples evaluated
GWNSampleFloodVoxelizer: adaptive threshold = 0.498039
GWNSampleFloodVoxelizer: flooding complete
Voxelization: solid angle evaluations per voxel: 0.307812

Object 2 ROI: [0 314 0] --> [946 508 50]
GWNSampleFloodVoxelizer: number of samples: 206
GWNSampleFloodVoxelizer: samples evaluated
GWNSampleFloodVoxelizer: adaptive threshold = 0.498039
GWNSampleFloodVoxelizer: flooding complete
Voxelization: solid angle evaluations per voxel: 0.464804

GWNSampleFloodVoxelizer::voxelize:
	18 trials
	total = 21.2925 s
	mean  = 1.18291 s
	var   = 0.0496709 s^2, std = 0.22287 s
	min   = 0.849054 s
	max   = 1.48068 s

GWNSampleFloodVoxelizer::initIndicator:
	18 trials
	total = 2.21454 s
	mean  = 0.12303 s
	var   = 0.000246084 s^2, std = 0.0156871 s
	min   = 0.099023 s
	max   = 0.140034 s

GWNSampleFloodVoxelizer::selectSamples:
	18 trials
	total = 1.57904 s
	mean  = 0.0877244 s
	var   = 0.000182792 s^2, std = 0.0135201 s
	min   = 0.071142 s
	max   = 0.103106 s

GWNSampleFloodVoxelizer::evaluateSamples:
	18 trials
	total = 1.8072 s
	mean  = 0.1004 s
	var   = 0.00592186 s^2, std = 0.0769536 s
	min   = 0.025008 s
	max   = 0.304166 s

GWNSampleFloodVoxelizer::flood:
	18 trials
	total = 15.1239 s
	mean  = 0.840218 s
	var   = 0.0207135 s^2, std = 0.143922 s
	min   = 0.583609 s
	max   = 0.989759 s


PrintJobVoxelizer: finalizing surfaces
PrintJobVoxelizer: 2060743 surface voxels
PrintJobVoxelizer: getting output subset
PrintJobVoxelizer: updating slice indices
TonalValueCalculator:  runs 14:39:15
slices [399, 449):
	channel 0: occupancy (dense)
	channel 1: opticalFeature (sparse)

SurfaceDistanceOrderedTransfer:  runs 14:39:15
slices [373, 449):
	channel 0: occupancy (dense)
	channel 1: surfaceDist (dense)

SurfaceDistanceOrderedTransfer: 373 399 423
LayerExtractor:  runs 14:39:17
slices [371, 423):
	channel 0: occupancy (dense)
	channel 1: surfaceDist (dense)
	channel 2: layer_000 (sparse)
	channel 3: layer_001 (sparse)
	channel 4: layer_002 (sparse)
	channel 5: layer_003 (sparse)
	channel 6: layer_004 (sparse)
	channel 7: layer_005 (sparse)
	channel 8: layer_006 (sparse)
	channel 9: layer_007 (sparse)

TonalLinearizer:  runs 14:39:18
slices [372, 422):
	channel 0: occupancy (dense)
	channel 1: surfaceDist (dense)
	channel 2: layer_000 (sparse)
	channel 3: layer_001 (sparse)
	channel 4: layer_002 (sparse)
	channel 5: layer_003 (sparse)
	channel 6: layer_004 (sparse)
	channel 7: layer_005 (sparse)
	channel 8: layer_006 (sparse)
	channel 9: layer_007 (sparse)

VectorLayerHalftoner: VectorLayerHalftoner error: no tonal values available

VectorLayerHalftoner:  runs 14:39:18
slices [360, 422):
	channel 0: occupancy (dense)
	channel 1: surfaceDist (dense)
	channel 2: layer_000 (sparse)
	channel 3: layer_001 (sparse)
	channel 4: layer_002 (sparse)
	channel 5: layer_003 (sparse)
	channel 6: layer_004 (sparse)
	channel 7: layer_005 (sparse)
	channel 8: layer_006 (sparse)
	channel 9: layer_007 (sparse)
	channel 10: intermedTonal_0 (sparse)
	channel 11: intermedTonal_1 (sparse)
	channel 12: intermedTonal_2 (sparse)
	channel 13: intermedTonal_3 (sparse)
	channel 14: intermedTonal_4 (sparse)
	channel 15: intermedTonal_5 (sparse)
	channel 16: intermedTonal_6 (sparse)
	channel 17: intermedTonal_7 (sparse)
	channel 18: quantizedTonal (sparse)
	channel 19: errorDiffInfo2 (sparse)
	channel 20: distanceToEmpty (sparse)
	channel 21: errorDiffInfo3 (sparse)
	channel 22: errorDiffInfo4 (sparse)
	channel 23: errorDiffInfo5 (sparse)
	channel 24: errorDiffInfo6 (sparse)
	channel 25: errorDiffInfo7 (sparse)
	channel 26: errorDiffInfo8 (sparse)
	channel 27: errorDiffInfo9 (sparse)

SlaveReporter:  runs 14:39:26
slices [360, 410):
	channel 0: material (dense)
	channel 1: occupancy (dense)

PrintJobVoxelizer:  runs 14:39:26

PrintJobVoxelizer: setting up slices
PrintJobVoxelizer: rasterizing objects
PrintJobVoxelizer: creating rasterizer
PrintJobVoxelizer: rasterizing object 1
PrintJobVoxelizer: rasterizing object 2
Rasterizer::rasterize:
	20 trials
	total = 9.01062 s
	mean  = 0.450531 s
	var   = 0.0507695 s^2, std = 0.225321 s
	min   = 0.127047 s
	max   = 0.819218 s


PrintJobVoxelizer: voxelizing objects
Object 1 ROI: [0 0 0] --> [946 303 50]
GWNSampleFloodVoxelizer: number of samples: 187
GWNSampleFloodVoxelizer: samples evaluated
GWNSampleFloodVoxelizer: adaptive threshold = 0.498039
GWNSampleFloodVoxelizer: flooding complete
Voxelization: solid angle evaluations per voxel: 0.314036

Object 2 ROI: [0 314 0] --> [946 508 50]
GWNSampleFloodVoxelizer: number of samples: 165
GWNSampleFloodVoxelizer: samples evaluated
GWNSampleFloodVoxelizer: adaptive threshold = 0.498039
GWNSampleFloodVoxelizer: flooding complete
Voxelization: solid angle evaluations per voxel: 0.439782

GWNSampleFloodVoxelizer::voxelize:
	20 trials
	total = 23.5477 s
	mean  = 1.17739 s
	var   = 0.0522232 s^2, std = 0.228524 s
	min   = 0.849054 s
	max   = 1.48068 s

GWNSampleFloodVoxelizer::initIndicator:
	20 trials
	total = 2.46223 s
	mean  = 0.123111 s
	var   = 0.000263138 s^2, std = 0.0162215 s
	min   = 0.099023 s
	max   = 0.144031 s

GWNSampleFloodVoxelizer::selectSamples:
	20 trials
	total = 1.75318 s
	mean  = 0.0876591 s
	var   = 0.000176222 s^2, std = 0.0132748 s
	min   = 0.071142 s
	max   = 0.103106 s

GWNSampleFloodVoxelizer::evaluateSamples:
	20 trials
	total = 1.95879 s
	mean  = 0.0979395 s
	var   = 0.00550181 s^2, std = 0.0741742 s
	min   = 0.025008 s
	max   = 0.304166 s

GWNSampleFloodVoxelizer::flood:
	20 trials
	total = 16.7421 s
	mean  = 0.837105 s
	var   = 0.0226336 s^2, std = 0.150445 s
	min   = 0.583609 s
	max   = 1.00423 s


PrintJobVoxelizer: finalizing surfaces
PrintJobVoxelizer: 2256488 surface voxels
PrintJobVoxelizer: getting output subset
PrintJobVoxelizer: updating slice indices
TonalValueCalculator:  runs 14:39:29
slices [449, 499):
	channel 0: occupancy (dense)
	channel 1: opticalFeature (sparse)

SurfaceDistanceOrderedTransfer:  runs 14:39:29
slices [423, 499):
	channel 0: occupancy (dense)
	channel 1: surfaceDist (dense)

SurfaceDistanceOrderedTransfer: 423 449 473
LayerExtractor:  runs 14:39:31
slices [421, 473):
	channel 0: occupancy (dense)
	channel 1: surfaceDist (dense)
	channel 2: layer_000 (sparse)
	channel 3: layer_001 (sparse)
	channel 4: layer_002 (sparse)
	channel 5: layer_003 (sparse)
	channel 6: layer_004 (sparse)
	channel 7: layer_005 (sparse)
	channel 8: layer_006 (sparse)
	channel 9: layer_007 (sparse)

TonalLinearizer:  runs 14:39:32
slices [422, 472):
	channel 0: occupancy (dense)
	channel 1: surfaceDist (dense)
	channel 2: layer_000 (sparse)
	channel 3: layer_001 (sparse)
	channel 4: layer_002 (sparse)
	channel 5: layer_003 (sparse)
	channel 6: layer_004 (sparse)
	channel 7: layer_005 (sparse)
	channel 8: layer_006 (sparse)
	channel 9: layer_007 (sparse)

VectorLayerHalftoner: VectorLayerHalftoner error: no tonal values available

VectorLayerHalftoner:  runs 14:39:32
slices [410, 472):
	channel 0: occupancy (dense)
	channel 1: surfaceDist (dense)
	channel 2: layer_000 (sparse)
	channel 3: layer_001 (sparse)
	channel 4: layer_002 (sparse)
	channel 5: layer_003 (sparse)
	channel 6: layer_004 (sparse)
	channel 7: layer_005 (sparse)
	channel 8: layer_006 (sparse)
	channel 9: layer_007 (sparse)
	channel 10: intermedTonal_0 (sparse)
	channel 11: intermedTonal_1 (sparse)
	channel 12: intermedTonal_2 (sparse)
	channel 13: intermedTonal_3 (sparse)
	channel 14: intermedTonal_4 (sparse)
	channel 15: intermedTonal_5 (sparse)
	channel 16: intermedTonal_6 (sparse)
	channel 17: intermedTonal_7 (sparse)
	channel 18: quantizedTonal (sparse)
	channel 19: errorDiffInfo2 (sparse)
	channel 20: distanceToEmpty (sparse)
	channel 21: errorDiffInfo3 (sparse)
	channel 22: errorDiffInfo4 (sparse)
	channel 23: errorDiffInfo5 (sparse)
	channel 24: errorDiffInfo6 (sparse)
	channel 25: errorDiffInfo7 (sparse)
	channel 26: errorDiffInfo8 (sparse)
	channel 27: errorDiffInfo9 (sparse)

SlaveReporter:  runs 14:39:38
slices [410, 460):
	channel 0: material (dense)
	channel 1: occupancy (dense)

PrintJobVoxelizer:  runs 14:39:38

PrintJobVoxelizer: setting up slices
PrintJobVoxelizer: rasterizing objects
PrintJobVoxelizer: creating rasterizer
PrintJobVoxelizer: rasterizing object 1
PrintJobVoxelizer: rasterizing object 2
Rasterizer::rasterize:
	22 trials
	total = 9.8188 s
	mean  = 0.446309 s
	var   = 0.0519347 s^2, std = 0.227892 s
	min   = 0.127047 s
	max   = 0.819218 s


PrintJobVoxelizer: voxelizing objects
Object 1 ROI: [0 0 0] --> [946 303 50]
GWNSampleFloodVoxelizer: number of samples: 221
GWNSampleFloodVoxelizer: samples evaluated
GWNSampleFloodVoxelizer: adaptive threshold = 0.498039
GWNSampleFloodVoxelizer: flooding complete
Voxelization: solid angle evaluations per voxel: 0.423557

Object 2 ROI: [0 314 0] --> [946 508 50]
GWNSampleFloodVoxelizer: number of samples: 131
GWNSampleFloodVoxelizer: samples evaluated
GWNSampleFloodVoxelizer: adaptive threshold = 0.498039
GWNSampleFloodVoxelizer: flooding complete
Voxelization: solid angle evaluations per voxel: 0.523392

GWNSampleFloodVoxelizer::voxelize:
	22 trials
	total = 25.8317 s
	mean  = 1.17417 s
	var   = 0.0544276 s^2, std = 0.233297 s
	min   = 0.849054 s
	max   = 1.48068 s

GWNSampleFloodVoxelizer::initIndicator:
	22 trials
	total = 2.69684 s
	mean  = 0.122583 s
	var   = 0.000261653 s^2, std = 0.0161757 s
	min   = 0.099023 s
	max   = 0.144031 s

GWNSampleFloodVoxelizer::selectSamples:
	22 trials
	total = 1.92725 s
	mean  = 0.0876024 s
	var   = 0.000175608 s^2, std = 0.0132517 s
	min   = 0.071142 s
	max   = 0.103106 s

GWNSampleFloodVoxelizer::evaluateSamples:
	22 trials
	total = 2.15184 s
	mean  = 0.097811 s
	var   = 0.00538679 s^2, std = 0.0733948 s
	min   = 0.025008 s
	max   = 0.304166 s

GWNSampleFloodVoxelizer::flood:
	22 trials
	total = 18.3629 s
	mean  = 0.834679 s
	var   = 0.0234996 s^2, std = 0.153296 s
	min   = 0.583609 s
	max   = 1.00423 s


PrintJobVoxelizer: finalizing surfaces
PrintJobVoxelizer: 2440432 surface voxels
PrintJobVoxelizer: getting output subset
PrintJobVoxelizer: updating slice indices
TonalValueCalculator:  runs 14:39:41
slices [499, 549):
	channel 0: occupancy (dense)
	channel 1: opticalFeature (sparse)

SurfaceDistanceOrderedTransfer:  runs 14:39:41
slices [473, 549):
	channel 0: occupancy (dense)
	channel 1: surfaceDist (dense)

SurfaceDistanceOrderedTransfer: 473 499 523
LayerExtractor:  runs 14:39:43
slices [471, 523):
	channel 0: occupancy (dense)
	channel 1: surfaceDist (dense)
	channel 2: layer_000 (sparse)
	channel 3: layer_001 (sparse)
	channel 4: layer_002 (sparse)
	channel 5: layer_003 (sparse)
	channel 6: layer_004 (sparse)
	channel 7: layer_005 (sparse)
	channel 8: layer_006 (sparse)
	channel 9: layer_007 (sparse)

TonalLinearizer:  runs 14:39:44
slices [472, 522):
	channel 0: occupancy (dense)
	channel 1: surfaceDist (dense)
	channel 2: layer_000 (sparse)
	channel 3: layer_001 (sparse)
	channel 4: layer_002 (sparse)
	channel 5: layer_003 (sparse)
	channel 6: layer_004 (sparse)
	channel 7: layer_005 (sparse)
	channel 8: layer_006 (sparse)
	channel 9: layer_007 (sparse)

VectorLayerHalftoner: VectorLayerHalftoner error: no tonal values available

VectorLayerHalftoner:  runs 14:39:44
slices [460, 522):
	channel 0: occupancy (dense)
	channel 1: surfaceDist (dense)
	channel 2: layer_000 (sparse)
	channel 3: layer_001 (sparse)
	channel 4: layer_002 (sparse)
	channel 5: layer_003 (sparse)
	channel 6: layer_004 (sparse)
	channel 7: layer_005 (sparse)
	channel 8: layer_006 (sparse)
	channel 9: layer_007 (sparse)
	channel 10: intermedTonal_0 (sparse)
	channel 11: intermedTonal_1 (sparse)
	channel 12: intermedTonal_2 (sparse)
	channel 13: intermedTonal_3 (sparse)
	channel 14: intermedTonal_4 (sparse)
	channel 15: intermedTonal_5 (sparse)
	channel 16: intermedTonal_6 (sparse)
	channel 17: intermedTonal_7 (sparse)
	channel 18: quantizedTonal (sparse)
	channel 19: errorDiffInfo2 (sparse)
	channel 20: distanceToEmpty (sparse)
	channel 21: errorDiffInfo3 (sparse)
	channel 22: errorDiffInfo4 (sparse)
	channel 23: errorDiffInfo5 (sparse)
	channel 24: errorDiffInfo6 (sparse)
	channel 25: errorDiffInfo7 (sparse)
	channel 26: errorDiffInfo8 (sparse)
	channel 27: errorDiffInfo9 (sparse)

SlaveReporter:  runs 14:39:48
slices [460, 510):
	channel 0: material (dense)
	channel 1: occupancy (dense)

PrintJobVoxelizer:  runs 14:39:51

PrintJobVoxelizer: setting up slices
PrintJobVoxelizer: rasterizing objects
PrintJobVoxelizer: creating rasterizer
PrintJobVoxelizer: rasterizing object 1
PrintJobVoxelizer: rasterizing object 2
Rasterizer::rasterize:
	24 trials
	total = 10.64 s
	mean  = 0.443334 s
	var   = 0.0536068 s^2, std = 0.231531 s
	min   = 0.127047 s
	max   = 0.819218 s


PrintJobVoxelizer: voxelizing objects
Object 1 ROI: [0 0 0] --> [946 303 50]
GWNSampleFloodVoxelizer: number of samples: 248
GWNSampleFloodVoxelizer: samples evaluated
GWNSampleFloodVoxelizer: adaptive threshold = 0.498039
GWNSampleFloodVoxelizer: flooding complete
Voxelization: solid angle evaluations per voxel: 0.481218

Object 2 ROI: [0 314 0] --> [946 508 50]
GWNSampleFloodVoxelizer: number of samples: 129
GWNSampleFloodVoxelizer: samples evaluated
GWNSampleFloodVoxelizer: adaptive threshold = 0.498039
GWNSampleFloodVoxelizer: flooding complete
Voxelization: solid angle evaluations per voxel: 0.579529

GWNSampleFloodVoxelizer::voxelize:
	24 trials
	total = 28.1415 s
	mean  = 1.17256 s
	var   = 0.0552628 s^2, std = 0.23508 s
	min   = 0.849054 s
	max   = 1.48068 s

GWNSampleFloodVoxelizer::initIndicator:
	24 trials
	total = 2.93854 s
	mean  = 0.122439 s
	var   = 0.000250014 s^2, std = 0.0158118 s
	min   = 0.099023 s
	max   = 0.144031 s

GWNSampleFloodVoxelizer::selectSamples:
	24 trials
	total = 2.10502 s
	mean  = 0.0877092 s
	var   = 0.000173554 s^2, std = 0.013174 s
	min   = 0.071142 s
	max   = 0.103106 s

GWNSampleFloodVoxelizer::evaluateSamples:
	24 trials
	total = 2.36443 s
	mean  = 0.0985181 s
	var   = 0.00542307 s^2, std = 0.0736415 s
	min   = 0.025008 s
	max   = 0.304166 s

GWNSampleFloodVoxelizer::flood:
	24 trials
	total = 19.9782 s
	mean  = 0.832423 s
	var   = 0.0234739 s^2, std = 0.153212 s
	min   = 0.583609 s
	max   = 1.00423 s


PrintJobVoxelizer: finalizing surfaces
PrintJobVoxelizer: 2616512 surface voxels
PrintJobVoxelizer: getting output subset
PrintJobVoxelizer: updating slice indices
TonalValueCalculator:  runs 14:39:55
slices [549, 599):
	channel 0: occupancy (dense)
	channel 1: opticalFeature (sparse)

SurfaceDistanceOrderedTransfer:  runs 14:39:55
slices [523, 599):
	channel 0: occupancy (dense)
	channel 1: surfaceDist (dense)

SurfaceDistanceOrderedTransfer: 523 549 573
LayerExtractor:  runs 14:39:56
slices [521, 573):
	channel 0: occupancy (dense)
	channel 1: surfaceDist (dense)
	channel 2: layer_000 (sparse)
	channel 3: layer_001 (sparse)
	channel 4: layer_002 (sparse)
	channel 5: layer_003 (sparse)
	channel 6: layer_004 (sparse)
	channel 7: layer_005 (sparse)
	channel 8: layer_006 (sparse)
	channel 9: layer_007 (sparse)

TonalLinearizer:  runs 14:39:57
slices [522, 572):
	channel 0: occupancy (dense)
	channel 1: surfaceDist (dense)
	channel 2: layer_000 (sparse)
	channel 3: layer_001 (sparse)
	channel 4: layer_002 (sparse)
	channel 5: layer_003 (sparse)
	channel 6: layer_004 (sparse)
	channel 7: layer_005 (sparse)
	channel 8: layer_006 (sparse)
	channel 9: layer_007 (sparse)

VectorLayerHalftoner: VectorLayerHalftoner error: no tonal values available

VectorLayerHalftoner:  runs 14:39:57
slices [510, 572):
	channel 0: occupancy (dense)
	channel 1: surfaceDist (dense)
	channel 2: layer_000 (sparse)
	channel 3: layer_001 (sparse)
	channel 4: layer_002 (sparse)
	channel 5: layer_003 (sparse)
	channel 6: layer_004 (sparse)
	channel 7: layer_005 (sparse)
	channel 8: layer_006 (sparse)
	channel 9: layer_007 (sparse)
	channel 10: intermedTonal_0 (sparse)
	channel 11: intermedTonal_1 (sparse)
	channel 12: intermedTonal_2 (sparse)
	channel 13: intermedTonal_3 (sparse)
	channel 14: intermedTonal_4 (sparse)
	channel 15: intermedTonal_5 (sparse)
	channel 16: intermedTonal_6 (sparse)
	channel 17: intermedTonal_7 (sparse)
	channel 18: quantizedTonal (sparse)
	channel 19: errorDiffInfo2 (sparse)
	channel 20: distanceToEmpty (sparse)
	channel 21: errorDiffInfo3 (sparse)
	channel 22: errorDiffInfo4 (sparse)
	channel 23: errorDiffInfo5 (sparse)
	channel 24: errorDiffInfo6 (sparse)
	channel 25: errorDiffInfo7 (sparse)
	channel 26: errorDiffInfo8 (sparse)
	channel 27: errorDiffInfo9 (sparse)

SlaveReporter:  runs 14:40:2
slices [510, 560):
	channel 0: material (dense)
	channel 1: occupancy (dense)

PrintJobVoxelizer:  runs 14:40:7

PrintJobVoxelizer: setting up slices
PrintJobVoxelizer: rasterizing objects
PrintJobVoxelizer: creating rasterizer
PrintJobVoxelizer: rasterizing object 1
PrintJobVoxelizer: rasterizing object 2
Rasterizer::rasterize:
	26 trials
	total = 11.4472 s
	mean  = 0.440277 s
	var   = 0.0584979 s^2, std = 0.241863 s
	min   = 0.067017 s
	max   = 0.819218 s


PrintJobVoxelizer: voxelizing objects
Object 1 ROI: [0 0 0] --> [946 303 50]
GWNSampleFloodVoxelizer: number of samples: 310
GWNSampleFloodVoxelizer: samples evaluated
GWNSampleFloodVoxelizer: adaptive threshold = 0.498039
GWNSampleFloodVoxelizer: flooding complete
Voxelization: solid angle evaluations per voxel: 0.691953

Object 2 ROI: [0 314 0] --> [946 508 5]
GWNSampleFloodVoxelizer: number of samples: 38
GWNSampleFloodVoxelizer: samples evaluated
GWNSampleFloodVoxelizer: adaptive threshold = 0.498039
GWNSampleFloodVoxelizer: flooding complete
Voxelization: solid angle evaluations per voxel: 0.720913

GWNSampleFloodVoxelizer::voxelize:
	26 trials
	total = 30.5597 s
	mean  = 1.17537 s
	var   = 0.0594954 s^2, std = 0.243917 s
	min   = 0.849054 s
	max   = 1.53609 s

GWNSampleFloodVoxelizer::initIndicator:
	26 trials
	total = 3.18464 s
	mean  = 0.122486 s
	var   = 0.000236494 s^2, std = 0.0153784 s
	min   = 0.099023 s
	max   = 0.144031 s

GWNSampleFloodVoxelizer::selectSamples:
	26 trials
	total = 2.21505 s
	mean  = 0.0851942 s
	var   = 0.000400681 s^2, std = 0.020017 s
	min   = 0.010004 s
	max   = 0.103106 s

GWNSampleFloodVoxelizer::evaluateSamples:
	26 trials
	total = 2.66051 s
	mean  = 0.102327 s
	var   = 0.00671675 s^2, std = 0.0819558 s
	min   = 0.009003 s
	max   = 0.304166 s

GWNSampleFloodVoxelizer::flood:
	26 trials
	total = 21.6811 s
	mean  = 0.833889 s
	var   = 0.0230101 s^2, std = 0.151691 s
	min   = 0.583609 s
	max   = 1.00423 s


PrintJobVoxelizer: finalizing surfaces
PrintJobVoxelizer: 2773129 surface voxels
PrintJobVoxelizer: getting output subset
PrintJobVoxelizer: updating slice indices
TonalValueCalculator:  runs 14:40:10
slices [599, 649):
	channel 0: occupancy (dense)
	channel 1: opticalFeature (sparse)

SurfaceDistanceOrderedTransfer:  runs 14:40:10
slices [573, 649):
	channel 0: occupancy (dense)
	channel 1: surfaceDist (dense)

SurfaceDistanceOrderedTransfer: 573 599 623
LayerExtractor:  runs 14:40:12
slices [571, 623):
	channel 0: occupancy (dense)
	channel 1: surfaceDist (dense)
	channel 2: layer_000 (sparse)
	channel 3: layer_001 (sparse)
	channel 4: layer_002 (sparse)
	channel 5: layer_003 (sparse)
	channel 6: layer_004 (sparse)
	channel 7: layer_005 (sparse)
	channel 8: layer_006 (sparse)
	channel 9: layer_007 (sparse)

TonalLinearizer:  runs 14:40:13
slices [572, 622):
	channel 0: occupancy (dense)
	channel 1: surfaceDist (dense)
	channel 2: layer_000 (sparse)
	channel 3: layer_001 (sparse)
	channel 4: layer_002 (sparse)
	channel 5: layer_003 (sparse)
	channel 6: layer_004 (sparse)
	channel 7: layer_005 (sparse)
	channel 8: layer_006 (sparse)
	channel 9: layer_007 (sparse)

VectorLayerHalftoner: VectorLayerHalftoner error: no tonal values available

VectorLayerHalftoner:  runs 14:40:13
slices [560, 622):
	channel 0: occupancy (dense)
	channel 1: surfaceDist (dense)
	channel 2: layer_000 (sparse)
	channel 3: layer_001 (sparse)
	channel 4: layer_002 (sparse)
	channel 5: layer_003 (sparse)
	channel 6: layer_004 (sparse)
	channel 7: layer_005 (sparse)
	channel 8: layer_006 (sparse)
	channel 9: layer_007 (sparse)
	channel 10: intermedTonal_0 (sparse)
	channel 11: intermedTonal_1 (sparse)
	channel 12: intermedTonal_2 (sparse)
	channel 13: intermedTonal_3 (sparse)
	channel 14: intermedTonal_4 (sparse)
	channel 15: intermedTonal_5 (sparse)
	channel 16: intermedTonal_6 (sparse)
	channel 17: intermedTonal_7 (sparse)
	channel 18: quantizedTonal (sparse)
	channel 19: errorDiffInfo2 (sparse)
	channel 20: distanceToEmpty (sparse)
	channel 21: errorDiffInfo3 (sparse)
	channel 22: errorDiffInfo4 (sparse)
	channel 23: errorDiffInfo5 (sparse)
	channel 24: errorDiffInfo6 (sparse)
	channel 25: errorDiffInfo7 (sparse)
	channel 26: errorDiffInfo8 (sparse)
	channel 27: errorDiffInfo9 (sparse)

SlaveReporter:  runs 14:40:17
slices [560, 610):
	channel 0: material (dense)
	channel 1: occupancy (dense)

PrintJobVoxelizer:  runs 14:40:24

PrintJobVoxelizer: setting up slices
PrintJobVoxelizer: rasterizing objects
PrintJobVoxelizer: creating rasterizer
PrintJobVoxelizer: rasterizing object 1
PrintJobVoxelizer: rasterizing object 2
Rasterizer::rasterize:
	28 trials
	total = 12.1034 s
	mean  = 0.432263 s
	var   = 0.0629069 s^2, std = 0.250812 s
	min   = 0.001996 s
	max   = 0.819218 s


PrintJobVoxelizer: voxelizing objects
Object 1 ROI: [0 0 0] --> [946 303 50]
GWNSampleFloodVoxelizer: number of samples: 261
GWNSampleFloodVoxelizer: samples evaluated
GWNSampleFloodVoxelizer: adaptive threshold = 0.498039
GWNSampleFloodVoxelizer: flooding complete
Voxelization: solid angle evaluations per voxel: 0.53679

Object 2 ROI: [0 314 0] --> [946 508 0]
GWNSampleFloodVoxelizer: number of samples: 0
GWNSampleFloodVoxelizer: samples evaluated
GWNSampleFloodVoxelizer: adaptive threshold = 0.498039
GWNSampleFloodVoxelizer: flooding complete
Voxelization: solid angle evaluations per voxel: 0.53679

GWNSampleFloodVoxelizer::voxelize:
	28 trials
	total = 32.166 s
	mean  = 1.14879 s
	var   = 0.0951639 s^2, std = 0.308486 s
	min   = 0.161 s
	max   = 1.53609 s

GWNSampleFloodVoxelizer::initIndicator:
	28 trials
	total = 3.44881 s
	mean  = 0.123172 s
	var   = 0.000225624 s^2, std = 0.0150208 s
	min   = 0.099023 s
	max   = 0.144031 s

GWNSampleFloodVoxelizer::selectSamples:
	28 trials
	total = 2.31702 s
	mean  = 0.0827505 s
	var   = 0.00063556 s^2, std = 0.0252103 s
	min   = 0.001136 s
	max   = 0.103106 s

GWNSampleFloodVoxelizer::evaluateSamples:
	28 trials
	total = 2.85256 s
	mean  = 0.101877 s
	var   = 0.00690495 s^2, std = 0.0830961 s
	min   = 0 s
	max   = 0.304166 s

GWNSampleFloodVoxelizer::flood:
	28 trials
	total = 22.6688 s
	mean  = 0.809601 s
	var   = 0.0473246 s^2, std = 0.217542 s
	min   = 0 s
	max   = 1.00423 s


PrintJobVoxelizer: finalizing surfaces
PrintJobVoxelizer: 2895066 surface voxels
PrintJobVoxelizer: getting output subset
PrintJobVoxelizer: updating slice indices
TonalValueCalculator:  runs 14:40:27
slices [649, 699):
	channel 0: occupancy (dense)
	channel 1: opticalFeature (sparse)

SurfaceDistanceOrderedTransfer:  runs 14:40:27
slices [623, 699):
	channel 0: occupancy (dense)
	channel 1: surfaceDist (dense)

SurfaceDistanceOrderedTransfer: 623 649 673
LayerExtractor:  runs 14:40:28
slices [621, 673):
	channel 0: occupancy (dense)
	channel 1: surfaceDist (dense)
	channel 2: layer_000 (sparse)
	channel 3: layer_001 (sparse)
	channel 4: layer_002 (sparse)
	channel 5: layer_003 (sparse)
	channel 6: layer_004 (sparse)
	channel 7: layer_005 (sparse)
	channel 8: layer_006 (sparse)
	channel 9: layer_007 (sparse)

TonalLinearizer:  runs 14:40:29
slices [622, 672):
	channel 0: occupancy (dense)
	channel 1: surfaceDist (dense)
	channel 2: layer_000 (sparse)
	channel 3: layer_001 (sparse)
	channel 4: layer_002 (sparse)
	channel 5: layer_003 (sparse)
	channel 6: layer_004 (sparse)
	channel 7: layer_005 (sparse)
	channel 8: layer_006 (sparse)
	channel 9: layer_007 (sparse)

VectorLayerHalftoner: VectorLayerHalftoner error: no tonal values available

VectorLayerHalftoner:  runs 14:40:29
slices [610, 672):
	channel 0: occupancy (dense)
	channel 1: surfaceDist (dense)
	channel 2: layer_000 (sparse)
	channel 3: layer_001 (sparse)
	channel 4: layer_002 (sparse)
	channel 5: layer_003 (sparse)
	channel 6: layer_004 (sparse)
	channel 7: layer_005 (sparse)
	channel 8: layer_006 (sparse)
	channel 9: layer_007 (sparse)
	channel 10: intermedTonal_0 (sparse)
	channel 11: intermedTonal_1 (sparse)
	channel 12: intermedTonal_2 (sparse)
	channel 13: intermedTonal_3 (sparse)
	channel 14: intermedTonal_4 (sparse)
	channel 15: intermedTonal_5 (sparse)
	channel 16: intermedTonal_6 (sparse)
	channel 17: intermedTonal_7 (sparse)
	channel 18: quantizedTonal (sparse)
	channel 19: errorDiffInfo2 (sparse)
	channel 20: distanceToEmpty (sparse)
	channel 21: errorDiffInfo3 (sparse)
	channel 22: errorDiffInfo4 (sparse)
	channel 23: errorDiffInfo5 (sparse)
	channel 24: errorDiffInfo6 (sparse)
	channel 25: errorDiffInfo7 (sparse)
	channel 26: errorDiffInfo8 (sparse)
	channel 27: errorDiffInfo9 (sparse)

SlaveReporter:  runs 14:40:33
slices [610, 660):
	channel 0: material (dense)
	channel 1: occupancy (dense)

PrintJobVoxelizer:  runs 14:40:41

PrintJobVoxelizer: setting up slices
PrintJobVoxelizer: rasterizing objects
PrintJobVoxelizer: creating rasterizer
PrintJobVoxelizer: rasterizing object 1
PrintJobVoxelizer: rasterizing object 2
Rasterizer::rasterize:
	30 trials
	total = 12.4334 s
	mean  = 0.414448 s
	var   = 0.0649759 s^2, std = 0.254904 s
	min   = 0.001996 s
	max   = 0.819218 s


PrintJobVoxelizer: voxelizing objects
Object 1 ROI: [0 0 0] --> [946 303 50]
GWNSampleFloodVoxelizer: number of samples: 151
GWNSampleFloodVoxelizer: samples evaluated
GWNSampleFloodVoxelizer: adaptive threshold = 0.498039
GWNSampleFloodVoxelizer: flooding complete
Voxelization: solid angle evaluations per voxel: 0.192536

Object 2 ROI: [0 314 0] --> [946 508 0]
GWNSampleFloodVoxelizer: number of samples: 0
GWNSampleFloodVoxelizer: samples evaluated
GWNSampleFloodVoxelizer: adaptive threshold = 0.498039
GWNSampleFloodVoxelizer: flooding complete
Voxelization: solid angle evaluations per voxel: 0.192536

GWNSampleFloodVoxelizer::voxelize:
	30 trials
	total = 33.5839 s
	mean  = 1.11946 s
	var   = 0.121549 s^2, std = 0.348639 s
	min   = 0.161 s
	max   = 1.53609 s

GWNSampleFloodVoxelizer::initIndicator:
	30 trials
	total = 3.72054 s
	mean  = 0.124018 s
	var   = 0.000221131 s^2, std = 0.0148705 s
	min   = 0.099023 s
	max   = 0.144031 s

GWNSampleFloodVoxelizer::selectSamples:
	30 trials
	total = 2.41961 s
	mean  = 0.0806536 s
	var   = 0.000832884 s^2, std = 0.0288597 s
	min   = 0.000568 s
	max   = 0.103106 s

GWNSampleFloodVoxelizer::evaluateSamples:
	30 trials
	total = 2.92658 s
	mean  = 0.0975526 s
	var   = 0.00679406 s^2, std = 0.0824261 s
	min   = 0 s
	max   = 0.304166 s

GWNSampleFloodVoxelizer::flood:
	30 trials
	total = 23.577 s
	mean  = 0.785899 s
	var   = 0.0664165 s^2, std = 0.257714 s
	min   = 0 s
	max   = 1.00423 s


PrintJobVoxelizer: finalizing surfaces
PrintJobVoxelizer: 2937928 surface voxels
PrintJobVoxelizer: getting output subset
PrintJobVoxelizer: updating slice indices
TonalValueCalculator:  runs 14:40:43
slices [699, 749):
	channel 0: occupancy (dense)
	channel 1: opticalFeature (sparse)

SurfaceDistanceOrderedTransfer:  runs 14:40:43
slices [673, 749):
	channel 0: occupancy (dense)
	channel 1: surfaceDist (dense)

SurfaceDistanceOrderedTransfer: 673 699 723
LayerExtractor:  runs 14:40:45
slices [671, 723):
	channel 0: occupancy (dense)
	channel 1: surfaceDist (dense)
	channel 2: layer_000 (sparse)
	channel 3: layer_001 (sparse)
	channel 4: layer_002 (sparse)
	channel 5: layer_003 (sparse)
	channel 6: layer_004 (sparse)
	channel 7: layer_005 (sparse)
	channel 8: layer_006 (sparse)
	channel 9: layer_007 (sparse)

TonalLinearizer:  runs 14:40:46
slices [672, 722):
	channel 0: occupancy (dense)
	channel 1: surfaceDist (dense)
	channel 2: layer_000 (sparse)
	channel 3: layer_001 (sparse)
	channel 4: layer_002 (sparse)
	channel 5: layer_003 (sparse)
	channel 6: layer_004 (sparse)
	channel 7: layer_005 (sparse)
	channel 8: layer_006 (sparse)
	channel 9: layer_007 (sparse)

VectorLayerHalftoner: VectorLayerHalftoner error: no tonal values available

VectorLayerHalftoner:  runs 14:40:46
slices [660, 722):
	channel 0: occupancy (dense)
	channel 1: surfaceDist (dense)
	channel 2: layer_000 (sparse)
	channel 3: layer_001 (sparse)
	channel 4: layer_002 (sparse)
	channel 5: layer_003 (sparse)
	channel 6: layer_004 (sparse)
	channel 7: layer_005 (sparse)
	channel 8: layer_006 (sparse)
	channel 9: layer_007 (sparse)
	channel 10: intermedTonal_0 (sparse)
	channel 11: intermedTonal_1 (sparse)
	channel 12: intermedTonal_2 (sparse)
	channel 13: intermedTonal_3 (sparse)
	channel 14: intermedTonal_4 (sparse)
	channel 15: intermedTonal_5 (sparse)
	channel 16: intermedTonal_6 (sparse)
	channel 17: intermedTonal_7 (sparse)
	channel 18: quantizedTonal (sparse)
	channel 19: errorDiffInfo2 (sparse)
	channel 20: distanceToEmpty (sparse)
	channel 21: errorDiffInfo3 (sparse)
	channel 22: errorDiffInfo4 (sparse)
	channel 23: errorDiffInfo5 (sparse)
	channel 24: errorDiffInfo6 (sparse)
	channel 25: errorDiffInfo7 (sparse)
	channel 26: errorDiffInfo8 (sparse)
	channel 27: errorDiffInfo9 (sparse)

SlaveReporter:  runs 14:40:49
slices [660, 710):
	channel 0: material (dense)
	channel 1: occupancy (dense)

PrintJobVoxelizer:  runs 14:40:57

PrintJobVoxelizer: setting up slices
PrintJobVoxelizer: rasterizing objects
PrintJobVoxelizer: creating rasterizer
PrintJobVoxelizer: rasterizing object 1
PrintJobVoxelizer: rasterizing object 2
Rasterizer::rasterize:
	32 trials
	total = 12.5815 s
	mean  = 0.393171 s
	var   = 0.0681189 s^2, std = 0.260996 s
	min   = 0.001996 s
	max   = 0.819218 s


PrintJobVoxelizer: voxelizing objects
Object 1 ROI: [0 0 0] --> [946 303 27]
GWNSampleFloodVoxelizer: number of samples: 145
GWNSampleFloodVoxelizer: samples evaluated
GWNSampleFloodVoxelizer: adaptive threshold = 0.498039
GWNSampleFloodVoxelizer: flooding complete
Voxelization: solid angle evaluations per voxel: 0.15154

Object 2 ROI: [0 314 0] --> [946 508 0]
GWNSampleFloodVoxelizer: number of samples: 0
GWNSampleFloodVoxelizer: samples evaluated
GWNSampleFloodVoxelizer: adaptive threshold = 0.498039
GWNSampleFloodVoxelizer: flooding complete
Voxelization: solid angle evaluations per voxel: 0.15154

GWNSampleFloodVoxelizer::voxelize:
	32 trials
	total = 34.4113 s
	mean  = 1.07535 s
	var   = 0.150263 s^2, std = 0.387638 s
	min   = 0.098 s
	max   = 1.53609 s

GWNSampleFloodVoxelizer::initIndicator:
	32 trials
	total = 3.87214 s
	mean  = 0.121004 s
	var   = 0.000347702 s^2, std = 0.0186468 s
	min   = 0.074017 s
	max   = 0.144031 s

GWNSampleFloodVoxelizer::selectSamples:
	32 trials
	total = 2.48704 s
	mean  = 0.07772 s
	var   = 0.000979717 s^2, std = 0.0313004 s
	min   = 0.000568 s
	max   = 0.103106 s

GWNSampleFloodVoxelizer::evaluateSamples:
	32 trials
	total = 2.96459 s
	mean  = 0.0926434 s
	var   = 0.0067522 s^2, std = 0.0821718 s
	min   = 0 s
	max   = 0.304166 s

GWNSampleFloodVoxelizer::flood:
	32 trials
	total = 24.1084 s
	mean  = 0.753389 s
	var   = 0.0830526 s^2, std = 0.288188 s
	min   = 0 s
	max   = 1.00423 s


PrintJobVoxelizer: finalizing surfaces
PrintJobVoxelizer: 2943659 surface voxels
PrintJobVoxelizer: getting output subset
PrintJobVoxelizer: updating slice indices
TonalValueCalculator:  runs 14:40:58
slices [749, 777):
	channel 0: occupancy (dense)
	channel 1: opticalFeature (sparse)

SurfaceDistanceOrderedTransfer:  runs 14:40:58
slices [723, 777):
	channel 0: occupancy (dense)
	channel 1: surfaceDist (dense)

SurfaceDistanceOrderedTransfer: 723 749 777
LayerExtractor:  runs 14:41:0
slices [721, 777):
	channel 0: occupancy (dense)
	channel 1: surfaceDist (dense)
	channel 2: layer_000 (sparse)
	channel 3: layer_001 (sparse)
	channel 4: layer_002 (sparse)
	channel 5: layer_003 (sparse)
	channel 6: layer_004 (sparse)
	channel 7: layer_005 (sparse)
	channel 8: layer_006 (sparse)
	channel 9: layer_007 (sparse)

TonalLinearizer:  runs 14:41:0
slices [722, 777):
	channel 0: occupancy (dense)
	channel 1: surfaceDist (dense)
	channel 2: layer_000 (sparse)
	channel 3: layer_001 (sparse)
	channel 4: layer_002 (sparse)
	channel 5: layer_003 (sparse)
	channel 6: layer_004 (sparse)
	channel 7: layer_005 (sparse)
	channel 8: layer_006 (sparse)
	channel 9: layer_007 (sparse)

VectorLayerHalftoner: VectorLayerHalftoner error: no tonal values available

VectorLayerHalftoner:  runs 14:41:0
slices [710, 777):
	channel 0: occupancy (dense)
	channel 1: surfaceDist (dense)
	channel 2: layer_000 (sparse)
	channel 3: layer_001 (sparse)
	channel 4: layer_002 (sparse)
	channel 5: layer_003 (sparse)
	channel 6: layer_004 (sparse)
	channel 7: layer_005 (sparse)
	channel 8: layer_006 (sparse)
	channel 9: layer_007 (sparse)
	channel 10: intermedTonal_0 (sparse)
	channel 11: intermedTonal_1 (sparse)
	channel 12: intermedTonal_2 (sparse)
	channel 13: intermedTonal_3 (sparse)
	channel 14: intermedTonal_4 (sparse)
	channel 15: intermedTonal_5 (sparse)
	channel 16: intermedTonal_6 (sparse)
	channel 17: intermedTonal_7 (sparse)
	channel 18: quantizedTonal (sparse)
	channel 19: errorDiffInfo2 (sparse)
	channel 20: distanceToEmpty (sparse)
	channel 21: errorDiffInfo3 (sparse)
	channel 22: errorDiffInfo4 (sparse)
	channel 23: errorDiffInfo5 (sparse)
	channel 24: errorDiffInfo6 (sparse)
	channel 25: errorDiffInfo7 (sparse)
	channel 26: errorDiffInfo8 (sparse)
	channel 27: errorDiffInfo9 (sparse)

SlaveReporter:  runs 14:41:3
slices [710, 777):
	channel 0: material (dense)
	channel 1: occupancy (dense)

Computation finished 

Status: success
Slave Node  5 :Total execution time in seconds 280.705

