Warning:json file inside profile could not be parsed 

GL version: 4.4.0

Warning: there is no json file embedded inside profile 

FileParserPJ: initializing
PrintJobOrganizer: initializing
MasterPJDistributor: initializing
MasterMerger: initializing
SliceDebugger: initializing
FileParserPJ:  runs 15:5:45

FileParserPJ: loading OBJ file

244921 vertices
489840 faces

FileParserPJ: 245383 texture coordinates

FileParserPJ: 245383 vertices after duplication

FileParserPJ: //filer-igd2.igd.fraunhofer.de/igd-3dt/shared/3DModels/Head/HeadMTL/Head_Level3.obj parsed: 245383 vertices and 489840 faces

FileParserPJ: loading jpg file

FileParserPJ: loading OBJ file

9992 vertices
18312 faces

FileParserPJ: 9437 texture coordinates

FileParserPJ: //filer-igd2.igd.fraunhofer.de/igd-3dt/shared/3DModels/Dame/Dame.obj parsed: 9992 vertices and 18312 faces

FileParserPJ: loading jpg file

FileParserPJ: loading OBJ file

244921 vertices
489840 faces

FileParserPJ: 245383 texture coordinates

FileParserPJ: 245383 vertices after duplication

FileParserPJ: //filer-igd2.igd.fraunhofer.de/igd-3dt/shared/3DModels/Head/HeadMTL/Head_Level3.obj parsed: 245383 vertices and 489840 faces

FileParserPJ: loading jpg file

FileParserPJ: loading OBJ file

9992 vertices
18312 faces

FileParserPJ: 9437 texture coordinates

FileParserPJ: //filer-igd2.igd.fraunhofer.de/igd-3dt/shared/3DModels/Dame/Dame.obj parsed: 9992 vertices and 18312 faces

FileParserPJ: loading jpg file

FileParserPJ: loading OBJ file

244921 vertices
489840 faces

FileParserPJ: 245383 texture coordinates

FileParserPJ: 245383 vertices after duplication

FileParserPJ: //filer-igd2.igd.fraunhofer.de/igd-3dt/shared/3DModels/Head/HeadMTL/Head_Level3.obj parsed: 245383 vertices and 489840 faces

FileParserPJ: loading jpg file

FileParserPJ: loading OBJ file

9992 vertices
18312 faces

FileParserPJ: 9437 texture coordinates

FileParserPJ: //filer-igd2.igd.fraunhofer.de/igd-3dt/shared/3DModels/Dame/Dame.obj parsed: 9992 vertices and 18312 faces

FileParserPJ: loading jpg file

FileParserPJ: loading OBJ file

244921 vertices
489840 faces

FileParserPJ: 245383 texture coordinates

FileParserPJ: 245383 vertices after duplication

FileParserPJ: //filer-igd2.igd.fraunhofer.de/igd-3dt/shared/3DModels/Head/HeadMTL/Head_Level3.obj parsed: 245383 vertices and 489840 faces

FileParserPJ: loading jpg file

FileParserPJ: loading OBJ file

9992 vertices
18312 faces

FileParserPJ: 9437 texture coordinates

FileParserPJ: //filer-igd2.igd.fraunhofer.de/igd-3dt/shared/3DModels/Dame/Dame.obj parsed: 9992 vertices and 18312 faces

FileParserPJ: loading jpg file

FileParserPJ: Input files parsed

PrintJobOrganizer:  runs 15:6:1

centering objects at origin
optimizing rotation for height
scaling objects
optimizing rotation for support use
PrintJobOrganizer: support cost         = 25.4851
support cost flipped = 22.9004

PrintJobOrganizer: support cost         = 10.7798
support cost flipped = 10.8551

PrintJobOrganizer: support cost         = 25.4851
support cost flipped = 22.9004

PrintJobOrganizer: support cost         = 10.7798
support cost flipped = 10.8551

PrintJobOrganizer: support cost         = 25.4851
support cost flipped = 22.9004

PrintJobOrganizer: support cost         = 10.7798
support cost flipped = 10.8551

PrintJobOrganizer: support cost         = 25.4851
support cost flipped = 22.9004

PrintJobOrganizer: support cost         = 10.7798
support cost flipped = 10.8551

arranging objects in 2D
validating object placement
PrintJobOrganizer: print object 1 print-space bounding box: (0.00211667, 0.00423333, 0.00135106), (8.00212, 5.12195, 4.19435)
PrintJobOrganizer: print object 2 print-space bounding box: (0.00211667, 5.32195, 0.00135106), (8.00212, 8.58807, 3.26645)
PrintJobOrganizer: print object 3 print-space bounding box: (0.00211667, 8.78807, 0.00135106), (8.00212, 13.9058, 4.19435)
PrintJobOrganizer: print object 4 print-space bounding box: (0.00211667, 14.1058, 0.00135106), (8.00212, 17.3719, 3.26645)
PrintJobOrganizer: print object 5 print-space bounding box: (0.00211667, 17.5719, 0.00135106), (8.00212, 22.6896, 4.19435)
PrintJobOrganizer: print object 6 print-space bounding box: (0.00211667, 22.8896, 0.00135106), (8.00212, 26.1557, 3.26645)
PrintJobOrganizer: print object 7 print-space bounding box: (0.00211667, 26.3557, 0.00135106), (8.00212, 31.4735, 4.19435)
PrintJobOrganizer: print object 8 print-space bounding box: (0.00211667, 31.6735, 0.00135106), (8.00212, 34.9396, 3.26645)
saving transforms to file
MasterPJDistributor:  runs 15:6:2

MasterPJDistributor::runInternal
MasterMerger:  runs 15:6:15

MasterMerger::runInternal
MasterMerger: metadata for thread : 1

MasterMerger: received height : 1026

MasterMerger: received width : 946

MasterMerger: received num of slices : 777

MasterMerger: received chunk size : 10

MasterMerger: received path : 

MasterMerger: metadata for thread : 2

MasterMerger: received height : 2064

MasterMerger: received width : 946

MasterMerger: received num of slices : 777

MasterMerger: received chunk size : 10

MasterMerger: received path : 

MasterMerger: m_fullSliceHt : 2064

MasterMerger: m_fullSliceWidth : 946

MasterMerger: m_numSlices : 777

MasterMerger: m_chunkSize : 10

SliceDebugger:  runs 15:6:42
slices [0, 10):
	channel 0: material (dense)

MasterMerger:  runs 15:6:42

SliceDebugger:  runs 15:7:19
slices [10, 20):
	channel 0: material (dense)

MasterMerger:  runs 15:7:19

SliceDebugger:  runs 15:8:0
slices [20, 30):
	channel 0: material (dense)

MasterMerger:  runs 15:8:0

SliceDebugger:  runs 15:8:47
slices [30, 40):
	channel 0: material (dense)

MasterMerger:  runs 15:8:47

SliceDebugger:  runs 15:9:40
slices [40, 50):
	channel 0: material (dense)

MasterMerger:  runs 15:9:41

SliceDebugger:  runs 15:10:40
slices [50, 60):
	channel 0: material (dense)

MasterMerger:  runs 15:10:41

SliceDebugger:  runs 15:11:43
slices [60, 70):
	channel 0: material (dense)

MasterMerger:  runs 15:11:43

SliceDebugger:  runs 15:12:50
slices [70, 80):
	channel 0: material (dense)

MasterMerger:  runs 15:12:50

SliceDebugger:  runs 15:13:49
slices [80, 90):
	channel 0: material (dense)

MasterMerger:  runs 15:13:49

SliceDebugger:  runs 15:14:37
slices [90, 100):
	channel 0: material (dense)

MasterMerger:  runs 15:14:37

SliceDebugger:  runs 15:15:23
slices [100, 110):
	channel 0: material (dense)

MasterMerger:  runs 15:15:23

SliceDebugger:  runs 15:16:8
slices [110, 120):
	channel 0: material (dense)

MasterMerger:  runs 15:16:8

SliceDebugger:  runs 15:16:49
slices [120, 130):
	channel 0: material (dense)

MasterMerger:  runs 15:16:50

SliceDebugger:  runs 15:17:23
slices [130, 140):
	channel 0: material (dense)

MasterMerger:  runs 15:17:23

SliceDebugger:  runs 15:17:52
slices [140, 150):
	channel 0: material (dense)

MasterMerger:  runs 15:17:53

SliceDebugger:  runs 15:18:19
slices [150, 160):
	channel 0: material (dense)

MasterMerger:  runs 15:18:19

SliceDebugger:  runs 15:18:19
slices [160, 170):
	channel 0: material (dense)

MasterMerger:  runs 15:18:19

SliceDebugger:  runs 15:18:19
slices [170, 180):
	channel 0: material (dense)

MasterMerger:  runs 15:18:20

SliceDebugger:  runs 15:18:20
slices [180, 190):
	channel 0: material (dense)

MasterMerger:  runs 15:18:20

SliceDebugger:  runs 15:18:20
slices [190, 200):
	channel 0: material (dense)

MasterMerger:  runs 15:18:21

SliceDebugger:  runs 15:18:21
slices [200, 210):
	channel 0: material (dense)

MasterMerger:  runs 15:18:21

SliceDebugger:  runs 15:18:21
slices [210, 220):
	channel 0: material (dense)

MasterMerger:  runs 15:18:22

SliceDebugger:  runs 15:18:22
slices [220, 230):
	channel 0: material (dense)

MasterMerger:  runs 15:18:22

SliceDebugger:  runs 15:18:22
slices [230, 240):
	channel 0: material (dense)

MasterMerger:  runs 15:18:22

SliceDebugger:  runs 15:18:23
slices [240, 250):
	channel 0: material (dense)

MasterMerger:  runs 15:18:23

SliceDebugger:  runs 15:18:23
slices [250, 260):
	channel 0: material (dense)

MasterMerger:  runs 15:18:23

SliceDebugger:  runs 15:18:23
slices [260, 270):
	channel 0: material (dense)

MasterMerger:  runs 15:18:24

SliceDebugger:  runs 15:18:24
slices [270, 280):
	channel 0: material (dense)

MasterMerger:  runs 15:18:24

SliceDebugger:  runs 15:18:24
slices [280, 290):
	channel 0: material (dense)

MasterMerger:  runs 15:18:25

SliceDebugger:  runs 15:18:25
slices [290, 300):
	channel 0: material (dense)

MasterMerger:  runs 15:18:25

SliceDebugger:  runs 15:18:25
slices [300, 310):
	channel 0: material (dense)

MasterMerger:  runs 15:18:26

SliceDebugger:  runs 15:18:26
slices [310, 320):
	channel 0: material (dense)

MasterMerger:  runs 15:18:26

SliceDebugger:  runs 15:18:26
slices [320, 330):
	channel 0: material (dense)

MasterMerger:  runs 15:18:27

SliceDebugger:  runs 15:18:27
slices [330, 340):
	channel 0: material (dense)

MasterMerger:  runs 15:18:27

SliceDebugger:  runs 15:18:27
slices [340, 350):
	channel 0: material (dense)

MasterMerger:  runs 15:18:28

SliceDebugger:  runs 15:18:28
slices [350, 360):
	channel 0: material (dense)

MasterMerger:  runs 15:18:28

SliceDebugger:  runs 15:18:28
slices [360, 370):
	channel 0: material (dense)

MasterMerger:  runs 15:18:28

SliceDebugger:  runs 15:18:29
slices [370, 380):
	channel 0: material (dense)

MasterMerger:  runs 15:18:29

SliceDebugger:  runs 15:18:29
slices [380, 390):
	channel 0: material (dense)

MasterMerger:  runs 15:18:29

SliceDebugger:  runs 15:18:29
slices [390, 400):
	channel 0: material (dense)

MasterMerger:  runs 15:18:30

SliceDebugger:  runs 15:18:30
slices [400, 410):
	channel 0: material (dense)

MasterMerger:  runs 15:18:30

SliceDebugger:  runs 15:18:30
slices [410, 420):
	channel 0: material (dense)

MasterMerger:  runs 15:18:31

SliceDebugger:  runs 15:18:31
slices [420, 430):
	channel 0: material (dense)

MasterMerger:  runs 15:18:31

SliceDebugger:  runs 15:18:31
slices [430, 440):
	channel 0: material (dense)

MasterMerger:  runs 15:18:31

SliceDebugger:  runs 15:18:32
slices [440, 450):
	channel 0: material (dense)

MasterMerger:  runs 15:18:32

SliceDebugger:  runs 15:18:32
slices [450, 460):
	channel 0: material (dense)

MasterMerger:  runs 15:18:32

SliceDebugger:  runs 15:18:32
slices [460, 470):
	channel 0: material (dense)

MasterMerger:  runs 15:18:33

SliceDebugger:  runs 15:18:33
slices [470, 480):
	channel 0: material (dense)

MasterMerger:  runs 15:18:33

SliceDebugger:  runs 15:18:33
slices [480, 490):
	channel 0: material (dense)

MasterMerger:  runs 15:18:34

SliceDebugger:  runs 15:18:34
slices [490, 500):
	channel 0: material (dense)

MasterMerger:  runs 15:18:34

SliceDebugger:  runs 15:18:34
slices [500, 510):
	channel 0: material (dense)

MasterMerger:  runs 15:18:34

SliceDebugger:  runs 15:18:34
slices [510, 520):
	channel 0: material (dense)

MasterMerger:  runs 15:18:35

SliceDebugger:  runs 15:18:35
slices [520, 530):
	channel 0: material (dense)

MasterMerger:  runs 15:18:35

SliceDebugger:  runs 15:18:35
slices [530, 540):
	channel 0: material (dense)

MasterMerger:  runs 15:18:36

SliceDebugger:  runs 15:18:36
slices [540, 550):
	channel 0: material (dense)

MasterMerger:  runs 15:18:36

SliceDebugger:  runs 15:18:36
slices [550, 560):
	channel 0: material (dense)

MasterMerger:  runs 15:18:37

SliceDebugger:  runs 15:18:37
slices [560, 570):
	channel 0: material (dense)

MasterMerger:  runs 15:18:37

SliceDebugger:  runs 15:18:37
slices [570, 580):
	channel 0: material (dense)

MasterMerger:  runs 15:18:37

SliceDebugger:  runs 15:18:37
slices [580, 590):
	channel 0: material (dense)

MasterMerger:  runs 15:18:38

SliceDebugger:  runs 15:18:38
slices [590, 600):
	channel 0: material (dense)

MasterMerger:  runs 15:18:38

SliceDebugger:  runs 15:18:38
slices [600, 610):
	channel 0: material (dense)

MasterMerger:  runs 15:18:39

SliceDebugger:  runs 15:18:39
slices [610, 620):
	channel 0: material (dense)

MasterMerger:  runs 15:18:39

SliceDebugger:  runs 15:18:39
slices [620, 630):
	channel 0: material (dense)

MasterMerger:  runs 15:18:39

SliceDebugger:  runs 15:18:40
slices [630, 640):
	channel 0: material (dense)

MasterMerger:  runs 15:18:40

SliceDebugger:  runs 15:18:40
slices [640, 650):
	channel 0: material (dense)

MasterMerger:  runs 15:18:40

SliceDebugger:  runs 15:18:40
slices [650, 660):
	channel 0: material (dense)

MasterMerger:  runs 15:18:41

SliceDebugger:  runs 15:18:41
slices [660, 670):
	channel 0: material (dense)

MasterMerger:  runs 15:18:41

SliceDebugger:  runs 15:18:41
slices [670, 680):
	channel 0: material (dense)

MasterMerger:  runs 15:18:42

SliceDebugger:  runs 15:18:42
slices [680, 690):
	channel 0: material (dense)

MasterMerger:  runs 15:18:42

SliceDebugger:  runs 15:18:42
slices [690, 700):
	channel 0: material (dense)

MasterMerger:  runs 15:18:42

SliceDebugger:  runs 15:18:42
slices [700, 710):
	channel 0: material (dense)

MasterMerger:  runs 15:18:43

SliceDebugger:  runs 15:18:43
slices [710, 720):
	channel 0: material (dense)

MasterMerger:  runs 15:18:43

SliceDebugger:  runs 15:18:43
slices [720, 730):
	channel 0: material (dense)

MasterMerger:  runs 15:18:43

SliceDebugger:  runs 15:18:44
slices [730, 740):
	channel 0: material (dense)

MasterMerger:  runs 15:18:44

SliceDebugger:  runs 15:18:44
slices [740, 750):
	channel 0: material (dense)

MasterMerger:  runs 15:18:44

SliceDebugger:  runs 15:18:44
slices [750, 760):
	channel 0: material (dense)

MasterMerger:  runs 15:18:45

SliceDebugger:  runs 15:18:45
slices [760, 770):
	channel 0: material (dense)

MasterMerger:  runs 15:18:45

SliceDebugger:  runs 15:18:45
slices [770, 777):
	channel 0: material (dense)

Computation finished 

Status: success
Master Node  0 :Total execution time in seconds 781.454

