SlavePrintingSoftware::startUp:
	1 trials
	total = 0.296865 s
	mean  = 0.296865 s
	var   = 0 s^2, std = 0 s
	min   = 0.296865 s
	max   = 0.296865 s

PrintingSoftware::execute:
	1 trials
	total = 107.992 s
	mean  = 107.992 s
	var   = 0 s^2, std = 0 s
	min   = 107.992 s
	max   = 107.992 s

SlavePrintingSoftware::communicateData:
	7 trials
	total = 0.031263 s
	mean  = 0.00446614 s
	var   = 5.81771e-005 s^2, std = 0.00762739 s
	min   = 0 s
	max   = 0.015638 s

SlavePJCollector::deserialize:
	2 trials
	total = 0.031258 s
	mean  = 0.015629 s
	var   = 1.8e-011 s^2, std = 4.24264e-006 s
	min   = 0.015626 s
	max   = 0.015632 s

SlavePJCollector::Receive:
	7 trials
	total = 27.0959 s
	mean  = 3.87084 s
	var   = 81.9358 s^2, std = 9.05184 s
	min   = 0 s
	max   = 24.3456 s

PrintJobOrganizer::setInput:
	1 trials
	total = 0 s
	mean  = 0 s
	var   = 0 s^2, std = 0 s
	min   = 0 s
	max   = 0 s

PrintJobOrganizer::runInternal:
	1 trials
	total = 0.328144 s
	mean  = 0.328144 s
	var   = 0 s^2, std = 0 s
	min   = 0.328144 s
	max   = 0.328144 s

PrintJobPreprocessor::setInput:
	1 trials
	total = 0 s
	mean  = 0 s
	var   = 0 s^2, std = 0 s
	min   = 0 s
	max   = 0 s

PrintJobPreprocessor::runInternal:
	1 trials
	total = 0.921941 s
	mean  = 0.921941 s
	var   = 0 s^2, std = 0 s
	min   = 0.921941 s
	max   = 0.921941 s

PrintJobVoxelizer::setInput:
	16 trials
	total = 0 s
	mean  = 0 s
	var   = 0 s^2, std = 0 s
	min   = 0 s
	max   = 0 s

PrintJobVoxelizer::runInternal:
	16 trials
	total = 27.7046 s
	mean  = 1.73154 s
	var   = 0.0926325 s^2, std = 0.304356 s
	min   = 0.812526 s
	max   = 2.09389 s

PrintJobVoxelizer::rasterizeObjects:
	16 trials
	total = 9.71944 s
	mean  = 0.607465 s
	var   = 0.0267885 s^2, std = 0.163672 s
	min   = 0.23439 s
	max   = 0.812558 s

PrintJobVoxelizer::voxelizeObjects:
	16 trials
	total = 17.0013 s
	mean  = 1.06258 s
	var   = 0.0240245 s^2, std = 0.154998 s
	min   = 0.531317 s
	max   = 1.23446 s

PrintJobVoxelizer::finalizeSurfaces:
	16 trials
	total = 0.233958 s
	mean  = 0.0146224 s
	var   = 1.52046e-005 s^2, std = 0.00389931 s
	min   = 0 s
	max   = 0.015626 s

TonalValueCalculator::setInput:
	16 trials
	total = 0 s
	mean  = 0 s
	var   = 0 s^2, std = 0 s
	min   = 0 s
	max   = 0 s

TonalValueCalculator::runInternal:
	16 trials
	total = 0.234047 s
	mean  = 0.0146279 s
	var   = 1.52163e-005 s^2, std = 0.00390081 s
	min   = 0 s
	max   = 0.015627 s

SurfaceDistanceOrderedTransfer::setInput:
	16 trials
	total = 0 s
	mean  = 0 s
	var   = 0 s^2, std = 0 s
	min   = 0 s
	max   = 0 s

SurfaceDistanceOrderedTransfer::runInternal:
	16 trials
	total = 7.15713 s
	mean  = 0.447321 s
	var   = 0.00256841 s^2, std = 0.0506795 s
	min   = 0.281269 s
	max   = 0.500064 s

SurfaceDistanceOrderedTransfer::buildOrderedSurfaceData:
	16 trials
	total = 0.265882 s
	mean  = 0.0166176 s
	var   = 0.00115495 s^2, std = 0.0339845 s
	min   = 0 s
	max   = 0.140649 s

SurfaceDistanceOrderedTransfer::fillDistanceChannel:
	16 trials
	total = 0.453402 s
	mean  = 0.0283376 s
	var   = 3.97898e-005 s^2, std = 0.00630792 s
	min   = 0.015612 s
	max   = 0.031288 s

SurfaceDistanceOrderedTransfer::transfer:
	16 trials
	total = 4.99986 s
	mean  = 0.312491 s
	var   = 0.00410132 s^2, std = 0.0640415 s
	min   = 0.093756 s
	max   = 0.359396 s

SurfaceDistanceOrderedTransfer::mergeDistances:
	16 trials
	total = 0 s
	mean  = 0 s
	var   = 0 s^2, std = 0 s
	min   = 0 s
	max   = 0 s

SurfaceDistanceOrderedTransfer::applySqrt:
	16 trials
	total = 1.43799 s
	mean  = 0.0898745 s
	var   = 0.00024438 s^2, std = 0.0156327 s
	min   = 0.031252 s
	max   = 0.093789 s

LayerExtractor::setInput:
	16 trials
	total = 0 s
	mean  = 0 s
	var   = 0 s^2, std = 0 s
	min   = 0 s
	max   = 0 s

LayerExtractor::runInternal:
	16 trials
	total = 5.17231 s
	mean  = 0.323269 s
	var   = 0.0133061 s^2, std = 0.115352 s
	min   = 0.046908 s
	max   = 0.453187 s

VectorLayerHalftoner::setInput:
	16 trials
	total = 0.046852 s
	mean  = 0.00292825 s
	var   = 7.21965e-005 s^2, std = 0.00849685 s
	min   = 0 s
	max   = 0.031255 s

VectorLayerHalftoner::runInternal:
	16 trials
	total = 35.112 s
	mean  = 2.1945 s
	var   = 0.490267 s^2, std = 0.700191 s
	min   = 0.390652 s
	max   = 2.90645 s

VectorLayerHalftoner(0)::setupOutputContainerSlaveReporter::serializeSlice:
	777 trials
	total = 1.18747 s
	mean  = 0.00152828 s
	var   = 2.1571e-005 s^2, std = 0.00464446 s
	min   = 0 s
	max   = 0.015659 s

SlaveReporter::Send:
	2351 trials
	total = 0.218789 s
	mean  = 9.30621e-005 s
	var   = 5.18658e-006 s^2, std = 0.00227741 s
	min   = 0 s
	max   = 0.062505 s

SlaveReporter::CompressData:
	777 trials
	total = 2.54709 s
	mean  = 0.00327811 s
	var   = 4.05309e-005 s^2, std = 0.00636639 s
	min   = 0 s
	max   = 0.01566 s

