SlavePrintingSoftware::startUp:
	1 trials
	total = 0.468764 s
	mean  = 0.468764 s
	var   = 0 s^2, std = 0 s
	min   = 0.468764 s
	max   = 0.468764 s

PrintingSoftware::execute:
	1 trials
	total = 530.229 s
	mean  = 530.229 s
	var   = 0 s^2, std = 0 s
	min   = 530.229 s
	max   = 530.229 s

DistributedComputingInitiator::Receive:
	1 trials
	total = 146.524 s
	mean  = 146.524 s
	var   = 0 s^2, std = 0 s
	min   = 146.524 s
	max   = 146.524 s

FileParserPJ::setInput:
	1 trials
	total = 0 s
	mean  = 0 s
	var   = 0 s^2, std = 0 s
	min   = 0 s
	max   = 0 s

FileParserPJ::runInternal:
	1 trials
	total = 4.03131 s
	mean  = 4.03131 s
	var   = 0 s^2, std = 0 s
	min   = 4.03131 s
	max   = 4.03131 s

PrintJobOrganizer::setInput:
	1 trials
	total = 0 s
	mean  = 0 s
	var   = 0 s^2, std = 0 s
	min   = 0 s
	max   = 0 s

PrintJobOrganizer::runInternal:
	1 trials
	total = 0.328111 s
	mean  = 0.328111 s
	var   = 0 s^2, std = 0 s
	min   = 0.328111 s
	max   = 0.328111 s

PrintJobPreprocessor::setInput:
	1 trials
	total = 0 s
	mean  = 0 s
	var   = 0 s^2, std = 0 s
	min   = 0 s
	max   = 0 s

PrintJobPreprocessor::runInternal:
	1 trials
	total = 1.18753 s
	mean  = 1.18753 s
	var   = 0 s^2, std = 0 s
	min   = 1.18753 s
	max   = 1.18753 s

PrintJobVoxelizer::setInput:
	24 trials
	total = 0 s
	mean  = 0 s
	var   = 0 s^2, std = 0 s
	min   = 0 s
	max   = 0 s

PrintJobVoxelizer::runInternal:
	24 trials
	total = 106.126 s
	mean  = 4.42193 s
	var   = 0.546888 s^2, std = 0.739519 s
	min   = 1.34377 s
	max   = 5.04693 s

PrintJobVoxelizer::rasterizeObjects:
	24 trials
	total = 20.8752 s
	mean  = 0.869798 s
	var   = 0.0687144 s^2, std = 0.262134 s
	min   = 0.265628 s
	max   = 1.18751 s

PrintJobVoxelizer::voxelizeObjects:
	24 trials
	total = 81.0949 s
	mean  = 3.37896 s
	var   = 0.264152 s^2, std = 0.513957 s
	min   = 1.03126 s
	max   = 3.73444 s

PrintJobVoxelizer::finalizeSurfaces:
	24 trials
	total = 1.26558 s
	mean  = 0.0527323 s
	var   = 0.000123391 s^2, std = 0.0111081 s
	min   = 0.015625 s
	max   = 0.062502 s

TonalValueCalculator::setInput:
	24 trials
	total = 0 s
	mean  = 0 s
	var   = 0 s^2, std = 0 s
	min   = 0 s
	max   = 0 s

TonalValueCalculator::runInternal:
	24 trials
	total = 0.781207 s
	mean  = 0.0325503 s
	var   = 0.000252995 s^2, std = 0.0159058 s
	min   = 0 s
	max   = 0.046876 s

SurfaceDistanceOrderedTransfer::setInput:
	24 trials
	total = 0 s
	mean  = 0 s
	var   = 0 s^2, std = 0 s
	min   = 0 s
	max   = 0 s

SurfaceDistanceOrderedTransfer::runInternal:
	24 trials
	total = 32.2038 s
	mean  = 1.34183 s
	var   = 0.0236782 s^2, std = 0.153877 s
	min   = 0.828153 s
	max   = 1.53128 s

SurfaceDistanceOrderedTransfer::buildOrderedSurfaceData:
	24 trials
	total = 0.859386 s
	mean  = 0.0358077 s
	var   = 0.00400146 s^2, std = 0.0632571 s
	min   = 0 s
	max   = 0.32813 s

SurfaceDistanceOrderedTransfer::fillDistanceChannel:
	24 trials
	total = 2.25025 s
	mean  = 0.0937605 s
	var   = 0.000148641 s^2, std = 0.0121919 s
	min   = 0.046875 s
	max   = 0.109388 s

SurfaceDistanceOrderedTransfer::transfer:
	24 trials
	total = 24.7345 s
	mean  = 1.0306 s
	var   = 0.0289253 s^2, std = 0.170075 s
	min   = 0.375006 s
	max   = 1.21876 s

SurfaceDistanceOrderedTransfer::mergeDistances:
	24 trials
	total = 0 s
	mean  = 0 s
	var   = 0 s^2, std = 0 s
	min   = 0 s
	max   = 0 s

SurfaceDistanceOrderedTransfer::applySqrt:
	24 trials
	total = 4.35968 s
	mean  = 0.181653 s
	var   = 0.000526744 s^2, std = 0.0229509 s
	min   = 0.078142 s
	max   = 0.187519 s

LayerExtractor::setInput:
	24 trials
	total = 0 s
	mean  = 0 s
	var   = 0 s^2, std = 0 s
	min   = 0 s
	max   = 0 s

LayerExtractor::runInternal:
	24 trials
	total = 23.0002 s
	mean  = 0.958342 s
	var   = 0.0928325 s^2, std = 0.304684 s
	min   = 0.187497 s
	max   = 1.37502 s

VectorLayerHalftoner::setInput:
	24 trials
	total = 0.015624 s
	mean  = 0.000651 s
	var   = 1.01712e-005 s^2, std = 0.00318924 s
	min   = 0 s
	max   = 0.015624 s

VectorLayerHalftoner::runInternal:
	24 trials
	total = 163.815 s
	mean  = 6.82562 s
	var   = 4.76895 s^2, std = 2.18379 s
	min   = 1.125 s
	max   = 9.62513 s

VectorLayerHalftoner(0)::setupOutputContainerSlaveReporter::serializeSlice:
	1165 trials
	total = 509.26 s
	mean  = 0.437133 s
	var   = 0.112986 s^2, std = 0.336134 s
	min   = 0.281237 s
	max   = 2.84379 s

SlaveReporter::Send:
	30 trials
	total = 0 s
	mean  = 0 s
	var   = 0 s^2, std = 0 s
	min   = 0 s
	max   = 0 s

