SlavePrintingSoftware::startUp:
	1 trials
	total = 0.284467 s
	mean  = 0.284467 s
	var   = 0 s^2, std = 0 s
	min   = 0.284467 s
	max   = 0.284467 s

PrintingSoftware::execute:
	1 trials
	total = 602.812 s
	mean  = 602.812 s
	var   = 0 s^2, std = 0 s
	min   = 602.812 s
	max   = 602.812 s

DistributedComputingInitiator::Receive:
	1 trials
	total = 21.8185 s
	mean  = 21.8185 s
	var   = 0 s^2, std = 0 s
	min   = 21.8185 s
	max   = 21.8185 s

FileParserPJ::setInput:
	1 trials
	total = 0 s
	mean  = 0 s
	var   = 0 s^2, std = 0 s
	min   = 0 s
	max   = 0 s

FileParserPJ::runInternal:
	1 trials
	total = 7.5486 s
	mean  = 7.5486 s
	var   = 0 s^2, std = 0 s
	min   = 7.5486 s
	max   = 7.5486 s

PrintJobOrganizer::setInput:
	1 trials
	total = 0.001045 s
	mean  = 0.001045 s
	var   = 0 s^2, std = 0 s
	min   = 0.001045 s
	max   = 0.001045 s

PrintJobOrganizer::runInternal:
	1 trials
	total = 0.404524 s
	mean  = 0.404524 s
	var   = 0 s^2, std = 0 s
	min   = 0.404524 s
	max   = 0.404524 s

PrintJobPreprocessor::setInput:
	1 trials
	total = 0 s
	mean  = 0 s
	var   = 0 s^2, std = 0 s
	min   = 0 s
	max   = 0 s

PrintJobPreprocessor::runInternal:
	1 trials
	total = 1.93912 s
	mean  = 1.93912 s
	var   = 0 s^2, std = 0 s
	min   = 1.93912 s
	max   = 1.93912 s

PrintJobVoxelizer::setInput:
	16 trials
	total = 0.000503 s
	mean  = 3.14375e-005 s
	var   = 1.58131e-008 s^2, std = 0.00012575 s
	min   = 0 s
	max   = 0.000503 s

PrintJobVoxelizer::runInternal:
	16 trials
	total = 140.106 s
	mean  = 8.75662 s
	var   = 3.73751 s^2, std = 1.93326 s
	min   = 3.31833 s
	max   = 10.2638 s

PrintJobVoxelizer::rasterizeObjects:
	16 trials
	total = 26.6002 s
	mean  = 1.66251 s
	var   = 0.295299 s^2, std = 0.543414 s
	min   = 0.462626 s
	max   = 2.22026 s

PrintJobVoxelizer::voxelizeObjects:
	16 trials
	total = 110.151 s
	mean  = 6.88444 s
	var   = 2.27892 s^2, std = 1.50961 s
	min   = 2.75041 s
	max   = 8.07391 s

PrintJobVoxelizer::finalizeSurfaces:
	16 trials
	total = 1.06911 s
	mean  = 0.0668195 s
	var   = 0.000265401 s^2, std = 0.0162911 s
	min   = 0.020641 s
	max   = 0.083722 s

TonalValueCalculator::setInput:
	16 trials
	total = 0 s
	mean  = 0 s
	var   = 0 s^2, std = 0 s
	min   = 0 s
	max   = 0 s

TonalValueCalculator::runInternal:
	16 trials
	total = 0.692928 s
	mean  = 0.043308 s
	var   = 0.000623415 s^2, std = 0.0249683 s
	min   = 0 s
	max   = 0.099853 s

SurfaceDistanceOrderedTransfer::setInput:
	16 trials
	total = 0.000501 s
	mean  = 3.13125e-005 s
	var   = 1.56876e-008 s^2, std = 0.00012525 s
	min   = 0 s
	max   = 0.000501 s

SurfaceDistanceOrderedTransfer::runInternal:
	16 trials
	total = 76.4078 s
	mean  = 4.77549 s
	var   = 0.536182 s^2, std = 0.732245 s
	min   = 2.23369 s
	max   = 5.26865 s

SurfaceDistanceOrderedTransfer::buildOrderedSurfaceData:
	16 trials
	total = 1.09793 s
	mean  = 0.0686208 s
	var   = 0.0112819 s^2, std = 0.106216 s
	min   = 0 s
	max   = 0.460898 s

SurfaceDistanceOrderedTransfer::fillDistanceChannel:
	16 trials
	total = 3.84565 s
	mean  = 0.240353 s
	var   = 0.00146741 s^2, std = 0.0383068 s
	min   = 0.100352 s
	max   = 0.273169 s

SurfaceDistanceOrderedTransfer::transfer:
	16 trials
	total = 70.6681 s
	mean  = 4.41676 s
	var   = 0.611416 s^2, std = 0.781931 s
	min   = 1.66442 s
	max   = 4.97894 s

SurfaceDistanceOrderedTransfer::mergeDistances:
	64 trials
	total = 5.146 s
	mean  = 0.0804062 s
	var   = 0.00013512 s^2, std = 0.0116241 s
	min   = 0.037779 s
	max   = 0.095262 s

SurfaceDistanceOrderedTransfer::applySqrt:
	16 trials
	total = 0.789996 s
	mean  = 0.0493748 s
	var   = 0.000458009 s^2, std = 0.0214011 s
	min   = 0.008022 s
	max   = 0.069028 s

LayerExtractor::setInput:
	16 trials
	total = 0 s
	mean  = 0 s
	var   = 0 s^2, std = 0 s
	min   = 0 s
	max   = 0 s

LayerExtractor::runInternal:
	16 trials
	total = 21.2173 s
	mean  = 1.32608 s
	var   = 0.287201 s^2, std = 0.535911 s
	min   = 0.224699 s
	max   = 1.99964 s

VectorLayerHalftoner::setInput:
	16 trials
	total = 0.00551 s
	mean  = 0.000344375 s
	var   = 2.79765e-007 s^2, std = 0.000528928 s
	min   = 0 s
	max   = 0.001184 s

VectorLayerHalftoner::runInternal:
	16 trials
	total = 182.403 s
	mean  = 11.4002 s
	var   = 38.9443 s^2, std = 6.24053 s
	min   = 1.42195 s
	max   = 20.5783 s

VectorLayerHalftoner(0)::setupOutputContainerSlaveReporter::serializeSlice:
	777 trials
	total = 567.8 s
	mean  = 0.730759 s
	var   = 0.424012 s^2, std = 0.651162 s
	min   = 0.461223 s
	max   = 6.33878 s

SlaveReporter::Send:
	22 trials
	total = 0.000502 s
	mean  = 2.28182e-005 s
	var   = 1.14547e-008 s^2, std = 0.000107027 s
	min   = 0 s
	max   = 0.000502 s

