SlavePrintingSoftware::startUp:
	1 trials
	total = 0.183018 s
	mean  = 0.183018 s
	var   = 0 s^2, std = 0 s
	min   = 0.183018 s
	max   = 0.183018 s

PrintingSoftware::execute:
	1 trials
	total = 128.939 s
	mean  = 128.939 s
	var   = 0 s^2, std = 0 s
	min   = 128.939 s
	max   = 128.939 s

SlavePrintingSoftware::communicateData:
	7 trials
	total = 0.030003 s
	mean  = 0.00428614 s
	var   = 5.65831e-005 s^2, std = 0.00752218 s
	min   = 0 s
	max   = 0.018002 s

,PrintJobOrganizer::setInput:
	1 trials
	total = 0.002 s
	mean  = 0.002 s
	var   = 0 s^2, std = 0 s
	min   = 0.002 s
	max   = 0.002 s

PrintJobOrganizer::runInternal:
	1 trials
	total = 0.277028 s
	mean  = 0.277028 s
	var   = 0 s^2, std = 0 s
	min   = 0.277028 s
	max   = 0.277028 s

5TonalValueCalculator::setInput:
	16 trials
	total = 0 s
	mean  = 0 s
	var   = 0 s^2, std = 0 s
	min   = 0 s
	max   = 0 s

TonalValueCalculator::runInternal:
	16 trials
	total = 0.239023 s
	mean  = 0.0149389 s
	var   = 3.31335e-005 s^2, std = 0.00575617 s
	min   = 0.001 s
	max   = 0.020002 s

OÿÿyerExtractor::setInput:
	16 trials
	total = 0.002 s
	mean  = 0.000125 s
	var   = 1.16667e-007 s^2, std = 0.000341565 s
	min   = 0 s
	max   = 0.001 s

LayerExtractor::runInternal:
	16 trials
	total = 6.52265 s
	mean  = 0.407666 s
	var   = 0.0193648 s^2, std = 0.139158 s
	min   = 0.077007 s
	max   = 0.572057 s

Œ"