Warning:json file inside profile could not be parsed 

GL version: 4.4.0

Warning: there is no json file embedded inside profile 

FileParserPJ: initializing
PrintJobOrganizer: initializing
MasterPJDistributor: initializing
MasterMerger: initializing
SliceDebugger: initializing
FileParserPJ:  runs 11:31:31

FileParserPJ: loading OBJ file

244921 vertices
489840 faces

FileParserPJ: 245383 texture coordinates

FileParserPJ: 245383 vertices after duplication

FileParserPJ: //filer-igd2.igd.fraunhofer.de/igd-3dt/shared/3DModels/Head/HeadMTL/Head_Level3.obj parsed: 245383 vertices and 489840 faces

FileParserPJ: loading jpg file

FileParserPJ: loading OBJ file

9992 vertices
18312 faces

FileParserPJ: 9437 texture coordinates

FileParserPJ: //filer-igd2.igd.fraunhofer.de/igd-3dt/shared/3DModels/Dame/Dame.obj parsed: 9992 vertices and 18312 faces

FileParserPJ: loading jpg file

FileParserPJ: loading OBJ file

244921 vertices
489840 faces

FileParserPJ: 245383 texture coordinates

FileParserPJ: 245383 vertices after duplication

FileParserPJ: //filer-igd2.igd.fraunhofer.de/igd-3dt/shared/3DModels/Head/HeadMTL/Head_Level3.obj parsed: 245383 vertices and 489840 faces

FileParserPJ: loading jpg file

FileParserPJ: loading OBJ file

9992 vertices
18312 faces

FileParserPJ: 9437 texture coordinates

FileParserPJ: //filer-igd2.igd.fraunhofer.de/igd-3dt/shared/3DModels/Dame/Dame.obj parsed: 9992 vertices and 18312 faces

FileParserPJ: loading jpg file

FileParserPJ: loading OBJ file

244921 vertices
489840 faces

FileParserPJ: 245383 texture coordinates

FileParserPJ: 245383 vertices after duplication

FileParserPJ: //filer-igd2.igd.fraunhofer.de/igd-3dt/shared/3DModels/Head/HeadMTL/Head_Level3.obj parsed: 245383 vertices and 489840 faces

FileParserPJ: loading jpg file

FileParserPJ: loading OBJ file

9992 vertices
18312 faces

FileParserPJ: 9437 texture coordinates

FileParserPJ: //filer-igd2.igd.fraunhofer.de/igd-3dt/shared/3DModels/Dame/Dame.obj parsed: 9992 vertices and 18312 faces

FileParserPJ: loading jpg file

FileParserPJ: loading OBJ file

244921 vertices
489840 faces

FileParserPJ: 245383 texture coordinates

FileParserPJ: 245383 vertices after duplication

FileParserPJ: //filer-igd2.igd.fraunhofer.de/igd-3dt/shared/3DModels/Head/HeadMTL/Head_Level3.obj parsed: 245383 vertices and 489840 faces

FileParserPJ: loading jpg file

FileParserPJ: loading OBJ file

9992 vertices
18312 faces

FileParserPJ: 9437 texture coordinates

FileParserPJ: //filer-igd2.igd.fraunhofer.de/igd-3dt/shared/3DModels/Dame/Dame.obj parsed: 9992 vertices and 18312 faces

FileParserPJ: loading jpg file

FileParserPJ: loading OBJ file

244921 vertices
489840 faces

FileParserPJ: 245383 texture coordinates

FileParserPJ: 245383 vertices after duplication

FileParserPJ: //filer-igd2.igd.fraunhofer.de/igd-3dt/shared/3DModels/Head/HeadMTL/Head_Level3.obj parsed: 245383 vertices and 489840 faces

FileParserPJ: loading jpg file

FileParserPJ: loading OBJ file

9992 vertices
18312 faces

FileParserPJ: 9437 texture coordinates

FileParserPJ: //filer-igd2.igd.fraunhofer.de/igd-3dt/shared/3DModels/Dame/Dame.obj parsed: 9992 vertices and 18312 faces

FileParserPJ: loading jpg file

FileParserPJ: Input files parsed

PrintJobOrganizer:  runs 11:31:50

centering objects at origin
optimizing rotation for height
scaling objects
optimizing rotation for support use
PrintJobOrganizer: support cost         = 25.4851
support cost flipped = 22.9004

PrintJobOrganizer: support cost         = 10.7798
support cost flipped = 10.8551

PrintJobOrganizer: support cost         = 25.4851
support cost flipped = 22.9004

PrintJobOrganizer: support cost         = 10.7798
support cost flipped = 10.8551

PrintJobOrganizer: support cost         = 25.4851
support cost flipped = 22.9004

PrintJobOrganizer: support cost         = 10.7798
support cost flipped = 10.8551

PrintJobOrganizer: support cost         = 25.4851
support cost flipped = 22.9004

PrintJobOrganizer: support cost         = 10.7798
support cost flipped = 10.8551

PrintJobOrganizer: support cost         = 25.4851
support cost flipped = 22.9004

PrintJobOrganizer: support cost         = 10.7798
support cost flipped = 10.8551

arranging objects in 2D
validating object placement
PrintJobOrganizer: print object 1 print-space bounding box: (0.00211667, 0.00423333, 0.00135106), (8.00212, 5.12195, 4.19435)
PrintJobOrganizer: print object 2 print-space bounding box: (0.00211667, 5.32195, 0.00135106), (8.00212, 8.58807, 3.26645)
PrintJobOrganizer: print object 3 print-space bounding box: (0.00211667, 8.78807, 0.00135106), (8.00212, 13.9058, 4.19435)
PrintJobOrganizer: print object 4 print-space bounding box: (0.00211667, 14.1058, 0.00135106), (8.00212, 17.3719, 3.26645)
PrintJobOrganizer: print object 5 print-space bounding box: (0.00211667, 17.5719, 0.00135106), (8.00212, 22.6896, 4.19435)
PrintJobOrganizer: print object 6 print-space bounding box: (0.00211667, 22.8896, 0.00135106), (8.00212, 26.1557, 3.26645)
PrintJobOrganizer: print object 7 print-space bounding box: (0.00211667, 26.3557, 0.00135106), (8.00212, 31.4735, 4.19435)
PrintJobOrganizer: print object 8 print-space bounding box: (0.00211667, 31.6735, 0.00135106), (8.00212, 34.9396, 3.26645)
PrintJobOrganizer: print object 9 print-space bounding box: (8.20212, 0.00423333, 0.00135106), (16.2021, 5.12195, 4.19435)
PrintJobOrganizer: print object 10 print-space bounding box: (0.00211667, 35.1396, 0.00135106), (8.00212, 38.4057, 3.26645)
saving transforms to file
MasterPJDistributor:  runs 11:31:51

MasterPJDistributor::runInternal
MasterMerger:  runs 11:32:8

MasterMerger::runInternal
MasterMerger: metadata for thread : 1

MasterMerger: received height : 1026

MasterMerger: received width : 946

MasterMerger: received num of slices : 777

MasterMerger: received chunk size : 10

MasterMerger: received path : 

MasterMerger: metadata for thread : 2

MasterMerger: received height : 822

MasterMerger: received width : 946

MasterMerger: received num of slices : 777

MasterMerger: received chunk size : 10

MasterMerger: received path : 

MasterMerger: metadata for thread : 3

MasterMerger: received height : 712

MasterMerger: received width : 946

MasterMerger: received num of slices : 777

MasterMerger: received chunk size : 10

MasterMerger: received path : 

MasterMerger: Print Volume x:  5905.51

MasterMerger: Print Volume y:  2362.2

MasterMerger: Node id:  1

MasterMerger: Offset x : 0

MasterMerger: Offset y : 0

MasterMerger: Node id:  2

MasterMerger: Offset x : 0

MasterMerger: Offset y : 1037.81

MasterMerger: Node id:  3

MasterMerger: Offset x : 969.622

MasterMerger: Offset y : 0

MasterMerger: Added height is:1026after adding height of slave 1

MasterMerger: Added height is:1848after adding height of slave 2

MasterMerger: Added height is:2560after adding height of slave 3

MasterMerger: Max height reached after adding slave 3 so first list index is 2

MasterMerger: m_fullSliceHt : 2362

MasterMerger: Sum of heights has crossed the print bed height

MasterMerger: Start Index0

MasterMerger: End Index2

MasterMerger: Maximum Current Width is0

MasterMerger: Maximum Current Width is946

MasterMerger: Total current width946

MasterMerger: Start Index2

MasterMerger: End Index3

MasterMerger: Maximum Current Width is0

MasterMerger: Total current width1892

MasterMerger: m_fullSliceWidth : 1928

MasterMerger: m_numSlices : 777

MasterMerger: m_chunkSize : 10

SliceDebugger:  runs 11:32:23
slices [0, 10):
	channel 0: material (dense)

MasterMerger:  runs 11:32:24

SliceDebugger:  runs 11:32:43
slices [10, 20):
	channel 0: material (dense)

MasterMerger:  runs 11:32:44

SliceDebugger:  runs 11:33:8
slices [20, 30):
	channel 0: material (dense)

MasterMerger:  runs 11:33:8

SliceDebugger:  runs 11:33:30
slices [30, 40):
	channel 0: material (dense)

MasterMerger:  runs 11:33:31

SliceDebugger:  runs 11:34:1
slices [40, 50):
	channel 0: material (dense)

MasterMerger:  runs 11:34:2

SliceDebugger:  runs 11:34:38
slices [50, 60):
	channel 0: material (dense)

MasterMerger:  runs 11:34:38

SliceDebugger:  runs 11:35:17
slices [60, 70):
	channel 0: material (dense)

MasterMerger:  runs 11:35:18

SliceDebugger:  runs 11:35:57
slices [70, 80):
	channel 0: material (dense)

MasterMerger:  runs 11:35:58

SliceDebugger:  runs 11:36:35
slices [80, 90):
	channel 0: material (dense)

MasterMerger:  runs 11:36:36

SliceDebugger:  runs 11:37:5
slices [90, 100):
	channel 0: material (dense)

MasterMerger:  runs 11:37:5

SliceDebugger:  runs 11:37:31
slices [100, 110):
	channel 0: material (dense)

MasterMerger:  runs 11:37:32

SliceDebugger:  runs 11:37:57
slices [110, 120):
	channel 0: material (dense)

MasterMerger:  runs 11:37:58

SliceDebugger:  runs 11:38:22
slices [120, 130):
	channel 0: material (dense)

MasterMerger:  runs 11:38:23

SliceDebugger:  runs 11:38:43
slices [130, 140):
	channel 0: material (dense)

MasterMerger:  runs 11:38:44

SliceDebugger:  runs 11:39:0
slices [140, 150):
	channel 0: material (dense)

MasterMerger:  runs 11:39:1

SliceDebugger:  runs 11:39:14
slices [150, 160):
	channel 0: material (dense)

MasterMerger:  runs 11:39:15

SliceDebugger:  runs 11:39:15
slices [160, 170):
	channel 0: material (dense)

MasterMerger:  runs 11:39:16

SliceDebugger:  runs 11:39:16
slices [170, 180):
	channel 0: material (dense)

MasterMerger:  runs 11:39:17

SliceDebugger:  runs 11:39:17
slices [180, 190):
	channel 0: material (dense)

MasterMerger:  runs 11:39:18

SliceDebugger:  runs 11:39:18
slices [190, 200):
	channel 0: material (dense)

MasterMerger:  runs 11:39:18

SliceDebugger:  runs 11:39:18
slices [200, 210):
	channel 0: material (dense)

MasterMerger:  runs 11:39:19

SliceDebugger:  runs 11:39:19
slices [210, 220):
	channel 0: material (dense)

MasterMerger:  runs 11:39:20

SliceDebugger:  runs 11:39:20
slices [220, 230):
	channel 0: material (dense)

MasterMerger:  runs 11:39:21

SliceDebugger:  runs 11:39:21
slices [230, 240):
	channel 0: material (dense)

MasterMerger:  runs 11:39:22

SliceDebugger:  runs 11:39:22
slices [240, 250):
	channel 0: material (dense)

MasterMerger:  runs 11:39:22

SliceDebugger:  runs 11:39:22
slices [250, 260):
	channel 0: material (dense)

MasterMerger:  runs 11:39:23

SliceDebugger:  runs 11:39:23
slices [260, 270):
	channel 0: material (dense)

MasterMerger:  runs 11:39:24

SliceDebugger:  runs 11:39:24
slices [270, 280):
	channel 0: material (dense)

MasterMerger:  runs 11:39:25

SliceDebugger:  runs 11:39:25
slices [280, 290):
	channel 0: material (dense)

MasterMerger:  runs 11:39:26

SliceDebugger:  runs 11:39:26
slices [290, 300):
	channel 0: material (dense)

MasterMerger:  runs 11:39:26

SliceDebugger:  runs 11:39:27
slices [300, 310):
	channel 0: material (dense)

MasterMerger:  runs 11:39:27

SliceDebugger:  runs 11:39:27
slices [310, 320):
	channel 0: material (dense)

MasterMerger:  runs 11:39:28

SliceDebugger:  runs 11:39:28
slices [320, 330):
	channel 0: material (dense)

MasterMerger:  runs 11:39:29

SliceDebugger:  runs 11:39:29
slices [330, 340):
	channel 0: material (dense)

MasterMerger:  runs 11:39:30

SliceDebugger:  runs 11:39:30
slices [340, 350):
	channel 0: material (dense)

MasterMerger:  runs 11:39:30

SliceDebugger:  runs 11:39:31
slices [350, 360):
	channel 0: material (dense)

MasterMerger:  runs 11:39:31

SliceDebugger:  runs 11:39:31
slices [360, 370):
	channel 0: material (dense)

MasterMerger:  runs 11:39:32

SliceDebugger:  runs 11:39:32
slices [370, 380):
	channel 0: material (dense)

MasterMerger:  runs 11:39:33

SliceDebugger:  runs 11:39:33
slices [380, 390):
	channel 0: material (dense)

MasterMerger:  runs 11:39:34

SliceDebugger:  runs 11:39:34
slices [390, 400):
	channel 0: material (dense)

MasterMerger:  runs 11:39:35

SliceDebugger:  runs 11:39:35
slices [400, 410):
	channel 0: material (dense)

MasterMerger:  runs 11:39:35

SliceDebugger:  runs 11:39:35
slices [410, 420):
	channel 0: material (dense)

MasterMerger:  runs 11:39:36

SliceDebugger:  runs 11:39:36
slices [420, 430):
	channel 0: material (dense)

MasterMerger:  runs 11:39:37

SliceDebugger:  runs 11:39:37
slices [430, 440):
	channel 0: material (dense)

MasterMerger:  runs 11:39:38

SliceDebugger:  runs 11:39:38
slices [440, 450):
	channel 0: material (dense)

MasterMerger:  runs 11:39:39

SliceDebugger:  runs 11:39:39
slices [450, 460):
	channel 0: material (dense)

MasterMerger:  runs 11:39:39

SliceDebugger:  runs 11:39:39
slices [460, 470):
	channel 0: material (dense)

MasterMerger:  runs 11:39:40

SliceDebugger:  runs 11:39:40
slices [470, 480):
	channel 0: material (dense)

MasterMerger:  runs 11:39:41

SliceDebugger:  runs 11:39:41
slices [480, 490):
	channel 0: material (dense)

MasterMerger:  runs 11:39:42

SliceDebugger:  runs 11:39:42
slices [490, 500):
	channel 0: material (dense)

MasterMerger:  runs 11:39:43

SliceDebugger:  runs 11:39:43
slices [500, 510):
	channel 0: material (dense)

MasterMerger:  runs 11:39:43

SliceDebugger:  runs 11:39:43
slices [510, 520):
	channel 0: material (dense)

MasterMerger:  runs 11:39:44

SliceDebugger:  runs 11:39:44
slices [520, 530):
	channel 0: material (dense)

MasterMerger:  runs 11:39:45

SliceDebugger:  runs 11:39:45
slices [530, 540):
	channel 0: material (dense)

MasterMerger:  runs 11:39:46

SliceDebugger:  runs 11:39:46
slices [540, 550):
	channel 0: material (dense)

MasterMerger:  runs 11:39:47

SliceDebugger:  runs 11:39:47
slices [550, 560):
	channel 0: material (dense)

MasterMerger:  runs 11:39:47

SliceDebugger:  runs 11:39:47
slices [560, 570):
	channel 0: material (dense)

MasterMerger:  runs 11:39:48

SliceDebugger:  runs 11:39:48
slices [570, 580):
	channel 0: material (dense)

MasterMerger:  runs 11:39:49

SliceDebugger:  runs 11:39:49
slices [580, 590):
	channel 0: material (dense)

MasterMerger:  runs 11:39:50

SliceDebugger:  runs 11:39:50
slices [590, 600):
	channel 0: material (dense)

MasterMerger:  runs 11:39:51

SliceDebugger:  runs 11:39:51
slices [600, 610):
	channel 0: material (dense)

MasterMerger:  runs 11:39:51

SliceDebugger:  runs 11:39:51
slices [610, 620):
	channel 0: material (dense)

MasterMerger:  runs 11:39:52

SliceDebugger:  runs 11:39:52
slices [620, 630):
	channel 0: material (dense)

MasterMerger:  runs 11:39:53

SliceDebugger:  runs 11:39:53
slices [630, 640):
	channel 0: material (dense)

MasterMerger:  runs 11:39:54

SliceDebugger:  runs 11:39:54
slices [640, 650):
	channel 0: material (dense)

MasterMerger:  runs 11:39:54

SliceDebugger:  runs 11:39:55
slices [650, 660):
	channel 0: material (dense)

MasterMerger:  runs 11:39:55

SliceDebugger:  runs 11:39:55
slices [660, 670):
	channel 0: material (dense)

MasterMerger:  runs 11:39:56

SliceDebugger:  runs 11:39:56
slices [670, 680):
	channel 0: material (dense)

MasterMerger:  runs 11:39:57

SliceDebugger:  runs 11:39:57
slices [680, 690):
	channel 0: material (dense)

MasterMerger:  runs 11:39:58

SliceDebugger:  runs 11:39:58
slices [690, 700):
	channel 0: material (dense)

MasterMerger:  runs 11:39:58

SliceDebugger:  runs 11:39:59
slices [700, 710):
	channel 0: material (dense)

MasterMerger:  runs 11:39:59

SliceDebugger:  runs 11:39:59
slices [710, 720):
	channel 0: material (dense)

MasterMerger:  runs 11:40:0

SliceDebugger:  runs 11:40:0
slices [720, 730):
	channel 0: material (dense)

MasterMerger:  runs 11:40:1

SliceDebugger:  runs 11:40:1
slices [730, 740):
	channel 0: material (dense)

MasterMerger:  runs 11:40:1

SliceDebugger:  runs 11:40:2
slices [740, 750):
	channel 0: material (dense)

MasterMerger:  runs 11:40:2

SliceDebugger:  runs 11:40:2
slices [750, 760):
	channel 0: material (dense)

MasterMerger:  runs 11:40:3

SliceDebugger:  runs 11:40:3
slices [760, 770):
	channel 0: material (dense)

MasterMerger:  runs 11:40:4

SliceDebugger:  runs 11:40:4
slices [770, 777):
	channel 0: material (dense)

Computation finished 

Status: success
PrintingSoftware::execute:
	1 trials
	total = 513.299 s
	mean  = 513.299 s
	var   = 0 s^2, std = 0 s
	min   = 513.299 s
	max   = 513.299 s

MasterPrintingSoftware::startUp:
	1 trials
	total = 0.375954 s
	mean  = 0.375954 s
	var   = 0 s^2, std = 0 s
	min   = 0.375954 s
	max   = 0.375954 s

MasterPrintingSoftware::Send:
	21 trials
	total = 0.010816 s
	mean  = 0.000515048 s
	var   = 8.19162e-007 s^2, std = 0.000905076 s
	min   = 0 s
	max   = 0.002587 s

FileParserPJ::setInput:
	1 trials
	total = 0 s
	mean  = 0 s
	var   = 0 s^2, std = 0 s
	min   = 0 s
	max   = 0 s

FileParserPJ::runInternal:
	1 trials
	total = 19.002 s
	mean  = 19.002 s
	var   = 0 s^2, std = 0 s
	min   = 19.002 s
	max   = 19.002 s

PrintJobOrganizer::setInput:
	1 trials
	total = 0.009126 s
	mean  = 0.009126 s
	var   = 0 s^2, std = 0 s
	min   = 0.009126 s
	max   = 0.009126 s

PrintJobOrganizer::runInternal:
	1 trials
	total = 1.01546 s
	mean  = 1.01546 s
	var   = 0 s^2, std = 0 s
	min   = 1.01546 s
	max   = 1.01546 s

MasterPJDistributor::serializeImgData:
	10 trials
	total = 0.521445 s
	mean  = 0.0521445 s
	var   = 0.00115086 s^2, std = 0.0339244 s
	min   = 0.01301 s
	max   = 0.086063 s

MasterPJDistributor::serializePJ:
	3 trials
	total = 0.478348 s
	mean  = 0.159449 s
	var   = 0.0031215 s^2, std = 0.0558704 s
	min   = 0.095062 s
	max   = 0.195137 s

MasterPJDistributor::Send:
	49 trials
	total = 14.5745 s
	mean  = 0.297439 s
	var   = 0.275514 s^2, std = 0.524894 s
	min   = 0 s
	max   = 2.35306 s


PrintingSoftware::execute:
	1 trials
	total = 513.299 s
	mean  = 513.299 s
	var   = 0 s^2, std = 0 s
	min   = 513.299 s
	max   = 513.299 s

MasterPrintingSoftware::startUp:
	1 trials
	total = 0.375954 s
	mean  = 0.375954 s
	var   = 0 s^2, std = 0 s
	min   = 0.375954 s
	max   = 0.375954 s

MasterPrintingSoftware::Send:
	21 trials
	total = 0.010816 s
	mean  = 0.000515048 s
	var   = 8.19162e-007 s^2, std = 0.000905076 s
	min   = 0 s
	max   = 0.002587 s

FileParserPJ::setInput:
	1 trials
	total = 0 s
	mean  = 0 s
	var   = 0 s^2, std = 0 s
	min   = 0 s
	max   = 0 s

FileParserPJ::runInternal:
	1 trials
	total = 19.002 s
	mean  = 19.002 s
	var   = 0 s^2, std = 0 s
	min   = 19.002 s
	max   = 19.002 s

PrintJobOrganizer::setInput:
	1 trials
	total = 0.009126 s
	mean  = 0.009126 s
	var   = 0 s^2, std = 0 s
	min   = 0.009126 s
	max   = 0.009126 s

PrintJobOrganizer::runInternal:
	1 trials
	total = 1.01546 s
	mean  = 1.01546 s
	var   = 0 s^2, std = 0 s
	min   = 1.01546 s
	max   = 1.01546 s

MasterPJDistributor::serializeImgData:
	10 trials
	total = 0.521445 s
	mean  = 0.0521445 s
	var   = 0.00115086 s^2, std = 0.0339244 s
	min   = 0.01301 s
	max   = 0.086063 s

MasterPJDistributor::serializePJ:
	3 trials
	total = 0.478348 s
	mean  = 0.159449 s
	var   = 0.0031215 s^2, std = 0.0558704 s
	min   = 0.095062 s
	max   = 0.195137 s

MasterPJDistributor::Send:
	49 trials
	total = 14.5745 s
	mean  = 0.297439 s
	var   = 0.275514 s^2, std = 0.524894 s
	min   = 0 s
	max   = 2.35306 s

°Š
Master Node  0 :Total execution time in seconds 513.691

