SlavePrintingSoftware::startUp:
	1 trials
	total = 0.312464 s
	mean  = 0.312464 s
	var   = 0 s^2, std = 0 s
	min   = 0.312464 s
	max   = 0.312464 s

PrintingSoftware::execute:
	1 trials
	total = 732.924 s
	mean  = 732.924 s
	var   = 0 s^2, std = 0 s
	min   = 732.924 s
	max   = 732.924 s

DistributedComputingInitiator::Receive:
	1 trials
	total = 21.8571 s
	mean  = 21.8571 s
	var   = 0 s^2, std = 0 s
	min   = 21.8571 s
	max   = 21.8571 s

FileParserPJ::setInput:
	1 trials
	total = 0 s
	mean  = 0 s
	var   = 0 s^2, std = 0 s
	min   = 0 s
	max   = 0 s

FileParserPJ::runInternal:
	1 trials
	total = 7.92098 s
	mean  = 7.92098 s
	var   = 0 s^2, std = 0 s
	min   = 7.92098 s
	max   = 7.92098 s

PrintJobOrganizer::setInput:
	1 trials
	total = 0 s
	mean  = 0 s
	var   = 0 s^2, std = 0 s
	min   = 0 s
	max   = 0 s

PrintJobOrganizer::runInternal:
	1 trials
	total = 0.484319 s
	mean  = 0.484319 s
	var   = 0 s^2, std = 0 s
	min   = 0.484319 s
	max   = 0.484319 s

PrintJobPreprocessor::setInput:
	1 trials
	total = 0 s
	mean  = 0 s
	var   = 0 s^2, std = 0 s
	min   = 0 s
	max   = 0 s

PrintJobPreprocessor::runInternal:
	1 trials
	total = 1.79669 s
	mean  = 1.79669 s
	var   = 0 s^2, std = 0 s
	min   = 1.79669 s
	max   = 1.79669 s

PrintJobVoxelizer::setInput:
	16 trials
	total = 0 s
	mean  = 0 s
	var   = 0 s^2, std = 0 s
	min   = 0 s
	max   = 0 s

PrintJobVoxelizer::runInternal:
	16 trials
	total = 205.396 s
	mean  = 12.8372 s
	var   = 11.3641 s^2, std = 3.37107 s
	min   = 3.93776 s
	max   = 16.516 s

PrintJobVoxelizer::rasterizeObjects:
	16 trials
	total = 30.4999 s
	mean  = 1.90624 s
	var   = 0.416237 s^2, std = 0.645164 s
	min   = 0.500003 s
	max   = 2.5938 s

PrintJobVoxelizer::voxelizeObjects:
	16 trials
	total = 170.727 s
	mean  = 10.6704 s
	var   = 8.15313 s^2, std = 2.85537 s
	min   = 3.17197 s
	max   = 13.8128 s

PrintJobVoxelizer::finalizeSurfaces:
	16 trials
	total = 1.25966 s
	mean  = 0.0787288 s
	var   = 0.000278649 s^2, std = 0.0166928 s
	min   = 0.031253 s
	max   = 0.093753 s

TonalValueCalculator::setInput:
	16 trials
	total = 0 s
	mean  = 0 s
	var   = 0 s^2, std = 0 s
	min   = 0 s
	max   = 0 s

TonalValueCalculator::runInternal:
	16 trials
	total = 0.804386 s
	mean  = 0.0502741 s
	var   = 0.000949512 s^2, std = 0.0308142 s
	min   = 0 s
	max   = 0.125003 s

SurfaceDistanceOrderedTransfer::setInput:
	16 trials
	total = 0.001002 s
	mean  = 6.2625e-005 s
	var   = 6.27502e-008 s^2, std = 0.0002505 s
	min   = 0 s
	max   = 0.001002 s

SurfaceDistanceOrderedTransfer::runInternal:
	16 trials
	total = 111.44 s
	mean  = 6.96502 s
	var   = 1.19543 s^2, std = 1.09336 s
	min   = 3.14027 s
	max   = 7.67241 s

SurfaceDistanceOrderedTransfer::buildOrderedSurfaceData:
	16 trials
	total = 1.37789 s
	mean  = 0.0861179 s
	var   = 0.0160529 s^2, std = 0.1267 s
	min   = 0 s
	max   = 0.546847 s

SurfaceDistanceOrderedTransfer::fillDistanceChannel:
	16 trials
	total = 4.35416 s
	mean  = 0.272135 s
	var   = 0.00201673 s^2, std = 0.044908 s
	min   = 0.109363 s
	max   = 0.296927 s

SurfaceDistanceOrderedTransfer::transfer:
	16 trials
	total = 104.254 s
	mean  = 6.51585 s
	var   = 1.32564 s^2, std = 1.15136 s
	min   = 2.45282 s
	max   = 7.28171 s

SurfaceDistanceOrderedTransfer::mergeDistances:
	80 trials
	total = 7.82856 s
	mean  = 0.0978571 s
	var   = 0.000233303 s^2, std = 0.0152743 s
	min   = 0.046871 s
	max   = 0.109398 s

SurfaceDistanceOrderedTransfer::applySqrt:
	16 trials
	total = 1.43749 s
	mean  = 0.0898429 s
	var   = 0.000244175 s^2, std = 0.0156261 s
	min   = 0.031245 s
	max   = 0.093778 s

LayerExtractor::setInput:
	16 trials
	total = 0 s
	mean  = 0 s
	var   = 0 s^2, std = 0 s
	min   = 0 s
	max   = 0 s

LayerExtractor::runInternal:
	16 trials
	total = 24.6879 s
	mean  = 1.54299 s
	var   = 0.432908 s^2, std = 0.657957 s
	min   = 0.250002 s
	max   = 2.4063 s

VectorLayerHalftoner::setInput:
	16 trials
	total = 0.015623 s
	mean  = 0.000976437 s
	var   = 1.52549e-005 s^2, std = 0.00390575 s
	min   = 0 s
	max   = 0.015623 s

VectorLayerHalftoner::runInternal:
	16 trials
	total = 233.485 s
	mean  = 14.5928 s
	var   = 77.146 s^2, std = 8.78328 s
	min   = 1.6561 s
	max   = 27.4977 s

VectorLayerHalftoner(0)::setupOutputContainerSlaveReporter::serializeSlice:
	777 trials
	total = 637.277 s
	mean  = 0.820177 s
	var   = 0.372794 s^2, std = 0.610569 s
	min   = 0.531261 s
	max   = 8.84394 s

SlaveReporter::Send:
	22 trials
	total = 0 s
	mean  = 0 s
	var   = 0 s^2, std = 0 s
	min   = 0 s
	max   = 0 s

