SlavePrintingSoftware::startUp:
	1 trials
	total = 0.207 s
	mean  = 0.207 s
	var   = 0 s^2, std = 0 s
	min   = 0.207 s
	max   = 0.207 s

PrintingSoftware::execute:
	1 trials
	total = 165.414 s
	mean  = 165.414 s
	var   = 0 s^2, std = 0 s
	min   = 165.414 s
	max   = 165.414 s

DistributedComputingInitiator::Receive:
	1 trials
	total = 147.753 s
	mean  = 147.753 s
	var   = 0 s^2, std = 0 s
	min   = 147.753 s
	max   = 147.753 s

›dOÿÿyerExtractor::setInput:
	16 trials
	total = 0.002 s
	mean  = 0.000125 s
	var   = 1.16667e-007 s^2, std = 0.000341565 s
	min   = 0 s
	max   = 0.001 s

LayerExtractor::runInternal:
	16 trials
	total = 6.889 s
	mean  = 0.430563 s
	var   = 0.0226161 s^2, std = 0.150387 s
	min   = 0.074 s
	max   = 0.606 s

Ñ