PrintingSoftware::execute:
	1 trials
	total = 701.571 s
	mean  = 701.571 s
	var   = 0 s^2, std = 0 s
	min   = 701.571 s
	max   = 701.571 s

MasterPrintingSoftware::startUp:
	1 trials
	total = 0.265644 s
	mean  = 0.265644 s
	var   = 0 s^2, std = 0 s
	min   = 0.265644 s
	max   = 0.265644 s

MasterPrintingSoftware::Send:
	28 trials
	total = 0.03125 s
	mean  = 0.00111607 s
	var   = 1.67928e-005 s^2, std = 0.0040979 s
	min   = 0 s
	max   = 0.015638 s

FileParserPJ::setInput:
	1 trials
	total = 0 s
	mean  = 0 s
	var   = 0 s^2, std = 0 s
	min   = 0 s
	max   = 0 s

FileParserPJ::runInternal:
	1 trials
	total = 16.2814 s
	mean  = 16.2814 s
	var   = 0 s^2, std = 0 s
	min   = 16.2814 s
	max   = 16.2814 s

PrintJobOrganizer::setInput:
	1 trials
	total = 0 s
	mean  = 0 s
	var   = 0 s^2, std = 0 s
	min   = 0 s
	max   = 0 s

PrintJobOrganizer::runInternal:
	1 trials
	total = 0.98439 s
	mean  = 0.98439 s
	var   = 0 s^2, std = 0 s
	min   = 0.98439 s
	max   = 0.98439 s

MasterPJDistributor::serializeImgData:
	5 trials
	total = 0.390609 s
	mean  = 0.0781218 s
	var   = 6.17e-011 s^2, std = 7.85493e-006 s
	min   = 0.078108 s
	max   = 0.078127 s

MasterPJDistributor::serializePJ:
	4 trials
	total = 0.421885 s
	mean  = 0.105471 s
	var   = 0.00201463 s^2, std = 0.0448847 s
	min   = 0.078125 s
	max   = 0.171886 s

MasterPJDistributor::Send:
	32 trials
	total = 10.7032 s
	mean  = 0.334475 s
	var   = 0.237132 s^2, std = 0.486962 s
	min   = 0 s
	max   = 1.96876 s

MasterMergerWorkerImpl::deserializeSlice1:
	1165 trials
	total = 5.74994 s
	mean  = 0.00493557 s
	var   = 5.44798e-005 s^2, std = 0.00738104 s
	min   = 0 s
	max   = 0.046861 s

MasterMergerWorkerImpl::Receive1:
	3523 trials
	total = 572.164 s
	mean  = 0.162408 s
	var   = 4.08318 s^2, std = 2.02069 s
	min   = 0 s
	max   = 31.1567 s

MasterMergerWorkerImpl::decompressData1:
	1165 trials
	total = 31.6573 s
	mean  = 0.0271737 s
	var   = 8.9864e-005 s^2, std = 0.00947966 s
	min   = 0.015598 s
	max   = 0.078121 s

MasterMergerWorkerImpl::deserializeSlice2:
	1165 trials
	total = 5.96826 s
	mean  = 0.00512297 s
	var   = 5.55192e-005 s^2, std = 0.00745112 s
	min   = 0 s
	max   = 0.046875 s

MasterMergerWorkerImpl::Receive2:
	3523 trials
	total = 23.2035 s
	mean  = 0.00658629 s
	var   = 0.051763 s^2, std = 0.227515 s
	min   = 0 s
	max   = 9.81265 s

MasterMergerWorkerImpl::decompressData2:
	1165 trials
	total = 19.9695 s
	mean  = 0.0171412 s
	var   = 3.6919e-005 s^2, std = 0.0060761 s
	min   = 0 s
	max   = 0.04687 s

MasterMergerWorkerImpl::deserializeSlice3:
	1165 trials
	total = 5.71847 s
	mean  = 0.00490856 s
	var   = 5.26437e-005 s^2, std = 0.0072556 s
	min   = 0 s
	max   = 0.015646 s

MasterMergerWorkerImpl::Receive3:
	3523 trials
	total = 48.6101 s
	mean  = 0.0137979 s
	var   = 0.133482 s^2, std = 0.365352 s
	min   = 0 s
	max   = 13.2658 s

MasterMergerWorkerImpl::decompressData3:
	1165 trials
	total = 19.9226 s
	mean  = 0.017101 s
	var   = 3.97669e-005 s^2, std = 0.0063061 s
	min   = 0 s
	max   = 0.078126 s

MasterMergerWorkerImpl::deserializeSlice4:
	1165 trials
	total = 5.68738 s
	mean  = 0.00488187 s
	var   = 5.24901e-005 s^2, std = 0.00724501 s
	min   = 0 s
	max   = 0.015645 s

MasterMergerWorkerImpl::Receive4:
	3523 trials
	total = 36.938 s
	mean  = 0.0104848 s
	var   = 0.079592 s^2, std = 0.282121 s
	min   = 0 s
	max   = 9.81265 s

MasterMergerWorkerImpl::decompressData4:
	1165 trials
	total = 20.3443 s
	mean  = 0.0174629 s
	var   = 3.58407e-005 s^2, std = 0.00598671 s
	min   = 0 s
	max   = 0.0625 s

SliceDebugger::setInput:
	117 trials
	total = 0 s
	mean  = 0 s
	var   = 0 s^2, std = 0 s
	min   = 0 s
	max   = 0 s

SliceDebugger::runInternal:
	117 trials
	total = 64.6566 s
	mean  = 0.55262 s
	var   = 0.00133676 s^2, std = 0.0365618 s
	min   = 0.250015 s
	max   = 0.656252 s

