SlavePrintingSoftware::startUp:
	1 trials
	total = 0.278226 s
	mean  = 0.278226 s
	var   = 0 s^2, std = 0 s
	min   = 0.278226 s
	max   = 0.278226 s

PrintingSoftware::execute:
	1 trials
	total = 450.094 s
	mean  = 450.094 s
	var   = 0 s^2, std = 0 s
	min   = 450.094 s
	max   = 450.094 s

DistributedComputingInitiator::Receive:
	1 trials
	total = 149.737 s
	mean  = 149.737 s
	var   = 0 s^2, std = 0 s
	min   = 149.737 s
	max   = 149.737 s

FileParserPJ::setInput:
	1 trials
	total = 0 s
	mean  = 0 s
	var   = 0 s^2, std = 0 s
	min   = 0 s
	max   = 0 s

FileParserPJ::runInternal:
	1 trials
	total = 8.09402 s
	mean  = 8.09402 s
	var   = 0 s^2, std = 0 s
	min   = 8.09402 s
	max   = 8.09402 s

PrintJobOrganizer::setInput:
	1 trials
	total = 0.002092 s
	mean  = 0.002092 s
	var   = 0 s^2, std = 0 s
	min   = 0.002092 s
	max   = 0.002092 s

PrintJobOrganizer::runInternal:
	1 trials
	total = 0.482656 s
	mean  = 0.482656 s
	var   = 0 s^2, std = 0 s
	min   = 0.482656 s
	max   = 0.482656 s

PrintJobPreprocessor::setInput:
	1 trials
	total = 0 s
	mean  = 0 s
	var   = 0 s^2, std = 0 s
	min   = 0 s
	max   = 0 s

PrintJobPreprocessor::runInternal:
	1 trials
	total = 2.26763 s
	mean  = 2.26763 s
	var   = 0 s^2, std = 0 s
	min   = 2.26763 s
	max   = 2.26763 s

PrintJobVoxelizer::setInput:
	16 trials
	total = 0 s
	mean  = 0 s
	var   = 0 s^2, std = 0 s
	min   = 0 s
	max   = 0 s

PrintJobVoxelizer::runInternal:
	16 trials
	total = 117.22 s
	mean  = 7.32623 s
	var   = 1.68001 s^2, std = 1.29615 s
	min   = 3.38446 s
	max   = 8.53266 s

PrintJobVoxelizer::rasterizeObjects:
	16 trials
	total = 27.4251 s
	mean  = 1.71407 s
	var   = 0.248306 s^2, std = 0.498303 s
	min   = 0.525376 s
	max   = 2.19649 s

PrintJobVoxelizer::voxelizeObjects:
	16 trials
	total = 86.8395 s
	mean  = 5.42747 s
	var   = 0.788091 s^2, std = 0.887745 s
	min   = 2.76315 s
	max   = 6.23912 s

PrintJobVoxelizer::finalizeSurfaces:
	16 trials
	total = 0.99423 s
	mean  = 0.0621394 s
	var   = 0.000149039 s^2, std = 0.0122082 s
	min   = 0.027504 s
	max   = 0.074324 s

TonalValueCalculator::setInput:
	16 trials
	total = 0 s
	mean  = 0 s
	var   = 0 s^2, std = 0 s
	min   = 0 s
	max   = 0 s

TonalValueCalculator::runInternal:
	16 trials
	total = 0.629576 s
	mean  = 0.0393485 s
	var   = 0.000291959 s^2, std = 0.0170868 s
	min   = 0.001018 s
	max   = 0.057915 s

SurfaceDistanceOrderedTransfer::setInput:
	16 trials
	total = 0.002012 s
	mean  = 0.00012575 s
	var   = 1.18074e-007 s^2, std = 0.000343619 s
	min   = 0 s
	max   = 0.001011 s

SurfaceDistanceOrderedTransfer::runInternal:
	16 trials
	total = 55.5 s
	mean  = 3.46875 s
	var   = 0.219618 s^2, std = 0.468634 s
	min   = 1.81406 s
	max   = 3.80467 s

SurfaceDistanceOrderedTransfer::buildOrderedSurfaceData:
	16 trials
	total = 0.98051 s
	mean  = 0.0612819 s
	var   = 0.00999817 s^2, std = 0.0999908 s
	min   = 0.001017 s
	max   = 0.432731 s

SurfaceDistanceOrderedTransfer::fillDistanceChannel:
	16 trials
	total = 3.33231 s
	mean  = 0.208269 s
	var   = 0.000509617 s^2, std = 0.0225747 s
	min   = 0.127658 s
	max   = 0.230061 s

SurfaceDistanceOrderedTransfer::transfer:
	16 trials
	total = 50.6494 s
	mean  = 3.16559 s
	var   = 0.288614 s^2, std = 0.537228 s
	min   = 1.24434 s
	max   = 3.52246 s

SurfaceDistanceOrderedTransfer::mergeDistances:
	48 trials
	total = 4.29257 s
	mean  = 0.0894286 s
	var   = 0.000159692 s^2, std = 0.0126369 s
	min   = 0.043804 s
	max   = 0.105024 s

SurfaceDistanceOrderedTransfer::applySqrt:
	16 trials
	total = 0.51958 s
	mean  = 0.0324738 s
	var   = 0.000111062 s^2, std = 0.0105386 s
	min   = 0.009332 s
	max   = 0.044005 s

LayerExtractor::setInput:
	16 trials
	total = 2e-005 s
	mean  = 1.25e-006 s
	var   = 2.5e-011 s^2, std = 5e-006 s
	min   = 0 s
	max   = 2e-005 s

LayerExtractor::runInternal:
	16 trials
	total = 21.573 s
	mean  = 1.34831 s
	var   = 0.241799 s^2, std = 0.491731 s
	min   = 0.222634 s
	max   = 1.84411 s

VectorLayerHalftoner::setInput:
	16 trials
	total = 0.016229 s
	mean  = 0.00101431 s
	var   = 4.09785e-007 s^2, std = 0.000640144 s
	min   = 0 s
	max   = 0.003036 s

VectorLayerHalftoner::runInternal:
	16 trials
	total = 154.327 s
	mean  = 9.64542 s
	var   = 18.4977 s^2, std = 4.3009 s
	min   = 1.37035 s
	max   = 15.8949 s

VectorLayerHalftoner(0)::setupOutputContainerSlaveReporter::serializeSlice:
	777 trials
	total = 418.157 s
	mean  = 0.538169 s
	var   = 0.166209 s^2, std = 0.407688 s
	min   = 0.349596 s
	max   = 4.62769 s

SlaveReporter::Send:
	22 trials
	total = 0.001002 s
	mean  = 4.55455e-005 s
	var   = 4.56365e-008 s^2, std = 0.000213627 s
	min   = 0 s
	max   = 0.001002 s

