Warning:json file inside profile could not be parsed 

GL version: 4.4.0

Warning: there is no json file embedded inside profile 

FileParserPJ: initializing
PrintJobOrganizer: initializing
MasterDistributor: initializing
MasterMerger: initializing
SliceDebugger: initializing
FileParserPJ:  runs 11:13:43

FileParserPJ: loading OBJ file

244921 vertices
489840 faces

FileParserPJ: 245383 texture coordinates

FileParserPJ: 245383 vertices after duplication

FileParserPJ: //filer-igd2.igd.fraunhofer.de/igd-3dt/shared/3DModels/Head/HeadMTL/Head_Level3.obj parsed: 245383 vertices and 489840 faces

FileParserPJ: loading jpg file

FileParserPJ: loading OBJ file

9992 vertices
18312 faces

FileParserPJ: 9437 texture coordinates

FileParserPJ: //filer-igd2.igd.fraunhofer.de/igd-3dt/shared/3DModels/Dame/Dame.obj parsed: 9992 vertices and 18312 faces

FileParserPJ: loading jpg file

FileParserPJ: loading OBJ file

244921 vertices
489840 faces

FileParserPJ: 245383 texture coordinates

FileParserPJ: 245383 vertices after duplication

FileParserPJ: //filer-igd2.igd.fraunhofer.de/igd-3dt/shared/3DModels/Head/HeadMTL/Head_Level3.obj parsed: 245383 vertices and 489840 faces

FileParserPJ: loading jpg file

FileParserPJ: loading OBJ file

9992 vertices
18312 faces

FileParserPJ: 9437 texture coordinates

FileParserPJ: //filer-igd2.igd.fraunhofer.de/igd-3dt/shared/3DModels/Dame/Dame.obj parsed: 9992 vertices and 18312 faces

FileParserPJ: loading jpg file

FileParserPJ: loading OBJ file

244921 vertices
489840 faces

FileParserPJ: 245383 texture coordinates

FileParserPJ: 245383 vertices after duplication

FileParserPJ: //filer-igd2.igd.fraunhofer.de/igd-3dt/shared/3DModels/Head/HeadMTL/Head_Level3.obj parsed: 245383 vertices and 489840 faces

FileParserPJ: loading jpg file

FileParserPJ: loading OBJ file

9992 vertices
18312 faces

FileParserPJ: 9437 texture coordinates

FileParserPJ: //filer-igd2.igd.fraunhofer.de/igd-3dt/shared/3DModels/Dame/Dame.obj parsed: 9992 vertices and 18312 faces

FileParserPJ: loading jpg file

FileParserPJ: loading OBJ file

244921 vertices
489840 faces

FileParserPJ: 245383 texture coordinates

FileParserPJ: 245383 vertices after duplication

FileParserPJ: //filer-igd2.igd.fraunhofer.de/igd-3dt/shared/3DModels/Head/HeadMTL/Head_Level3.obj parsed: 245383 vertices and 489840 faces

FileParserPJ: loading jpg file

FileParserPJ: loading OBJ file

9992 vertices
18312 faces

FileParserPJ: 9437 texture coordinates

FileParserPJ: //filer-igd2.igd.fraunhofer.de/igd-3dt/shared/3DModels/Dame/Dame.obj parsed: 9992 vertices and 18312 faces

FileParserPJ: loading jpg file

FileParserPJ: loading OBJ file

244921 vertices
489840 faces

FileParserPJ: 245383 texture coordinates

FileParserPJ: 245383 vertices after duplication

FileParserPJ: //filer-igd2.igd.fraunhofer.de/igd-3dt/shared/3DModels/Head/HeadMTL/Head_Level3.obj parsed: 245383 vertices and 489840 faces

FileParserPJ: loading jpg file

FileParserPJ: loading OBJ file

9992 vertices
18312 faces

FileParserPJ: 9437 texture coordinates

FileParserPJ: //filer-igd2.igd.fraunhofer.de/igd-3dt/shared/3DModels/Dame/Dame.obj parsed: 9992 vertices and 18312 faces

FileParserPJ: loading jpg file

FileParserPJ: Input files parsed

PrintJobOrganizer:  runs 11:14:3

centering objects at origin
optimizing rotation for height
scaling objects
optimizing rotation for support use
PrintJobOrganizer: support cost         = 25.4851
support cost flipped = 22.9004

PrintJobOrganizer: support cost         = 10.7798
support cost flipped = 10.8551

PrintJobOrganizer: support cost         = 25.4851
support cost flipped = 22.9004

PrintJobOrganizer: support cost         = 10.7798
support cost flipped = 10.8551

PrintJobOrganizer: support cost         = 25.4851
support cost flipped = 22.9004

PrintJobOrganizer: support cost         = 10.7798
support cost flipped = 10.8551

PrintJobOrganizer: support cost         = 25.4851
support cost flipped = 22.9004

PrintJobOrganizer: support cost         = 10.7798
support cost flipped = 10.8551

PrintJobOrganizer: support cost         = 25.4851
support cost flipped = 22.9004

PrintJobOrganizer: support cost         = 10.7798
support cost flipped = 10.8551

arranging objects in 2D
validating object placement
PrintJobOrganizer: print object 1 print-space bounding box: (0.00211667, 0.00423333, 0.00135106), (8.00212, 5.12195, 4.19435)
PrintJobOrganizer: print object 2 print-space bounding box: (0.00211667, 5.32195, 0.00135106), (8.00212, 8.58807, 3.26645)
PrintJobOrganizer: print object 3 print-space bounding box: (0.00211667, 8.78807, 0.00135106), (8.00212, 13.9058, 4.19435)
PrintJobOrganizer: print object 4 print-space bounding box: (0.00211667, 14.1058, 0.00135106), (8.00212, 17.3719, 3.26645)
PrintJobOrganizer: print object 5 print-space bounding box: (0.00211667, 17.5719, 0.00135106), (8.00212, 22.6896, 4.19435)
PrintJobOrganizer: print object 6 print-space bounding box: (0.00211667, 22.8896, 0.00135106), (8.00212, 26.1557, 3.26645)
PrintJobOrganizer: print object 7 print-space bounding box: (0.00211667, 26.3557, 0.00135106), (8.00212, 31.4735, 4.19435)
PrintJobOrganizer: print object 8 print-space bounding box: (0.00211667, 31.6735, 0.00135106), (8.00212, 34.9396, 3.26645)
PrintJobOrganizer: print object 9 print-space bounding box: (8.20212, 0.00423333, 0.00135106), (16.2021, 5.12195, 4.19435)
PrintJobOrganizer: print object 10 print-space bounding box: (0.00211667, 35.1396, 0.00135106), (8.00212, 38.4057, 3.26645)
saving transforms to file
MasterDistributor:  runs 11:14:4

MasterDistributor::runInternal
MasterMerger:  runs 11:14:4

MasterMerger::runInternal
MasterMerger: metadata for thread : 1

MasterMerger: received height : 1026

MasterMerger: received width : 946

MasterMerger: received num of slices : 777

MasterMerger: received chunk size : 10

MasterMerger: received path : //pc2215/SharedFolder/MasterThesis/Documentation/ThesisDocumentation/Results/ScenarioII-DifferentModels/ProtoI/Run2/DistributedComputing/Node_1/Node_1_ReportedSlices/

MasterMerger: metadata for thread : 2

MasterMerger: received height : 822

MasterMerger: received width : 946

MasterMerger: received num of slices : 777

MasterMerger: received chunk size : 10

MasterMerger: received path : //pc2215/SharedFolder/MasterThesis/Documentation/ThesisDocumentation/Results/ScenarioII-DifferentModels/ProtoI/Run2/DistributedComputing/Node_2/Node_2_ReportedSlices/

MasterMerger: metadata for thread : 3

MasterMerger: received height : 712

MasterMerger: received width : 946

MasterMerger: received num of slices : 777

MasterMerger: received chunk size : 10

MasterMerger: received path : //pc2215/SharedFolder/MasterThesis/Documentation/ThesisDocumentation/Results/ScenarioII-DifferentModels/ProtoI/Run2/DistributedComputing/Node_3/Node_3_ReportedSlices/

MasterMerger: Print Volume x:  5905.51

MasterMerger: Print Volume y:  2362.2

MasterMerger: Node id:  1

MasterMerger: Offset x : 0

MasterMerger: Offset y : 0

MasterMerger: Node id:  2

MasterMerger: Offset x : 0

MasterMerger: Offset y : 1037.81

MasterMerger: Node id:  3

MasterMerger: Offset x : 969.622

MasterMerger: Offset y : 0

MasterMerger: Added height is:1026after adding height of slave 1

MasterMerger: Added height is:1848after adding height of slave 2

MasterMerger: Added height is:2560after adding height of slave 3

MasterMerger: Max height reached after adding slave 3 so first list index is 2

MasterMerger: m_fullSliceHt : 2362

MasterMerger: Sum of heights has crossed the print bed height

MasterMerger: Start Index0

MasterMerger: End Index2

MasterMerger: Maximum Current Width is0

MasterMerger: Maximum Current Width is946

MasterMerger: Total current width946

MasterMerger: Start Index2

MasterMerger: End Index3

MasterMerger: Maximum Current Width is0

MasterMerger: Total current width1892

MasterMerger: m_fullSliceWidth : 1928

MasterMerger: m_numSlices : 777

MasterMerger: m_chunkSize : 10

MasterMerger::addSlice called

SliceDebugger:  runs 11:14:41
slices [0, 10):
	channel 0: material (dense)

MasterMerger:  runs 11:14:42

SliceDebugger:  runs 11:16:36
slices [10, 20):
	channel 0: material (dense)

MasterMerger:  runs 11:16:37

SliceDebugger:  runs 11:16:37
slices [20, 30):
	channel 0: material (dense)

MasterMerger:  runs 11:16:38

SliceDebugger:  runs 11:16:54
slices [30, 40):
	channel 0: material (dense)

MasterMerger:  runs 11:16:55

SliceDebugger:  runs 11:17:34
slices [40, 50):
	channel 0: material (dense)

MasterMerger:  runs 11:17:34

SliceDebugger:  runs 11:18:13
slices [50, 60):
	channel 0: material (dense)

MasterMerger:  runs 11:18:14

SliceDebugger:  runs 11:18:54
slices [60, 70):
	channel 0: material (dense)

MasterMerger:  runs 11:18:55

SliceDebugger:  runs 11:19:31
slices [70, 80):
	channel 0: material (dense)

MasterMerger:  runs 11:19:32

SliceDebugger:  runs 11:20:16
slices [80, 90):
	channel 0: material (dense)

MasterMerger:  runs 11:20:17

SliceDebugger:  runs 11:21:1
slices [90, 100):
	channel 0: material (dense)

MasterMerger:  runs 11:21:1

SliceDebugger:  runs 11:21:39
slices [100, 110):
	channel 0: material (dense)

MasterMerger:  runs 11:21:40

SliceDebugger:  runs 11:22:18
slices [110, 120):
	channel 0: material (dense)

MasterMerger:  runs 11:22:19

SliceDebugger:  runs 11:22:53
slices [120, 130):
	channel 0: material (dense)

MasterMerger:  runs 11:22:54

SliceDebugger:  runs 11:23:26
slices [130, 140):
	channel 0: material (dense)

MasterMerger:  runs 11:23:26

SliceDebugger:  runs 11:23:55
slices [140, 150):
	channel 0: material (dense)

MasterMerger:  runs 11:23:56

SliceDebugger:  runs 11:24:38
slices [150, 160):
	channel 0: material (dense)

MasterMerger:  runs 11:24:39

SliceDebugger:  runs 11:24:39
slices [160, 170):
	channel 0: material (dense)

MasterMerger:  runs 11:24:40

SliceDebugger:  runs 11:24:40
slices [170, 180):
	channel 0: material (dense)

MasterMerger:  runs 11:24:41

SliceDebugger:  runs 11:24:41
slices [180, 190):
	channel 0: material (dense)

MasterMerger:  runs 11:24:41

SliceDebugger:  runs 11:24:41
slices [190, 200):
	channel 0: material (dense)

MasterMerger:  runs 11:24:42

SliceDebugger:  runs 11:24:42
slices [200, 210):
	channel 0: material (dense)

MasterMerger:  runs 11:24:43

SliceDebugger:  runs 11:24:43
slices [210, 220):
	channel 0: material (dense)

MasterMerger:  runs 11:24:44

SliceDebugger:  runs 11:24:44
slices [220, 230):
	channel 0: material (dense)

MasterMerger:  runs 11:24:45

SliceDebugger:  runs 11:24:45
slices [230, 240):
	channel 0: material (dense)

MasterMerger:  runs 11:24:45

SliceDebugger:  runs 11:24:45
slices [240, 250):
	channel 0: material (dense)

MasterMerger:  runs 11:24:46

SliceDebugger:  runs 11:24:46
slices [250, 260):
	channel 0: material (dense)

MasterMerger:  runs 11:24:47

SliceDebugger:  runs 11:24:47
slices [260, 270):
	channel 0: material (dense)

MasterMerger:  runs 11:24:48

SliceDebugger:  runs 11:24:48
slices [270, 280):
	channel 0: material (dense)

MasterMerger:  runs 11:24:49

SliceDebugger:  runs 11:24:49
slices [280, 290):
	channel 0: material (dense)

MasterMerger:  runs 11:24:49

SliceDebugger:  runs 11:24:50
slices [290, 300):
	channel 0: material (dense)

MasterMerger:  runs 11:24:50

SliceDebugger:  runs 11:24:50
slices [300, 310):
	channel 0: material (dense)

MasterMerger:  runs 11:24:51

SliceDebugger:  runs 11:24:51
slices [310, 320):
	channel 0: material (dense)

MasterMerger:  runs 11:24:52

SliceDebugger:  runs 11:24:52
slices [320, 330):
	channel 0: material (dense)

MasterMerger:  runs 11:24:53

SliceDebugger:  runs 11:24:53
slices [330, 340):
	channel 0: material (dense)

MasterMerger:  runs 11:24:54

SliceDebugger:  runs 11:24:54
slices [340, 350):
	channel 0: material (dense)

MasterMerger:  runs 11:24:54

SliceDebugger:  runs 11:24:55
slices [350, 360):
	channel 0: material (dense)

MasterMerger:  runs 11:24:55

SliceDebugger:  runs 11:24:55
slices [360, 370):
	channel 0: material (dense)

MasterMerger:  runs 11:24:56

SliceDebugger:  runs 11:24:56
slices [370, 380):
	channel 0: material (dense)

MasterMerger:  runs 11:24:57

SliceDebugger:  runs 11:24:57
slices [380, 390):
	channel 0: material (dense)

MasterMerger:  runs 11:24:58

SliceDebugger:  runs 11:24:58
slices [390, 400):
	channel 0: material (dense)

MasterMerger:  runs 11:24:59

SliceDebugger:  runs 11:24:59
slices [400, 410):
	channel 0: material (dense)

MasterMerger:  runs 11:24:59

SliceDebugger:  runs 11:24:59
slices [410, 420):
	channel 0: material (dense)

MasterMerger:  runs 11:25:0

SliceDebugger:  runs 11:25:0
slices [420, 430):
	channel 0: material (dense)

MasterMerger:  runs 11:25:1

SliceDebugger:  runs 11:25:1
slices [430, 440):
	channel 0: material (dense)

MasterMerger:  runs 11:25:2

SliceDebugger:  runs 11:25:2
slices [440, 450):
	channel 0: material (dense)

MasterMerger:  runs 11:25:3

SliceDebugger:  runs 11:25:3
slices [450, 460):
	channel 0: material (dense)

MasterMerger:  runs 11:25:3

SliceDebugger:  runs 11:25:4
slices [460, 470):
	channel 0: material (dense)

MasterMerger:  runs 11:25:4

SliceDebugger:  runs 11:25:4
slices [470, 480):
	channel 0: material (dense)

MasterMerger:  runs 11:25:5

SliceDebugger:  runs 11:25:5
slices [480, 490):
	channel 0: material (dense)

MasterMerger:  runs 11:25:6

SliceDebugger:  runs 11:25:6
slices [490, 500):
	channel 0: material (dense)

MasterMerger:  runs 11:25:7

SliceDebugger:  runs 11:25:7
slices [500, 510):
	channel 0: material (dense)

MasterMerger:  runs 11:25:7

SliceDebugger:  runs 11:25:8
slices [510, 520):
	channel 0: material (dense)

MasterMerger:  runs 11:25:8

SliceDebugger:  runs 11:25:8
slices [520, 530):
	channel 0: material (dense)

MasterMerger:  runs 11:25:9

SliceDebugger:  runs 11:25:9
slices [530, 540):
	channel 0: material (dense)

MasterMerger:  runs 11:25:10

SliceDebugger:  runs 11:25:10
slices [540, 550):
	channel 0: material (dense)

MasterMerger:  runs 11:25:11

SliceDebugger:  runs 11:25:11
slices [550, 560):
	channel 0: material (dense)

MasterMerger:  runs 11:25:11

SliceDebugger:  runs 11:25:12
slices [560, 570):
	channel 0: material (dense)

MasterMerger:  runs 11:25:12

SliceDebugger:  runs 11:25:12
slices [570, 580):
	channel 0: material (dense)

MasterMerger:  runs 11:25:13

SliceDebugger:  runs 11:25:13
slices [580, 590):
	channel 0: material (dense)

MasterMerger:  runs 11:25:14

SliceDebugger:  runs 11:25:14
slices [590, 600):
	channel 0: material (dense)

MasterMerger:  runs 11:25:15

SliceDebugger:  runs 11:25:15
slices [600, 610):
	channel 0: material (dense)

MasterMerger:  runs 11:25:15

SliceDebugger:  runs 11:25:15
slices [610, 620):
	channel 0: material (dense)

MasterMerger:  runs 11:25:16

SliceDebugger:  runs 11:25:16
slices [620, 630):
	channel 0: material (dense)

MasterMerger:  runs 11:25:17

SliceDebugger:  runs 11:25:17
slices [630, 640):
	channel 0: material (dense)

MasterMerger:  runs 11:25:18

SliceDebugger:  runs 11:25:18
slices [640, 650):
	channel 0: material (dense)

MasterMerger:  runs 11:25:19

SliceDebugger:  runs 11:25:19
slices [650, 660):
	channel 0: material (dense)

MasterMerger:  runs 11:25:19

SliceDebugger:  runs 11:25:19
slices [660, 670):
	channel 0: material (dense)

MasterMerger:  runs 11:25:20

SliceDebugger:  runs 11:25:20
slices [670, 680):
	channel 0: material (dense)

MasterMerger:  runs 11:25:21

SliceDebugger:  runs 11:25:21
slices [680, 690):
	channel 0: material (dense)

MasterMerger:  runs 11:25:22

SliceDebugger:  runs 11:25:22
slices [690, 700):
	channel 0: material (dense)

MasterMerger:  runs 11:25:22

SliceDebugger:  runs 11:25:22
slices [700, 710):
	channel 0: material (dense)

MasterMerger:  runs 11:25:23

SliceDebugger:  runs 11:25:23
slices [710, 720):
	channel 0: material (dense)

MasterMerger:  runs 11:25:24

SliceDebugger:  runs 11:25:24
slices [720, 730):
	channel 0: material (dense)

MasterMerger:  runs 11:25:25

SliceDebugger:  runs 11:25:25
slices [730, 740):
	channel 0: material (dense)

MasterMerger:  runs 11:25:25

SliceDebugger:  runs 11:25:26
slices [740, 750):
	channel 0: material (dense)

MasterMerger:  runs 11:25:26

SliceDebugger:  runs 11:25:26
slices [750, 760):
	channel 0: material (dense)

MasterMerger:  runs 11:25:27

SliceDebugger:  runs 11:25:27
slices [760, 770):
	channel 0: material (dense)

MasterMerger:  runs 11:25:28

SliceDebugger:  runs 11:25:28
slices [770, 777):
	channel 0: material (dense)

Computation finished 

Status: success
Master Node  0 :Total execution time in seconds 706.316

