SlavePrintingSoftware::startUp:
	1 trials
	total = 2.15646 s
	mean  = 2.15646 s
	var   = 0 s^2, std = 0 s
	min   = 2.15646 s
	max   = 2.15646 s

PrintingSoftware::execute:
	1 trials
	total = 882.06 s
	mean  = 882.06 s
	var   = 0 s^2, std = 0 s
	min   = 882.06 s
	max   = 882.06 s

DistributedComputingInitiator::Receive:
	1 trials
	total = 17.4861 s
	mean  = 17.4861 s
	var   = 0 s^2, std = 0 s
	min   = 17.4861 s
	max   = 17.4861 s

FileParserPJ::setInput:
	1 trials
	total = 0 s
	mean  = 0 s
	var   = 0 s^2, std = 0 s
	min   = 0 s
	max   = 0 s

FileParserPJ::runInternal:
	1 trials
	total = 13.5638 s
	mean  = 13.5638 s
	var   = 0 s^2, std = 0 s
	min   = 13.5638 s
	max   = 13.5638 s

PrintJobOrganizer::setInput:
	1 trials
	total = 0.015627 s
	mean  = 0.015627 s
	var   = 0 s^2, std = 0 s
	min   = 0.015627 s
	max   = 0.015627 s

PrintJobOrganizer::runInternal:
	1 trials
	total = 1.04698 s
	mean  = 1.04698 s
	var   = 0 s^2, std = 0 s
	min   = 1.04698 s
	max   = 1.04698 s

PrintJobPreprocessor::setInput:
	1 trials
	total = 0 s
	mean  = 0 s
	var   = 0 s^2, std = 0 s
	min   = 0 s
	max   = 0 s

PrintJobPreprocessor::runInternal:
	1 trials
	total = 2.93779 s
	mean  = 2.93779 s
	var   = 0 s^2, std = 0 s
	min   = 2.93779 s
	max   = 2.93779 s

PrintJobVoxelizer::setInput:
	16 trials
	total = 0 s
	mean  = 0 s
	var   = 0 s^2, std = 0 s
	min   = 0 s
	max   = 0 s

PrintJobVoxelizer::runInternal:
	16 trials
	total = 377.696 s
	mean  = 23.606 s
	var   = 704.19 s^2, std = 26.5366 s
	min   = 3.56285 s
	max   = 84.8061 s

PrintJobVoxelizer::rasterizeObjects:
	16 trials
	total = 129.81 s
	mean  = 8.11316 s
	var   = 158.338 s^2, std = 12.5832 s
	min   = 0.562555 s
	max   = 38.4412 s

PrintJobVoxelizer::voxelizeObjects:
	16 trials
	total = 239.932 s
	mean  = 14.9957 s
	var   = 191.469 s^2, std = 13.8372 s
	min   = 2.87528 s
	max   = 45.6148 s

PrintJobVoxelizer::finalizeSurfaces:
	16 trials
	total = 4.54731 s
	mean  = 0.284207 s
	var   = 0.429193 s^2, std = 0.655128 s
	min   = 0.031253 s
	max   = 2.67214 s

TonalValueCalculator::setInput:
	16 trials
	total = 0 s
	mean  = 0 s
	var   = 0 s^2, std = 0 s
	min   = 0 s
	max   = 0 s

TonalValueCalculator::runInternal:
	16 trials
	total = 0.81257 s
	mean  = 0.0507856 s
	var   = 0.000960467 s^2, std = 0.0309914 s
	min   = 0 s
	max   = 0.109385 s

SurfaceDistanceOrderedTransfer::setInput:
	16 trials
	total = 0 s
	mean  = 0 s
	var   = 0 s^2, std = 0 s
	min   = 0 s
	max   = 0 s

SurfaceDistanceOrderedTransfer::runInternal:
	16 trials
	total = 119.793 s
	mean  = 7.48706 s
	var   = 28.4943 s^2, std = 5.338 s
	min   = 2.48462 s
	max   = 25.1743 s

SurfaceDistanceOrderedTransfer::buildOrderedSurfaceData:
	16 trials
	total = 1.21891 s
	mean  = 0.0761818 s
	var   = 0.01097 s^2, std = 0.104738 s
	min   = 0 s
	max   = 0.453207 s

SurfaceDistanceOrderedTransfer::fillDistanceChannel:
	16 trials
	total = 3.8598 s
	mean  = 0.241237 s
	var   = 0.00162683 s^2, std = 0.040334 s
	min   = 0.109383 s
	max   = 0.281278 s

SurfaceDistanceOrderedTransfer::transfer:
	16 trials
	total = 111.323 s
	mean  = 6.95771 s
	var   = 27.0658 s^2, std = 5.20248 s
	min   = 1.89079 s
	max   = 24.6274 s

SurfaceDistanceOrderedTransfer::mergeDistances:
	64 trials
	total = 19.6568 s
	mean  = 0.307137 s
	var   = 0.396673 s^2, std = 0.62982 s
	min   = 0.031253 s
	max   = 2.73464 s

SurfaceDistanceOrderedTransfer::applySqrt:
	16 trials
	total = 3.39092 s
	mean  = 0.211933 s
	var   = 0.216481 s^2, std = 0.465275 s
	min   = 0.03124 s
	max   = 1.95332 s

LayerExtractor::setInput:
	16 trials
	total = 0 s
	mean  = 0 s
	var   = 0 s^2, std = 0 s
	min   = 0 s
	max   = 0 s

LayerExtractor::runInternal:
	16 trials
	total = 23.1116 s
	mean  = 1.44448 s
	var   = 0.457574 s^2, std = 0.676442 s
	min   = 0.218802 s
	max   = 2.84403 s

VectorLayerHalftoner::setInput:
	16 trials
	total = 0.015626 s
	mean  = 0.000976625 s
	var   = 1.52607e-005 s^2, std = 0.0039065 s
	min   = 0 s
	max   = 0.015626 s

VectorLayerHalftoner::runInternal:
	16 trials
	total = 241.024 s
	mean  = 15.064 s
	var   = 99.4277 s^2, std = 9.97135 s
	min   = 1.78142 s
	max   = 30.3624 s

VectorLayerHalftoner(0)::setupOutputContainerSlaveReporter::serializeSlice:
	777 trials
	total = 747.084 s
	mean  = 0.961499 s
	var   = 2.00222 s^2, std = 1.415 s
	min   = 0.437542 s
	max   = 17.236 s

SlaveReporter::Send:
	22 trials
	total = 0 s
	mean  = 0 s
	var   = 0 s^2, std = 0 s
	min   = 0 s
	max   = 0 s

