SlavePrintingSoftware::startUp:
	1 trials
	total = 0.343784 s
	mean  = 0.343784 s
	var   = 0 s^2, std = 0 s
	min   = 0.343784 s
	max   = 0.343784 s

PrintingSoftware::execute:
	1 trials
	total = 257.932 s
	mean  = 257.932 s
	var   = 0 s^2, std = 0 s
	min   = 257.932 s
	max   = 257.932 s

DistributedComputingInitiator::Receive:
	1 trials
	total = 10.3135 s
	mean  = 10.3135 s
	var   = 0 s^2, std = 0 s
	min   = 10.3135 s
	max   = 10.3135 s

FileParserPJ::setInput:
	1 trials
	total = 0 s
	mean  = 0 s
	var   = 0 s^2, std = 0 s
	min   = 0 s
	max   = 0 s

FileParserPJ::runInternal:
	1 trials
	total = 4.26604 s
	mean  = 4.26604 s
	var   = 0 s^2, std = 0 s
	min   = 4.26604 s
	max   = 4.26604 s

PrintJobOrganizer::setInput:
	1 trials
	total = 0 s
	mean  = 0 s
	var   = 0 s^2, std = 0 s
	min   = 0 s
	max   = 0 s

PrintJobOrganizer::runInternal:
	1 trials
	total = 0.249996 s
	mean  = 0.249996 s
	var   = 0 s^2, std = 0 s
	min   = 0.249996 s
	max   = 0.249996 s

PrintJobPreprocessor::setInput:
	1 trials
	total = 0 s
	mean  = 0 s
	var   = 0 s^2, std = 0 s
	min   = 0 s
	max   = 0 s

PrintJobPreprocessor::runInternal:
	1 trials
	total = 0.85949 s
	mean  = 0.85949 s
	var   = 0 s^2, std = 0 s
	min   = 0.85949 s
	max   = 0.85949 s

PrintJobVoxelizer::setInput:
	16 trials
	total = 0 s
	mean  = 0 s
	var   = 0 s^2, std = 0 s
	min   = 0 s
	max   = 0 s

PrintJobVoxelizer::runInternal:
	16 trials
	total = 51.3798 s
	mean  = 3.21124 s
	var   = 0.452469 s^2, std = 0.672659 s
	min   = 1.21884 s
	max   = 3.68786 s

PrintJobVoxelizer::rasterizeObjects:
	16 trials
	total = 13.9388 s
	mean  = 0.871172 s
	var   = 0.0717738 s^2, std = 0.267906 s
	min   = 0.265655 s
	max   = 1.10945 s

PrintJobVoxelizer::voxelizeObjects:
	16 trials
	total = 35.5972 s
	mean  = 2.22483 s
	var   = 0.197857 s^2, std = 0.444811 s
	min   = 0.890709 s
	max   = 2.57841 s

PrintJobVoxelizer::finalizeSurfaces:
	16 trials
	total = 0.640439 s
	mean  = 0.0400274 s
	var   = 0.000292149 s^2, std = 0.0170924 s
	min   = 0.015596 s
	max   = 0.093759 s

TonalValueCalculator::setInput:
	16 trials
	total = 0 s
	mean  = 0 s
	var   = 0 s^2, std = 0 s
	min   = 0 s
	max   = 0 s

TonalValueCalculator::runInternal:
	16 trials
	total = 0.375032 s
	mean  = 0.0234395 s
	var   = 0.000162788 s^2, std = 0.0127588 s
	min   = 0 s
	max   = 0.04688 s

SurfaceDistanceOrderedTransfer::setInput:
	16 trials
	total = 0 s
	mean  = 0 s
	var   = 0 s^2, std = 0 s
	min   = 0 s
	max   = 0 s

SurfaceDistanceOrderedTransfer::runInternal:
	16 trials
	total = 22.737 s
	mean  = 1.42106 s
	var   = 0.0447811 s^2, std = 0.211616 s
	min   = 0.6876 s
	max   = 1.56265 s

SurfaceDistanceOrderedTransfer::buildOrderedSurfaceData:
	16 trials
	total = 0.484517 s
	mean  = 0.0302823 s
	var   = 0.00219712 s^2, std = 0.0468734 s
	min   = 0 s
	max   = 0.203172 s

SurfaceDistanceOrderedTransfer::fillDistanceChannel:
	16 trials
	total = 1.75015 s
	mean  = 0.109384 s
	var   = 0.000520823 s^2, std = 0.0228216 s
	min   = 0.03126 s
	max   = 0.12504 s

SurfaceDistanceOrderedTransfer::transfer:
	16 trials
	total = 19.0488 s
	mean  = 1.19055 s
	var   = 0.0477106 s^2, std = 0.218428 s
	min   = 0.421882 s
	max   = 1.34388 s

SurfaceDistanceOrderedTransfer::mergeDistances:
	32 trials
	total = 2.81634 s
	mean  = 0.0880107 s
	var   = 0.000303005 s^2, std = 0.017407 s
	min   = 0.031252 s
	max   = 0.09379 s

SurfaceDistanceOrderedTransfer::applySqrt:
	16 trials
	total = 1.43791 s
	mean  = 0.0898696 s
	var   = 0.000244056 s^2, std = 0.0156223 s
	min   = 0.031286 s
	max   = 0.093791 s

LayerExtractor::setInput:
	16 trials
	total = 0 s
	mean  = 0 s
	var   = 0 s^2, std = 0 s
	min   = 0 s
	max   = 0 s

LayerExtractor::runInternal:
	16 trials
	total = 9.81351 s
	mean  = 0.613344 s
	var   = 0.0623977 s^2, std = 0.249795 s
	min   = 0.093756 s
	max   = 1.04698 s

VectorLayerHalftoner::setInput:
	16 trials
	total = 0.001412 s
	mean  = 8.825e-005 s
	var   = 1.24609e-007 s^2, std = 0.000353 s
	min   = 0 s
	max   = 0.001412 s

VectorLayerHalftoner::runInternal:
	16 trials
	total = 66.9414 s
	mean  = 4.18384 s
	var   = 3.2525 s^2, std = 1.80347 s
	min   = 0.67194 s
	max   = 6.62569 s

VectorLayerHalftoner(0)::setupOutputContainerSlaveReporter::serializeSlice:
	777 trials
	total = 241.171 s
	mean  = 0.310387 s
	var   = 0.0333877 s^2, std = 0.182723 s
	min   = 0.218739 s
	max   = 2.43774 s

SlaveReporter::Send:
	22 trials
	total = 0 s
	mean  = 0 s
	var   = 0 s^2, std = 0 s
	min   = 0 s
	max   = 0 s

