SlavePrintingSoftware::startUp:
	1 trials
	total = 0.249105 s
	mean  = 0.249105 s
	var   = 0 s^2, std = 0 s
	min   = 0.249105 s
	max   = 0.249105 s

PrintingSoftware::execute:
	1 trials
	total = 1011.62 s
	mean  = 1011.62 s
	var   = 0 s^2, std = 0 s
	min   = 1011.62 s
	max   = 1011.62 s

DistributedComputingInitiator::Receive:
	1 trials
	total = 37.2684 s
	mean  = 37.2684 s
	var   = 0 s^2, std = 0 s
	min   = 37.2684 s
	max   = 37.2684 s

FileParserPJ::setInput:
	1 trials
	total = 0 s
	mean  = 0 s
	var   = 0 s^2, std = 0 s
	min   = 0 s
	max   = 0 s

FileParserPJ::runInternal:
	1 trials
	total = 16.5348 s
	mean  = 16.5348 s
	var   = 0 s^2, std = 0 s
	min   = 16.5348 s
	max   = 16.5348 s

PrintJobOrganizer::setInput:
	1 trials
	total = 0 s
	mean  = 0 s
	var   = 0 s^2, std = 0 s
	min   = 0 s
	max   = 0 s

PrintJobOrganizer::runInternal:
	1 trials
	total = 0.969988 s
	mean  = 0.969988 s
	var   = 0 s^2, std = 0 s
	min   = 0.969988 s
	max   = 0.969988 s

PrintJobPreprocessor::setInput:
	1 trials
	total = 0 s
	mean  = 0 s
	var   = 0 s^2, std = 0 s
	min   = 0 s
	max   = 0 s

PrintJobPreprocessor::runInternal:
	1 trials
	total = 4.83194 s
	mean  = 4.83194 s
	var   = 0 s^2, std = 0 s
	min   = 4.83194 s
	max   = 4.83194 s

PrintJobVoxelizer::setInput:
	16 trials
	total = 0 s
	mean  = 0 s
	var   = 0 s^2, std = 0 s
	min   = 0 s
	max   = 0 s

PrintJobVoxelizer::runInternal:
	16 trials
	total = 279.779 s
	mean  = 17.4862 s
	var   = 6.85154 s^2, std = 2.61754 s
	min   = 8.6602 s
	max   = 20.2053 s

PrintJobVoxelizer::rasterizeObjects:
	16 trials
	total = 48.65 s
	mean  = 3.04063 s
	var   = 0.949358 s^2, std = 0.97435 s
	min   = 0.807241 s
	max   = 4.20886 s

PrintJobVoxelizer::voxelizeObjects:
	16 trials
	total = 226.061 s
	mean  = 14.1288 s
	var   = 4.2443 s^2, std = 2.06017 s
	min   = 7.68616 s
	max   = 16.1173 s

PrintJobVoxelizer::finalizeSurfaces:
	16 trials
	total = 1.69954 s
	mean  = 0.106222 s
	var   = 0.000368912 s^2, std = 0.0192071 s
	min   = 0.048759 s
	max   = 0.120412 s

TonalValueCalculator::setInput:
	16 trials
	total = 0.000501 s
	mean  = 3.13125e-005 s
	var   = 1.56876e-008 s^2, std = 0.00012525 s
	min   = 0 s
	max   = 0.000501 s

TonalValueCalculator::runInternal:
	16 trials
	total = 1.22895 s
	mean  = 0.0768096 s
	var   = 0.00108947 s^2, std = 0.0330072 s
	min   = 0.010535 s
	max   = 0.142879 s

SurfaceDistanceOrderedTransfer::setInput:
	16 trials
	total = 0 s
	mean  = 0 s
	var   = 0 s^2, std = 0 s
	min   = 0 s
	max   = 0 s

SurfaceDistanceOrderedTransfer::runInternal:
	16 trials
	total = 145.005 s
	mean  = 9.06279 s
	var   = 2.14964 s^2, std = 1.46617 s
	min   = 4.01877 s
	max   = 10.2328 s

SurfaceDistanceOrderedTransfer::buildOrderedSurfaceData:
	16 trials
	total = 1.84953 s
	mean  = 0.115595 s
	var   = 0.0258415 s^2, std = 0.160753 s
	min   = 0 s
	max   = 0.70516 s

SurfaceDistanceOrderedTransfer::fillDistanceChannel:
	16 trials
	total = 5.92199 s
	mean  = 0.370124 s
	var   = 0.00311716 s^2, std = 0.0558315 s
	min   = 0.16884 s
	max   = 0.423921 s

SurfaceDistanceOrderedTransfer::transfer:
	16 trials
	total = 136.382 s
	mean  = 8.52388 s
	var   = 2.39098 s^2, std = 1.54628 s
	min   = 3.13274 s
	max   = 9.7209 s

SurfaceDistanceOrderedTransfer::mergeDistances:
	80 trials
	total = 9.70772 s
	mean  = 0.121346 s
	var   = 0.000309768 s^2, std = 0.0176002 s
	min   = 0.060661 s
	max   = 0.145386 s

SurfaceDistanceOrderedTransfer::applySqrt:
	16 trials
	total = 0.844575 s
	mean  = 0.0527859 s
	var   = 0.000310554 s^2, std = 0.0176226 s
	min   = 0.011029 s
	max   = 0.072534 s

LayerExtractor::setInput:
	16 trials
	total = 0.000501 s
	mean  = 3.13125e-005 s
	var   = 1.56876e-008 s^2, std = 0.00012525 s
	min   = 0 s
	max   = 0.000501 s

LayerExtractor::runInternal:
	16 trials
	total = 36.6649 s
	mean  = 2.29156 s
	var   = 0.815804 s^2, std = 0.903219 s
	min   = 0.319024 s
	max   = 3.38003 s

VectorLayerHalftoner::setInput:
	16 trials
	total = 0.002788 s
	mean  = 0.00017425 s
	var   = 1.50724e-007 s^2, std = 0.000388232 s
	min   = 0 s
	max   = 0.001171 s

VectorLayerHalftoner::runInternal:
	16 trials
	total = 372.695 s
	mean  = 23.2934 s
	var   = 125.995 s^2, std = 11.2248 s
	min   = 2.06692 s
	max   = 39.6566 s

VectorLayerHalftoner(0)::setupOutputContainerSlaveReporter::serializeSlice:
	777 trials
	total = 919.476 s
	mean  = 1.18337 s
	var   = 1.49973 s^2, std = 1.22464 s
	min   = 0.681163 s
	max   = 11.9717 s

SlaveReporter::Send:
	22 trials
	total = 0 s
	mean  = 0 s
	var   = 0 s^2, std = 0 s
	min   = 0 s
	max   = 0 s

