SlavePrintingSoftware::startUp:
	1 trials
	total = 0.348576 s
	mean  = 0.348576 s
	var   = 0 s^2, std = 0 s
	min   = 0.348576 s
	max   = 0.348576 s

PrintingSoftware::execute:
	1 trials
	total = 1108.88 s
	mean  = 1108.88 s
	var   = 0 s^2, std = 0 s
	min   = 1108.88 s
	max   = 1108.88 s

DistributedComputingInitiator::Receive:
	1 trials
	total = 8.18597 s
	mean  = 8.18597 s
	var   = 0 s^2, std = 0 s
	min   = 8.18597 s
	max   = 8.18597 s

FileParserPJ::setInput:
	1 trials
	total = 0 s
	mean  = 0 s
	var   = 0 s^2, std = 0 s
	min   = 0 s
	max   = 0 s

FileParserPJ::runInternal:
	1 trials
	total = 3.81638 s
	mean  = 3.81638 s
	var   = 0 s^2, std = 0 s
	min   = 3.81638 s
	max   = 3.81638 s

PrintJobOrganizer::setInput:
	1 trials
	total = 0 s
	mean  = 0 s
	var   = 0 s^2, std = 0 s
	min   = 0 s
	max   = 0 s

PrintJobOrganizer::runInternal:
	1 trials
	total = 0.312532 s
	mean  = 0.312532 s
	var   = 0 s^2, std = 0 s
	min   = 0.312532 s
	max   = 0.312532 s

PrintJobPreprocessor::setInput:
	1 trials
	total = 0 s
	mean  = 0 s
	var   = 0 s^2, std = 0 s
	min   = 0 s
	max   = 0 s

PrintJobPreprocessor::runInternal:
	1 trials
	total = 0.890768 s
	mean  = 0.890768 s
	var   = 0 s^2, std = 0 s
	min   = 0.890768 s
	max   = 0.890768 s

PrintJobVoxelizer::setInput:
	32 trials
	total = 0 s
	mean  = 0 s
	var   = 0 s^2, std = 0 s
	min   = 0 s
	max   = 0 s

PrintJobVoxelizer::runInternal:
	32 trials
	total = 120.361 s
	mean  = 3.76129 s
	var   = 0.47899 s^2, std = 0.692091 s
	min   = 0.281258 s
	max   = 4.23598 s

PrintJobVoxelizer::rasterizeObjects:
	32 trials
	total = 23.7866 s
	mean  = 0.743333 s
	var   = 0.0510475 s^2, std = 0.225937 s
	min   = 0.218746 s
	max   = 1.00008 s

PrintJobVoxelizer::voxelizeObjects:
	32 trials
	total = 89.8066 s
	mean  = 2.80646 s
	var   = 0.261075 s^2, std = 0.510955 s
	min   = 0.046908 s
	max   = 3.14096 s

PrintJobVoxelizer::finalizeSurfaces:
	32 trials
	total = 2.06036 s
	mean  = 0.0643862 s
	var   = 0.000213483 s^2, std = 0.014611 s
	min   = 0 s
	max   = 0.078136 s

TonalValueCalculator::setInput:
	32 trials
	total = 0 s
	mean  = 0 s
	var   = 0 s^2, std = 0 s
	min   = 0 s
	max   = 0 s

TonalValueCalculator::runInternal:
	32 trials
	total = 0.782121 s
	mean  = 0.0244413 s
	var   = 0.000156937 s^2, std = 0.0125274 s
	min   = 0 s
	max   = 0.04688 s

SurfaceDistanceOrderedTransfer::setInput:
	32 trials
	total = 0 s
	mean  = 0 s
	var   = 0 s^2, std = 0 s
	min   = 0 s
	max   = 0 s

SurfaceDistanceOrderedTransfer::runInternal:
	32 trials
	total = 43.3547 s
	mean  = 1.35483 s
	var   = 0.0264298 s^2, std = 0.162572 s
	min   = 0.781356 s
	max   = 1.54704 s

SurfaceDistanceOrderedTransfer::buildOrderedSurfaceData:
	32 trials
	total = 1.30079 s
	mean  = 0.0406498 s
	var   = 0.00766836 s^2, std = 0.0875692 s
	min   = 0 s
	max   = 0.515681 s

SurfaceDistanceOrderedTransfer::fillDistanceChannel:
	32 trials
	total = 4.14337 s
	mean  = 0.12948 s
	var   = 0.000316146 s^2, std = 0.0177805 s
	min   = 0.062507 s
	max   = 0.140642 s

SurfaceDistanceOrderedTransfer::transfer:
	32 trials
	total = 35.4724 s
	mean  = 1.10851 s
	var   = 0.0342644 s^2, std = 0.185107 s
	min   = 0.390666 s
	max   = 1.28139 s

SurfaceDistanceOrderedTransfer::mergeDistances:
	32 trials
	total = 0 s
	mean  = 0 s
	var   = 0 s^2, std = 0 s
	min   = 0 s
	max   = 0 s

SurfaceDistanceOrderedTransfer::applySqrt:
	32 trials
	total = 2.43793 s
	mean  = 0.0761854 s
	var   = 0.000106305 s^2, std = 0.0103105 s
	min   = 0.031253 s
	max   = 0.093761 s

LayerExtractor::setInput:
	32 trials
	total = 0 s
	mean  = 0 s
	var   = 0 s^2, std = 0 s
	min   = 0 s
	max   = 0 s

LayerExtractor::runInternal:
	32 trials
	total = 31.2463 s
	mean  = 0.976447 s
	var   = 0.0795303 s^2, std = 0.282011 s
	min   = 0.203148 s
	max   = 1.37513 s

VectorLayerHalftoner::setInput:
	32 trials
	total = 0.062559 s
	mean  = 0.00195497 s
	var   = 2.76164e-005 s^2, std = 0.00525513 s
	min   = 0 s
	max   = 0.015681 s

VectorLayerHalftoner::runInternal:
	32 trials
	total = 231.745 s
	mean  = 7.24202 s
	var   = 4.39308 s^2, std = 2.09597 s
	min   = 1.31259 s
	max   = 10.0991 s

VectorLayerHalftoner(0)::setupOutputContainerSlaveReporter::serializeSlice:
	1396 trials
	total = 1091.66 s
	mean  = 0.781994 s
	var   = 0.125176 s^2, std = 0.353803 s
	min   = 0.521933 s
	max   = 3.48472 s

SlaveReporter::Send:
	38 trials
	total = 0 s
	mean  = 0 s
	var   = 0 s^2, std = 0 s
	min   = 0 s
	max   = 0 s

