Warning:json file inside profile could not be parsed 

GL version: 4.4.0

Warning: there is no json file embedded inside profile 

FileParserPJ: initializing
PrintJobOrganizer: initializing
MasterDistributor: initializing
MasterMerger: initializing
SliceDebugger: initializing
FileParserPJ:  runs 11:51:30

FileParserPJ: loading OBJ file

244921 vertices
489840 faces

FileParserPJ: 245383 texture coordinates

FileParserPJ: 245383 vertices after duplication

FileParserPJ: //filer-igd2.igd.fraunhofer.de/igd-3dt/shared/3DModels/Head/HeadMTL/Head_Level3.obj parsed: 245383 vertices and 489840 faces

FileParserPJ: loading jpg file

FileParserPJ: loading OBJ file

244921 vertices
489840 faces

FileParserPJ: 245383 texture coordinates

FileParserPJ: 245383 vertices after duplication

FileParserPJ: //filer-igd2.igd.fraunhofer.de/igd-3dt/shared/3DModels/Head/HeadMTL/Head_Level3.obj parsed: 245383 vertices and 489840 faces

FileParserPJ: loading jpg file

FileParserPJ: loading OBJ file

244921 vertices
489840 faces

FileParserPJ: 245383 texture coordinates

FileParserPJ: 245383 vertices after duplication

FileParserPJ: //filer-igd2.igd.fraunhofer.de/igd-3dt/shared/3DModels/Head/HeadMTL/Head_Level3.obj parsed: 245383 vertices and 489840 faces

FileParserPJ: loading jpg file

FileParserPJ: loading OBJ file

244921 vertices
489840 faces

FileParserPJ: 245383 texture coordinates

FileParserPJ: 245383 vertices after duplication

FileParserPJ: //filer-igd2.igd.fraunhofer.de/igd-3dt/shared/3DModels/Head/HeadMTL/Head_Level3.obj parsed: 245383 vertices and 489840 faces

FileParserPJ: loading jpg file

FileParserPJ: loading OBJ file

244921 vertices
489840 faces

FileParserPJ: 245383 texture coordinates

FileParserPJ: 245383 vertices after duplication

FileParserPJ: //filer-igd2.igd.fraunhofer.de/igd-3dt/shared/3DModels/Head/HeadMTL/Head_Level3.obj parsed: 245383 vertices and 489840 faces

FileParserPJ: loading jpg file

FileParserPJ: loading OBJ file

244921 vertices
489840 faces

FileParserPJ: 245383 texture coordinates

FileParserPJ: 245383 vertices after duplication

FileParserPJ: //filer-igd2.igd.fraunhofer.de/igd-3dt/shared/3DModels/Head/HeadMTL/Head_Level3.obj parsed: 245383 vertices and 489840 faces

FileParserPJ: loading jpg file

FileParserPJ: loading OBJ file

244921 vertices
489840 faces

FileParserPJ: 245383 texture coordinates

FileParserPJ: 245383 vertices after duplication

FileParserPJ: //filer-igd2.igd.fraunhofer.de/igd-3dt/shared/3DModels/Head/HeadMTL/Head_Level3.obj parsed: 245383 vertices and 489840 faces

FileParserPJ: loading jpg file

FileParserPJ: loading OBJ file

244921 vertices
489840 faces

FileParserPJ: 245383 texture coordinates

FileParserPJ: 245383 vertices after duplication

FileParserPJ: //filer-igd2.igd.fraunhofer.de/igd-3dt/shared/3DModels/Head/HeadMTL/Head_Level3.obj parsed: 245383 vertices and 489840 faces

FileParserPJ: loading jpg file

FileParserPJ: loading OBJ file

244921 vertices
489840 faces

FileParserPJ: 245383 texture coordinates

FileParserPJ: 245383 vertices after duplication

FileParserPJ: //filer-igd2.igd.fraunhofer.de/igd-3dt/shared/3DModels/Head/HeadMTL/Head_Level3.obj parsed: 245383 vertices and 489840 faces

FileParserPJ: loading jpg file

FileParserPJ: loading OBJ file

244921 vertices
489840 faces

FileParserPJ: 245383 texture coordinates

FileParserPJ: 245383 vertices after duplication

FileParserPJ: //filer-igd2.igd.fraunhofer.de/igd-3dt/shared/3DModels/Head/HeadMTL/Head_Level3.obj parsed: 245383 vertices and 489840 faces

FileParserPJ: loading jpg file

FileParserPJ: Input files parsed

PrintJobOrganizer:  runs 11:52:3

centering objects at origin
optimizing rotation for height
scaling objects
optimizing rotation for support use
PrintJobOrganizer: support cost         = 25.4851
support cost flipped = 22.9004

PrintJobOrganizer: support cost         = 25.4851
support cost flipped = 22.9004

PrintJobOrganizer: support cost         = 25.4851
support cost flipped = 22.9004

PrintJobOrganizer: support cost         = 25.4851
support cost flipped = 22.9004

PrintJobOrganizer: support cost         = 25.4851
support cost flipped = 22.9004

PrintJobOrganizer: support cost         = 25.4851
support cost flipped = 22.9004

PrintJobOrganizer: support cost         = 25.4851
support cost flipped = 22.9004

PrintJobOrganizer: support cost         = 25.4851
support cost flipped = 22.9004

PrintJobOrganizer: support cost         = 25.4851
support cost flipped = 22.9004

PrintJobOrganizer: support cost         = 25.4851
support cost flipped = 22.9004

arranging objects in 2D
validating object placement
PrintJobOrganizer: print object 1 print-space bounding box: (0.00211667, 0.00423333, 0.00135106), (8.00212, 5.12195, 4.19435)
PrintJobOrganizer: print object 2 print-space bounding box: (0.00211667, 5.32195, 0.00135106), (8.00212, 10.4397, 4.19435)
PrintJobOrganizer: print object 3 print-space bounding box: (0.00211667, 10.6397, 0.00135106), (8.00212, 15.7574, 4.19435)
PrintJobOrganizer: print object 4 print-space bounding box: (0.00211667, 15.9574, 0.00135106), (8.00212, 21.0751, 4.19435)
PrintJobOrganizer: print object 5 print-space bounding box: (0.00211667, 21.2751, 0.00135106), (8.00212, 26.3928, 4.19435)
PrintJobOrganizer: print object 6 print-space bounding box: (0.00211667, 26.5928, 0.00135106), (8.00212, 31.7106, 4.19435)
PrintJobOrganizer: print object 7 print-space bounding box: (0.00211667, 31.9106, 0.00135106), (8.00212, 37.0283, 4.19435)
PrintJobOrganizer: print object 8 print-space bounding box: (8.20212, 0.00423333, 0.00135106), (16.2021, 5.12195, 4.19435)
PrintJobOrganizer: print object 9 print-space bounding box: (8.20212, 5.32195, 0.00135106), (16.2021, 10.4397, 4.19435)
PrintJobOrganizer: print object 10 print-space bounding box: (8.20212, 10.6397, 0.00135106), (16.2021, 15.7574, 4.19435)
saving transforms to file
MasterDistributor:  runs 11:52:5

MasterDistributor::runInternal
MasterMerger:  runs 11:52:5

MasterMerger::runInternal
MasterMerger: metadata for thread : 1

MasterMerger: received height : 1559

MasterMerger: received width : 946

MasterMerger: received num of slices : 777

MasterMerger: received chunk size : 10

MasterMerger: received path : //pc2215/SharedFolder/MasterThesis/Documentation/ThesisDocumentation/Results/ScenarioI-Same-Model/ScenarioI-Proto-I/Run5/DistributedComputing/Node_1/Node_1_ReportedSlices/

MasterMerger: metadata for thread : 2

MasterMerger: received height : 1559

MasterMerger: received width : 946

MasterMerger: received num of slices : 777

MasterMerger: received chunk size : 10

MasterMerger: received path : //pc2215/SharedFolder/MasterThesis/Documentation/ThesisDocumentation/Results/ScenarioI-Same-Model/ScenarioI-Proto-I/Run5/DistributedComputing/Node_2/Node_2_ReportedSlices/

MasterMerger: Print Volume x:  5905.51

MasterMerger: Print Volume y:  2362.2

MasterMerger: Node id:  1

MasterMerger: Offset x : 0

MasterMerger: Offset y : 0

MasterMerger: Node id:  2

MasterMerger: Offset x : 969.622

MasterMerger: Offset y : 0

MasterMerger: Added height is:1559after adding height of slave 1

MasterMerger: Added height is:3118after adding height of slave 2

MasterMerger: Max height reached after adding slave 2 so first list index is 1

MasterMerger: m_fullSliceHt : 2362

MasterMerger: Sum of heights has crossed the print bed height

MasterMerger: Start Index0

MasterMerger: End Index1

MasterMerger: Maximum Current Width is0

MasterMerger: Total current width946

MasterMerger: Start Index1

MasterMerger: End Index2

MasterMerger: Maximum Current Width is0

MasterMerger: Total current width1892

MasterMerger: m_fullSliceWidth : 1916

MasterMerger: m_numSlices : 777

MasterMerger: m_chunkSize : 10

MasterMerger::addSlice called

SliceDebugger:  runs 11:55:22
slices [0, 10):
	channel 0: material (dense)

MasterMerger:  runs 11:55:23

SliceDebugger:  runs 11:55:23
slices [10, 20):
	channel 0: material (dense)

MasterMerger:  runs 11:55:24

SliceDebugger:  runs 11:56:53
slices [20, 30):
	channel 0: material (dense)

MasterMerger:  runs 11:56:54

SliceDebugger:  runs 11:56:54
slices [30, 40):
	channel 0: material (dense)

MasterMerger:  runs 11:56:55

SliceDebugger:  runs 11:59:10
slices [40, 50):
	channel 0: material (dense)

MasterMerger:  runs 11:59:11

SliceDebugger:  runs 11:59:11
slices [50, 60):
	channel 0: material (dense)

MasterMerger:  runs 11:59:12

SliceDebugger:  runs 12:1:24
slices [60, 70):
	channel 0: material (dense)

MasterMerger:  runs 12:1:24

SliceDebugger:  runs 12:1:24
slices [70, 80):
	channel 0: material (dense)

MasterMerger:  runs 12:1:25

SliceDebugger:  runs 12:4:21
slices [80, 90):
	channel 0: material (dense)

MasterMerger:  runs 12:4:22

SliceDebugger:  runs 12:4:22
slices [90, 100):
	channel 0: material (dense)

MasterMerger:  runs 12:4:22

SliceDebugger:  runs 12:6:17
slices [100, 110):
	channel 0: material (dense)

MasterMerger:  runs 12:6:18

SliceDebugger:  runs 12:6:18
slices [110, 120):
	channel 0: material (dense)

MasterMerger:  runs 12:6:19

SliceDebugger:  runs 12:8:17
slices [120, 130):
	channel 0: material (dense)

MasterMerger:  runs 12:8:17

SliceDebugger:  runs 12:8:18
slices [130, 140):
	channel 0: material (dense)

MasterMerger:  runs 12:8:19

SliceDebugger:  runs 12:9:27
slices [140, 150):
	channel 0: material (dense)

MasterMerger:  runs 12:9:28

SliceDebugger:  runs 12:9:53
slices [150, 160):
	channel 0: material (dense)

MasterMerger:  runs 12:9:54

SliceDebugger:  runs 12:9:54
slices [160, 170):
	channel 0: material (dense)

MasterMerger:  runs 12:9:55

SliceDebugger:  runs 12:9:55
slices [170, 180):
	channel 0: material (dense)

MasterMerger:  runs 12:9:56

SliceDebugger:  runs 12:9:56
slices [180, 190):
	channel 0: material (dense)

MasterMerger:  runs 12:9:57

SliceDebugger:  runs 12:9:57
slices [190, 200):
	channel 0: material (dense)

MasterMerger:  runs 12:9:58

SliceDebugger:  runs 12:9:58
slices [200, 210):
	channel 0: material (dense)

MasterMerger:  runs 12:9:58

SliceDebugger:  runs 12:9:58
slices [210, 220):
	channel 0: material (dense)

MasterMerger:  runs 12:9:59

SliceDebugger:  runs 12:9:59
slices [220, 230):
	channel 0: material (dense)

MasterMerger:  runs 12:10:0

SliceDebugger:  runs 12:10:0
slices [230, 240):
	channel 0: material (dense)

MasterMerger:  runs 12:10:1

SliceDebugger:  runs 12:10:1
slices [240, 250):
	channel 0: material (dense)

MasterMerger:  runs 12:10:2

SliceDebugger:  runs 12:10:2
slices [250, 260):
	channel 0: material (dense)

MasterMerger:  runs 12:10:3

SliceDebugger:  runs 12:10:3
slices [260, 270):
	channel 0: material (dense)

MasterMerger:  runs 12:10:3

SliceDebugger:  runs 12:10:4
slices [270, 280):
	channel 0: material (dense)

MasterMerger:  runs 12:10:4

SliceDebugger:  runs 12:10:4
slices [280, 290):
	channel 0: material (dense)

MasterMerger:  runs 12:10:5

SliceDebugger:  runs 12:10:5
slices [290, 300):
	channel 0: material (dense)

MasterMerger:  runs 12:10:6

SliceDebugger:  runs 12:10:6
slices [300, 310):
	channel 0: material (dense)

MasterMerger:  runs 12:10:7

SliceDebugger:  runs 12:10:7
slices [310, 320):
	channel 0: material (dense)

MasterMerger:  runs 12:10:8

SliceDebugger:  runs 12:10:8
slices [320, 330):
	channel 0: material (dense)

MasterMerger:  runs 12:10:9

SliceDebugger:  runs 12:10:9
slices [330, 340):
	channel 0: material (dense)

MasterMerger:  runs 12:10:9

SliceDebugger:  runs 12:10:10
slices [340, 350):
	channel 0: material (dense)

MasterMerger:  runs 12:10:10

SliceDebugger:  runs 12:10:10
slices [350, 360):
	channel 0: material (dense)

MasterMerger:  runs 12:10:11

SliceDebugger:  runs 12:10:11
slices [360, 370):
	channel 0: material (dense)

MasterMerger:  runs 12:10:12

SliceDebugger:  runs 12:10:12
slices [370, 380):
	channel 0: material (dense)

MasterMerger:  runs 12:10:13

SliceDebugger:  runs 12:10:13
slices [380, 390):
	channel 0: material (dense)

MasterMerger:  runs 12:10:14

SliceDebugger:  runs 12:10:14
slices [390, 400):
	channel 0: material (dense)

MasterMerger:  runs 12:10:14

SliceDebugger:  runs 12:10:15
slices [400, 410):
	channel 0: material (dense)

MasterMerger:  runs 12:10:15

SliceDebugger:  runs 12:10:15
slices [410, 420):
	channel 0: material (dense)

MasterMerger:  runs 12:10:16

SliceDebugger:  runs 12:10:16
slices [420, 430):
	channel 0: material (dense)

MasterMerger:  runs 12:10:17

SliceDebugger:  runs 12:10:17
slices [430, 440):
	channel 0: material (dense)

MasterMerger:  runs 12:10:18

SliceDebugger:  runs 12:10:18
slices [440, 450):
	channel 0: material (dense)

MasterMerger:  runs 12:10:19

SliceDebugger:  runs 12:10:19
slices [450, 460):
	channel 0: material (dense)

MasterMerger:  runs 12:10:19

SliceDebugger:  runs 12:10:20
slices [460, 470):
	channel 0: material (dense)

MasterMerger:  runs 12:10:20

SliceDebugger:  runs 12:10:20
slices [470, 480):
	channel 0: material (dense)

MasterMerger:  runs 12:10:21

SliceDebugger:  runs 12:10:21
slices [480, 490):
	channel 0: material (dense)

MasterMerger:  runs 12:10:22

SliceDebugger:  runs 12:10:22
slices [490, 500):
	channel 0: material (dense)

MasterMerger:  runs 12:10:23

SliceDebugger:  runs 12:10:23
slices [500, 510):
	channel 0: material (dense)

MasterMerger:  runs 12:10:24

SliceDebugger:  runs 12:10:24
slices [510, 520):
	channel 0: material (dense)

MasterMerger:  runs 12:10:24

SliceDebugger:  runs 12:10:24
slices [520, 530):
	channel 0: material (dense)

MasterMerger:  runs 12:10:25

SliceDebugger:  runs 12:10:25
slices [530, 540):
	channel 0: material (dense)

MasterMerger:  runs 12:10:26

SliceDebugger:  runs 12:10:26
slices [540, 550):
	channel 0: material (dense)

MasterMerger:  runs 12:10:27

SliceDebugger:  runs 12:10:27
slices [550, 560):
	channel 0: material (dense)

MasterMerger:  runs 12:10:28

SliceDebugger:  runs 12:10:28
slices [560, 570):
	channel 0: material (dense)

MasterMerger:  runs 12:10:28

SliceDebugger:  runs 12:10:28
slices [570, 580):
	channel 0: material (dense)

MasterMerger:  runs 12:10:29

SliceDebugger:  runs 12:10:29
slices [580, 590):
	channel 0: material (dense)

MasterMerger:  runs 12:10:30

SliceDebugger:  runs 12:10:30
slices [590, 600):
	channel 0: material (dense)

MasterMerger:  runs 12:10:31

SliceDebugger:  runs 12:10:31
slices [600, 610):
	channel 0: material (dense)

MasterMerger:  runs 12:10:32

SliceDebugger:  runs 12:10:32
slices [610, 620):
	channel 0: material (dense)

MasterMerger:  runs 12:10:32

SliceDebugger:  runs 12:10:33
slices [620, 630):
	channel 0: material (dense)

MasterMerger:  runs 12:10:33

SliceDebugger:  runs 12:10:33
slices [630, 640):
	channel 0: material (dense)

MasterMerger:  runs 12:10:34

SliceDebugger:  runs 12:10:34
slices [640, 650):
	channel 0: material (dense)

MasterMerger:  runs 12:10:35

SliceDebugger:  runs 12:10:35
slices [650, 660):
	channel 0: material (dense)

MasterMerger:  runs 12:10:36

SliceDebugger:  runs 12:10:36
slices [660, 670):
	channel 0: material (dense)

MasterMerger:  runs 12:10:37

SliceDebugger:  runs 12:10:37
slices [670, 680):
	channel 0: material (dense)

MasterMerger:  runs 12:10:37

SliceDebugger:  runs 12:10:37
slices [680, 690):
	channel 0: material (dense)

MasterMerger:  runs 12:10:38

SliceDebugger:  runs 12:10:38
slices [690, 700):
	channel 0: material (dense)

MasterMerger:  runs 12:10:39

SliceDebugger:  runs 12:10:39
slices [700, 710):
	channel 0: material (dense)

MasterMerger:  runs 12:10:40

SliceDebugger:  runs 12:10:40
slices [710, 720):
	channel 0: material (dense)

MasterMerger:  runs 12:10:41

SliceDebugger:  runs 12:10:41
slices [720, 730):
	channel 0: material (dense)

MasterMerger:  runs 12:10:41

SliceDebugger:  runs 12:10:41
slices [730, 740):
	channel 0: material (dense)

MasterMerger:  runs 12:10:42

SliceDebugger:  runs 12:10:42
slices [740, 750):
	channel 0: material (dense)

MasterMerger:  runs 12:10:43

SliceDebugger:  runs 12:10:43
slices [750, 760):
	channel 0: material (dense)

MasterMerger:  runs 12:10:44

SliceDebugger:  runs 12:10:44
slices [760, 770):
	channel 0: material (dense)

MasterMerger:  runs 12:10:44

SliceDebugger:  runs 12:10:44
slices [770, 777):
	channel 0: material (dense)

Computation finished 

Status: success
Master Node  0 :Total execution time in seconds 1155.92

