SlavePrintingSoftware::startUp:
	1 trials
	total = 0.31254 s
	mean  = 0.31254 s
	var   = 0 s^2, std = 0 s
	min   = 0.31254 s
	max   = 0.31254 s

PrintingSoftware::execute:
	1 trials
	total = 47.2468 s
	mean  = 47.2468 s
	var   = 0 s^2, std = 0 s
	min   = 47.2468 s
	max   = 47.2468 s

SlavePrintingSoftware::communicateData:
	7 trials
	total = 0.031251 s
	mean  = 0.00446443 s
	var   = 5.81332e-005 s^2, std = 0.00762451 s
	min   = 0 s
	max   = 0.015674 s

SlavePJCollector::deserialize:
	2 trials
	total = 0.031281 s
	mean  = 0.0156405 s
	var   = 4.205e-010 s^2, std = 2.05061e-005 s
	min   = 0.015626 s
	max   = 0.015655 s

SlavePJCollector::Receive:
	7 trials
	total = 26.3167 s
	mean  = 3.75953 s
	var   = 76.9352 s^2, std = 8.77127 s
	min   = 0 s
	max   = 23.5977 s

PrintJobOrganizer::setInput:
	1 trials
	total = 0 s
	mean  = 0 s
	var   = 0 s^2, std = 0 s
	min   = 0 s
	max   = 0 s

PrintJobOrganizer::runInternal:
	1 trials
	total = 0.343752 s
	mean  = 0.343752 s
	var   = 0 s^2, std = 0 s
	min   = 0.343752 s
	max   = 0.343752 s

PrintJobPreprocessor::setInput:
	1 trials
	total = 0 s
	mean  = 0 s
	var   = 0 s^2, std = 0 s
	min   = 0 s
	max   = 0 s

PrintJobPreprocessor::runInternal:
	1 trials
	total = 0.937593 s
	mean  = 0.937593 s
	var   = 0 s^2, std = 0 s
	min   = 0.937593 s
	max   = 0.937593 s

PrintJobVoxelizer::setInput:
	8 trials
	total = 0 s
	mean  = 0 s
	var   = 0 s^2, std = 0 s
	min   = 0 s
	max   = 0 s

PrintJobVoxelizer::runInternal:
	8 trials
	total = 9.84051 s
	mean  = 1.23006 s
	var   = 0.0582429 s^2, std = 0.241336 s
	min   = 0.734419 s
	max   = 1.48455 s

PrintJobVoxelizer::rasterizeObjects:
	8 trials
	total = 4.64108 s
	mean  = 0.580135 s
	var   = 0.0227733 s^2, std = 0.150908 s
	min   = 0.281294 s
	max   = 0.734417 s

PrintJobVoxelizer::voxelizeObjects:
	8 trials
	total = 5.1057 s
	mean  = 0.638212 s
	var   = 0.00926083 s^2, std = 0.0962332 s
	min   = 0.437527 s
	max   = 0.750074 s

PrintJobVoxelizer::finalizeSurfaces:
	8 trials
	total = 0 s
	mean  = 0 s
	var   = 0 s^2, std = 0 s
	min   = 0 s
	max   = 0 s

TonalValueCalculator::setInput:
	8 trials
	total = 0 s
	mean  = 0 s
	var   = 0 s^2, std = 0 s
	min   = 0 s
	max   = 0 s

TonalValueCalculator::runInternal:
	8 trials
	total = 0.093623 s
	mean  = 0.0117029 s
	var   = 5.21743e-005 s^2, std = 0.00722318 s
	min   = 0 s
	max   = 0.015626 s

SurfaceDistanceOrderedTransfer::setInput:
	8 trials
	total = 0 s
	mean  = 0 s
	var   = 0 s^2, std = 0 s
	min   = 0 s
	max   = 0 s

SurfaceDistanceOrderedTransfer::runInternal:
	8 trials
	total = 1.80154 s
	mean  = 0.225192 s
	var   = 0.00306029 s^2, std = 0.0553199 s
	min   = 0.109399 s
	max   = 0.312532 s

SurfaceDistanceOrderedTransfer::buildOrderedSurfaceData:
	8 trials
	total = 0.078222 s
	mean  = 0.00977775 s
	var   = 0.00013541 s^2, std = 0.0116366 s
	min   = 0 s
	max   = 0.031272 s

SurfaceDistanceOrderedTransfer::fillDistanceChannel:
	8 trials
	total = 0.084523 s
	mean  = 0.0105654 s
	var   = 8.10256e-005 s^2, std = 0.00900142 s
	min   = 0 s
	max   = 0.021914 s

SurfaceDistanceOrderedTransfer::transfer:
	8 trials
	total = 0.919947 s
	mean  = 0.114993 s
	var   = 0.00153396 s^2, std = 0.0391658 s
	min   = 0.031248 s
	max   = 0.171867 s

SurfaceDistanceOrderedTransfer::mergeDistances:
	8 trials
	total = 0 s
	mean  = 0 s
	var   = 0 s^2, std = 0 s
	min   = 0 s
	max   = 0 s

SurfaceDistanceOrderedTransfer::applySqrt:
	8 trials
	total = 0.718847 s
	mean  = 0.0898559 s
	var   = 0.000680268 s^2, std = 0.0260819 s
	min   = 0.031253 s
	max   = 0.125012 s

LayerExtractor::setInput:
	8 trials
	total = 0 s
	mean  = 0 s
	var   = 0 s^2, std = 0 s
	min   = 0 s
	max   = 0 s

LayerExtractor::runInternal:
	8 trials
	total = 1.00014 s
	mean  = 0.125018 s
	var   = 0.00279069 s^2, std = 0.052827 s
	min   = 0.015631 s
	max   = 0.187552 s

VectorLayerHalftoner::setInput:
	8 trials
	total = 0 s
	mean  = 0 s
	var   = 0 s^2, std = 0 s
	min   = 0 s
	max   = 0 s

VectorLayerHalftoner::runInternal:
	8 trials
	total = 5.92378 s
	mean  = 0.740473 s
	var   = 0.0809645 s^2, std = 0.284543 s
	min   = 0.109356 s
	max   = 0.984443 s

VectorLayerHalftoner(0)::setupOutputContainerSlaveReporter::serializeSlice:
	389 trials
	total = 0.05293 s
	mean  = 0.000136067 s
	var   = 1.88759e-006 s^2, std = 0.0013739 s
	min   = 0 s
	max   = 0.015657 s

SlaveReporter::Send:
	1179 trials
	total = 0.002004 s
	mean  = 1.69975e-006 s
	var   = 1.7017e-009 s^2, std = 4.12517e-005 s
	min   = 0 s
	max   = 0.001002 s

SlaveReporter::CompressData:
	389 trials
	total = 0.393303 s
	mean  = 0.00101106 s
	var   = 1.23661e-005 s^2, std = 0.00351654 s
	min   = 0 s
	max   = 0.015656 s

