SlavePrintingSoftware::startUp:
	1 trials
	total = 0.578189 s
	mean  = 0.578189 s
	var   = 0 s^2, std = 0 s
	min   = 0.578189 s
	max   = 0.578189 s

PrintingSoftware::execute:
	1 trials
	total = 151.534 s
	mean  = 151.534 s
	var   = 0 s^2, std = 0 s
	min   = 151.534 s
	max   = 151.534 s

SlavePrintingSoftware::communicateData:
	7 trials
	total = 0.046875 s
	mean  = 0.00669643 s
	var   = 0.000151135 s^2, std = 0.0122937 s
	min   = 0 s
	max   = 0.03125 s

SlavePJCollector::deserialize:
	2 trials
	total = 0.031243 s
	mean  = 0.0156215 s
	var   = 1.25e-011 s^2, std = 3.53553e-006 s
	min   = 0.015619 s
	max   = 0.015624 s

SlavePJCollector::Receive:
	7 trials
	total = 28.7514 s
	mean  = 4.10734 s
	var   = 92.2246 s^2, std = 9.60336 s
	min   = 0 s
	max   = 25.8294 s

PrintJobOrganizer::setInput:
	1 trials
	total = 0 s
	mean  = 0 s
	var   = 0 s^2, std = 0 s
	min   = 0 s
	max   = 0 s

PrintJobOrganizer::runInternal:
	1 trials
	total = 0.312487 s
	mean  = 0.312487 s
	var   = 0 s^2, std = 0 s
	min   = 0.312487 s
	max   = 0.312487 s

PrintJobPreprocessor::setInput:
	1 trials
	total = 0 s
	mean  = 0 s
	var   = 0 s^2, std = 0 s
	min   = 0 s
	max   = 0 s

PrintJobPreprocessor::runInternal:
	1 trials
	total = 1.15628 s
	mean  = 1.15628 s
	var   = 0 s^2, std = 0 s
	min   = 1.15628 s
	max   = 1.15628 s

PrintJobVoxelizer::setInput:
	16 trials
	total = 0 s
	mean  = 0 s
	var   = 0 s^2, std = 0 s
	min   = 0 s
	max   = 0 s

PrintJobVoxelizer::runInternal:
	16 trials
	total = 45.0318 s
	mean  = 2.81448 s
	var   = 0.207524 s^2, std = 0.455548 s
	min   = 1.39063 s
	max   = 3.37504 s

PrintJobVoxelizer::rasterizeObjects:
	16 trials
	total = 11.9533 s
	mean  = 0.74708 s
	var   = 0.044541 s^2, std = 0.211047 s
	min   = 0.281253 s
	max   = 0.984406 s

PrintJobVoxelizer::voxelizeObjects:
	16 trials
	total = 31.8287 s
	mean  = 1.98929 s
	var   = 0.0705974 s^2, std = 0.265702 s
	min   = 1.06252 s
	max   = 2.2969 s

PrintJobVoxelizer::finalizeSurfaces:
	16 trials
	total = 0.468599 s
	mean  = 0.0292874 s
	var   = 6.10688e-005 s^2, std = 0.00781465 s
	min   = 0.015615 s
	max   = 0.04688 s

TonalValueCalculator::setInput:
	16 trials
	total = 0 s
	mean  = 0 s
	var   = 0 s^2, std = 0 s
	min   = 0 s
	max   = 0 s

TonalValueCalculator::runInternal:
	16 trials
	total = 0.328119 s
	mean  = 0.0205074 s
	var   = 0.000153592 s^2, std = 0.0123932 s
	min   = 0 s
	max   = 0.031254 s

SurfaceDistanceOrderedTransfer::setInput:
	16 trials
	total = 0 s
	mean  = 0 s
	var   = 0 s^2, std = 0 s
	min   = 0 s
	max   = 0 s

SurfaceDistanceOrderedTransfer::runInternal:
	16 trials
	total = 11.2346 s
	mean  = 0.702164 s
	var   = 0.00766473 s^2, std = 0.0875485 s
	min   = 0.406272 s
	max   = 0.796895 s

SurfaceDistanceOrderedTransfer::buildOrderedSurfaceData:
	16 trials
	total = 0.328144 s
	mean  = 0.020509 s
	var   = 0.00135841 s^2, std = 0.0368567 s
	min   = 0 s
	max   = 0.156271 s

SurfaceDistanceOrderedTransfer::fillDistanceChannel:
	16 trials
	total = 0.593775 s
	mean  = 0.0371109 s
	var   = 9.36136e-005 s^2, std = 0.00967541 s
	min   = 0.01562 s
	max   = 0.046893 s

SurfaceDistanceOrderedTransfer::transfer:
	16 trials
	total = 7.37499 s
	mean  = 0.460937 s
	var   = 0.00804078 s^2, std = 0.0896704 s
	min   = 0.15624 s
	max   = 0.562494 s

SurfaceDistanceOrderedTransfer::mergeDistances:
	16 trials
	total = 0 s
	mean  = 0 s
	var   = 0 s^2, std = 0 s
	min   = 0 s
	max   = 0 s

SurfaceDistanceOrderedTransfer::applySqrt:
	16 trials
	total = 2.93772 s
	mean  = 0.183607 s
	var   = 0.000830062 s^2, std = 0.0288108 s
	min   = 0.078141 s
	max   = 0.203145 s

LayerExtractor::setInput:
	16 trials
	total = 0 s
	mean  = 0 s
	var   = 0 s^2, std = 0 s
	min   = 0 s
	max   = 0 s

LayerExtractor::runInternal:
	16 trials
	total = 7.42199 s
	mean  = 0.463875 s
	var   = 0.0266523 s^2, std = 0.163255 s
	min   = 0.078122 s
	max   = 0.640634 s

VectorLayerHalftoner::setInput:
	16 trials
	total = 0.015626 s
	mean  = 0.000976625 s
	var   = 1.52607e-005 s^2, std = 0.0039065 s
	min   = 0 s
	max   = 0.015626 s

VectorLayerHalftoner::runInternal:
	16 trials
	total = 52.1728 s
	mean  = 3.2608 s
	var   = 1.21394 s^2, std = 1.10179 s
	min   = 0.531258 s
	max   = 4.37507 s

VectorLayerHalftoner(0)::setupOutputContainerSlaveReporter::serializeSlice:
	777 trials
	total = 1.1249 s
	mean  = 0.00144775 s
	var   = 2.05495e-005 s^2, std = 0.00453315 s
	min   = 0 s
	max   = 0.015644 s

SlaveReporter::Send:
	2351 trials
	total = 0.10938 s
	mean  = 4.65249e-005 s
	var   = 7.25129e-007 s^2, std = 0.000851545 s
	min   = 0 s
	max   = 0.015637 s

SlaveReporter::CompressData:
	777 trials
	total = 3.04694 s
	mean  = 0.00392141 s
	var   = 4.59551e-005 s^2, std = 0.00677902 s
	min   = 0 s
	max   = 0.015667 s

