SlavePrintingSoftware::startUp:
	1 trials
	total = 0.296868 s
	mean  = 0.296868 s
	var   = 0 s^2, std = 0 s
	min   = 0.296868 s
	max   = 0.296868 s

PrintingSoftware::execute:
	1 trials
	total = 404.732 s
	mean  = 404.732 s
	var   = 0 s^2, std = 0 s
	min   = 404.732 s
	max   = 404.732 s

DistributedComputingInitiator::Receive:
	1 trials
	total = 13.3918 s
	mean  = 13.3918 s
	var   = 0 s^2, std = 0 s
	min   = 13.3918 s
	max   = 13.3918 s

FileParserPJ::setInput:
	1 trials
	total = 0 s
	mean  = 0 s
	var   = 0 s^2, std = 0 s
	min   = 0 s
	max   = 0 s

FileParserPJ::runInternal:
	1 trials
	total = 4.10976 s
	mean  = 4.10976 s
	var   = 0 s^2, std = 0 s
	min   = 4.10976 s
	max   = 4.10976 s

PrintJobOrganizer::setInput:
	1 trials
	total = 0 s
	mean  = 0 s
	var   = 0 s^2, std = 0 s
	min   = 0 s
	max   = 0 s

PrintJobOrganizer::runInternal:
	1 trials
	total = 0.281244 s
	mean  = 0.281244 s
	var   = 0 s^2, std = 0 s
	min   = 0.281244 s
	max   = 0.281244 s

PrintJobPreprocessor::setInput:
	1 trials
	total = 0 s
	mean  = 0 s
	var   = 0 s^2, std = 0 s
	min   = 0 s
	max   = 0 s

PrintJobPreprocessor::runInternal:
	1 trials
	total = 0.875078 s
	mean  = 0.875078 s
	var   = 0 s^2, std = 0 s
	min   = 0.875078 s
	max   = 0.875078 s

PrintJobVoxelizer::setInput:
	16 trials
	total = 0 s
	mean  = 0 s
	var   = 0 s^2, std = 0 s
	min   = 0 s
	max   = 0 s

PrintJobVoxelizer::runInternal:
	16 trials
	total = 84.4918 s
	mean  = 5.28074 s
	var   = 1.93093 s^2, std = 1.38958 s
	min   = 1.71885 s
	max   = 7.00058 s

PrintJobVoxelizer::rasterizeObjects:
	16 trials
	total = 17.3451 s
	mean  = 1.08407 s
	var   = 0.148227 s^2, std = 0.385002 s
	min   = 0.296897 s
	max   = 1.53136 s

PrintJobVoxelizer::voxelizeObjects:
	16 trials
	total = 64.6835 s
	mean  = 4.04272 s
	var   = 1.1371 s^2, std = 1.06635 s
	min   = 1.32822 s
	max   = 5.3755 s

PrintJobVoxelizer::finalizeSurfaces:
	16 trials
	total = 0.725748 s
	mean  = 0.0453593 s
	var   = 8.38404e-005 s^2, std = 0.00915644 s
	min   = 0.031251 s
	max   = 0.062504 s

TonalValueCalculator::setInput:
	16 trials
	total = 0 s
	mean  = 0 s
	var   = 0 s^2, std = 0 s
	min   = 0 s
	max   = 0 s

TonalValueCalculator::runInternal:
	16 trials
	total = 0.462178 s
	mean  = 0.0288861 s
	var   = 0.000433917 s^2, std = 0.0208307 s
	min   = 0 s
	max   = 0.07813 s

SurfaceDistanceOrderedTransfer::setInput:
	16 trials
	total = 0.001475 s
	mean  = 9.21875e-005 s
	var   = 1.35977e-007 s^2, std = 0.00036875 s
	min   = 0 s
	max   = 0.001475 s

SurfaceDistanceOrderedTransfer::runInternal:
	16 trials
	total = 42.2256 s
	mean  = 2.6391 s
	var   = 0.164478 s^2, std = 0.405559 s
	min   = 1.24201 s
	max   = 2.93772 s

SurfaceDistanceOrderedTransfer::buildOrderedSurfaceData:
	16 trials
	total = 0.652819 s
	mean  = 0.0408012 s
	var   = 0.00524253 s^2, std = 0.0724053 s
	min   = 0 s
	max   = 0.309041 s

SurfaceDistanceOrderedTransfer::fillDistanceChannel:
	16 trials
	total = 2.58009 s
	mean  = 0.161256 s
	var   = 0.000718002 s^2, std = 0.0267956 s
	min   = 0.06417 s
	max   = 0.171925 s

SurfaceDistanceOrderedTransfer::transfer:
	16 trials
	total = 37.5946 s
	mean  = 2.34966 s
	var   = 0.186873 s^2, std = 0.432289 s
	min   = 0.836715 s
	max   = 2.64082 s

SurfaceDistanceOrderedTransfer::mergeDistances:
	48 trials
	total = 4.27537 s
	mean  = 0.0890701 s
	var   = 0.000257025 s^2, std = 0.016032 s
	min   = 0.031253 s
	max   = 0.093792 s

SurfaceDistanceOrderedTransfer::applySqrt:
	16 trials
	total = 1.36598 s
	mean  = 0.0853735 s
	var   = 0.000528206 s^2, std = 0.0229827 s
	min   = 0.022058 s
	max   = 0.093788 s

LayerExtractor::setInput:
	16 trials
	total = 0 s
	mean  = 0 s
	var   = 0 s^2, std = 0 s
	min   = 0 s
	max   = 0 s

LayerExtractor::runInternal:
	16 trials
	total = 14.3304 s
	mean  = 0.89565 s
	var   = 0.221228 s^2, std = 0.470349 s
	min   = 0.156265 s
	max   = 2.18766 s

VectorLayerHalftoner::setInput:
	16 trials
	total = 0.0004 s
	mean  = 2.5e-005 s
	var   = 1e-008 s^2, std = 0.0001 s
	min   = 0 s
	max   = 0.0004 s

VectorLayerHalftoner::runInternal:
	16 trials
	total = 103.526 s
	mean  = 6.47036 s
	var   = 11.7961 s^2, std = 3.43455 s
	min   = 0.953209 s
	max   = 11.6259 s

VectorLayerHalftoner(0)::setupOutputContainerSlaveReporter::serializeSlice:
	777 trials
	total = 383.043 s
	mean  = 0.492977 s
	var   = 0.0865585 s^2, std = 0.294208 s
	min   = 0.31252 s
	max   = 4.53159 s

SlaveReporter::Send:
	22 trials
	total = 0 s
	mean  = 0 s
	var   = 0 s^2, std = 0 s
	min   = 0 s
	max   = 0 s

