Warning:json file inside profile could not be parsed 

GL version: 4.5.0 NVIDIA 353.90

Warning: there is no json file embedded inside profile 

LayerExtractor: distance needed for layers: 0.135467

FileParserPJ: initializing
PrintJobOrganizer: initializing
PrintJobPreprocessor: initializing
PrintJobVoxelizer: initializing
TonalValueCalculator: initializing
TonalValueCalculator: Using rendering intent RELATIVE_COLORIMETRIC

SurfaceDistanceOrderedTransfer: initializing
TonalLinearizer: initializing
VectorLayerHalftoner: initializing
SlaveReporter: initializing
FileParserPJ:  runs 12:59:22

FileParserPJ: loading OBJ file

244921 vertices
489840 faces

FileParserPJ: 245383 texture coordinates

FileParserPJ: 245383 vertices after duplication

FileParserPJ: //filer-igd2.igd.fraunhofer.de/igd-3dt/shared/3DModels/Head/HeadMTL/Head_Level3.obj parsed: 245383 vertices and 489840 faces

FileParserPJ: loading jpg file

FileParserPJ: Input files parsed

PrintJobOrganizer:  runs 12:59:25

centering objects at origin
optimizing rotation for height
scaling objects
optimizing rotation for support use
PrintJobOrganizer: support cost         = 3.18654
support cost flipped = 2.86348

arranging objects in 2D
validating object placement
PrintJobOrganizer: print object 1 print-space bounding box: (0.00211667, 0.00423333, 0.00135106), (4.00212, 2.56309, 2.09785)
saving transforms to file
PrintJobPreprocessor:  runs 12:59:26

PrintJobPreprocessor: flatten
PrintJobPreprocessor: prioritize
PrintJobPreprocessor: segment-hierarchy
PrintJobPreprocessor: boundingBox
PrintJobPreprocessor: uniformAppearanceTextures
PrintJobVoxelizer:  runs 12:59:27

PrintJobVoxelizer: 
number of slices to print: 389 (2.09785 cm)
width of slices to print:  473 (4.00212 cm)
height of slices to print: 152 (2.56309 cm)
chunk size:                50 (0.270213 cm)

PrintJobVoxelizer: setting up slices
PrintJobVoxelizer: rasterizing objects
PrintJobVoxelizer: creating rasterizer
PrintJobVoxelizer: rasterizing object 1
Rasterizer::rasterize:
	1 trials
	total = 0.383768 s
	mean  = 0.383768 s
	var   = 0 s^2, std = 0 s
	min   = 0.383768 s
	max   = 0.383768 s


PrintJobVoxelizer: voxelizing objects
Object 1 ROI: [0 0 0] --> [473 152 50]
GWNSampleFloodVoxelizer: number of samples: 239
GWNSampleFloodVoxelizer: samples evaluated
GWNSampleFloodVoxelizer: adaptive threshold = 0.498039
GWNSampleFloodVoxelizer: flooding complete
Voxelization: solid angle evaluations per voxel: 2.28989

GWNSampleFloodVoxelizer::voxelize:
	1 trials
	total = 0.330076 s
	mean  = 0.330076 s
	var   = 0 s^2, std = 0 s
	min   = 0.330076 s
	max   = 0.330076 s

GWNSampleFloodVoxelizer::initIndicator:
	1 trials
	total = 0.023328 s
	mean  = 0.023328 s
	var   = 0 s^2, std = 0 s
	min   = 0.023328 s
	max   = 0.023328 s

GWNSampleFloodVoxelizer::selectSamples:
	1 trials
	total = 0.024254 s
	mean  = 0.024254 s
	var   = 0 s^2, std = 0 s
	min   = 0.024254 s
	max   = 0.024254 s

GWNSampleFloodVoxelizer::evaluateSamples:
	1 trials
	total = 0.146802 s
	mean  = 0.146802 s
	var   = 0 s^2, std = 0 s
	min   = 0.146802 s
	max   = 0.146802 s

GWNSampleFloodVoxelizer::flood:
	1 trials
	total = 0.126603 s
	mean  = 0.126603 s
	var   = 0 s^2, std = 0 s
	min   = 0.126603 s
	max   = 0.126603 s


PrintJobVoxelizer: finalizing surfaces
PrintJobVoxelizer: 29651 surface voxels
PrintJobVoxelizer: getting output subset
PrintJobVoxelizer: updating slice indices
TonalValueCalculator:  runs 12:59:28
slices [0, 49):
	channel 0: occupancy (dense)
	channel 1: opticalFeature (sparse)

SurfaceDistanceOrderedTransfer:  runs 12:59:28
slices [0, 49):
	channel 0: occupancy (dense)
	channel 1: surfaceDist (dense)

SurfaceDistanceOrderedTransfer: 0 0 23
LayerExtractor:  runs 12:59:28
slices [0, 23):
	channel 0: occupancy (dense)
	channel 1: surfaceDist (dense)
	channel 2: layer_000 (sparse)
	channel 3: layer_001 (sparse)
	channel 4: layer_002 (sparse)
	channel 5: layer_003 (sparse)
	channel 6: layer_004 (sparse)
	channel 7: layer_005 (sparse)
	channel 8: layer_006 (sparse)
	channel 9: layer_007 (sparse)

TonalLinearizer:  runs 12:59:28
slices [0, 22):
	channel 0: occupancy (dense)
	channel 1: surfaceDist (dense)
	channel 2: layer_000 (sparse)
	channel 3: layer_001 (sparse)
	channel 4: layer_002 (sparse)
	channel 5: layer_003 (sparse)
	channel 6: layer_004 (sparse)
	channel 7: layer_005 (sparse)
	channel 8: layer_006 (sparse)
	channel 9: layer_007 (sparse)

VectorLayerHalftoner: VectorLayerHalftoner error: no tonal values available

VectorLayerHalftoner:  runs 12:59:28
slices [0, 22):
	channel 0: occupancy (dense)
	channel 1: surfaceDist (dense)
	channel 2: layer_000 (sparse)
	channel 3: layer_001 (sparse)
	channel 4: layer_002 (sparse)
	channel 5: layer_003 (sparse)
	channel 6: layer_004 (sparse)
	channel 7: layer_005 (sparse)
	channel 8: layer_006 (sparse)
	channel 9: layer_007 (sparse)
	channel 10: intermedTonal_0 (sparse)
	channel 11: intermedTonal_1 (sparse)
	channel 12: intermedTonal_2 (sparse)
	channel 13: intermedTonal_3 (sparse)
	channel 14: intermedTonal_4 (sparse)
	channel 15: intermedTonal_5 (sparse)
	channel 16: intermedTonal_6 (sparse)
	channel 17: intermedTonal_7 (sparse)
	channel 18: quantizedTonal (sparse)

SlaveReporter:  runs 12:59:28
slices [0, 10):
	channel 0: material (dense)
	channel 1: occupancy (dense)

PrintJobVoxelizer:  runs 12:59:28

PrintJobVoxelizer: setting up slices
PrintJobVoxelizer: rasterizing objects
PrintJobVoxelizer: creating rasterizer
PrintJobVoxelizer: rasterizing object 1
Rasterizer::rasterize:
	2 trials
	total = 1.14035 s
	mean  = 0.570173 s
	var   = 0.069494 s^2, std = 0.263617 s
	min   = 0.383768 s
	max   = 0.756579 s


PrintJobVoxelizer: voxelizing objects
Object 1 ROI: [0 0 0] --> [473 152 50]
GWNSampleFloodVoxelizer: number of samples: 381
GWNSampleFloodVoxelizer: samples evaluated
GWNSampleFloodVoxelizer: adaptive threshold = 0.498039
GWNSampleFloodVoxelizer: flooding complete
Voxelization: solid angle evaluations per voxel: 5.21522

GWNSampleFloodVoxelizer::voxelize:
	2 trials
	total = 0.788583 s
	mean  = 0.394291 s
	var   = 0.00824726 s^2, std = 0.0908144 s
	min   = 0.330076 s
	max   = 0.458507 s

GWNSampleFloodVoxelizer::initIndicator:
	2 trials
	total = 0.04672 s
	mean  = 0.02336 s
	var   = 2.048e-009 s^2, std = 4.52548e-005 s
	min   = 0.023328 s
	max   = 0.023392 s

GWNSampleFloodVoxelizer::selectSamples:
	2 trials
	total = 0.047664 s
	mean  = 0.023832 s
	var   = 3.56168e-007 s^2, std = 0.000596798 s
	min   = 0.02341 s
	max   = 0.024254 s

GWNSampleFloodVoxelizer::evaluateSamples:
	2 trials
	total = 0.427834 s
	mean  = 0.213917 s
	var   = 0.00900885 s^2, std = 0.0949149 s
	min   = 0.146802 s
	max   = 0.281032 s

GWNSampleFloodVoxelizer::flood:
	2 trials
	total = 0.246101 s
	mean  = 0.12305 s
	var   = 2.52405e-005 s^2, std = 0.00502399 s
	min   = 0.119498 s
	max   = 0.126603 s


PrintJobVoxelizer: finalizing surfaces
PrintJobVoxelizer: 106888 surface voxels
PrintJobVoxelizer: getting output subset
PrintJobVoxelizer: updating slice indices
TonalValueCalculator:  runs 12:59:29
slices [49, 99):
	channel 0: occupancy (dense)
	channel 1: opticalFeature (sparse)

SurfaceDistanceOrderedTransfer:  runs 12:59:29
slices [23, 99):
	channel 0: occupancy (dense)
	channel 1: surfaceDist (dense)

SurfaceDistanceOrderedTransfer: 23 49 73
LayerExtractor:  runs 12:59:29
slices [21, 73):
	channel 0: occupancy (dense)
	channel 1: surfaceDist (dense)
	channel 2: layer_000 (sparse)
	channel 3: layer_001 (sparse)
	channel 4: layer_002 (sparse)
	channel 5: layer_003 (sparse)
	channel 6: layer_004 (sparse)
	channel 7: layer_005 (sparse)
	channel 8: layer_006 (sparse)
	channel 9: layer_007 (sparse)

TonalLinearizer:  runs 12:59:29
slices [22, 72):
	channel 0: occupancy (dense)
	channel 1: surfaceDist (dense)
	channel 2: layer_000 (sparse)
	channel 3: layer_001 (sparse)
	channel 4: layer_002 (sparse)
	channel 5: layer_003 (sparse)
	channel 6: layer_004 (sparse)
	channel 7: layer_005 (sparse)
	channel 8: layer_006 (sparse)
	channel 9: layer_007 (sparse)

VectorLayerHalftoner: VectorLayerHalftoner error: no tonal values available

VectorLayerHalftoner:  runs 12:59:29
slices [10, 72):
	channel 0: occupancy (dense)
	channel 1: surfaceDist (dense)
	channel 2: layer_000 (sparse)
	channel 3: layer_001 (sparse)
	channel 4: layer_002 (sparse)
	channel 5: layer_003 (sparse)
	channel 6: layer_004 (sparse)
	channel 7: layer_005 (sparse)
	channel 8: layer_006 (sparse)
	channel 9: layer_007 (sparse)
	channel 10: intermedTonal_0 (sparse)
	channel 11: intermedTonal_1 (sparse)
	channel 12: intermedTonal_2 (sparse)
	channel 13: intermedTonal_3 (sparse)
	channel 14: intermedTonal_4 (sparse)
	channel 15: intermedTonal_5 (sparse)
	channel 16: intermedTonal_6 (sparse)
	channel 17: intermedTonal_7 (sparse)
	channel 18: quantizedTonal (sparse)
	channel 19: errorDiffInfo2 (sparse)
	channel 20: distanceToEmpty (sparse)
	channel 21: errorDiffInfo3 (sparse)
	channel 22: errorDiffInfo4 (sparse)
	channel 23: errorDiffInfo5 (sparse)
	channel 24: errorDiffInfo6 (sparse)
	channel 25: errorDiffInfo7 (sparse)
	channel 26: errorDiffInfo8 (sparse)
	channel 27: errorDiffInfo9 (sparse)

SlaveReporter:  runs 12:59:30
slices [10, 60):
	channel 0: material (dense)
	channel 1: occupancy (dense)

PrintJobVoxelizer:  runs 12:59:30

PrintJobVoxelizer: setting up slices
PrintJobVoxelizer: rasterizing objects
PrintJobVoxelizer: creating rasterizer
PrintJobVoxelizer: rasterizing object 1
Rasterizer::rasterize:
	3 trials
	total = 1.76685 s
	mean  = 0.588952 s
	var   = 0.0358049 s^2, std = 0.189222 s
	min   = 0.383768 s
	max   = 0.756579 s


PrintJobVoxelizer: voxelizing objects
Object 1 ROI: [0 0 0] --> [473 152 50]
GWNSampleFloodVoxelizer: number of samples: 289
GWNSampleFloodVoxelizer: samples evaluated
GWNSampleFloodVoxelizer: adaptive threshold = 0.498039
GWNSampleFloodVoxelizer: flooding complete
Voxelization: solid angle evaluations per voxel: 3.53748

GWNSampleFloodVoxelizer::voxelize:
	3 trials
	total = 1.1553 s
	mean  = 0.385101 s
	var   = 0.00437703 s^2, std = 0.0661591 s
	min   = 0.330076 s
	max   = 0.458507 s

GWNSampleFloodVoxelizer::initIndicator:
	3 trials
	total = 0.07007 s
	mean  = 0.0233567 s
	var   = 1.05733e-009 s^2, std = 3.25167e-005 s
	min   = 0.023328 s
	max   = 0.023392 s

GWNSampleFloodVoxelizer::selectSamples:
	3 trials
	total = 0.070909 s
	mean  = 0.0236363 s
	var   = 2.9294e-007 s^2, std = 0.00054124 s
	min   = 0.023245 s
	max   = 0.024254 s

GWNSampleFloodVoxelizer::evaluateSamples:
	3 trials
	total = 0.615521 s
	mean  = 0.205174 s
	var   = 0.00473376 s^2, std = 0.0688023 s
	min   = 0.146802 s
	max   = 0.281032 s

GWNSampleFloodVoxelizer::flood:
	3 trials
	total = 0.367427 s
	mean  = 0.122476 s
	var   = 1.36116e-005 s^2, std = 0.00368938 s
	min   = 0.119498 s
	max   = 0.126603 s


PrintJobVoxelizer: finalizing surfaces
PrintJobVoxelizer: 179423 surface voxels
PrintJobVoxelizer: getting output subset
PrintJobVoxelizer: updating slice indices
TonalValueCalculator:  runs 12:59:31
slices [99, 149):
	channel 0: occupancy (dense)
	channel 1: opticalFeature (sparse)

SurfaceDistanceOrderedTransfer:  runs 12:59:31
slices [73, 149):
	channel 0: occupancy (dense)
	channel 1: surfaceDist (dense)

SurfaceDistanceOrderedTransfer: 73 99 123
LayerExtractor:  runs 12:59:31
slices [71, 123):
	channel 0: occupancy (dense)
	channel 1: surfaceDist (dense)
	channel 2: layer_000 (sparse)
	channel 3: layer_001 (sparse)
	channel 4: layer_002 (sparse)
	channel 5: layer_003 (sparse)
	channel 6: layer_004 (sparse)
	channel 7: layer_005 (sparse)
	channel 8: layer_006 (sparse)
	channel 9: layer_007 (sparse)

TonalLinearizer:  runs 12:59:32
slices [72, 122):
	channel 0: occupancy (dense)
	channel 1: surfaceDist (dense)
	channel 2: layer_000 (sparse)
	channel 3: layer_001 (sparse)
	channel 4: layer_002 (sparse)
	channel 5: layer_003 (sparse)
	channel 6: layer_004 (sparse)
	channel 7: layer_005 (sparse)
	channel 8: layer_006 (sparse)
	channel 9: layer_007 (sparse)

VectorLayerHalftoner: VectorLayerHalftoner error: no tonal values available

VectorLayerHalftoner:  runs 12:59:32
slices [60, 122):
	channel 0: occupancy (dense)
	channel 1: surfaceDist (dense)
	channel 2: layer_000 (sparse)
	channel 3: layer_001 (sparse)
	channel 4: layer_002 (sparse)
	channel 5: layer_003 (sparse)
	channel 6: layer_004 (sparse)
	channel 7: layer_005 (sparse)
	channel 8: layer_006 (sparse)
	channel 9: layer_007 (sparse)
	channel 10: intermedTonal_0 (sparse)
	channel 11: intermedTonal_1 (sparse)
	channel 12: intermedTonal_2 (sparse)
	channel 13: intermedTonal_3 (sparse)
	channel 14: intermedTonal_4 (sparse)
	channel 15: intermedTonal_5 (sparse)
	channel 16: intermedTonal_6 (sparse)
	channel 17: intermedTonal_7 (sparse)
	channel 18: quantizedTonal (sparse)
	channel 19: errorDiffInfo2 (sparse)
	channel 20: distanceToEmpty (sparse)
	channel 21: errorDiffInfo3 (sparse)
	channel 22: errorDiffInfo4 (sparse)
	channel 23: errorDiffInfo5 (sparse)
	channel 24: errorDiffInfo6 (sparse)
	channel 25: errorDiffInfo7 (sparse)
	channel 26: errorDiffInfo8 (sparse)
	channel 27: errorDiffInfo9 (sparse)

SlaveReporter:  runs 12:59:33
slices [60, 110):
	channel 0: material (dense)
	channel 1: occupancy (dense)

PrintJobVoxelizer:  runs 12:59:33

PrintJobVoxelizer: setting up slices
PrintJobVoxelizer: rasterizing objects
PrintJobVoxelizer: creating rasterizer
PrintJobVoxelizer: rasterizing object 1
Rasterizer::rasterize:
	4 trials
	total = 2.39431 s
	mean  = 0.598576 s
	var   = 0.0242404 s^2, std = 0.155693 s
	min   = 0.383768 s
	max   = 0.756579 s


PrintJobVoxelizer: voxelizing objects
Object 1 ROI: [0 0 0] --> [473 152 50]
GWNSampleFloodVoxelizer: number of samples: 271
GWNSampleFloodVoxelizer: samples evaluated
GWNSampleFloodVoxelizer: adaptive threshold = 0.498039
GWNSampleFloodVoxelizer: flooding complete
Voxelization: solid angle evaluations per voxel: 3.03338

GWNSampleFloodVoxelizer::voxelize:
	4 trials
	total = 1.4943 s
	mean  = 0.373576 s
	var   = 0.00344937 s^2, std = 0.0587313 s
	min   = 0.330076 s
	max   = 0.458507 s

GWNSampleFloodVoxelizer::initIndicator:
	4 trials
	total = 0.093716 s
	mean  = 0.023429 s
	var   = 2.16333e-008 s^2, std = 0.000147083 s
	min   = 0.023328 s
	max   = 0.023646 s

GWNSampleFloodVoxelizer::selectSamples:
	4 trials
	total = 0.094681 s
	mean  = 0.0236703 s
	var   = 1.99895e-007 s^2, std = 0.000447096 s
	min   = 0.023245 s
	max   = 0.024254 s

GWNSampleFloodVoxelizer::evaluateSamples:
	4 trials
	total = 0.775936 s
	mean  = 0.193984 s
	var   = 0.00365668 s^2, std = 0.0604704 s
	min   = 0.146802 s
	max   = 0.281032 s

GWNSampleFloodVoxelizer::flood:
	4 trials
	total = 0.488344 s
	mean  = 0.122086 s
	var   = 9.68173e-006 s^2, std = 0.00311155 s
	min   = 0.119498 s
	max   = 0.126603 s


PrintJobVoxelizer: finalizing surfaces
PrintJobVoxelizer: 252234 surface voxels
PrintJobVoxelizer: getting output subset
PrintJobVoxelizer: updating slice indices
TonalValueCalculator:  runs 12:59:34
slices [149, 199):
	channel 0: occupancy (dense)
	channel 1: opticalFeature (sparse)

SurfaceDistanceOrderedTransfer:  runs 12:59:34
slices [123, 199):
	channel 0: occupancy (dense)
	channel 1: surfaceDist (dense)

SurfaceDistanceOrderedTransfer: 123 149 173
LayerExtractor:  runs 12:59:34
slices [121, 173):
	channel 0: occupancy (dense)
	channel 1: surfaceDist (dense)
	channel 2: layer_000 (sparse)
	channel 3: layer_001 (sparse)
	channel 4: layer_002 (sparse)
	channel 5: layer_003 (sparse)
	channel 6: layer_004 (sparse)
	channel 7: layer_005 (sparse)
	channel 8: layer_006 (sparse)
	channel 9: layer_007 (sparse)

TonalLinearizer:  runs 12:59:34
slices [122, 172):
	channel 0: occupancy (dense)
	channel 1: surfaceDist (dense)
	channel 2: layer_000 (sparse)
	channel 3: layer_001 (sparse)
	channel 4: layer_002 (sparse)
	channel 5: layer_003 (sparse)
	channel 6: layer_004 (sparse)
	channel 7: layer_005 (sparse)
	channel 8: layer_006 (sparse)
	channel 9: layer_007 (sparse)

VectorLayerHalftoner: VectorLayerHalftoner error: no tonal values available

VectorLayerHalftoner:  runs 12:59:34
slices [110, 172):
	channel 0: occupancy (dense)
	channel 1: surfaceDist (dense)
	channel 2: layer_000 (sparse)
	channel 3: layer_001 (sparse)
	channel 4: layer_002 (sparse)
	channel 5: layer_003 (sparse)
	channel 6: layer_004 (sparse)
	channel 7: layer_005 (sparse)
	channel 8: layer_006 (sparse)
	channel 9: layer_007 (sparse)
	channel 10: intermedTonal_0 (sparse)
	channel 11: intermedTonal_1 (sparse)
	channel 12: intermedTonal_2 (sparse)
	channel 13: intermedTonal_3 (sparse)
	channel 14: intermedTonal_4 (sparse)
	channel 15: intermedTonal_5 (sparse)
	channel 16: intermedTonal_6 (sparse)
	channel 17: intermedTonal_7 (sparse)
	channel 18: quantizedTonal (sparse)
	channel 19: errorDiffInfo2 (sparse)
	channel 20: distanceToEmpty (sparse)
	channel 21: errorDiffInfo3 (sparse)
	channel 22: errorDiffInfo4 (sparse)
	channel 23: errorDiffInfo5 (sparse)
	channel 24: errorDiffInfo6 (sparse)
	channel 25: errorDiffInfo7 (sparse)
	channel 26: errorDiffInfo8 (sparse)
	channel 27: errorDiffInfo9 (sparse)

SlaveReporter:  runs 12:59:35
slices [110, 160):
	channel 0: material (dense)
	channel 1: occupancy (dense)

PrintJobVoxelizer:  runs 12:59:35

PrintJobVoxelizer: setting up slices
PrintJobVoxelizer: rasterizing objects
PrintJobVoxelizer: creating rasterizer
PrintJobVoxelizer: rasterizing object 1
Rasterizer::rasterize:
	5 trials
	total = 3.03298 s
	mean  = 0.606596 s
	var   = 0.0185019 s^2, std = 0.136022 s
	min   = 0.383768 s
	max   = 0.756579 s


PrintJobVoxelizer: voxelizing objects
Object 1 ROI: [0 0 0] --> [473 152 50]
GWNSampleFloodVoxelizer: number of samples: 253
GWNSampleFloodVoxelizer: samples evaluated
GWNSampleFloodVoxelizer: adaptive threshold = 0.498039
GWNSampleFloodVoxelizer: flooding complete
Voxelization: solid angle evaluations per voxel: 2.9192

GWNSampleFloodVoxelizer::voxelize:
	5 trials
	total = 1.82506 s
	mean  = 0.365012 s
	var   = 0.00295371 s^2, std = 0.054348 s
	min   = 0.330076 s
	max   = 0.458507 s

GWNSampleFloodVoxelizer::initIndicator:
	5 trials
	total = 0.117381 s
	mean  = 0.0234762 s
	var   = 2.73642e-008 s^2, std = 0.000165421 s
	min   = 0.023328 s
	max   = 0.023665 s

GWNSampleFloodVoxelizer::selectSamples:
	5 trials
	total = 0.118421 s
	mean  = 0.0236842 s
	var   = 1.50894e-007 s^2, std = 0.000388451 s
	min   = 0.023245 s
	max   = 0.024254 s

GWNSampleFloodVoxelizer::evaluateSamples:
	5 trials
	total = 0.925786 s
	mean  = 0.185157 s
	var   = 0.00313207 s^2, std = 0.0559649 s
	min   = 0.146802 s
	max   = 0.281032 s

GWNSampleFloodVoxelizer::flood:
	5 trials
	total = 0.612636 s
	mean  = 0.122527 s
	var   = 8.23459e-006 s^2, std = 0.0028696 s
	min   = 0.119498 s
	max   = 0.126603 s


PrintJobVoxelizer: finalizing surfaces
PrintJobVoxelizer: 323002 surface voxels
PrintJobVoxelizer: getting output subset
PrintJobVoxelizer: updating slice indices
TonalValueCalculator:  runs 12:59:37
slices [199, 249):
	channel 0: occupancy (dense)
	channel 1: opticalFeature (sparse)

SurfaceDistanceOrderedTransfer:  runs 12:59:37
slices [173, 249):
	channel 0: occupancy (dense)
	channel 1: surfaceDist (dense)

SurfaceDistanceOrderedTransfer: 173 199 223
LayerExtractor:  runs 12:59:37
slices [171, 223):
	channel 0: occupancy (dense)
	channel 1: surfaceDist (dense)
	channel 2: layer_000 (sparse)
	channel 3: layer_001 (sparse)
	channel 4: layer_002 (sparse)
	channel 5: layer_003 (sparse)
	channel 6: layer_004 (sparse)
	channel 7: layer_005 (sparse)
	channel 8: layer_006 (sparse)
	channel 9: layer_007 (sparse)

TonalLinearizer:  runs 12:59:37
slices [172, 222):
	channel 0: occupancy (dense)
	channel 1: surfaceDist (dense)
	channel 2: layer_000 (sparse)
	channel 3: layer_001 (sparse)
	channel 4: layer_002 (sparse)
	channel 5: layer_003 (sparse)
	channel 6: layer_004 (sparse)
	channel 7: layer_005 (sparse)
	channel 8: layer_006 (sparse)
	channel 9: layer_007 (sparse)

VectorLayerHalftoner: VectorLayerHalftoner error: no tonal values available

VectorLayerHalftoner:  runs 12:59:37
slices [160, 222):
	channel 0: occupancy (dense)
	channel 1: surfaceDist (dense)
	channel 2: layer_000 (sparse)
	channel 3: layer_001 (sparse)
	channel 4: layer_002 (sparse)
	channel 5: layer_003 (sparse)
	channel 6: layer_004 (sparse)
	channel 7: layer_005 (sparse)
	channel 8: layer_006 (sparse)
	channel 9: layer_007 (sparse)
	channel 10: intermedTonal_0 (sparse)
	channel 11: intermedTonal_1 (sparse)
	channel 12: intermedTonal_2 (sparse)
	channel 13: intermedTonal_3 (sparse)
	channel 14: intermedTonal_4 (sparse)
	channel 15: intermedTonal_5 (sparse)
	channel 16: intermedTonal_6 (sparse)
	channel 17: intermedTonal_7 (sparse)
	channel 18: quantizedTonal (sparse)
	channel 19: errorDiffInfo2 (sparse)
	channel 20: distanceToEmpty (sparse)
	channel 21: errorDiffInfo3 (sparse)
	channel 22: errorDiffInfo4 (sparse)
	channel 23: errorDiffInfo5 (sparse)
	channel 24: errorDiffInfo6 (sparse)
	channel 25: errorDiffInfo7 (sparse)
	channel 26: errorDiffInfo8 (sparse)
	channel 27: errorDiffInfo9 (sparse)

SlaveReporter:  runs 12:59:38
slices [160, 210):
	channel 0: material (dense)
	channel 1: occupancy (dense)

PrintJobVoxelizer:  runs 12:59:38

PrintJobVoxelizer: setting up slices
PrintJobVoxelizer: rasterizing objects
PrintJobVoxelizer: creating rasterizer
PrintJobVoxelizer: rasterizing object 1
Rasterizer::rasterize:
	6 trials
	total = 3.66414 s
	mean  = 0.610689 s
	var   = 0.0149021 s^2, std = 0.122074 s
	min   = 0.383768 s
	max   = 0.756579 s


PrintJobVoxelizer: voxelizing objects
Object 1 ROI: [0 0 0] --> [473 152 50]
GWNSampleFloodVoxelizer: number of samples: 291
GWNSampleFloodVoxelizer: samples evaluated
GWNSampleFloodVoxelizer: adaptive threshold = 0.498039
GWNSampleFloodVoxelizer: flooding complete
Voxelization: solid angle evaluations per voxel: 3.47159

GWNSampleFloodVoxelizer::voxelize:
	6 trials
	total = 2.19222 s
	mean  = 0.36537 s
	var   = 0.00236374 s^2, std = 0.0486183 s
	min   = 0.330076 s
	max   = 0.458507 s

GWNSampleFloodVoxelizer::initIndicator:
	6 trials
	total = 0.142045 s
	mean  = 0.0236742 s
	var   = 2.57036e-007 s^2, std = 0.000506987 s
	min   = 0.023328 s
	max   = 0.024664 s

GWNSampleFloodVoxelizer::selectSamples:
	6 trials
	total = 0.141721 s
	mean  = 0.0236202 s
	var   = 1.45317e-007 s^2, std = 0.000381205 s
	min   = 0.023245 s
	max   = 0.024254 s

GWNSampleFloodVoxelizer::evaluateSamples:
	6 trials
	total = 1.10732 s
	mean  = 0.184554 s
	var   = 0.00250784 s^2, std = 0.0500783 s
	min   = 0.146802 s
	max   = 0.281032 s

GWNSampleFloodVoxelizer::flood:
	6 trials
	total = 0.740144 s
	mean  = 0.123357 s
	var   = 1.07224e-005 s^2, std = 0.00327451 s
	min   = 0.119498 s
	max   = 0.127508 s


PrintJobVoxelizer: finalizing surfaces
PrintJobVoxelizer: 392918 surface voxels
PrintJobVoxelizer: getting output subset
PrintJobVoxelizer: updating slice indices
TonalValueCalculator:  runs 12:59:39
slices [249, 299):
	channel 0: occupancy (dense)
	channel 1: opticalFeature (sparse)

SurfaceDistanceOrderedTransfer:  runs 12:59:39
slices [223, 299):
	channel 0: occupancy (dense)
	channel 1: surfaceDist (dense)

SurfaceDistanceOrderedTransfer: 223 249 273
LayerExtractor:  runs 12:59:39
slices [221, 273):
	channel 0: occupancy (dense)
	channel 1: surfaceDist (dense)
	channel 2: layer_000 (sparse)
	channel 3: layer_001 (sparse)
	channel 4: layer_002 (sparse)
	channel 5: layer_003 (sparse)
	channel 6: layer_004 (sparse)
	channel 7: layer_005 (sparse)
	channel 8: layer_006 (sparse)
	channel 9: layer_007 (sparse)

TonalLinearizer:  runs 12:59:40
slices [222, 272):
	channel 0: occupancy (dense)
	channel 1: surfaceDist (dense)
	channel 2: layer_000 (sparse)
	channel 3: layer_001 (sparse)
	channel 4: layer_002 (sparse)
	channel 5: layer_003 (sparse)
	channel 6: layer_004 (sparse)
	channel 7: layer_005 (sparse)
	channel 8: layer_006 (sparse)
	channel 9: layer_007 (sparse)

VectorLayerHalftoner: VectorLayerHalftoner error: no tonal values available

VectorLayerHalftoner:  runs 12:59:40
slices [210, 272):
	channel 0: occupancy (dense)
	channel 1: surfaceDist (dense)
	channel 2: layer_000 (sparse)
	channel 3: layer_001 (sparse)
	channel 4: layer_002 (sparse)
	channel 5: layer_003 (sparse)
	channel 6: layer_004 (sparse)
	channel 7: layer_005 (sparse)
	channel 8: layer_006 (sparse)
	channel 9: layer_007 (sparse)
	channel 10: intermedTonal_0 (sparse)
	channel 11: intermedTonal_1 (sparse)
	channel 12: intermedTonal_2 (sparse)
	channel 13: intermedTonal_3 (sparse)
	channel 14: intermedTonal_4 (sparse)
	channel 15: intermedTonal_5 (sparse)
	channel 16: intermedTonal_6 (sparse)
	channel 17: intermedTonal_7 (sparse)
	channel 18: quantizedTonal (sparse)
	channel 19: errorDiffInfo2 (sparse)
	channel 20: distanceToEmpty (sparse)
	channel 21: errorDiffInfo3 (sparse)
	channel 22: errorDiffInfo4 (sparse)
	channel 23: errorDiffInfo5 (sparse)
	channel 24: errorDiffInfo6 (sparse)
	channel 25: errorDiffInfo7 (sparse)
	channel 26: errorDiffInfo8 (sparse)
	channel 27: errorDiffInfo9 (sparse)

SlaveReporter:  runs 12:59:41
slices [210, 260):
	channel 0: material (dense)
	channel 1: occupancy (dense)

PrintJobVoxelizer:  runs 12:59:41

PrintJobVoxelizer: setting up slices
PrintJobVoxelizer: rasterizing objects
PrintJobVoxelizer: creating rasterizer
PrintJobVoxelizer: rasterizing object 1
Rasterizer::rasterize:
	7 trials
	total = 4.37267 s
	mean  = 0.624667 s
	var   = 0.0137859 s^2, std = 0.117413 s
	min   = 0.383768 s
	max   = 0.756579 s


PrintJobVoxelizer: voxelizing objects
Object 1 ROI: [0 0 0] --> [473 152 50]
GWNSampleFloodVoxelizer: number of samples: 351
GWNSampleFloodVoxelizer: samples evaluated
GWNSampleFloodVoxelizer: adaptive threshold = 0.498039
GWNSampleFloodVoxelizer: flooding complete
Voxelization: solid angle evaluations per voxel: 4.8835

GWNSampleFloodVoxelizer::voxelize:
	7 trials
	total = 2.64749 s
	mean  = 0.378213 s
	var   = 0.00312444 s^2, std = 0.0558967 s
	min   = 0.330076 s
	max   = 0.458507 s

GWNSampleFloodVoxelizer::initIndicator:
	7 trials
	total = 0.165389 s
	mean  = 0.023627 s
	var   = 2.2977e-007 s^2, std = 0.000479343 s
	min   = 0.023328 s
	max   = 0.024664 s

GWNSampleFloodVoxelizer::selectSamples:
	7 trials
	total = 0.166032 s
	mean  = 0.0237189 s
	var   = 1.89276e-007 s^2, std = 0.000435059 s
	min   = 0.023245 s
	max   = 0.024311 s

GWNSampleFloodVoxelizer::evaluateSamples:
	7 trials
	total = 1.37813 s
	mean  = 0.196876 s
	var   = 0.00315264 s^2, std = 0.0561484 s
	min   = 0.146802 s
	max   = 0.281032 s

GWNSampleFloodVoxelizer::flood:
	7 trials
	total = 0.868819 s
	mean  = 0.124117 s
	var   = 1.2975e-005 s^2, std = 0.00360208 s
	min   = 0.119498 s
	max   = 0.128675 s


PrintJobVoxelizer: finalizing surfaces
PrintJobVoxelizer: 462803 surface voxels
PrintJobVoxelizer: getting output subset
PrintJobVoxelizer: updating slice indices
TonalValueCalculator:  runs 12:59:42
slices [299, 349):
	channel 0: occupancy (dense)
	channel 1: opticalFeature (sparse)

SurfaceDistanceOrderedTransfer:  runs 12:59:42
slices [273, 349):
	channel 0: occupancy (dense)
	channel 1: surfaceDist (dense)

SurfaceDistanceOrderedTransfer: 273 299 323
LayerExtractor:  runs 12:59:42
slices [271, 323):
	channel 0: occupancy (dense)
	channel 1: surfaceDist (dense)
	channel 2: layer_000 (sparse)
	channel 3: layer_001 (sparse)
	channel 4: layer_002 (sparse)
	channel 5: layer_003 (sparse)
	channel 6: layer_004 (sparse)
	channel 7: layer_005 (sparse)
	channel 8: layer_006 (sparse)
	channel 9: layer_007 (sparse)

TonalLinearizer:  runs 12:59:42
slices [272, 322):
	channel 0: occupancy (dense)
	channel 1: surfaceDist (dense)
	channel 2: layer_000 (sparse)
	channel 3: layer_001 (sparse)
	channel 4: layer_002 (sparse)
	channel 5: layer_003 (sparse)
	channel 6: layer_004 (sparse)
	channel 7: layer_005 (sparse)
	channel 8: layer_006 (sparse)
	channel 9: layer_007 (sparse)

VectorLayerHalftoner: VectorLayerHalftoner error: no tonal values available

VectorLayerHalftoner:  runs 12:59:42
slices [260, 322):
	channel 0: occupancy (dense)
	channel 1: surfaceDist (dense)
	channel 2: layer_000 (sparse)
	channel 3: layer_001 (sparse)
	channel 4: layer_002 (sparse)
	channel 5: layer_003 (sparse)
	channel 6: layer_004 (sparse)
	channel 7: layer_005 (sparse)
	channel 8: layer_006 (sparse)
	channel 9: layer_007 (sparse)
	channel 10: intermedTonal_0 (sparse)
	channel 11: intermedTonal_1 (sparse)
	channel 12: intermedTonal_2 (sparse)
	channel 13: intermedTonal_3 (sparse)
	channel 14: intermedTonal_4 (sparse)
	channel 15: intermedTonal_5 (sparse)
	channel 16: intermedTonal_6 (sparse)
	channel 17: intermedTonal_7 (sparse)
	channel 18: quantizedTonal (sparse)
	channel 19: errorDiffInfo2 (sparse)
	channel 20: distanceToEmpty (sparse)
	channel 21: errorDiffInfo3 (sparse)
	channel 22: errorDiffInfo4 (sparse)
	channel 23: errorDiffInfo5 (sparse)
	channel 24: errorDiffInfo6 (sparse)
	channel 25: errorDiffInfo7 (sparse)
	channel 26: errorDiffInfo8 (sparse)
	channel 27: errorDiffInfo9 (sparse)

SlaveReporter:  runs 12:59:43
slices [260, 310):
	channel 0: material (dense)
	channel 1: occupancy (dense)

PrintJobVoxelizer:  runs 12:59:43

PrintJobVoxelizer: setting up slices
PrintJobVoxelizer: rasterizing objects
PrintJobVoxelizer: creating rasterizer
PrintJobVoxelizer: rasterizing object 1
Rasterizer::rasterize:
	8 trials
	total = 4.61339 s
	mean  = 0.576674 s
	var   = 0.0302431 s^2, std = 0.173905 s
	min   = 0.240723 s
	max   = 0.756579 s


PrintJobVoxelizer: voxelizing objects
Object 1 ROI: [0 0 0] --> [473 152 39]
GWNSampleFloodVoxelizer: number of samples: 260
GWNSampleFloodVoxelizer: samples evaluated
GWNSampleFloodVoxelizer: adaptive threshold = 0.498039
GWNSampleFloodVoxelizer: flooding complete
Voxelization: solid angle evaluations per voxel: 1.94837

GWNSampleFloodVoxelizer::voxelize:
	8 trials
	total = 2.90636 s
	mean  = 0.363295 s
	var   = 0.00445843 s^2, std = 0.0667715 s
	min   = 0.25887 s
	max   = 0.458507 s

GWNSampleFloodVoxelizer::initIndicator:
	8 trials
	total = 0.182641 s
	mean  = 0.0228301 s
	var   = 5.27702e-006 s^2, std = 0.00229718 s
	min   = 0.017252 s
	max   = 0.024664 s

GWNSampleFloodVoxelizer::selectSamples:
	8 trials
	total = 0.19264 s
	mean  = 0.02408 s
	var   = 1.20563e-006 s^2, std = 0.00109801 s
	min   = 0.023245 s
	max   = 0.026608 s

GWNSampleFloodVoxelizer::evaluateSamples:
	8 trials
	total = 1.48745 s
	mean  = 0.185931 s
	var   = 0.00366053 s^2, std = 0.0605023 s
	min   = 0.109319 s
	max   = 0.281032 s

GWNSampleFloodVoxelizer::flood:
	8 trials
	total = 0.967402 s
	mean  = 0.120925 s
	var   = 9.26196e-005 s^2, std = 0.00962391 s
	min   = 0.098583 s
	max   = 0.128675 s


PrintJobVoxelizer: finalizing surfaces
PrintJobVoxelizer: 475499 surface voxels
PrintJobVoxelizer: getting output subset
PrintJobVoxelizer: updating slice indices
TonalValueCalculator:  runs 12:59:44
slices [349, 389):
	channel 0: occupancy (dense)
	channel 1: opticalFeature (sparse)

SurfaceDistanceOrderedTransfer:  runs 12:59:44
slices [323, 389):
	channel 0: occupancy (dense)
	channel 1: surfaceDist (dense)

SurfaceDistanceOrderedTransfer: 323 349 389
LayerExtractor:  runs 12:59:44
slices [321, 389):
	channel 0: occupancy (dense)
	channel 1: surfaceDist (dense)
	channel 2: layer_000 (sparse)
	channel 3: layer_001 (sparse)
	channel 4: layer_002 (sparse)
	channel 5: layer_003 (sparse)
	channel 6: layer_004 (sparse)
	channel 7: layer_005 (sparse)
	channel 8: layer_006 (sparse)
	channel 9: layer_007 (sparse)

TonalLinearizer:  runs 12:59:44
slices [322, 389):
	channel 0: occupancy (dense)
	channel 1: surfaceDist (dense)
	channel 2: layer_000 (sparse)
	channel 3: layer_001 (sparse)
	channel 4: layer_002 (sparse)
	channel 5: layer_003 (sparse)
	channel 6: layer_004 (sparse)
	channel 7: layer_005 (sparse)
	channel 8: layer_006 (sparse)
	channel 9: layer_007 (sparse)

VectorLayerHalftoner: VectorLayerHalftoner error: no tonal values available

VectorLayerHalftoner:  runs 12:59:44
slices [310, 389):
	channel 0: occupancy (dense)
	channel 1: surfaceDist (dense)
	channel 2: layer_000 (sparse)
	channel 3: layer_001 (sparse)
	channel 4: layer_002 (sparse)
	channel 5: layer_003 (sparse)
	channel 6: layer_004 (sparse)
	channel 7: layer_005 (sparse)
	channel 8: layer_006 (sparse)
	channel 9: layer_007 (sparse)
	channel 10: intermedTonal_0 (sparse)
	channel 11: intermedTonal_1 (sparse)
	channel 12: intermedTonal_2 (sparse)
	channel 13: intermedTonal_3 (sparse)
	channel 14: intermedTonal_4 (sparse)
	channel 15: intermedTonal_5 (sparse)
	channel 16: intermedTonal_6 (sparse)
	channel 17: intermedTonal_7 (sparse)
	channel 18: quantizedTonal (sparse)
	channel 19: errorDiffInfo2 (sparse)
	channel 20: distanceToEmpty (sparse)
	channel 21: errorDiffInfo3 (sparse)
	channel 22: errorDiffInfo4 (sparse)
	channel 23: errorDiffInfo5 (sparse)
	channel 24: errorDiffInfo6 (sparse)
	channel 25: errorDiffInfo7 (sparse)
	channel 26: errorDiffInfo8 (sparse)
	channel 27: errorDiffInfo9 (sparse)

SlaveReporter:  runs 12:59:45
slices [310, 389):
	channel 0: material (dense)
	channel 1: occupancy (dense)

Computation finished 

Status: success
Slave Node  2 :Total execution time in seconds 27.4736

