Warning:json file inside profile could not be parsed 

GL version: 4.5.0 NVIDIA 362.00

Warning: there is no json file embedded inside profile 

LayerExtractor: distance needed for layers: 0.135467

FileParserPJ: initializing
PrintJobOrganizer: initializing
PrintJobPreprocessor: initializing
PrintJobVoxelizer: initializing
TonalValueCalculator: initializing
TonalValueCalculator: Using rendering intent RELATIVE_COLORIMETRIC

SurfaceDistanceOrderedTransfer: initializing
TonalLinearizer: initializing
VectorLayerHalftoner: initializing
SlaveReporter: initializing
FileParserPJ:  runs 11:49:41

FileParserPJ: loading OBJ file

244921 vertices
489840 faces

FileParserPJ: 245383 texture coordinates

FileParserPJ: 245383 vertices after duplication

FileParserPJ: //filer-igd2.igd.fraunhofer.de/igd-3dt/shared/3DModels/Head/HeadMTL/Head_Level3.obj parsed: 245383 vertices and 489840 faces

FileParserPJ: loading jpg file

FileParserPJ: Input files parsed

PrintJobOrganizer:  runs 11:49:44

centering objects at origin
optimizing rotation for height
scaling objects
optimizing rotation for support use
PrintJobOrganizer: support cost         = 25.4851
support cost flipped = 22.9004

arranging objects in 2D
validating object placement
PrintJobOrganizer: print object 1 print-space bounding box: (0.00211667, 0.00423333, 0.00135106), (8.00212, 5.12195, 4.19435)
saving transforms to file
PrintJobPreprocessor:  runs 11:49:44

PrintJobPreprocessor: flatten
PrintJobPreprocessor: prioritize
PrintJobPreprocessor: segment-hierarchy
PrintJobPreprocessor: boundingBox
PrintJobPreprocessor: uniformAppearanceTextures
PrintJobVoxelizer:  runs 11:49:45

PrintJobVoxelizer: 
number of slices to print: 777 (4.19435 cm)
width of slices to print:  946 (8.00212 cm)
height of slices to print: 303 (5.12195 cm)
chunk size:                50 (0.270213 cm)

PrintJobVoxelizer: setting up slices
PrintJobVoxelizer: rasterizing objects
PrintJobVoxelizer: creating rasterizer
PrintJobVoxelizer: rasterizing object 1
Rasterizer::rasterize:
	1 trials
	total = 0.203147 s
	mean  = 0.203147 s
	var   = 0 s^2, std = 0 s
	min   = 0.203147 s
	max   = 0.203147 s


PrintJobVoxelizer: voxelizing objects
Object 1 ROI: [0 0 0] --> [946 303 50]
GWNSampleFloodVoxelizer: number of samples: 200
GWNSampleFloodVoxelizer: samples evaluated
GWNSampleFloodVoxelizer: adaptive threshold = 0.498039
GWNSampleFloodVoxelizer: flooding complete
Voxelization: solid angle evaluations per voxel: 0.295971

GWNSampleFloodVoxelizer::voxelize:
	1 trials
	total = 0.906311 s
	mean  = 0.906311 s
	var   = 0 s^2, std = 0 s
	min   = 0.906311 s
	max   = 0.906311 s

GWNSampleFloodVoxelizer::initIndicator:
	1 trials
	total = 0.187489 s
	mean  = 0.187489 s
	var   = 0 s^2, std = 0 s
	min   = 0.187489 s
	max   = 0.187489 s

GWNSampleFloodVoxelizer::selectSamples:
	1 trials
	total = 0.09376 s
	mean  = 0.09376 s
	var   = 0 s^2, std = 0 s
	min   = 0.09376 s
	max   = 0.09376 s

GWNSampleFloodVoxelizer::evaluateSamples:
	1 trials
	total = 0.062506 s
	mean  = 0.062506 s
	var   = 0 s^2, std = 0 s
	min   = 0.062506 s
	max   = 0.062506 s

GWNSampleFloodVoxelizer::flood:
	1 trials
	total = 0.468798 s
	mean  = 0.468798 s
	var   = 0 s^2, std = 0 s
	min   = 0.468798 s
	max   = 0.468798 s


PrintJobVoxelizer: finalizing surfaces
PrintJobVoxelizer: 18700 surface voxels
PrintJobVoxelizer: getting output subset
PrintJobVoxelizer: updating slice indices
TonalValueCalculator:  runs 11:49:47
slices [0, 49):
	channel 0: occupancy (dense)
	channel 1: opticalFeature (sparse)

SurfaceDistanceOrderedTransfer:  runs 11:49:47
slices [0, 49):
	channel 0: occupancy (dense)
	channel 1: surfaceDist (dense)

SurfaceDistanceOrderedTransfer: 0 0 23
LayerExtractor:  runs 11:49:47
slices [0, 23):
	channel 0: occupancy (dense)
	channel 1: surfaceDist (dense)
	channel 2: layer_000 (sparse)
	channel 3: layer_001 (sparse)
	channel 4: layer_002 (sparse)
	channel 5: layer_003 (sparse)
	channel 6: layer_004 (sparse)
	channel 7: layer_005 (sparse)
	channel 8: layer_006 (sparse)
	channel 9: layer_007 (sparse)

TonalLinearizer:  runs 11:49:47
slices [0, 22):
	channel 0: occupancy (dense)
	channel 1: surfaceDist (dense)
	channel 2: layer_000 (sparse)
	channel 3: layer_001 (sparse)
	channel 4: layer_002 (sparse)
	channel 5: layer_003 (sparse)
	channel 6: layer_004 (sparse)
	channel 7: layer_005 (sparse)
	channel 8: layer_006 (sparse)
	channel 9: layer_007 (sparse)

VectorLayerHalftoner: VectorLayerHalftoner error: no tonal values available

VectorLayerHalftoner:  runs 11:49:47
slices [0, 22):
	channel 0: occupancy (dense)
	channel 1: surfaceDist (dense)
	channel 2: layer_000 (sparse)
	channel 3: layer_001 (sparse)
	channel 4: layer_002 (sparse)
	channel 5: layer_003 (sparse)
	channel 6: layer_004 (sparse)
	channel 7: layer_005 (sparse)
	channel 8: layer_006 (sparse)
	channel 9: layer_007 (sparse)
	channel 10: intermedTonal_0 (sparse)
	channel 11: intermedTonal_1 (sparse)
	channel 12: intermedTonal_2 (sparse)
	channel 13: intermedTonal_3 (sparse)
	channel 14: intermedTonal_4 (sparse)
	channel 15: intermedTonal_5 (sparse)
	channel 16: intermedTonal_6 (sparse)
	channel 17: intermedTonal_7 (sparse)
	channel 18: quantizedTonal (sparse)

SlaveReporter:  runs 11:49:47
slices [0, 10):
	channel 0: material (dense)
	channel 1: occupancy (dense)

PrintJobVoxelizer:  runs 11:49:47

PrintJobVoxelizer: setting up slices
PrintJobVoxelizer: rasterizing objects
PrintJobVoxelizer: creating rasterizer
PrintJobVoxelizer: rasterizing object 1
Rasterizer::rasterize:
	2 trials
	total = 0.781329 s
	mean  = 0.390664 s
	var   = 0.0703256 s^2, std = 0.26519 s
	min   = 0.203147 s
	max   = 0.578182 s


PrintJobVoxelizer: voxelizing objects
Object 1 ROI: [0 0 0] --> [946 303 50]
GWNSampleFloodVoxelizer: number of samples: 330
GWNSampleFloodVoxelizer: samples evaluated
GWNSampleFloodVoxelizer: adaptive threshold = 0.498039
GWNSampleFloodVoxelizer: flooding complete
Voxelization: solid angle evaluations per voxel: 1.03114

GWNSampleFloodVoxelizer::voxelize:
	2 trials
	total = 1.95326 s
	mean  = 0.97663 s
	var   = 0.00988952 s^2, std = 0.0994461 s
	min   = 0.906311 s
	max   = 1.04695 s

GWNSampleFloodVoxelizer::initIndicator:
	2 trials
	total = 0.374976 s
	mean  = 0.187488 s
	var   = 2e-012 s^2, std = 1.41421e-006 s
	min   = 0.187487 s
	max   = 0.187489 s

GWNSampleFloodVoxelizer::selectSamples:
	2 trials
	total = 0.187521 s
	mean  = 0.0937605 s
	var   = 5e-013 s^2, std = 7.07107e-007 s
	min   = 0.09376 s
	max   = 0.093761 s

GWNSampleFloodVoxelizer::evaluateSamples:
	2 trials
	total = 0.281277 s
	mean  = 0.140639 s
	var   = 0.0122094 s^2, std = 0.110496 s
	min   = 0.062506 s
	max   = 0.218771 s

GWNSampleFloodVoxelizer::flood:
	2 trials
	total = 0.921969 s
	mean  = 0.460984 s
	var   = 0.000122102 s^2, std = 0.01105 s
	min   = 0.453171 s
	max   = 0.468798 s


PrintJobVoxelizer: finalizing surfaces
PrintJobVoxelizer: 122101 surface voxels
PrintJobVoxelizer: getting output subset
PrintJobVoxelizer: updating slice indices
TonalValueCalculator:  runs 11:49:49
slices [49, 99):
	channel 0: occupancy (dense)
	channel 1: opticalFeature (sparse)

SurfaceDistanceOrderedTransfer:  runs 11:49:49
slices [23, 99):
	channel 0: occupancy (dense)
	channel 1: surfaceDist (dense)

SurfaceDistanceOrderedTransfer: 23 49 73
LayerExtractor:  runs 11:49:50
slices [21, 73):
	channel 0: occupancy (dense)
	channel 1: surfaceDist (dense)
	channel 2: layer_000 (sparse)
	channel 3: layer_001 (sparse)
	channel 4: layer_002 (sparse)
	channel 5: layer_003 (sparse)
	channel 6: layer_004 (sparse)
	channel 7: layer_005 (sparse)
	channel 8: layer_006 (sparse)
	channel 9: layer_007 (sparse)

TonalLinearizer:  runs 11:49:50
slices [22, 72):
	channel 0: occupancy (dense)
	channel 1: surfaceDist (dense)
	channel 2: layer_000 (sparse)
	channel 3: layer_001 (sparse)
	channel 4: layer_002 (sparse)
	channel 5: layer_003 (sparse)
	channel 6: layer_004 (sparse)
	channel 7: layer_005 (sparse)
	channel 8: layer_006 (sparse)
	channel 9: layer_007 (sparse)

VectorLayerHalftoner: VectorLayerHalftoner error: no tonal values available

VectorLayerHalftoner:  runs 11:49:50
slices [10, 72):
	channel 0: occupancy (dense)
	channel 1: surfaceDist (dense)
	channel 2: layer_000 (sparse)
	channel 3: layer_001 (sparse)
	channel 4: layer_002 (sparse)
	channel 5: layer_003 (sparse)
	channel 6: layer_004 (sparse)
	channel 7: layer_005 (sparse)
	channel 8: layer_006 (sparse)
	channel 9: layer_007 (sparse)
	channel 10: intermedTonal_0 (sparse)
	channel 11: intermedTonal_1 (sparse)
	channel 12: intermedTonal_2 (sparse)
	channel 13: intermedTonal_3 (sparse)
	channel 14: intermedTonal_4 (sparse)
	channel 15: intermedTonal_5 (sparse)
	channel 16: intermedTonal_6 (sparse)
	channel 17: intermedTonal_7 (sparse)
	channel 18: quantizedTonal (sparse)
	channel 19: errorDiffInfo2 (sparse)
	channel 20: distanceToEmpty (sparse)
	channel 21: errorDiffInfo3 (sparse)
	channel 22: errorDiffInfo4 (sparse)
	channel 23: errorDiffInfo5 (sparse)
	channel 24: errorDiffInfo6 (sparse)
	channel 25: errorDiffInfo7 (sparse)
	channel 26: errorDiffInfo8 (sparse)
	channel 27: errorDiffInfo9 (sparse)

SlaveReporter:  runs 11:49:51
slices [10, 60):
	channel 0: material (dense)
	channel 1: occupancy (dense)

PrintJobVoxelizer:  runs 11:49:51

PrintJobVoxelizer: setting up slices
PrintJobVoxelizer: rasterizing objects
PrintJobVoxelizer: creating rasterizer
PrintJobVoxelizer: rasterizing object 1
Rasterizer::rasterize:
	3 trials
	total = 1.54703 s
	mean  = 0.515677 s
	var   = 0.0820474 s^2, std = 0.286439 s
	min   = 0.203147 s
	max   = 0.765703 s


PrintJobVoxelizer: voxelizing objects
Object 1 ROI: [0 0 0] --> [946 303 50]
GWNSampleFloodVoxelizer: number of samples: 478
GWNSampleFloodVoxelizer: samples evaluated
GWNSampleFloodVoxelizer: adaptive threshold = 0.498039
GWNSampleFloodVoxelizer: flooding complete
Voxelization: solid angle evaluations per voxel: 1.71356

GWNSampleFloodVoxelizer::voxelize:
	3 trials
	total = 3.07837 s
	mean  = 1.02612 s
	var   = 0.0122937 s^2, std = 0.110877 s
	min   = 0.906311 s
	max   = 1.12511 s

GWNSampleFloodVoxelizer::initIndicator:
	3 trials
	total = 0.562494 s
	mean  = 0.187498 s
	var   = 3.01e-010 s^2, std = 1.73494e-005 s
	min   = 0.187487 s
	max   = 0.187518 s

GWNSampleFloodVoxelizer::selectSamples:
	3 trials
	total = 0.281281 s
	mean  = 0.0937603 s
	var   = 3.33333e-013 s^2, std = 5.7735e-007 s
	min   = 0.09376 s
	max   = 0.093761 s

GWNSampleFloodVoxelizer::evaluateSamples:
	3 trials
	total = 0.562555 s
	mean  = 0.187518 s
	var   = 0.0126978 s^2, std = 0.112685 s
	min   = 0.062506 s
	max   = 0.281278 s

GWNSampleFloodVoxelizer::flood:
	3 trials
	total = 1.39077 s
	mean  = 0.463589 s
	var   = 8.1401e-005 s^2, std = 0.00902225 s
	min   = 0.453171 s
	max   = 0.468798 s


PrintJobVoxelizer: finalizing surfaces
PrintJobVoxelizer: 280669 surface voxels
PrintJobVoxelizer: getting output subset
PrintJobVoxelizer: updating slice indices
TonalValueCalculator:  runs 11:49:53
slices [99, 149):
	channel 0: occupancy (dense)
	channel 1: opticalFeature (sparse)

SurfaceDistanceOrderedTransfer:  runs 11:49:53
slices [73, 149):
	channel 0: occupancy (dense)
	channel 1: surfaceDist (dense)

SurfaceDistanceOrderedTransfer: 73 99 123
LayerExtractor:  runs 11:49:54
slices [71, 123):
	channel 0: occupancy (dense)
	channel 1: surfaceDist (dense)
	channel 2: layer_000 (sparse)
	channel 3: layer_001 (sparse)
	channel 4: layer_002 (sparse)
	channel 5: layer_003 (sparse)
	channel 6: layer_004 (sparse)
	channel 7: layer_005 (sparse)
	channel 8: layer_006 (sparse)
	channel 9: layer_007 (sparse)

TonalLinearizer:  runs 11:49:54
slices [72, 122):
	channel 0: occupancy (dense)
	channel 1: surfaceDist (dense)
	channel 2: layer_000 (sparse)
	channel 3: layer_001 (sparse)
	channel 4: layer_002 (sparse)
	channel 5: layer_003 (sparse)
	channel 6: layer_004 (sparse)
	channel 7: layer_005 (sparse)
	channel 8: layer_006 (sparse)
	channel 9: layer_007 (sparse)

VectorLayerHalftoner: VectorLayerHalftoner error: no tonal values available

VectorLayerHalftoner:  runs 11:49:54
slices [60, 122):
	channel 0: occupancy (dense)
	channel 1: surfaceDist (dense)
	channel 2: layer_000 (sparse)
	channel 3: layer_001 (sparse)
	channel 4: layer_002 (sparse)
	channel 5: layer_003 (sparse)
	channel 6: layer_004 (sparse)
	channel 7: layer_005 (sparse)
	channel 8: layer_006 (sparse)
	channel 9: layer_007 (sparse)
	channel 10: intermedTonal_0 (sparse)
	channel 11: intermedTonal_1 (sparse)
	channel 12: intermedTonal_2 (sparse)
	channel 13: intermedTonal_3 (sparse)
	channel 14: intermedTonal_4 (sparse)
	channel 15: intermedTonal_5 (sparse)
	channel 16: intermedTonal_6 (sparse)
	channel 17: intermedTonal_7 (sparse)
	channel 18: quantizedTonal (sparse)
	channel 19: errorDiffInfo2 (sparse)
	channel 20: distanceToEmpty (sparse)
	channel 21: errorDiffInfo3 (sparse)
	channel 22: errorDiffInfo4 (sparse)
	channel 23: errorDiffInfo5 (sparse)
	channel 24: errorDiffInfo6 (sparse)
	channel 25: errorDiffInfo7 (sparse)
	channel 26: errorDiffInfo8 (sparse)
	channel 27: errorDiffInfo9 (sparse)

SlaveReporter:  runs 11:49:57
slices [60, 110):
	channel 0: material (dense)
	channel 1: occupancy (dense)

PrintJobVoxelizer:  runs 11:49:57

PrintJobVoxelizer: setting up slices
PrintJobVoxelizer: rasterizing objects
PrintJobVoxelizer: creating rasterizer
PrintJobVoxelizer: rasterizing object 1
Rasterizer::rasterize:
	4 trials
	total = 2.21897 s
	mean  = 0.554742 s
	var   = 0.0608023 s^2, std = 0.246581 s
	min   = 0.203147 s
	max   = 0.765703 s


PrintJobVoxelizer: voxelizing objects
Object 1 ROI: [0 0 0] --> [946 303 50]
GWNSampleFloodVoxelizer: number of samples: 348
GWNSampleFloodVoxelizer: samples evaluated
GWNSampleFloodVoxelizer: adaptive threshold = 0.498039
GWNSampleFloodVoxelizer: flooding complete
Voxelization: solid angle evaluations per voxel: 1.12002

GWNSampleFloodVoxelizer::voxelize:
	4 trials
	total = 4.14097 s
	mean  = 1.03524 s
	var   = 0.00852834 s^2, std = 0.092349 s
	min   = 0.906311 s
	max   = 1.12511 s

GWNSampleFloodVoxelizer::initIndicator:
	4 trials
	total = 0.749999 s
	mean  = 0.1875 s
	var   = 2.12917e-010 s^2, std = 1.45917e-005 s
	min   = 0.187487 s
	max   = 0.187518 s

GWNSampleFloodVoxelizer::selectSamples:
	4 trials
	total = 0.375041 s
	mean  = 0.0937602 s
	var   = 2.5e-013 s^2, std = 5e-007 s
	min   = 0.09376 s
	max   = 0.093761 s

GWNSampleFloodVoxelizer::evaluateSamples:
	4 trials
	total = 0.781327 s
	mean  = 0.195332 s
	var   = 0.00870943 s^2, std = 0.0933243 s
	min   = 0.062506 s
	max   = 0.281278 s

GWNSampleFloodVoxelizer::flood:
	4 trials
	total = 1.85956 s
	mean  = 0.464891 s
	var   = 6.10508e-005 s^2, std = 0.0078135 s
	min   = 0.453171 s
	max   = 0.468798 s


PrintJobVoxelizer: finalizing surfaces
PrintJobVoxelizer: 430827 surface voxels
PrintJobVoxelizer: getting output subset
PrintJobVoxelizer: updating slice indices
TonalValueCalculator:  runs 11:49:59
slices [149, 199):
	channel 0: occupancy (dense)
	channel 1: opticalFeature (sparse)

SurfaceDistanceOrderedTransfer:  runs 11:49:59
slices [123, 199):
	channel 0: occupancy (dense)
	channel 1: surfaceDist (dense)

SurfaceDistanceOrderedTransfer: 123 149 173
LayerExtractor:  runs 11:49:59
slices [121, 173):
	channel 0: occupancy (dense)
	channel 1: surfaceDist (dense)
	channel 2: layer_000 (sparse)
	channel 3: layer_001 (sparse)
	channel 4: layer_002 (sparse)
	channel 5: layer_003 (sparse)
	channel 6: layer_004 (sparse)
	channel 7: layer_005 (sparse)
	channel 8: layer_006 (sparse)
	channel 9: layer_007 (sparse)

TonalLinearizer:  runs 11:49:59
slices [122, 172):
	channel 0: occupancy (dense)
	channel 1: surfaceDist (dense)
	channel 2: layer_000 (sparse)
	channel 3: layer_001 (sparse)
	channel 4: layer_002 (sparse)
	channel 5: layer_003 (sparse)
	channel 6: layer_004 (sparse)
	channel 7: layer_005 (sparse)
	channel 8: layer_006 (sparse)
	channel 9: layer_007 (sparse)

VectorLayerHalftoner: VectorLayerHalftoner error: no tonal values available

VectorLayerHalftoner:  runs 11:50:0
slices [110, 172):
	channel 0: occupancy (dense)
	channel 1: surfaceDist (dense)
	channel 2: layer_000 (sparse)
	channel 3: layer_001 (sparse)
	channel 4: layer_002 (sparse)
	channel 5: layer_003 (sparse)
	channel 6: layer_004 (sparse)
	channel 7: layer_005 (sparse)
	channel 8: layer_006 (sparse)
	channel 9: layer_007 (sparse)
	channel 10: intermedTonal_0 (sparse)
	channel 11: intermedTonal_1 (sparse)
	channel 12: intermedTonal_2 (sparse)
	channel 13: intermedTonal_3 (sparse)
	channel 14: intermedTonal_4 (sparse)
	channel 15: intermedTonal_5 (sparse)
	channel 16: intermedTonal_6 (sparse)
	channel 17: intermedTonal_7 (sparse)
	channel 18: quantizedTonal (sparse)
	channel 19: errorDiffInfo2 (sparse)
	channel 20: distanceToEmpty (sparse)
	channel 21: errorDiffInfo3 (sparse)
	channel 22: errorDiffInfo4 (sparse)
	channel 23: errorDiffInfo5 (sparse)
	channel 24: errorDiffInfo6 (sparse)
	channel 25: errorDiffInfo7 (sparse)
	channel 26: errorDiffInfo8 (sparse)
	channel 27: errorDiffInfo9 (sparse)

SlaveReporter:  runs 11:50:3
slices [110, 160):
	channel 0: material (dense)
	channel 1: occupancy (dense)

PrintJobVoxelizer:  runs 11:50:3

PrintJobVoxelizer: setting up slices
PrintJobVoxelizer: rasterizing objects
PrintJobVoxelizer: creating rasterizer
PrintJobVoxelizer: rasterizing object 1
Rasterizer::rasterize:
	5 trials
	total = 2.85966 s
	mean  = 0.571931 s
	var   = 0.0470792 s^2, std = 0.216977 s
	min   = 0.203147 s
	max   = 0.765703 s


PrintJobVoxelizer: voxelizing objects
Object 1 ROI: [0 0 0] --> [946 303 50]
GWNSampleFloodVoxelizer: number of samples: 321
GWNSampleFloodVoxelizer: samples evaluated
GWNSampleFloodVoxelizer: adaptive threshold = 0.498039
GWNSampleFloodVoxelizer: flooding complete
Voxelization: solid angle evaluations per voxel: 0.979022

GWNSampleFloodVoxelizer::voxelize:
	5 trials
	total = 5.14107 s
	mean  = 1.02821 s
	var   = 0.00664322 s^2, std = 0.081506 s
	min   = 0.906311 s
	max   = 1.12511 s

GWNSampleFloodVoxelizer::initIndicator:
	5 trials
	total = 0.937518 s
	mean  = 0.187504 s
	var   = 2.338e-010 s^2, std = 1.52905e-005 s
	min   = 0.187487 s
	max   = 0.187519 s

GWNSampleFloodVoxelizer::selectSamples:
	5 trials
	total = 0.468801 s
	mean  = 0.0937602 s
	var   = 2e-013 s^2, std = 4.47214e-007 s
	min   = 0.09376 s
	max   = 0.093761 s

GWNSampleFloodVoxelizer::evaluateSamples:
	5 trials
	total = 0.95322 s
	mean  = 0.190644 s
	var   = 0.00664195 s^2, std = 0.0814981 s
	min   = 0.062506 s
	max   = 0.281278 s

GWNSampleFloodVoxelizer::flood:
	5 trials
	total = 2.31273 s
	mean  = 0.462547 s
	var   = 7.32656e-005 s^2, std = 0.00855953 s
	min   = 0.45317 s
	max   = 0.468798 s


PrintJobVoxelizer: finalizing surfaces
PrintJobVoxelizer: 577180 surface voxels
PrintJobVoxelizer: getting output subset
PrintJobVoxelizer: updating slice indices
TonalValueCalculator:  runs 11:50:4
slices [199, 249):
	channel 0: occupancy (dense)
	channel 1: opticalFeature (sparse)

SurfaceDistanceOrderedTransfer:  runs 11:50:4
slices [173, 249):
	channel 0: occupancy (dense)
	channel 1: surfaceDist (dense)

SurfaceDistanceOrderedTransfer: 173 199 223
LayerExtractor:  runs 11:50:5
slices [171, 223):
	channel 0: occupancy (dense)
	channel 1: surfaceDist (dense)
	channel 2: layer_000 (sparse)
	channel 3: layer_001 (sparse)
	channel 4: layer_002 (sparse)
	channel 5: layer_003 (sparse)
	channel 6: layer_004 (sparse)
	channel 7: layer_005 (sparse)
	channel 8: layer_006 (sparse)
	channel 9: layer_007 (sparse)

TonalLinearizer:  runs 11:50:5
slices [172, 222):
	channel 0: occupancy (dense)
	channel 1: surfaceDist (dense)
	channel 2: layer_000 (sparse)
	channel 3: layer_001 (sparse)
	channel 4: layer_002 (sparse)
	channel 5: layer_003 (sparse)
	channel 6: layer_004 (sparse)
	channel 7: layer_005 (sparse)
	channel 8: layer_006 (sparse)
	channel 9: layer_007 (sparse)

VectorLayerHalftoner: VectorLayerHalftoner error: no tonal values available

VectorLayerHalftoner:  runs 11:50:5
slices [160, 222):
	channel 0: occupancy (dense)
	channel 1: surfaceDist (dense)
	channel 2: layer_000 (sparse)
	channel 3: layer_001 (sparse)
	channel 4: layer_002 (sparse)
	channel 5: layer_003 (sparse)
	channel 6: layer_004 (sparse)
	channel 7: layer_005 (sparse)
	channel 8: layer_006 (sparse)
	channel 9: layer_007 (sparse)
	channel 10: intermedTonal_0 (sparse)
	channel 11: intermedTonal_1 (sparse)
	channel 12: intermedTonal_2 (sparse)
	channel 13: intermedTonal_3 (sparse)
	channel 14: intermedTonal_4 (sparse)
	channel 15: intermedTonal_5 (sparse)
	channel 16: intermedTonal_6 (sparse)
	channel 17: intermedTonal_7 (sparse)
	channel 18: quantizedTonal (sparse)
	channel 19: errorDiffInfo2 (sparse)
	channel 20: distanceToEmpty (sparse)
	channel 21: errorDiffInfo3 (sparse)
	channel 22: errorDiffInfo4 (sparse)
	channel 23: errorDiffInfo5 (sparse)
	channel 24: errorDiffInfo6 (sparse)
	channel 25: errorDiffInfo7 (sparse)
	channel 26: errorDiffInfo8 (sparse)
	channel 27: errorDiffInfo9 (sparse)

SlaveReporter:  runs 11:50:8
slices [160, 210):
	channel 0: material (dense)
	channel 1: occupancy (dense)

PrintJobVoxelizer:  runs 11:50:8

PrintJobVoxelizer: setting up slices
PrintJobVoxelizer: rasterizing objects
PrintJobVoxelizer: creating rasterizer
PrintJobVoxelizer: rasterizing object 1
Rasterizer::rasterize:
	6 trials
	total = 3.45344 s
	mean  = 0.575573 s
	var   = 0.0377429 s^2, std = 0.194275 s
	min   = 0.203147 s
	max   = 0.765703 s


PrintJobVoxelizer: voxelizing objects
Object 1 ROI: [0 0 0] --> [946 303 50]
GWNSampleFloodVoxelizer: number of samples: 307
GWNSampleFloodVoxelizer: samples evaluated
GWNSampleFloodVoxelizer: adaptive threshold = 0.498039
GWNSampleFloodVoxelizer: flooding complete
Voxelization: solid angle evaluations per voxel: 0.903347

GWNSampleFloodVoxelizer::voxelize:
	6 trials
	total = 6.12554 s
	mean  = 1.02092 s
	var   = 0.00563343 s^2, std = 0.0750562 s
	min   = 0.906311 s
	max   = 1.12511 s

GWNSampleFloodVoxelizer::initIndicator:
	6 trials
	total = 1.12504 s
	mean  = 0.187506 s
	var   = 2.375e-010 s^2, std = 1.5411e-005 s
	min   = 0.187487 s
	max   = 0.187521 s

GWNSampleFloodVoxelizer::selectSamples:
	6 trials
	total = 0.562558 s
	mean  = 0.0937597 s
	var   = 1.86667e-012 s^2, std = 1.36626e-006 s
	min   = 0.093757 s
	max   = 0.093761 s

GWNSampleFloodVoxelizer::evaluateSamples:
	6 trials
	total = 1.10949 s
	mean  = 0.184914 s
	var   = 0.00551053 s^2, std = 0.0742329 s
	min   = 0.062506 s
	max   = 0.281278 s

GWNSampleFloodVoxelizer::flood:
	6 trials
	total = 2.76591 s
	mean  = 0.460984 s
	var   = 7.32641e-005 s^2, std = 0.00855944 s
	min   = 0.45317 s
	max   = 0.468798 s


PrintJobVoxelizer: finalizing surfaces
PrintJobVoxelizer: 720693 surface voxels
PrintJobVoxelizer: getting output subset
PrintJobVoxelizer: updating slice indices
TonalValueCalculator:  runs 11:50:10
slices [249, 299):
	channel 0: occupancy (dense)
	channel 1: opticalFeature (sparse)

SurfaceDistanceOrderedTransfer:  runs 11:50:10
slices [223, 299):
	channel 0: occupancy (dense)
	channel 1: surfaceDist (dense)

SurfaceDistanceOrderedTransfer: 223 249 273
LayerExtractor:  runs 11:50:11
slices [221, 273):
	channel 0: occupancy (dense)
	channel 1: surfaceDist (dense)
	channel 2: layer_000 (sparse)
	channel 3: layer_001 (sparse)
	channel 4: layer_002 (sparse)
	channel 5: layer_003 (sparse)
	channel 6: layer_004 (sparse)
	channel 7: layer_005 (sparse)
	channel 8: layer_006 (sparse)
	channel 9: layer_007 (sparse)

TonalLinearizer:  runs 11:50:11
slices [222, 272):
	channel 0: occupancy (dense)
	channel 1: surfaceDist (dense)
	channel 2: layer_000 (sparse)
	channel 3: layer_001 (sparse)
	channel 4: layer_002 (sparse)
	channel 5: layer_003 (sparse)
	channel 6: layer_004 (sparse)
	channel 7: layer_005 (sparse)
	channel 8: layer_006 (sparse)
	channel 9: layer_007 (sparse)

VectorLayerHalftoner: VectorLayerHalftoner error: no tonal values available

VectorLayerHalftoner:  runs 11:50:11
slices [210, 272):
	channel 0: occupancy (dense)
	channel 1: surfaceDist (dense)
	channel 2: layer_000 (sparse)
	channel 3: layer_001 (sparse)
	channel 4: layer_002 (sparse)
	channel 5: layer_003 (sparse)
	channel 6: layer_004 (sparse)
	channel 7: layer_005 (sparse)
	channel 8: layer_006 (sparse)
	channel 9: layer_007 (sparse)
	channel 10: intermedTonal_0 (sparse)
	channel 11: intermedTonal_1 (sparse)
	channel 12: intermedTonal_2 (sparse)
	channel 13: intermedTonal_3 (sparse)
	channel 14: intermedTonal_4 (sparse)
	channel 15: intermedTonal_5 (sparse)
	channel 16: intermedTonal_6 (sparse)
	channel 17: intermedTonal_7 (sparse)
	channel 18: quantizedTonal (sparse)
	channel 19: errorDiffInfo2 (sparse)
	channel 20: distanceToEmpty (sparse)
	channel 21: errorDiffInfo3 (sparse)
	channel 22: errorDiffInfo4 (sparse)
	channel 23: errorDiffInfo5 (sparse)
	channel 24: errorDiffInfo6 (sparse)
	channel 25: errorDiffInfo7 (sparse)
	channel 26: errorDiffInfo8 (sparse)
	channel 27: errorDiffInfo9 (sparse)

SlaveReporter:  runs 11:50:14
slices [210, 260):
	channel 0: material (dense)
	channel 1: occupancy (dense)

PrintJobVoxelizer:  runs 11:50:14

PrintJobVoxelizer: setting up slices
PrintJobVoxelizer: rasterizing objects
PrintJobVoxelizer: creating rasterizer
PrintJobVoxelizer: rasterizing object 1
Rasterizer::rasterize:
	7 trials
	total = 4.03165 s
	mean  = 0.57595 s
	var   = 0.0314534 s^2, std = 0.177351 s
	min   = 0.203147 s
	max   = 0.765703 s


PrintJobVoxelizer: voxelizing objects
Object 1 ROI: [0 0 0] --> [946 303 50]
GWNSampleFloodVoxelizer: number of samples: 306
GWNSampleFloodVoxelizer: samples evaluated
GWNSampleFloodVoxelizer: adaptive threshold = 0.498039
GWNSampleFloodVoxelizer: flooding complete
Voxelization: solid angle evaluations per voxel: 0.915666

GWNSampleFloodVoxelizer::voxelize:
	7 trials
	total = 7.12563 s
	mean  = 1.01795 s
	var   = 0.00475654 s^2, std = 0.0689677 s
	min   = 0.906311 s
	max   = 1.12511 s

GWNSampleFloodVoxelizer::initIndicator:
	7 trials
	total = 1.31255 s
	mean  = 0.187508 s
	var   = 2.08238e-010 s^2, std = 1.44305e-005 s
	min   = 0.187487 s
	max   = 0.187521 s

GWNSampleFloodVoxelizer::selectSamples:
	7 trials
	total = 0.656309 s
	mean  = 0.0937584 s
	var   = 1.22857e-011 s^2, std = 3.5051e-006 s
	min   = 0.093751 s
	max   = 0.093761 s

GWNSampleFloodVoxelizer::evaluateSamples:
	7 trials
	total = 1.28138 s
	mean  = 0.183054 s
	var   = 0.00461633 s^2, std = 0.0679436 s
	min   = 0.062506 s
	max   = 0.281278 s

GWNSampleFloodVoxelizer::flood:
	7 trials
	total = 3.21908 s
	mean  = 0.459868 s
	var   = 6.97746e-005 s^2, std = 0.00835312 s
	min   = 0.45317 s
	max   = 0.468798 s


PrintJobVoxelizer: finalizing surfaces
PrintJobVoxelizer: 869230 surface voxels
PrintJobVoxelizer: getting output subset
PrintJobVoxelizer: updating slice indices
TonalValueCalculator:  runs 11:50:16
slices [299, 349):
	channel 0: occupancy (dense)
	channel 1: opticalFeature (sparse)

SurfaceDistanceOrderedTransfer:  runs 11:50:16
slices [273, 349):
	channel 0: occupancy (dense)
	channel 1: surfaceDist (dense)

SurfaceDistanceOrderedTransfer: 273 299 323
LayerExtractor:  runs 11:50:17
slices [271, 323):
	channel 0: occupancy (dense)
	channel 1: surfaceDist (dense)
	channel 2: layer_000 (sparse)
	channel 3: layer_001 (sparse)
	channel 4: layer_002 (sparse)
	channel 5: layer_003 (sparse)
	channel 6: layer_004 (sparse)
	channel 7: layer_005 (sparse)
	channel 8: layer_006 (sparse)
	channel 9: layer_007 (sparse)

TonalLinearizer:  runs 11:50:17
slices [272, 322):
	channel 0: occupancy (dense)
	channel 1: surfaceDist (dense)
	channel 2: layer_000 (sparse)
	channel 3: layer_001 (sparse)
	channel 4: layer_002 (sparse)
	channel 5: layer_003 (sparse)
	channel 6: layer_004 (sparse)
	channel 7: layer_005 (sparse)
	channel 8: layer_006 (sparse)
	channel 9: layer_007 (sparse)

VectorLayerHalftoner: VectorLayerHalftoner error: no tonal values available

VectorLayerHalftoner:  runs 11:50:17
slices [260, 322):
	channel 0: occupancy (dense)
	channel 1: surfaceDist (dense)
	channel 2: layer_000 (sparse)
	channel 3: layer_001 (sparse)
	channel 4: layer_002 (sparse)
	channel 5: layer_003 (sparse)
	channel 6: layer_004 (sparse)
	channel 7: layer_005 (sparse)
	channel 8: layer_006 (sparse)
	channel 9: layer_007 (sparse)
	channel 10: intermedTonal_0 (sparse)
	channel 11: intermedTonal_1 (sparse)
	channel 12: intermedTonal_2 (sparse)
	channel 13: intermedTonal_3 (sparse)
	channel 14: intermedTonal_4 (sparse)
	channel 15: intermedTonal_5 (sparse)
	channel 16: intermedTonal_6 (sparse)
	channel 17: intermedTonal_7 (sparse)
	channel 18: quantizedTonal (sparse)
	channel 19: errorDiffInfo2 (sparse)
	channel 20: distanceToEmpty (sparse)
	channel 21: errorDiffInfo3 (sparse)
	channel 22: errorDiffInfo4 (sparse)
	channel 23: errorDiffInfo5 (sparse)
	channel 24: errorDiffInfo6 (sparse)
	channel 25: errorDiffInfo7 (sparse)
	channel 26: errorDiffInfo8 (sparse)
	channel 27: errorDiffInfo9 (sparse)

SlaveReporter:  runs 11:50:20
slices [260, 310):
	channel 0: material (dense)
	channel 1: occupancy (dense)

PrintJobVoxelizer:  runs 11:50:20

PrintJobVoxelizer: setting up slices
PrintJobVoxelizer: rasterizing objects
PrintJobVoxelizer: creating rasterizer
PrintJobVoxelizer: rasterizing object 1
Rasterizer::rasterize:
	8 trials
	total = 4.6098 s
	mean  = 0.576225 s
	var   = 0.0269607 s^2, std = 0.164197 s
	min   = 0.203147 s
	max   = 0.765703 s


PrintJobVoxelizer: voxelizing objects
Object 1 ROI: [0 0 0] --> [946 303 50]
GWNSampleFloodVoxelizer: number of samples: 279
GWNSampleFloodVoxelizer: samples evaluated
GWNSampleFloodVoxelizer: adaptive threshold = 0.498039
GWNSampleFloodVoxelizer: flooding complete
Voxelization: solid angle evaluations per voxel: 0.744852

GWNSampleFloodVoxelizer::voxelize:
	8 trials
	total = 8.09448 s
	mean  = 1.01181 s
	var   = 0.00437839 s^2, std = 0.0661694 s
	min   = 0.906311 s
	max   = 1.12511 s

GWNSampleFloodVoxelizer::initIndicator:
	8 trials
	total = 1.50007 s
	mean  = 0.187509 s
	var   = 1.94411e-010 s^2, std = 1.39431e-005 s
	min   = 0.187487 s
	max   = 0.187521 s

GWNSampleFloodVoxelizer::selectSamples:
	8 trials
	total = 0.750069 s
	mean  = 0.0937586 s
	var   = 1.08393e-011 s^2, std = 3.29231e-006 s
	min   = 0.093751 s
	max   = 0.093761 s

GWNSampleFloodVoxelizer::evaluateSamples:
	8 trials
	total = 1.40639 s
	mean  = 0.175799 s
	var   = 0.00437795 s^2, std = 0.0661661 s
	min   = 0.062506 s
	max   = 0.281278 s

GWNSampleFloodVoxelizer::flood:
	8 trials
	total = 3.67225 s
	mean  = 0.459031 s
	var   = 6.54132e-005 s^2, std = 0.00808784 s
	min   = 0.45317 s
	max   = 0.468798 s


PrintJobVoxelizer: finalizing surfaces
PrintJobVoxelizer: 1011469 surface voxels
PrintJobVoxelizer: getting output subset
PrintJobVoxelizer: updating slice indices
TonalValueCalculator:  runs 11:50:22
slices [349, 399):
	channel 0: occupancy (dense)
	channel 1: opticalFeature (sparse)

SurfaceDistanceOrderedTransfer:  runs 11:50:22
slices [323, 399):
	channel 0: occupancy (dense)
	channel 1: surfaceDist (dense)

SurfaceDistanceOrderedTransfer: 323 349 373
LayerExtractor:  runs 11:50:23
slices [321, 373):
	channel 0: occupancy (dense)
	channel 1: surfaceDist (dense)
	channel 2: layer_000 (sparse)
	channel 3: layer_001 (sparse)
	channel 4: layer_002 (sparse)
	channel 5: layer_003 (sparse)
	channel 6: layer_004 (sparse)
	channel 7: layer_005 (sparse)
	channel 8: layer_006 (sparse)
	channel 9: layer_007 (sparse)

TonalLinearizer:  runs 11:50:23
slices [322, 372):
	channel 0: occupancy (dense)
	channel 1: surfaceDist (dense)
	channel 2: layer_000 (sparse)
	channel 3: layer_001 (sparse)
	channel 4: layer_002 (sparse)
	channel 5: layer_003 (sparse)
	channel 6: layer_004 (sparse)
	channel 7: layer_005 (sparse)
	channel 8: layer_006 (sparse)
	channel 9: layer_007 (sparse)

VectorLayerHalftoner: VectorLayerHalftoner error: no tonal values available

VectorLayerHalftoner:  runs 11:50:23
slices [310, 372):
	channel 0: occupancy (dense)
	channel 1: surfaceDist (dense)
	channel 2: layer_000 (sparse)
	channel 3: layer_001 (sparse)
	channel 4: layer_002 (sparse)
	channel 5: layer_003 (sparse)
	channel 6: layer_004 (sparse)
	channel 7: layer_005 (sparse)
	channel 8: layer_006 (sparse)
	channel 9: layer_007 (sparse)
	channel 10: intermedTonal_0 (sparse)
	channel 11: intermedTonal_1 (sparse)
	channel 12: intermedTonal_2 (sparse)
	channel 13: intermedTonal_3 (sparse)
	channel 14: intermedTonal_4 (sparse)
	channel 15: intermedTonal_5 (sparse)
	channel 16: intermedTonal_6 (sparse)
	channel 17: intermedTonal_7 (sparse)
	channel 18: quantizedTonal (sparse)
	channel 19: errorDiffInfo2 (sparse)
	channel 20: distanceToEmpty (sparse)
	channel 21: errorDiffInfo3 (sparse)
	channel 22: errorDiffInfo4 (sparse)
	channel 23: errorDiffInfo5 (sparse)
	channel 24: errorDiffInfo6 (sparse)
	channel 25: errorDiffInfo7 (sparse)
	channel 26: errorDiffInfo8 (sparse)
	channel 27: errorDiffInfo9 (sparse)

SlaveReporter:  runs 11:50:26
slices [310, 360):
	channel 0: material (dense)
	channel 1: occupancy (dense)

PrintJobVoxelizer:  runs 11:50:26

PrintJobVoxelizer: setting up slices
PrintJobVoxelizer: rasterizing objects
PrintJobVoxelizer: creating rasterizer
PrintJobVoxelizer: rasterizing object 1
Rasterizer::rasterize:
	9 trials
	total = 5.20359 s
	mean  = 0.578177 s
	var   = 0.0236249 s^2, std = 0.153704 s
	min   = 0.203147 s
	max   = 0.765703 s


PrintJobVoxelizer: voxelizing objects
Object 1 ROI: [0 0 0] --> [946 303 50]
GWNSampleFloodVoxelizer: number of samples: 271
GWNSampleFloodVoxelizer: samples evaluated
GWNSampleFloodVoxelizer: adaptive threshold = 0.498039
GWNSampleFloodVoxelizer: flooding complete
Voxelization: solid angle evaluations per voxel: 0.776759

GWNSampleFloodVoxelizer::voxelize:
	9 trials
	total = 9.07895 s
	mean  = 1.00877 s
	var   = 0.00391412 s^2, std = 0.0625629 s
	min   = 0.906311 s
	max   = 1.12511 s

GWNSampleFloodVoxelizer::initIndicator:
	9 trials
	total = 1.68759 s
	mean  = 0.18751 s
	var   = 1.80944e-010 s^2, std = 1.34516e-005 s
	min   = 0.187487 s
	max   = 0.187521 s

GWNSampleFloodVoxelizer::selectSamples:
	9 trials
	total = 0.843829 s
	mean  = 0.0937588 s
	var   = 9.69444e-012 s^2, std = 3.11359e-006 s
	min   = 0.093751 s
	max   = 0.093761 s

GWNSampleFloodVoxelizer::evaluateSamples:
	9 trials
	total = 1.54703 s
	mean  = 0.171892 s
	var   = 0.00396806 s^2, std = 0.0629925 s
	min   = 0.062506 s
	max   = 0.281278 s

GWNSampleFloodVoxelizer::flood:
	9 trials
	total = 4.14104 s
	mean  = 0.460116 s
	var   = 6.78338e-005 s^2, std = 0.00823613 s
	min   = 0.45317 s
	max   = 0.468798 s


PrintJobVoxelizer: finalizing surfaces
PrintJobVoxelizer: 1155965 surface voxels
PrintJobVoxelizer: getting output subset
PrintJobVoxelizer: updating slice indices
TonalValueCalculator:  runs 11:50:28
slices [399, 449):
	channel 0: occupancy (dense)
	channel 1: opticalFeature (sparse)

SurfaceDistanceOrderedTransfer:  runs 11:50:28
slices [373, 449):
	channel 0: occupancy (dense)
	channel 1: surfaceDist (dense)

SurfaceDistanceOrderedTransfer: 373 399 423
LayerExtractor:  runs 11:50:29
slices [371, 423):
	channel 0: occupancy (dense)
	channel 1: surfaceDist (dense)
	channel 2: layer_000 (sparse)
	channel 3: layer_001 (sparse)
	channel 4: layer_002 (sparse)
	channel 5: layer_003 (sparse)
	channel 6: layer_004 (sparse)
	channel 7: layer_005 (sparse)
	channel 8: layer_006 (sparse)
	channel 9: layer_007 (sparse)

TonalLinearizer:  runs 11:50:29
slices [372, 422):
	channel 0: occupancy (dense)
	channel 1: surfaceDist (dense)
	channel 2: layer_000 (sparse)
	channel 3: layer_001 (sparse)
	channel 4: layer_002 (sparse)
	channel 5: layer_003 (sparse)
	channel 6: layer_004 (sparse)
	channel 7: layer_005 (sparse)
	channel 8: layer_006 (sparse)
	channel 9: layer_007 (sparse)

VectorLayerHalftoner: VectorLayerHalftoner error: no tonal values available

VectorLayerHalftoner:  runs 11:50:29
slices [360, 422):
	channel 0: occupancy (dense)
	channel 1: surfaceDist (dense)
	channel 2: layer_000 (sparse)
	channel 3: layer_001 (sparse)
	channel 4: layer_002 (sparse)
	channel 5: layer_003 (sparse)
	channel 6: layer_004 (sparse)
	channel 7: layer_005 (sparse)
	channel 8: layer_006 (sparse)
	channel 9: layer_007 (sparse)
	channel 10: intermedTonal_0 (sparse)
	channel 11: intermedTonal_1 (sparse)
	channel 12: intermedTonal_2 (sparse)
	channel 13: intermedTonal_3 (sparse)
	channel 14: intermedTonal_4 (sparse)
	channel 15: intermedTonal_5 (sparse)
	channel 16: intermedTonal_6 (sparse)
	channel 17: intermedTonal_7 (sparse)
	channel 18: quantizedTonal (sparse)
	channel 19: errorDiffInfo2 (sparse)
	channel 20: distanceToEmpty (sparse)
	channel 21: errorDiffInfo3 (sparse)
	channel 22: errorDiffInfo4 (sparse)
	channel 23: errorDiffInfo5 (sparse)
	channel 24: errorDiffInfo6 (sparse)
	channel 25: errorDiffInfo7 (sparse)
	channel 26: errorDiffInfo8 (sparse)
	channel 27: errorDiffInfo9 (sparse)

SlaveReporter:  runs 11:50:33
slices [360, 410):
	channel 0: material (dense)
	channel 1: occupancy (dense)

PrintJobVoxelizer:  runs 11:50:34

PrintJobVoxelizer: setting up slices
PrintJobVoxelizer: rasterizing objects
PrintJobVoxelizer: creating rasterizer
PrintJobVoxelizer: rasterizing object 1
Rasterizer::rasterize:
	10 trials
	total = 5.78178 s
	mean  = 0.578178 s
	var   = 0.0209999 s^2, std = 0.144913 s
	min   = 0.203147 s
	max   = 0.765703 s


PrintJobVoxelizer: voxelizing objects
Object 1 ROI: [0 0 0] --> [946 303 50]
GWNSampleFloodVoxelizer: number of samples: 274
GWNSampleFloodVoxelizer: samples evaluated
GWNSampleFloodVoxelizer: adaptive threshold = 0.498039
GWNSampleFloodVoxelizer: flooding complete
Voxelization: solid angle evaluations per voxel: 0.73046

GWNSampleFloodVoxelizer::voxelize:
	10 trials
	total = 10.0478 s
	mean  = 1.00478 s
	var   = 0.00363861 s^2, std = 0.0603209 s
	min   = 0.906311 s
	max   = 1.12511 s

GWNSampleFloodVoxelizer::initIndicator:
	10 trials
	total = 1.87511 s
	mean  = 0.187511 s
	var   = 1.68544e-010 s^2, std = 1.29825e-005 s
	min   = 0.187487 s
	max   = 0.187521 s

GWNSampleFloodVoxelizer::selectSamples:
	10 trials
	total = 0.93759 s
	mean  = 0.093759 s
	var   = 9.11111e-012 s^2, std = 3.01846e-006 s
	min   = 0.093751 s
	max   = 0.093761 s

GWNSampleFloodVoxelizer::evaluateSamples:
	10 trials
	total = 1.67204 s
	mean  = 0.167204 s
	var   = 0.00374693 s^2, std = 0.0612122 s
	min   = 0.062506 s
	max   = 0.281278 s

GWNSampleFloodVoxelizer::flood:
	10 trials
	total = 4.60984 s
	mean  = 0.460984 s
	var   = 6.78325e-005 s^2, std = 0.00823605 s
	min   = 0.45317 s
	max   = 0.468798 s


PrintJobVoxelizer: finalizing surfaces
PrintJobVoxelizer: 1293947 surface voxels
PrintJobVoxelizer: getting output subset
PrintJobVoxelizer: updating slice indices
TonalValueCalculator:  runs 11:50:35
slices [449, 499):
	channel 0: occupancy (dense)
	channel 1: opticalFeature (sparse)

SurfaceDistanceOrderedTransfer:  runs 11:50:35
slices [423, 499):
	channel 0: occupancy (dense)
	channel 1: surfaceDist (dense)

SurfaceDistanceOrderedTransfer: 423 449 473
LayerExtractor:  runs 11:50:36
slices [421, 473):
	channel 0: occupancy (dense)
	channel 1: surfaceDist (dense)
	channel 2: layer_000 (sparse)
	channel 3: layer_001 (sparse)
	channel 4: layer_002 (sparse)
	channel 5: layer_003 (sparse)
	channel 6: layer_004 (sparse)
	channel 7: layer_005 (sparse)
	channel 8: layer_006 (sparse)
	channel 9: layer_007 (sparse)

TonalLinearizer:  runs 11:50:36
slices [422, 472):
	channel 0: occupancy (dense)
	channel 1: surfaceDist (dense)
	channel 2: layer_000 (sparse)
	channel 3: layer_001 (sparse)
	channel 4: layer_002 (sparse)
	channel 5: layer_003 (sparse)
	channel 6: layer_004 (sparse)
	channel 7: layer_005 (sparse)
	channel 8: layer_006 (sparse)
	channel 9: layer_007 (sparse)

VectorLayerHalftoner: VectorLayerHalftoner error: no tonal values available

VectorLayerHalftoner:  runs 11:50:36
slices [410, 472):
	channel 0: occupancy (dense)
	channel 1: surfaceDist (dense)
	channel 2: layer_000 (sparse)
	channel 3: layer_001 (sparse)
	channel 4: layer_002 (sparse)
	channel 5: layer_003 (sparse)
	channel 6: layer_004 (sparse)
	channel 7: layer_005 (sparse)
	channel 8: layer_006 (sparse)
	channel 9: layer_007 (sparse)
	channel 10: intermedTonal_0 (sparse)
	channel 11: intermedTonal_1 (sparse)
	channel 12: intermedTonal_2 (sparse)
	channel 13: intermedTonal_3 (sparse)
	channel 14: intermedTonal_4 (sparse)
	channel 15: intermedTonal_5 (sparse)
	channel 16: intermedTonal_6 (sparse)
	channel 17: intermedTonal_7 (sparse)
	channel 18: quantizedTonal (sparse)
	channel 19: errorDiffInfo2 (sparse)
	channel 20: distanceToEmpty (sparse)
	channel 21: errorDiffInfo3 (sparse)
	channel 22: errorDiffInfo4 (sparse)
	channel 23: errorDiffInfo5 (sparse)
	channel 24: errorDiffInfo6 (sparse)
	channel 25: errorDiffInfo7 (sparse)
	channel 26: errorDiffInfo8 (sparse)
	channel 27: errorDiffInfo9 (sparse)

SlaveReporter:  runs 11:50:39
slices [410, 460):
	channel 0: material (dense)
	channel 1: occupancy (dense)

PrintJobVoxelizer:  runs 11:50:42

PrintJobVoxelizer: setting up slices
PrintJobVoxelizer: rasterizing objects
PrintJobVoxelizer: creating rasterizer
PrintJobVoxelizer: rasterizing object 1
Rasterizer::rasterize:
	11 trials
	total = 6.37562 s
	mean  = 0.579602 s
	var   = 0.0189222 s^2, std = 0.137558 s
	min   = 0.203147 s
	max   = 0.765703 s


PrintJobVoxelizer: voxelizing objects
Object 1 ROI: [0 0 0] --> [946 303 50]
GWNSampleFloodVoxelizer: number of samples: 293
GWNSampleFloodVoxelizer: samples evaluated
GWNSampleFloodVoxelizer: adaptive threshold = 0.498039
GWNSampleFloodVoxelizer: flooding complete
Voxelization: solid angle evaluations per voxel: 0.846212

GWNSampleFloodVoxelizer::voxelize:
	11 trials
	total = 11.0479 s
	mean  = 1.00435 s
	var   = 0.00327676 s^2, std = 0.057243 s
	min   = 0.906311 s
	max   = 1.12511 s

GWNSampleFloodVoxelizer::initIndicator:
	11 trials
	total = 2.0626 s
	mean  = 0.187509 s
	var   = 2.002e-010 s^2, std = 1.41492e-005 s
	min   = 0.187487 s
	max   = 0.187521 s

GWNSampleFloodVoxelizer::selectSamples:
	11 trials
	total = 1.03135 s
	mean  = 0.0937591 s
	var   = 8.29091e-012 s^2, std = 2.87939e-006 s
	min   = 0.093751 s
	max   = 0.093761 s

GWNSampleFloodVoxelizer::evaluateSamples:
	11 trials
	total = 1.82831 s
	mean  = 0.16621 s
	var   = 0.00338312 s^2, std = 0.0581646 s
	min   = 0.062506 s
	max   = 0.281278 s

GWNSampleFloodVoxelizer::flood:
	11 trials
	total = 5.07864 s
	mean  = 0.461694 s
	var   = 6.65983e-005 s^2, std = 0.00816078 s
	min   = 0.45317 s
	max   = 0.468798 s


PrintJobVoxelizer: finalizing surfaces
PrintJobVoxelizer: 1432715 surface voxels
PrintJobVoxelizer: getting output subset
PrintJobVoxelizer: updating slice indices
TonalValueCalculator:  runs 11:50:43
slices [499, 549):
	channel 0: occupancy (dense)
	channel 1: opticalFeature (sparse)

SurfaceDistanceOrderedTransfer:  runs 11:50:43
slices [473, 549):
	channel 0: occupancy (dense)
	channel 1: surfaceDist (dense)

SurfaceDistanceOrderedTransfer: 473 499 523
LayerExtractor:  runs 11:50:44
slices [471, 523):
	channel 0: occupancy (dense)
	channel 1: surfaceDist (dense)
	channel 2: layer_000 (sparse)
	channel 3: layer_001 (sparse)
	channel 4: layer_002 (sparse)
	channel 5: layer_003 (sparse)
	channel 6: layer_004 (sparse)
	channel 7: layer_005 (sparse)
	channel 8: layer_006 (sparse)
	channel 9: layer_007 (sparse)

TonalLinearizer:  runs 11:50:44
slices [472, 522):
	channel 0: occupancy (dense)
	channel 1: surfaceDist (dense)
	channel 2: layer_000 (sparse)
	channel 3: layer_001 (sparse)
	channel 4: layer_002 (sparse)
	channel 5: layer_003 (sparse)
	channel 6: layer_004 (sparse)
	channel 7: layer_005 (sparse)
	channel 8: layer_006 (sparse)
	channel 9: layer_007 (sparse)

VectorLayerHalftoner: VectorLayerHalftoner error: no tonal values available

VectorLayerHalftoner:  runs 11:50:44
slices [460, 522):
	channel 0: occupancy (dense)
	channel 1: surfaceDist (dense)
	channel 2: layer_000 (sparse)
	channel 3: layer_001 (sparse)
	channel 4: layer_002 (sparse)
	channel 5: layer_003 (sparse)
	channel 6: layer_004 (sparse)
	channel 7: layer_005 (sparse)
	channel 8: layer_006 (sparse)
	channel 9: layer_007 (sparse)
	channel 10: intermedTonal_0 (sparse)
	channel 11: intermedTonal_1 (sparse)
	channel 12: intermedTonal_2 (sparse)
	channel 13: intermedTonal_3 (sparse)
	channel 14: intermedTonal_4 (sparse)
	channel 15: intermedTonal_5 (sparse)
	channel 16: intermedTonal_6 (sparse)
	channel 17: intermedTonal_7 (sparse)
	channel 18: quantizedTonal (sparse)
	channel 19: errorDiffInfo2 (sparse)
	channel 20: distanceToEmpty (sparse)
	channel 21: errorDiffInfo3 (sparse)
	channel 22: errorDiffInfo4 (sparse)
	channel 23: errorDiffInfo5 (sparse)
	channel 24: errorDiffInfo6 (sparse)
	channel 25: errorDiffInfo7 (sparse)
	channel 26: errorDiffInfo8 (sparse)
	channel 27: errorDiffInfo9 (sparse)

SlaveReporter:  runs 11:50:47
slices [460, 510):
	channel 0: material (dense)
	channel 1: occupancy (dense)

PrintJobVoxelizer:  runs 11:50:51

PrintJobVoxelizer: setting up slices
PrintJobVoxelizer: rasterizing objects
PrintJobVoxelizer: creating rasterizer
PrintJobVoxelizer: rasterizing object 1
Rasterizer::rasterize:
	12 trials
	total = 7.01628 s
	mean  = 0.58469 s
	var   = 0.0175127 s^2, std = 0.132336 s
	min   = 0.203147 s
	max   = 0.765703 s


PrintJobVoxelizer: voxelizing objects
Object 1 ROI: [0 0 0] --> [946 303 50]
GWNSampleFloodVoxelizer: number of samples: 331
GWNSampleFloodVoxelizer: samples evaluated
GWNSampleFloodVoxelizer: adaptive threshold = 0.498039
GWNSampleFloodVoxelizer: flooding complete
Voxelization: solid angle evaluations per voxel: 0.967426

GWNSampleFloodVoxelizer::voxelize:
	12 trials
	total = 12.0792 s
	mean  = 1.0066 s
	var   = 0.00303949 s^2, std = 0.0551316 s
	min   = 0.906311 s
	max   = 1.12511 s

GWNSampleFloodVoxelizer::initIndicator:
	12 trials
	total = 2.25009 s
	mean  = 0.187507 s
	var   = 2.22333e-010 s^2, std = 1.49108e-005 s
	min   = 0.187487 s
	max   = 0.187521 s

GWNSampleFloodVoxelizer::selectSamples:
	12 trials
	total = 1.12511 s
	mean  = 0.0937592 s
	var   = 7.84091e-012 s^2, std = 2.80016e-006 s
	min   = 0.093751 s
	max   = 0.093761 s

GWNSampleFloodVoxelizer::evaluateSamples:
	12 trials
	total = 2.01583 s
	mean  = 0.167986 s
	var   = 0.0031134 s^2, std = 0.0557978 s
	min   = 0.062506 s
	max   = 0.281278 s

GWNSampleFloodVoxelizer::flood:
	12 trials
	total = 5.54744 s
	mean  = 0.462286 s
	var   = 6.47489e-005 s^2, std = 0.00804667 s
	min   = 0.45317 s
	max   = 0.468798 s


PrintJobVoxelizer: finalizing surfaces
PrintJobVoxelizer: 1573649 surface voxels
PrintJobVoxelizer: getting output subset
PrintJobVoxelizer: updating slice indices
TonalValueCalculator:  runs 11:50:53
slices [549, 599):
	channel 0: occupancy (dense)
	channel 1: opticalFeature (sparse)

SurfaceDistanceOrderedTransfer:  runs 11:50:53
slices [523, 599):
	channel 0: occupancy (dense)
	channel 1: surfaceDist (dense)

SurfaceDistanceOrderedTransfer: 523 549 573
LayerExtractor:  runs 11:50:53
slices [521, 573):
	channel 0: occupancy (dense)
	channel 1: surfaceDist (dense)
	channel 2: layer_000 (sparse)
	channel 3: layer_001 (sparse)
	channel 4: layer_002 (sparse)
	channel 5: layer_003 (sparse)
	channel 6: layer_004 (sparse)
	channel 7: layer_005 (sparse)
	channel 8: layer_006 (sparse)
	channel 9: layer_007 (sparse)

TonalLinearizer:  runs 11:50:54
slices [522, 572):
	channel 0: occupancy (dense)
	channel 1: surfaceDist (dense)
	channel 2: layer_000 (sparse)
	channel 3: layer_001 (sparse)
	channel 4: layer_002 (sparse)
	channel 5: layer_003 (sparse)
	channel 6: layer_004 (sparse)
	channel 7: layer_005 (sparse)
	channel 8: layer_006 (sparse)
	channel 9: layer_007 (sparse)

VectorLayerHalftoner: VectorLayerHalftoner error: no tonal values available

VectorLayerHalftoner:  runs 11:50:54
slices [510, 572):
	channel 0: occupancy (dense)
	channel 1: surfaceDist (dense)
	channel 2: layer_000 (sparse)
	channel 3: layer_001 (sparse)
	channel 4: layer_002 (sparse)
	channel 5: layer_003 (sparse)
	channel 6: layer_004 (sparse)
	channel 7: layer_005 (sparse)
	channel 8: layer_006 (sparse)
	channel 9: layer_007 (sparse)
	channel 10: intermedTonal_0 (sparse)
	channel 11: intermedTonal_1 (sparse)
	channel 12: intermedTonal_2 (sparse)
	channel 13: intermedTonal_3 (sparse)
	channel 14: intermedTonal_4 (sparse)
	channel 15: intermedTonal_5 (sparse)
	channel 16: intermedTonal_6 (sparse)
	channel 17: intermedTonal_7 (sparse)
	channel 18: quantizedTonal (sparse)
	channel 19: errorDiffInfo2 (sparse)
	channel 20: distanceToEmpty (sparse)
	channel 21: errorDiffInfo3 (sparse)
	channel 22: errorDiffInfo4 (sparse)
	channel 23: errorDiffInfo5 (sparse)
	channel 24: errorDiffInfo6 (sparse)
	channel 25: errorDiffInfo7 (sparse)
	channel 26: errorDiffInfo8 (sparse)
	channel 27: errorDiffInfo9 (sparse)

SlaveReporter:  runs 11:50:56
slices [510, 560):
	channel 0: material (dense)
	channel 1: occupancy (dense)

PrintJobVoxelizer:  runs 11:50:59

PrintJobVoxelizer: setting up slices
PrintJobVoxelizer: rasterizing objects
PrintJobVoxelizer: creating rasterizer
PrintJobVoxelizer: rasterizing object 1
Rasterizer::rasterize:
	13 trials
	total = 7.70385 s
	mean  = 0.592604 s
	var   = 0.0168675 s^2, std = 0.129875 s
	min   = 0.203147 s
	max   = 0.765703 s


PrintJobVoxelizer: voxelizing objects
Object 1 ROI: [0 0 0] --> [946 303 50]
GWNSampleFloodVoxelizer: number of samples: 392
GWNSampleFloodVoxelizer: samples evaluated
GWNSampleFloodVoxelizer: adaptive threshold = 0.498039
GWNSampleFloodVoxelizer: flooding complete
Voxelization: solid angle evaluations per voxel: 1.41307

GWNSampleFloodVoxelizer::voxelize:
	13 trials
	total = 13.2199 s
	mean  = 1.01692 s
	var   = 0.00416979 s^2, std = 0.0645739 s
	min   = 0.906311 s
	max   = 1.14071 s

GWNSampleFloodVoxelizer::initIndicator:
	13 trials
	total = 2.43758 s
	mean  = 0.187506 s
	var   = 2.19244e-010 s^2, std = 1.48069e-005 s
	min   = 0.187487 s
	max   = 0.187521 s

GWNSampleFloodVoxelizer::selectSamples:
	13 trials
	total = 1.21888 s
	mean  = 0.0937599 s
	var   = 1.30769e-011 s^2, std = 3.6162e-006 s
	min   = 0.093751 s
	max   = 0.093768 s

GWNSampleFloodVoxelizer::evaluateSamples:
	13 trials
	total = 2.2971 s
	mean  = 0.1767 s
	var   = 0.00384116 s^2, std = 0.0619771 s
	min   = 0.062506 s
	max   = 0.281278 s

GWNSampleFloodVoxelizer::flood:
	13 trials
	total = 6.03186 s
	mean  = 0.463989 s
	var   = 9.70477e-005 s^2, std = 0.00985128 s
	min   = 0.45317 s
	max   = 0.484423 s


PrintJobVoxelizer: finalizing surfaces
PrintJobVoxelizer: 1728964 surface voxels
PrintJobVoxelizer: getting output subset
PrintJobVoxelizer: updating slice indices
TonalValueCalculator:  runs 11:51:1
slices [599, 649):
	channel 0: occupancy (dense)
	channel 1: opticalFeature (sparse)

SurfaceDistanceOrderedTransfer:  runs 11:51:1
slices [573, 649):
	channel 0: occupancy (dense)
	channel 1: surfaceDist (dense)

SurfaceDistanceOrderedTransfer: 573 599 623
LayerExtractor:  runs 11:51:1
slices [571, 623):
	channel 0: occupancy (dense)
	channel 1: surfaceDist (dense)
	channel 2: layer_000 (sparse)
	channel 3: layer_001 (sparse)
	channel 4: layer_002 (sparse)
	channel 5: layer_003 (sparse)
	channel 6: layer_004 (sparse)
	channel 7: layer_005 (sparse)
	channel 8: layer_006 (sparse)
	channel 9: layer_007 (sparse)

TonalLinearizer:  runs 11:51:2
slices [572, 622):
	channel 0: occupancy (dense)
	channel 1: surfaceDist (dense)
	channel 2: layer_000 (sparse)
	channel 3: layer_001 (sparse)
	channel 4: layer_002 (sparse)
	channel 5: layer_003 (sparse)
	channel 6: layer_004 (sparse)
	channel 7: layer_005 (sparse)
	channel 8: layer_006 (sparse)
	channel 9: layer_007 (sparse)

VectorLayerHalftoner: VectorLayerHalftoner error: no tonal values available

VectorLayerHalftoner:  runs 11:51:2
slices [560, 622):
	channel 0: occupancy (dense)
	channel 1: surfaceDist (dense)
	channel 2: layer_000 (sparse)
	channel 3: layer_001 (sparse)
	channel 4: layer_002 (sparse)
	channel 5: layer_003 (sparse)
	channel 6: layer_004 (sparse)
	channel 7: layer_005 (sparse)
	channel 8: layer_006 (sparse)
	channel 9: layer_007 (sparse)
	channel 10: intermedTonal_0 (sparse)
	channel 11: intermedTonal_1 (sparse)
	channel 12: intermedTonal_2 (sparse)
	channel 13: intermedTonal_3 (sparse)
	channel 14: intermedTonal_4 (sparse)
	channel 15: intermedTonal_5 (sparse)
	channel 16: intermedTonal_6 (sparse)
	channel 17: intermedTonal_7 (sparse)
	channel 18: quantizedTonal (sparse)
	channel 19: errorDiffInfo2 (sparse)
	channel 20: distanceToEmpty (sparse)
	channel 21: errorDiffInfo3 (sparse)
	channel 22: errorDiffInfo4 (sparse)
	channel 23: errorDiffInfo5 (sparse)
	channel 24: errorDiffInfo6 (sparse)
	channel 25: errorDiffInfo7 (sparse)
	channel 26: errorDiffInfo8 (sparse)
	channel 27: errorDiffInfo9 (sparse)

SlaveReporter:  runs 11:51:4
slices [560, 610):
	channel 0: material (dense)
	channel 1: occupancy (dense)

PrintJobVoxelizer:  runs 11:51:7

PrintJobVoxelizer: setting up slices
PrintJobVoxelizer: rasterizing objects
PrintJobVoxelizer: creating rasterizer
PrintJobVoxelizer: rasterizing object 1
Rasterizer::rasterize:
	14 trials
	total = 8.3289 s
	mean  = 0.594921 s
	var   = 0.0156452 s^2, std = 0.125081 s
	min   = 0.203147 s
	max   = 0.765703 s


PrintJobVoxelizer: voxelizing objects
Object 1 ROI: [0 0 0] --> [946 303 50]
GWNSampleFloodVoxelizer: number of samples: 353
GWNSampleFloodVoxelizer: samples evaluated
GWNSampleFloodVoxelizer: adaptive threshold = 0.498039
GWNSampleFloodVoxelizer: flooding complete
Voxelization: solid angle evaluations per voxel: 1.11441

GWNSampleFloodVoxelizer::voxelize:
	14 trials
	total = 14.2669 s
	mean  = 1.01906 s
	var   = 0.00391359 s^2, std = 0.0625587 s
	min   = 0.906311 s
	max   = 1.14071 s

GWNSampleFloodVoxelizer::initIndicator:
	14 trials
	total = 2.6251 s
	mean  = 0.187507 s
	var   = 2.09412e-010 s^2, std = 1.44711e-005 s
	min   = 0.187487 s
	max   = 0.187521 s

GWNSampleFloodVoxelizer::selectSamples:
	14 trials
	total = 1.31264 s
	mean  = 0.0937599 s
	var   = 1.20714e-011 s^2, std = 3.4744e-006 s
	min   = 0.093751 s
	max   = 0.093768 s

GWNSampleFloodVoxelizer::evaluateSamples:
	14 trials
	total = 2.50025 s
	mean  = 0.17859 s
	var   = 0.00359567 s^2, std = 0.0599639 s
	min   = 0.062506 s
	max   = 0.281278 s

GWNSampleFloodVoxelizer::flood:
	14 trials
	total = 6.50065 s
	mean  = 0.464332 s
	var   = 9.12294e-005 s^2, std = 0.00955141 s
	min   = 0.45317 s
	max   = 0.484423 s


PrintJobVoxelizer: finalizing surfaces
PrintJobVoxelizer: 1850901 surface voxels
PrintJobVoxelizer: getting output subset
PrintJobVoxelizer: updating slice indices
TonalValueCalculator:  runs 11:51:9
slices [649, 699):
	channel 0: occupancy (dense)
	channel 1: opticalFeature (sparse)

SurfaceDistanceOrderedTransfer:  runs 11:51:9
slices [623, 699):
	channel 0: occupancy (dense)
	channel 1: surfaceDist (dense)

SurfaceDistanceOrderedTransfer: 623 649 673
LayerExtractor:  runs 11:51:9
slices [621, 673):
	channel 0: occupancy (dense)
	channel 1: surfaceDist (dense)
	channel 2: layer_000 (sparse)
	channel 3: layer_001 (sparse)
	channel 4: layer_002 (sparse)
	channel 5: layer_003 (sparse)
	channel 6: layer_004 (sparse)
	channel 7: layer_005 (sparse)
	channel 8: layer_006 (sparse)
	channel 9: layer_007 (sparse)

TonalLinearizer:  runs 11:51:10
slices [622, 672):
	channel 0: occupancy (dense)
	channel 1: surfaceDist (dense)
	channel 2: layer_000 (sparse)
	channel 3: layer_001 (sparse)
	channel 4: layer_002 (sparse)
	channel 5: layer_003 (sparse)
	channel 6: layer_004 (sparse)
	channel 7: layer_005 (sparse)
	channel 8: layer_006 (sparse)
	channel 9: layer_007 (sparse)

VectorLayerHalftoner: VectorLayerHalftoner error: no tonal values available

VectorLayerHalftoner:  runs 11:51:10
slices [610, 672):
	channel 0: occupancy (dense)
	channel 1: surfaceDist (dense)
	channel 2: layer_000 (sparse)
	channel 3: layer_001 (sparse)
	channel 4: layer_002 (sparse)
	channel 5: layer_003 (sparse)
	channel 6: layer_004 (sparse)
	channel 7: layer_005 (sparse)
	channel 8: layer_006 (sparse)
	channel 9: layer_007 (sparse)
	channel 10: intermedTonal_0 (sparse)
	channel 11: intermedTonal_1 (sparse)
	channel 12: intermedTonal_2 (sparse)
	channel 13: intermedTonal_3 (sparse)
	channel 14: intermedTonal_4 (sparse)
	channel 15: intermedTonal_5 (sparse)
	channel 16: intermedTonal_6 (sparse)
	channel 17: intermedTonal_7 (sparse)
	channel 18: quantizedTonal (sparse)
	channel 19: errorDiffInfo2 (sparse)
	channel 20: distanceToEmpty (sparse)
	channel 21: errorDiffInfo3 (sparse)
	channel 22: errorDiffInfo4 (sparse)
	channel 23: errorDiffInfo5 (sparse)
	channel 24: errorDiffInfo6 (sparse)
	channel 25: errorDiffInfo7 (sparse)
	channel 26: errorDiffInfo8 (sparse)
	channel 27: errorDiffInfo9 (sparse)

SlaveReporter:  runs 11:51:13
slices [610, 660):
	channel 0: material (dense)
	channel 1: occupancy (dense)

PrintJobVoxelizer:  runs 11:51:15

PrintJobVoxelizer: setting up slices
PrintJobVoxelizer: rasterizing objects
PrintJobVoxelizer: creating rasterizer
PrintJobVoxelizer: rasterizing object 1
Rasterizer::rasterize:
	15 trials
	total = 8.62581 s
	mean  = 0.575054 s
	var   = 0.0204486 s^2, std = 0.142998 s
	min   = 0.203147 s
	max   = 0.765703 s


PrintJobVoxelizer: voxelizing objects
Object 1 ROI: [0 0 0] --> [946 303 50]
GWNSampleFloodVoxelizer: number of samples: 226
GWNSampleFloodVoxelizer: samples evaluated
GWNSampleFloodVoxelizer: adaptive threshold = 0.498039
GWNSampleFloodVoxelizer: flooding complete
Voxelization: solid angle evaluations per voxel: 0.46133

GWNSampleFloodVoxelizer::voxelize:
	15 trials
	total = 15.2201 s
	mean  = 1.01467 s
	var   = 0.00392307 s^2, std = 0.0626344 s
	min   = 0.906311 s
	max   = 1.14071 s

GWNSampleFloodVoxelizer::initIndicator:
	15 trials
	total = 2.81261 s
	mean  = 0.187508 s
	var   = 2.02838e-010 s^2, std = 1.42421e-005 s
	min   = 0.187487 s
	max   = 0.187521 s

GWNSampleFloodVoxelizer::selectSamples:
	15 trials
	total = 1.4064 s
	mean  = 0.09376 s
	var   = 1.12857e-011 s^2, std = 3.35942e-006 s
	min   = 0.093751 s
	max   = 0.093768 s

GWNSampleFloodVoxelizer::evaluateSamples:
	15 trials
	total = 2.59401 s
	mean  = 0.172934 s
	var   = 0.00381858 s^2, std = 0.0617947 s
	min   = 0.062506 s
	max   = 0.281278 s

GWNSampleFloodVoxelizer::flood:
	15 trials
	total = 6.95382 s
	mean  = 0.463588 s
	var   = 9.30179e-005 s^2, std = 0.00964458 s
	min   = 0.45317 s
	max   = 0.484423 s


PrintJobVoxelizer: finalizing surfaces
PrintJobVoxelizer: 1893763 surface voxels
PrintJobVoxelizer: getting output subset
PrintJobVoxelizer: updating slice indices
TonalValueCalculator:  runs 11:51:16
slices [699, 749):
	channel 0: occupancy (dense)
	channel 1: opticalFeature (sparse)

SurfaceDistanceOrderedTransfer:  runs 11:51:16
slices [673, 749):
	channel 0: occupancy (dense)
	channel 1: surfaceDist (dense)

SurfaceDistanceOrderedTransfer: 673 699 723
LayerExtractor:  runs 11:51:17
slices [671, 723):
	channel 0: occupancy (dense)
	channel 1: surfaceDist (dense)
	channel 2: layer_000 (sparse)
	channel 3: layer_001 (sparse)
	channel 4: layer_002 (sparse)
	channel 5: layer_003 (sparse)
	channel 6: layer_004 (sparse)
	channel 7: layer_005 (sparse)
	channel 8: layer_006 (sparse)
	channel 9: layer_007 (sparse)

TonalLinearizer:  runs 11:51:17
slices [672, 722):
	channel 0: occupancy (dense)
	channel 1: surfaceDist (dense)
	channel 2: layer_000 (sparse)
	channel 3: layer_001 (sparse)
	channel 4: layer_002 (sparse)
	channel 5: layer_003 (sparse)
	channel 6: layer_004 (sparse)
	channel 7: layer_005 (sparse)
	channel 8: layer_006 (sparse)
	channel 9: layer_007 (sparse)

VectorLayerHalftoner: VectorLayerHalftoner error: no tonal values available

VectorLayerHalftoner:  runs 11:51:17
slices [660, 722):
	channel 0: occupancy (dense)
	channel 1: surfaceDist (dense)
	channel 2: layer_000 (sparse)
	channel 3: layer_001 (sparse)
	channel 4: layer_002 (sparse)
	channel 5: layer_003 (sparse)
	channel 6: layer_004 (sparse)
	channel 7: layer_005 (sparse)
	channel 8: layer_006 (sparse)
	channel 9: layer_007 (sparse)
	channel 10: intermedTonal_0 (sparse)
	channel 11: intermedTonal_1 (sparse)
	channel 12: intermedTonal_2 (sparse)
	channel 13: intermedTonal_3 (sparse)
	channel 14: intermedTonal_4 (sparse)
	channel 15: intermedTonal_5 (sparse)
	channel 16: intermedTonal_6 (sparse)
	channel 17: intermedTonal_7 (sparse)
	channel 18: quantizedTonal (sparse)
	channel 19: errorDiffInfo2 (sparse)
	channel 20: distanceToEmpty (sparse)
	channel 21: errorDiffInfo3 (sparse)
	channel 22: errorDiffInfo4 (sparse)
	channel 23: errorDiffInfo5 (sparse)
	channel 24: errorDiffInfo6 (sparse)
	channel 25: errorDiffInfo7 (sparse)
	channel 26: errorDiffInfo8 (sparse)
	channel 27: errorDiffInfo9 (sparse)

SlaveReporter:  runs 11:51:19
slices [660, 710):
	channel 0: material (dense)
	channel 1: occupancy (dense)

PrintJobVoxelizer:  runs 11:51:23

PrintJobVoxelizer: setting up slices
PrintJobVoxelizer: rasterizing objects
PrintJobVoxelizer: creating rasterizer
PrintJobVoxelizer: rasterizing object 1
Rasterizer::rasterize:
	16 trials
	total = 8.75082 s
	mean  = 0.546926 s
	var   = 0.0317439 s^2, std = 0.178168 s
	min   = 0.125013 s
	max   = 0.765703 s


PrintJobVoxelizer: voxelizing objects
Object 1 ROI: [0 0 0] --> [946 303 27]
GWNSampleFloodVoxelizer: number of samples: 251
GWNSampleFloodVoxelizer: samples evaluated
GWNSampleFloodVoxelizer: adaptive threshold = 0.498039
GWNSampleFloodVoxelizer: flooding complete
Voxelization: solid angle evaluations per voxel: 0.419228

GWNSampleFloodVoxelizer::voxelize:
	16 trials
	total = 15.7201 s
	mean  = 0.982509 s
	var   = 0.0202143 s^2, std = 0.142177 s
	min   = 0.500044 s
	max   = 1.14071 s

GWNSampleFloodVoxelizer::initIndicator:
	16 trials
	total = 2.90637 s
	mean  = 0.181648 s
	var   = 0.00054937 s^2, std = 0.0234386 s
	min   = 0.093753 s
	max   = 0.187521 s

GWNSampleFloodVoxelizer::selectSamples:
	16 trials
	total = 1.46891 s
	mean  = 0.0918067 s
	var   = 6.1043e-005 s^2, std = 0.007813 s
	min   = 0.062508 s
	max   = 0.093768 s

GWNSampleFloodVoxelizer::evaluateSamples:
	16 trials
	total = 2.65655 s
	mean  = 0.166034 s
	var   = 0.00432576 s^2, std = 0.0657705 s
	min   = 0.062506 s
	max   = 0.281278 s

GWNSampleFloodVoxelizer::flood:
	16 trials
	total = 7.18819 s
	mean  = 0.449262 s
	var   = 0.00337063 s^2, std = 0.0580571 s
	min   = 0.23437 s
	max   = 0.484423 s


PrintJobVoxelizer: finalizing surfaces
PrintJobVoxelizer: 1899494 surface voxels
PrintJobVoxelizer: getting output subset
PrintJobVoxelizer: updating slice indices
TonalValueCalculator:  runs 11:51:23
slices [749, 777):
	channel 0: occupancy (dense)
	channel 1: opticalFeature (sparse)

SurfaceDistanceOrderedTransfer:  runs 11:51:23
slices [723, 777):
	channel 0: occupancy (dense)
	channel 1: surfaceDist (dense)

SurfaceDistanceOrderedTransfer: 723 749 777
LayerExtractor:  runs 11:51:24
slices [721, 777):
	channel 0: occupancy (dense)
	channel 1: surfaceDist (dense)
	channel 2: layer_000 (sparse)
	channel 3: layer_001 (sparse)
	channel 4: layer_002 (sparse)
	channel 5: layer_003 (sparse)
	channel 6: layer_004 (sparse)
	channel 7: layer_005 (sparse)
	channel 8: layer_006 (sparse)
	channel 9: layer_007 (sparse)

TonalLinearizer:  runs 11:51:24
slices [722, 777):
	channel 0: occupancy (dense)
	channel 1: surfaceDist (dense)
	channel 2: layer_000 (sparse)
	channel 3: layer_001 (sparse)
	channel 4: layer_002 (sparse)
	channel 5: layer_003 (sparse)
	channel 6: layer_004 (sparse)
	channel 7: layer_005 (sparse)
	channel 8: layer_006 (sparse)
	channel 9: layer_007 (sparse)

VectorLayerHalftoner: VectorLayerHalftoner error: no tonal values available

VectorLayerHalftoner:  runs 11:51:24
slices [710, 777):
	channel 0: occupancy (dense)
	channel 1: surfaceDist (dense)
	channel 2: layer_000 (sparse)
	channel 3: layer_001 (sparse)
	channel 4: layer_002 (sparse)
	channel 5: layer_003 (sparse)
	channel 6: layer_004 (sparse)
	channel 7: layer_005 (sparse)
	channel 8: layer_006 (sparse)
	channel 9: layer_007 (sparse)
	channel 10: intermedTonal_0 (sparse)
	channel 11: intermedTonal_1 (sparse)
	channel 12: intermedTonal_2 (sparse)
	channel 13: intermedTonal_3 (sparse)
	channel 14: intermedTonal_4 (sparse)
	channel 15: intermedTonal_5 (sparse)
	channel 16: intermedTonal_6 (sparse)
	channel 17: intermedTonal_7 (sparse)
	channel 18: quantizedTonal (sparse)
	channel 19: errorDiffInfo2 (sparse)
	channel 20: distanceToEmpty (sparse)
	channel 21: errorDiffInfo3 (sparse)
	channel 22: errorDiffInfo4 (sparse)
	channel 23: errorDiffInfo5 (sparse)
	channel 24: errorDiffInfo6 (sparse)
	channel 25: errorDiffInfo7 (sparse)
	channel 26: errorDiffInfo8 (sparse)
	channel 27: errorDiffInfo9 (sparse)

SlaveReporter:  runs 11:51:26
slices [710, 777):
	channel 0: material (dense)
	channel 1: occupancy (dense)

Computation finished 

Status: success
Slave Node  2 :Total execution time in seconds 135.576

