Warning:json file inside profile could not be parsed 

GL version: 4.5.0 NVIDIA 372.54

Warning: there is no json file embedded inside profile 

LayerExtractor: distance needed for layers: 0.135467

FileParserPJ: initializing
PrintJobOrganizer: initializing
PrintJobPreprocessor: initializing
PrintJobVoxelizer: initializing
TonalValueCalculator: initializing
TonalValueCalculator: Using rendering intent RELATIVE_COLORIMETRIC

SurfaceDistanceOrderedTransfer: initializing
TonalLinearizer: initializing
VectorLayerHalftoner: initializing
SlaveReporter: initializing
FileParserPJ:  runs 14:20:32

FileParserPJ: loading OBJ file

244921 vertices
489840 faces

FileParserPJ: 245383 texture coordinates

FileParserPJ: 245383 vertices after duplication

FileParserPJ: //filer-igd2.igd.fraunhofer.de/igd-3dt/shared/3DModels/Head/HeadMTL/Head_Level3.obj parsed: 245383 vertices and 489840 faces

FileParserPJ: loading jpg file

FileParserPJ: Input files parsed

PrintJobOrganizer:  runs 14:20:36

centering objects at origin
optimizing rotation for height
scaling objects
optimizing rotation for support use
PrintJobOrganizer: support cost         = 25.4851
support cost flipped = 22.9004

arranging objects in 2D
validating object placement
PrintJobOrganizer: print object 1 print-space bounding box: (0.00211667, 0.00423333, 0.00135106), (8.00212, 5.12195, 4.19435)
saving transforms to file
PrintJobPreprocessor:  runs 14:20:36

PrintJobPreprocessor: flatten
PrintJobPreprocessor: prioritize
PrintJobPreprocessor: segment-hierarchy
PrintJobPreprocessor: boundingBox
PrintJobPreprocessor: uniformAppearanceTextures
PrintJobVoxelizer:  runs 14:20:37

PrintJobVoxelizer: 
number of slices to print: 777 (4.19435 cm)
width of slices to print:  946 (8.00212 cm)
height of slices to print: 303 (5.12195 cm)
chunk size:                50 (0.270213 cm)

PrintJobVoxelizer: setting up slices
PrintJobVoxelizer: rasterizing objects
PrintJobVoxelizer: creating rasterizer
PrintJobVoxelizer: rasterizing object 1
Rasterizer::rasterize:
	1 trials
	total = 0.198715 s
	mean  = 0.198715 s
	var   = 0 s^2, std = 0 s
	min   = 0.198715 s
	max   = 0.198715 s


PrintJobVoxelizer: voxelizing objects
Object 1 ROI: [0 0 0] --> [946 303 50]
GWNSampleFloodVoxelizer: number of samples: 200
GWNSampleFloodVoxelizer: samples evaluated
GWNSampleFloodVoxelizer: adaptive threshold = 0.498039
GWNSampleFloodVoxelizer: flooding complete
Voxelization: solid angle evaluations per voxel: 0.295971

GWNSampleFloodVoxelizer::voxelize:
	1 trials
	total = 0.754912 s
	mean  = 0.754912 s
	var   = 0 s^2, std = 0 s
	min   = 0.754912 s
	max   = 0.754912 s

GWNSampleFloodVoxelizer::initIndicator:
	1 trials
	total = 0.097136 s
	mean  = 0.097136 s
	var   = 0 s^2, std = 0 s
	min   = 0.097136 s
	max   = 0.097136 s

GWNSampleFloodVoxelizer::selectSamples:
	1 trials
	total = 0.084656 s
	mean  = 0.084656 s
	var   = 0 s^2, std = 0 s
	min   = 0.084656 s
	max   = 0.084656 s

GWNSampleFloodVoxelizer::evaluateSamples:
	1 trials
	total = 0.069031 s
	mean  = 0.069031 s
	var   = 0 s^2, std = 0 s
	min   = 0.069031 s
	max   = 0.069031 s

GWNSampleFloodVoxelizer::flood:
	1 trials
	total = 0.472529 s
	mean  = 0.472529 s
	var   = 0 s^2, std = 0 s
	min   = 0.472529 s
	max   = 0.472529 s


PrintJobVoxelizer: finalizing surfaces
PrintJobVoxelizer: 18700 surface voxels
PrintJobVoxelizer: getting output subset
PrintJobVoxelizer: updating slice indices
TonalValueCalculator:  runs 14:20:38
slices [0, 49):
	channel 0: occupancy (dense)
	channel 1: opticalFeature (sparse)

SurfaceDistanceOrderedTransfer:  runs 14:20:38
slices [0, 49):
	channel 0: occupancy (dense)
	channel 1: surfaceDist (dense)

SurfaceDistanceOrderedTransfer: 0 0 23
LayerExtractor:  runs 14:20:39
slices [0, 23):
	channel 0: occupancy (dense)
	channel 1: surfaceDist (dense)
	channel 2: layer_000 (sparse)
	channel 3: layer_001 (sparse)
	channel 4: layer_002 (sparse)
	channel 5: layer_003 (sparse)
	channel 6: layer_004 (sparse)
	channel 7: layer_005 (sparse)
	channel 8: layer_006 (sparse)
	channel 9: layer_007 (sparse)

TonalLinearizer:  runs 14:20:39
slices [0, 22):
	channel 0: occupancy (dense)
	channel 1: surfaceDist (dense)
	channel 2: layer_000 (sparse)
	channel 3: layer_001 (sparse)
	channel 4: layer_002 (sparse)
	channel 5: layer_003 (sparse)
	channel 6: layer_004 (sparse)
	channel 7: layer_005 (sparse)
	channel 8: layer_006 (sparse)
	channel 9: layer_007 (sparse)

VectorLayerHalftoner: VectorLayerHalftoner error: no tonal values available

VectorLayerHalftoner:  runs 14:20:39
slices [0, 22):
	channel 0: occupancy (dense)
	channel 1: surfaceDist (dense)
	channel 2: layer_000 (sparse)
	channel 3: layer_001 (sparse)
	channel 4: layer_002 (sparse)
	channel 5: layer_003 (sparse)
	channel 6: layer_004 (sparse)
	channel 7: layer_005 (sparse)
	channel 8: layer_006 (sparse)
	channel 9: layer_007 (sparse)
	channel 10: intermedTonal_0 (sparse)
	channel 11: intermedTonal_1 (sparse)
	channel 12: intermedTonal_2 (sparse)
	channel 13: intermedTonal_3 (sparse)
	channel 14: intermedTonal_4 (sparse)
	channel 15: intermedTonal_5 (sparse)
	channel 16: intermedTonal_6 (sparse)
	channel 17: intermedTonal_7 (sparse)
	channel 18: quantizedTonal (sparse)

SlaveReporter:  runs 14:20:39
slices [0, 10):
	channel 0: material (dense)
	channel 1: occupancy (dense)

SlaveReporter::runInternal
PrintJobVoxelizer:  runs 14:20:39

PrintJobVoxelizer: setting up slices
PrintJobVoxelizer: rasterizing objects
PrintJobVoxelizer: creating rasterizer
PrintJobVoxelizer: rasterizing object 1
Rasterizer::rasterize:
	2 trials
	total = 0.75292 s
	mean  = 0.37646 s
	var   = 0.0631866 s^2, std = 0.251369 s
	min   = 0.198715 s
	max   = 0.554205 s


PrintJobVoxelizer: voxelizing objects
Object 1 ROI: [0 0 0] --> [946 303 50]
GWNSampleFloodVoxelizer: number of samples: 330
GWNSampleFloodVoxelizer: samples evaluated
GWNSampleFloodVoxelizer: adaptive threshold = 0.498039
GWNSampleFloodVoxelizer: flooding complete
Voxelization: solid angle evaluations per voxel: 1.03114

GWNSampleFloodVoxelizer::voxelize:
	2 trials
	total = 1.63375 s
	mean  = 0.816873 s
	var   = 0.00767845 s^2, std = 0.0876268 s
	min   = 0.754912 s
	max   = 0.878835 s

GWNSampleFloodVoxelizer::initIndicator:
	2 trials
	total = 0.20945 s
	mean  = 0.104725 s
	var   = 0.000115186 s^2, std = 0.0107325 s
	min   = 0.097136 s
	max   = 0.112314 s

GWNSampleFloodVoxelizer::selectSamples:
	2 trials
	total = 0.163929 s
	mean  = 0.0819645 s
	var   = 1.44883e-005 s^2, std = 0.00380636 s
	min   = 0.079273 s
	max   = 0.084656 s

GWNSampleFloodVoxelizer::evaluateSamples:
	2 trials
	total = 0.281199 s
	mean  = 0.1406 s
	var   = 0.0102441 s^2, std = 0.101213 s
	min   = 0.069031 s
	max   = 0.212168 s

GWNSampleFloodVoxelizer::flood:
	2 trials
	total = 0.929754 s
	mean  = 0.464877 s
	var   = 0.000117106 s^2, std = 0.0108216 s
	min   = 0.457225 s
	max   = 0.472529 s


PrintJobVoxelizer: finalizing surfaces
PrintJobVoxelizer: 122101 surface voxels
PrintJobVoxelizer: getting output subset
PrintJobVoxelizer: updating slice indices
TonalValueCalculator:  runs 14:20:41
slices [49, 99):
	channel 0: occupancy (dense)
	channel 1: opticalFeature (sparse)

SurfaceDistanceOrderedTransfer:  runs 14:20:41
slices [23, 99):
	channel 0: occupancy (dense)
	channel 1: surfaceDist (dense)

SurfaceDistanceOrderedTransfer: 23 49 73
LayerExtractor:  runs 14:20:41
slices [21, 73):
	channel 0: occupancy (dense)
	channel 1: surfaceDist (dense)
	channel 2: layer_000 (sparse)
	channel 3: layer_001 (sparse)
	channel 4: layer_002 (sparse)
	channel 5: layer_003 (sparse)
	channel 6: layer_004 (sparse)
	channel 7: layer_005 (sparse)
	channel 8: layer_006 (sparse)
	channel 9: layer_007 (sparse)

TonalLinearizer:  runs 14:20:41
slices [22, 72):
	channel 0: occupancy (dense)
	channel 1: surfaceDist (dense)
	channel 2: layer_000 (sparse)
	channel 3: layer_001 (sparse)
	channel 4: layer_002 (sparse)
	channel 5: layer_003 (sparse)
	channel 6: layer_004 (sparse)
	channel 7: layer_005 (sparse)
	channel 8: layer_006 (sparse)
	channel 9: layer_007 (sparse)

VectorLayerHalftoner: VectorLayerHalftoner error: no tonal values available

VectorLayerHalftoner:  runs 14:20:41
slices [10, 72):
	channel 0: occupancy (dense)
	channel 1: surfaceDist (dense)
	channel 2: layer_000 (sparse)
	channel 3: layer_001 (sparse)
	channel 4: layer_002 (sparse)
	channel 5: layer_003 (sparse)
	channel 6: layer_004 (sparse)
	channel 7: layer_005 (sparse)
	channel 8: layer_006 (sparse)
	channel 9: layer_007 (sparse)
	channel 10: intermedTonal_0 (sparse)
	channel 11: intermedTonal_1 (sparse)
	channel 12: intermedTonal_2 (sparse)
	channel 13: intermedTonal_3 (sparse)
	channel 14: intermedTonal_4 (sparse)
	channel 15: intermedTonal_5 (sparse)
	channel 16: intermedTonal_6 (sparse)
	channel 17: intermedTonal_7 (sparse)
	channel 18: quantizedTonal (sparse)
	channel 19: errorDiffInfo2 (sparse)
	channel 20: distanceToEmpty (sparse)
	channel 21: errorDiffInfo3 (sparse)
	channel 22: errorDiffInfo4 (sparse)
	channel 23: errorDiffInfo5 (sparse)
	channel 24: errorDiffInfo6 (sparse)
	channel 25: errorDiffInfo7 (sparse)
	channel 26: errorDiffInfo8 (sparse)
	channel 27: errorDiffInfo9 (sparse)

SlaveReporter:  runs 14:20:43
slices [10, 60):
	channel 0: material (dense)
	channel 1: occupancy (dense)

SlaveReporter::runInternal
PrintJobVoxelizer:  runs 14:20:43

PrintJobVoxelizer: setting up slices
PrintJobVoxelizer: rasterizing objects
PrintJobVoxelizer: creating rasterizer
PrintJobVoxelizer: rasterizing object 1
Rasterizer::rasterize:
	3 trials
	total = 1.51525 s
	mean  = 0.505083 s
	var   = 0.0812252 s^2, std = 0.285 s
	min   = 0.198715 s
	max   = 0.76233 s


PrintJobVoxelizer: voxelizing objects
Object 1 ROI: [0 0 0] --> [946 303 50]
GWNSampleFloodVoxelizer: number of samples: 478
GWNSampleFloodVoxelizer: samples evaluated
GWNSampleFloodVoxelizer: adaptive threshold = 0.498039
GWNSampleFloodVoxelizer: flooding complete
Voxelization: solid angle evaluations per voxel: 1.71356

GWNSampleFloodVoxelizer::voxelize:
	3 trials
	total = 2.67603 s
	mean  = 0.89201 s
	var   = 0.0207757 s^2, std = 0.144138 s
	min   = 0.754912 s
	max   = 1.04228 s

GWNSampleFloodVoxelizer::initIndicator:
	3 trials
	total = 0.388878 s
	mean  = 0.129626 s
	var   = 0.00191777 s^2, std = 0.0437924 s
	min   = 0.097136 s
	max   = 0.179428 s

GWNSampleFloodVoxelizer::selectSamples:
	3 trials
	total = 0.248577 s
	mean  = 0.082859 s
	var   = 9.64456e-006 s^2, std = 0.00310557 s
	min   = 0.079273 s
	max   = 0.084656 s

GWNSampleFloodVoxelizer::evaluateSamples:
	3 trials
	total = 0.581689 s
	mean  = 0.193896 s
	var   = 0.0136437 s^2, std = 0.116806 s
	min   = 0.069031 s
	max   = 0.30049 s

GWNSampleFloodVoxelizer::flood:
	3 trials
	total = 1.38797 s
	mean  = 0.462657 s
	var   = 7.33427e-005 s^2, std = 0.00856404 s
	min   = 0.457225 s
	max   = 0.472529 s


PrintJobVoxelizer: finalizing surfaces
PrintJobVoxelizer: 280669 surface voxels
PrintJobVoxelizer: getting output subset
PrintJobVoxelizer: updating slice indices
TonalValueCalculator:  runs 14:20:45
slices [99, 149):
	channel 0: occupancy (dense)
	channel 1: opticalFeature (sparse)

SurfaceDistanceOrderedTransfer:  runs 14:20:45
slices [73, 149):
	channel 0: occupancy (dense)
	channel 1: surfaceDist (dense)

SurfaceDistanceOrderedTransfer: 73 99 123
LayerExtractor:  runs 14:20:45
slices [71, 123):
	channel 0: occupancy (dense)
	channel 1: surfaceDist (dense)
	channel 2: layer_000 (sparse)
	channel 3: layer_001 (sparse)
	channel 4: layer_002 (sparse)
	channel 5: layer_003 (sparse)
	channel 6: layer_004 (sparse)
	channel 7: layer_005 (sparse)
	channel 8: layer_006 (sparse)
	channel 9: layer_007 (sparse)

TonalLinearizer:  runs 14:20:45
slices [72, 122):
	channel 0: occupancy (dense)
	channel 1: surfaceDist (dense)
	channel 2: layer_000 (sparse)
	channel 3: layer_001 (sparse)
	channel 4: layer_002 (sparse)
	channel 5: layer_003 (sparse)
	channel 6: layer_004 (sparse)
	channel 7: layer_005 (sparse)
	channel 8: layer_006 (sparse)
	channel 9: layer_007 (sparse)

VectorLayerHalftoner: VectorLayerHalftoner error: no tonal values available

VectorLayerHalftoner:  runs 14:20:46
slices [60, 122):
	channel 0: occupancy (dense)
	channel 1: surfaceDist (dense)
	channel 2: layer_000 (sparse)
	channel 3: layer_001 (sparse)
	channel 4: layer_002 (sparse)
	channel 5: layer_003 (sparse)
	channel 6: layer_004 (sparse)
	channel 7: layer_005 (sparse)
	channel 8: layer_006 (sparse)
	channel 9: layer_007 (sparse)
	channel 10: intermedTonal_0 (sparse)
	channel 11: intermedTonal_1 (sparse)
	channel 12: intermedTonal_2 (sparse)
	channel 13: intermedTonal_3 (sparse)
	channel 14: intermedTonal_4 (sparse)
	channel 15: intermedTonal_5 (sparse)
	channel 16: intermedTonal_6 (sparse)
	channel 17: intermedTonal_7 (sparse)
	channel 18: quantizedTonal (sparse)
	channel 19: errorDiffInfo2 (sparse)
	channel 20: distanceToEmpty (sparse)
	channel 21: errorDiffInfo3 (sparse)
	channel 22: errorDiffInfo4 (sparse)
	channel 23: errorDiffInfo5 (sparse)
	channel 24: errorDiffInfo6 (sparse)
	channel 25: errorDiffInfo7 (sparse)
	channel 26: errorDiffInfo8 (sparse)
	channel 27: errorDiffInfo9 (sparse)

SlaveReporter:  runs 14:20:48
slices [60, 110):
	channel 0: material (dense)
	channel 1: occupancy (dense)

SlaveReporter::runInternal
PrintJobVoxelizer:  runs 14:20:48

PrintJobVoxelizer: setting up slices
PrintJobVoxelizer: rasterizing objects
PrintJobVoxelizer: creating rasterizer
PrintJobVoxelizer: rasterizing object 1
Rasterizer::rasterize:
	4 trials
	total = 2.18214 s
	mean  = 0.545535 s
	var   = 0.0606954 s^2, std = 0.246364 s
	min   = 0.198715 s
	max   = 0.76233 s


PrintJobVoxelizer: voxelizing objects
Object 1 ROI: [0 0 0] --> [946 303 50]
GWNSampleFloodVoxelizer: number of samples: 348
GWNSampleFloodVoxelizer: samples evaluated
GWNSampleFloodVoxelizer: adaptive threshold = 0.498039
GWNSampleFloodVoxelizer: flooding complete
Voxelization: solid angle evaluations per voxel: 1.12002

GWNSampleFloodVoxelizer::voxelize:
	4 trials
	total = 3.61464 s
	mean  = 0.903659 s
	var   = 0.0143933 s^2, std = 0.119972 s
	min   = 0.754912 s
	max   = 1.04228 s

GWNSampleFloodVoxelizer::initIndicator:
	4 trials
	total = 0.551666 s
	mean  = 0.137917 s
	var   = 0.00155344 s^2, std = 0.0394138 s
	min   = 0.097136 s
	max   = 0.179428 s

GWNSampleFloodVoxelizer::selectSamples:
	4 trials
	total = 0.333233 s
	mean  = 0.0833083 s
	var   = 7.23701e-006 s^2, std = 0.00269017 s
	min   = 0.079273 s
	max   = 0.084656 s

GWNSampleFloodVoxelizer::evaluateSamples:
	4 trials
	total = 0.796951 s
	mean  = 0.199238 s
	var   = 0.00920993 s^2, std = 0.0959684 s
	min   = 0.069031 s
	max   = 0.30049 s

GWNSampleFloodVoxelizer::flood:
	4 trials
	total = 1.84318 s
	mean  = 0.460796 s
	var   = 6.27398e-005 s^2, std = 0.00792084 s
	min   = 0.455215 s
	max   = 0.472529 s


PrintJobVoxelizer: finalizing surfaces
PrintJobVoxelizer: 430827 surface voxels
PrintJobVoxelizer: getting output subset
PrintJobVoxelizer: updating slice indices
TonalValueCalculator:  runs 14:20:50
slices [149, 199):
	channel 0: occupancy (dense)
	channel 1: opticalFeature (sparse)

SurfaceDistanceOrderedTransfer:  runs 14:20:50
slices [123, 199):
	channel 0: occupancy (dense)
	channel 1: surfaceDist (dense)

SurfaceDistanceOrderedTransfer: 123 149 173
LayerExtractor:  runs 14:20:50
slices [121, 173):
	channel 0: occupancy (dense)
	channel 1: surfaceDist (dense)
	channel 2: layer_000 (sparse)
	channel 3: layer_001 (sparse)
	channel 4: layer_002 (sparse)
	channel 5: layer_003 (sparse)
	channel 6: layer_004 (sparse)
	channel 7: layer_005 (sparse)
	channel 8: layer_006 (sparse)
	channel 9: layer_007 (sparse)

TonalLinearizer:  runs 14:20:51
slices [122, 172):
	channel 0: occupancy (dense)
	channel 1: surfaceDist (dense)
	channel 2: layer_000 (sparse)
	channel 3: layer_001 (sparse)
	channel 4: layer_002 (sparse)
	channel 5: layer_003 (sparse)
	channel 6: layer_004 (sparse)
	channel 7: layer_005 (sparse)
	channel 8: layer_006 (sparse)
	channel 9: layer_007 (sparse)

VectorLayerHalftoner: VectorLayerHalftoner error: no tonal values available

VectorLayerHalftoner:  runs 14:20:51
slices [110, 172):
	channel 0: occupancy (dense)
	channel 1: surfaceDist (dense)
	channel 2: layer_000 (sparse)
	channel 3: layer_001 (sparse)
	channel 4: layer_002 (sparse)
	channel 5: layer_003 (sparse)
	channel 6: layer_004 (sparse)
	channel 7: layer_005 (sparse)
	channel 8: layer_006 (sparse)
	channel 9: layer_007 (sparse)
	channel 10: intermedTonal_0 (sparse)
	channel 11: intermedTonal_1 (sparse)
	channel 12: intermedTonal_2 (sparse)
	channel 13: intermedTonal_3 (sparse)
	channel 14: intermedTonal_4 (sparse)
	channel 15: intermedTonal_5 (sparse)
	channel 16: intermedTonal_6 (sparse)
	channel 17: intermedTonal_7 (sparse)
	channel 18: quantizedTonal (sparse)
	channel 19: errorDiffInfo2 (sparse)
	channel 20: distanceToEmpty (sparse)
	channel 21: errorDiffInfo3 (sparse)
	channel 22: errorDiffInfo4 (sparse)
	channel 23: errorDiffInfo5 (sparse)
	channel 24: errorDiffInfo6 (sparse)
	channel 25: errorDiffInfo7 (sparse)
	channel 26: errorDiffInfo8 (sparse)
	channel 27: errorDiffInfo9 (sparse)

SlaveReporter:  runs 14:20:54
slices [110, 160):
	channel 0: material (dense)
	channel 1: occupancy (dense)

SlaveReporter::runInternal
PrintJobVoxelizer:  runs 14:20:54

PrintJobVoxelizer: setting up slices
PrintJobVoxelizer: rasterizing objects
PrintJobVoxelizer: creating rasterizer
PrintJobVoxelizer: rasterizing object 1
Rasterizer::rasterize:
	5 trials
	total = 2.8145 s
	mean  = 0.562901 s
	var   = 0.0470294 s^2, std = 0.216863 s
	min   = 0.198715 s
	max   = 0.76233 s


PrintJobVoxelizer: voxelizing objects
Object 1 ROI: [0 0 0] --> [946 303 50]
GWNSampleFloodVoxelizer: number of samples: 321
GWNSampleFloodVoxelizer: samples evaluated
GWNSampleFloodVoxelizer: adaptive threshold = 0.498039
GWNSampleFloodVoxelizer: flooding complete
Voxelization: solid angle evaluations per voxel: 0.979022

GWNSampleFloodVoxelizer::voxelize:
	5 trials
	total = 4.53572 s
	mean  = 0.907145 s
	var   = 0.0108557 s^2, std = 0.104191 s
	min   = 0.754912 s
	max   = 1.04228 s

GWNSampleFloodVoxelizer::initIndicator:
	5 trials
	total = 0.700882 s
	mean  = 0.140176 s
	var   = 0.00119062 s^2, std = 0.0345053 s
	min   = 0.097136 s
	max   = 0.179428 s

GWNSampleFloodVoxelizer::selectSamples:
	5 trials
	total = 0.417858 s
	mean  = 0.0835716 s
	var   = 5.77452e-006 s^2, std = 0.00240302 s
	min   = 0.079273 s
	max   = 0.084656 s

GWNSampleFloodVoxelizer::evaluateSamples:
	5 trials
	total = 0.997847 s
	mean  = 0.199569 s
	var   = 0.006908 s^2, std = 0.0831144 s
	min   = 0.069031 s
	max   = 0.30049 s

GWNSampleFloodVoxelizer::flood:
	5 trials
	total = 2.30992 s
	mean  = 0.461985 s
	var   = 5.41157e-005 s^2, std = 0.00735634 s
	min   = 0.455215 s
	max   = 0.472529 s


PrintJobVoxelizer: finalizing surfaces
PrintJobVoxelizer: 577180 surface voxels
PrintJobVoxelizer: getting output subset
PrintJobVoxelizer: updating slice indices
TonalValueCalculator:  runs 14:20:55
slices [199, 249):
	channel 0: occupancy (dense)
	channel 1: opticalFeature (sparse)

SurfaceDistanceOrderedTransfer:  runs 14:20:55
slices [173, 249):
	channel 0: occupancy (dense)
	channel 1: surfaceDist (dense)

SurfaceDistanceOrderedTransfer: 173 199 223
LayerExtractor:  runs 14:20:56
slices [171, 223):
	channel 0: occupancy (dense)
	channel 1: surfaceDist (dense)
	channel 2: layer_000 (sparse)
	channel 3: layer_001 (sparse)
	channel 4: layer_002 (sparse)
	channel 5: layer_003 (sparse)
	channel 6: layer_004 (sparse)
	channel 7: layer_005 (sparse)
	channel 8: layer_006 (sparse)
	channel 9: layer_007 (sparse)

TonalLinearizer:  runs 14:20:56
slices [172, 222):
	channel 0: occupancy (dense)
	channel 1: surfaceDist (dense)
	channel 2: layer_000 (sparse)
	channel 3: layer_001 (sparse)
	channel 4: layer_002 (sparse)
	channel 5: layer_003 (sparse)
	channel 6: layer_004 (sparse)
	channel 7: layer_005 (sparse)
	channel 8: layer_006 (sparse)
	channel 9: layer_007 (sparse)

VectorLayerHalftoner: VectorLayerHalftoner error: no tonal values available

VectorLayerHalftoner:  runs 14:20:56
slices [160, 222):
	channel 0: occupancy (dense)
	channel 1: surfaceDist (dense)
	channel 2: layer_000 (sparse)
	channel 3: layer_001 (sparse)
	channel 4: layer_002 (sparse)
	channel 5: layer_003 (sparse)
	channel 6: layer_004 (sparse)
	channel 7: layer_005 (sparse)
	channel 8: layer_006 (sparse)
	channel 9: layer_007 (sparse)
	channel 10: intermedTonal_0 (sparse)
	channel 11: intermedTonal_1 (sparse)
	channel 12: intermedTonal_2 (sparse)
	channel 13: intermedTonal_3 (sparse)
	channel 14: intermedTonal_4 (sparse)
	channel 15: intermedTonal_5 (sparse)
	channel 16: intermedTonal_6 (sparse)
	channel 17: intermedTonal_7 (sparse)
	channel 18: quantizedTonal (sparse)
	channel 19: errorDiffInfo2 (sparse)
	channel 20: distanceToEmpty (sparse)
	channel 21: errorDiffInfo3 (sparse)
	channel 22: errorDiffInfo4 (sparse)
	channel 23: errorDiffInfo5 (sparse)
	channel 24: errorDiffInfo6 (sparse)
	channel 25: errorDiffInfo7 (sparse)
	channel 26: errorDiffInfo8 (sparse)
	channel 27: errorDiffInfo9 (sparse)

SlaveReporter:  runs 14:21:0
slices [160, 210):
	channel 0: material (dense)
	channel 1: occupancy (dense)

SlaveReporter::runInternal
PrintJobVoxelizer:  runs 14:21:0

PrintJobVoxelizer: setting up slices
PrintJobVoxelizer: rasterizing objects
PrintJobVoxelizer: creating rasterizer
PrintJobVoxelizer: rasterizing object 1
Rasterizer::rasterize:
	6 trials
	total = 3.41092 s
	mean  = 0.568487 s
	var   = 0.0378107 s^2, std = 0.19445 s
	min   = 0.198715 s
	max   = 0.76233 s


PrintJobVoxelizer: voxelizing objects
Object 1 ROI: [0 0 0] --> [946 303 50]
GWNSampleFloodVoxelizer: number of samples: 307
GWNSampleFloodVoxelizer: samples evaluated
GWNSampleFloodVoxelizer: adaptive threshold = 0.498039
GWNSampleFloodVoxelizer: flooding complete
Voxelization: solid angle evaluations per voxel: 0.903347

GWNSampleFloodVoxelizer::voxelize:
	6 trials
	total = 5.52562 s
	mean  = 0.920936 s
	var   = 0.00982573 s^2, std = 0.0991248 s
	min   = 0.754912 s
	max   = 1.04228 s

GWNSampleFloodVoxelizer::initIndicator:
	6 trials
	total = 0.810189 s
	mean  = 0.135031 s
	var   = 0.00111132 s^2, std = 0.0333364 s
	min   = 0.097136 s
	max   = 0.179428 s

GWNSampleFloodVoxelizer::selectSamples:
	6 trials
	total = 0.515633 s
	mean  = 0.0859388 s
	var   = 3.82424e-005 s^2, std = 0.00618404 s
	min   = 0.079273 s
	max   = 0.097775 s

GWNSampleFloodVoxelizer::evaluateSamples:
	6 trials
	total = 1.15878 s
	mean  = 0.19313 s
	var   = 0.00577522 s^2, std = 0.0759949 s
	min   = 0.069031 s
	max   = 0.30049 s

GWNSampleFloodVoxelizer::flood:
	6 trials
	total = 2.76064 s
	mean  = 0.460106 s
	var   = 6.44674e-005 s^2, std = 0.00802916 s
	min   = 0.450713 s
	max   = 0.472529 s


PrintJobVoxelizer: finalizing surfaces
PrintJobVoxelizer: 720693 surface voxels
PrintJobVoxelizer: getting output subset
PrintJobVoxelizer: updating slice indices
TonalValueCalculator:  runs 14:21:1
slices [249, 299):
	channel 0: occupancy (dense)
	channel 1: opticalFeature (sparse)

SurfaceDistanceOrderedTransfer:  runs 14:21:1
slices [223, 299):
	channel 0: occupancy (dense)
	channel 1: surfaceDist (dense)

SurfaceDistanceOrderedTransfer: 223 249 273
LayerExtractor:  runs 14:21:2
slices [221, 273):
	channel 0: occupancy (dense)
	channel 1: surfaceDist (dense)
	channel 2: layer_000 (sparse)
	channel 3: layer_001 (sparse)
	channel 4: layer_002 (sparse)
	channel 5: layer_003 (sparse)
	channel 6: layer_004 (sparse)
	channel 7: layer_005 (sparse)
	channel 8: layer_006 (sparse)
	channel 9: layer_007 (sparse)

TonalLinearizer:  runs 14:21:2
slices [222, 272):
	channel 0: occupancy (dense)
	channel 1: surfaceDist (dense)
	channel 2: layer_000 (sparse)
	channel 3: layer_001 (sparse)
	channel 4: layer_002 (sparse)
	channel 5: layer_003 (sparse)
	channel 6: layer_004 (sparse)
	channel 7: layer_005 (sparse)
	channel 8: layer_006 (sparse)
	channel 9: layer_007 (sparse)

VectorLayerHalftoner: VectorLayerHalftoner error: no tonal values available

VectorLayerHalftoner:  runs 14:21:2
slices [210, 272):
	channel 0: occupancy (dense)
	channel 1: surfaceDist (dense)
	channel 2: layer_000 (sparse)
	channel 3: layer_001 (sparse)
	channel 4: layer_002 (sparse)
	channel 5: layer_003 (sparse)
	channel 6: layer_004 (sparse)
	channel 7: layer_005 (sparse)
	channel 8: layer_006 (sparse)
	channel 9: layer_007 (sparse)
	channel 10: intermedTonal_0 (sparse)
	channel 11: intermedTonal_1 (sparse)
	channel 12: intermedTonal_2 (sparse)
	channel 13: intermedTonal_3 (sparse)
	channel 14: intermedTonal_4 (sparse)
	channel 15: intermedTonal_5 (sparse)
	channel 16: intermedTonal_6 (sparse)
	channel 17: intermedTonal_7 (sparse)
	channel 18: quantizedTonal (sparse)
	channel 19: errorDiffInfo2 (sparse)
	channel 20: distanceToEmpty (sparse)
	channel 21: errorDiffInfo3 (sparse)
	channel 22: errorDiffInfo4 (sparse)
	channel 23: errorDiffInfo5 (sparse)
	channel 24: errorDiffInfo6 (sparse)
	channel 25: errorDiffInfo7 (sparse)
	channel 26: errorDiffInfo8 (sparse)
	channel 27: errorDiffInfo9 (sparse)

SlaveReporter:  runs 14:21:5
slices [210, 260):
	channel 0: material (dense)
	channel 1: occupancy (dense)

SlaveReporter::runInternal
PrintJobVoxelizer:  runs 14:21:8

PrintJobVoxelizer: setting up slices
PrintJobVoxelizer: rasterizing objects
PrintJobVoxelizer: creating rasterizer
PrintJobVoxelizer: rasterizing object 1
Rasterizer::rasterize:
	7 trials
	total = 4.03214 s
	mean  = 0.576021 s
	var   = 0.0319063 s^2, std = 0.178623 s
	min   = 0.198715 s
	max   = 0.76233 s


PrintJobVoxelizer: voxelizing objects
Object 1 ROI: [0 0 0] --> [946 303 50]
GWNSampleFloodVoxelizer: number of samples: 306
GWNSampleFloodVoxelizer: samples evaluated
GWNSampleFloodVoxelizer: adaptive threshold = 0.498039
GWNSampleFloodVoxelizer: flooding complete
Voxelization: solid angle evaluations per voxel: 0.915666

GWNSampleFloodVoxelizer::voxelize:
	7 trials
	total = 6.4216 s
	mean  = 0.917372 s
	var   = 0.00827703 s^2, std = 0.0909782 s
	min   = 0.754912 s
	max   = 1.04228 s

GWNSampleFloodVoxelizer::initIndicator:
	7 trials
	total = 0.960868 s
	mean  = 0.137267 s
	var   = 0.000961074 s^2, std = 0.0310012 s
	min   = 0.097136 s
	max   = 0.179428 s

GWNSampleFloodVoxelizer::selectSamples:
	7 trials
	total = 0.600289 s
	mean  = 0.0857556 s
	var   = 3.21037e-005 s^2, std = 0.00566602 s
	min   = 0.079273 s
	max   = 0.097775 s

GWNSampleFloodVoxelizer::evaluateSamples:
	7 trials
	total = 1.32809 s
	mean  = 0.189728 s
	var   = 0.00489369 s^2, std = 0.0699549 s
	min   = 0.069031 s
	max   = 0.30049 s

GWNSampleFloodVoxelizer::flood:
	7 trials
	total = 3.23342 s
	mean  = 0.461918 s
	var   = 7.66954e-005 s^2, std = 0.00875759 s
	min   = 0.450713 s
	max   = 0.472787 s


PrintJobVoxelizer: finalizing surfaces
PrintJobVoxelizer: 869230 surface voxels
PrintJobVoxelizer: getting output subset
PrintJobVoxelizer: updating slice indices
TonalValueCalculator:  runs 14:21:10
slices [299, 349):
	channel 0: occupancy (dense)
	channel 1: opticalFeature (sparse)

SurfaceDistanceOrderedTransfer:  runs 14:21:10
slices [273, 349):
	channel 0: occupancy (dense)
	channel 1: surfaceDist (dense)

SurfaceDistanceOrderedTransfer: 273 299 323
LayerExtractor:  runs 14:21:11
slices [271, 323):
	channel 0: occupancy (dense)
	channel 1: surfaceDist (dense)
	channel 2: layer_000 (sparse)
	channel 3: layer_001 (sparse)
	channel 4: layer_002 (sparse)
	channel 5: layer_003 (sparse)
	channel 6: layer_004 (sparse)
	channel 7: layer_005 (sparse)
	channel 8: layer_006 (sparse)
	channel 9: layer_007 (sparse)

TonalLinearizer:  runs 14:21:11
slices [272, 322):
	channel 0: occupancy (dense)
	channel 1: surfaceDist (dense)
	channel 2: layer_000 (sparse)
	channel 3: layer_001 (sparse)
	channel 4: layer_002 (sparse)
	channel 5: layer_003 (sparse)
	channel 6: layer_004 (sparse)
	channel 7: layer_005 (sparse)
	channel 8: layer_006 (sparse)
	channel 9: layer_007 (sparse)

VectorLayerHalftoner: VectorLayerHalftoner error: no tonal values available

VectorLayerHalftoner:  runs 14:21:11
slices [260, 322):
	channel 0: occupancy (dense)
	channel 1: surfaceDist (dense)
	channel 2: layer_000 (sparse)
	channel 3: layer_001 (sparse)
	channel 4: layer_002 (sparse)
	channel 5: layer_003 (sparse)
	channel 6: layer_004 (sparse)
	channel 7: layer_005 (sparse)
	channel 8: layer_006 (sparse)
	channel 9: layer_007 (sparse)
	channel 10: intermedTonal_0 (sparse)
	channel 11: intermedTonal_1 (sparse)
	channel 12: intermedTonal_2 (sparse)
	channel 13: intermedTonal_3 (sparse)
	channel 14: intermedTonal_4 (sparse)
	channel 15: intermedTonal_5 (sparse)
	channel 16: intermedTonal_6 (sparse)
	channel 17: intermedTonal_7 (sparse)
	channel 18: quantizedTonal (sparse)
	channel 19: errorDiffInfo2 (sparse)
	channel 20: distanceToEmpty (sparse)
	channel 21: errorDiffInfo3 (sparse)
	channel 22: errorDiffInfo4 (sparse)
	channel 23: errorDiffInfo5 (sparse)
	channel 24: errorDiffInfo6 (sparse)
	channel 25: errorDiffInfo7 (sparse)
	channel 26: errorDiffInfo8 (sparse)
	channel 27: errorDiffInfo9 (sparse)

SlaveReporter:  runs 14:21:14
slices [260, 310):
	channel 0: material (dense)
	channel 1: occupancy (dense)

SlaveReporter::runInternal
PrintJobVoxelizer:  runs 14:21:20

PrintJobVoxelizer: setting up slices
PrintJobVoxelizer: rasterizing objects
PrintJobVoxelizer: creating rasterizer
PrintJobVoxelizer: rasterizing object 1
Rasterizer::rasterize:
	8 trials
	total = 4.61075 s
	mean  = 0.576344 s
	var   = 0.0273491 s^2, std = 0.165376 s
	min   = 0.198715 s
	max   = 0.76233 s


PrintJobVoxelizer: voxelizing objects
Object 1 ROI: [0 0 0] --> [946 303 50]
GWNSampleFloodVoxelizer: number of samples: 279
GWNSampleFloodVoxelizer: samples evaluated
GWNSampleFloodVoxelizer: adaptive threshold = 0.498039
GWNSampleFloodVoxelizer: flooding complete
Voxelization: solid angle evaluations per voxel: 0.744852

GWNSampleFloodVoxelizer::voxelize:
	8 trials
	total = 7.32951 s
	mean  = 0.916188 s
	var   = 0.0071058 s^2, std = 0.0842959 s
	min   = 0.754912 s
	max   = 1.04228 s

GWNSampleFloodVoxelizer::initIndicator:
	8 trials
	total = 1.13885 s
	mean  = 0.142356 s
	var   = 0.00103097 s^2, std = 0.0321088 s
	min   = 0.097136 s
	max   = 0.179428 s

GWNSampleFloodVoxelizer::selectSamples:
	8 trials
	total = 0.684909 s
	mean  = 0.0856136 s
	var   = 2.76787e-005 s^2, std = 0.00526105 s
	min   = 0.079273 s
	max   = 0.097775 s

GWNSampleFloodVoxelizer::evaluateSamples:
	8 trials
	total = 1.47217 s
	mean  = 0.184021 s
	var   = 0.00445512 s^2, std = 0.0667467 s
	min   = 0.069031 s
	max   = 0.30049 s

GWNSampleFloodVoxelizer::flood:
	8 trials
	total = 3.70367 s
	mean  = 0.462959 s
	var   = 7.44113e-005 s^2, std = 0.0086262 s
	min   = 0.450713 s
	max   = 0.472787 s


PrintJobVoxelizer: finalizing surfaces
PrintJobVoxelizer: 1011469 surface voxels
PrintJobVoxelizer: getting output subset
PrintJobVoxelizer: updating slice indices
TonalValueCalculator:  runs 14:21:22
slices [349, 399):
	channel 0: occupancy (dense)
	channel 1: opticalFeature (sparse)

SurfaceDistanceOrderedTransfer:  runs 14:21:22
slices [323, 399):
	channel 0: occupancy (dense)
	channel 1: surfaceDist (dense)

SurfaceDistanceOrderedTransfer: 323 349 373
LayerExtractor:  runs 14:21:22
slices [321, 373):
	channel 0: occupancy (dense)
	channel 1: surfaceDist (dense)
	channel 2: layer_000 (sparse)
	channel 3: layer_001 (sparse)
	channel 4: layer_002 (sparse)
	channel 5: layer_003 (sparse)
	channel 6: layer_004 (sparse)
	channel 7: layer_005 (sparse)
	channel 8: layer_006 (sparse)
	channel 9: layer_007 (sparse)

TonalLinearizer:  runs 14:21:23
slices [322, 372):
	channel 0: occupancy (dense)
	channel 1: surfaceDist (dense)
	channel 2: layer_000 (sparse)
	channel 3: layer_001 (sparse)
	channel 4: layer_002 (sparse)
	channel 5: layer_003 (sparse)
	channel 6: layer_004 (sparse)
	channel 7: layer_005 (sparse)
	channel 8: layer_006 (sparse)
	channel 9: layer_007 (sparse)

VectorLayerHalftoner: VectorLayerHalftoner error: no tonal values available

VectorLayerHalftoner:  runs 14:21:23
slices [310, 372):
	channel 0: occupancy (dense)
	channel 1: surfaceDist (dense)
	channel 2: layer_000 (sparse)
	channel 3: layer_001 (sparse)
	channel 4: layer_002 (sparse)
	channel 5: layer_003 (sparse)
	channel 6: layer_004 (sparse)
	channel 7: layer_005 (sparse)
	channel 8: layer_006 (sparse)
	channel 9: layer_007 (sparse)
	channel 10: intermedTonal_0 (sparse)
	channel 11: intermedTonal_1 (sparse)
	channel 12: intermedTonal_2 (sparse)
	channel 13: intermedTonal_3 (sparse)
	channel 14: intermedTonal_4 (sparse)
	channel 15: intermedTonal_5 (sparse)
	channel 16: intermedTonal_6 (sparse)
	channel 17: intermedTonal_7 (sparse)
	channel 18: quantizedTonal (sparse)
	channel 19: errorDiffInfo2 (sparse)
	channel 20: distanceToEmpty (sparse)
	channel 21: errorDiffInfo3 (sparse)
	channel 22: errorDiffInfo4 (sparse)
	channel 23: errorDiffInfo5 (sparse)
	channel 24: errorDiffInfo6 (sparse)
	channel 25: errorDiffInfo7 (sparse)
	channel 26: errorDiffInfo8 (sparse)
	channel 27: errorDiffInfo9 (sparse)

SlaveReporter:  runs 14:21:26
slices [310, 360):
	channel 0: material (dense)
	channel 1: occupancy (dense)

SlaveReporter::runInternal
PrintJobVoxelizer:  runs 14:21:30

PrintJobVoxelizer: setting up slices
PrintJobVoxelizer: rasterizing objects
PrintJobVoxelizer: creating rasterizer
PrintJobVoxelizer: rasterizing object 1
Rasterizer::rasterize:
	9 trials
	total = 5.21124 s
	mean  = 0.579026 s
	var   = 0.0239952 s^2, std = 0.154904 s
	min   = 0.198715 s
	max   = 0.76233 s


PrintJobVoxelizer: voxelizing objects
Object 1 ROI: [0 0 0] --> [946 303 50]
GWNSampleFloodVoxelizer: number of samples: 271
GWNSampleFloodVoxelizer: samples evaluated
GWNSampleFloodVoxelizer: adaptive threshold = 0.498039
GWNSampleFloodVoxelizer: flooding complete
Voxelization: solid angle evaluations per voxel: 0.776759

GWNSampleFloodVoxelizer::voxelize:
	9 trials
	total = 8.22437 s
	mean  = 0.913819 s
	var   = 0.00626809 s^2, std = 0.0791713 s
	min   = 0.754912 s
	max   = 1.04228 s

GWNSampleFloodVoxelizer::initIndicator:
	9 trials
	total = 1.31726 s
	mean  = 0.146363 s
	var   = 0.00104657 s^2, std = 0.0323508 s
	min   = 0.097136 s
	max   = 0.179428 s

GWNSampleFloodVoxelizer::selectSamples:
	9 trials
	total = 0.769566 s
	mean  = 0.0855073 s
	var   = 2.43205e-005 s^2, std = 0.00493159 s
	min   = 0.079273 s
	max   = 0.097775 s

GWNSampleFloodVoxelizer::evaluateSamples:
	9 trials
	total = 1.62176 s
	mean  = 0.180195 s
	var   = 0.00402997 s^2, std = 0.0634821 s
	min   = 0.069031 s
	max   = 0.30049 s

GWNSampleFloodVoxelizer::flood:
	9 trials
	total = 4.16289 s
	mean  = 0.462543 s
	var   = 6.66647e-005 s^2, std = 0.00816484 s
	min   = 0.450713 s
	max   = 0.472787 s


PrintJobVoxelizer: finalizing surfaces
PrintJobVoxelizer: 1155965 surface voxels
PrintJobVoxelizer: getting output subset
PrintJobVoxelizer: updating slice indices
TonalValueCalculator:  runs 14:21:32
slices [399, 449):
	channel 0: occupancy (dense)
	channel 1: opticalFeature (sparse)

SurfaceDistanceOrderedTransfer:  runs 14:21:32
slices [373, 449):
	channel 0: occupancy (dense)
	channel 1: surfaceDist (dense)

SurfaceDistanceOrderedTransfer: 373 399 423
LayerExtractor:  runs 14:21:32
slices [371, 423):
	channel 0: occupancy (dense)
	channel 1: surfaceDist (dense)
	channel 2: layer_000 (sparse)
	channel 3: layer_001 (sparse)
	channel 4: layer_002 (sparse)
	channel 5: layer_003 (sparse)
	channel 6: layer_004 (sparse)
	channel 7: layer_005 (sparse)
	channel 8: layer_006 (sparse)
	channel 9: layer_007 (sparse)

TonalLinearizer:  runs 14:21:33
slices [372, 422):
	channel 0: occupancy (dense)
	channel 1: surfaceDist (dense)
	channel 2: layer_000 (sparse)
	channel 3: layer_001 (sparse)
	channel 4: layer_002 (sparse)
	channel 5: layer_003 (sparse)
	channel 6: layer_004 (sparse)
	channel 7: layer_005 (sparse)
	channel 8: layer_006 (sparse)
	channel 9: layer_007 (sparse)

VectorLayerHalftoner: VectorLayerHalftoner error: no tonal values available

VectorLayerHalftoner:  runs 14:21:33
slices [360, 422):
	channel 0: occupancy (dense)
	channel 1: surfaceDist (dense)
	channel 2: layer_000 (sparse)
	channel 3: layer_001 (sparse)
	channel 4: layer_002 (sparse)
	channel 5: layer_003 (sparse)
	channel 6: layer_004 (sparse)
	channel 7: layer_005 (sparse)
	channel 8: layer_006 (sparse)
	channel 9: layer_007 (sparse)
	channel 10: intermedTonal_0 (sparse)
	channel 11: intermedTonal_1 (sparse)
	channel 12: intermedTonal_2 (sparse)
	channel 13: intermedTonal_3 (sparse)
	channel 14: intermedTonal_4 (sparse)
	channel 15: intermedTonal_5 (sparse)
	channel 16: intermedTonal_6 (sparse)
	channel 17: intermedTonal_7 (sparse)
	channel 18: quantizedTonal (sparse)
	channel 19: errorDiffInfo2 (sparse)
	channel 20: distanceToEmpty (sparse)
	channel 21: errorDiffInfo3 (sparse)
	channel 22: errorDiffInfo4 (sparse)
	channel 23: errorDiffInfo5 (sparse)
	channel 24: errorDiffInfo6 (sparse)
	channel 25: errorDiffInfo7 (sparse)
	channel 26: errorDiffInfo8 (sparse)
	channel 27: errorDiffInfo9 (sparse)

SlaveReporter:  runs 14:21:36
slices [360, 410):
	channel 0: material (dense)
	channel 1: occupancy (dense)

SlaveReporter::runInternal
PrintJobVoxelizer:  runs 14:21:40

PrintJobVoxelizer: setting up slices
PrintJobVoxelizer: rasterizing objects
PrintJobVoxelizer: creating rasterizer
PrintJobVoxelizer: rasterizing object 1
Rasterizer::rasterize:
	10 trials
	total = 5.80071 s
	mean  = 0.580071 s
	var   = 0.02134 s^2, std = 0.146082 s
	min   = 0.198715 s
	max   = 0.76233 s


PrintJobVoxelizer: voxelizing objects
Object 1 ROI: [0 0 0] --> [946 303 50]
GWNSampleFloodVoxelizer: number of samples: 274
GWNSampleFloodVoxelizer: samples evaluated
GWNSampleFloodVoxelizer: adaptive threshold = 0.498039
GWNSampleFloodVoxelizer: flooding complete
Voxelization: solid angle evaluations per voxel: 0.73046

GWNSampleFloodVoxelizer::voxelize:
	10 trials
	total = 9.11175 s
	mean  = 0.911175 s
	var   = 0.00564154 s^2, std = 0.0751102 s
	min   = 0.754912 s
	max   = 1.04228 s

GWNSampleFloodVoxelizer::initIndicator:
	10 trials
	total = 1.48165 s
	mean  = 0.148165 s
	var   = 0.000962761 s^2, std = 0.0310284 s
	min   = 0.097136 s
	max   = 0.179428 s

GWNSampleFloodVoxelizer::selectSamples:
	10 trials
	total = 0.854224 s
	mean  = 0.0854224 s
	var   = 2.16904e-005 s^2, std = 0.00465729 s
	min   = 0.079273 s
	max   = 0.097775 s

GWNSampleFloodVoxelizer::evaluateSamples:
	10 trials
	total = 1.77143 s
	mean  = 0.177143 s
	var   = 0.00367536 s^2, std = 0.0606247 s
	min   = 0.069031 s
	max   = 0.30049 s

GWNSampleFloodVoxelizer::flood:
	10 trials
	total = 4.63065 s
	mean  = 0.463065 s
	var   = 6.1977e-005 s^2, std = 0.00787255 s
	min   = 0.450713 s
	max   = 0.472787 s


PrintJobVoxelizer: finalizing surfaces
PrintJobVoxelizer: 1293947 surface voxels
PrintJobVoxelizer: getting output subset
PrintJobVoxelizer: updating slice indices
TonalValueCalculator:  runs 14:21:41
slices [449, 499):
	channel 0: occupancy (dense)
	channel 1: opticalFeature (sparse)

SurfaceDistanceOrderedTransfer:  runs 14:21:41
slices [423, 499):
	channel 0: occupancy (dense)
	channel 1: surfaceDist (dense)

SurfaceDistanceOrderedTransfer: 423 449 473
LayerExtractor:  runs 14:21:42
slices [421, 473):
	channel 0: occupancy (dense)
	channel 1: surfaceDist (dense)
	channel 2: layer_000 (sparse)
	channel 3: layer_001 (sparse)
	channel 4: layer_002 (sparse)
	channel 5: layer_003 (sparse)
	channel 6: layer_004 (sparse)
	channel 7: layer_005 (sparse)
	channel 8: layer_006 (sparse)
	channel 9: layer_007 (sparse)

TonalLinearizer:  runs 14:21:42
slices [422, 472):
	channel 0: occupancy (dense)
	channel 1: surfaceDist (dense)
	channel 2: layer_000 (sparse)
	channel 3: layer_001 (sparse)
	channel 4: layer_002 (sparse)
	channel 5: layer_003 (sparse)
	channel 6: layer_004 (sparse)
	channel 7: layer_005 (sparse)
	channel 8: layer_006 (sparse)
	channel 9: layer_007 (sparse)

VectorLayerHalftoner: VectorLayerHalftoner error: no tonal values available

VectorLayerHalftoner:  runs 14:21:42
slices [410, 472):
	channel 0: occupancy (dense)
	channel 1: surfaceDist (dense)
	channel 2: layer_000 (sparse)
	channel 3: layer_001 (sparse)
	channel 4: layer_002 (sparse)
	channel 5: layer_003 (sparse)
	channel 6: layer_004 (sparse)
	channel 7: layer_005 (sparse)
	channel 8: layer_006 (sparse)
	channel 9: layer_007 (sparse)
	channel 10: intermedTonal_0 (sparse)
	channel 11: intermedTonal_1 (sparse)
	channel 12: intermedTonal_2 (sparse)
	channel 13: intermedTonal_3 (sparse)
	channel 14: intermedTonal_4 (sparse)
	channel 15: intermedTonal_5 (sparse)
	channel 16: intermedTonal_6 (sparse)
	channel 17: intermedTonal_7 (sparse)
	channel 18: quantizedTonal (sparse)
	channel 19: errorDiffInfo2 (sparse)
	channel 20: distanceToEmpty (sparse)
	channel 21: errorDiffInfo3 (sparse)
	channel 22: errorDiffInfo4 (sparse)
	channel 23: errorDiffInfo5 (sparse)
	channel 24: errorDiffInfo6 (sparse)
	channel 25: errorDiffInfo7 (sparse)
	channel 26: errorDiffInfo8 (sparse)
	channel 27: errorDiffInfo9 (sparse)

SlaveReporter:  runs 14:21:45
slices [410, 460):
	channel 0: material (dense)
	channel 1: occupancy (dense)

SlaveReporter::runInternal
PrintJobVoxelizer:  runs 14:21:50

PrintJobVoxelizer: setting up slices
PrintJobVoxelizer: rasterizing objects
PrintJobVoxelizer: creating rasterizer
PrintJobVoxelizer: rasterizing object 1
Rasterizer::rasterize:
	11 trials
	total = 6.37905 s
	mean  = 0.579914 s
	var   = 0.0192063 s^2, std = 0.138587 s
	min   = 0.198715 s
	max   = 0.76233 s


PrintJobVoxelizer: voxelizing objects
Object 1 ROI: [0 0 0] --> [946 303 50]
GWNSampleFloodVoxelizer: number of samples: 293
GWNSampleFloodVoxelizer: samples evaluated
GWNSampleFloodVoxelizer: adaptive threshold = 0.498039
GWNSampleFloodVoxelizer: flooding complete
Voxelization: solid angle evaluations per voxel: 0.846212

GWNSampleFloodVoxelizer::voxelize:
	11 trials
	total = 9.95381 s
	mean  = 0.904892 s
	var   = 0.00551165 s^2, std = 0.0742405 s
	min   = 0.754912 s
	max   = 1.04228 s

GWNSampleFloodVoxelizer::initIndicator:
	11 trials
	total = 1.59036 s
	mean  = 0.144578 s
	var   = 0.00100801 s^2, std = 0.0317491 s
	min   = 0.097136 s
	max   = 0.179428 s

GWNSampleFloodVoxelizer::selectSamples:
	11 trials
	total = 0.933407 s
	mean  = 0.0848552 s
	var   = 2.30604e-005 s^2, std = 0.00480213 s
	min   = 0.079183 s
	max   = 0.097775 s

GWNSampleFloodVoxelizer::evaluateSamples:
	11 trials
	total = 1.94399 s
	mean  = 0.176727 s
	var   = 0.00330973 s^2, std = 0.0575302 s
	min   = 0.069031 s
	max   = 0.30049 s

GWNSampleFloodVoxelizer::flood:
	11 trials
	total = 5.09089 s
	mean  = 0.462808 s
	var   = 5.65051e-005 s^2, std = 0.00751699 s
	min   = 0.450713 s
	max   = 0.472787 s


PrintJobVoxelizer: finalizing surfaces
PrintJobVoxelizer: 1432715 surface voxels
PrintJobVoxelizer: getting output subset
PrintJobVoxelizer: updating slice indices
TonalValueCalculator:  runs 14:21:51
slices [499, 549):
	channel 0: occupancy (dense)
	channel 1: opticalFeature (sparse)

SurfaceDistanceOrderedTransfer:  runs 14:21:51
slices [473, 549):
	channel 0: occupancy (dense)
	channel 1: surfaceDist (dense)

SurfaceDistanceOrderedTransfer: 473 499 523
LayerExtractor:  runs 14:21:52
slices [471, 523):
	channel 0: occupancy (dense)
	channel 1: surfaceDist (dense)
	channel 2: layer_000 (sparse)
	channel 3: layer_001 (sparse)
	channel 4: layer_002 (sparse)
	channel 5: layer_003 (sparse)
	channel 6: layer_004 (sparse)
	channel 7: layer_005 (sparse)
	channel 8: layer_006 (sparse)
	channel 9: layer_007 (sparse)

TonalLinearizer:  runs 14:21:52
slices [472, 522):
	channel 0: occupancy (dense)
	channel 1: surfaceDist (dense)
	channel 2: layer_000 (sparse)
	channel 3: layer_001 (sparse)
	channel 4: layer_002 (sparse)
	channel 5: layer_003 (sparse)
	channel 6: layer_004 (sparse)
	channel 7: layer_005 (sparse)
	channel 8: layer_006 (sparse)
	channel 9: layer_007 (sparse)

VectorLayerHalftoner: VectorLayerHalftoner error: no tonal values available

VectorLayerHalftoner:  runs 14:21:52
slices [460, 522):
	channel 0: occupancy (dense)
	channel 1: surfaceDist (dense)
	channel 2: layer_000 (sparse)
	channel 3: layer_001 (sparse)
	channel 4: layer_002 (sparse)
	channel 5: layer_003 (sparse)
	channel 6: layer_004 (sparse)
	channel 7: layer_005 (sparse)
	channel 8: layer_006 (sparse)
	channel 9: layer_007 (sparse)
	channel 10: intermedTonal_0 (sparse)
	channel 11: intermedTonal_1 (sparse)
	channel 12: intermedTonal_2 (sparse)
	channel 13: intermedTonal_3 (sparse)
	channel 14: intermedTonal_4 (sparse)
	channel 15: intermedTonal_5 (sparse)
	channel 16: intermedTonal_6 (sparse)
	channel 17: intermedTonal_7 (sparse)
	channel 18: quantizedTonal (sparse)
	channel 19: errorDiffInfo2 (sparse)
	channel 20: distanceToEmpty (sparse)
	channel 21: errorDiffInfo3 (sparse)
	channel 22: errorDiffInfo4 (sparse)
	channel 23: errorDiffInfo5 (sparse)
	channel 24: errorDiffInfo6 (sparse)
	channel 25: errorDiffInfo7 (sparse)
	channel 26: errorDiffInfo8 (sparse)
	channel 27: errorDiffInfo9 (sparse)

SlaveReporter:  runs 14:21:55
slices [460, 510):
	channel 0: material (dense)
	channel 1: occupancy (dense)

SlaveReporter::runInternal
PrintJobVoxelizer:  runs 14:22:1

PrintJobVoxelizer: setting up slices
PrintJobVoxelizer: rasterizing objects
PrintJobVoxelizer: creating rasterizer
PrintJobVoxelizer: rasterizing object 1
Rasterizer::rasterize:
	12 trials
	total = 7.01139 s
	mean  = 0.584282 s
	var   = 0.0176892 s^2, std = 0.133001 s
	min   = 0.198715 s
	max   = 0.76233 s


PrintJobVoxelizer: voxelizing objects
Object 1 ROI: [0 0 0] --> [946 303 50]
GWNSampleFloodVoxelizer: number of samples: 331
GWNSampleFloodVoxelizer: samples evaluated
GWNSampleFloodVoxelizer: adaptive threshold = 0.498039
GWNSampleFloodVoxelizer: flooding complete
Voxelization: solid angle evaluations per voxel: 0.967426

GWNSampleFloodVoxelizer::voxelize:
	12 trials
	total = 10.8891 s
	mean  = 0.907423 s
	var   = 0.00508743 s^2, std = 0.0713262 s
	min   = 0.754912 s
	max   = 1.04228 s

GWNSampleFloodVoxelizer::initIndicator:
	12 trials
	total = 1.73691 s
	mean  = 0.144742 s
	var   = 0.000916696 s^2, std = 0.030277 s
	min   = 0.097136 s
	max   = 0.179428 s

GWNSampleFloodVoxelizer::selectSamples:
	12 trials
	total = 1.03367 s
	mean  = 0.0861395 s
	var   = 4.07577e-005 s^2, std = 0.00638418 s
	min   = 0.079183 s
	max   = 0.100267 s

GWNSampleFloodVoxelizer::evaluateSamples:
	12 trials
	total = 2.1285 s
	mean  = 0.177375 s
	var   = 0.00301389 s^2, std = 0.0548989 s
	min   = 0.069031 s
	max   = 0.30049 s

GWNSampleFloodVoxelizer::flood:
	12 trials
	total = 5.55812 s
	mean  = 0.463177 s
	var   = 5.30039e-005 s^2, std = 0.00728038 s
	min   = 0.450713 s
	max   = 0.472787 s


PrintJobVoxelizer: finalizing surfaces
PrintJobVoxelizer: 1573649 surface voxels
PrintJobVoxelizer: getting output subset
PrintJobVoxelizer: updating slice indices
TonalValueCalculator:  runs 14:22:3
slices [549, 599):
	channel 0: occupancy (dense)
	channel 1: opticalFeature (sparse)

SurfaceDistanceOrderedTransfer:  runs 14:22:3
slices [523, 599):
	channel 0: occupancy (dense)
	channel 1: surfaceDist (dense)

SurfaceDistanceOrderedTransfer: 523 549 573
LayerExtractor:  runs 14:22:4
slices [521, 573):
	channel 0: occupancy (dense)
	channel 1: surfaceDist (dense)
	channel 2: layer_000 (sparse)
	channel 3: layer_001 (sparse)
	channel 4: layer_002 (sparse)
	channel 5: layer_003 (sparse)
	channel 6: layer_004 (sparse)
	channel 7: layer_005 (sparse)
	channel 8: layer_006 (sparse)
	channel 9: layer_007 (sparse)

TonalLinearizer:  runs 14:22:5
slices [522, 572):
	channel 0: occupancy (dense)
	channel 1: surfaceDist (dense)
	channel 2: layer_000 (sparse)
	channel 3: layer_001 (sparse)
	channel 4: layer_002 (sparse)
	channel 5: layer_003 (sparse)
	channel 6: layer_004 (sparse)
	channel 7: layer_005 (sparse)
	channel 8: layer_006 (sparse)
	channel 9: layer_007 (sparse)

VectorLayerHalftoner: VectorLayerHalftoner error: no tonal values available

VectorLayerHalftoner:  runs 14:22:5
slices [510, 572):
	channel 0: occupancy (dense)
	channel 1: surfaceDist (dense)
	channel 2: layer_000 (sparse)
	channel 3: layer_001 (sparse)
	channel 4: layer_002 (sparse)
	channel 5: layer_003 (sparse)
	channel 6: layer_004 (sparse)
	channel 7: layer_005 (sparse)
	channel 8: layer_006 (sparse)
	channel 9: layer_007 (sparse)
	channel 10: intermedTonal_0 (sparse)
	channel 11: intermedTonal_1 (sparse)
	channel 12: intermedTonal_2 (sparse)
	channel 13: intermedTonal_3 (sparse)
	channel 14: intermedTonal_4 (sparse)
	channel 15: intermedTonal_5 (sparse)
	channel 16: intermedTonal_6 (sparse)
	channel 17: intermedTonal_7 (sparse)
	channel 18: quantizedTonal (sparse)
	channel 19: errorDiffInfo2 (sparse)
	channel 20: distanceToEmpty (sparse)
	channel 21: errorDiffInfo3 (sparse)
	channel 22: errorDiffInfo4 (sparse)
	channel 23: errorDiffInfo5 (sparse)
	channel 24: errorDiffInfo6 (sparse)
	channel 25: errorDiffInfo7 (sparse)
	channel 26: errorDiffInfo8 (sparse)
	channel 27: errorDiffInfo9 (sparse)

SlaveReporter:  runs 14:22:7
slices [510, 560):
	channel 0: material (dense)
	channel 1: occupancy (dense)

SlaveReporter::runInternal
PrintJobVoxelizer:  runs 14:22:12

PrintJobVoxelizer: setting up slices
PrintJobVoxelizer: rasterizing objects
PrintJobVoxelizer: creating rasterizer
PrintJobVoxelizer: rasterizing object 1
Rasterizer::rasterize:
	13 trials
	total = 7.71213 s
	mean  = 0.593241 s
	var   = 0.0172585 s^2, std = 0.131372 s
	min   = 0.198715 s
	max   = 0.76233 s


PrintJobVoxelizer: voxelizing objects
Object 1 ROI: [0 0 0] --> [946 303 50]
GWNSampleFloodVoxelizer: number of samples: 392
GWNSampleFloodVoxelizer: samples evaluated
GWNSampleFloodVoxelizer: adaptive threshold = 0.498039
GWNSampleFloodVoxelizer: flooding complete
Voxelization: solid angle evaluations per voxel: 1.41307

GWNSampleFloodVoxelizer::voxelize:
	13 trials
	total = 11.9206 s
	mean  = 0.916966 s
	var   = 0.00584744 s^2, std = 0.0764685 s
	min   = 0.754912 s
	max   = 1.04228 s

GWNSampleFloodVoxelizer::initIndicator:
	13 trials
	total = 1.87296 s
	mean  = 0.144074 s
	var   = 0.000846121 s^2, std = 0.0290882 s
	min   = 0.097136 s
	max   = 0.179428 s

GWNSampleFloodVoxelizer::selectSamples:
	13 trials
	total = 1.11365 s
	mean  = 0.0856653 s
	var   = 4.02844e-005 s^2, std = 0.006347 s
	min   = 0.079183 s
	max   = 0.100267 s

GWNSampleFloodVoxelizer::evaluateSamples:
	13 trials
	total = 2.4159 s
	mean  = 0.185838 s
	var   = 0.00369393 s^2, std = 0.0607777 s
	min   = 0.069031 s
	max   = 0.30049 s

GWNSampleFloodVoxelizer::flood:
	13 trials
	total = 6.0409 s
	mean  = 0.464685 s
	var   = 7.8147e-005 s^2, std = 0.00884008 s
	min   = 0.450713 s
	max   = 0.48278 s


PrintJobVoxelizer: finalizing surfaces
PrintJobVoxelizer: 1728964 surface voxels
PrintJobVoxelizer: getting output subset
PrintJobVoxelizer: updating slice indices
TonalValueCalculator:  runs 14:22:14
slices [599, 649):
	channel 0: occupancy (dense)
	channel 1: opticalFeature (sparse)

SurfaceDistanceOrderedTransfer:  runs 14:22:14
slices [573, 649):
	channel 0: occupancy (dense)
	channel 1: surfaceDist (dense)

SurfaceDistanceOrderedTransfer: 573 599 623
LayerExtractor:  runs 14:22:15
slices [571, 623):
	channel 0: occupancy (dense)
	channel 1: surfaceDist (dense)
	channel 2: layer_000 (sparse)
	channel 3: layer_001 (sparse)
	channel 4: layer_002 (sparse)
	channel 5: layer_003 (sparse)
	channel 6: layer_004 (sparse)
	channel 7: layer_005 (sparse)
	channel 8: layer_006 (sparse)
	channel 9: layer_007 (sparse)

TonalLinearizer:  runs 14:22:15
slices [572, 622):
	channel 0: occupancy (dense)
	channel 1: surfaceDist (dense)
	channel 2: layer_000 (sparse)
	channel 3: layer_001 (sparse)
	channel 4: layer_002 (sparse)
	channel 5: layer_003 (sparse)
	channel 6: layer_004 (sparse)
	channel 7: layer_005 (sparse)
	channel 8: layer_006 (sparse)
	channel 9: layer_007 (sparse)

VectorLayerHalftoner: VectorLayerHalftoner error: no tonal values available

VectorLayerHalftoner:  runs 14:22:16
slices [560, 622):
	channel 0: occupancy (dense)
	channel 1: surfaceDist (dense)
	channel 2: layer_000 (sparse)
	channel 3: layer_001 (sparse)
	channel 4: layer_002 (sparse)
	channel 5: layer_003 (sparse)
	channel 6: layer_004 (sparse)
	channel 7: layer_005 (sparse)
	channel 8: layer_006 (sparse)
	channel 9: layer_007 (sparse)
	channel 10: intermedTonal_0 (sparse)
	channel 11: intermedTonal_1 (sparse)
	channel 12: intermedTonal_2 (sparse)
	channel 13: intermedTonal_3 (sparse)
	channel 14: intermedTonal_4 (sparse)
	channel 15: intermedTonal_5 (sparse)
	channel 16: intermedTonal_6 (sparse)
	channel 17: intermedTonal_7 (sparse)
	channel 18: quantizedTonal (sparse)
	channel 19: errorDiffInfo2 (sparse)
	channel 20: distanceToEmpty (sparse)
	channel 21: errorDiffInfo3 (sparse)
	channel 22: errorDiffInfo4 (sparse)
	channel 23: errorDiffInfo5 (sparse)
	channel 24: errorDiffInfo6 (sparse)
	channel 25: errorDiffInfo7 (sparse)
	channel 26: errorDiffInfo8 (sparse)
	channel 27: errorDiffInfo9 (sparse)

SlaveReporter:  runs 14:22:18
slices [560, 610):
	channel 0: material (dense)
	channel 1: occupancy (dense)

SlaveReporter::runInternal
PrintJobVoxelizer:  runs 14:22:25

PrintJobVoxelizer: setting up slices
PrintJobVoxelizer: rasterizing objects
PrintJobVoxelizer: creating rasterizer
PrintJobVoxelizer: rasterizing object 1
Rasterizer::rasterize:
	14 trials
	total = 8.33143 s
	mean  = 0.595102 s
	var   = 0.0159794 s^2, std = 0.12641 s
	min   = 0.198715 s
	max   = 0.76233 s


PrintJobVoxelizer: voxelizing objects
Object 1 ROI: [0 0 0] --> [946 303 50]
GWNSampleFloodVoxelizer: number of samples: 353
GWNSampleFloodVoxelizer: samples evaluated
GWNSampleFloodVoxelizer: adaptive threshold = 0.498039
GWNSampleFloodVoxelizer: flooding complete
Voxelization: solid angle evaluations per voxel: 1.11441

GWNSampleFloodVoxelizer::voxelize:
	14 trials
	total = 12.8395 s
	mean  = 0.917108 s
	var   = 0.00539792 s^2, std = 0.0734705 s
	min   = 0.754912 s
	max   = 1.04228 s

GWNSampleFloodVoxelizer::initIndicator:
	14 trials
	total = 1.99647 s
	mean  = 0.142605 s
	var   = 0.000811222 s^2, std = 0.028482 s
	min   = 0.097136 s
	max   = 0.179428 s

GWNSampleFloodVoxelizer::selectSamples:
	14 trials
	total = 1.19831 s
	mean  = 0.0855936 s
	var   = 3.72575e-005 s^2, std = 0.00610389 s
	min   = 0.079183 s
	max   = 0.100267 s

GWNSampleFloodVoxelizer::evaluateSamples:
	14 trials
	total = 2.63702 s
	mean  = 0.188358 s
	var   = 0.00349868 s^2, std = 0.0591496 s
	min   = 0.069031 s
	max   = 0.30049 s

GWNSampleFloodVoxelizer::flood:
	14 trials
	total = 6.51216 s
	mean  = 0.465154 s
	var   = 7.52237e-005 s^2, std = 0.00867316 s
	min   = 0.450713 s
	max   = 0.48278 s


PrintJobVoxelizer: finalizing surfaces
PrintJobVoxelizer: 1850901 surface voxels
PrintJobVoxelizer: getting output subset
PrintJobVoxelizer: updating slice indices
TonalValueCalculator:  runs 14:22:27
slices [649, 699):
	channel 0: occupancy (dense)
	channel 1: opticalFeature (sparse)

SurfaceDistanceOrderedTransfer:  runs 14:22:27
slices [623, 699):
	channel 0: occupancy (dense)
	channel 1: surfaceDist (dense)

SurfaceDistanceOrderedTransfer: 623 649 673
LayerExtractor:  runs 14:22:27
slices [621, 673):
	channel 0: occupancy (dense)
	channel 1: surfaceDist (dense)
	channel 2: layer_000 (sparse)
	channel 3: layer_001 (sparse)
	channel 4: layer_002 (sparse)
	channel 5: layer_003 (sparse)
	channel 6: layer_004 (sparse)
	channel 7: layer_005 (sparse)
	channel 8: layer_006 (sparse)
	channel 9: layer_007 (sparse)

TonalLinearizer:  runs 14:22:28
slices [622, 672):
	channel 0: occupancy (dense)
	channel 1: surfaceDist (dense)
	channel 2: layer_000 (sparse)
	channel 3: layer_001 (sparse)
	channel 4: layer_002 (sparse)
	channel 5: layer_003 (sparse)
	channel 6: layer_004 (sparse)
	channel 7: layer_005 (sparse)
	channel 8: layer_006 (sparse)
	channel 9: layer_007 (sparse)

VectorLayerHalftoner: VectorLayerHalftoner error: no tonal values available

VectorLayerHalftoner:  runs 14:22:28
slices [610, 672):
	channel 0: occupancy (dense)
	channel 1: surfaceDist (dense)
	channel 2: layer_000 (sparse)
	channel 3: layer_001 (sparse)
	channel 4: layer_002 (sparse)
	channel 5: layer_003 (sparse)
	channel 6: layer_004 (sparse)
	channel 7: layer_005 (sparse)
	channel 8: layer_006 (sparse)
	channel 9: layer_007 (sparse)
	channel 10: intermedTonal_0 (sparse)
	channel 11: intermedTonal_1 (sparse)
	channel 12: intermedTonal_2 (sparse)
	channel 13: intermedTonal_3 (sparse)
	channel 14: intermedTonal_4 (sparse)
	channel 15: intermedTonal_5 (sparse)
	channel 16: intermedTonal_6 (sparse)
	channel 17: intermedTonal_7 (sparse)
	channel 18: quantizedTonal (sparse)
	channel 19: errorDiffInfo2 (sparse)
	channel 20: distanceToEmpty (sparse)
	channel 21: errorDiffInfo3 (sparse)
	channel 22: errorDiffInfo4 (sparse)
	channel 23: errorDiffInfo5 (sparse)
	channel 24: errorDiffInfo6 (sparse)
	channel 25: errorDiffInfo7 (sparse)
	channel 26: errorDiffInfo8 (sparse)
	channel 27: errorDiffInfo9 (sparse)

SlaveReporter:  runs 14:22:30
slices [610, 660):
	channel 0: material (dense)
	channel 1: occupancy (dense)

SlaveReporter::runInternal
PrintJobVoxelizer:  runs 14:22:35

PrintJobVoxelizer: setting up slices
PrintJobVoxelizer: rasterizing objects
PrintJobVoxelizer: creating rasterizer
PrintJobVoxelizer: rasterizing object 1
Rasterizer::rasterize:
	15 trials
	total = 8.61671 s
	mean  = 0.574447 s
	var   = 0.0212373 s^2, std = 0.14573 s
	min   = 0.198715 s
	max   = 0.76233 s


PrintJobVoxelizer: voxelizing objects
Object 1 ROI: [0 0 0] --> [946 303 50]
GWNSampleFloodVoxelizer: number of samples: 226
GWNSampleFloodVoxelizer: samples evaluated
GWNSampleFloodVoxelizer: adaptive threshold = 0.498039
GWNSampleFloodVoxelizer: flooding complete
Voxelization: solid angle evaluations per voxel: 0.46133

GWNSampleFloodVoxelizer::voxelize:
	15 trials
	total = 13.6435 s
	mean  = 0.909566 s
	var   = 0.00586555 s^2, std = 0.0765869 s
	min   = 0.754912 s
	max   = 1.04228 s

GWNSampleFloodVoxelizer::initIndicator:
	15 trials
	total = 2.13352 s
	mean  = 0.142235 s
	var   = 0.000755338 s^2, std = 0.0274834 s
	min   = 0.097136 s
	max   = 0.179428 s

GWNSampleFloodVoxelizer::selectSamples:
	15 trials
	total = 1.28297 s
	mean  = 0.0855311 s
	var   = 3.46549e-005 s^2, std = 0.00588684 s
	min   = 0.079183 s
	max   = 0.100267 s

GWNSampleFloodVoxelizer::evaluateSamples:
	15 trials
	total = 2.72167 s
	mean  = 0.181445 s
	var   = 0.00396575 s^2, std = 0.0629742 s
	min   = 0.069031 s
	max   = 0.30049 s

GWNSampleFloodVoxelizer::flood:
	15 trials
	total = 6.99297 s
	mean  = 0.466198 s
	var   = 8.6184e-005 s^2, std = 0.00928353 s
	min   = 0.450713 s
	max   = 0.48278 s


PrintJobVoxelizer: finalizing surfaces
PrintJobVoxelizer: 1893763 surface voxels
PrintJobVoxelizer: getting output subset
PrintJobVoxelizer: updating slice indices
TonalValueCalculator:  runs 14:22:37
slices [699, 749):
	channel 0: occupancy (dense)
	channel 1: opticalFeature (sparse)

SurfaceDistanceOrderedTransfer:  runs 14:22:37
slices [673, 749):
	channel 0: occupancy (dense)
	channel 1: surfaceDist (dense)

SurfaceDistanceOrderedTransfer: 673 699 723
LayerExtractor:  runs 14:22:37
slices [671, 723):
	channel 0: occupancy (dense)
	channel 1: surfaceDist (dense)
	channel 2: layer_000 (sparse)
	channel 3: layer_001 (sparse)
	channel 4: layer_002 (sparse)
	channel 5: layer_003 (sparse)
	channel 6: layer_004 (sparse)
	channel 7: layer_005 (sparse)
	channel 8: layer_006 (sparse)
	channel 9: layer_007 (sparse)

TonalLinearizer:  runs 14:22:38
slices [672, 722):
	channel 0: occupancy (dense)
	channel 1: surfaceDist (dense)
	channel 2: layer_000 (sparse)
	channel 3: layer_001 (sparse)
	channel 4: layer_002 (sparse)
	channel 5: layer_003 (sparse)
	channel 6: layer_004 (sparse)
	channel 7: layer_005 (sparse)
	channel 8: layer_006 (sparse)
	channel 9: layer_007 (sparse)

VectorLayerHalftoner: VectorLayerHalftoner error: no tonal values available

VectorLayerHalftoner:  runs 14:22:38
slices [660, 722):
	channel 0: occupancy (dense)
	channel 1: surfaceDist (dense)
	channel 2: layer_000 (sparse)
	channel 3: layer_001 (sparse)
	channel 4: layer_002 (sparse)
	channel 5: layer_003 (sparse)
	channel 6: layer_004 (sparse)
	channel 7: layer_005 (sparse)
	channel 8: layer_006 (sparse)
	channel 9: layer_007 (sparse)
	channel 10: intermedTonal_0 (sparse)
	channel 11: intermedTonal_1 (sparse)
	channel 12: intermedTonal_2 (sparse)
	channel 13: intermedTonal_3 (sparse)
	channel 14: intermedTonal_4 (sparse)
	channel 15: intermedTonal_5 (sparse)
	channel 16: intermedTonal_6 (sparse)
	channel 17: intermedTonal_7 (sparse)
	channel 18: quantizedTonal (sparse)
	channel 19: errorDiffInfo2 (sparse)
	channel 20: distanceToEmpty (sparse)
	channel 21: errorDiffInfo3 (sparse)
	channel 22: errorDiffInfo4 (sparse)
	channel 23: errorDiffInfo5 (sparse)
	channel 24: errorDiffInfo6 (sparse)
	channel 25: errorDiffInfo7 (sparse)
	channel 26: errorDiffInfo8 (sparse)
	channel 27: errorDiffInfo9 (sparse)

SlaveReporter:  runs 14:22:39
slices [660, 710):
	channel 0: material (dense)
	channel 1: occupancy (dense)

SlaveReporter::runInternal
PrintJobVoxelizer:  runs 14:22:45

PrintJobVoxelizer: setting up slices
PrintJobVoxelizer: rasterizing objects
PrintJobVoxelizer: creating rasterizer
PrintJobVoxelizer: rasterizing object 1
Rasterizer::rasterize:
	16 trials
	total = 8.71664 s
	mean  = 0.54479 s
	var   = 0.0338942 s^2, std = 0.184104 s
	min   = 0.099933 s
	max   = 0.76233 s


PrintJobVoxelizer: voxelizing objects
Object 1 ROI: [0 0 0] --> [946 303 27]
GWNSampleFloodVoxelizer: number of samples: 251
GWNSampleFloodVoxelizer: samples evaluated
GWNSampleFloodVoxelizer: adaptive threshold = 0.498039
GWNSampleFloodVoxelizer: flooding complete
Voxelization: solid angle evaluations per voxel: 0.419228

GWNSampleFloodVoxelizer::voxelize:
	16 trials
	total = 14.0774 s
	mean  = 0.879841 s
	var   = 0.0196125 s^2, std = 0.140044 s
	min   = 0.433954 s
	max   = 1.04228 s

GWNSampleFloodVoxelizer::initIndicator:
	16 trials
	total = 2.1789 s
	mean  = 0.136181 s
	var   = 0.00129127 s^2, std = 0.0359342 s
	min   = 0.045381 s
	max   = 0.179428 s

GWNSampleFloodVoxelizer::selectSamples:
	16 trials
	total = 1.35199 s
	mean  = 0.0844996 s
	var   = 4.93687e-005 s^2, std = 0.00702629 s
	min   = 0.069027 s
	max   = 0.100267 s

GWNSampleFloodVoxelizer::evaluateSamples:
	16 trials
	total = 2.78418 s
	mean  = 0.174011 s
	var   = 0.00458549 s^2, std = 0.0677162 s
	min   = 0.062508 s
	max   = 0.30049 s

GWNSampleFloodVoxelizer::flood:
	16 trials
	total = 7.23931 s
	mean  = 0.452457 s
	var   = 0.0031014 s^2, std = 0.0556902 s
	min   = 0.246345 s
	max   = 0.48278 s


PrintJobVoxelizer: finalizing surfaces
PrintJobVoxelizer: 1899494 surface voxels
PrintJobVoxelizer: getting output subset
PrintJobVoxelizer: updating slice indices
TonalValueCalculator:  runs 14:22:46
slices [749, 777):
	channel 0: occupancy (dense)
	channel 1: opticalFeature (sparse)

SurfaceDistanceOrderedTransfer:  runs 14:22:46
slices [723, 777):
	channel 0: occupancy (dense)
	channel 1: surfaceDist (dense)

SurfaceDistanceOrderedTransfer: 723 749 777
LayerExtractor:  runs 14:22:46
slices [721, 777):
	channel 0: occupancy (dense)
	channel 1: surfaceDist (dense)
	channel 2: layer_000 (sparse)
	channel 3: layer_001 (sparse)
	channel 4: layer_002 (sparse)
	channel 5: layer_003 (sparse)
	channel 6: layer_004 (sparse)
	channel 7: layer_005 (sparse)
	channel 8: layer_006 (sparse)
	channel 9: layer_007 (sparse)

TonalLinearizer:  runs 14:22:46
slices [722, 777):
	channel 0: occupancy (dense)
	channel 1: surfaceDist (dense)
	channel 2: layer_000 (sparse)
	channel 3: layer_001 (sparse)
	channel 4: layer_002 (sparse)
	channel 5: layer_003 (sparse)
	channel 6: layer_004 (sparse)
	channel 7: layer_005 (sparse)
	channel 8: layer_006 (sparse)
	channel 9: layer_007 (sparse)

VectorLayerHalftoner: VectorLayerHalftoner error: no tonal values available

VectorLayerHalftoner:  runs 14:22:46
slices [710, 777):
	channel 0: occupancy (dense)
	channel 1: surfaceDist (dense)
	channel 2: layer_000 (sparse)
	channel 3: layer_001 (sparse)
	channel 4: layer_002 (sparse)
	channel 5: layer_003 (sparse)
	channel 6: layer_004 (sparse)
	channel 7: layer_005 (sparse)
	channel 8: layer_006 (sparse)
	channel 9: layer_007 (sparse)
	channel 10: intermedTonal_0 (sparse)
	channel 11: intermedTonal_1 (sparse)
	channel 12: intermedTonal_2 (sparse)
	channel 13: intermedTonal_3 (sparse)
	channel 14: intermedTonal_4 (sparse)
	channel 15: intermedTonal_5 (sparse)
	channel 16: intermedTonal_6 (sparse)
	channel 17: intermedTonal_7 (sparse)
	channel 18: quantizedTonal (sparse)
	channel 19: errorDiffInfo2 (sparse)
	channel 20: distanceToEmpty (sparse)
	channel 21: errorDiffInfo3 (sparse)
	channel 22: errorDiffInfo4 (sparse)
	channel 23: errorDiffInfo5 (sparse)
	channel 24: errorDiffInfo6 (sparse)
	channel 25: errorDiffInfo7 (sparse)
	channel 26: errorDiffInfo8 (sparse)
	channel 27: errorDiffInfo9 (sparse)

SlaveReporter:  runs 14:22:48
slices [710, 777):
	channel 0: material (dense)
	channel 1: occupancy (dense)

SlaveReporter::runInternal
Computation finished 

Status: success
Slave Node  1 :Total execution time in seconds 171.427

