SlavePrintingSoftware::startUp:
	1 trials
	total = 0.468731 s
	mean  = 0.468731 s
	var   = 0 s^2, std = 0 s
	min   = 0.468731 s
	max   = 0.468731 s

PrintingSoftware::execute:
	1 trials
	total = 1477.73 s
	mean  = 1477.73 s
	var   = 0 s^2, std = 0 s
	min   = 1477.73 s
	max   = 1477.73 s

DistributedComputingInitiator::Receive:
	1 trials
	total = 19.7967 s
	mean  = 19.7967 s
	var   = 0 s^2, std = 0 s
	min   = 19.7967 s
	max   = 19.7967 s

FileParserPJ::setInput:
	1 trials
	total = 0 s
	mean  = 0 s
	var   = 0 s^2, std = 0 s
	min   = 0 s
	max   = 0 s

FileParserPJ::runInternal:
	1 trials
	total = 4.10934 s
	mean  = 4.10934 s
	var   = 0 s^2, std = 0 s
	min   = 4.10934 s
	max   = 4.10934 s

PrintJobOrganizer::setInput:
	1 trials
	total = 0 s
	mean  = 0 s
	var   = 0 s^2, std = 0 s
	min   = 0 s
	max   = 0 s

PrintJobOrganizer::runInternal:
	1 trials
	total = 0.328104 s
	mean  = 0.328104 s
	var   = 0 s^2, std = 0 s
	min   = 0.328104 s
	max   = 0.328104 s

PrintJobPreprocessor::setInput:
	1 trials
	total = 0 s
	mean  = 0 s
	var   = 0 s^2, std = 0 s
	min   = 0 s
	max   = 0 s

PrintJobPreprocessor::runInternal:
	1 trials
	total = 1.1875 s
	mean  = 1.1875 s
	var   = 0 s^2, std = 0 s
	min   = 1.1875 s
	max   = 1.1875 s

PrintJobVoxelizer::setInput:
	32 trials
	total = 0 s
	mean  = 0 s
	var   = 0 s^2, std = 0 s
	min   = 0 s
	max   = 0 s

PrintJobVoxelizer::runInternal:
	32 trials
	total = 213.216 s
	mean  = 6.663 s
	var   = 1.15396 s^2, std = 1.07422 s
	min   = 1.18747 s
	max   = 7.79677 s

PrintJobVoxelizer::rasterizeObjects:
	32 trials
	total = 30.609 s
	mean  = 0.956532 s
	var   = 0.0857125 s^2, std = 0.292767 s
	min   = 0.265609 s
	max   = 1.59375 s

PrintJobVoxelizer::voxelizeObjects:
	32 trials
	total = 173.498 s
	mean  = 5.42181 s
	var   = 0.756187 s^2, std = 0.86959 s
	min   = 0.718741 s
	max   = 5.93743 s

PrintJobVoxelizer::finalizeSurfaces:
	32 trials
	total = 3.21868 s
	mean  = 0.100584 s
	var   = 0.00078661 s^2, std = 0.0280466 s
	min   = 0 s
	max   = 0.203126 s

TonalValueCalculator::setInput:
	32 trials
	total = 0 s
	mean  = 0 s
	var   = 0 s^2, std = 0 s
	min   = 0 s
	max   = 0 s

TonalValueCalculator::runInternal:
	32 trials
	total = 1.24999 s
	mean  = 0.0390623 s
	var   = 0.000299263 s^2, std = 0.0172992 s
	min   = 0 s
	max   = 0.078124 s

SurfaceDistanceOrderedTransfer::setInput:
	32 trials
	total = 0 s
	mean  = 0 s
	var   = 0 s^2, std = 0 s
	min   = 0 s
	max   = 0 s

SurfaceDistanceOrderedTransfer::runInternal:
	32 trials
	total = 69.6557 s
	mean  = 2.17674 s
	var   = 0.083296 s^2, std = 0.28861 s
	min   = 1.24998 s
	max   = 2.51561 s

SurfaceDistanceOrderedTransfer::buildOrderedSurfaceData:
	32 trials
	total = 1.64068 s
	mean  = 0.0512712 s
	var   = 0.00961205 s^2, std = 0.098041 s
	min   = 0 s
	max   = 0.578131 s

SurfaceDistanceOrderedTransfer::fillDistanceChannel:
	32 trials
	total = 5.7033 s
	mean  = 0.178228 s
	var   = 0.001636 s^2, std = 0.0404475 s
	min   = 0.062499 s
	max   = 0.328126 s

SurfaceDistanceOrderedTransfer::transfer:
	32 trials
	total = 56.4679 s
	mean  = 1.76462 s
	var   = 0.0882976 s^2, std = 0.297149 s
	min   = 0.609357 s
	max   = 2.12498 s

SurfaceDistanceOrderedTransfer::mergeDistances:
	32 trials
	total = 0 s
	mean  = 0 s
	var   = 0 s^2, std = 0 s
	min   = 0 s
	max   = 0 s

SurfaceDistanceOrderedTransfer::applySqrt:
	32 trials
	total = 5.81266 s
	mean  = 0.181646 s
	var   = 0.000547312 s^2, std = 0.0233947 s
	min   = 0.07814 s
	max   = 0.187537 s

LayerExtractor::setInput:
	32 trials
	total = 0 s
	mean  = 0 s
	var   = 0 s^2, std = 0 s
	min   = 0 s
	max   = 0 s

LayerExtractor::runInternal:
	32 trials
	total = 48.2807 s
	mean  = 1.50877 s
	var   = 0.180583 s^2, std = 0.42495 s
	min   = 0.312493 s
	max   = 1.93749 s

VectorLayerHalftoner::setInput:
	32 trials
	total = 0.062513 s
	mean  = 0.00195353 s
	var   = 7.4855e-005 s^2, std = 0.00865188 s
	min   = 0 s
	max   = 0.046888 s

VectorLayerHalftoner::runInternal:
	32 trials
	total = 370.058 s
	mean  = 11.5643 s
	var   = 13.2714 s^2, std = 3.64299 s
	min   = 1.98435 s
	max   = 16.5623 s

VectorLayerHalftoner(0)::setupOutputContainerSlaveReporter::serializeSlice:
	1552 trials
	total = 1406.51 s
	mean  = 0.906256 s
	var   = 0.444257 s^2, std = 0.666526 s
	min   = 0.5 s
	max   = 7.21876 s

SlaveReporter::Send:
	38 trials
	total = 0 s
	mean  = 0 s
	var   = 0 s^2, std = 0 s
	min   = 0 s
	max   = 0 s

