Warning:json file inside profile could not be parsed 

GL version: 4.4.0

Warning: there is no json file embedded inside profile 

FileParserPJ: initializing
PrintJobOrganizer: initializing
MasterPJDistributor: initializing
MasterMerger: initializing
SliceDebugger: initializing
FileParserPJ:  runs 19:16:8

FileParserPJ: loading OBJ file

244921 vertices
489840 faces

FileParserPJ: 245383 texture coordinates

FileParserPJ: 245383 vertices after duplication

FileParserPJ: //filer-igd2.igd.fraunhofer.de/igd-3dt/shared/3DModels/Head/HeadMTL/Head_Level3.obj parsed: 245383 vertices and 489840 faces

FileParserPJ: loading jpg file

FileParserPJ: loading OBJ file

244921 vertices
489840 faces

FileParserPJ: 245383 texture coordinates

FileParserPJ: 245383 vertices after duplication

FileParserPJ: //filer-igd2.igd.fraunhofer.de/igd-3dt/shared/3DModels/Head/HeadMTL/Head_Level3.obj parsed: 245383 vertices and 489840 faces

FileParserPJ: loading jpg file

FileParserPJ: loading OBJ file

244921 vertices
489840 faces

FileParserPJ: 245383 texture coordinates

FileParserPJ: 245383 vertices after duplication

FileParserPJ: //filer-igd2.igd.fraunhofer.de/igd-3dt/shared/3DModels/Head/HeadMTL/Head_Level3.obj parsed: 245383 vertices and 489840 faces

FileParserPJ: loading jpg file

FileParserPJ: loading OBJ file

244921 vertices
489840 faces

FileParserPJ: 245383 texture coordinates

FileParserPJ: 245383 vertices after duplication

FileParserPJ: //filer-igd2.igd.fraunhofer.de/igd-3dt/shared/3DModels/Head/HeadMTL/Head_Level3.obj parsed: 245383 vertices and 489840 faces

FileParserPJ: loading jpg file

FileParserPJ: Input files parsed

PrintJobOrganizer:  runs 19:16:22

centering objects at origin
optimizing rotation for height
scaling objects
optimizing rotation for support use
PrintJobOrganizer: support cost         = 25.4851
support cost flipped = 22.9004

PrintJobOrganizer: support cost         = 25.4851
support cost flipped = 22.9004

PrintJobOrganizer: support cost         = 25.4851
support cost flipped = 22.9004

PrintJobOrganizer: support cost         = 25.4851
support cost flipped = 22.9004

arranging objects in 2D
validating object placement
PrintJobOrganizer: print object 1 print-space bounding box: (0.00211667, 0.00423333, 0.00135106), (8.00212, 5.12195, 4.19435)
PrintJobOrganizer: print object 2 print-space bounding box: (0.00211667, 5.32195, 0.00135106), (8.00212, 10.4397, 4.19435)
PrintJobOrganizer: print object 3 print-space bounding box: (0.00211667, 10.6397, 0.00135106), (8.00212, 15.7574, 4.19435)
PrintJobOrganizer: print object 4 print-space bounding box: (0.00211667, 15.9574, 0.00135106), (8.00212, 21.0751, 4.19435)
saving transforms to file
MasterPJDistributor:  runs 19:16:23

MasterPJDistributor::runInternal
MasterMerger:  runs 19:16:34

MasterMerger::runInternal
MasterMerger: metadata for thread : 1

MasterMerger: received height : 617

MasterMerger: received width : 946

MasterMerger: received num of slices : 777

MasterMerger: received chunk size : 10

MasterMerger: received path : 

MasterMerger: metadata for thread : 2

MasterMerger: received height : 617

MasterMerger: received width : 946

MasterMerger: received num of slices : 777

MasterMerger: received chunk size : 10

MasterMerger: received path : 

MasterMerger: Print Volume x:  5905.51

MasterMerger: Print Volume y:  2362.2

MasterMerger: Node id:  1

MasterMerger: Offset x : 0

MasterMerger: Offset y : 0

MasterMerger: Node id:  2

MasterMerger: Offset x : 0

MasterMerger: Offset y : 628.811

MasterMerger: Added height is:617after adding height of slave 1

MasterMerger: Added height is:1234after adding height of slave 2

MasterMerger: m_fullSliceHt : 1258

MasterMerger: m_fullSliceWidth : 946

MasterMerger: m_numSlices : 777

MasterMerger: m_chunkSize : 10

MasterMerger::addSlice called

SliceDebugger:  runs 19:16:43
slices [0, 10):
	channel 0: material (dense)

MasterMerger:  runs 19:16:43

SliceDebugger:  runs 19:16:52
slices [10, 20):
	channel 0: material (dense)

MasterMerger:  runs 19:16:52

SliceDebugger:  runs 19:17:4
slices [20, 30):
	channel 0: material (dense)

MasterMerger:  runs 19:17:4

SliceDebugger:  runs 19:17:18
slices [30, 40):
	channel 0: material (dense)

MasterMerger:  runs 19:17:18

SliceDebugger:  runs 19:17:32
slices [40, 50):
	channel 0: material (dense)

MasterMerger:  runs 19:17:32

SliceDebugger:  runs 19:17:46
slices [50, 60):
	channel 0: material (dense)

MasterMerger:  runs 19:17:46

SliceDebugger:  runs 19:18:1
slices [60, 70):
	channel 0: material (dense)

MasterMerger:  runs 19:18:1

SliceDebugger:  runs 19:18:16
slices [70, 80):
	channel 0: material (dense)

MasterMerger:  runs 19:18:16

SliceDebugger:  runs 19:18:31
slices [80, 90):
	channel 0: material (dense)

MasterMerger:  runs 19:18:31

SliceDebugger:  runs 19:18:45
slices [90, 100):
	channel 0: material (dense)

MasterMerger:  runs 19:18:46

SliceDebugger:  runs 19:18:59
slices [100, 110):
	channel 0: material (dense)

MasterMerger:  runs 19:18:59

SliceDebugger:  runs 19:19:12
slices [110, 120):
	channel 0: material (dense)

MasterMerger:  runs 19:19:13

SliceDebugger:  runs 19:19:26
slices [120, 130):
	channel 0: material (dense)

MasterMerger:  runs 19:19:26

SliceDebugger:  runs 19:19:40
slices [130, 140):
	channel 0: material (dense)

MasterMerger:  runs 19:19:40

SliceDebugger:  runs 19:19:50
slices [140, 150):
	channel 0: material (dense)

MasterMerger:  runs 19:19:50

SliceDebugger:  runs 19:19:57
slices [150, 160):
	channel 0: material (dense)

MasterMerger:  runs 19:19:57

SliceDebugger:  runs 19:19:57
slices [160, 170):
	channel 0: material (dense)

MasterMerger:  runs 19:19:57

SliceDebugger:  runs 19:19:57
slices [170, 180):
	channel 0: material (dense)

MasterMerger:  runs 19:19:58

SliceDebugger:  runs 19:19:58
slices [180, 190):
	channel 0: material (dense)

MasterMerger:  runs 19:19:58

SliceDebugger:  runs 19:19:58
slices [190, 200):
	channel 0: material (dense)

MasterMerger:  runs 19:19:58

SliceDebugger:  runs 19:19:58
slices [200, 210):
	channel 0: material (dense)

MasterMerger:  runs 19:19:58

SliceDebugger:  runs 19:19:58
slices [210, 220):
	channel 0: material (dense)

MasterMerger:  runs 19:19:59

SliceDebugger:  runs 19:19:59
slices [220, 230):
	channel 0: material (dense)

MasterMerger:  runs 19:19:59

SliceDebugger:  runs 19:19:59
slices [230, 240):
	channel 0: material (dense)

MasterMerger:  runs 19:19:59

SliceDebugger:  runs 19:19:59
slices [240, 250):
	channel 0: material (dense)

MasterMerger:  runs 19:19:59

SliceDebugger:  runs 19:19:59
slices [250, 260):
	channel 0: material (dense)

MasterMerger:  runs 19:20:0

SliceDebugger:  runs 19:20:0
slices [260, 270):
	channel 0: material (dense)

MasterMerger:  runs 19:20:0

SliceDebugger:  runs 19:20:0
slices [270, 280):
	channel 0: material (dense)

MasterMerger:  runs 19:20:0

SliceDebugger:  runs 19:20:0
slices [280, 290):
	channel 0: material (dense)

MasterMerger:  runs 19:20:0

SliceDebugger:  runs 19:20:0
slices [290, 300):
	channel 0: material (dense)

MasterMerger:  runs 19:20:1

SliceDebugger:  runs 19:20:1
slices [300, 310):
	channel 0: material (dense)

MasterMerger:  runs 19:20:1

SliceDebugger:  runs 19:20:1
slices [310, 320):
	channel 0: material (dense)

MasterMerger:  runs 19:20:1

SliceDebugger:  runs 19:20:1
slices [320, 330):
	channel 0: material (dense)

MasterMerger:  runs 19:20:2

SliceDebugger:  runs 19:20:2
slices [330, 340):
	channel 0: material (dense)

MasterMerger:  runs 19:20:2

SliceDebugger:  runs 19:20:2
slices [340, 350):
	channel 0: material (dense)

MasterMerger:  runs 19:20:2

SliceDebugger:  runs 19:20:2
slices [350, 360):
	channel 0: material (dense)

MasterMerger:  runs 19:20:2

SliceDebugger:  runs 19:20:2
slices [360, 370):
	channel 0: material (dense)

MasterMerger:  runs 19:20:3

SliceDebugger:  runs 19:20:3
slices [370, 380):
	channel 0: material (dense)

MasterMerger:  runs 19:20:3

SliceDebugger:  runs 19:20:3
slices [380, 390):
	channel 0: material (dense)

MasterMerger:  runs 19:20:3

SliceDebugger:  runs 19:20:3
slices [390, 400):
	channel 0: material (dense)

MasterMerger:  runs 19:20:3

SliceDebugger:  runs 19:20:3
slices [400, 410):
	channel 0: material (dense)

MasterMerger:  runs 19:20:4

SliceDebugger:  runs 19:20:4
slices [410, 420):
	channel 0: material (dense)

MasterMerger:  runs 19:20:4

SliceDebugger:  runs 19:20:4
slices [420, 430):
	channel 0: material (dense)

MasterMerger:  runs 19:20:4

SliceDebugger:  runs 19:20:4
slices [430, 440):
	channel 0: material (dense)

MasterMerger:  runs 19:20:4

SliceDebugger:  runs 19:20:4
slices [440, 450):
	channel 0: material (dense)

MasterMerger:  runs 19:20:5

SliceDebugger:  runs 19:20:5
slices [450, 460):
	channel 0: material (dense)

MasterMerger:  runs 19:20:5

SliceDebugger:  runs 19:20:5
slices [460, 470):
	channel 0: material (dense)

MasterMerger:  runs 19:20:5

SliceDebugger:  runs 19:20:5
slices [470, 480):
	channel 0: material (dense)

MasterMerger:  runs 19:20:5

SliceDebugger:  runs 19:20:6
slices [480, 490):
	channel 0: material (dense)

MasterMerger:  runs 19:20:6

SliceDebugger:  runs 19:20:6
slices [490, 500):
	channel 0: material (dense)

MasterMerger:  runs 19:20:6

SliceDebugger:  runs 19:20:6
slices [500, 510):
	channel 0: material (dense)

MasterMerger:  runs 19:20:6

SliceDebugger:  runs 19:20:6
slices [510, 520):
	channel 0: material (dense)

MasterMerger:  runs 19:20:7

SliceDebugger:  runs 19:20:7
slices [520, 530):
	channel 0: material (dense)

MasterMerger:  runs 19:20:7

SliceDebugger:  runs 19:20:7
slices [530, 540):
	channel 0: material (dense)

MasterMerger:  runs 19:20:7

SliceDebugger:  runs 19:20:7
slices [540, 550):
	channel 0: material (dense)

MasterMerger:  runs 19:20:7

SliceDebugger:  runs 19:20:7
slices [550, 560):
	channel 0: material (dense)

MasterMerger:  runs 19:20:8

SliceDebugger:  runs 19:20:8
slices [560, 570):
	channel 0: material (dense)

MasterMerger:  runs 19:20:8

SliceDebugger:  runs 19:20:8
slices [570, 580):
	channel 0: material (dense)

MasterMerger:  runs 19:20:8

SliceDebugger:  runs 19:20:8
slices [580, 590):
	channel 0: material (dense)

MasterMerger:  runs 19:20:8

SliceDebugger:  runs 19:20:8
slices [590, 600):
	channel 0: material (dense)

MasterMerger:  runs 19:20:9

SliceDebugger:  runs 19:20:9
slices [600, 610):
	channel 0: material (dense)

MasterMerger:  runs 19:20:9

SliceDebugger:  runs 19:20:9
slices [610, 620):
	channel 0: material (dense)

MasterMerger:  runs 19:20:9

SliceDebugger:  runs 19:20:9
slices [620, 630):
	channel 0: material (dense)

MasterMerger:  runs 19:20:9

SliceDebugger:  runs 19:20:9
slices [630, 640):
	channel 0: material (dense)

MasterMerger:  runs 19:20:10

SliceDebugger:  runs 19:20:10
slices [640, 650):
	channel 0: material (dense)

MasterMerger:  runs 19:20:10

SliceDebugger:  runs 19:20:10
slices [650, 660):
	channel 0: material (dense)

MasterMerger:  runs 19:20:10

SliceDebugger:  runs 19:20:10
slices [660, 670):
	channel 0: material (dense)

MasterMerger:  runs 19:20:11

SliceDebugger:  runs 19:20:11
slices [670, 680):
	channel 0: material (dense)

MasterMerger:  runs 19:20:11

SliceDebugger:  runs 19:20:11
slices [680, 690):
	channel 0: material (dense)

MasterMerger:  runs 19:20:11

SliceDebugger:  runs 19:20:11
slices [690, 700):
	channel 0: material (dense)

MasterMerger:  runs 19:20:11

SliceDebugger:  runs 19:20:11
slices [700, 710):
	channel 0: material (dense)

MasterMerger:  runs 19:20:12

SliceDebugger:  runs 19:20:12
slices [710, 720):
	channel 0: material (dense)

MasterMerger:  runs 19:20:12

SliceDebugger:  runs 19:20:12
slices [720, 730):
	channel 0: material (dense)

MasterMerger:  runs 19:20:12

SliceDebugger:  runs 19:20:12
slices [730, 740):
	channel 0: material (dense)

MasterMerger:  runs 19:20:12

SliceDebugger:  runs 19:20:12
slices [740, 750):
	channel 0: material (dense)

MasterMerger:  runs 19:20:12

SliceDebugger:  runs 19:20:12
slices [750, 760):
	channel 0: material (dense)

MasterMerger:  runs 19:20:13

SliceDebugger:  runs 19:20:13
slices [760, 770):
	channel 0: material (dense)

MasterMerger:  runs 19:20:13

SliceDebugger:  runs 19:20:13
slices [770, 777):
	channel 0: material (dense)

Computation finished 

Status: success
PrintingSoftware::execute:
	1 trials
	total = 245.337 s
	mean  = 245.337 s
	var   = 0 s^2, std = 0 s
	min   = 245.337 s
	max   = 245.337 s

MasterPrintingSoftware::startUp:
	1 trials
	total = 0.574018 s
	mean  = 0.574018 s
	var   = 0 s^2, std = 0 s
	min   = 0.574018 s
	max   = 0.574018 s

MasterPrintingSoftware::Send:
	14 trials
	total = 0.007033 s
	mean  = 0.000502357 s
	var   = 8.94735e-007 s^2, std = 0.000945904 s
	min   = 0 s
	max   = 0.003024 s

FileParserPJ::setInput:
	1 trials
	total = 0 s
	mean  = 0 s
	var   = 0 s^2, std = 0 s
	min   = 0 s
	max   = 0 s

FileParserPJ::runInternal:
	1 trials
	total = 14.6221 s
	mean  = 14.6221 s
	var   = 0 s^2, std = 0 s
	min   = 14.6221 s
	max   = 14.6221 s

PrintJobOrganizer::setInput:
	1 trials
	total = 0.00866 s
	mean  = 0.00866 s
	var   = 0 s^2, std = 0 s
	min   = 0.00866 s
	max   = 0.00866 s

PrintJobOrganizer::runInternal:
	1 trials
	total = 0.832479 s
	mean  = 0.832479 s
	var   = 0 s^2, std = 0 s
	min   = 0.832479 s
	max   = 0.832479 s

MasterPJDistributor::serializeImgData:
	4 trials
	total = 0.349735 s
	mean  = 0.0874337 s
	var   = 4.21777e-006 s^2, std = 0.00205372 s
	min   = 0.08556 s
	max   = 0.090053 s

MasterPJDistributor::serializePJ:
	2 trials
	total = 0.394253 s
	mean  = 0.197127 s
	var   = 2.05031e-006 s^2, std = 0.00143189 s
	min   = 0.196114 s
	max   = 0.198139 s

MasterPJDistributor::Send:
	22 trials
	total = 9.87743 s
	mean  = 0.448974 s
	var   = 0.443378 s^2, std = 0.665867 s
	min   = 0 s
	max   = 2.32177 s


PrintingSoftware::execute:
	1 trials
	total = 245.337 s
	mean  = 245.337 s
	var   = 0 s^2, std = 0 s
	min   = 245.337 s
	max   = 245.337 s

MasterPrintingSoftware::startUp:
	1 trials
	total = 0.574018 s
	mean  = 0.574018 s
	var   = 0 s^2, std = 0 s
	min   = 0.574018 s
	max   = 0.574018 s

MasterPrintingSoftware::Send:
	14 trials
	total = 0.007033 s
	mean  = 0.000502357 s
	var   = 8.94735e-007 s^2, std = 0.000945904 s
	min   = 0 s
	max   = 0.003024 s

FileParserPJ::setInput:
	1 trials
	total = 0 s
	mean  = 0 s
	var   = 0 s^2, std = 0 s
	min   = 0 s
	max   = 0 s

FileParserPJ::runInternal:
	1 trials
	total = 14.6221 s
	mean  = 14.6221 s
	var   = 0 s^2, std = 0 s
	min   = 14.6221 s
	max   = 14.6221 s

PrintJobOrganizer::setInput:
	1 trials
	total = 0.00866 s
	mean  = 0.00866 s
	var   = 0 s^2, std = 0 s
	min   = 0.00866 s
	max   = 0.00866 s

PrintJobOrganizer::runInternal:
	1 trials
	total = 0.832479 s
	mean  = 0.832479 s
	var   = 0 s^2, std = 0 s
	min   = 0.832479 s
	max   = 0.832479 s

MasterPJDistributor::serializeImgData:
	4 trials
	total = 0.349735 s
	mean  = 0.0874337 s
	var   = 4.21777e-006 s^2, std = 0.00205372 s
	min   = 0.08556 s
	max   = 0.090053 s

MasterPJDistributor::serializePJ:
	2 trials
	total = 0.394253 s
	mean  = 0.197127 s
	var   = 2.05031e-006 s^2, std = 0.00143189 s
	min   = 0.196114 s
	max   = 0.198139 s

MasterPJDistributor::Send:
	22 trials
	total = 9.87743 s
	mean  = 0.448974 s
	var   = 0.443378 s^2, std = 0.665867 s
	min   = 0 s
	max   = 2.32177 s

MasterMergerWorkerImpl::deserializeSlice1:
	777 trials
	total = 1.62478 s
	mean  = 0.0020911 s
	var   = 1.99162e-007 s^2, std = 0.000446276 s
	min   = 0.000995 s
	max   = 0.005006 s

MasterMergerWorkerImpl::Receive1:
	2532 trials
	total = 175.992 s
	mean  = 0.0695072 s
	var   = 0.858393 s^2, std = 0.926495 s
	min   = 0 s
	max   = 14.5931 s

MasterMergerWorkerImpl::decompressData1:
	777 trials
	total = 10.2351 s
	mean  = 0.0131726 s
	var   = 1.44763e-005 s^2, std = 0.00380477 s
	min   = 0.011003 s
	max   = 0.051034 s

MasterMergerWorkerImpl::deserializeSlice2:
	777 trials
	total = 1.60476 s
	mean  = 0.00206533 s
	var   = 1.86136e-007 s^2, std = 0.000431435 s
	min   = 0.000988 s
	max   = 0.005003 s

MasterMergerWorkerImpl::Receive2:
	2534 trials
	total = 189.133 s
	mean  = 0.0746383 s
	var   = 0.914116 s^2, std = 0.956094 s
	min   = 0 s
	max   = 14.5194 s

MasterMergerWorkerImpl::decompressData2:
	777 trials
	total = 10.3193 s
	mean  = 0.0132809 s
	var   = 1.91939e-005 s^2, std = 0.00438108 s
	min   = 0.010992 s
	max   = 0.053047 s


Master Node  0 :Total execution time in seconds 245.917

