SlavePrintingSoftware::startUp:
	1 trials
	total = 0.284656 s
	mean  = 0.284656 s
	var   = 0 s^2, std = 0 s
	min   = 0.284656 s
	max   = 0.284656 s

PrintingSoftware::execute:
	1 trials
	total = 830.918 s
	mean  = 830.918 s
	var   = 0 s^2, std = 0 s
	min   = 830.918 s
	max   = 830.918 s

DistributedComputingInitiator::Receive:
	1 trials
	total = 28.5272 s
	mean  = 28.5272 s
	var   = 0 s^2, std = 0 s
	min   = 28.5272 s
	max   = 28.5272 s

FileParserPJ::setInput:
	1 trials
	total = 0 s
	mean  = 0 s
	var   = 0 s^2, std = 0 s
	min   = 0 s
	max   = 0 s

FileParserPJ::runInternal:
	1 trials
	total = 13.3798 s
	mean  = 13.3798 s
	var   = 0 s^2, std = 0 s
	min   = 13.3798 s
	max   = 13.3798 s

PrintJobOrganizer::setInput:
	1 trials
	total = 0.00262 s
	mean  = 0.00262 s
	var   = 0 s^2, std = 0 s
	min   = 0.00262 s
	max   = 0.00262 s

PrintJobOrganizer::runInternal:
	1 trials
	total = 0.799946 s
	mean  = 0.799946 s
	var   = 0 s^2, std = 0 s
	min   = 0.799946 s
	max   = 0.799946 s

PrintJobPreprocessor::setInput:
	1 trials
	total = 0 s
	mean  = 0 s
	var   = 0 s^2, std = 0 s
	min   = 0 s
	max   = 0 s

PrintJobPreprocessor::runInternal:
	1 trials
	total = 3.74267 s
	mean  = 3.74267 s
	var   = 0 s^2, std = 0 s
	min   = 3.74267 s
	max   = 3.74267 s

PrintJobVoxelizer::setInput:
	16 trials
	total = 0 s
	mean  = 0 s
	var   = 0 s^2, std = 0 s
	min   = 0 s
	max   = 0 s

PrintJobVoxelizer::runInternal:
	16 trials
	total = 187.273 s
	mean  = 11.7045 s
	var   = 3.09073 s^2, std = 1.75805 s
	min   = 5.87303 s
	max   = 13.4649 s

PrintJobVoxelizer::rasterizeObjects:
	16 trials
	total = 38.6551 s
	mean  = 2.41595 s
	var   = 0.587787 s^2, std = 0.766673 s
	min   = 0.67472 s
	max   = 3.312 s

PrintJobVoxelizer::voxelizeObjects:
	16 trials
	total = 144.629 s
	mean  = 9.03928 s
	var   = 1.65187 s^2, std = 1.28525 s
	min   = 5.04152 s
	max   = 10.1189 s

PrintJobVoxelizer::finalizeSurfaces:
	16 trials
	total = 1.36511 s
	mean  = 0.0853191 s
	var   = 0.000254323 s^2, std = 0.0159475 s
	min   = 0.03819 s
	max   = 0.100282 s

TonalValueCalculator::setInput:
	16 trials
	total = 0 s
	mean  = 0 s
	var   = 0 s^2, std = 0 s
	min   = 0 s
	max   = 0 s

TonalValueCalculator::runInternal:
	16 trials
	total = 1.0004 s
	mean  = 0.0625253 s
	var   = 0.000872454 s^2, std = 0.0295373 s
	min   = 0.002497 s
	max   = 0.116308 s

SurfaceDistanceOrderedTransfer::setInput:
	16 trials
	total = 0.001003 s
	mean  = 6.26875e-005 s
	var   = 6.28756e-008 s^2, std = 0.00025051 s
	mean  = 2.41595 s
	var   = 0.587787 s^2, std = 0.766673 s
	min   = 0.67472 s
	max   = 3.312 s

PrintJobVoxelizer::voxelizeObjects:
	16 trials
	total = 144.629 s
	mean  = 9.03928 s
	var   = 1.65187 s^2, std = 1.28525 s
	min   = 5.04152 s
	max   = 10.1189 s

PrintJobVoxelizer::finalizeSurfaces:
	16 trials
	total = 1.36511 s
	mean  = 0.0853191 s
	var   = 0.000254323 s^2, std = 0.0159475 s
	min   = 0.03819 s
	max   = 0.100282 s

TonalValueCalculator::setInput:
	16 trials
	total = 0 s
	mean  = 0 s
	var   = 0 s^2, std = 0 s
	min   = 0 s
	max   = 0 s

TonalValueCalculator::runInternal:
	16 trials
	total = 1.0004 s
	mean  = 0.0625253 s
	var   = 0.000872454 s^2, std = 0.0295373 s
	min   = 0.002497 s
	max   = 0.116308 s

SurfaceDistanceOrderedTransfer::setInput:
	16 trials
	total = 0.001003 s
	mean  = 6.26875e-005 s
	var   = 6.28756e-008 s^2, std = 0.000250.000218992 s^2, std = 0.0147984 s
	min   = 0.03418 s
	max   = 0.116339 s

SurfaceDistanceOrderedTransfer::applySqrt:
	16 trials
	total = 0.899467 s
	mean  = 0.0562167 s
	var   = 0.000511183 s^2, std = 0.0226094 s
	min   = 0.005514 s
	max   = 0.086152 s

LayerExtractor::setInput:
	16 trials
	total = 0.000513 s
	mean  = 3.20625e-005 s
	var   = 1.64481e-008 s^2, std = 0.00012825 s
	min   = 0 s
	max   = 0.000513 s

LayerExtractor::runInternal:
	16 trials
	total = 27.4218 s
	mean  = 1.71386 s
	var   = 0.430761 s^2, std = 0.656324 s
	min   = 0.231397 s
	max   = 2.36953 s

VectorLayerHalftoner::setInput:
	16 trials
	total = 0.004879 s
	mean  = 0.000304937 s
	var   = 2.29744e-007 s^2, std = 0.000479316 s
	min   = 0 s
	max   = 0.001111 s

VectorLayerHalftoner::runInternal:
	16 trials
	total = 259.662 s
	mean  = 16.2288 s
	var   = 57.2023 s^2, std = 7.56322 s
	min   = 1.56252 s
	max   = 27.2797 s

VectorLayerHalftoner(0)::setupOutputContainerSlaveReporter::serializeSlice:
	777 trials
	total = 781.509 s
	mean  = 1.0058 s
	var   = 0.814728 s^2, std = 0.902623 s
	min   = 0.542424 s
	max   = 7.69922 s

SlaveReporter::Send:
	22 trials
	total = 0 s
	mean  = 0 s
	var   = 0 s^2, std = 0 s
	min   = 0 s
	max   = 0 s

