SlavePrintingSoftware::startUp:
	1 trials
	total = 0.29696 s
	mean  = 0.29696 s
	var   = 0 s^2, std = 0 s
	min   = 0.29696 s
	max   = 0.29696 s

PrintingSoftware::execute:
	1 trials
	total = 67.2107 s
	mean  = 67.2107 s
	var   = 0 s^2, std = 0 s
	min   = 67.2107 s
	max   = 67.2107 s

DistributedComputingInitiator::Receive:
	1 trials
	total = 5.64115 s
	mean  = 5.64115 s
	var   = 0 s^2, std = 0 s
	min   = 5.64115 s
	max   = 5.64115 s

FileParserPJ::setInput:
	1 trials
	total = 0 s
	mean  = 0 s
	var   = 0 s^2, std = 0 s
	min   = 0 s
	max   = 0 s

FileParserPJ::runInternal:
	1 trials
	total = 0.625 s
	mean  = 0.625 s
	var   = 0 s^2, std = 0 s
	min   = 0.625 s
	max   = 0.625 s

PrintJobOrganizer::setInput:
	1 trials
	total = 0 s
	mean  = 0 s
	var   = 0 s^2, std = 0 s
	min   = 0 s
	max   = 0 s

PrintJobOrganizer::runInternal:
	1 trials
	total = 0.093759 s
	mean  = 0.093759 s
	var   = 0 s^2, std = 0 s
	min   = 0.093759 s
	max   = 0.093759 s

PrintJobPreprocessor::setInput:
	1 trials
	total = 0 s
	mean  = 0 s
	var   = 0 s^2, std = 0 s
	min   = 0 s
	max   = 0 s

PrintJobPreprocessor::runInternal:
	1 trials
	total = 0 s
	mean  = 0 s
	var   = 0 s^2, std = 0 s
	min   = 0 s
	max   = 0 s

PrintJobVoxelizer::setInput:
	13 trials
	total = 0 s
	mean  = 0 s
	var   = 0 s^2, std = 0 s
	min   = 0 s
	max   = 0 s

PrintJobVoxelizer::runInternal:
	13 trials
	total = 13.7436 s
	mean  = 1.0572 s
	var   = 0.0789595 s^2, std = 0.280997 s
	min   = 0.265626 s
	max   = 1.28138 s

PrintJobVoxelizer::rasterizeObjects:
	13 trials
	total = 4.02824 s
	mean  = 0.309864 s
	var   = 0.0110265 s^2, std = 0.105007 s
	min   = 0.140614 s
	max   = 0.468796 s

PrintJobVoxelizer::voxelizeObjects:
	13 trials
	total = 9.13975 s
	mean  = 0.703058 s
	var   = 0.0395043 s^2, std = 0.198757 s
	min   = 0.109384 s
	max   = 0.81258 s

PrintJobVoxelizer::finalizeSurfaces:
	13 trials
	total = 0.185583 s
	mean  = 0.0142756 s
	var   = 1.86678e-005 s^2, std = 0.00432062 s
	min   = 0 s
	max   = 0.015627 s

TonalValueCalculator::setInput:
	13 trials
	total = 0 s
	mean  = 0 s
	var   = 0 s^2, std = 0 s
	min   = 0 s
	max   = 0 s

TonalValueCalculator::runInternal:
	13 trials
	total = 0.176907 s
	mean  = 0.0136082 s
	var   = 0.000106717 s^2, std = 0.0103304 s
	min   = 0 s
	max   = 0.031253 s

SurfaceDistanceOrderedTransfer::setInput:
	13 trials
	total = 0 s
	mean  = 0 s
	var   = 0 s^2, std = 0 s
	min   = 0 s
	max   = 0 s

SurfaceDistanceOrderedTransfer::runInternal:
	13 trials
	total = 3.92436 s
	mean  = 0.301874 s
	var   = 0.00289273 s^2, std = 0.0537841 s
	min   = 0.187518 s
	max   = 0.359418 s

SurfaceDistanceOrderedTransfer::buildOrderedSurfaceData:
	13 trials
	total = 0.176945 s
	mean  = 0.0136112 s
	var   = 0.000636209 s^2, std = 0.0252232 s
	min   = 0 s
	max   = 0.09379 s

SurfaceDistanceOrderedTransfer::fillDistanceChannel:
	13 trials
	total = 0.256479 s
	mean  = 0.0197292 s
	var   = 8.69586e-005 s^2, std = 0.00932516 s
	min   = 0 s
	max   = 0.031253 s

SurfaceDistanceOrderedTransfer::transfer:
	13 trials
	total = 2.38068 s
	mean  = 0.18313 s
	var   = 0.00201505 s^2, std = 0.0448893 s
	min   = 0.078103 s
	max   = 0.234398 s

SurfaceDistanceOrderedTransfer::mergeDistances:
	13 trials
	total = 0 s
	mean  = 0 s
	var   = 0 s^2, std = 0 s
	min   = 0 s
	max   = 0 s

SurfaceDistanceOrderedTransfer::applySqrt:
	13 trials
	total = 1.10952 s
	mean  = 0.085348 s
	var   = 0.000431786 s^2, std = 0.0207794 s
	min   = 0.031282 s
	max   = 0.093767 s

LayerExtractor::setInput:
	13 trials
	total = 0 s
	mean  = 0 s
	var   = 0 s^2, std = 0 s
	min   = 0 s
	max   = 0 s

LayerExtractor::runInternal:
	13 trials
	total = 3.06283 s
	mean  = 0.235602 s
	var   = 0.013978 s^2, std = 0.118228 s
	min   = 0.031253 s
	max   = 0.375044 s

VectorLayerHalftoner::setInput:
	13 trials
	total = 0.015629 s
	mean  = 0.00120223 s
	var   = 1.87897e-005 s^2, std = 0.0043347 s
	min   = 0 s
	max   = 0.015629 s

VectorLayerHalftoner::runInternal:
	13 trials
	total = 18.5354 s
	mean  = 1.4258 s
	var   = 0.414557 s^2, std = 0.643861 s
	min   = 0.283614 s
	max   = 2.2971 s

VectorLayerHalftoner(0)::setupOutputContainerSlaveReporter::serializeSlice:
	605 trials
	total = 62.201 s
	mean  = 0.102812 s
	var   = 0.00339007 s^2, std = 0.0582243 s
	min   = 0.078101 s
	max   = 0.890712 s

SlaveReporter::Send:
	19 trials
	total = 0 s
	mean  = 0 s
	var   = 0 s^2, std = 0 s
	min   = 0 s
	max   = 0 s

