PrintingSoftware::execute:
	1 trials
	total = 81.1548 s
	mean  = 81.1548 s
	var   = 0 s^2, std = 0 s
	min   = 81.1548 s
	max   = 81.1548 s

MasterPrintingSoftware::startUp:
	1 trials
	total = 0.340965 s
	mean  = 0.340965 s
	var   = 0 s^2, std = 0 s
	min   = 0.340965 s
	max   = 0.340965 s

FileParserPJ::setInput:
	1 trials
	total = 0 s
	mean  = 0 s
	var   = 0 s^2, std = 0 s
	min   = 0 s
	max   = 0 s

FileParserPJ::runInternal:
	1 trials
	total = 16.9043 s
	mean  = 16.9043 s
	var   = 0 s^2, std = 0 s
	min   = 16.9043 s
	max   = 16.9043 s

PrintJobOrganizer::setInput:
	1 trials
	total = 0.009081 s
	mean  = 0.009081 s
	var   = 0 s^2, std = 0 s
	min   = 0.009081 s
	max   = 0.009081 s

PrintJobOrganizer::runInternal:
	1 trials
	total = 0.934132 s
	mean  = 0.934132 s
	var   = 0 s^2, std = 0 s
	min   = 0.934132 s
	max   = 0.934132 s

MasterDistributor::Send:
	4 trials
	total = 0.007053 s
	mean  = 0.00176325 s
	var   = 2.588e-007 s^2, std = 0.000508724 s
	min   = 0.001001 s
	max   = 0.002051 s

@x&™SliceDebugger::setInput:
	39 trials
	total = 0 s
	mean  = 0 s
	var   = 0 s^2, std = 0 s
	min   = 0 s
	max   = 0 s

SliceDebugger::runInternal:
	39 trials
	total = 3.98874 s
	mean  = 0.102275 s
	var   = 6.3588e-005 s^2, std = 0.00797421 s
	min   = 0.081058 s
	max   = 0.128694 s

