SlavePrintingSoftware::startUp:
	1 trials
	total = 0.296901 s
	mean  = 0.296901 s
	var   = 0 s^2, std = 0 s
	min   = 0.296901 s
	max   = 0.296901 s

PrintingSoftware::execute:
	1 trials
	total = 48.1928 s
	mean  = 48.1928 s
	var   = 0 s^2, std = 0 s
	min   = 48.1928 s
	max   = 48.1928 s

SlavePrintingSoftware::communicateData:
	7 trials
	total = 0.046848 s
	mean  = 0.00669257 s
	var   = 0.000150997 s^2, std = 0.0122881 s
	min   = 0 s
	max   = 0.031239 s

SlavePJCollector::deserialize:
	2 trials
	total = 0.04688 s
	mean  = 0.02344 s
	var   = 0.000122117 s^2, std = 0.0110507 s
	min   = 0.015626 s
	max   = 0.031254 s

SlavePJCollector::Receive:
	7 trials
	total = 27.7218 s
	mean  = 3.96026 s
	var   = 82.8708 s^2, std = 9.10334 s
	min   = 0 s
	max   = 24.534 s

PrintJobOrganizer::setInput:
	1 trials
	total = 0.015627 s
	mean  = 0.015627 s
	var   = 0 s^2, std = 0 s
	min   = 0.015627 s
	max   = 0.015627 s

PrintJobOrganizer::runInternal:
	1 trials
	total = 0.312531 s
	mean  = 0.312531 s
	var   = 0 s^2, std = 0 s
	min   = 0.312531 s
	max   = 0.312531 s

PrintJobPreprocessor::setInput:
	1 trials
	total = 0 s
	mean  = 0 s
	var   = 0 s^2, std = 0 s
	min   = 0 s
	max   = 0 s

PrintJobPreprocessor::runInternal:
	1 trials
	total = 0.875096 s
	mean  = 0.875096 s
	var   = 0 s^2, std = 0 s
	min   = 0.875096 s
	max   = 0.875096 s

PrintJobVoxelizer::setInput:
	8 trials
	total = 0 s
	mean  = 0 s
	var   = 0 s^2, std = 0 s
	min   = 0 s
	max   = 0 s

PrintJobVoxelizer::runInternal:
	8 trials
	total = 9.62615 s
	mean  = 1.20327 s
	var   = 0.05638 s^2, std = 0.237445 s
	min   = 0.703169 s
	max   = 1.48454 s

PrintJobVoxelizer::rasterizeObjects:
	8 trials
	total = 4.48476 s
	mean  = 0.560595 s
	var   = 0.019429 s^2, std = 0.139388 s
	min   = 0.281251 s
	max   = 0.718834 s

PrintJobVoxelizer::voxelizeObjects:
	8 trials
	total = 5.06318 s
	mean  = 0.632898 s
	var   = 0.00997809 s^2, std = 0.0998904 s
	min   = 0.421918 s
	max   = 0.750079 s

PrintJobVoxelizer::finalizeSurfaces:
	8 trials
	total = 0 s
	mean  = 0 s
	var   = 0 s^2, std = 0 s
	min   = 0 s
	max   = 0 s

TonalValueCalculator::setInput:
	8 trials
	total = 0 s
	mean  = 0 s
	var   = 0 s^2, std = 0 s
	min   = 0 s
	max   = 0 s

TonalValueCalculator::runInternal:
	8 trials
	total = 0.093581 s
	mean  = 0.0116976 s
	var   = 5.21274e-005 s^2, std = 0.00721993 s
	min   = 0 s
	max   = 0.015597 s

SurfaceDistanceOrderedTransfer::setInput:
	8 trials
	total = 0 s
	mean  = 0 s
	var   = 0 s^2, std = 0 s
	min   = 0 s
	max   = 0 s

SurfaceDistanceOrderedTransfer::runInternal:
	8 trials
	total = 1.79726 s
	mean  = 0.224658 s
	var   = 0.00271601 s^2, std = 0.0521154 s
	min   = 0.109416 s
	max   = 0.296907 s

SurfaceDistanceOrderedTransfer::buildOrderedSurfaceData:
	8 trials
	total = 0.046928 s
	mean  = 0.005866 s
	var   = 0.000135454 s^2, std = 0.0116385 s
	min   = 0 s
	max   = 0.031285 s

SurfaceDistanceOrderedTransfer::fillDistanceChannel:
	8 trials
	total = 0.093924 s
	mean  = 0.0117405 s
	var   = 5.25103e-005 s^2, std = 0.0072464 s
	min   = 0 s
	max   = 0.015661 s

SurfaceDistanceOrderedTransfer::transfer:
	8 trials
	total = 0.937552 s
	mean  = 0.117194 s
	var   = 0.000976772 s^2, std = 0.0312534 s
	min   = 0.046875 s
	max   = 0.156266 s

SurfaceDistanceOrderedTransfer::mergeDistances:
	8 trials
	total = 0 s
	mean  = 0 s
	var   = 0 s^2, std = 0 s
	min   = 0 s
	max   = 0 s

SurfaceDistanceOrderedTransfer::applySqrt:
	8 trials
	total = 0.71886 s
	mean  = 0.0898575 s
	var   = 0.000680238 s^2, std = 0.0260814 s
	min   = 0.031256 s
	max   = 0.125013 s

LayerExtractor::setInput:
	8 trials
	total = 0 s
	mean  = 0 s
	var   = 0 s^2, std = 0 s
	min   = 0 s
	max   = 0 s

LayerExtractor::runInternal:
	8 trials
	total = 0.968769 s
	mean  = 0.121096 s
	var   = 0.00270262 s^2, std = 0.0519867 s
	min   = 0.015627 s
	max   = 0.171895 s

VectorLayerHalftoner::setInput:
	8 trials
	total = 0 s
	mean  = 0 s
	var   = 0 s^2, std = 0 s
	min   = 0 s
	max   = 0 s

VectorLayerHalftoner::runInternal:
	8 trials
	total = 5.82866 s
	mean  = 0.728583 s
	var   = 0.0787618 s^2, std = 0.280645 s
	min   = 0.109387 s
	max   = 0.953229 s

VectorLayerHalftoner(0)::setupOutputContainerSlaveReporter::serializeSlice:
	389 trials
	total = 0.031285 s
	mean  = 8.04242e-005 s
	var   = 1.25479e-006 s^2, std = 0.00112018 s
	min   = 0 s
	max   = 0.015657 s

SlaveReporter::Send:
	1179 trials
	total = 0 s
	mean  = 0 s
	var   = 0 s^2, std = 0 s
	min   = 0 s
	max   = 0 s

SlaveReporter::CompressData:
	389 trials
	total = 0.390691 s
	mean  = 0.00100435 s
	var   = 1.47247e-005 s^2, std = 0.00383728 s
	min   = 0 s
	max   = 0.01566 s

