SlavePrintingSoftware::startUp:
	1 trials
	total = 0.281225 s
	mean  = 0.281225 s
	var   = 0 s^2, std = 0 s
	min   = 0.281225 s
	max   = 0.281225 s

PrintingSoftware::execute:
	1 trials
	total = 244.783 s
	mean  = 244.783 s
	var   = 0 s^2, std = 0 s
	min   = 244.783 s
	max   = 244.783 s

SlavePrintingSoftware::communicateData:
	7 trials
	total = 0.031228 s
	mean  = 0.00446114 s
	var   = 5.80471e-005 s^2, std = 0.00761886 s
	min   = 0 s
	max   = 0.015638 s

SlavePJCollector::deserialize:
	2 trials
	total = 0.031254 s
	mean  = 0.015627 s
	var   = 2e-012 s^2, std = 1.41421e-006 s
	min   = 0.015626 s
	max   = 0.015628 s

SlavePJCollector::Receive:
	7 trials
	total = 27.5019 s
	mean  = 3.92885 s
	var   = 84.3654 s^2, std = 9.18506 s
	min   = 0 s
	max   = 24.7049 s

PrintJobOrganizer::setInput:
	1 trials
	total = 0 s
	mean  = 0 s
	var   = 0 s^2, std = 0 s
	min   = 0 s
	max   = 0 s

PrintJobOrganizer::runInternal:
	1 trials
	total = 0.34377 s
	mean  = 0.34377 s
	var   = 0 s^2, std = 0 s
	min   = 0.34377 s
	max   = 0.34377 s

PrintJobPreprocessor::setInput:
	1 trials
	total = 0 s
	mean  = 0 s
	var   = 0 s^2, std = 0 s
	min   = 0 s
	max   = 0 s

PrintJobPreprocessor::runInternal:
	1 trials
	total = 0.859438 s
	mean  = 0.859438 s
	var   = 0 s^2, std = 0 s
	min   = 0.859438 s
	max   = 0.859438 s

PrintJobVoxelizer::setInput:
	24 trials
	total = 0.015596 s
	mean  = 0.000649833 s
	var   = 1.01348e-005 s^2, std = 0.00318352 s
	min   = 0 s
	max   = 0.015596 s

PrintJobVoxelizer::runInternal:
	24 trials
	total = 63.8944 s
	mean  = 2.66227 s
	var   = 0.19557 s^2, std = 0.442233 s
	min   = 0.875023 s
	max   = 3.14081 s

PrintJobVoxelizer::rasterizeObjects:
	24 trials
	total = 16.6731 s
	mean  = 0.694714 s
	var   = 0.0385158 s^2, std = 0.196255 s
	min   = 0.234421 s
	max   = 0.92191 s

PrintJobVoxelizer::voxelizeObjects:
	24 trials
	total = 43.7686 s
	mean  = 1.82369 s
	var   = 0.0738402 s^2, std = 0.271736 s
	min   = 0.593761 s
	max   = 2.06267 s

PrintJobVoxelizer::finalizeSurfaces:
	24 trials
	total = 1.04666 s
	mean  = 0.043611 s
	var   = 6.31949e-005 s^2, std = 0.00794952 s
	min   = 0.015626 s
	max   = 0.04688 s

TonalValueCalculator::setInput:
	24 trials
	total = 0 s
	mean  = 0 s
	var   = 0 s^2, std = 0 s
	min   = 0 s
	max   = 0 s

TonalValueCalculator::runInternal:
	24 trials
	total = 0.359144 s
	mean  = 0.0149643 s
	var   = 3.13934e-005 s^2, std = 0.00560298 s
	min   = 0 s
	max   = 0.031253 s

SurfaceDistanceOrderedTransfer::setInput:
	24 trials
	total = 0 s
	mean  = 0 s
	var   = 0 s^2, std = 0 s
	min   = 0 s
	max   = 0 s

SurfaceDistanceOrderedTransfer::runInternal:
	24 trials
	total = 21.205 s
	mean  = 0.883543 s
	var   = 0.0092568 s^2, std = 0.0962123 s
	min   = 0.562539 s
	max   = 1.01569 s

SurfaceDistanceOrderedTransfer::buildOrderedSurfaceData:
	24 trials
	total = 0.59377 s
	mean  = 0.0247404 s
	var   = 0.00267426 s^2, std = 0.0517132 s
	min   = 0 s
	max   = 0.265674 s

SurfaceDistanceOrderedTransfer::fillDistanceChannel:
	24 trials
	total = 1.85975 s
	mean  = 0.0774896 s
	var   = 0.00011652 s^2, std = 0.0107945 s
	min   = 0.046848 s
	max   = 0.109416 s

SurfaceDistanceOrderedTransfer::transfer:
	24 trials
	total = 16.5788 s
	mean  = 0.690785 s
	var   = 0.014501 s^2, std = 0.12042 s
	min   = 0.218765 s
	max   = 0.812555 s

SurfaceDistanceOrderedTransfer::mergeDistances:
	24 trials
	total = 0 s
	mean  = 0 s
	var   = 0 s^2, std = 0 s
	min   = 0 s
	max   = 0 s

SurfaceDistanceOrderedTransfer::applySqrt:
	24 trials
	total = 2.17266 s
	mean  = 0.0905276 s
	var   = 0.000169558 s^2, std = 0.0130214 s
	min   = 0.031252 s
	max   = 0.093789 s

LayerExtractor::setInput:
	24 trials
	total = 0 s
	mean  = 0 s
	var   = 0 s^2, std = 0 s
	min   = 0 s
	max   = 0 s

LayerExtractor::runInternal:
	24 trials
	total = 14.5945 s
	mean  = 0.608106 s
	var   = 0.0356265 s^2, std = 0.18875 s
	min   = 0.125039 s
	max   = 0.859466 s

VectorLayerHalftoner::setInput:
	24 trials
	total = 0.015626 s
	mean  = 0.000651083 s
	var   = 1.01738e-005 s^2, std = 0.00318964 s
	min   = 0 s
	max   = 0.015626 s

VectorLayerHalftoner::runInternal:
	24 trials
	total = 105.086 s
	mean  = 4.37858 s
	var   = 1.74224 s^2, std = 1.31994 s
	min   = 0.828213 s
	max   = 5.96919 s

VectorLayerHalftoner(0)::setupOutputContainerSlaveReporter::serializeSlice:
	1165 trials
	total = 4.12524 s
	mean  = 0.00354098 s
	var   = 4.28292e-005 s^2, std = 0.0065444 s
	min   = 0 s
	max   = 0.01567 s

SlaveReporter::Send:
	3523 trials
	total = 0.484513 s
	mean  = 0.000137529 s
	var   = 2.26984e-006 s^2, std = 0.0015066 s
	min   = 0 s
	max   = 0.031252 s

SlaveReporter::CompressData:
	1165 trials
	total = 8.68796 s
	mean  = 0.00745748 s
	var   = 6.13873e-005 s^2, std = 0.00783501 s
	min   = 0 s
	max   = 0.031253 s

