SlavePrintingSoftware::startUp:
	1 trials
	total = 0.300497 s
	mean  = 0.300497 s
	var   = 0 s^2, std = 0 s
	min   = 0.300497 s
	max   = 0.300497 s

PrintingSoftware::execute:
	1 trials
	total = 608.601 s
	mean  = 608.601 s
	var   = 0 s^2, std = 0 s
	min   = 608.601 s
	max   = 608.601 s

DistributedComputingInitiator::Receive:
	1 trials
	total = 17.5636 s
	mean  = 17.5636 s
	var   = 0 s^2, std = 0 s
	min   = 17.5636 s
	max   = 17.5636 s

FileParserPJ::setInput:
	1 trials
	total = 0 s
	mean  = 0 s
	var   = 0 s^2, std = 0 s
	min   = 0 s
	max   = 0 s

FileParserPJ::runInternal:
	1 trials
	total = 7.88081 s
	mean  = 7.88081 s
	var   = 0 s^2, std = 0 s
	min   = 7.88081 s
	max   = 7.88081 s

PrintJobOrganizer::setInput:
	1 trials
	total = 0.003019 s
	mean  = 0.003019 s
	var   = 0 s^2, std = 0 s
	min   = 0.003019 s
	max   = 0.003019 s

PrintJobOrganizer::runInternal:
	1 trials
	total = 0.441423 s
	mean  = 0.441423 s
	var   = 0 s^2, std = 0 s
	min   = 0.441423 s
	max   = 0.441423 s

PrintJobPreprocessor::setInput:
	1 trials
	total = 0 s
	mean  = 0 s
	var   = 0 s^2, std = 0 s
	min   = 0 s
	max   = 0 s

PrintJobPreprocessor::runInternal:
	1 trials
	total = 1.92011 s
	mean  = 1.92011 s
	var   = 0 s^2, std = 0 s
	min   = 1.92011 s
	max   = 1.92011 s

PrintJobVoxelizer::setInput:
	16 trials
	total = 0 s
	mean  = 0 s
	var   = 0 s^2, std = 0 s
	min   = 0 s
	max   = 0 s

PrintJobVoxelizer::runInternal:
	16 trials
	total = 140.573 s
	mean  = 8.78583 s
	var   = 3.75439 s^2, std = 1.93763 s
	min   = 3.3021 s
	max   = 10.4564 s

PrintJobVoxelizer::rasterizeObjects:
	16 trials
	total = 26.2602 s
	mean  = 1.64126 s
	var   = 0.29861 s^2, std = 0.546452 s
	min   = 0.468943 s
	max   = 2.19904 s

PrintJobVoxelizer::voxelizeObjects:
	16 trials
	total = 110.878 s
	mean  = 6.92988 s
	var   = 2.27802 s^2, std = 1.50931 s
	min   = 2.73288 s
	max   = 8.16547 s

PrintJobVoxelizer::finalizeSurfaces:
	16 trials
	total = 1.04663 s
	mean  = 0.0654147 s
	var   = 0.000187641 s^2, std = 0.0136982 s
	min   = 0.031253 s
	max   = 0.079856 s

TonalValueCalculator::setInput:
	16 trials
	total = 0 s
	mean  = 0 s
	var   = 0 s^2, std = 0 s
	min   = 0 s
	max   = 0 s

TonalValueCalculator::runInternal:
	16 trials
	total = 0.850238 s
	mean  = 0.0531399 s
	var   = 0.000943657 s^2, std = 0.030719 s
	min   = 0 s
	max   = 0.120928 s

SurfaceDistanceOrderedTransfer::setInput:
	16 trials
	total = 0.000482 s
	mean  = 3.0125e-005 s
	var   = 1.45202e-008 s^2, std = 0.0001205 s
	min   = 0 s
	max   = 0.000482 s

SurfaceDistanceOrderedTransfer::runInternal:
	16 trials
	total = 76.0984 s
	mean  = 4.75615 s
	var   = 0.518516 s^2, std = 0.72008 s
	min   = 2.23835 s
	max   = 5.23701 s

SurfaceDistanceOrderedTransfer::buildOrderedSurfaceData:
	16 trials
	total = 1.10038 s
	mean  = 0.0687737 s
	var   = 0.0115621 s^2, std = 0.107527 s
	min   = 0 s
	max   = 0.464939 s

SurfaceDistanceOrderedTransfer::fillDistanceChannel:
	16 trials
	total = 3.78782 s
	mean  = 0.236739 s
	var   = 0.00123835 s^2, std = 0.0351901 s
	min   = 0.115506 s
	max   = 0.288196 s

SurfaceDistanceOrderedTransfer::transfer:
	16 trials
	total = 70.3752 s
	mean  = 4.39845 s
	var   = 0.605007 s^2, std = 0.777822 s
	min   = 1.64828 s
	max   = 4.90897 s

SurfaceDistanceOrderedTransfer::mergeDistances:
	64 trials
	total = 5.12497 s
	mean  = 0.0800776 s
	var   = 0.000145952 s^2, std = 0.0120811 s
	min   = 0.030671 s
	max   = 0.09425 s

SurfaceDistanceOrderedTransfer::applySqrt:
	16 trials
	total = 0.814034 s
	mean  = 0.0508771 s
	var   = 0.00042238 s^2, std = 0.0205519 s
	min   = 0.008522 s
	max   = 0.084652 s

LayerExtractor::setInput:
	16 trials
	total = 0.000501 s
	mean  = 3.13125e-005 s
	var   = 1.56876e-008 s^2, std = 0.00012525 s
	min   = 0 s
	max   = 0.000501 s

LayerExtractor::runInternal:
	16 trials
	total = 21.0699 s
	mean  = 1.31687 s
	var   = 0.280009 s^2, std = 0.529159 s
	min   = 0.225264 s
	max   = 1.99593 s

VectorLayerHalftoner::setInput:
	16 trials
	total = 0.037308 s
	mean  = 0.00233175 s
	var   = 2.72203e-005 s^2, std = 0.00521731 s
	min   = 0 s
	max   = 0.015628 s

VectorLayerHalftoner::runInternal:
	16 trials
	total = 181.675 s
	mean  = 11.3547 s
	var   = 39.1197 s^2, std = 6.25458 s
	min   = 1.36793 s
	max   = 20.7689 s

VectorLayerHalftoner(0)::setupOutputContainerSlaveReporter::serializeSlice:
	777 trials
	total = 577.097 s
	mean  = 0.742724 s
	var   = 0.461681 s^2, std = 0.679471 s
	min   = 0.449175 s
	max   = 6.7186 s

SlaveReporter::Send:
	22 trials
	total = 0 s
	mean  = 0 s
	var   = 0 s^2, std = 0 s
	min   = 0 s
	max   = 0 s

