Warning:json file inside profile could not be parsed 

GL version: 4.4.0

Warning: there is no json file embedded inside profile 

FileParserPJ: initializing
PrintJobOrganizer: initializing
MasterDistributor: initializing
MasterMerger: initializing
SliceDebugger: initializing
FileParserPJ:  runs 1:24:58

FileParserPJ: loading OBJ file

244921 vertices
489840 faces

FileParserPJ: 245383 texture coordinates

FileParserPJ: 245383 vertices after duplication

FileParserPJ: //filer-igd2.igd.fraunhofer.de/igd-3dt/shared/3DModels/Head/HeadMTL/Head_Level3.obj parsed: 245383 vertices and 489840 faces

FileParserPJ: loading jpg file

FileParserPJ: loading OBJ file

244921 vertices
489840 faces

FileParserPJ: 245383 texture coordinates

FileParserPJ: 245383 vertices after duplication

FileParserPJ: //filer-igd2.igd.fraunhofer.de/igd-3dt/shared/3DModels/Head/HeadMTL/Head_Level3.obj parsed: 245383 vertices and 489840 faces

FileParserPJ: loading jpg file

FileParserPJ: loading OBJ file

244921 vertices
489840 faces

FileParserPJ: 245383 texture coordinates

FileParserPJ: 245383 vertices after duplication

FileParserPJ: //filer-igd2.igd.fraunhofer.de/igd-3dt/shared/3DModels/Head/HeadMTL/Head_Level3.obj parsed: 245383 vertices and 489840 faces

FileParserPJ: loading jpg file

FileParserPJ: loading OBJ file

244921 vertices
489840 faces

FileParserPJ: 245383 texture coordinates

FileParserPJ: 245383 vertices after duplication

FileParserPJ: //filer-igd2.igd.fraunhofer.de/igd-3dt/shared/3DModels/Head/HeadMTL/Head_Level3.obj parsed: 245383 vertices and 489840 faces

FileParserPJ: loading jpg file

FileParserPJ: Input files parsed

PrintJobOrganizer:  runs 1:25:12

centering objects at origin
optimizing rotation for height
scaling objects
optimizing rotation for support use
PrintJobOrganizer: support cost         = 25.4975
support cost flipped = 22.913

PrintJobOrganizer: support cost         = 25.4975
support cost flipped = 22.913

PrintJobOrganizer: support cost         = 25.4975
support cost flipped = 22.913

PrintJobOrganizer: support cost         = 25.4975
support cost flipped = 22.913

arranging objects in 2D
validating object placement
PrintJobOrganizer: print object 1 print-space bounding box: (0.00105833, 0.00211667, 0.000751479), (8.00106, 5.11984, 4.19375)
PrintJobOrganizer: print object 2 print-space bounding box: (0.00105833, 5.31984, 0.000751479), (8.00106, 10.4376, 4.19375)
PrintJobOrganizer: print object 3 print-space bounding box: (0.00105833, 10.6376, 0.000751479), (8.00106, 15.7553, 4.19375)
PrintJobOrganizer: print object 4 print-space bounding box: (0.00105833, 15.9553, 0.000751479), (8.00106, 21.073, 4.19375)
saving transforms to file
MasterDistributor:  runs 1:25:12

MasterDistributor::runInternal
MasterMerger:  runs 1:25:13

MasterMerger::runInternal
MasterMerger: metadata for thread : 1

MasterMerger: received height : 1233

MasterMerger: received width : 1891

MasterMerger: received num of slices : 1396

MasterMerger: received chunk size : 10

MasterMerger: received path : //pc2215/SharedFolder/MRepo/3DPrinterDriver/DistributedComputing/Node_1/Node_1_ReportedSlices/

MasterMerger: metadata for thread : 2

MasterMerger: received height : 1233

MasterMerger: received width : 1891

MasterMerger: received num of slices : 1396

MasterMerger: received chunk size : 10

MasterMerger: received path : //pc2215/SharedFolder/MRepo/3DPrinterDriver/DistributedComputing/Node_2/Node_2_ReportedSlices/

MasterMerger: Print Volume x:  11811

MasterMerger: Print Volume y:  4724.41

MasterMerger: Node id:  1

MasterMerger: Offset x : 0

MasterMerger: Offset y : 0

MasterMerger: Node id:  2

MasterMerger: Offset x : 0

MasterMerger: Offset y : 1256.62

MasterMerger: Added height is:1233after adding height of slave 1

MasterMerger: Added height is:2466after adding height of slave 2

MasterMerger: m_fullSliceHt : 2514

MasterMerger: m_fullSliceWidth : 1891

MasterMerger: m_numSlices : 1396

MasterMerger: m_chunkSize : 10

SliceDebugger:  runs 1:28:49
slices [0, 10):
	channel 0: material (dense)

MasterMerger:  runs 1:28:50
slices [0, 10):
	channel 0: material (dense)

SliceDebugger:  runs 1:28:50
slices [10, 20):
	channel 0: material (dense)

MasterMerger:  runs 1:28:51
slices [10, 20):
	channel 0: material (dense)

SliceDebugger:  runs 1:30:26
slices [20, 30):
	channel 0: material (dense)

MasterMerger:  runs 1:30:27
slices [20, 30):
	channel 0: material (dense)

SliceDebugger:  runs 1:30:27
slices [30, 40):
	channel 0: material (dense)

MasterMerger:  runs 1:30:28
slices [30, 40):
	channel 0: material (dense)

SliceDebugger:  runs 1:33:55
slices [40, 50):
	channel 0: material (dense)

MasterMerger:  runs 1:33:56
slices [40, 50):
	channel 0: material (dense)

SliceDebugger:  runs 1:33:56
slices [50, 60):
	channel 0: material (dense)

MasterMerger:  runs 1:33:57
slices [50, 60):
	channel 0: material (dense)

SliceDebugger:  runs 1:35:53
slices [60, 70):
	channel 0: material (dense)

MasterMerger:  runs 1:35:54
slices [60, 70):
	channel 0: material (dense)

SliceDebugger:  runs 1:35:54
slices [70, 80):
	channel 0: material (dense)

MasterMerger:  runs 1:35:55
slices [70, 80):
	channel 0: material (dense)

SliceDebugger:  runs 1:38:54
slices [80, 90):
	channel 0: material (dense)

MasterMerger:  runs 1:38:54
slices [80, 90):
	channel 0: material (dense)

SliceDebugger:  runs 1:38:54
slices [90, 100):
	channel 0: material (dense)

MasterMerger:  runs 1:38:55
slices [90, 100):
	channel 0: material (dense)

SliceDebugger:  runs 1:41:16
slices [100, 110):
	channel 0: material (dense)

MasterMerger:  runs 1:41:17
slices [100, 110):
	channel 0: material (dense)

SliceDebugger:  runs 1:41:17
slices [110, 120):
	channel 0: material (dense)

MasterMerger:  runs 1:41:18
slices [110, 120):
	channel 0: material (dense)

SliceDebugger:  runs 1:44:6
slices [120, 130):
	channel 0: material (dense)

MasterMerger:  runs 1:44:7
slices [120, 130):
	channel 0: material (dense)

SliceDebugger:  runs 1:44:7
slices [130, 140):
	channel 0: material (dense)

MasterMerger:  runs 1:44:8
slices [130, 140):
	channel 0: material (dense)

SliceDebugger:  runs 1:45:31
slices [140, 150):
	channel 0: material (dense)

MasterMerger:  runs 1:45:32
slices [140, 150):
	channel 0: material (dense)

SliceDebugger:  runs 1:46:53
slices [150, 160):
	channel 0: material (dense)

MasterMerger:  runs 1:46:54
slices [150, 160):
	channel 0: material (dense)

SliceDebugger:  runs 1:48:21
slices [160, 170):
	channel 0: material (dense)

MasterMerger:  runs 1:48:22
slices [160, 170):
	channel 0: material (dense)

SliceDebugger:  runs 1:49:48
slices [170, 180):
	channel 0: material (dense)

MasterMerger:  runs 1:49:48
slices [170, 180):
	channel 0: material (dense)

SliceDebugger:  runs 1:51:12
slices [180, 190):
	channel 0: material (dense)

MasterMerger:  runs 1:51:13
slices [180, 190):
	channel 0: material (dense)

SliceDebugger:  runs 1:52:35
slices [190, 200):
	channel 0: material (dense)

MasterMerger:  runs 1:52:36
slices [190, 200):
	channel 0: material (dense)

SliceDebugger:  runs 1:53:51
slices [200, 210):
	channel 0: material (dense)

MasterMerger:  runs 1:53:52
slices [200, 210):
	channel 0: material (dense)

SliceDebugger:  runs 1:55:6
slices [210, 220):
	channel 0: material (dense)

MasterMerger:  runs 1:55:7
slices [210, 220):
	channel 0: material (dense)

SliceDebugger:  runs 1:56:19
slices [220, 230):
	channel 0: material (dense)

MasterMerger:  runs 1:56:20
slices [220, 230):
	channel 0: material (dense)

SliceDebugger:  runs 1:57:33
slices [230, 240):
	channel 0: material (dense)

MasterMerger:  runs 1:57:34
slices [230, 240):
	channel 0: material (dense)

SliceDebugger:  runs 1:58:46
slices [240, 250):
	channel 0: material (dense)

MasterMerger:  runs 1:58:47
slices [240, 250):
	channel 0: material (dense)

SliceDebugger:  runs 1:59:58
slices [250, 260):
	channel 0: material (dense)

MasterMerger:  runs 1:59:59
slices [250, 260):
	channel 0: material (dense)

SliceDebugger:  runs 2:1:7
slices [260, 270):
	channel 0: material (dense)

MasterMerger:  runs 2:1:8
slices [260, 270):
	channel 0: material (dense)

SliceDebugger:  runs 2:2:30
slices [270, 280):
	channel 0: material (dense)

MasterMerger:  runs 2:2:31
slices [270, 280):
	channel 0: material (dense)

SliceDebugger:  runs 2:3:41
slices [280, 290):
	channel 0: material (dense)

MasterMerger:  runs 2:3:42
slices [280, 290):
	channel 0: material (dense)

SliceDebugger:  runs 2:4:34
slices [290, 300):
	channel 0: material (dense)

MasterMerger:  runs 2:4:35
slices [290, 300):
	channel 0: material (dense)

SliceDebugger:  runs 2:5:33
slices [300, 310):
	channel 0: material (dense)

MasterMerger:  runs 2:5:34
slices [300, 310):
	channel 0: material (dense)

SliceDebugger:  runs 2:6:22
slices [310, 320):
	channel 0: material (dense)

MasterMerger:  runs 2:6:23
slices [310, 320):
	channel 0: material (dense)

SliceDebugger:  runs 2:6:23
slices [320, 330):
	channel 0: material (dense)

MasterMerger:  runs 2:6:24
slices [320, 330):
	channel 0: material (dense)

SliceDebugger:  runs 2:6:24
slices [330, 340):
	channel 0: material (dense)

MasterMerger:  runs 2:6:25
slices [330, 340):
	channel 0: material (dense)

SliceDebugger:  runs 2:6:25
slices [340, 350):
	channel 0: material (dense)

MasterMerger:  runs 2:6:25
slices [340, 350):
	channel 0: material (dense)

SliceDebugger:  runs 2:6:26
slices [350, 360):
	channel 0: material (dense)

MasterMerger:  runs 2:6:26
slices [350, 360):
	channel 0: material (dense)

SliceDebugger:  runs 2:6:26
slices [360, 370):
	channel 0: material (dense)

MasterMerger:  runs 2:6:27
slices [360, 370):
	channel 0: material (dense)

SliceDebugger:  runs 2:6:27
slices [370, 380):
	channel 0: material (dense)

MasterMerger:  runs 2:6:28
slices [370, 380):
	channel 0: material (dense)

SliceDebugger:  runs 2:6:28
slices [380, 390):
	channel 0: material (dense)

MasterMerger:  runs 2:6:29
slices [380, 390):
	channel 0: material (dense)

SliceDebugger:  runs 2:6:29
slices [390, 400):
	channel 0: material (dense)

MasterMerger:  runs 2:6:30
slices [390, 400):
	channel 0: material (dense)

SliceDebugger:  runs 2:6:30
slices [400, 410):
	channel 0: material (dense)

MasterMerger:  runs 2:6:31
slices [400, 410):
	channel 0: material (dense)

SliceDebugger:  runs 2:6:31
slices [410, 420):
	channel 0: material (dense)

MasterMerger:  runs 2:6:32
slices [410, 420):
	channel 0: material (dense)

SliceDebugger:  runs 2:6:32
slices [420, 430):
	channel 0: material (dense)

MasterMerger:  runs 2:6:33
slices [420, 430):
	channel 0: material (dense)

SliceDebugger:  runs 2:6:33
slices [430, 440):
	channel 0: material (dense)

MasterMerger:  runs 2:6:34
slices [430, 440):
	channel 0: material (dense)

SliceDebugger:  runs 2:6:34
slices [440, 450):
	channel 0: material (dense)

MasterMerger:  runs 2:6:35
slices [440, 450):
	channel 0: material (dense)

SliceDebugger:  runs 2:6:35
slices [450, 460):
	channel 0: material (dense)

MasterMerger:  runs 2:6:36
slices [450, 460):
	channel 0: material (dense)

SliceDebugger:  runs 2:6:36
slices [460, 470):
	channel 0: material (dense)

MasterMerger:  runs 2:6:37
slices [460, 470):
	channel 0: material (dense)

SliceDebugger:  runs 2:6:37
slices [470, 480):
	channel 0: material (dense)

MasterMerger:  runs 2:6:38
slices [470, 480):
	channel 0: material (dense)

SliceDebugger:  runs 2:6:38
slices [480, 490):
	channel 0: material (dense)

MasterMerger:  runs 2:6:39
slices [480, 490):
	channel 0: material (dense)

SliceDebugger:  runs 2:6:39
slices [490, 500):
	channel 0: material (dense)

MasterMerger:  runs 2:6:40
slices [490, 500):
	channel 0: material (dense)

SliceDebugger:  runs 2:6:40
slices [500, 510):
	channel 0: material (dense)

MasterMerger:  runs 2:6:41
slices [500, 510):
	channel 0: material (dense)

SliceDebugger:  runs 2:6:41
slices [510, 520):
	channel 0: material (dense)

MasterMerger:  runs 2:6:42
slices [510, 520):
	channel 0: material (dense)

SliceDebugger:  runs 2:6:42
slices [520, 530):
	channel 0: material (dense)

MasterMerger:  runs 2:6:42
slices [520, 530):
	channel 0: material (dense)

SliceDebugger:  runs 2:6:43
slices [530, 540):
	channel 0: material (dense)

MasterMerger:  runs 2:6:43
slices [530, 540):
	channel 0: material (dense)

SliceDebugger:  runs 2:6:43
slices [540, 550):
	channel 0: material (dense)

MasterMerger:  runs 2:6:44
slices [540, 550):
	channel 0: material (dense)

SliceDebugger:  runs 2:6:44
slices [550, 560):
	channel 0: material (dense)

MasterMerger:  runs 2:6:45
slices [550, 560):
	channel 0: material (dense)

SliceDebugger:  runs 2:6:45
slices [560, 570):
	channel 0: material (dense)

MasterMerger:  runs 2:6:46
slices [560, 570):
	channel 0: material (dense)

SliceDebugger:  runs 2:6:46
slices [570, 580):
	channel 0: material (dense)

MasterMerger:  runs 2:6:47
slices [570, 580):
	channel 0: material (dense)

SliceDebugger:  runs 2:6:47
slices [580, 590):
	channel 0: material (dense)

MasterMerger:  runs 2:6:48
slices [580, 590):
	channel 0: material (dense)

SliceDebugger:  runs 2:6:48
slices [590, 600):
	channel 0: material (dense)

MasterMerger:  runs 2:6:49
slices [590, 600):
	channel 0: material (dense)

SliceDebugger:  runs 2:6:49
slices [600, 610):
	channel 0: material (dense)

MasterMerger:  runs 2:6:50
slices [600, 610):
	channel 0: material (dense)

SliceDebugger:  runs 2:6:50
slices [610, 620):
	channel 0: material (dense)

MasterMerger:  runs 2:6:51
slices [610, 620):
	channel 0: material (dense)

SliceDebugger:  runs 2:6:51
slices [620, 630):
	channel 0: material (dense)

MasterMerger:  runs 2:6:52
slices [620, 630):
	channel 0: material (dense)

SliceDebugger:  runs 2:6:52
slices [630, 640):
	channel 0: material (dense)

MasterMerger:  runs 2:6:53
slices [630, 640):
	channel 0: material (dense)

SliceDebugger:  runs 2:6:53
slices [640, 650):
	channel 0: material (dense)

MasterMerger:  runs 2:6:54
slices [640, 650):
	channel 0: material (dense)

SliceDebugger:  runs 2:6:54
slices [650, 660):
	channel 0: material (dense)

MasterMerger:  runs 2:6:55
slices [650, 660):
	channel 0: material (dense)

SliceDebugger:  runs 2:6:55
slices [660, 670):
	channel 0: material (dense)

MasterMerger:  runs 2:6:55
slices [660, 670):
	channel 0: material (dense)

SliceDebugger:  runs 2:6:56
slices [670, 680):
	channel 0: material (dense)

MasterMerger:  runs 2:6:56
slices [670, 680):
	channel 0: material (dense)

SliceDebugger:  runs 2:6:56
slices [680, 690):
	channel 0: material (dense)

MasterMerger:  runs 2:6:57
slices [680, 690):
	channel 0: material (dense)

SliceDebugger:  runs 2:6:57
slices [690, 700):
	channel 0: material (dense)

MasterMerger:  runs 2:6:58
slices [690, 700):
	channel 0: material (dense)

SliceDebugger:  runs 2:6:58
slices [700, 710):
	channel 0: material (dense)

MasterMerger:  runs 2:6:59
slices [700, 710):
	channel 0: material (dense)

SliceDebugger:  runs 2:6:59
slices [710, 720):
	channel 0: material (dense)

MasterMerger:  runs 2:7:0
slices [710, 720):
	channel 0: material (dense)

SliceDebugger:  runs 2:7:0
slices [720, 730):
	channel 0: material (dense)

MasterMerger:  runs 2:7:1
slices [720, 730):
	channel 0: material (dense)

SliceDebugger:  runs 2:7:1
slices [730, 740):
	channel 0: material (dense)

MasterMerger:  runs 2:7:2
slices [730, 740):
	channel 0: material (dense)

SliceDebugger:  runs 2:7:2
slices [740, 750):
	channel 0: material (dense)

MasterMerger:  runs 2:7:3
slices [740, 750):
	channel 0: material (dense)

SliceDebugger:  runs 2:7:3
slices [750, 760):
	channel 0: material (dense)

MasterMerger:  runs 2:7:4
slices [750, 760):
	channel 0: material (dense)

SliceDebugger:  runs 2:7:4
slices [760, 770):
	channel 0: material (dense)

MasterMerger:  runs 2:7:5
slices [760, 770):
	channel 0: material (dense)

SliceDebugger:  runs 2:7:5
slices [770, 780):
	channel 0: material (dense)

MasterMerger:  runs 2:7:6
slices [770, 780):
	channel 0: material (dense)

SliceDebugger:  runs 2:7:6
slices [780, 790):
	channel 0: material (dense)

MasterMerger:  runs 2:7:7
slices [780, 790):
	channel 0: material (dense)

SliceDebugger:  runs 2:7:7
slices [790, 800):
	channel 0: material (dense)

MasterMerger:  runs 2:7:8
slices [790, 800):
	channel 0: material (dense)

SliceDebugger:  runs 2:7:8
slices [800, 810):
	channel 0: material (dense)

MasterMerger:  runs 2:7:9
slices [800, 810):
	channel 0: material (dense)

SliceDebugger:  runs 2:7:9
slices [810, 820):
	channel 0: material (dense)

MasterMerger:  runs 2:7:10
slices [810, 820):
	channel 0: material (dense)

SliceDebugger:  runs 2:7:10
slices [820, 830):
	channel 0: material (dense)

MasterMerger:  runs 2:7:11
slices [820, 830):
	channel 0: material (dense)

SliceDebugger:  runs 2:7:11
slices [830, 840):
	channel 0: material (dense)

MasterMerger:  runs 2:7:11
slices [830, 840):
	channel 0: material (dense)

SliceDebugger:  runs 2:7:12
slices [840, 850):
	channel 0: material (dense)

MasterMerger:  runs 2:7:12
slices [840, 850):
	channel 0: material (dense)

SliceDebugger:  runs 2:7:13
slices [850, 860):
	channel 0: material (dense)

MasterMerger:  runs 2:7:13
slices [850, 860):
	channel 0: material (dense)

SliceDebugger:  runs 2:7:13
slices [860, 870):
	channel 0: material (dense)

MasterMerger:  runs 2:7:14
slices [860, 870):
	channel 0: material (dense)

SliceDebugger:  runs 2:7:14
slices [870, 880):
	channel 0: material (dense)

MasterMerger:  runs 2:7:15
slices [870, 880):
	channel 0: material (dense)

SliceDebugger:  runs 2:7:15
slices [880, 890):
	channel 0: material (dense)

MasterMerger:  runs 2:7:16
slices [880, 890):
	channel 0: material (dense)

SliceDebugger:  runs 2:7:16
slices [890, 900):
	channel 0: material (dense)

MasterMerger:  runs 2:7:17
slices [890, 900):
	channel 0: material (dense)

SliceDebugger:  runs 2:7:17
slices [900, 910):
	channel 0: material (dense)

MasterMerger:  runs 2:7:18
slices [900, 910):
	channel 0: material (dense)

SliceDebugger:  runs 2:7:18
slices [910, 920):
	channel 0: material (dense)

MasterMerger:  runs 2:7:19
slices [910, 920):
	channel 0: material (dense)

SliceDebugger:  runs 2:7:19
slices [920, 930):
	channel 0: material (dense)

MasterMerger:  runs 2:7:20
slices [920, 930):
	channel 0: material (dense)

SliceDebugger:  runs 2:7:20
slices [930, 940):
	channel 0: material (dense)

MasterMerger:  runs 2:7:21
slices [930, 940):
	channel 0: material (dense)

SliceDebugger:  runs 2:7:21
slices [940, 950):
	channel 0: material (dense)

MasterMerger:  runs 2:7:22
slices [940, 950):
	channel 0: material (dense)

SliceDebugger:  runs 2:7:22
slices [950, 960):
	channel 0: material (dense)

MasterMerger:  runs 2:7:23
slices [950, 960):
	channel 0: material (dense)

SliceDebugger:  runs 2:7:23
slices [960, 970):
	channel 0: material (dense)

MasterMerger:  runs 2:7:24
slices [960, 970):
	channel 0: material (dense)

SliceDebugger:  runs 2:7:24
slices [970, 980):
	channel 0: material (dense)

MasterMerger:  runs 2:7:25
slices [970, 980):
	channel 0: material (dense)

SliceDebugger:  runs 2:7:25
slices [980, 990):
	channel 0: material (dense)

MasterMerger:  runs 2:7:25
slices [980, 990):
	channel 0: material (dense)

SliceDebugger:  runs 2:7:26
slices [990, 1000):
	channel 0: material (dense)

MasterMerger:  runs 2:7:26
slices [990, 1000):
	channel 0: material (dense)

SliceDebugger:  runs 2:7:26
slices [1000, 1010):
	channel 0: material (dense)

MasterMerger:  runs 2:7:27
slices [1000, 1010):
	channel 0: material (dense)

SliceDebugger:  runs 2:7:27
slices [1010, 1020):
	channel 0: material (dense)

MasterMerger:  runs 2:7:28
slices [1010, 1020):
	channel 0: material (dense)

SliceDebugger:  runs 2:7:28
slices [1020, 1030):
	channel 0: material (dense)

MasterMerger:  runs 2:7:29
slices [1020, 1030):
	channel 0: material (dense)

SliceDebugger:  runs 2:7:29
slices [1030, 1040):
	channel 0: material (dense)

MasterMerger:  runs 2:7:30
slices [1030, 1040):
	channel 0: material (dense)

SliceDebugger:  runs 2:7:30
slices [1040, 1050):
	channel 0: material (dense)

MasterMerger:  runs 2:7:31
slices [1040, 1050):
	channel 0: material (dense)

SliceDebugger:  runs 2:7:31
slices [1050, 1060):
	channel 0: material (dense)

MasterMerger:  runs 2:7:32
slices [1050, 1060):
	channel 0: material (dense)

SliceDebugger:  runs 2:7:32
slices [1060, 1070):
	channel 0: material (dense)

MasterMerger:  runs 2:7:33
slices [1060, 1070):
	channel 0: material (dense)

SliceDebugger:  runs 2:7:33
slices [1070, 1080):
	channel 0: material (dense)

MasterMerger:  runs 2:7:34
slices [1070, 1080):
	channel 0: material (dense)

SliceDebugger:  runs 2:7:34
slices [1080, 1090):
	channel 0: material (dense)

MasterMerger:  runs 2:7:35
slices [1080, 1090):
	channel 0: material (dense)

SliceDebugger:  runs 2:7:35
slices [1090, 1100):
	channel 0: material (dense)

MasterMerger:  runs 2:7:36
slices [1090, 1100):
	channel 0: material (dense)

SliceDebugger:  runs 2:7:36
slices [1100, 1110):
	channel 0: material (dense)

MasterMerger:  runs 2:7:37
slices [1100, 1110):
	channel 0: material (dense)

SliceDebugger:  runs 2:7:37
slices [1110, 1120):
	channel 0: material (dense)

MasterMerger:  runs 2:7:38
slices [1110, 1120):
	channel 0: material (dense)

SliceDebugger:  runs 2:7:38
slices [1120, 1130):
	channel 0: material (dense)

MasterMerger:  runs 2:7:39
slices [1120, 1130):
	channel 0: material (dense)

SliceDebugger:  runs 2:7:39
slices [1130, 1140):
	channel 0: material (dense)

MasterMerger:  runs 2:7:40
slices [1130, 1140):
	channel 0: material (dense)

SliceDebugger:  runs 2:7:40
slices [1140, 1150):
	channel 0: material (dense)

MasterMerger:  runs 2:7:41
slices [1140, 1150):
	channel 0: material (dense)

SliceDebugger:  runs 2:7:41
slices [1150, 1160):
	channel 0: material (dense)

MasterMerger:  runs 2:7:41
slices [1150, 1160):
	channel 0: material (dense)

SliceDebugger:  runs 2:7:42
slices [1160, 1170):
	channel 0: material (dense)

MasterMerger:  runs 2:7:42
slices [1160, 1170):
	channel 0: material (dense)

SliceDebugger:  runs 2:7:43
slices [1170, 1180):
	channel 0: material (dense)

MasterMerger:  runs 2:7:43
slices [1170, 1180):
	channel 0: material (dense)

SliceDebugger:  runs 2:7:43
slices [1180, 1190):
	channel 0: material (dense)

MasterMerger:  runs 2:7:44
slices [1180, 1190):
	channel 0: material (dense)

SliceDebugger:  runs 2:7:44
slices [1190, 1200):
	channel 0: material (dense)

MasterMerger:  runs 2:7:45
slices [1190, 1200):
	channel 0: material (dense)

SliceDebugger:  runs 2:7:45
slices [1200, 1210):
	channel 0: material (dense)

MasterMerger:  runs 2:7:46
slices [1200, 1210):
	channel 0: material (dense)

SliceDebugger:  runs 2:7:46
slices [1210, 1220):
	channel 0: material (dense)

MasterMerger:  runs 2:7:47
slices [1210, 1220):
	channel 0: material (dense)

SliceDebugger:  runs 2:7:47
slices [1220, 1230):
	channel 0: material (dense)

MasterMerger:  runs 2:7:48
slices [1220, 1230):
	channel 0: material (dense)

SliceDebugger:  runs 2:7:48
slices [1230, 1240):
	channel 0: material (dense)

MasterMerger:  runs 2:7:49
slices [1230, 1240):
	channel 0: material (dense)

SliceDebugger:  runs 2:7:49
slices [1240, 1250):
	channel 0: material (dense)

MasterMerger:  runs 2:7:50
slices [1240, 1250):
	channel 0: material (dense)

SliceDebugger:  runs 2:7:50
slices [1250, 1260):
	channel 0: material (dense)

MasterMerger:  runs 2:7:51
slices [1250, 1260):
	channel 0: material (dense)

SliceDebugger:  runs 2:7:51
slices [1260, 1270):
	channel 0: material (dense)

MasterMerger:  runs 2:7:52
slices [1260, 1270):
	channel 0: material (dense)

SliceDebugger:  runs 2:7:52
slices [1270, 1280):
	channel 0: material (dense)

MasterMerger:  runs 2:7:53
slices [1270, 1280):
	channel 0: material (dense)

SliceDebugger:  runs 2:7:53
slices [1280, 1290):
	channel 0: material (dense)

MasterMerger:  runs 2:7:53
slices [1280, 1290):
	channel 0: material (dense)

SliceDebugger:  runs 2:7:54
slices [1290, 1300):
	channel 0: material (dense)

MasterMerger:  runs 2:7:54
slices [1290, 1300):
	channel 0: material (dense)

SliceDebugger:  runs 2:7:54
slices [1300, 1310):
	channel 0: material (dense)

MasterMerger:  runs 2:7:55
slices [1300, 1310):
	channel 0: material (dense)

SliceDebugger:  runs 2:7:55
slices [1310, 1320):
	channel 0: material (dense)

MasterMerger:  runs 2:7:56
slices [1310, 1320):
	channel 0: material (dense)

SliceDebugger:  runs 2:7:56
slices [1320, 1330):
	channel 0: material (dense)

MasterMerger:  runs 2:7:57
slices [1320, 1330):
	channel 0: material (dense)

SliceDebugger:  runs 2:7:57
slices [1330, 1340):
	channel 0: material (dense)

MasterMerger:  runs 2:7:58
slices [1330, 1340):
	channel 0: material (dense)

SliceDebugger:  runs 2:7:58
slices [1340, 1350):
	channel 0: material (dense)

MasterMerger:  runs 2:7:59
slices [1340, 1350):
	channel 0: material (dense)

SliceDebugger:  runs 2:7:59
slices [1350, 1360):
	channel 0: material (dense)

MasterMerger:  runs 2:8:0
slices [1350, 1360):
	channel 0: material (dense)

SliceDebugger:  runs 2:8:0
slices [1360, 1370):
	channel 0: material (dense)

MasterMerger:  runs 2:8:1
slices [1360, 1370):
	channel 0: material (dense)

SliceDebugger:  runs 2:8:1
slices [1370, 1380):
	channel 0: material (dense)

MasterMerger:  runs 2:8:2
slices [1370, 1380):
	channel 0: material (dense)

SliceDebugger:  runs 2:8:2
slices [1380, 1390):
	channel 0: material (dense)

MasterMerger:  runs 2:8:2
slices [1380, 1390):
	channel 0: material (dense)

SliceDebugger:  runs 2:8:3
slices [1390, 1396):
	channel 0: material (dense)

Computation finished 

Status: success
Master Node  0 :Total execution time in seconds 2586.29

