SlavePrintingSoftware::startUp:
	1 trials
	total = 0.294934 s
	mean  = 0.294934 s
	var   = 0 s^2, std = 0 s
	min   = 0.294934 s
	max   = 0.294934 s

PrintingSoftware::execute:
	1 trials
	total = 482.415 s
	mean  = 482.415 s
	var   = 0 s^2, std = 0 s
	min   = 482.415 s
	max   = 482.415 s

DistributedComputingInitiator::Receive:
	1 trials
	total = 21.658 s
	mean  = 21.658 s
	var   = 0 s^2, std = 0 s
	min   = 21.658 s
	max   = 21.658 s

FileParserPJ::setInput:
	1 trials
	total = 0 s
	mean  = 0 s
	var   = 0 s^2, std = 0 s
	min   = 0 s
	max   = 0 s

FileParserPJ::runInternal:
	1 trials
	total = 9.64902 s
	mean  = 9.64902 s
	var   = 0 s^2, std = 0 s
	min   = 9.64902 s
	max   = 9.64902 s

PrintJobOrganizer::setInput:
	1 trials
	total = 0.015654 s
	mean  = 0.015654 s
	var   = 0 s^2, std = 0 s
	min   = 0.015654 s
	max   = 0.015654 s

PrintJobOrganizer::runInternal:
	1 trials
	total = 0.612771 s
	mean  = 0.612771 s
	var   = 0 s^2, std = 0 s
	min   = 0.612771 s
	max   = 0.612771 s

PrintJobPreprocessor::setInput:
	1 trials
	total = 0 s
	mean  = 0 s
	var   = 0 s^2, std = 0 s
	min   = 0 s
	max   = 0 s

PrintJobPreprocessor::runInternal:
	1 trials
	total = 2.59403 s
	mean  = 2.59403 s
	var   = 0 s^2, std = 0 s
	min   = 2.59403 s
	max   = 2.59403 s

PrintJobVoxelizer::setInput:
	16 trials
	total = 0 s
	mean  = 0 s
	var   = 0 s^2, std = 0 s
	min   = 0 s
	max   = 0 s

PrintJobVoxelizer::runInternal:
	16 trials
	total = 124.648 s
	mean  = 7.7905 s
	var   = 1.25184 s^2, std = 1.11886 s
	min   = 4.02326 s
	max   = 9.1416 s

PrintJobVoxelizer::rasterizeObjects:
	16 trials
	total = 30.2836 s
	mean  = 1.89273 s
	var   = 0.288805 s^2, std = 0.537406 s
	min   = 0.625038 s
	max   = 2.57837 s

PrintJobVoxelizer::voxelizeObjects:
	16 trials
	total = 91.3173 s
	mean  = 5.70733 s
	var   = 0.48607 s^2, std = 0.697187 s
	min   = 3.28881 s
	max   = 6.37568 s

PrintJobVoxelizer::finalizeSurfaces:
	16 trials
	total = 0.968843 s
	mean  = 0.0605527 s
	var   = 0.00015886 s^2, std = 0.0126039 s
	min   = 0.031253 s
	max   = 0.078163 s

TonalValueCalculator::setInput:
	16 trials
	total = 0 s
	mean  = 0 s
	var   = 0 s^2, std = 0 s
	min   = 0 s
	max   = 0 s

TonalValueCalculator::runInternal:
	16 trials
	total = 0.640686 s
	mean  = 0.0400429 s
	var   = 0.00035713 s^2, std = 0.0188979 s
	min   = 0 s
	max   = 0.062507 s

SurfaceDistanceOrderedTransfer::setInput:
	16 trials
	total = 0.015626 s
	mean  = 0.000976625 s
	var   = 1.52607e-005 s^2, std = 0.0039065 s
	min   = 0 s
	max   = 0.015626 s

SurfaceDistanceOrderedTransfer::runInternal:
	16 trials
	total = 56.3084 s
	mean  = 3.51928 s
	var   = 0.305944 s^2, std = 0.553122 s
	min   = 1.62517 s
	max   = 4.02315 s

SurfaceDistanceOrderedTransfer::buildOrderedSurfaceData:
	16 trials
	total = 1.03142 s
	mean  = 0.0644639 s
	var   = 0.00787654 s^2, std = 0.0887499 s
	min   = 0 s
	max   = 0.390698 s

SurfaceDistanceOrderedTransfer::fillDistanceChannel:
	16 trials
	total = 3.43171 s
	mean  = 0.214482 s
	var   = 0.00138321 s^2, std = 0.0371915 s
	min   = 0.093763 s
	max   = 0.265683 s

SurfaceDistanceOrderedTransfer::transfer:
	16 trials
	total = 50.3919 s
	mean  = 3.14949 s
	var   = 0.342961 s^2, std = 0.585629 s
	min   = 1.10947 s
	max   = 3.63249 s

SurfaceDistanceOrderedTransfer::mergeDistances:
	48 trials
	total = 4.3786 s
	mean  = 0.0912208 s
	var   = 0.000188954 s^2, std = 0.013746 s
	min   = 0.031254 s
	max   = 0.109387 s

SurfaceDistanceOrderedTransfer::applySqrt:
	16 trials
	total = 1.43774 s
	mean  = 0.0898586 s
	var   = 0.000244314 s^2, std = 0.0156306 s
	min   = 0.031244 s
	max   = 0.093792 s

LayerExtractor::setInput:
	16 trials
	total = 0 s
	mean  = 0 s
	var   = 0 s^2, std = 0 s
	min   = 0 s
	max   = 0 s

LayerExtractor::runInternal:
	16 trials
	total = 19.7584 s
	mean  = 1.2349 s
	var   = 0.218883 s^2, std = 0.46785 s
	min   = 0.171924 s
	max   = 1.73456 s

VectorLayerHalftoner::setInput:
	16 trials
	total = 0.046852 s
	mean  = 0.00292825 s
	var   = 3.9634e-005 s^2, std = 0.00629555 s
	min   = 0 s
	max   = 0.015627 s

VectorLayerHalftoner::runInternal:
	16 trials
	total = 168.176 s
	mean  = 10.511 s
	var   = 20.2817 s^2, std = 4.50352 s
	min   = 1.15641 s
	max   = 16.6959 s

VectorLayerHalftoner(0)::setupOutputContainerSlaveReporter::serializeSlice:
	777 trials
	total = 444.901 s
	mean  = 0.572588 s
	var   = 0.0929791 s^2, std = 0.304925 s
	min   = 0.406263 s
	max   = 3.7504 s

SlaveReporter::Send:
	22 trials
	total = 0 s
	mean  = 0 s
	var   = 0 s^2, std = 0 s
	min   = 0 s
	max   = 0 s

