SlavePrintingSoftware::startUp:
	1 trials
	total = 0.283938 s
	mean  = 0.283938 s
	var   = 0 s^2, std = 0 s
	min   = 0.283938 s
	max   = 0.283938 s

PrintingSoftware::execute:
	1 trials
	total = 820.981 s
	mean  = 820.981 s
	var   = 0 s^2, std = 0 s
	min   = 820.981 s
	max   = 820.981 s

DistributedComputingInitiator::Receive:
	1 trials
	total = 29.5974 s
	mean  = 29.5974 s
	var   = 0 s^2, std = 0 s
	min   = 29.5974 s
	max   = 29.5974 s

FileParserPJ::setInput:
	1 trials
	total = 0 s
	mean  = 0 s
	var   = 0 s^2, std = 0 s
	min   = 0 s
	max   = 0 s

FileParserPJ::runInternal:
	1 trials
	total = 13.1585 s
	mean  = 13.1585 s
	var   = 0 s^2, std = 0 s
	min   = 13.1585 s
	max   = 13.1585 s

PrintJobOrganizer::setInput:
	1 trials
	total = 0.002142 s
	mean  = 0.002142 s
	var   = 0 s^2, std = 0 s
	min   = 0.002142 s
	max   = 0.002142 s

PrintJobOrganizer::runInternal:
	1 trials
	total = 0.77037 s
	mean  = 0.77037 s
	var   = 0 s^2, std = 0 s
	min   = 0.77037 s
	max   = 0.77037 s

PrintJobPreprocessor::setInput:
	1 trials
	total = 0 s
	mean  = 0 s
	var   = 0 s^2, std = 0 s
	min   = 0 s
	max   = 0 s

PrintJobPreprocessor::runInternal:
	1 trials
	total = 3.59852 s
	mean  = 3.59852 s
	var   = 0 s^2, std = 0 s
	min   = 3.59852 s
	max   = 3.59852 s

PrintJobVoxelizer::setInput:
	16 trials
	total = 0 s
	mean  = 0 s
	var   = 0 s^2, std = 0 s
	min   = 0 s
	max   = 0 s

PrintJobVoxelizer::runInternal:
	16 trials
	total = 187.273 s
	mean  = 11.7046 s
	var   = 3.08802 s^2, std = 1.75727 s
	min   = 5.91422 s
	max   = 13.3736 s

PrintJobVoxelizer::rasterizeObjects:
	16 trials
	total = 38.8002 s
	mean  = 2.42502 s
	var   = 0.593564 s^2, std = 0.770431 s
	min   = 0.67292 s
	max   = 3.2691 s

PrintJobVoxelizer::voxelizeObjects:
	16 trials
	total = 144.492 s
	mean  = 9.03076 s
	var   = 1.65829 s^2, std = 1.28775 s
	min   = 5.12231 s
	max   = 10.2347 s

PrintJobVoxelizer::finalizeSurfaces:
	16 trials
	total = 1.35089 s
	mean  = 0.0844306 s
	var   = 0.000306519 s^2, std = 0.0175077 s
	min   = 0.033259 s
	max   = 0.102219 s

TonalValueCalculator::setInput:
	16 trials
	total = 0 s
	mean  = 0 s
	var   = 0 s^2, std = 0 s
	min   = 0 s
	max   = 0 s

TonalValueCalculator::runInternal:
	16 trials
	total = 1.09464 s
	mean  = 0.0684151 s
	var   = 0.00145498 s^2, std = 0.0381442 s
	min   = 0 s
	max   = 0.152827 s

SurfaceDistanceOrderedTransfer::setInput:
	16 trials
	total = 0.001001 s
	mean  = 6.25625e-005 s
	var   = 6.26251e-008 s^2, std = 0.00025025 s
	min   = 0 s
	max   = 0.001001 s

SurfaceDistanceOrderedTransfer::runInternal:
	16 trials
	total = 92.6151 s
	mean  = 5.78844 s
	var   = 0.810808 s^2, std = 0.900449 s
	min   = 2.70238 s
	max   = 6.50256 s

SurfaceDistanceOrderedTransfer::buildOrderedSurfaceData:
	16 trials
	total = 1.38072 s
	mean  = 0.0862949 s
	var   = 0.0145836 s^2, std = 0.120763 s
	min   = 0 s
	max   = 0.531021 s

SurfaceDistanceOrderedTransfer::fillDistanceChannel:
	16 trials
	total = 4.52861 s
	mean  = 0.283038 s
	var   = 0.00215886 s^2, std = 0.0464635 s
	min   = 0.115306 s
	max   = 0.321302 s

SurfaceDistanceOrderedTransfer::transfer:
	16 trials
	total = 85.7671 s
	mean  = 5.36044 s
	var   = 0.907798 s^2, std = 0.952784 s
	min   = 2.04604 s
	max   = 6.06065 s

SurfaceDistanceOrderedTransfer::mergeDistances:
	64 trials
	total = 6.12168 s
	mean  = 0.0956512 s
	var   = 0.000216156 s^2, std = 0.0147022 s
	min   = 0.036136 s
	max   = 0.114814 s

SurfaceDistanceOrderedTransfer::applySqrt:
	16 trials
	total = 0.930991 s
	mean  = 0.0581869 s
	var   = 0.000544745 s^2, std = 0.0233398 s
	min   = 0.009011 s
	max   = 0.085108 s

LayerExtractor::setInput:
	16 trials
	total = 0.000992 s
	mean  = 6.2e-005 s
	var   = 2.87052e-008 s^2, std = 0.000169426 s
	min   = 0 s
	max   = 0.000501 s

LayerExtractor::runInternal:
	16 trials
	total = 27.7907 s
	mean  = 1.73692 s
	var   = 0.446423 s^2, std = 0.668149 s
	min   = 0.240446 s
	max   = 2.43968 s

VectorLayerHalftoner::setInput:
	16 trials
	total = 0.020049 s
	mean  = 0.00125306 s
	var   = 1.48687e-005 s^2, std = 0.00385599 s
	min   = 0 s
	max   = 0.015619 s

VectorLayerHalftoner::runInternal:
	16 trials
	total = 260.837 s
	mean  = 16.3023 s
	var   = 57.081 s^2, std = 7.5552 s
	min   = 1.54805 s
	max   = 27.1232 s

VectorLayerHalftoner(0)::setupOutputContainerSlaveReporter::serializeSlice:
	777 trials
	total = 772.893 s
	mean  = 0.994715 s
	var   = 0.894462 s^2, std = 0.94576 s
	min   = 0.541669 s
	max   = 7.47951 s

SlaveReporter::Send:
	22 trials
	total = 0.000502 s
	mean  = 2.28182e-005 s
	var   = 1.14547e-008 s^2, std = 0.000107027 s
	min   = 0 s
	max   = 0.000502 s

