SlavePrintingSoftware::startUp:
	1 trials
	total = 0.328157 s
	mean  = 0.328157 s
	var   = 0 s^2, std = 0 s
	min   = 0.328157 s
	max   = 0.328157 s

PrintingSoftware::execute:
	1 trials
	total = 333.66 s
	mean  = 333.66 s
	var   = 0 s^2, std = 0 s
	min   = 333.66 s
	max   = 333.66 s

DistributedComputingInitiator::Receive:
	1 trials
	total = 19.4394 s
	mean  = 19.4394 s
	var   = 0 s^2, std = 0 s
	min   = 19.4394 s
	max   = 19.4394 s

FileParserPJ::setInput:
	1 trials
	total = 0 s
	mean  = 0 s
	var   = 0 s^2, std = 0 s
	min   = 0 s
	max   = 0 s

FileParserPJ::runInternal:
	1 trials
	total = 10.5167 s
	mean  = 10.5167 s
	var   = 0 s^2, std = 0 s
	min   = 10.5167 s
	max   = 10.5167 s

PrintJobOrganizer::setInput:
	1 trials
	total = 0.015625 s
	mean  = 0.015625 s
	var   = 0 s^2, std = 0 s
	min   = 0.015625 s
	max   = 0.015625 s

PrintJobOrganizer::runInternal:
	1 trials
	total = 0.562556 s
	mean  = 0.562556 s
	var   = 0 s^2, std = 0 s
	min   = 0.562556 s
	max   = 0.562556 s

PrintJobPreprocessor::setInput:
	1 trials
	total = 0 s
	mean  = 0 s
	var   = 0 s^2, std = 0 s
	min   = 0 s
	max   = 0 s

PrintJobPreprocessor::runInternal:
	1 trials
	total = 2.98467 s
	mean  = 2.98467 s
	var   = 0 s^2, std = 0 s
	min   = 2.98467 s
	max   = 2.98467 s

PrintJobVoxelizer::setInput:
	16 trials
	total = 0 s
	mean  = 0 s
	var   = 0 s^2, std = 0 s
	min   = 0 s
	max   = 0 s

PrintJobVoxelizer::runInternal:
	16 trials
	total = 81.5261 s
	mean  = 5.09538 s
	var   = 0.691052 s^2, std = 0.831296 s
	min   = 2.57838 s
	max   = 6.07873 s

PrintJobVoxelizer::rasterizeObjects:
	16 trials
	total = 28.6606 s
	mean  = 1.79129 s
	var   = 0.290553 s^2, std = 0.53903 s
	min   = 0.640688 s
	max   = 2.60963 s

PrintJobVoxelizer::voxelizeObjects:
	16 trials
	total = 49.6919 s
	mean  = 3.10574 s
	var   = 0.153771 s^2, std = 0.392137 s
	min   = 1.82831 s
	max   = 3.60973 s

PrintJobVoxelizer::finalizeSurfaces:
	16 trials
	total = 0.781331 s
	mean  = 0.0488332 s
	var   = 9.36078e-005 s^2, std = 0.00967511 s
	min   = 0.031253 s
	max   = 0.062507 s

TonalValueCalculator::setInput:
	16 trials
	total = 0 s
	mean  = 0 s
	var   = 0 s^2, std = 0 s
	min   = 0 s
	max   = 0 s

TonalValueCalculator::runInternal:
	16 trials
	total = 0.516507 s
	mean  = 0.0322817 s
	var   = 0.000308225 s^2, std = 0.0175563 s
	min   = 0 s
	max   = 0.062507 s

SurfaceDistanceOrderedTransfer::setInput:
	16 trials
	total = 0 s
	mean  = 0 s
	var   = 0 s^2, std = 0 s
	min   = 0 s
	max   = 0 s

SurfaceDistanceOrderedTransfer::runInternal:
	16 trials
	total = 29.8683 s
	mean  = 1.86677 s
	var   = 0.0547564 s^2, std = 0.234001 s
	min   = 1.07823 s
	max   = 2.10959 s

SurfaceDistanceOrderedTransfer::buildOrderedSurfaceData:
	16 trials
	total = 1.13797 s
	mean  = 0.0711234 s
	var   = 0.00993885 s^2, std = 0.0996938 s
	min   = 0 s
	max   = 0.437544 s

SurfaceDistanceOrderedTransfer::fillDistanceChannel:
	16 trials
	total = 2.88689 s
	mean  = 0.18043 s
	var   = 0.000973085 s^2, std = 0.0311943 s
	min   = 0.078133 s
	max   = 0.234399 s

SurfaceDistanceOrderedTransfer::transfer:
	16 trials
	total = 24.3892 s
	mean  = 1.52432 s
	var   = 0.0821259 s^2, std = 0.286576 s
	min   = 0.515676 s
	max   = 1.78143 s

SurfaceDistanceOrderedTransfer::mergeDistances:
	32 trials
	total = 2.89091 s
	mean  = 0.090341 s
	var   = 0.000184863 s^2, std = 0.0135964 s
	min   = 0.031254 s
	max   = 0.09376 s

SurfaceDistanceOrderedTransfer::applySqrt:
	16 trials
	total = 1.43764 s
	mean  = 0.0898527 s
	var   = 0.000244191 s^2, std = 0.0156266 s
	min   = 0.031253 s
	max   = 0.09376 s

LayerExtractor::setInput:
	16 trials
	total = 0 s
	mean  = 0 s
	var   = 0 s^2, std = 0 s
	min   = 0 s
	max   = 0 s

LayerExtractor::runInternal:
	16 trials
	total = 22.9867 s
	mean  = 1.43667 s
	var   = 0.295191 s^2, std = 0.543315 s
	min   = 0.218772 s
	max   = 1.93769 s

VectorLayerHalftoner::setInput:
	16 trials
	total = 0 s
	mean  = 0 s
	var   = 0 s^2, std = 0 s
	min   = 0 s
	max   = 0 s

VectorLayerHalftoner::runInternal:
	16 trials
	total = 117.119 s
	mean  = 7.31996 s
	var   = 6.1193 s^2, std = 2.47372 s
	min   = 1.297 s
	max   = 10.8448 s

VectorLayerHalftoner(0)::setupOutputContainerSlaveReporter::serializeSlice:
	777 trials
	total = 299.609 s
	mean  = 0.385597 s
	var   = 0.149997 s^2, std = 0.387295 s
	min   = 0.265651 s
	max   = 4.0629 s

SlaveReporter::Send:
	22 trials
	total = 0 s
	mean  = 0 s
	var   = 0 s^2, std = 0 s
	min   = 0 s
	max   = 0 s

