SlavePrintingSoftware::startUp:
	1 trials
	total = 0.421998 s
	mean  = 0.421998 s
	var   = 0 s^2, std = 0 s
	min   = 0.421998 s
	max   = 0.421998 s

PrintingSoftware::execute:
	1 trials
	total = 2449.28 s
	mean  = 2449.28 s
	var   = 0 s^2, std = 0 s
	min   = 2449.28 s
	max   = 2449.28 s

DistributedComputingInitiator::Receive:
	1 trials
	total = 15.5735 s
	mean  = 15.5735 s
	var   = 0 s^2, std = 0 s
	min   = 15.5735 s
	max   = 15.5735 s

FileParserPJ::setInput:
	1 trials
	total = 0 s
	mean  = 0 s
	var   = 0 s^2, std = 0 s
	min   = 0 s
	max   = 0 s

FileParserPJ::runInternal:
	1 trials
	total = 6.54747 s
	mean  = 6.54747 s
	var   = 0 s^2, std = 0 s
	min   = 6.54747 s
	max   = 6.54747 s

PrintJobOrganizer::setInput:
	1 trials
	total = 0 s
	mean  = 0 s
	var   = 0 s^2, std = 0 s
	min   = 0 s
	max   = 0 s

PrintJobOrganizer::runInternal:
	1 trials
	total = 0.500054 s
	mean  = 0.500054 s
	var   = 0 s^2, std = 0 s
	min   = 0.500054 s
	max   = 0.500054 s

PrintJobPreprocessor::setInput:
	1 trials
	total = 0 s
	mean  = 0 s
	var   = 0 s^2, std = 0 s
	min   = 0 s
	max   = 0 s

PrintJobPreprocessor::runInternal:
	1 trials
	total = 1.71892 s
	mean  = 1.71892 s
	var   = 0 s^2, std = 0 s
	min   = 1.71892 s
	max   = 1.71892 s

PrintJobVoxelizer::setInput:
	32 trials
	total = 0 s
	mean  = 0 s
	var   = 0 s^2, std = 0 s
	min   = 0 s
	max   = 0 s

PrintJobVoxelizer::runInternal:
	32 trials
	total = 370.994 s
	mean  = 11.5936 s
	var   = 4.763 s^2, std = 2.18243 s
	min   = 0.531276 s
	max   = 13.9472 s

PrintJobVoxelizer::rasterizeObjects:
	32 trials
	total = 45.8173 s
	mean  = 1.43179 s
	var   = 0.20214 s^2, std = 0.4496 s
	min   = 0.375009 s
	max   = 1.95333 s

PrintJobVoxelizer::voxelizeObjects:
	32 trials
	total = 311.565 s
	mean  = 9.7364 s
	var   = 3.90774 s^2, std = 1.9768 s
	min   = 0.14064 s
	max   = 11.7785 s

PrintJobVoxelizer::finalizeSurfaces:
	32 trials
	total = 4.15606 s
	mean  = 0.129877 s
	var   = 0.0005498 s^2, std = 0.0234478 s
	min   = 0.015627 s
	max   = 0.145741 s

TonalValueCalculator::setInput:
	32 trials
	total = 0 s
	mean  = 0 s
	var   = 0 s^2, std = 0 s
	min   = 0 s
	max   = 0 s

TonalValueCalculator::runInternal:
	32 trials
	total = 1.71892 s
	mean  = 0.0537163 s
	var   = 0.000692206 s^2, std = 0.0263098 s
	min   = 0 s
	max   = 0.093762 s

SurfaceDistanceOrderedTransfer::setInput:
	32 trials
	total = 0.015627 s
	mean  = 0.000488344 s
	var   = 7.63135e-006 s^2, std = 0.00276249 s
	min   = 0 s
	max   = 0.015627 s

SurfaceDistanceOrderedTransfer::runInternal:
	32 trials
	total = 178.289 s
	mean  = 5.57154 s
	var   = 0.531048 s^2, std = 0.72873 s
	min   = 3.18784 s
	max   = 6.28 s

SurfaceDistanceOrderedTransfer::buildOrderedSurfaceData:
	32 trials
	total = 2.99607 s
	mean  = 0.0936272 s
	var   = 0.0352135 s^2, std = 0.187652 s
	min   = 0 s
	max   = 1.10952 s

SurfaceDistanceOrderedTransfer::fillDistanceChannel:
	32 trials
	total = 17.0988 s
	mean  = 0.534338 s
	var   = 0.00522968 s^2, std = 0.0723165 s
	min   = 0.265624 s
	max   = 0.718825 s

SurfaceDistanceOrderedTransfer::transfer:
	32 trials
	total = 155.724 s
	mean  = 4.86639 s
	var   = 0.5964 s^2, std = 0.772269 s
	min   = 1.78145 s
	max   = 5.56117 s

SurfaceDistanceOrderedTransfer::mergeDistances:
	64 trials
	total = 11.3532 s
	mean  = 0.177393 s
	var   = 0.000419777 s^2, std = 0.0204885 s
	min   = 0.093761 s
	max   = 0.203152 s

SurfaceDistanceOrderedTransfer::applySqrt:
	32 trials
	total = 2.43875 s
	mean  = 0.0762108 s
	var   = 0.000106552 s^2, std = 0.0103224 s
	min   = 0.031237 s
	max   = 0.093758 s

LayerExtractor::setInput:
	32 trials
	total = 0 s
	mean  = 0 s
	var   = 0 s^2, std = 0 s
	min   = 0 s
	max   = 0 s

LayerExtractor::runInternal:
	32 trials
	total = 68.4741 s
	mean  = 2.13982 s
	var   = 0.41864 s^2, std = 0.647024 s
	min   = 0.421953 s
	max   = 2.92218 s

VectorLayerHalftoner::setInput:
	32 trials
	total = 0 s
	mean  = 0 s
	var   = 0 s^2, std = 0 s
	min   = 0 s
	max   = 0 s

VectorLayerHalftoner::runInternal:
	32 trials
	total = 632.039 s
	mean  = 19.7512 s
	var   = 54.1181 s^2, std = 7.3565 s
	min   = 2.65656 s
	max   = 30.9422 s

VectorLayerHalftoner(0)::setupOutputContainerSlaveReporter::serializeSlice:
	1396 trials
	total = 2403.08 s
	mean  = 1.7214 s
	var   = 0.771101 s^2, std = 0.878124 s
	min   = 1.09386 s
	max   = 9.04282 s

SlaveReporter::Send:
	38 trials
	total = 0 s
	mean  = 0 s
	var   = 0 s^2, std = 0 s
	min   = 0 s
	max   = 0 s

