SlavePrintingSoftware::startUp:
	1 trials
	total = 0.283251 s
	mean  = 0.283251 s
	var   = 0 s^2, std = 0 s
	min   = 0.283251 s
	max   = 0.283251 s

PrintingSoftware::execute:
	1 trials
	total = 1062.29 s
	mean  = 1062.29 s
	var   = 0 s^2, std = 0 s
	min   = 1062.29 s
	max   = 1062.29 s

DistributedComputingInitiator::Receive:
	1 trials
	total = 35.5046 s
	mean  = 35.5046 s
	var   = 0 s^2, std = 0 s
	min   = 35.5046 s
	max   = 35.5046 s

FileParserPJ::setInput:
	1 trials
	total = 0 s
	mean  = 0 s
	var   = 0 s^2, std = 0 s
	min   = 0 s
	max   = 0 s

FileParserPJ::runInternal:
	1 trials
	total = 16.8247 s
	mean  = 16.8247 s
	var   = 0 s^2, std = 0 s
	min   = 16.8247 s
	max   = 16.8247 s

PrintJobOrganizer::setInput:
	1 trials
	total = 0.002505 s
	mean  = 0.002505 s
	var   = 0 s^2, std = 0 s
	min   = 0.002505 s
	max   = 0.002505 s

PrintJobOrganizer::runInternal:
	1 trials
	total = 0.984615 s
	mean  = 0.984615 s
	var   = 0 s^2, std = 0 s
	min   = 0.984615 s
	max   = 0.984615 s

PrintJobPreprocessor::setInput:
	1 trials
	total = 0 s
	mean  = 0 s
	var   = 0 s^2, std = 0 s
	min   = 0 s
	max   = 0 s

PrintJobPreprocessor::runInternal:
	1 trials
	total = 4.96473 s
	mean  = 4.96473 s
	var   = 0 s^2, std = 0 s
	min   = 4.96473 s
	max   = 4.96473 s

PrintJobVoxelizer::setInput:
	16 trials
	total = 0 s
	mean  = 0 s
	var   = 0 s^2, std = 0 s
	min   = 0 s
	max   = 0 s

PrintJobVoxelizer::runInternal:
	16 trials
	total = 295.71 s
	mean  = 18.4819 s
	var   = 6.75764 s^2, std = 2.59955 s
	min   = 9.68321 s
	max   = 20.9652 s

PrintJobVoxelizer::rasterizeObjects:
	16 trials
	total = 49.3621 s
	mean  = 3.08513 s
	var   = 0.954025 s^2, std = 0.976742 s
	min   = 0.842736 s
	max   = 4.20506 s

PrintJobVoxelizer::voxelizeObjects:
	16 trials
	total = 241.163 s
	mean  = 15.0727 s
	var   = 4.36697 s^2, std = 2.08973 s
	min   = 8.67102 s
	max   = 17.3621 s

PrintJobVoxelizer::finalizeSurfaces:
	16 trials
	total = 1.76766 s
	mean  = 0.110479 s
	var   = 0.000437883 s^2, std = 0.0209257 s
	min   = 0.050634 s
	max   = 0.131849 s

TonalValueCalculator::setInput:
	16 trials
	total = 0 s
	mean  = 0 s
	var   = 0 s^2, std = 0 s
	min   = 0 s
	max   = 0 s

TonalValueCalculator::runInternal:
	16 trials
	total = 1.29519 s
	mean  = 0.0809496 s
	var   = 0.00141954 s^2, std = 0.0376768 s
	min   = 0.003509 s
	max   = 0.14438 s

SurfaceDistanceOrderedTransfer::setInput:
	16 trials
	total = 0.002006 s
	mean  = 0.000125375 s
	var   = 8.38341e-008 s^2, std = 0.000289541 s
	min   = 0 s
	max   = 0.001003 s

SurfaceDistanceOrderedTransfer::runInternal:
	16 trials
	total = 152.504 s
	mean  = 9.53153 s
	var   = 2.28157 s^2, std = 1.51049 s
	min   = 4.26182 s
	max   = 10.6788 s

SurfaceDistanceOrderedTransfer::buildOrderedSurfaceData:
	16 trials
	total = 1.97934 s
	mean  = 0.123709 s
	var   = 0.0272911 s^2, std = 0.1652 s
	min   = 0.003509 s
	max   = 0.733477 s

SurfaceDistanceOrderedTransfer::fillDistanceChannel:
	16 trials
	total = 5.86483 s
	mean  = 0.366552 s
	var   = 0.00366398 s^2, std = 0.0605308 s
	min   = 0.160427 s
	max   = 0.446183 s

SurfaceDistanceOrderedTransfer::transfer:
	16 trials
	total = 143.767 s
	mean  = 8.98546 s
	var   = 2.54875 s^2, std = 1.59648 s
	min   = 3.35488 s
	max   = 10.2006 s

SurfaceDistanceOrderedTransfer::mergeDistances:
	80 trials
	total = 9.95948 s
	mean  = 0.124493 s
	var   = 0.000293058 s^2, std = 0.0171189 s
	min   = 0.061662 s
	max   = 0.154901 s

SurfaceDistanceOrderedTransfer::applySqrt:
	16 trials
	total = 0.877793 s
	mean  = 0.0548621 s
	var   = 0.000295032 s^2, std = 0.0171765 s
	min   = 0.012032 s
	max   = 0.074698 s

LayerExtractor::setInput:
	16 trials
	total = 0 s
	mean  = 0 s
	var   = 0 s^2, std = 0 s
	min   = 0 s
	max   = 0 s

LayerExtractor::runInternal:
	16 trials
	total = 35.7441 s
	mean  = 2.234 s
	var   = 0.734084 s^2, std = 0.856787 s
	min   = 0.310841 s
	max   = 3.24762 s

VectorLayerHalftoner::setInput:
	16 trials
	total = 0.021683 s
	mean  = 0.00135519 s
	var   = 1.47307e-005 s^2, std = 0.00383806 s
	min   = 0 s
	max   = 0.015628 s

VectorLayerHalftoner::runInternal:
	16 trials
	total = 381.254 s
	mean  = 23.8284 s
	var   = 131.996 s^2, std = 11.489 s
	min   = 2.15324 s
	max   = 40.9745 s

VectorLayerHalftoner(0)::setupOutputContainerSlaveReporter::serializeSlice:
	777 trials
	total = 972.054 s
	mean  = 1.25103 s
	var   = 0.860523 s^2, std = 0.927644 s
	min   = 0.686792 s
	max   = 7.49939 s

SlaveReporter::Send:
	22 trials
	total = 0.000501 s
	mean  = 2.27727e-005 s
	var   = 1.14091e-008 s^2, std = 0.000106814 s
	min   = 0 s
	max   = 0.000501 s

