SlavePrintingSoftware::startUp:
	1 trials
	total = 0.23123 s
	mean  = 0.23123 s
	var   = 0 s^2, std = 0 s
	min   = 0.23123 s
	max   = 0.23123 s

PrintingSoftware::execute:
	1 trials
	total = 1459.54 s
	mean  = 1459.54 s
	var   = 0 s^2, std = 0 s
	min   = 1459.54 s
	max   = 1459.54 s

SlavePrintingSoftware::communicateData:
	7 trials
	total = 0.015597 s
	mean  = 0.00222814 s
	var   = 3.47523e-005 s^2, std = 0.00589511 s
	min   = 0 s
	max   = 0.015597 s

SlavePJCollector::deserialize:
	3 trials
	total = 0.079712 s
	mean  = 0.0265707 s
	var   = 0.00016991 s^2, std = 0.013035 s
	min   = 0.018549 s
	max   = 0.041611 s

SlavePJCollector::Receive:
	11 trials
	total = 22.7605 s
	mean  = 2.06914 s
	var   = 27.3288 s^2, std = 5.22769 s
	min   = 0 s
	max   = 17.6102 s

PrintJobOrganizer::setInput:
	1 trials
	total = 0 s
	mean  = 0 s
	var   = 0 s^2, std = 0 s
	min   = 0 s
	max   = 0 s

PrintJobOrganizer::runInternal:
	1 trials
	total = 0.485099 s
	mean  = 0.485099 s
	var   = 0 s^2, std = 0 s
	min   = 0.485099 s
	max   = 0.485099 s

PrintJobPreprocessor::setInput:
	1 trials
	total = 0 s
	mean  = 0 s
	var   = 0 s^2, std = 0 s
	min   = 0 s
	max   = 0 s

PrintJobPreprocessor::runInternal:
	1 trials
	total = 1.81946 s
	mean  = 1.81946 s
	var   = 0 s^2, std = 0 s
	min   = 1.81946 s
	max   = 1.81946 s

PrintJobVoxelizer::setInput:
	32 trials
	total = 0 s
	mean  = 0 s
	var   = 0 s^2, std = 0 s
	min   = 0 s
	max   = 0 s

PrintJobVoxelizer::runInternal:
	32 trials
	total = 391.458 s
	mean  = 12.2331 s
	var   = 4.46878 s^2, std = 2.11395 s
	min   = 1.34465 s
	max   = 14.771 s

PrintJobVoxelizer::rasterizeObjects:
	32 trials
	total = 47.7414 s
	mean  = 1.49192 s
	var   = 0.229269 s^2, std = 0.478821 s
	min   = 0.407649 s
	max   = 2.0376 s

PrintJobVoxelizer::voxelizeObjects:
	32 trials
	total = 328.693 s
	mean  = 10.2717 s
	var   = 3.90228 s^2, std = 1.97542 s
	min   = 0.859158 s
	max   = 13.891 s

PrintJobVoxelizer::finalizeSurfaces:
	32 trials
	total = 4.4776 s
	mean  = 0.139925 s
	var   = 0.000679943 s^2, std = 0.0260757 s
	min   = 0.010007 s
	max   = 0.162788 s

TonalValueCalculator::setInput:
	32 trials
	total = 0 s
	mean  = 0 s
	var   = 0 s^2, std = 0 s
	min   = 0 s
	max   = 0 s

TonalValueCalculator::runInternal:
	32 trials
	total = 1.93081 s
	mean  = 0.0603379 s
	var   = 0.000785882 s^2, std = 0.0280336 s
	min   = 0 s
	max   = 0.091743 s

SurfaceDistanceOrderedTransfer::setInput:
	32 trials
	total = 0.015618 s
	mean  = 0.000488062 s
	var   = 7.62256e-006 s^2, std = 0.0027609 s
	min   = 0 s
	max   = 0.015618 s

SurfaceDistanceOrderedTransfer::runInternal:
	32 trials
	total = 191.175 s
	mean  = 5.97422 s
	var   = 0.592846 s^2, std = 0.769965 s
	min   = 3.21054 s
	max   = 6.73952 s

SurfaceDistanceOrderedTransfer::buildOrderedSurfaceData:
	32 trials
	total = 2.82606 s
	mean  = 0.0883144 s
	var   = 0.0298408 s^2, std = 0.172745 s
	min   = 0 s
	max   = 1.02401 s

SurfaceDistanceOrderedTransfer::fillDistanceChannel:
	32 trials
	total = 17.5929 s
	mean  = 0.549779 s
	var   = 0.00458305 s^2, std = 0.0676982 s
	min   = 0.238133 s
	max   = 0.610654 s

SurfaceDistanceOrderedTransfer::transfer:
	32 trials
	total = 168.625 s
	mean  = 5.26953 s
	var   = 0.654489 s^2, std = 0.809005 s
	min   = 1.93136 s
	max   = 5.98299 s

SurfaceDistanceOrderedTransfer::mergeDistances:
	64 trials
	total = 12.4466 s
	mean  = 0.194478 s
	var   = 0.000561989 s^2, std = 0.0237063 s
	min   = 0.094251 s
	max   = 0.214068 s

SurfaceDistanceOrderedTransfer::applySqrt:
	32 trials
	total = 2.08994 s
	mean  = 0.0653105 s
	var   = 0.000339523 s^2, std = 0.0184261 s
	min   = 0.016544 s
	max   = 0.089738 s

LayerExtractor::setInput:
	32 trials
	total = 0.002004 s
	mean  = 6.2625e-005 s
	var   = 2.83389e-008 s^2, std = 0.000168342 s
	min   = 0 s
	max   = 0.000502 s

LayerExtractor::runInternal:
	32 trials
	total = 69.7918 s
	mean  = 2.18099 s
	var   = 0.437973 s^2, std = 0.661795 s
	min   = 0.460785 s
	max   = 2.89167 s

VectorLayerHalftoner::setInput:
	32 trials
	total = 0.023203 s
	mean  = 0.000725094 s
	var   = 8.04542e-006 s^2, std = 0.00283645 s
	min   = 0 s
	max   = 0.016135 s

VectorLayerHalftoner::runInternal:
	32 trials
	total = 668.078 s
	mean  = 20.8774 s
	var   = 61.9418 s^2, std = 7.87031 s
	min   = 3.12791 s
	max   = 32.959 s

VectorLayerHalftoner(0)::setupOutputContainerSlaveReporter::serializeSlice:
	1552 trials
	total = 23.5944 s
	mean  = 0.0152026 s
	var   = 3.29474e-005 s^2, std = 0.00573998 s
	min   = 0 s
	max   = 0.064671 s

SlaveReporter::Send:
	4692 trials
	total = 22.2419 s
	mean  = 0.0047404 s
	var   = 0.00012037 s^2, std = 0.0109713 s
	min   = 0 s
	max   = 0.391507 s

SlaveReporter::CompressData:
	1552 trials
	total = 47.8117 s
	mean  = 0.0308065 s
	var   = 5.9739e-005 s^2, std = 0.0077291 s
	min   = 0.015594 s
	max   = 0.07921 s

