Warning:json file inside profile could not be parsed 

GL version: 4.4.0

Warning: there is no json file embedded inside profile 

LayerExtractor: distance needed for layers: 0.135467

FileParserPJ: initializing
PrintJobOrganizer: initializing
PrintJobPreprocessor: initializing
PrintJobVoxelizer: initializing
TonalValueCalculator: initializing
TonalValueCalculator: Using rendering intent RELATIVE_COLORIMETRIC

SurfaceDistanceOrderedTransfer: initializing
TonalLinearizer: initializing
VectorLayerHalftoner: initializing
SlaveReporter: initializing
FileParserPJ:  runs 11:18:1

FileParserPJ: loading OBJ file

244921 vertices
489840 faces

FileParserPJ: 245383 texture coordinates

FileParserPJ: 245383 vertices after duplication

FileParserPJ: //filer-igd2.igd.fraunhofer.de/igd-3dt/shared/3DModels/Head/HeadMTL/Head_Level3.obj parsed: 245383 vertices and 489840 faces

FileParserPJ: loading jpg file

FileParserPJ: Input files parsed

PrintJobOrganizer:  runs 11:18:5

centering objects at origin
optimizing rotation for height
scaling objects
optimizing rotation for support use
PrintJobOrganizer: support cost         = 3.18654
support cost flipped = 2.86348

arranging objects in 2D
validating object placement
PrintJobOrganizer: print object 1 print-space bounding box: (0.00211667, 0.00423333, 0.00135106), (4.00212, 2.56309, 2.09785)
saving transforms to file
PrintJobPreprocessor:  runs 11:18:5

PrintJobPreprocessor: flatten
PrintJobPreprocessor: prioritize
PrintJobPreprocessor: segment-hierarchy
PrintJobPreprocessor: boundingBox
PrintJobPreprocessor: uniformAppearanceTextures
PrintJobVoxelizer:  runs 11:18:7

PrintJobVoxelizer: 
number of slices to print: 389 (2.09785 cm)
width of slices to print:  473 (4.00212 cm)
height of slices to print: 152 (2.56309 cm)
chunk size:                50 (0.270213 cm)

PrintJobVoxelizer: setting up slices
PrintJobVoxelizer: rasterizing objects
PrintJobVoxelizer: creating rasterizer
PrintJobVoxelizer: rasterizing object 1
Rasterizer::rasterize:
	1 trials
	total = 0.421869 s
	mean  = 0.421869 s
	var   = 0 s^2, std = 0 s
	min   = 0.421869 s
	max   = 0.421869 s


PrintJobVoxelizer: voxelizing objects
Object 1 ROI: [0 0 0] --> [473 152 50]
GWNSampleFloodVoxelizer: number of samples: 239
GWNSampleFloodVoxelizer: samples evaluated
GWNSampleFloodVoxelizer: adaptive threshold = 0.498039
GWNSampleFloodVoxelizer: flooding complete
Voxelization: solid angle evaluations per voxel: 2.28989

GWNSampleFloodVoxelizer::voxelize:
	1 trials
	total = 1.01564 s
	mean  = 1.01564 s
	var   = 0 s^2, std = 0 s
	min   = 1.01564 s
	max   = 1.01564 s

GWNSampleFloodVoxelizer::initIndicator:
	1 trials
	total = 0.375005 s
	mean  = 0.375005 s
	var   = 0 s^2, std = 0 s
	min   = 0.375005 s
	max   = 0.375005 s

GWNSampleFloodVoxelizer::selectSamples:
	1 trials
	total = 0.031252 s
	mean  = 0.031252 s
	var   = 0 s^2, std = 0 s
	min   = 0.031252 s
	max   = 0.031252 s

GWNSampleFloodVoxelizer::evaluateSamples:
	1 trials
	total = 0.218768 s
	mean  = 0.218768 s
	var   = 0 s^2, std = 0 s
	min   = 0.218768 s
	max   = 0.218768 s

GWNSampleFloodVoxelizer::flood:
	1 trials
	total = 0.203114 s
	mean  = 0.203114 s
	var   = 0 s^2, std = 0 s
	min   = 0.203114 s
	max   = 0.203114 s


PrintJobVoxelizer: finalizing surfaces
PrintJobVoxelizer: 29651 surface voxels
PrintJobVoxelizer: getting output subset
PrintJobVoxelizer: updating slice indices
TonalValueCalculator:  runs 11:18:8
slices [0, 49):
	channel 0: occupancy (dense)
	channel 1: opticalFeature (sparse)

SurfaceDistanceOrderedTransfer:  runs 11:18:8
slices [0, 49):
	channel 0: occupancy (dense)
	channel 1: surfaceDist (dense)

SurfaceDistanceOrderedTransfer: 0 0 23
LayerExtractor:  runs 11:18:9
slices [0, 23):
	channel 0: occupancy (dense)
	channel 1: surfaceDist (dense)
	channel 2: layer_000 (sparse)
	channel 3: layer_001 (sparse)
	channel 4: layer_002 (sparse)
	channel 5: layer_003 (sparse)
	channel 6: layer_004 (sparse)
	channel 7: layer_005 (sparse)
	channel 8: layer_006 (sparse)
	channel 9: layer_007 (sparse)

TonalLinearizer:  runs 11:18:9
slices [0, 22):
	channel 0: occupancy (dense)
	channel 1: surfaceDist (dense)
	channel 2: layer_000 (sparse)
	channel 3: layer_001 (sparse)
	channel 4: layer_002 (sparse)
	channel 5: layer_003 (sparse)
	channel 6: layer_004 (sparse)
	channel 7: layer_005 (sparse)
	channel 8: layer_006 (sparse)
	channel 9: layer_007 (sparse)

VectorLayerHalftoner: VectorLayerHalftoner error: no tonal values available

VectorLayerHalftoner:  runs 11:18:9
slices [0, 22):
	channel 0: occupancy (dense)
	channel 1: surfaceDist (dense)
	channel 2: layer_000 (sparse)
	channel 3: layer_001 (sparse)
	channel 4: layer_002 (sparse)
	channel 5: layer_003 (sparse)
	channel 6: layer_004 (sparse)
	channel 7: layer_005 (sparse)
	channel 8: layer_006 (sparse)
	channel 9: layer_007 (sparse)
	channel 10: intermedTonal_0 (sparse)
	channel 11: intermedTonal_1 (sparse)
	channel 12: intermedTonal_2 (sparse)
	channel 13: intermedTonal_3 (sparse)
	channel 14: intermedTonal_4 (sparse)
	channel 15: intermedTonal_5 (sparse)
	channel 16: intermedTonal_6 (sparse)
	channel 17: intermedTonal_7 (sparse)
	channel 18: quantizedTonal (sparse)

SlaveReporter:  runs 11:18:9
slices [0, 10):
	channel 0: material (dense)
	channel 1: occupancy (dense)

PrintJobVoxelizer:  runs 11:18:9

PrintJobVoxelizer: setting up slices
PrintJobVoxelizer: rasterizing objects
PrintJobVoxelizer: creating rasterizer
PrintJobVoxelizer: rasterizing object 1
Rasterizer::rasterize:
	2 trials
	total = 1.26563 s
	mean  = 0.632815 s
	var   = 0.0889964 s^2, std = 0.298323 s
	min   = 0.421869 s
	max   = 0.843761 s


PrintJobVoxelizer: voxelizing objects
Object 1 ROI: [0 0 0] --> [473 152 50]
GWNSampleFloodVoxelizer: number of samples: 381
GWNSampleFloodVoxelizer: samples evaluated
GWNSampleFloodVoxelizer: adaptive threshold = 0.498039
GWNSampleFloodVoxelizer: flooding complete
Voxelization: solid angle evaluations per voxel: 5.21522

GWNSampleFloodVoxelizer::voxelize:
	2 trials
	total = 2.20315 s
	mean  = 1.10157 s
	var   = 0.0147691 s^2, std = 0.121528 s
	min   = 1.01564 s
	max   = 1.18751 s

GWNSampleFloodVoxelizer::initIndicator:
	2 trials
	total = 0.75 s
	mean  = 0.375 s
	var   = 5e-011 s^2, std = 7.07107e-006 s
	min   = 0.374995 s
	max   = 0.375005 s

GWNSampleFloodVoxelizer::selectSamples:
	2 trials
	total = 0.062503 s
	mean  = 0.0312515 s
	var   = 5e-013 s^2, std = 7.07107e-007 s
	min   = 0.031251 s
	max   = 0.031252 s

GWNSampleFloodVoxelizer::evaluateSamples:
	2 trials
	total = 0.625025 s
	mean  = 0.312513 s
	var   = 0.0175761 s^2, std = 0.132575 s
	min   = 0.218768 s
	max   = 0.406257 s

GWNSampleFloodVoxelizer::flood:
	2 trials
	total = 0.390616 s
	mean  = 0.195308 s
	var   = 0.000121867 s^2, std = 0.0110394 s
	min   = 0.187502 s
	max   = 0.203114 s


PrintJobVoxelizer: finalizing surfaces
PrintJobVoxelizer: 106888 surface voxels
PrintJobVoxelizer: getting output subset
PrintJobVoxelizer: updating slice indices
TonalValueCalculator:  runs 11:18:11
slices [49, 99):
	channel 0: occupancy (dense)
	channel 1: opticalFeature (sparse)

SurfaceDistanceOrderedTransfer:  runs 11:18:11
slices [23, 99):
	channel 0: occupancy (dense)
	channel 1: surfaceDist (dense)

SurfaceDistanceOrderedTransfer: 23 49 73
LayerExtractor:  runs 11:18:12
slices [21, 73):
	channel 0: occupancy (dense)
	channel 1: surfaceDist (dense)
	channel 2: layer_000 (sparse)
	channel 3: layer_001 (sparse)
	channel 4: layer_002 (sparse)
	channel 5: layer_003 (sparse)
	channel 6: layer_004 (sparse)
	channel 7: layer_005 (sparse)
	channel 8: layer_006 (sparse)
	channel 9: layer_007 (sparse)

TonalLinearizer:  runs 11:18:12
slices [22, 72):
	channel 0: occupancy (dense)
	channel 1: surfaceDist (dense)
	channel 2: layer_000 (sparse)
	channel 3: layer_001 (sparse)
	channel 4: layer_002 (sparse)
	channel 5: layer_003 (sparse)
	channel 6: layer_004 (sparse)
	channel 7: layer_005 (sparse)
	channel 8: layer_006 (sparse)
	channel 9: layer_007 (sparse)

VectorLayerHalftoner: VectorLayerHalftoner error: no tonal values available

VectorLayerHalftoner:  runs 11:18:12
slices [10, 72):
	channel 0: occupancy (dense)
	channel 1: surfaceDist (dense)
	channel 2: layer_000 (sparse)
	channel 3: layer_001 (sparse)
	channel 4: layer_002 (sparse)
	channel 5: layer_003 (sparse)
	channel 6: layer_004 (sparse)
	channel 7: layer_005 (sparse)
	channel 8: layer_006 (sparse)
	channel 9: layer_007 (sparse)
	channel 10: intermedTonal_0 (sparse)
	channel 11: intermedTonal_1 (sparse)
	channel 12: intermedTonal_2 (sparse)
	channel 13: intermedTonal_3 (sparse)
	channel 14: intermedTonal_4 (sparse)
	channel 15: intermedTonal_5 (sparse)
	channel 16: intermedTonal_6 (sparse)
	channel 17: intermedTonal_7 (sparse)
	channel 18: quantizedTonal (sparse)
	channel 19: errorDiffInfo2 (sparse)
	channel 20: distanceToEmpty (sparse)
	channel 21: errorDiffInfo3 (sparse)
	channel 22: errorDiffInfo4 (sparse)
	channel 23: errorDiffInfo5 (sparse)
	channel 24: errorDiffInfo6 (sparse)
	channel 25: errorDiffInfo7 (sparse)
	channel 26: errorDiffInfo8 (sparse)
	channel 27: errorDiffInfo9 (sparse)

SlaveReporter:  runs 11:18:13
slices [10, 60):
	channel 0: material (dense)
	channel 1: occupancy (dense)

PrintJobVoxelizer:  runs 11:18:13

PrintJobVoxelizer: setting up slices
PrintJobVoxelizer: rasterizing objects
PrintJobVoxelizer: creating rasterizer
PrintJobVoxelizer: rasterizing object 1
Rasterizer::rasterize:
	3 trials
	total = 2.00001 s
	mean  = 0.666669 s
	var   = 0.0479364 s^2, std = 0.218944 s
	min   = 0.421869 s
	max   = 0.843761 s


PrintJobVoxelizer: voxelizing objects
Object 1 ROI: [0 0 0] --> [473 152 50]
GWNSampleFloodVoxelizer: number of samples: 289
GWNSampleFloodVoxelizer: samples evaluated
GWNSampleFloodVoxelizer: adaptive threshold = 0.498039
GWNSampleFloodVoxelizer: flooding complete
Voxelization: solid angle evaluations per voxel: 3.53748

GWNSampleFloodVoxelizer::voxelize:
	3 trials
	total = 3.29691 s
	mean  = 1.09897 s
	var   = 0.00740489 s^2, std = 0.0860517 s
	min   = 1.01564 s
	max   = 1.18751 s

GWNSampleFloodVoxelizer::initIndicator:
	3 trials
	total = 1.125 s
	mean  = 0.375001 s
	var   = 3.03333e-011 s^2, std = 5.50757e-006 s
	min   = 0.374995 s
	max   = 0.375005 s

GWNSampleFloodVoxelizer::selectSamples:
	3 trials
	total = 0.093754 s
	mean  = 0.0312513 s
	var   = 3.33333e-013 s^2, std = 5.7735e-007 s
	min   = 0.031251 s
	max   = 0.031252 s

GWNSampleFloodVoxelizer::evaluateSamples:
	3 trials
	total = 0.937529 s
	mean  = 0.31251 s
	var   = 0.00878803 s^2, std = 0.0937445 s
	min   = 0.218768 s
	max   = 0.406257 s

GWNSampleFloodVoxelizer::flood:
	3 trials
	total = 0.578121 s
	mean  = 0.192707 s
	var   = 8.12292e-005 s^2, std = 0.00901273 s
	min   = 0.187502 s
	max   = 0.203114 s


PrintJobVoxelizer: finalizing surfaces
PrintJobVoxelizer: 179423 surface voxels
PrintJobVoxelizer: getting output subset
PrintJobVoxelizer: updating slice indices
TonalValueCalculator:  runs 11:18:15
slices [99, 149):
	channel 0: occupancy (dense)
	channel 1: opticalFeature (sparse)

SurfaceDistanceOrderedTransfer:  runs 11:18:15
slices [73, 149):
	channel 0: occupancy (dense)
	channel 1: surfaceDist (dense)

SurfaceDistanceOrderedTransfer: 73 99 123
LayerExtractor:  runs 11:18:15
slices [71, 123):
	channel 0: occupancy (dense)
	channel 1: surfaceDist (dense)
	channel 2: layer_000 (sparse)
	channel 3: layer_001 (sparse)
	channel 4: layer_002 (sparse)
	channel 5: layer_003 (sparse)
	channel 6: layer_004 (sparse)
	channel 7: layer_005 (sparse)
	channel 8: layer_006 (sparse)
	channel 9: layer_007 (sparse)

TonalLinearizer:  runs 11:18:15
slices [72, 122):
	channel 0: occupancy (dense)
	channel 1: surfaceDist (dense)
	channel 2: layer_000 (sparse)
	channel 3: layer_001 (sparse)
	channel 4: layer_002 (sparse)
	channel 5: layer_003 (sparse)
	channel 6: layer_004 (sparse)
	channel 7: layer_005 (sparse)
	channel 8: layer_006 (sparse)
	channel 9: layer_007 (sparse)

VectorLayerHalftoner: VectorLayerHalftoner error: no tonal values available

VectorLayerHalftoner:  runs 11:18:16
slices [60, 122):
	channel 0: occupancy (dense)
	channel 1: surfaceDist (dense)
	channel 2: layer_000 (sparse)
	channel 3: layer_001 (sparse)
	channel 4: layer_002 (sparse)
	channel 5: layer_003 (sparse)
	channel 6: layer_004 (sparse)
	channel 7: layer_005 (sparse)
	channel 8: layer_006 (sparse)
	channel 9: layer_007 (sparse)
	channel 10: intermedTonal_0 (sparse)
	channel 11: intermedTonal_1 (sparse)
	channel 12: intermedTonal_2 (sparse)
	channel 13: intermedTonal_3 (sparse)
	channel 14: intermedTonal_4 (sparse)
	channel 15: intermedTonal_5 (sparse)
	channel 16: intermedTonal_6 (sparse)
	channel 17: intermedTonal_7 (sparse)
	channel 18: quantizedTonal (sparse)
	channel 19: errorDiffInfo2 (sparse)
	channel 20: distanceToEmpty (sparse)
	channel 21: errorDiffInfo3 (sparse)
	channel 22: errorDiffInfo4 (sparse)
	channel 23: errorDiffInfo5 (sparse)
	channel 24: errorDiffInfo6 (sparse)
	channel 25: errorDiffInfo7 (sparse)
	channel 26: errorDiffInfo8 (sparse)
	channel 27: errorDiffInfo9 (sparse)

SlaveReporter:  runs 11:18:17
slices [60, 110):
	channel 0: material (dense)
	channel 1: occupancy (dense)

PrintJobVoxelizer:  runs 11:18:17

PrintJobVoxelizer: setting up slices
PrintJobVoxelizer: rasterizing objects
PrintJobVoxelizer: creating rasterizer
PrintJobVoxelizer: rasterizing object 1
Rasterizer::rasterize:
	4 trials
	total = 2.70314 s
	mean  = 0.675785 s
	var   = 0.03229 s^2, std = 0.179694 s
	min   = 0.421869 s
	max   = 0.843761 s


PrintJobVoxelizer: voxelizing objects
Object 1 ROI: [0 0 0] --> [473 152 50]
GWNSampleFloodVoxelizer: number of samples: 271
GWNSampleFloodVoxelizer: samples evaluated
GWNSampleFloodVoxelizer: adaptive threshold = 0.498039
GWNSampleFloodVoxelizer: flooding complete
Voxelization: solid angle evaluations per voxel: 3.03338

GWNSampleFloodVoxelizer::voxelize:
	4 trials
	total = 4.35942 s
	mean  = 1.08986 s
	var   = 0.00526885 s^2, std = 0.0725868 s
	min   = 1.01564 s
	max   = 1.18751 s

GWNSampleFloodVoxelizer::initIndicator:
	4 trials
	total = 1.50001 s
	mean  = 0.375002 s
	var   = 2.35833e-011 s^2, std = 4.85627e-006 s
	min   = 0.374995 s
	max   = 0.375005 s

GWNSampleFloodVoxelizer::selectSamples:
	4 trials
	total = 0.125005 s
	mean  = 0.0312512 s
	var   = 2.5e-013 s^2, std = 5e-007 s
	min   = 0.031251 s
	max   = 0.031252 s

GWNSampleFloodVoxelizer::evaluateSamples:
	4 trials
	total = 1.18753 s
	mean  = 0.296883 s
	var   = 0.00683546 s^2, std = 0.0826768 s
	min   = 0.218768 s
	max   = 0.406257 s

GWNSampleFloodVoxelizer::flood:
	4 trials
	total = 0.781249 s
	mean  = 0.195312 s
	var   = 8.13021e-005 s^2, std = 0.00901677 s
	min   = 0.187502 s
	max   = 0.203128 s


PrintJobVoxelizer: finalizing surfaces
PrintJobVoxelizer: 252234 surface voxels
PrintJobVoxelizer: getting output subset
PrintJobVoxelizer: updating slice indices
TonalValueCalculator:  runs 11:18:19
slices [149, 199):
	channel 0: occupancy (dense)
	channel 1: opticalFeature (sparse)

SurfaceDistanceOrderedTransfer:  runs 11:18:19
slices [123, 199):
	channel 0: occupancy (dense)
	channel 1: surfaceDist (dense)

SurfaceDistanceOrderedTransfer: 123 149 173
LayerExtractor:  runs 11:18:19
slices [121, 173):
	channel 0: occupancy (dense)
	channel 1: surfaceDist (dense)
	channel 2: layer_000 (sparse)
	channel 3: layer_001 (sparse)
	channel 4: layer_002 (sparse)
	channel 5: layer_003 (sparse)
	channel 6: layer_004 (sparse)
	channel 7: layer_005 (sparse)
	channel 8: layer_006 (sparse)
	channel 9: layer_007 (sparse)

TonalLinearizer:  runs 11:18:20
slices [122, 172):
	channel 0: occupancy (dense)
	channel 1: surfaceDist (dense)
	channel 2: layer_000 (sparse)
	channel 3: layer_001 (sparse)
	channel 4: layer_002 (sparse)
	channel 5: layer_003 (sparse)
	channel 6: layer_004 (sparse)
	channel 7: layer_005 (sparse)
	channel 8: layer_006 (sparse)
	channel 9: layer_007 (sparse)

VectorLayerHalftoner: VectorLayerHalftoner error: no tonal values available

VectorLayerHalftoner:  runs 11:18:20
slices [110, 172):
	channel 0: occupancy (dense)
	channel 1: surfaceDist (dense)
	channel 2: layer_000 (sparse)
	channel 3: layer_001 (sparse)
	channel 4: layer_002 (sparse)
	channel 5: layer_003 (sparse)
	channel 6: layer_004 (sparse)
	channel 7: layer_005 (sparse)
	channel 8: layer_006 (sparse)
	channel 9: layer_007 (sparse)
	channel 10: intermedTonal_0 (sparse)
	channel 11: intermedTonal_1 (sparse)
	channel 12: intermedTonal_2 (sparse)
	channel 13: intermedTonal_3 (sparse)
	channel 14: intermedTonal_4 (sparse)
	channel 15: intermedTonal_5 (sparse)
	channel 16: intermedTonal_6 (sparse)
	channel 17: intermedTonal_7 (sparse)
	channel 18: quantizedTonal (sparse)
	channel 19: errorDiffInfo2 (sparse)
	channel 20: distanceToEmpty (sparse)
	channel 21: errorDiffInfo3 (sparse)
	channel 22: errorDiffInfo4 (sparse)
	channel 23: errorDiffInfo5 (sparse)
	channel 24: errorDiffInfo6 (sparse)
	channel 25: errorDiffInfo7 (sparse)
	channel 26: errorDiffInfo8 (sparse)
	channel 27: errorDiffInfo9 (sparse)

