SlavePrintingSoftware::startUp:
	1 trials
	total = 0.264762 s
	mean  = 0.264762 s
	var   = 0 s^2, std = 0 s
	min   = 0.264762 s
	max   = 0.264762 s

PrintingSoftware::execute:
	1 trials
	total = 489.051 s
	mean  = 489.051 s
	var   = 0 s^2, std = 0 s
	min   = 489.051 s
	max   = 489.051 s

DistributedComputingInitiator::Receive:
	1 trials
	total = 150.648 s
	mean  = 150.648 s
	var   = 0 s^2, std = 0 s
	min   = 150.648 s
	max   = 150.648 s

FileParserPJ::setInput:
	1 trials
	total = 0 s
	mean  = 0 s
	var   = 0 s^2, std = 0 s
	min   = 0 s
	max   = 0 s

FileParserPJ::runInternal:
	1 trials
	total = 4.84047 s
	mean  = 4.84047 s
	var   = 0 s^2, std = 0 s
	min   = 4.84047 s
	max   = 4.84047 s

PrintJobOrganizer::setInput:
	1 trials
	total = 0.00102 s
	mean  = 0.00102 s
	var   = 0 s^2, std = 0 s
	min   = 0.00102 s
	max   = 0.00102 s

PrintJobOrganizer::runInternal:
	1 trials
	total = 0.261897 s
	mean  = 0.261897 s
	var   = 0 s^2, std = 0 s
	min   = 0.261897 s
	max   = 0.261897 s

PrintJobPreprocessor::setInput:
	1 trials
	total = 0 s
	mean  = 0 s
	var   = 0 s^2, std = 0 s
	min   = 0 s
	max   = 0 s

PrintJobPreprocessor::runInternal:
	1 trials
	total = 1.12708 s
	mean  = 1.12708 s
	var   = 0 s^2, std = 0 s
	min   = 1.12708 s
	max   = 1.12708 s

PrintJobVoxelizer::setInput:
	16 trials
	total = 0 s
	mean  = 0 s
	var   = 0 s^2, std = 0 s
	min   = 0 s
	max   = 0 s

PrintJobVoxelizer::runInternal:
	16 trials
	total = 98.5722 s
	mean  = 6.16076 s
	var   = 4.69636 s^2, std = 2.16711 s
	min   = 1.79955 s
	max   = 11.5131 s

PrintJobVoxelizer::rasterizeObjects:
	16 trials
	total = 20.3933 s
	mean  = 1.27458 s
	var   = 0.261381 s^2, std = 0.511255 s
	min   = 0.341844 s
	max   = 2.39875 s

PrintJobVoxelizer::voxelizeObjects:
	16 trials
	total = 74.1471 s
	mean  = 4.6342 s
	var   = 2.37637 s^2, std = 1.54155 s
	min   = 1.37516 s
	max   = 7.89459 s

PrintJobVoxelizer::finalizeSurfaces:
	16 trials
	total = 1.12875 s
	mean  = 0.0705466 s
	var   = 0.00182133 s^2, std = 0.0426771 s
	min   = 0.024304 s
	max   = 0.194648 s

TonalValueCalculator::setInput:
	16 trials
	total = 0 s
	mean  = 0 s
	var   = 0 s^2, std = 0 s
	min   = 0 s
	max   = 0 s

TonalValueCalculator::runInternal:
	16 trials
	total = 0.518345 s
	mean  = 0.0323966 s
	var   = 0.000304752 s^2, std = 0.0174571 s
	min   = 0.002022 s
	max   = 0.054765 s

SurfaceDistanceOrderedTransfer::setInput:
	16 trials
	total = 0.001018 s
	mean  = 6.3625e-005 s
	var   = 6.47702e-008 s^2, std = 0.0002545 s
	min   = 0 s
	max   = 0.001018 s

SurfaceDistanceOrderedTransfer::runInternal:
	16 trials
	total = 47.1962 s
	mean  = 2.94976 s
	var   = 0.164657 s^2, std = 0.40578 s
	min   = 1.55239 s
	max   = 3.24185 s

SurfaceDistanceOrderedTransfer::buildOrderedSurfaceData:
	16 trials
	total = 0.830291 s
	mean  = 0.0518932 s
	var   = 0.00852205 s^2, std = 0.0923149 s
	min   = 0 s
	max   = 0.393719 s

SurfaceDistanceOrderedTransfer::fillDistanceChannel:
	16 trials
	total = 2.82345 s
	mean  = 0.176466 s
	var   = 0.000720618 s^2, std = 0.0268443 s
	min   = 0.087772 s
	max   = 0.218058 s

SurfaceDistanceOrderedTransfer::transfer:
	16 trials
	total = 42.8243 s
	mean  = 2.67652 s
	var   = 0.206335 s^2, std = 0.454241 s
	min   = 1.06269 s
	max   = 2.98247 s

SurfaceDistanceOrderedTransfer::mergeDistances:
	48 trials
	total = 3.74831 s
	mean  = 0.0780899 s
	var   = 0.000126713 s^2, std = 0.0112567 s
	min   = 0.038023 s
	max   = 0.094025 s

SurfaceDistanceOrderedTransfer::applySqrt:
	16 trials
	total = 0.442714 s
	mean  = 0.0276696 s
	var   = 0.000105383 s^2, std = 0.0102656 s
	min   = 0.007205 s
	max   = 0.041006 s

LayerExtractor::setInput:
	16 trials
	total = 0.002011 s
	mean  = 0.000125687 s
	var   = 1.17956e-007 s^2, std = 0.000343448 s
	min   = 0 s
	max   = 0.00101 s

LayerExtractor::runInternal:
	16 trials
	total = 17.1396 s
	mean  = 1.07123 s
	var   = 0.19613 s^2, std = 0.442866 s
	min   = 0.188793 s
	max   = 1.78106 s

VectorLayerHalftoner::setInput:
	16 trials
	total = 0.257399 s
	mean  = 0.0160874 s
	var   = 0.00171638 s^2, std = 0.0414292 s
	min   = 0 s
	max   = 0.127095 s

VectorLayerHalftoner::runInternal:
	16 trials
	total = 121.008 s
	mean  = 7.56303 s
	var   = 14.4112 s^2, std = 3.79622 s
	min   = 1.26247 s
	max   = 13.2752 s

VectorLayerHalftoner(0)::setupOutputContainerSlaveReporter::serializeSlice:
	777 trials
	total = 459.641 s
	mean  = 0.591559 s
	var   = 5.14922 s^2, std = 2.26919 s
	min   = 0.300218 s
	max   = 53.5517 s

SlaveReporter::Send:
	22 trials
	total = 0 s
	mean  = 0 s
	var   = 0 s^2, std = 0 s
	min   = 0 s
	max   = 0 s

