SlavePrintingSoftware::startUp:
	1 trials
	total = 0.272223 s
	mean  = 0.272223 s
	var   = 0 s^2, std = 0 s
	min   = 0.272223 s
	max   = 0.272223 s

PrintingSoftware::execute:
	1 trials
	total = 541.108 s
	mean  = 541.108 s
	var   = 0 s^2, std = 0 s
	min   = 541.108 s
	max   = 541.108 s

DistributedComputingInitiator::Receive:
	1 trials
	total = 22.0946 s
	mean  = 22.0946 s
	var   = 0 s^2, std = 0 s
	min   = 22.0946 s
	max   = 22.0946 s

FileParserPJ::setInput:
	1 trials
	total = 0 s
	mean  = 0 s
	var   = 0 s^2, std = 0 s
	min   = 0 s
	max   = 0 s

FileParserPJ::runInternal:
	1 trials
	total = 10.9056 s
	mean  = 10.9056 s
	var   = 0 s^2, std = 0 s
	min   = 10.9056 s
	max   = 10.9056 s

PrintJobOrganizer::setInput:
	1 trials
	total = 0.002504 s
	mean  = 0.002504 s
	var   = 0 s^2, std = 0 s
	min   = 0.002504 s
	max   = 0.002504 s

PrintJobOrganizer::runInternal:
	1 trials
	total = 0.652732 s
	mean  = 0.652732 s
	var   = 0 s^2, std = 0 s
	min   = 0.652732 s
	max   = 0.652732 s

PrintJobPreprocessor::setInput:
	1 trials
	total = 0 s
	mean  = 0 s
	var   = 0 s^2, std = 0 s
	min   = 0 s
	max   = 0 s

PrintJobPreprocessor::runInternal:
	1 trials
	total = 2.95278 s
	mean  = 2.95278 s
	var   = 0 s^2, std = 0 s
	min   = 2.95278 s
	max   = 2.95278 s

PrintJobVoxelizer::setInput:
	16 trials
	total = 0 s
	mean  = 0 s
	var   = 0 s^2, std = 0 s
	min   = 0 s
	max   = 0 s

PrintJobVoxelizer::runInternal:
	16 trials
	total = 121.235 s
	mean  = 7.57716 s
	var   = 1.1068 s^2, std = 1.05205 s
	min   = 4.21418 s
	max   = 8.84958 s

PrintJobVoxelizer::rasterizeObjects:
	16 trials
	total = 29.448 s
	mean  = 1.8405 s
	var   = 0.32729 s^2, std = 0.572093 s
	min   = 0.536925 s
	max   = 2.49411 s

PrintJobVoxelizer::voxelizeObjects:
	16 trials
	total = 88.6202 s
	mean  = 5.53876 s
	var   = 0.349897 s^2, std = 0.591521 s
	min   = 3.57799 s
	max   = 6.15235 s

PrintJobVoxelizer::finalizeSurfaces:
	16 trials
	total = 1.07535 s
	mean  = 0.0672095 s
	var   = 0.000190037 s^2, std = 0.0137854 s
	min   = 0.029077 s
	max   = 0.086719 s

TonalValueCalculator::setInput:
	16 trials
	total = 0 s
	mean  = 0 s
	var   = 0 s^2, std = 0 s
	min   = 0 s
	max   = 0 s

TonalValueCalculator::runInternal:
	16 trials
	total = 0.805161 s
	mean  = 0.0503226 s
	var   = 0.000596773 s^2, std = 0.0244289 s
	min   = 0.003007 s
	max   = 0.097264 s

SurfaceDistanceOrderedTransfer::setInput:
	16 trials
	total = 0.000501 s
	mean  = 3.13125e-005 s
	var   = 1.56876e-008 s^2, std = 0.00012525 s
	min   = 0 s
	max   = 0.000501 s

SurfaceDistanceOrderedTransfer::runInternal:
	16 trials
	total = 56.0911 s
	mean  = 3.50569 s
	var   = 0.272644 s^2, std = 0.522153 s
	min   = 1.70903 s
	max   = 3.97959 s

SurfaceDistanceOrderedTransfer::buildOrderedSurfaceData:
	16 trials
	total = 1.07344 s
	mean  = 0.0670901 s
	var   = 0.00826462 s^2, std = 0.09091 s
	min   = 0.00149 s
	max   = 0.402568 s

SurfaceDistanceOrderedTransfer::fillDistanceChannel:
	16 trials
	total = 3.35273 s
	mean  = 0.209545 s
	var   = 0.001132 s^2, std = 0.0336452 s
	min   = 0.088736 s
	max   = 0.245906 s

SurfaceDistanceOrderedTransfer::transfer:
	16 trials
	total = 51.0829 s
	mean  = 3.19268 s
	var   = 0.32014 s^2, std = 0.565809 s
	min   = 1.21021 s
	max   = 3.6567 s

SurfaceDistanceOrderedTransfer::mergeDistances:
	48 trials
	total = 3.57649 s
	mean  = 0.0745101 s
	var   = 0.000106706 s^2, std = 0.0103298 s
	min   = 0.036598 s
	max   = 0.089738 s

SurfaceDistanceOrderedTransfer::applySqrt:
	16 trials
	total = 0.566478 s
	mean  = 0.0354049 s
	var   = 0.000134511 s^2, std = 0.0115979 s
	min   = 0.007019 s
	max   = 0.048624 s

LayerExtractor::setInput:
	16 trials
	total = 0.000988 s
	mean  = 6.175e-005 s
	var   = 2.84794e-008 s^2, std = 0.000168758 s
	min   = 0 s
	max   = 0.000502 s

LayerExtractor::runInternal:
	16 trials
	total = 20.0145 s
	mean  = 1.25091 s
	var   = 0.224324 s^2, std = 0.473629 s
	min   = 0.179476 s
	max   = 1.73364 s

VectorLayerHalftoner::setInput:
	16 trials
	total = 0.021648 s
	mean  = 0.001353 s
	var   = 1.47621e-005 s^2, std = 0.00384215 s
	min   = 0 s
	max   = 0.015626 s

VectorLayerHalftoner::runInternal:
	16 trials
	total = 169.183 s
	mean  = 10.574 s
	var   = 20.5603 s^2, std = 4.53434 s
	min   = 1.19716 s
	max   = 16.8472 s

VectorLayerHalftoner(0)::setupOutputContainerSlaveReporter::serializeSlice:
	777 trials
	total = 507.745 s
	mean  = 0.653468 s
	var   = 0.383208 s^2, std = 0.619038 s
	min   = 0.410074 s
	max   = 6.36142 s

SlaveReporter::Send:
	22 trials
	total = 0 s
	mean  = 0 s
	var   = 0 s^2, std = 0 s
	min   = 0 s
	max   = 0 s

