SlavePrintingSoftware::startUp:
	1 trials
	total = 0.322534 s
	mean  = 0.322534 s
	var   = 0 s^2, std = 0 s
	min   = 0.322534 s
	max   = 0.322534 s

PrintingSoftware::execute:
	1 trials
	total = 445.933 s
	mean  = 445.933 s
	var   = 0 s^2, std = 0 s
	min   = 445.933 s
	max   = 445.933 s

DistributedComputingInitiator::Receive:
	1 trials
	total = 36.0689 s
	mean  = 36.0689 s
	var   = 0 s^2, std = 0 s
	min   = 36.0689 s
	max   = 36.0689 s

FileParserPJ::setInput:
	1 trials
	total = 0 s
	mean  = 0 s
	var   = 0 s^2, std = 0 s
	min   = 0 s
	max   = 0 s

FileParserPJ::runInternal:
	1 trials
	total = 7.14803 s
	mean  = 7.14803 s
	var   = 0 s^2, std = 0 s
	min   = 7.14803 s
	max   = 7.14803 s

PrintJobOrganizer::setInput:
	1 trials
	total = 0.015639 s
	mean  = 0.015639 s
	var   = 0 s^2, std = 0 s
	min   = 0.015639 s
	max   = 0.015639 s

PrintJobOrganizer::runInternal:
	1 trials
	total = 0.494815 s
	mean  = 0.494815 s
	var   = 0 s^2, std = 0 s
	min   = 0.494815 s
	max   = 0.494815 s

PrintJobPreprocessor::setInput:
	1 trials
	total = 0 s
	mean  = 0 s
	var   = 0 s^2, std = 0 s
	min   = 0 s
	max   = 0 s

PrintJobPreprocessor::runInternal:
	1 trials
	total = 2.09708 s
	mean  = 2.09708 s
	var   = 0 s^2, std = 0 s
	min   = 2.09708 s
	max   = 2.09708 s

PrintJobVoxelizer::setInput:
	16 trials
	total = 0 s
	mean  = 0 s
	var   = 0 s^2, std = 0 s
	min   = 0 s
	max   = 0 s

PrintJobVoxelizer::runInternal:
	16 trials
	total = 75.4154 s
	mean  = 4.71347 s
	var   = 0.575158 s^2, std = 0.758392 s
	min   = 2.44412 s
	max   = 5.6663 s

PrintJobVoxelizer::rasterizeObjects:
	16 trials
	total = 22.6891 s
	mean  = 1.41807 s
	var   = 0.157675 s^2, std = 0.397083 s
	min   = 0.515453 s
	max   = 1.91908 s

PrintJobVoxelizer::voxelizeObjects:
	16 trials
	total = 50.5778 s
	mean  = 3.16111 s
	var   = 0.205284 s^2, std = 0.453083 s
	min   = 1.85165 s
	max   = 3.91387 s

PrintJobVoxelizer::finalizeSurfaces:
	16 trials
	total = 0.721303 s
	mean  = 0.0450814 s
	var   = 8.67758e-005 s^2, std = 0.00931535 s
	min   = 0.022005 s
	max   = 0.062016 s

TonalValueCalculator::setInput:
	16 trials
	total = 0 s
	mean  = 0 s
	var   = 0 s^2, std = 0 s
	min   = 0 s
	max   = 0 s

TonalValueCalculator::runInternal:
	16 trials
	total = 0.503277 s
	mean  = 0.0314548 s
	var   = 0.00024055 s^2, std = 0.0155097 s
	min   = 0 s
	max   = 0.05265 s

SurfaceDistanceOrderedTransfer::setInput:
	16 trials
	total = 0.001 s
	mean  = 6.25e-005 s
	var   = 6.25e-008 s^2, std = 0.00025 s
	min   = 0 s
	max   = 0.001 s

SurfaceDistanceOrderedTransfer::runInternal:
	16 trials
	total = 29.5322 s
	mean  = 1.84576 s
	var   = 0.0583693 s^2, std = 0.241597 s
	min   = 1.02349 s
	max   = 2.10154 s

SurfaceDistanceOrderedTransfer::buildOrderedSurfaceData:
	16 trials
	total = 0.708413 s
	mean  = 0.0442758 s
	var   = 0.00447322 s^2, std = 0.0668822 s
	min   = 0 s
	max   = 0.289824 s

SurfaceDistanceOrderedTransfer::fillDistanceChannel:
	16 trials
	total = 2.49115 s
	mean  = 0.155697 s
	var   = 0.00030776 s^2, std = 0.0175431 s
	min   = 0.098502 s
	max   = 0.180046 s

SurfaceDistanceOrderedTransfer::transfer:
	16 trials
	total = 25.7662 s
	mean  = 1.61039 s
	var   = 0.0777202 s^2, std = 0.278783 s
	min   = 0.629164 s
	max   = 1.86348 s

SurfaceDistanceOrderedTransfer::mergeDistances:
	32 trials
	total = 2.17452 s
	mean  = 0.0679537 s
	var   = 9.79558e-005 s^2, std = 0.00989726 s
	min   = 0.033008 s
	max   = 0.081022 s

SurfaceDistanceOrderedTransfer::applySqrt:
	16 trials
	total = 0.557426 s
	mean  = 0.0348391 s
	var   = 0.000397981 s^2, std = 0.0199495 s
	min   = 0.006 s
	max   = 0.095963 s

LayerExtractor::setInput:
	16 trials
	total = 0 s
	mean  = 0 s
	var   = 0 s^2, std = 0 s
	min   = 0 s
	max   = 0 s

LayerExtractor::runInternal:
	16 trials
	total = 15.4135 s
	mean  = 0.963345 s
	var   = 0.119739 s^2, std = 0.346033 s
	min   = 0.185049 s
	max   = 1.33535 s

VectorLayerHalftoner::setInput:
	16 trials
	total = 0.012802 s
	mean  = 0.000800125 s
	var   = 4.60622e-007 s^2, std = 0.000678691 s
	min   = 0 s
	max   = 0.00259 s

VectorLayerHalftoner::runInternal:
	16 trials
	total = 104.183 s
	mean  = 6.51142 s
	var   = 5.84329 s^2, std = 2.41729 s
	min   = 1.01728 s
	max   = 9.83355 s

VectorLayerHalftoner(0)::setupOutputContainerSlaveReporter::serializeSlice:
	777 trials
	total = 412.566 s
	mean  = 0.530973 s
	var   = 0.201261 s^2, std = 0.448621 s
	min   = 0.253797 s
	max   = 4.7509 s

SlaveReporter::Send:
	22 trials
	total = 0.001002 s
	mean  = 4.55455e-005 s
	var   = 4.56365e-008 s^2, std = 0.000213627 s
	min   = 0 s
	max   = 0.001002 s

