Warning:json file inside profile could not be parsed 

GL version: 4.5.0 NVIDIA 362.00

Warning: there is no json file embedded inside profile 

LayerExtractor: distance needed for layers: 0.135467

FileParserPJ: initializing
PrintJobOrganizer: initializing
PrintJobPreprocessor: initializing
PrintJobVoxelizer: initializing
TonalValueCalculator: initializing
TonalValueCalculator: Using rendering intent RELATIVE_COLORIMETRIC

SurfaceDistanceOrderedTransfer: initializing
TonalLinearizer: initializing
VectorLayerHalftoner: initializing
SlaveReporter: initializing
FileParserPJ:  runs 15:39:53

FileParserPJ: loading OBJ file

244921 vertices
489840 faces

FileParserPJ: 245383 texture coordinates

FileParserPJ: 245383 vertices after duplication

FileParserPJ: //filer-igd2.igd.fraunhofer.de/igd-3dt/shared/3DModels/Head/HeadMTL/Head_Level3.obj parsed: 245383 vertices and 489840 faces

FileParserPJ: loading jpg file

FileParserPJ: loading OBJ file

244921 vertices
489840 faces

FileParserPJ: 245383 texture coordinates

FileParserPJ: 245383 vertices after duplication

FileParserPJ: //filer-igd2.igd.fraunhofer.de/igd-3dt/shared/3DModels/Head/HeadMTL/Head_Level3.obj parsed: 245383 vertices and 489840 faces

FileParserPJ: loading jpg file

FileParserPJ: Input files parsed

PrintJobOrganizer:  runs 15:40:0

centering objects at origin
optimizing rotation for height
scaling objects
optimizing rotation for support use
PrintJobOrganizer: support cost         = 25.4851
support cost flipped = 22.9004

PrintJobOrganizer: support cost         = 25.4851
support cost flipped = 22.9004

arranging objects in 2D
validating object placement
PrintJobOrganizer: print object 1 print-space bounding box: (0.00211667, 0.00423333, 0.00135106), (8.00212, 5.12195, 4.19435)
PrintJobOrganizer: print object 2 print-space bounding box: (0.00211667, 5.32195, 0.00135106), (8.00212, 10.4397, 4.19435)
saving transforms to file
PrintJobPreprocessor:  runs 15:40:0

PrintJobPreprocessor: flatten
PrintJobPreprocessor: prioritize
PrintJobPreprocessor: segment-hierarchy
PrintJobPreprocessor: boundingBox
PrintJobPreprocessor: uniformAppearanceTextures
PrintJobVoxelizer:  runs 15:40:2

PrintJobVoxelizer: 
number of slices to print: 777 (4.19435 cm)
width of slices to print:  946 (8.00212 cm)
height of slices to print: 617 (10.4397 cm)
chunk size:                50 (0.270213 cm)

PrintJobVoxelizer: setting up slices
PrintJobVoxelizer: rasterizing objects
PrintJobVoxelizer: creating rasterizer
PrintJobVoxelizer: rasterizing object 1
PrintJobVoxelizer: rasterizing object 2
Rasterizer::rasterize:
	2 trials
	total = 0.39068 s
	mean  = 0.19534 s
	var   = 0.000121898 s^2, std = 0.0110408 s
	min   = 0.187533 s
	max   = 0.203147 s


PrintJobVoxelizer: voxelizing objects
Object 1 ROI: [0 0 0] --> [946 303 50]
GWNSampleFloodVoxelizer: number of samples: 107
GWNSampleFloodVoxelizer: samples evaluated
GWNSampleFloodVoxelizer: adaptive threshold = 0.498039
GWNSampleFloodVoxelizer: flooding complete
Voxelization: solid angle evaluations per voxel: 0.0835662

Object 2 ROI: [0 314 0] --> [946 617 50]
GWNSampleFloodVoxelizer: number of samples: 106
GWNSampleFloodVoxelizer: samples evaluated
GWNSampleFloodVoxelizer: adaptive threshold = 0.498039
GWNSampleFloodVoxelizer: flooding complete
Voxelization: solid angle evaluations per voxel: 0.165083

GWNSampleFloodVoxelizer::voxelize:
	2 trials
	total = 2.85971 s
	mean  = 1.42986 s
	var   = 0.00598626 s^2, std = 0.0773709 s
	min   = 1.37515 s
	max   = 1.48457 s

GWNSampleFloodVoxelizer::initIndicator:
	2 trials
	total = 0.406264 s
	mean  = 0.203132 s
	var   = 5.12e-010 s^2, std = 2.26274e-005 s
	min   = 0.203116 s
	max   = 0.203148 s

GWNSampleFloodVoxelizer::selectSamples:
	2 trials
	total = 0.187519 s
	mean  = 0.0937595 s
	var   = 5e-013 s^2, std = 7.07107e-007 s
	min   = 0.093759 s
	max   = 0.09376 s

GWNSampleFloodVoxelizer::evaluateSamples:
	2 trials
	total = 0.078134 s
	mean  = 0.039067 s
	var   = 0.000122117 s^2, std = 0.0110507 s
	min   = 0.031253 s
	max   = 0.046881 s

GWNSampleFloodVoxelizer::flood:
	2 trials
	total = 2.00021 s
	mean  = 1.00011 s
	var   = 0.00439538 s^2, std = 0.0662976 s
	min   = 0.953227 s
	max   = 1.04699 s


PrintJobVoxelizer: finalizing surfaces
PrintJobVoxelizer: 37407 surface voxels
PrintJobVoxelizer: getting output subset
PrintJobVoxelizer: updating slice indices
TonalValueCalculator:  runs 15:40:6
slices [0, 49):
	channel 0: occupancy (dense)
	channel 1: opticalFeature (sparse)

SurfaceDistanceOrderedTransfer:  runs 15:40:6
slices [0, 49):
	channel 0: occupancy (dense)
	channel 1: surfaceDist (dense)

SurfaceDistanceOrderedTransfer: 0 0 23
LayerExtractor:  runs 15:40:7
slices [0, 23):
	channel 0: occupancy (dense)
	channel 1: surfaceDist (dense)
	channel 2: layer_000 (sparse)
	channel 3: layer_001 (sparse)
	channel 4: layer_002 (sparse)
	channel 5: layer_003 (sparse)
	channel 6: layer_004 (sparse)
	channel 7: layer_005 (sparse)
	channel 8: layer_006 (sparse)
	channel 9: layer_007 (sparse)

TonalLinearizer:  runs 15:40:7
slices [0, 22):
	channel 0: occupancy (dense)
	channel 1: surfaceDist (dense)
	channel 2: layer_000 (sparse)
	channel 3: layer_001 (sparse)
	channel 4: layer_002 (sparse)
	channel 5: layer_003 (sparse)
	channel 6: layer_004 (sparse)
	channel 7: layer_005 (sparse)
	channel 8: layer_006 (sparse)
	channel 9: layer_007 (sparse)

VectorLayerHalftoner: VectorLayerHalftoner error: no tonal values available

VectorLayerHalftoner:  runs 15:40:7
slices [0, 22):
	channel 0: occupancy (dense)
	channel 1: surfaceDist (dense)
	channel 2: layer_000 (sparse)
	channel 3: layer_001 (sparse)
	channel 4: layer_002 (sparse)
	channel 5: layer_003 (sparse)
	channel 6: layer_004 (sparse)
	channel 7: layer_005 (sparse)
	channel 8: layer_006 (sparse)
	channel 9: layer_007 (sparse)
	channel 10: intermedTonal_0 (sparse)
	channel 11: intermedTonal_1 (sparse)
	channel 12: intermedTonal_2 (sparse)
	channel 13: intermedTonal_3 (sparse)
	channel 14: intermedTonal_4 (sparse)
	channel 15: intermedTonal_5 (sparse)
	channel 16: intermedTonal_6 (sparse)
	channel 17: intermedTonal_7 (sparse)
	channel 18: quantizedTonal (sparse)

SlaveReporter:  runs 15:40:8
slices [0, 10):
	channel 0: material (dense)
	channel 1: occupancy (dense)

SlaveReporter::runInternal
PrintJobVoxelizer:  runs 15:40:8

PrintJobVoxelizer: setting up slices
PrintJobVoxelizer: rasterizing objects
PrintJobVoxelizer: creating rasterizer
PrintJobVoxelizer: rasterizing object 1
PrintJobVoxelizer: rasterizing object 2
Rasterizer::rasterize:
	4 trials
	total = 1.56268 s
	mean  = 0.390669 s
	var   = 0.0509526 s^2, std = 0.225727 s
	min   = 0.187533 s
	max   = 0.593812 s


PrintJobVoxelizer: voxelizing objects
Object 1 ROI: [0 0 0] --> [946 303 50]
GWNSampleFloodVoxelizer: number of samples: 228
GWNSampleFloodVoxelizer: samples evaluated
GWNSampleFloodVoxelizer: adaptive threshold = 0.498039
GWNSampleFloodVoxelizer: flooding complete
Voxelization: solid angle evaluations per voxel: 0.374116

Object 2 ROI: [0 314 0] --> [946 617 50]
GWNSampleFloodVoxelizer: number of samples: 226
GWNSampleFloodVoxelizer: samples evaluated
GWNSampleFloodVoxelizer: adaptive threshold = 0.498039
GWNSampleFloodVoxelizer: flooding complete
Voxelization: solid angle evaluations per voxel: 0.74482

GWNSampleFloodVoxelizer::voxelize:
	4 trials
	total = 5.90233 s
	mean  = 1.47558 s
	var   = 0.00695037 s^2, std = 0.0833689 s
	min   = 1.37515 s
	max   = 1.57832 s

GWNSampleFloodVoxelizer::initIndicator:
	4 trials
	total = 0.828155 s
	mean  = 0.207039 s
	var   = 6.12074e-005 s^2, std = 0.00782351 s
	min   = 0.203116 s
	max   = 0.218774 s

GWNSampleFloodVoxelizer::selectSamples:
	4 trials
	total = 0.359412 s
	mean  = 0.089853 s
	var   = 6.10482e-005 s^2, std = 0.00781333 s
	min   = 0.078133 s
	max   = 0.09376 s

GWNSampleFloodVoxelizer::evaluateSamples:
	4 trials
	total = 0.359414 s
	mean  = 0.0898535 s
	var   = 0.00347973 s^2, std = 0.0589892 s
	min   = 0.031253 s
	max   = 0.14064 s

GWNSampleFloodVoxelizer::flood:
	4 trials
	total = 4.03168 s
	mean  = 1.00792 s
	var   = 0.00219771 s^2, std = 0.0468798 s
	min   = 0.953227 s
	max   = 1.04699 s


PrintJobVoxelizer: finalizing surfaces
PrintJobVoxelizer: 244226 surface voxels
PrintJobVoxelizer: getting output subset
PrintJobVoxelizer: updating slice indices
TonalValueCalculator:  runs 15:40:12
slices [49, 99):
	channel 0: occupancy (dense)
	channel 1: opticalFeature (sparse)

SurfaceDistanceOrderedTransfer:  runs 15:40:12
slices [23, 99):
	channel 0: occupancy (dense)
	channel 1: surfaceDist (dense)

SurfaceDistanceOrderedTransfer: 23 49 73
LayerExtractor:  runs 15:40:14
slices [21, 73):
	channel 0: occupancy (dense)
	channel 1: surfaceDist (dense)
	channel 2: layer_000 (sparse)
	channel 3: layer_001 (sparse)
	channel 4: layer_002 (sparse)
	channel 5: layer_003 (sparse)
	channel 6: layer_004 (sparse)
	channel 7: layer_005 (sparse)
	channel 8: layer_006 (sparse)
	channel 9: layer_007 (sparse)

TonalLinearizer:  runs 15:40:14
slices [22, 72):
	channel 0: occupancy (dense)
	channel 1: surfaceDist (dense)
	channel 2: layer_000 (sparse)
	channel 3: layer_001 (sparse)
	channel 4: layer_002 (sparse)
	channel 5: layer_003 (sparse)
	channel 6: layer_004 (sparse)
	channel 7: layer_005 (sparse)
	channel 8: layer_006 (sparse)
	channel 9: layer_007 (sparse)

VectorLayerHalftoner: VectorLayerHalftoner error: no tonal values available

VectorLayerHalftoner:  runs 15:40:14
slices [10, 72):
	channel 0: occupancy (dense)
	channel 1: surfaceDist (dense)
	channel 2: layer_000 (sparse)
	channel 3: layer_001 (sparse)
	channel 4: layer_002 (sparse)
	channel 5: layer_003 (sparse)
	channel 6: layer_004 (sparse)
	channel 7: layer_005 (sparse)
	channel 8: layer_006 (sparse)
	channel 9: layer_007 (sparse)
	channel 10: intermedTonal_0 (sparse)
	channel 11: intermedTonal_1 (sparse)
	channel 12: intermedTonal_2 (sparse)
	channel 13: intermedTonal_3 (sparse)
	channel 14: intermedTonal_4 (sparse)
	channel 15: intermedTonal_5 (sparse)
	channel 16: intermedTonal_6 (sparse)
	channel 17: intermedTonal_7 (sparse)
	channel 18: quantizedTonal (sparse)
	channel 19: errorDiffInfo2 (sparse)
	channel 20: distanceToEmpty (sparse)
	channel 21: errorDiffInfo3 (sparse)
	channel 22: errorDiffInfo4 (sparse)
	channel 23: errorDiffInfo5 (sparse)
	channel 24: errorDiffInfo6 (sparse)
	channel 25: errorDiffInfo7 (sparse)
	channel 26: errorDiffInfo8 (sparse)
	channel 27: errorDiffInfo9 (sparse)

SlaveReporter:  runs 15:40:17
slices [10, 60):
	channel 0: material (dense)
	channel 1: occupancy (dense)

SlaveReporter::runInternal
PrintJobVoxelizer:  runs 15:40:17

PrintJobVoxelizer: setting up slices
PrintJobVoxelizer: rasterizing objects
PrintJobVoxelizer: creating rasterizer
PrintJobVoxelizer: rasterizing object 1
PrintJobVoxelizer: rasterizing object 2
Rasterizer::rasterize:
	6 trials
	total = 3.1566 s
	mean  = 0.5261 s
	var   = 0.0745914 s^2, std = 0.273114 s
	min   = 0.187533 s
	max   = 0.796966 s


PrintJobVoxelizer: voxelizing objects
Object 1 ROI: [0 0 0] --> [946 303 50]
GWNSampleFloodVoxelizer: number of samples: 366
GWNSampleFloodVoxelizer: samples evaluated
GWNSampleFloodVoxelizer: adaptive threshold = 0.498039
GWNSampleFloodVoxelizer: flooding complete
Voxelization: solid angle evaluations per voxel: 0.631734

Object 2 ROI: [0 314 0] --> [946 617 50]
GWNSampleFloodVoxelizer: number of samples: 362
GWNSampleFloodVoxelizer: samples evaluated
GWNSampleFloodVoxelizer: adaptive threshold = 0.498039
GWNSampleFloodVoxelizer: flooding complete
Voxelization: solid angle evaluations per voxel: 1.25691

GWNSampleFloodVoxelizer::voxelize:
	6 trials
	total = 9.02769 s
	mean  = 1.50462 s
	var   = 0.0124462 s^2, std = 0.111563 s
	min   = 1.37515 s
	max   = 1.68771 s

GWNSampleFloodVoxelizer::initIndicator:
	6 trials
	total = 1.25004 s
	mean  = 0.208341 s
	var   = 6.53128e-005 s^2, std = 0.00808163 s
	min   = 0.203115 s
	max   = 0.218774 s

GWNSampleFloodVoxelizer::selectSamples:
	6 trials
	total = 0.515679 s
	mean  = 0.0859465 s
	var   = 7.32547e-005 s^2, std = 0.0085589 s
	min   = 0.078133 s
	max   = 0.09376 s

GWNSampleFloodVoxelizer::evaluateSamples:
	6 trials
	total = 0.84384 s
	mean  = 0.14064 s
	var   = 0.00830251 s^2, std = 0.0911181 s
	min   = 0.031253 s
	max   = 0.250027 s

GWNSampleFloodVoxelizer::flood:
	6 trials
	total = 5.89126 s
	mean  = 0.981876 s
	var   = 0.00844086 s^2, std = 0.0918742 s
	min   = 0.812588 s
	max   = 1.04699 s


PrintJobVoxelizer: finalizing surfaces
PrintJobVoxelizer: 561382 surface voxels
PrintJobVoxelizer: getting output subset
PrintJobVoxelizer: updating slice indices
TonalValueCalculator:  runs 15:40:22
slices [99, 149):
	channel 0: occupancy (dense)
	channel 1: opticalFeature (sparse)

SurfaceDistanceOrderedTransfer:  runs 15:40:22
slices [73, 149):
	channel 0: occupancy (dense)
	channel 1: surfaceDist (dense)

SurfaceDistanceOrderedTransfer: 73 99 123
LayerExtractor:  runs 15:40:24
slices [71, 123):
	channel 0: occupancy (dense)
	channel 1: surfaceDist (dense)
	channel 2: layer_000 (sparse)
	channel 3: layer_001 (sparse)
	channel 4: layer_002 (sparse)
	channel 5: layer_003 (sparse)
	channel 6: layer_004 (sparse)
	channel 7: layer_005 (sparse)
	channel 8: layer_006 (sparse)
	channel 9: layer_007 (sparse)

TonalLinearizer:  runs 15:40:24
slices [72, 122):
	channel 0: occupancy (dense)
	channel 1: surfaceDist (dense)
	channel 2: layer_000 (sparse)
	channel 3: layer_001 (sparse)
	channel 4: layer_002 (sparse)
	channel 5: layer_003 (sparse)
	channel 6: layer_004 (sparse)
	channel 7: layer_005 (sparse)
	channel 8: layer_006 (sparse)
	channel 9: layer_007 (sparse)

VectorLayerHalftoner: VectorLayerHalftoner error: no tonal values available

VectorLayerHalftoner:  runs 15:40:25
slices [60, 122):
	channel 0: occupancy (dense)
	channel 1: surfaceDist (dense)
	channel 2: layer_000 (sparse)
	channel 3: layer_001 (sparse)
	channel 4: layer_002 (sparse)
	channel 5: layer_003 (sparse)
	channel 6: layer_004 (sparse)
	channel 7: layer_005 (sparse)
	channel 8: layer_006 (sparse)
	channel 9: layer_007 (sparse)
	channel 10: intermedTonal_0 (sparse)
	channel 11: intermedTonal_1 (sparse)
	channel 12: intermedTonal_2 (sparse)
	channel 13: intermedTonal_3 (sparse)
	channel 14: intermedTonal_4 (sparse)
	channel 15: intermedTonal_5 (sparse)
	channel 16: intermedTonal_6 (sparse)
	channel 17: intermedTonal_7 (sparse)
	channel 18: quantizedTonal (sparse)
	channel 19: errorDiffInfo2 (sparse)
	channel 20: distanceToEmpty (sparse)
	channel 21: errorDiffInfo3 (sparse)
	channel 22: errorDiffInfo4 (sparse)
	channel 23: errorDiffInfo5 (sparse)
	channel 24: errorDiffInfo6 (sparse)
	channel 25: errorDiffInfo7 (sparse)
	channel 26: errorDiffInfo8 (sparse)
	channel 27: errorDiffInfo9 (sparse)

SlaveReporter:  runs 15:40:30
slices [60, 110):
	channel 0: material (dense)
	channel 1: occupancy (dense)

SlaveReporter::runInternal
PrintJobVoxelizer:  runs 15:40:30

PrintJobVoxelizer: setting up slices
PrintJobVoxelizer: rasterizing objects
PrintJobVoxelizer: creating rasterizer
PrintJobVoxelizer: rasterizing object 1
PrintJobVoxelizer: rasterizing object 2
Rasterizer::rasterize:
	8 trials
	total = 4.55055 s
	mean  = 0.568819 s
	var   = 0.0595473 s^2, std = 0.244023 s
	min   = 0.187533 s
	max   = 0.796966 s


PrintJobVoxelizer: voxelizing objects
Object 1 ROI: [0 0 0] --> [946 303 50]
GWNSampleFloodVoxelizer: number of samples: 235
GWNSampleFloodVoxelizer: samples evaluated
GWNSampleFloodVoxelizer: adaptive threshold = 0.498039
GWNSampleFloodVoxelizer: flooding complete
Voxelization: solid angle evaluations per voxel: 0.325852

Object 2 ROI: [0 314 0] --> [946 617 50]
GWNSampleFloodVoxelizer: number of samples: 236
GWNSampleFloodVoxelizer: samples evaluated
GWNSampleFloodVoxelizer: adaptive threshold = 0.498039
GWNSampleFloodVoxelizer: flooding complete
Voxelization: solid angle evaluations per voxel: 0.65112

GWNSampleFloodVoxelizer::voxelize:
	8 trials
	total = 11.9186 s
	mean  = 1.48983 s
	var   = 0.0146807 s^2, std = 0.121164 s
	min   = 1.31264 s
	max   = 1.68771 s

GWNSampleFloodVoxelizer::initIndicator:
	8 trials
	total = 1.65634 s
	mean  = 0.207042 s
	var   = 0.000122201 s^2, std = 0.0110545 s
	min   = 0.18752 s
	max   = 0.218774 s

GWNSampleFloodVoxelizer::selectSamples:
	8 trials
	total = 0.671945 s
	mean  = 0.0839931 s
	var   = 6.54071e-005 s^2, std = 0.00808746 s
	min   = 0.078133 s
	max   = 0.09376 s

GWNSampleFloodVoxelizer::evaluateSamples:
	8 trials
	total = 1.10949 s
	mean  = 0.138687 s
	var   = 0.00596089 s^2, std = 0.0772068 s
	min   = 0.031253 s
	max   = 0.250027 s

GWNSampleFloodVoxelizer::flood:
	8 trials
	total = 7.7352 s
	mean  = 0.9669 s
	var   = 0.0112634 s^2, std = 0.106129 s
	min   = 0.796959 s
	max   = 1.04699 s


PrintJobVoxelizer: finalizing surfaces
PrintJobVoxelizer: 861738 surface voxels
PrintJobVoxelizer: getting output subset
PrintJobVoxelizer: updating slice indices
TonalValueCalculator:  runs 15:40:35
slices [149, 199):
	channel 0: occupancy (dense)
	channel 1: opticalFeature (sparse)

SurfaceDistanceOrderedTransfer:  runs 15:40:35
slices [123, 199):
	channel 0: occupancy (dense)
	channel 1: surfaceDist (dense)

SurfaceDistanceOrderedTransfer: 123 149 173
LayerExtractor:  runs 15:40:36
slices [121, 173):
	channel 0: occupancy (dense)
	channel 1: surfaceDist (dense)
	channel 2: layer_000 (sparse)
	channel 3: layer_001 (sparse)
	channel 4: layer_002 (sparse)
	channel 5: layer_003 (sparse)
	channel 6: layer_004 (sparse)
	channel 7: layer_005 (sparse)
	channel 8: layer_006 (sparse)
	channel 9: layer_007 (sparse)

TonalLinearizer:  runs 15:40:37
slices [122, 172):
	channel 0: occupancy (dense)
	channel 1: surfaceDist (dense)
	channel 2: layer_000 (sparse)
	channel 3: layer_001 (sparse)
	channel 4: layer_002 (sparse)
	channel 5: layer_003 (sparse)
	channel 6: layer_004 (sparse)
	channel 7: layer_005 (sparse)
	channel 8: layer_006 (sparse)
	channel 9: layer_007 (sparse)

VectorLayerHalftoner: VectorLayerHalftoner error: no tonal values available

VectorLayerHalftoner:  runs 15:40:38
slices [110, 172):
	channel 0: occupancy (dense)
	channel 1: surfaceDist (dense)
	channel 2: layer_000 (sparse)
	channel 3: layer_001 (sparse)
	channel 4: layer_002 (sparse)
	channel 5: layer_003 (sparse)
	channel 6: layer_004 (sparse)
	channel 7: layer_005 (sparse)
	channel 8: layer_006 (sparse)
	channel 9: layer_007 (sparse)
	channel 10: intermedTonal_0 (sparse)
	channel 11: intermedTonal_1 (sparse)
	channel 12: intermedTonal_2 (sparse)
	channel 13: intermedTonal_3 (sparse)
	channel 14: intermedTonal_4 (sparse)
	channel 15: intermedTonal_5 (sparse)
	channel 16: intermedTonal_6 (sparse)
	channel 17: intermedTonal_7 (sparse)
	channel 18: quantizedTonal (sparse)
	channel 19: errorDiffInfo2 (sparse)
	channel 20: distanceToEmpty (sparse)
	channel 21: errorDiffInfo3 (sparse)
	channel 22: errorDiffInfo4 (sparse)
	channel 23: errorDiffInfo5 (sparse)
	channel 24: errorDiffInfo6 (sparse)
	channel 25: errorDiffInfo7 (sparse)
	channel 26: errorDiffInfo8 (sparse)
	channel 27: errorDiffInfo9 (sparse)

SlaveReporter:  runs 15:40:45
slices [110, 160):
	channel 0: material (dense)
	channel 1: occupancy (dense)

SlaveReporter::runInternal
PrintJobVoxelizer:  runs 15:40:45

PrintJobVoxelizer: setting up slices
PrintJobVoxelizer: rasterizing objects
PrintJobVoxelizer: creating rasterizer
PrintJobVoxelizer: rasterizing object 1
PrintJobVoxelizer: rasterizing object 2
Rasterizer::rasterize:
	10 trials
	total = 5.83193 s
	mean  = 0.583193 s
	var   = 0.0472872 s^2, std = 0.217456 s
	min   = 0.187533 s
	max   = 0.796966 s


PrintJobVoxelizer: voxelizing objects
Object 1 ROI: [0 0 0] --> [946 303 50]
GWNSampleFloodVoxelizer: number of samples: 208
GWNSampleFloodVoxelizer: samples evaluated
GWNSampleFloodVoxelizer: adaptive threshold = 0.498039
GWNSampleFloodVoxelizer: flooding complete
Voxelization: solid angle evaluations per voxel: 0.269566

Object 2 ROI: [0 314 0] --> [946 617 50]
GWNSampleFloodVoxelizer: number of samples: 207
GWNSampleFloodVoxelizer: samples evaluated
GWNSampleFloodVoxelizer: adaptive threshold = 0.498039
GWNSampleFloodVoxelizer: flooding complete
Voxelization: solid angle evaluations per voxel: 0.536962

GWNSampleFloodVoxelizer::voxelize:
	10 trials
	total = 14.7783 s
	mean  = 1.47783 s
	var   = 0.0219451 s^2, std = 0.148139 s
	min   = 1.21891 s
	max   = 1.68771 s

GWNSampleFloodVoxelizer::initIndicator:
	10 trials
	total = 2.0626 s
	mean  = 0.20626 s
	var   = 0.000151931 s^2, std = 0.012326 s
	min   = 0.187519 s
	max   = 0.218774 s

GWNSampleFloodVoxelizer::selectSamples:
	10 trials
	total = 0.843838 s
	mean  = 0.0843838 s
	var   = 6.51139e-005 s^2, std = 0.00806932 s
	min   = 0.078133 s
	max   = 0.09376 s

GWNSampleFloodVoxelizer::evaluateSamples:
	10 trials
	total = 1.31264 s
	mean  = 0.131264 s
	var   = 0.00489467 s^2, std = 0.0699619 s
	min   = 0.031253 s
	max   = 0.250027 s

GWNSampleFloodVoxelizer::flood:
	10 trials
	total = 9.62603 s
	mean  = 0.962603 s
	var   = 0.0173214 s^2, std = 0.131611 s
	min   = 0.75008 s
	max   = 1.14075 s


PrintJobVoxelizer: finalizing surfaces
PrintJobVoxelizer: 1154424 surface voxels
PrintJobVoxelizer: getting output subset
PrintJobVoxelizer: updating slice indices
TonalValueCalculator:  runs 15:40:50
slices [199, 249):
	channel 0: occupancy (dense)
	channel 1: opticalFeature (sparse)

SurfaceDistanceOrderedTransfer:  runs 15:40:50
slices [173, 249):
	channel 0: occupancy (dense)
	channel 1: surfaceDist (dense)

SurfaceDistanceOrderedTransfer: 173 199 223
LayerExtractor:  runs 15:40:51
slices [171, 223):
	channel 0: occupancy (dense)
	channel 1: surfaceDist (dense)
	channel 2: layer_000 (sparse)
	channel 3: layer_001 (sparse)
	channel 4: layer_002 (sparse)
	channel 5: layer_003 (sparse)
	channel 6: layer_004 (sparse)
	channel 7: layer_005 (sparse)
	channel 8: layer_006 (sparse)
	channel 9: layer_007 (sparse)

TonalLinearizer:  runs 15:40:52
slices [172, 222):
	channel 0: occupancy (dense)
	channel 1: surfaceDist (dense)
	channel 2: layer_000 (sparse)
	channel 3: layer_001 (sparse)
	channel 4: layer_002 (sparse)
	channel 5: layer_003 (sparse)
	channel 6: layer_004 (sparse)
	channel 7: layer_005 (sparse)
	channel 8: layer_006 (sparse)
	channel 9: layer_007 (sparse)

VectorLayerHalftoner: VectorLayerHalftoner error: no tonal values available

VectorLayerHalftoner:  runs 15:40:53
slices [160, 222):
	channel 0: occupancy (dense)
	channel 1: surfaceDist (dense)
	channel 2: layer_000 (sparse)
	channel 3: layer_001 (sparse)
	channel 4: layer_002 (sparse)
	channel 5: layer_003 (sparse)
	channel 6: layer_004 (sparse)
	channel 7: layer_005 (sparse)
	channel 8: layer_006 (sparse)
	channel 9: layer_007 (sparse)
	channel 10: intermedTonal_0 (sparse)
	channel 11: intermedTonal_1 (sparse)
	channel 12: intermedTonal_2 (sparse)
	channel 13: intermedTonal_3 (sparse)
	channel 14: intermedTonal_4 (sparse)
	channel 15: intermedTonal_5 (sparse)
	channel 16: intermedTonal_6 (sparse)
	channel 17: intermedTonal_7 (sparse)
	channel 18: quantizedTonal (sparse)
	channel 19: errorDiffInfo2 (sparse)
	channel 20: distanceToEmpty (sparse)
	channel 21: errorDiffInfo3 (sparse)
	channel 22: errorDiffInfo4 (sparse)
	channel 23: errorDiffInfo5 (sparse)
	channel 24: errorDiffInfo6 (sparse)
	channel 25: errorDiffInfo7 (sparse)
	channel 26: errorDiffInfo8 (sparse)
	channel 27: errorDiffInfo9 (sparse)

SlaveReporter:  runs 15:41:0
slices [160, 210):
	channel 0: material (dense)
	channel 1: occupancy (dense)

SlaveReporter::runInternal
PrintJobVoxelizer:  runs 15:41:0

PrintJobVoxelizer: setting up slices
PrintJobVoxelizer: rasterizing objects
PrintJobVoxelizer: creating rasterizer
PrintJobVoxelizer: rasterizing object 1
PrintJobVoxelizer: rasterizing object 2
Rasterizer::rasterize:
	12 trials
	total = 7.05082 s
	mean  = 0.587568 s
	var   = 0.0387939 s^2, std = 0.196962 s
	min   = 0.187533 s
	max   = 0.796966 s


PrintJobVoxelizer: voxelizing objects
Object 1 ROI: [0 0 0] --> [946 303 50]
GWNSampleFloodVoxelizer: number of samples: 185
GWNSampleFloodVoxelizer: samples evaluated
GWNSampleFloodVoxelizer: adaptive threshold = 0.498039
GWNSampleFloodVoxelizer: flooding complete
Voxelization: solid angle evaluations per voxel: 0.218196

Object 2 ROI: [0 314 0] --> [946 617 50]
GWNSampleFloodVoxelizer: number of samples: 184
GWNSampleFloodVoxelizer: samples evaluated
GWNSampleFloodVoxelizer: adaptive threshold = 0.498039
GWNSampleFloodVoxelizer: flooding complete
Voxelization: solid angle evaluations per voxel: 0.433945

GWNSampleFloodVoxelizer::voxelize:
	12 trials
	total = 17.513 s
	mean  = 1.45942 s
	var   = 0.0238114 s^2, std = 0.15431 s
	min   = 1.21889 s
	max   = 1.68771 s

GWNSampleFloodVoxelizer::initIndicator:
	12 trials
	total = 2.45327 s
	mean  = 0.204439 s
	var   = 0.000153493 s^2, std = 0.0123892 s
	min   = 0.187519 s
	max   = 0.218774 s

GWNSampleFloodVoxelizer::selectSamples:
	12 trials
	total = 1.03136 s
	mean  = 0.0859464 s
	var   = 6.65938e-005 s^2, std = 0.0081605 s
	min   = 0.078133 s
	max   = 0.09376 s

GWNSampleFloodVoxelizer::evaluateSamples:
	12 trials
	total = 1.50016 s
	mean  = 0.125014 s
	var   = 0.00421784 s^2, std = 0.0649449 s
	min   = 0.031253 s
	max   = 0.250027 s

GWNSampleFloodVoxelizer::flood:
	12 trials
	total = 11.4075 s
	mean  = 0.950622 s
	var   = 0.0185513 s^2, std = 0.136203 s
	min   = 0.75008 s
	max   = 1.14075 s


PrintJobVoxelizer: finalizing surfaces
PrintJobVoxelizer: 1441484 surface voxels
PrintJobVoxelizer: getting output subset
PrintJobVoxelizer: updating slice indices
TonalValueCalculator:  runs 15:41:4
slices [249, 299):
	channel 0: occupancy (dense)
	channel 1: opticalFeature (sparse)

SurfaceDistanceOrderedTransfer:  runs 15:41:4
slices [223, 299):
	channel 0: occupancy (dense)
	channel 1: surfaceDist (dense)

SurfaceDistanceOrderedTransfer: 223 249 273
LayerExtractor:  runs 15:41:6
slices [221, 273):
	channel 0: occupancy (dense)
	channel 1: surfaceDist (dense)
	channel 2: layer_000 (sparse)
	channel 3: layer_001 (sparse)
	channel 4: layer_002 (sparse)
	channel 5: layer_003 (sparse)
	channel 6: layer_004 (sparse)
	channel 7: layer_005 (sparse)
	channel 8: layer_006 (sparse)
	channel 9: layer_007 (sparse)

TonalLinearizer:  runs 15:41:7
slices [222, 272):
	channel 0: occupancy (dense)
	channel 1: surfaceDist (dense)
	channel 2: layer_000 (sparse)
	channel 3: layer_001 (sparse)
	channel 4: layer_002 (sparse)
	channel 5: layer_003 (sparse)
	channel 6: layer_004 (sparse)
	channel 7: layer_005 (sparse)
	channel 8: layer_006 (sparse)
	channel 9: layer_007 (sparse)

VectorLayerHalftoner: VectorLayerHalftoner error: no tonal values available

VectorLayerHalftoner:  runs 15:41:7
slices [210, 272):
	channel 0: occupancy (dense)
	channel 1: surfaceDist (dense)
	channel 2: layer_000 (sparse)
	channel 3: layer_001 (sparse)
	channel 4: layer_002 (sparse)
	channel 5: layer_003 (sparse)
	channel 6: layer_004 (sparse)
	channel 7: layer_005 (sparse)
	channel 8: layer_006 (sparse)
	channel 9: layer_007 (sparse)
	channel 10: intermedTonal_0 (sparse)
	channel 11: intermedTonal_1 (sparse)
	channel 12: intermedTonal_2 (sparse)
	channel 13: intermedTonal_3 (sparse)
	channel 14: intermedTonal_4 (sparse)
	channel 15: intermedTonal_5 (sparse)
	channel 16: intermedTonal_6 (sparse)
	channel 17: intermedTonal_7 (sparse)
	channel 18: quantizedTonal (sparse)
	channel 19: errorDiffInfo2 (sparse)
	channel 20: distanceToEmpty (sparse)
	channel 21: errorDiffInfo3 (sparse)
	channel 22: errorDiffInfo4 (sparse)
	channel 23: errorDiffInfo5 (sparse)
	channel 24: errorDiffInfo6 (sparse)
	channel 25: errorDiffInfo7 (sparse)
	channel 26: errorDiffInfo8 (sparse)
	channel 27: errorDiffInfo9 (sparse)

SlaveReporter:  runs 15:41:15
slices [210, 260):
	channel 0: material (dense)
	channel 1: occupancy (dense)

SlaveReporter::runInternal
PrintJobVoxelizer:  runs 15:41:15

PrintJobVoxelizer: setting up slices
PrintJobVoxelizer: rasterizing objects
PrintJobVoxelizer: creating rasterizer
PrintJobVoxelizer: rasterizing object 1
PrintJobVoxelizer: rasterizing object 2
Rasterizer::rasterize:
	14 trials
	total = 8.28532 s
	mean  = 0.591809 s
	var   = 0.0330265 s^2, std = 0.181732 s
	min   = 0.187533 s
	max   = 0.796966 s


PrintJobVoxelizer: voxelizing objects
Object 1 ROI: [0 0 0] --> [946 303 50]
GWNSampleFloodVoxelizer: number of samples: 191
GWNSampleFloodVoxelizer: samples evaluated
GWNSampleFloodVoxelizer: adaptive threshold = 0.498039
GWNSampleFloodVoxelizer: flooding complete
Voxelization: solid angle evaluations per voxel: 0.241409

Object 2 ROI: [0 314 0] --> [946 617 50]
GWNSampleFloodVoxelizer: number of samples: 191
GWNSampleFloodVoxelizer: samples evaluated
GWNSampleFloodVoxelizer: adaptive threshold = 0.498039
GWNSampleFloodVoxelizer: flooding complete
Voxelization: solid angle evaluations per voxel: 0.486638

GWNSampleFloodVoxelizer::voxelize:
	14 trials
	total = 20.206 s
	mean  = 1.44328 s
	var   = 0.0224817 s^2, std = 0.149939 s
	min   = 1.21889 s
	max   = 1.68771 s

GWNSampleFloodVoxelizer::initIndicator:
	14 trials
	total = 2.85953 s
	mean  = 0.204252 s
	var   = 0.000167602 s^2, std = 0.0129461 s
	min   = 0.187519 s
	max   = 0.218774 s

GWNSampleFloodVoxelizer::selectSamples:
	14 trials
	total = 1.18763 s
	mean  = 0.0848304 s
	var   = 6.4397e-005 s^2, std = 0.00802477 s
	min   = 0.078133 s
	max   = 0.09376 s

GWNSampleFloodVoxelizer::evaluateSamples:
	14 trials
	total = 1.68768 s
	mean  = 0.120549 s
	var   = 0.00369775 s^2, std = 0.0608091 s
	min   = 0.031253 s
	max   = 0.250027 s

GWNSampleFloodVoxelizer::flood:
	14 trials
	total = 13.1629 s
	mean  = 0.940207 s
	var   = 0.0167752 s^2, std = 0.129519 s
	min   = 0.75008 s
	max   = 1.14075 s


PrintJobVoxelizer: finalizing surfaces
PrintJobVoxelizer: 1738609 surface voxels
PrintJobVoxelizer: getting output subset
PrintJobVoxelizer: updating slice indices
TonalValueCalculator:  runs 15:41:19
slices [299, 349):
	channel 0: occupancy (dense)
	channel 1: opticalFeature (sparse)

SurfaceDistanceOrderedTransfer:  runs 15:41:19
slices [273, 349):
	channel 0: occupancy (dense)
	channel 1: surfaceDist (dense)

SurfaceDistanceOrderedTransfer: 273 299 323
LayerExtractor:  runs 15:41:21
slices [271, 323):
	channel 0: occupancy (dense)
	channel 1: surfaceDist (dense)
	channel 2: layer_000 (sparse)
	channel 3: layer_001 (sparse)
	channel 4: layer_002 (sparse)
	channel 5: layer_003 (sparse)
	channel 6: layer_004 (sparse)
	channel 7: layer_005 (sparse)
	channel 8: layer_006 (sparse)
	channel 9: layer_007 (sparse)

TonalLinearizer:  runs 15:41:22
slices [272, 322):
	channel 0: occupancy (dense)
	channel 1: surfaceDist (dense)
	channel 2: layer_000 (sparse)
	channel 3: layer_001 (sparse)
	channel 4: layer_002 (sparse)
	channel 5: layer_003 (sparse)
	channel 6: layer_004 (sparse)
	channel 7: layer_005 (sparse)
	channel 8: layer_006 (sparse)
	channel 9: layer_007 (sparse)

VectorLayerHalftoner: VectorLayerHalftoner error: no tonal values available

VectorLayerHalftoner:  runs 15:41:22
slices [260, 322):
	channel 0: occupancy (dense)
	channel 1: surfaceDist (dense)
	channel 2: layer_000 (sparse)
	channel 3: layer_001 (sparse)
	channel 4: layer_002 (sparse)
	channel 5: layer_003 (sparse)
	channel 6: layer_004 (sparse)
	channel 7: layer_005 (sparse)
	channel 8: layer_006 (sparse)
	channel 9: layer_007 (sparse)
	channel 10: intermedTonal_0 (sparse)
	channel 11: intermedTonal_1 (sparse)
	channel 12: intermedTonal_2 (sparse)
	channel 13: intermedTonal_3 (sparse)
	channel 14: intermedTonal_4 (sparse)
	channel 15: intermedTonal_5 (sparse)
	channel 16: intermedTonal_6 (sparse)
	channel 17: intermedTonal_7 (sparse)
	channel 18: quantizedTonal (sparse)
	channel 19: errorDiffInfo2 (sparse)
	channel 20: distanceToEmpty (sparse)
	channel 21: errorDiffInfo3 (sparse)
	channel 22: errorDiffInfo4 (sparse)
	channel 23: errorDiffInfo5 (sparse)
	channel 24: errorDiffInfo6 (sparse)
	channel 25: errorDiffInfo7 (sparse)
	channel 26: errorDiffInfo8 (sparse)
	channel 27: errorDiffInfo9 (sparse)

SlaveReporter:  runs 15:41:30
slices [260, 310):
	channel 0: material (dense)
	channel 1: occupancy (dense)

SlaveReporter::runInternal
PrintJobVoxelizer:  runs 15:41:30

PrintJobVoxelizer: setting up slices
PrintJobVoxelizer: rasterizing objects
PrintJobVoxelizer: creating rasterizer
PrintJobVoxelizer: rasterizing object 1
PrintJobVoxelizer: rasterizing object 2
Rasterizer::rasterize:
	16 trials
	total = 9.46395 s
	mean  = 0.591497 s
	var   = 0.0286241 s^2, std = 0.169187 s
	min   = 0.187533 s
	max   = 0.796966 s


PrintJobVoxelizer: voxelizing objects
Object 1 ROI: [0 0 0] --> [946 303 50]
GWNSampleFloodVoxelizer: number of samples: 165
GWNSampleFloodVoxelizer: samples evaluated
GWNSampleFloodVoxelizer: adaptive threshold = 0.498039
GWNSampleFloodVoxelizer: flooding complete
Voxelization: solid angle evaluations per voxel: 0.204192

Object 2 ROI: [0 314 0] --> [946 617 50]
GWNSampleFloodVoxelizer: number of samples: 163
GWNSampleFloodVoxelizer: samples evaluated
GWNSampleFloodVoxelizer: adaptive threshold = 0.498039
GWNSampleFloodVoxelizer: flooding complete
Voxelization: solid angle evaluations per voxel: 0.407408

GWNSampleFloodVoxelizer::voxelize:
	16 trials
	total = 22.7027 s
	mean  = 1.41892 s
	var   = 0.0244094 s^2, std = 0.156235 s
	min   = 1.18763 s
	max   = 1.68771 s

GWNSampleFloodVoxelizer::initIndicator:
	16 trials
	total = 3.20073 s
	mean  = 0.200045 s
	var   = 0.00031558 s^2, std = 0.0177646 s
	min   = 0.153675 s
	max   = 0.218774 s

GWNSampleFloodVoxelizer::selectSamples:
	16 trials
	total = 1.35266 s
	mean  = 0.0845413 s
	var   = 5.89995e-005 s^2, std = 0.00768111 s
	min   = 0.078132 s
	max   = 0.09376 s

GWNSampleFloodVoxelizer::evaluateSamples:
	16 trials
	total = 1.81777 s
	mean  = 0.113611 s
	var   = 0.00356498 s^2, std = 0.0597075 s
	min   = 0.031253 s
	max   = 0.250027 s

GWNSampleFloodVoxelizer::flood:
	16 trials
	total = 14.8193 s
	mean  = 0.926208 s
	var   = 0.0168155 s^2, std = 0.129674 s
	min   = 0.75008 s
	max   = 1.14075 s


PrintJobVoxelizer: finalizing surfaces
PrintJobVoxelizer: 2023087 surface voxels
PrintJobVoxelizer: getting output subset
PrintJobVoxelizer: updating slice indices
TonalValueCalculator:  runs 15:41:34
slices [349, 399):
	channel 0: occupancy (dense)
	channel 1: opticalFeature (sparse)

SurfaceDistanceOrderedTransfer:  runs 15:41:34
slices [323, 399):
	channel 0: occupancy (dense)
	channel 1: surfaceDist (dense)

SurfaceDistanceOrderedTransfer: 323 349 373
LayerExtractor:  runs 15:41:36
slices [321, 373):
	channel 0: occupancy (dense)
	channel 1: surfaceDist (dense)
	channel 2: layer_000 (sparse)
	channel 3: layer_001 (sparse)
	channel 4: layer_002 (sparse)
	channel 5: layer_003 (sparse)
	channel 6: layer_004 (sparse)
	channel 7: layer_005 (sparse)
	channel 8: layer_006 (sparse)
	channel 9: layer_007 (sparse)

TonalLinearizer:  runs 15:41:37
slices [322, 372):
	channel 0: occupancy (dense)
	channel 1: surfaceDist (dense)
	channel 2: layer_000 (sparse)
	channel 3: layer_001 (sparse)
	channel 4: layer_002 (sparse)
	channel 5: layer_003 (sparse)
	channel 6: layer_004 (sparse)
	channel 7: layer_005 (sparse)
	channel 8: layer_006 (sparse)
	channel 9: layer_007 (sparse)

VectorLayerHalftoner: VectorLayerHalftoner error: no tonal values available

VectorLayerHalftoner:  runs 15:41:37
slices [310, 372):
	channel 0: occupancy (dense)
	channel 1: surfaceDist (dense)
	channel 2: layer_000 (sparse)
	channel 3: layer_001 (sparse)
	channel 4: layer_002 (sparse)
	channel 5: layer_003 (sparse)
	channel 6: layer_004 (sparse)
	channel 7: layer_005 (sparse)
	channel 8: layer_006 (sparse)
	channel 9: layer_007 (sparse)
	channel 10: intermedTonal_0 (sparse)
	channel 11: intermedTonal_1 (sparse)
	channel 12: intermedTonal_2 (sparse)
	channel 13: intermedTonal_3 (sparse)
	channel 14: intermedTonal_4 (sparse)
	channel 15: intermedTonal_5 (sparse)
	channel 16: intermedTonal_6 (sparse)
	channel 17: intermedTonal_7 (sparse)
	channel 18: quantizedTonal (sparse)
	channel 19: errorDiffInfo2 (sparse)
	channel 20: distanceToEmpty (sparse)
	channel 21: errorDiffInfo3 (sparse)
	channel 22: errorDiffInfo4 (sparse)
	channel 23: errorDiffInfo5 (sparse)
	channel 24: errorDiffInfo6 (sparse)
	channel 25: errorDiffInfo7 (sparse)
	channel 26: errorDiffInfo8 (sparse)
	channel 27: errorDiffInfo9 (sparse)

SlaveReporter:  runs 15:41:46
slices [310, 360):
	channel 0: material (dense)
	channel 1: occupancy (dense)

SlaveReporter::runInternal
PrintJobVoxelizer:  runs 15:41:46

PrintJobVoxelizer: setting up slices
PrintJobVoxelizer: rasterizing objects
PrintJobVoxelizer: creating rasterizer
PrintJobVoxelizer: rasterizing object 1
PrintJobVoxelizer: rasterizing object 2
Rasterizer::rasterize:
	18 trials
	total = 10.6828 s
	mean  = 0.593491 s
	var   = 0.0252903 s^2, std = 0.159029 s
	min   = 0.187533 s
	max   = 0.796966 s


PrintJobVoxelizer: voxelizing objects
Object 1 ROI: [0 0 0] --> [946 303 50]
GWNSampleFloodVoxelizer: number of samples: 142
GWNSampleFloodVoxelizer: samples evaluated
GWNSampleFloodVoxelizer: adaptive threshold = 0.498039
GWNSampleFloodVoxelizer: flooding complete
Voxelization: solid angle evaluations per voxel: 0.198372

Object 2 ROI: [0 314 0] --> [946 617 50]
GWNSampleFloodVoxelizer: number of samples: 143
GWNSampleFloodVoxelizer: samples evaluated
GWNSampleFloodVoxelizer: adaptive threshold = 0.498039
GWNSampleFloodVoxelizer: flooding complete
Voxelization: solid angle evaluations per voxel: 0.398627

GWNSampleFloodVoxelizer::voxelize:
	18 trials
	total = 25.5155 s
	mean  = 1.41753 s
	var   = 0.0244269 s^2, std = 0.156291 s
	min   = 1.18763 s
	max   = 1.68771 s

GWNSampleFloodVoxelizer::initIndicator:
	18 trials
	total = 3.60702 s
	mean  = 0.20039 s
	var   = 0.000308187 s^2, std = 0.0175552 s
	min   = 0.153675 s
	max   = 0.218774 s

GWNSampleFloodVoxelizer::selectSamples:
	18 trials
	total = 1.52455 s
	mean  = 0.0846974 s
	var   = 5.94454e-005 s^2, std = 0.00771009 s
	min   = 0.078132 s
	max   = 0.09376 s

GWNSampleFloodVoxelizer::evaluateSamples:
	18 trials
	total = 1.94279 s
	mean  = 0.107933 s
	var   = 0.00341865 s^2, std = 0.0584692 s
	min   = 0.031253 s
	max   = 0.250027 s

GWNSampleFloodVoxelizer::flood:
	18 trials
	total = 16.7414 s
	mean  = 0.930078 s
	var   = 0.0175569 s^2, std = 0.132502 s
	min   = 0.75008 s
	max   = 1.14075 s


PrintJobVoxelizer: finalizing surfaces
PrintJobVoxelizer: 2312087 surface voxels
PrintJobVoxelizer: getting output subset
PrintJobVoxelizer: updating slice indices
TonalValueCalculator:  runs 15:41:50
slices [399, 449):
	channel 0: occupancy (dense)
	channel 1: opticalFeature (sparse)

SurfaceDistanceOrderedTransfer:  runs 15:41:50
slices [373, 449):
	channel 0: occupancy (dense)
	channel 1: surfaceDist (dense)

SurfaceDistanceOrderedTransfer: 373 399 423
LayerExtractor:  runs 15:41:52
slices [371, 423):
	channel 0: occupancy (dense)
	channel 1: surfaceDist (dense)
	channel 2: layer_000 (sparse)
	channel 3: layer_001 (sparse)
	channel 4: layer_002 (sparse)
	channel 5: layer_003 (sparse)
	channel 6: layer_004 (sparse)
	channel 7: layer_005 (sparse)
	channel 8: layer_006 (sparse)
	channel 9: layer_007 (sparse)

TonalLinearizer:  runs 15:41:53
slices [372, 422):
	channel 0: occupancy (dense)
	channel 1: surfaceDist (dense)
	channel 2: layer_000 (sparse)
	channel 3: layer_001 (sparse)
	channel 4: layer_002 (sparse)
	channel 5: layer_003 (sparse)
	channel 6: layer_004 (sparse)
	channel 7: layer_005 (sparse)
	channel 8: layer_006 (sparse)
	channel 9: layer_007 (sparse)

VectorLayerHalftoner: VectorLayerHalftoner error: no tonal values available

VectorLayerHalftoner:  runs 15:41:53
slices [360, 422):
	channel 0: occupancy (dense)
	channel 1: surfaceDist (dense)
	channel 2: layer_000 (sparse)
	channel 3: layer_001 (sparse)
	channel 4: layer_002 (sparse)
	channel 5: layer_003 (sparse)
	channel 6: layer_004 (sparse)
	channel 7: layer_005 (sparse)
	channel 8: layer_006 (sparse)
	channel 9: layer_007 (sparse)
	channel 10: intermedTonal_0 (sparse)
	channel 11: intermedTonal_1 (sparse)
	channel 12: intermedTonal_2 (sparse)
	channel 13: intermedTonal_3 (sparse)
	channel 14: intermedTonal_4 (sparse)
	channel 15: intermedTonal_5 (sparse)
	channel 16: intermedTonal_6 (sparse)
	channel 17: intermedTonal_7 (sparse)
	channel 18: quantizedTonal (sparse)
	channel 19: errorDiffInfo2 (sparse)
	channel 20: distanceToEmpty (sparse)
	channel 21: errorDiffInfo3 (sparse)
	channel 22: errorDiffInfo4 (sparse)
	channel 23: errorDiffInfo5 (sparse)
	channel 24: errorDiffInfo6 (sparse)
	channel 25: errorDiffInfo7 (sparse)
	channel 26: errorDiffInfo8 (sparse)
	channel 27: errorDiffInfo9 (sparse)

SlaveReporter:  runs 15:42:2
slices [360, 410):
	channel 0: material (dense)
	channel 1: occupancy (dense)

SlaveReporter::runInternal
PrintJobVoxelizer:  runs 15:42:2

PrintJobVoxelizer: setting up slices
PrintJobVoxelizer: rasterizing objects
PrintJobVoxelizer: creating rasterizer
PrintJobVoxelizer: rasterizing object 1
PrintJobVoxelizer: rasterizing object 2
Rasterizer::rasterize:
	20 trials
	total = 11.8705 s
	mean  = 0.593523 s
	var   = 0.0226539 s^2, std = 0.150512 s
	min   = 0.187533 s
	max   = 0.796966 s


PrintJobVoxelizer: voxelizing objects
Object 1 ROI: [0 0 0] --> [946 303 50]
GWNSampleFloodVoxelizer: number of samples: 163
GWNSampleFloodVoxelizer: samples evaluated
GWNSampleFloodVoxelizer: adaptive threshold = 0.498039
GWNSampleFloodVoxelizer: flooding complete
Voxelization: solid angle evaluations per voxel: 0.212661

Object 2 ROI: [0 314 0] --> [946 617 50]
GWNSampleFloodVoxelizer: number of samples: 164
GWNSampleFloodVoxelizer: samples evaluated
GWNSampleFloodVoxelizer: adaptive threshold = 0.498039
GWNSampleFloodVoxelizer: flooding complete
Voxelization: solid angle evaluations per voxel: 0.427295

GWNSampleFloodVoxelizer::voxelize:
	20 trials
	total = 28.2501 s
	mean  = 1.41251 s
	var   = 0.0231804 s^2, std = 0.152251 s
	min   = 1.18763 s
	max   = 1.68771 s

GWNSampleFloodVoxelizer::initIndicator:
	20 trials
	total = 4.01332 s
	mean  = 0.200666 s
	var   = 0.00030217 s^2, std = 0.017383 s
	min   = 0.153675 s
	max   = 0.218774 s

GWNSampleFloodVoxelizer::selectSamples:
	20 trials
	total = 1.69645 s
	mean  = 0.0848224 s
	var   = 5.97622e-005 s^2, std = 0.0077306 s
	min   = 0.078132 s
	max   = 0.09376 s

GWNSampleFloodVoxelizer::evaluateSamples:
	20 trials
	total = 2.11469 s
	mean  = 0.105735 s
	var   = 0.00311101 s^2, std = 0.0557764 s
	min   = 0.031253 s
	max   = 0.250027 s

GWNSampleFloodVoxelizer::flood:
	20 trials
	total = 18.5385 s
	mean  = 0.926924 s
	var   = 0.0165807 s^2, std = 0.128766 s
	min   = 0.75008 s
	max   = 1.14075 s


PrintJobVoxelizer: finalizing surfaces
PrintJobVoxelizer: 2588057 surface voxels
PrintJobVoxelizer: getting output subset
PrintJobVoxelizer: updating slice indices
TonalValueCalculator:  runs 15:42:7
slices [449, 499):
	channel 0: occupancy (dense)
	channel 1: opticalFeature (sparse)

SurfaceDistanceOrderedTransfer:  runs 15:42:7
slices [423, 499):
	channel 0: occupancy (dense)
	channel 1: surfaceDist (dense)

SurfaceDistanceOrderedTransfer: 423 449 473
LayerExtractor:  runs 15:42:8
slices [421, 473):
	channel 0: occupancy (dense)
	channel 1: surfaceDist (dense)
	channel 2: layer_000 (sparse)
	channel 3: layer_001 (sparse)
	channel 4: layer_002 (sparse)
	channel 5: layer_003 (sparse)
	channel 6: layer_004 (sparse)
	channel 7: layer_005 (sparse)
	channel 8: layer_006 (sparse)
	channel 9: layer_007 (sparse)

TonalLinearizer:  runs 15:42:9
slices [422, 472):
	channel 0: occupancy (dense)
	channel 1: surfaceDist (dense)
	channel 2: layer_000 (sparse)
	channel 3: layer_001 (sparse)
	channel 4: layer_002 (sparse)
	channel 5: layer_003 (sparse)
	channel 6: layer_004 (sparse)
	channel 7: layer_005 (sparse)
	channel 8: layer_006 (sparse)
	channel 9: layer_007 (sparse)

VectorLayerHalftoner: VectorLayerHalftoner error: no tonal values available

VectorLayerHalftoner:  runs 15:42:10
slices [410, 472):
	channel 0: occupancy (dense)
	channel 1: surfaceDist (dense)
	channel 2: layer_000 (sparse)
	channel 3: layer_001 (sparse)
	channel 4: layer_002 (sparse)
	channel 5: layer_003 (sparse)
	channel 6: layer_004 (sparse)
	channel 7: layer_005 (sparse)
	channel 8: layer_006 (sparse)
	channel 9: layer_007 (sparse)
	channel 10: intermedTonal_0 (sparse)
	channel 11: intermedTonal_1 (sparse)
	channel 12: intermedTonal_2 (sparse)
	channel 13: intermedTonal_3 (sparse)
	channel 14: intermedTonal_4 (sparse)
	channel 15: intermedTonal_5 (sparse)
	channel 16: intermedTonal_6 (sparse)
	channel 17: intermedTonal_7 (sparse)
	channel 18: quantizedTonal (sparse)
	channel 19: errorDiffInfo2 (sparse)
	channel 20: distanceToEmpty (sparse)
	channel 21: errorDiffInfo3 (sparse)
	channel 22: errorDiffInfo4 (sparse)
	channel 23: errorDiffInfo5 (sparse)
	channel 24: errorDiffInfo6 (sparse)
	channel 25: errorDiffInfo7 (sparse)
	channel 26: errorDiffInfo8 (sparse)
	channel 27: errorDiffInfo9 (sparse)

SlaveReporter:  runs 15:42:17
slices [410, 460):
	channel 0: material (dense)
	channel 1: occupancy (dense)

SlaveReporter::runInternal
PrintJobVoxelizer:  runs 15:42:20

PrintJobVoxelizer: setting up slices
PrintJobVoxelizer: rasterizing objects
PrintJobVoxelizer: creating rasterizer
PrintJobVoxelizer: rasterizing object 1
PrintJobVoxelizer: rasterizing object 2
Rasterizer::rasterize:
	22 trials
	total = 13.0945 s
	mean  = 0.595206 s
	var   = 0.0205422 s^2, std = 0.143325 s
	min   = 0.187533 s
	max   = 0.796966 s


PrintJobVoxelizer: voxelizing objects
Object 1 ROI: [0 0 0] --> [946 303 50]
GWNSampleFloodVoxelizer: number of samples: 182
GWNSampleFloodVoxelizer: samples evaluated
GWNSampleFloodVoxelizer: adaptive threshold = 0.498039
GWNSampleFloodVoxelizer: flooding complete
Voxelization: solid angle evaluations per voxel: 0.264532

Object 2 ROI: [0 314 0] --> [946 617 50]
GWNSampleFloodVoxelizer: number of samples: 182
GWNSampleFloodVoxelizer: samples evaluated
GWNSampleFloodVoxelizer: adaptive threshold = 0.498039
GWNSampleFloodVoxelizer: flooding complete
Voxelization: solid angle evaluations per voxel: 0.530732

GWNSampleFloodVoxelizer::voxelize:
	22 trials
	total = 31.0004 s
	mean  = 1.40911 s
	var   = 0.021675 s^2, std = 0.147224 s
	min   = 1.18763 s
	max   = 1.68771 s

GWNSampleFloodVoxelizer::initIndicator:
	22 trials
	total = 4.41961 s
	mean  = 0.200891 s
	var   = 0.000297182 s^2, std = 0.017239 s
	min   = 0.153675 s
	max   = 0.218774 s

GWNSampleFloodVoxelizer::selectSamples:
	22 trials
	total = 1.85272 s
	mean  = 0.0842143 s
	var   = 5.79437e-005 s^2, std = 0.00761207 s
	min   = 0.078132 s
	max   = 0.09376 s

GWNSampleFloodVoxelizer::evaluateSamples:
	22 trials
	total = 2.33346 s
	mean  = 0.106067 s
	var   = 0.00281587 s^2, std = 0.0530648 s
	min   = 0.031253 s
	max   = 0.250027 s

GWNSampleFloodVoxelizer::flood:
	22 trials
	total = 20.3199 s
	mean  = 0.923632 s
	var   = 0.0154871 s^2, std = 0.124447 s
	min   = 0.75008 s
	max   = 1.14075 s


PrintJobVoxelizer: finalizing surfaces
PrintJobVoxelizer: 2865585 surface voxels
PrintJobVoxelizer: getting output subset
PrintJobVoxelizer: updating slice indices
TonalValueCalculator:  runs 15:42:25
slices [499, 549):
	channel 0: occupancy (dense)
	channel 1: opticalFeature (sparse)

SurfaceDistanceOrderedTransfer:  runs 15:42:25
slices [473, 549):
	channel 0: occupancy (dense)
	channel 1: surfaceDist (dense)

SurfaceDistanceOrderedTransfer: 473 499 523
LayerExtractor:  runs 15:42:27
slices [471, 523):
	channel 0: occupancy (dense)
	channel 1: surfaceDist (dense)
	channel 2: layer_000 (sparse)
	channel 3: layer_001 (sparse)
	channel 4: layer_002 (sparse)
	channel 5: layer_003 (sparse)
	channel 6: layer_004 (sparse)
	channel 7: layer_005 (sparse)
	channel 8: layer_006 (sparse)
	channel 9: layer_007 (sparse)

TonalLinearizer:  runs 15:42:28
slices [472, 522):
	channel 0: occupancy (dense)
	channel 1: surfaceDist (dense)
	channel 2: layer_000 (sparse)
	channel 3: layer_001 (sparse)
	channel 4: layer_002 (sparse)
	channel 5: layer_003 (sparse)
	channel 6: layer_004 (sparse)
	channel 7: layer_005 (sparse)
	channel 8: layer_006 (sparse)
	channel 9: layer_007 (sparse)

VectorLayerHalftoner: VectorLayerHalftoner error: no tonal values available

VectorLayerHalftoner:  runs 15:42:28
slices [460, 522):
	channel 0: occupancy (dense)
	channel 1: surfaceDist (dense)
	channel 2: layer_000 (sparse)
	channel 3: layer_001 (sparse)
	channel 4: layer_002 (sparse)
	channel 5: layer_003 (sparse)
	channel 6: layer_004 (sparse)
	channel 7: layer_005 (sparse)
	channel 8: layer_006 (sparse)
	channel 9: layer_007 (sparse)
	channel 10: intermedTonal_0 (sparse)
	channel 11: intermedTonal_1 (sparse)
	channel 12: intermedTonal_2 (sparse)
	channel 13: intermedTonal_3 (sparse)
	channel 14: intermedTonal_4 (sparse)
	channel 15: intermedTonal_5 (sparse)
	channel 16: intermedTonal_6 (sparse)
	channel 17: intermedTonal_7 (sparse)
	channel 18: quantizedTonal (sparse)
	channel 19: errorDiffInfo2 (sparse)
	channel 20: distanceToEmpty (sparse)
	channel 21: errorDiffInfo3 (sparse)
	channel 22: errorDiffInfo4 (sparse)
	channel 23: errorDiffInfo5 (sparse)
	channel 24: errorDiffInfo6 (sparse)
	channel 25: errorDiffInfo7 (sparse)
	channel 26: errorDiffInfo8 (sparse)
	channel 27: errorDiffInfo9 (sparse)

SlaveReporter:  runs 15:42:34
slices [460, 510):
	channel 0: material (dense)
	channel 1: occupancy (dense)

SlaveReporter::runInternal
PrintJobVoxelizer:  runs 15:42:41

PrintJobVoxelizer: setting up slices
PrintJobVoxelizer: rasterizing objects
PrintJobVoxelizer: creating rasterizer
PrintJobVoxelizer: rasterizing object 1
PrintJobVoxelizer: rasterizing object 2
Rasterizer::rasterize:
	24 trials
	total = 14.3447 s
	mean  = 0.597695 s
	var   = 0.018827 s^2, std = 0.137211 s
	min   = 0.187533 s
	max   = 0.796966 s


PrintJobVoxelizer: voxelizing objects
Object 1 ROI: [0 0 0] --> [946 303 50]
GWNSampleFloodVoxelizer: number of samples: 227
GWNSampleFloodVoxelizer: samples evaluated
GWNSampleFloodVoxelizer: adaptive threshold = 0.498039
GWNSampleFloodVoxelizer: flooding complete
Voxelization: solid angle evaluations per voxel: 0.35145

Object 2 ROI: [0 314 0] --> [946 617 50]
GWNSampleFloodVoxelizer: number of samples: 227
GWNSampleFloodVoxelizer: samples evaluated
GWNSampleFloodVoxelizer: adaptive threshold = 0.498039
GWNSampleFloodVoxelizer: flooding complete
Voxelization: solid angle evaluations per voxel: 0.703841

GWNSampleFloodVoxelizer::voxelize:
	24 trials
	total = 33.7818 s
	mean  = 1.40758 s
	var   = 0.0205171 s^2, std = 0.143238 s
	min   = 1.18763 s
	max   = 1.68771 s

GWNSampleFloodVoxelizer::initIndicator:
	24 trials
	total = 4.81424 s
	mean  = 0.200593 s
	var   = 0.000312387 s^2, std = 0.0176745 s
	min   = 0.153675 s
	max   = 0.218774 s

GWNSampleFloodVoxelizer::selectSamples:
	24 trials
	total = 2.02458 s
	mean  = 0.0843574 s
	var   = 5.84698e-005 s^2, std = 0.00764656 s
	min   = 0.078102 s
	max   = 0.09376 s

GWNSampleFloodVoxelizer::evaluateSamples:
	24 trials
	total = 2.61475 s
	mean  = 0.108948 s
	var   = 0.0026663 s^2, std = 0.0516362 s
	min   = 0.031253 s
	max   = 0.250027 s

GWNSampleFloodVoxelizer::flood:
	24 trials
	total = 22.117 s
	mean  = 0.921541 s
	var   = 0.0150878 s^2, std = 0.122832 s
	min   = 0.75008 s
	max   = 1.14075 s


PrintJobVoxelizer: finalizing surfaces
PrintJobVoxelizer: 3147432 surface voxels
PrintJobVoxelizer: getting output subset
PrintJobVoxelizer: updating slice indices
TonalValueCalculator:  runs 15:42:45
slices [549, 599):
	channel 0: occupancy (dense)
	channel 1: opticalFeature (sparse)

SurfaceDistanceOrderedTransfer:  runs 15:42:45
slices [523, 599):
	channel 0: occupancy (dense)
	channel 1: surfaceDist (dense)

SurfaceDistanceOrderedTransfer: 523 549 573
LayerExtractor:  runs 15:42:47
slices [521, 573):
	channel 0: occupancy (dense)
	channel 1: surfaceDist (dense)
	channel 2: layer_000 (sparse)
	channel 3: layer_001 (sparse)
	channel 4: layer_002 (sparse)
	channel 5: layer_003 (sparse)
	channel 6: layer_004 (sparse)
	channel 7: layer_005 (sparse)
	channel 8: layer_006 (sparse)
	channel 9: layer_007 (sparse)

TonalLinearizer:  runs 15:42:48
slices [522, 572):
	channel 0: occupancy (dense)
	channel 1: surfaceDist (dense)
	channel 2: layer_000 (sparse)
	channel 3: layer_001 (sparse)
	channel 4: layer_002 (sparse)
	channel 5: layer_003 (sparse)
	channel 6: layer_004 (sparse)
	channel 7: layer_005 (sparse)
	channel 8: layer_006 (sparse)
	channel 9: layer_007 (sparse)

VectorLayerHalftoner: VectorLayerHalftoner error: no tonal values available

VectorLayerHalftoner:  runs 15:42:48
slices [510, 572):
	channel 0: occupancy (dense)
	channel 1: surfaceDist (dense)
	channel 2: layer_000 (sparse)
	channel 3: layer_001 (sparse)
	channel 4: layer_002 (sparse)
	channel 5: layer_003 (sparse)
	channel 6: layer_004 (sparse)
	channel 7: layer_005 (sparse)
	channel 8: layer_006 (sparse)
	channel 9: layer_007 (sparse)
	channel 10: intermedTonal_0 (sparse)
	channel 11: intermedTonal_1 (sparse)
	channel 12: intermedTonal_2 (sparse)
	channel 13: intermedTonal_3 (sparse)
	channel 14: intermedTonal_4 (sparse)
	channel 15: intermedTonal_5 (sparse)
	channel 16: intermedTonal_6 (sparse)
	channel 17: intermedTonal_7 (sparse)
	channel 18: quantizedTonal (sparse)
	channel 19: errorDiffInfo2 (sparse)
	channel 20: distanceToEmpty (sparse)
	channel 21: errorDiffInfo3 (sparse)
	channel 22: errorDiffInfo4 (sparse)
	channel 23: errorDiffInfo5 (sparse)
	channel 24: errorDiffInfo6 (sparse)
	channel 25: errorDiffInfo7 (sparse)
	channel 26: errorDiffInfo8 (sparse)
	channel 27: errorDiffInfo9 (sparse)

SlaveReporter:  runs 15:42:55
slices [510, 560):
	channel 0: material (dense)
	channel 1: occupancy (dense)

SlaveReporter::runInternal
PrintJobVoxelizer:  runs 15:43:0

PrintJobVoxelizer: setting up slices
PrintJobVoxelizer: rasterizing objects
PrintJobVoxelizer: creating rasterizer
PrintJobVoxelizer: rasterizing object 1
PrintJobVoxelizer: rasterizing object 2
Rasterizer::rasterize:
	26 trials
	total = 15.7198 s
	mean  = 0.604607 s
	var   = 0.0179172 s^2, std = 0.133855 s
	min   = 0.187533 s
	max   = 0.796966 s


PrintJobVoxelizer: voxelizing objects
Object 1 ROI: [0 0 0] --> [946 303 50]
GWNSampleFloodVoxelizer: number of samples: 294
GWNSampleFloodVoxelizer: samples evaluated
GWNSampleFloodVoxelizer: adaptive threshold = 0.498039
GWNSampleFloodVoxelizer: flooding complete
Voxelization: solid angle evaluations per voxel: 0.534269

Object 2 ROI: [0 314 0] --> [946 617 50]
GWNSampleFloodVoxelizer: number of samples: 294
GWNSampleFloodVoxelizer: samples evaluated
GWNSampleFloodVoxelizer: adaptive threshold = 0.498039
GWNSampleFloodVoxelizer: flooding complete
Voxelization: solid angle evaluations per voxel: 1.0675

GWNSampleFloodVoxelizer::voxelize:
	26 trials
	total = 36.6799 s
	mean  = 1.41076 s
	var   = 0.0201693 s^2, std = 0.142019 s
	min   = 1.18763 s
	max   = 1.68771 s

GWNSampleFloodVoxelizer::initIndicator:
	26 trials
	total = 5.23613 s
	mean  = 0.20139 s
	var   = 0.000300174 s^2, std = 0.0173255 s
	min   = 0.153675 s
	max   = 0.218774 s

GWNSampleFloodVoxelizer::selectSamples:
	26 trials
	total = 2.19647 s
	mean  = 0.0844797 s
	var   = 5.88623e-005 s^2, std = 0.00767218 s
	min   = 0.078102 s
	max   = 0.09376 s

GWNSampleFloodVoxelizer::evaluateSamples:
	26 trials
	total = 3.02104 s
	mean  = 0.116194 s
	var   = 0.00310827 s^2, std = 0.0557518 s
	min   = 0.031253 s
	max   = 0.250027 s

GWNSampleFloodVoxelizer::flood:
	26 trials
	total = 23.8274 s
	mean  = 0.91644 s
	var   = 0.01509 s^2, std = 0.122841 s
	min   = 0.75008 s
	max   = 1.14075 s


PrintJobVoxelizer: finalizing surfaces
PrintJobVoxelizer: 3458098 surface voxels
PrintJobVoxelizer: getting output subset
PrintJobVoxelizer: updating slice indices
TonalValueCalculator:  runs 15:43:5
slices [599, 649):
	channel 0: occupancy (dense)
	channel 1: opticalFeature (sparse)

SurfaceDistanceOrderedTransfer:  runs 15:43:5
slices [573, 649):
	channel 0: occupancy (dense)
	channel 1: surfaceDist (dense)

SurfaceDistanceOrderedTransfer: 573 599 623
LayerExtractor:  runs 15:43:7
slices [571, 623):
	channel 0: occupancy (dense)
	channel 1: surfaceDist (dense)
	channel 2: layer_000 (sparse)
	channel 3: layer_001 (sparse)
	channel 4: layer_002 (sparse)
	channel 5: layer_003 (sparse)
	channel 6: layer_004 (sparse)
	channel 7: layer_005 (sparse)
	channel 8: layer_006 (sparse)
	channel 9: layer_007 (sparse)

TonalLinearizer:  runs 15:43:8
slices [572, 622):
	channel 0: occupancy (dense)
	channel 1: surfaceDist (dense)
	channel 2: layer_000 (sparse)
	channel 3: layer_001 (sparse)
	channel 4: layer_002 (sparse)
	channel 5: layer_003 (sparse)
	channel 6: layer_004 (sparse)
	channel 7: layer_005 (sparse)
	channel 8: layer_006 (sparse)
	channel 9: layer_007 (sparse)

VectorLayerHalftoner: VectorLayerHalftoner error: no tonal values available

VectorLayerHalftoner:  runs 15:43:8
slices [560, 622):
	channel 0: occupancy (dense)
	channel 1: surfaceDist (dense)
	channel 2: layer_000 (sparse)
	channel 3: layer_001 (sparse)
	channel 4: layer_002 (sparse)
	channel 5: layer_003 (sparse)
	channel 6: layer_004 (sparse)
	channel 7: layer_005 (sparse)
	channel 8: layer_006 (sparse)
	channel 9: layer_007 (sparse)
	channel 10: intermedTonal_0 (sparse)
	channel 11: intermedTonal_1 (sparse)
	channel 12: intermedTonal_2 (sparse)
	channel 13: intermedTonal_3 (sparse)
	channel 14: intermedTonal_4 (sparse)
	channel 15: intermedTonal_5 (sparse)
	channel 16: intermedTonal_6 (sparse)
	channel 17: intermedTonal_7 (sparse)
	channel 18: quantizedTonal (sparse)
	channel 19: errorDiffInfo2 (sparse)
	channel 20: distanceToEmpty (sparse)
	channel 21: errorDiffInfo3 (sparse)
	channel 22: errorDiffInfo4 (sparse)
	channel 23: errorDiffInfo5 (sparse)
	channel 24: errorDiffInfo6 (sparse)
	channel 25: errorDiffInfo7 (sparse)
	channel 26: errorDiffInfo8 (sparse)
	channel 27: errorDiffInfo9 (sparse)

SlaveReporter:  runs 15:43:15
slices [560, 610):
	channel 0: material (dense)
	channel 1: occupancy (dense)

SlaveReporter::runInternal
PrintJobVoxelizer:  runs 15:43:20

PrintJobVoxelizer: setting up slices
PrintJobVoxelizer: rasterizing objects
PrintJobVoxelizer: creating rasterizer
PrintJobVoxelizer: rasterizing object 1
PrintJobVoxelizer: rasterizing object 2
Rasterizer::rasterize:
	28 trials
	total = 16.9543 s
	mean  = 0.605511 s
	var   = 0.0166055 s^2, std = 0.128862 s
	min   = 0.187533 s
	max   = 0.796966 s


PrintJobVoxelizer: voxelizing objects
Object 1 ROI: [0 0 0] --> [946 303 50]
GWNSampleFloodVoxelizer: number of samples: 248
GWNSampleFloodVoxelizer: samples evaluated
GWNSampleFloodVoxelizer: adaptive threshold = 0.498039
GWNSampleFloodVoxelizer: flooding complete
Voxelization: solid angle evaluations per voxel: 0.415449

Object 2 ROI: [0 314 0] --> [946 617 50]
GWNSampleFloodVoxelizer: number of samples: 245
GWNSampleFloodVoxelizer: samples evaluated
GWNSampleFloodVoxelizer: adaptive threshold = 0.498039
GWNSampleFloodVoxelizer: flooding complete
Voxelization: solid angle evaluations per voxel: 0.826595

GWNSampleFloodVoxelizer::voxelize:
	28 trials
	total = 39.6177 s
	mean  = 1.41492 s
	var   = 0.0189802 s^2, std = 0.137769 s
	min   = 1.18763 s
	max   = 1.68771 s

GWNSampleFloodVoxelizer::initIndicator:
	28 trials
	total = 5.67368 s
	mean  = 0.202631 s
	var   = 0.000298722 s^2, std = 0.0172836 s
	min   = 0.153675 s
	max   = 0.218774 s

GWNSampleFloodVoxelizer::selectSamples:
	28 trials
	total = 2.36837 s
	mean  = 0.0845845 s
	var   = 5.91726e-005 s^2, std = 0.00769237 s
	min   = 0.078102 s
	max   = 0.093761 s

GWNSampleFloodVoxelizer::evaluateSamples:
	28 trials
	total = 3.31795 s
	mean  = 0.118498 s
	var   = 0.00295413 s^2, std = 0.0543519 s
	min   = 0.031253 s
	max   = 0.250027 s

GWNSampleFloodVoxelizer::flood:
	28 trials
	total = 25.6714 s
	mean  = 0.916836 s
	var   = 0.0139924 s^2, std = 0.11829 s
	min   = 0.75008 s
	max   = 1.14075 s


PrintJobVoxelizer: finalizing surfaces
PrintJobVoxelizer: 3701946 surface voxels
PrintJobVoxelizer: getting output subset
PrintJobVoxelizer: updating slice indices
TonalValueCalculator:  runs 15:43:24
slices [649, 699):
	channel 0: occupancy (dense)
	channel 1: opticalFeature (sparse)

SurfaceDistanceOrderedTransfer:  runs 15:43:24
slices [623, 699):
	channel 0: occupancy (dense)
	channel 1: surfaceDist (dense)

SurfaceDistanceOrderedTransfer: 623 649 673
LayerExtractor:  runs 15:43:26
slices [621, 673):
	channel 0: occupancy (dense)
	channel 1: surfaceDist (dense)
	channel 2: layer_000 (sparse)
	channel 3: layer_001 (sparse)
	channel 4: layer_002 (sparse)
	channel 5: layer_003 (sparse)
	channel 6: layer_004 (sparse)
	channel 7: layer_005 (sparse)
	channel 8: layer_006 (sparse)
	channel 9: layer_007 (sparse)

TonalLinearizer:  runs 15:43:28
slices [622, 672):
	channel 0: occupancy (dense)
	channel 1: surfaceDist (dense)
	channel 2: layer_000 (sparse)
	channel 3: layer_001 (sparse)
	channel 4: layer_002 (sparse)
	channel 5: layer_003 (sparse)
	channel 6: layer_004 (sparse)
	channel 7: layer_005 (sparse)
	channel 8: layer_006 (sparse)
	channel 9: layer_007 (sparse)

VectorLayerHalftoner: VectorLayerHalftoner error: no tonal values available

VectorLayerHalftoner:  runs 15:43:28
slices [610, 672):
	channel 0: occupancy (dense)
	channel 1: surfaceDist (dense)
	channel 2: layer_000 (sparse)
	channel 3: layer_001 (sparse)
	channel 4: layer_002 (sparse)
	channel 5: layer_003 (sparse)
	channel 6: layer_004 (sparse)
	channel 7: layer_005 (sparse)
	channel 8: layer_006 (sparse)
	channel 9: layer_007 (sparse)
	channel 10: intermedTonal_0 (sparse)
	channel 11: intermedTonal_1 (sparse)
	channel 12: intermedTonal_2 (sparse)
	channel 13: intermedTonal_3 (sparse)
	channel 14: intermedTonal_4 (sparse)
	channel 15: intermedTonal_5 (sparse)
	channel 16: intermedTonal_6 (sparse)
	channel 17: intermedTonal_7 (sparse)
	channel 18: quantizedTonal (sparse)
	channel 19: errorDiffInfo2 (sparse)
	channel 20: distanceToEmpty (sparse)
	channel 21: errorDiffInfo3 (sparse)
	channel 22: errorDiffInfo4 (sparse)
	channel 23: errorDiffInfo5 (sparse)
	channel 24: errorDiffInfo6 (sparse)
	channel 25: errorDiffInfo7 (sparse)
	channel 26: errorDiffInfo8 (sparse)
	channel 27: errorDiffInfo9 (sparse)

SlaveReporter:  runs 15:43:34
slices [610, 660):
	channel 0: material (dense)
	channel 1: occupancy (dense)

SlaveReporter::runInternal
PrintJobVoxelizer:  runs 15:43:39

PrintJobVoxelizer: setting up slices
PrintJobVoxelizer: rasterizing objects
PrintJobVoxelizer: creating rasterizer
PrintJobVoxelizer: rasterizing object 1
PrintJobVoxelizer: rasterizing object 2
Rasterizer::rasterize:
	30 trials
	total = 17.5637 s
	mean  = 0.585458 s
	var   = 0.0212884 s^2, std = 0.145905 s
	min   = 0.187533 s
	max   = 0.796966 s


PrintJobVoxelizer: voxelizing objects
Object 1 ROI: [0 0 0] --> [946 303 50]
GWNSampleFloodVoxelizer: number of samples: 123
GWNSampleFloodVoxelizer: samples evaluated
GWNSampleFloodVoxelizer: adaptive threshold = 0.498039
GWNSampleFloodVoxelizer: flooding complete
Voxelization: solid angle evaluations per voxel: 0.137961

Object 2 ROI: [0 314 0] --> [946 617 50]
GWNSampleFloodVoxelizer: number of samples: 124
GWNSampleFloodVoxelizer: samples evaluated
GWNSampleFloodVoxelizer: adaptive threshold = 0.498039
GWNSampleFloodVoxelizer: flooding complete
Voxelization: solid angle evaluations per voxel: 0.276387

GWNSampleFloodVoxelizer::voxelize:
	30 trials
	total = 42.3368 s
	mean  = 1.41123 s
	var   = 0.0178688 s^2, std = 0.133674 s
	min   = 1.18763 s
	max   = 1.68771 s

GWNSampleFloodVoxelizer::initIndicator:
	30 trials
	total = 6.07997 s
	mean  = 0.202666 s
	var   = 0.000278138 s^2, std = 0.0166775 s
	min   = 0.153675 s
	max   = 0.218774 s

GWNSampleFloodVoxelizer::selectSamples:
	30 trials
	total = 2.55589 s
	mean  = 0.0851962 s
	var   = 6.05108e-005 s^2, std = 0.00777887 s
	min   = 0.078102 s
	max   = 0.093761 s

GWNSampleFloodVoxelizer::evaluateSamples:
	30 trials
	total = 3.41171 s
	mean  = 0.113724 s
	var   = 0.00308054 s^2, std = 0.0555026 s
	min   = 0.031253 s
	max   = 0.250027 s

GWNSampleFloodVoxelizer::flood:
	30 trials
	total = 27.5153 s
	mean  = 0.917178 s
	var   = 0.0130291 s^2, std = 0.114145 s
	min   = 0.75008 s
	max   = 1.14075 s


PrintJobVoxelizer: finalizing surfaces
PrintJobVoxelizer: 3787663 surface voxels
PrintJobVoxelizer: getting output subset
PrintJobVoxelizer: updating slice indices
TonalValueCalculator:  runs 15:43:43
slices [699, 749):
	channel 0: occupancy (dense)
	channel 1: opticalFeature (sparse)

SurfaceDistanceOrderedTransfer:  runs 15:43:43
slices [673, 749):
	channel 0: occupancy (dense)
	channel 1: surfaceDist (dense)

SurfaceDistanceOrderedTransfer: 673 699 723
LayerExtractor:  runs 15:43:44
slices [671, 723):
	channel 0: occupancy (dense)
	channel 1: surfaceDist (dense)
	channel 2: layer_000 (sparse)
	channel 3: layer_001 (sparse)
	channel 4: layer_002 (sparse)
	channel 5: layer_003 (sparse)
	channel 6: layer_004 (sparse)
	channel 7: layer_005 (sparse)
	channel 8: layer_006 (sparse)
	channel 9: layer_007 (sparse)

TonalLinearizer:  runs 15:43:45
slices [672, 722):
	channel 0: occupancy (dense)
	channel 1: surfaceDist (dense)
	channel 2: layer_000 (sparse)
	channel 3: layer_001 (sparse)
	channel 4: layer_002 (sparse)
	channel 5: layer_003 (sparse)
	channel 6: layer_004 (sparse)
	channel 7: layer_005 (sparse)
	channel 8: layer_006 (sparse)
	channel 9: layer_007 (sparse)

VectorLayerHalftoner: VectorLayerHalftoner error: no tonal values available

VectorLayerHalftoner:  runs 15:43:45
slices [660, 722):
	channel 0: occupancy (dense)
	channel 1: surfaceDist (dense)
	channel 2: layer_000 (sparse)
	channel 3: layer_001 (sparse)
	channel 4: layer_002 (sparse)
	channel 5: layer_003 (sparse)
	channel 6: layer_004 (sparse)
	channel 7: layer_005 (sparse)
	channel 8: layer_006 (sparse)
	channel 9: layer_007 (sparse)
	channel 10: intermedTonal_0 (sparse)
	channel 11: intermedTonal_1 (sparse)
	channel 12: intermedTonal_2 (sparse)
	channel 13: intermedTonal_3 (sparse)
	channel 14: intermedTonal_4 (sparse)
	channel 15: intermedTonal_5 (sparse)
	channel 16: intermedTonal_6 (sparse)
	channel 17: intermedTonal_7 (sparse)
	channel 18: quantizedTonal (sparse)
	channel 19: errorDiffInfo2 (sparse)
	channel 20: distanceToEmpty (sparse)
	channel 21: errorDiffInfo3 (sparse)
	channel 22: errorDiffInfo4 (sparse)
	channel 23: errorDiffInfo5 (sparse)
	channel 24: errorDiffInfo6 (sparse)
	channel 25: errorDiffInfo7 (sparse)
	channel 26: errorDiffInfo8 (sparse)
	channel 27: errorDiffInfo9 (sparse)

SlaveReporter:  runs 15:43:49
slices [660, 710):
	channel 0: material (dense)
	channel 1: occupancy (dense)

SlaveReporter::runInternal
PrintJobVoxelizer:  runs 15:43:56

PrintJobVoxelizer: setting up slices
PrintJobVoxelizer: rasterizing objects
PrintJobVoxelizer: creating rasterizer
PrintJobVoxelizer: rasterizing object 1
PrintJobVoxelizer: rasterizing object 2
Rasterizer::rasterize:
	32 trials
	total = 17.8294 s
	mean  = 0.557169 s
	var   = 0.0323105 s^2, std = 0.179751 s
	min   = 0.125013 s
	max   = 0.796966 s


PrintJobVoxelizer: voxelizing objects
Object 1 ROI: [0 0 0] --> [946 303 27]
GWNSampleFloodVoxelizer: number of samples: 113
GWNSampleFloodVoxelizer: samples evaluated
GWNSampleFloodVoxelizer: adaptive threshold = 0.498039
GWNSampleFloodVoxelizer: flooding complete
Voxelization: solid angle evaluations per voxel: 0.0998763

Object 2 ROI: [0 314 0] --> [946 617 27]
GWNSampleFloodVoxelizer: number of samples: 113
GWNSampleFloodVoxelizer: samples evaluated
GWNSampleFloodVoxelizer: adaptive threshold = 0.498039
GWNSampleFloodVoxelizer: flooding complete
Voxelization: solid angle evaluations per voxel: 0.199753

GWNSampleFloodVoxelizer::voxelize:
	32 trials
	total = 43.9151 s
	mean  = 1.37235 s
	var   = 0.0401266 s^2, std = 0.200316 s
	min   = 0.781319 s
	max   = 1.68771 s

GWNSampleFloodVoxelizer::initIndicator:
	32 trials
	total = 6.31435 s
	mean  = 0.197324 s
	var   = 0.000705999 s^2, std = 0.0265706 s
	min   = 0.109387 s
	max   = 0.218774 s

GWNSampleFloodVoxelizer::selectSamples:
	32 trials
	total = 2.6809 s
	mean  = 0.0837781 s
	var   = 8.77454e-005 s^2, std = 0.00936725 s
	min   = 0.062506 s
	max   = 0.093761 s

GWNSampleFloodVoxelizer::evaluateSamples:
	32 trials
	total = 3.47421 s
	mean  = 0.108569 s
	var   = 0.00329316 s^2, std = 0.0573861 s
	min   = 0.031253 s
	max   = 0.250027 s

GWNSampleFloodVoxelizer::flood:
	32 trials
	total = 28.578 s
	mean  = 0.893061 s
	var   = 0.0212102 s^2, std = 0.145637 s
	min   = 0.515679 s
	max   = 1.14075 s


PrintJobVoxelizer: finalizing surfaces
PrintJobVoxelizer: 3799147 surface voxels
PrintJobVoxelizer: getting output subset
PrintJobVoxelizer: updating slice indices
TonalValueCalculator:  runs 15:43:58
slices [749, 777):
	channel 0: occupancy (dense)
	channel 1: opticalFeature (sparse)

SurfaceDistanceOrderedTransfer:  runs 15:43:58
slices [723, 777):
	channel 0: occupancy (dense)
	channel 1: surfaceDist (dense)

SurfaceDistanceOrderedTransfer: 723 749 777
LayerExtractor:  runs 15:44:0
slices [721, 777):
	channel 0: occupancy (dense)
	channel 1: surfaceDist (dense)
	channel 2: layer_000 (sparse)
	channel 3: layer_001 (sparse)
	channel 4: layer_002 (sparse)
	channel 5: layer_003 (sparse)
	channel 6: layer_004 (sparse)
	channel 7: layer_005 (sparse)
	channel 8: layer_006 (sparse)
	channel 9: layer_007 (sparse)

TonalLinearizer:  runs 15:44:0
slices [722, 777):
	channel 0: occupancy (dense)
	channel 1: surfaceDist (dense)
	channel 2: layer_000 (sparse)
	channel 3: layer_001 (sparse)
	channel 4: layer_002 (sparse)
	channel 5: layer_003 (sparse)
	channel 6: layer_004 (sparse)
	channel 7: layer_005 (sparse)
	channel 8: layer_006 (sparse)
	channel 9: layer_007 (sparse)

VectorLayerHalftoner: VectorLayerHalftoner error: no tonal values available

VectorLayerHalftoner:  runs 15:44:0
slices [710, 777):
	channel 0: occupancy (dense)
	channel 1: surfaceDist (dense)
	channel 2: layer_000 (sparse)
	channel 3: layer_001 (sparse)
	channel 4: layer_002 (sparse)
	channel 5: layer_003 (sparse)
	channel 6: layer_004 (sparse)
	channel 7: layer_005 (sparse)
	channel 8: layer_006 (sparse)
	channel 9: layer_007 (sparse)
	channel 10: intermedTonal_0 (sparse)
	channel 11: intermedTonal_1 (sparse)
	channel 12: intermedTonal_2 (sparse)
	channel 13: intermedTonal_3 (sparse)
	channel 14: intermedTonal_4 (sparse)
	channel 15: intermedTonal_5 (sparse)
	channel 16: intermedTonal_6 (sparse)
	channel 17: intermedTonal_7 (sparse)
	channel 18: quantizedTonal (sparse)
	channel 19: errorDiffInfo2 (sparse)
	channel 20: distanceToEmpty (sparse)
	channel 21: errorDiffInfo3 (sparse)
	channel 22: errorDiffInfo4 (sparse)
	channel 23: errorDiffInfo5 (sparse)
	channel 24: errorDiffInfo6 (sparse)
	channel 25: errorDiffInfo7 (sparse)
	channel 26: errorDiffInfo8 (sparse)
	channel 27: errorDiffInfo9 (sparse)

SlaveReporter:  runs 15:44:3
slices [710, 777):
	channel 0: material (dense)
	channel 1: occupancy (dense)

SlaveReporter::runInternal
Computation finished 

Status: success
Slave Node  2 :Total execution time in seconds 316.977

