SlavePrintingSoftware::startUp:
	1 trials
	total = 0.284604 s
	mean  = 0.284604 s
	var   = 0 s^2, std = 0 s
	min   = 0.284604 s
	max   = 0.284604 s

PrintingSoftware::execute:
	1 trials
	total = 225.635 s
	mean  = 225.635 s
	var   = 0 s^2, std = 0 s
	min   = 225.635 s
	max   = 225.635 s

SlavePrintingSoftware::communicateData:
	7 trials
	total = 0.031199 s
	mean  = 0.004457 s
	var   = 5.79393e-005 s^2, std = 0.00761179 s
	min   = 0 s
	max   = 0.015623 s

SlavePJCollector::deserialize:
	3 trials
	total = 0.092271 s
	mean  = 0.030757 s
	var   = 0.000375816 s^2, std = 0.019386 s
	min   = 0.019547 s
	max   = 0.053142 s

SlavePJCollector::Receive:
	11 trials
	total = 25.9421 s
	mean  = 2.35837 s
	var   = 38.5051 s^2, std = 6.20525 s
	min   = 0 s
	max   = 20.8934 s

PrintJobOrganizer::setInput:
	1 trials
	total = 0.001497 s
	mean  = 0.001497 s
	var   = 0 s^2, std = 0 s
	min   = 0.001497 s
	max   = 0.001497 s

PrintJobOrganizer::runInternal:
	1 trials
	total = 0.461617 s
	mean  = 0.461617 s
	var   = 0 s^2, std = 0 s
	min   = 0.461617 s
	max   = 0.461617 s

PrintJobPreprocessor::setInput:
	1 trials
	total = 0 s
	mean  = 0 s
	var   = 0 s^2, std = 0 s
	min   = 0 s
	max   = 0 s

PrintJobPreprocessor::runInternal:
	1 trials
	total = 1.91173 s
	mean  = 1.91173 s
	var   = 0 s^2, std = 0 s
	min   = 1.91173 s
	max   = 1.91173 s

PrintJobVoxelizer::setInput:
	16 trials
	total = 0 s
	mean  = 0 s
	var   = 0 s^2, std = 0 s
	min   = 0 s
	max   = 0 s

PrintJobVoxelizer::runInternal:
	16 trials
	total = 60.2443 s
	mean  = 3.76527 s
	var   = 0.365741 s^2, std = 0.604765 s
	min   = 1.8629 s
	max   = 4.51347 s

PrintJobVoxelizer::rasterizeObjects:
	16 trials
	total = 18.8306 s
	mean  = 1.17691 s
	var   = 0.121783 s^2, std = 0.348974 s
	min   = 0.352407 s
	max   = 1.60865 s

PrintJobVoxelizer::voxelizeObjects:
	16 trials
	total = 39.4372 s
	mean  = 2.46483 s
	var   = 0.0954759 s^2, std = 0.308992 s
	min   = 1.45183 s
	max   = 2.77211 s

PrintJobVoxelizer::finalizeSurfaces:
	16 trials
	total = 0.614977 s
	mean  = 0.0384361 s
	var   = 0.000100442 s^2, std = 0.0100221 s
	min   = 0.009023 s
	max   = 0.046881 s

TonalValueCalculator::setInput:
	16 trials
	total = 0.000501 s
	mean  = 3.13125e-005 s
	var   = 1.56876e-008 s^2, std = 0.00012525 s
	min   = 0 s
	max   = 0.000501 s

TonalValueCalculator::runInternal:
	16 trials
	total = 0.375554 s
	mean  = 0.0234721 s
	var   = 0.000105456 s^2, std = 0.0102692 s
	min   = 0 s
	max   = 0.03133 s

SurfaceDistanceOrderedTransfer::setInput:
	16 trials
	total = 0.001003 s
	mean  = 6.26875e-005 s
	var   = 2.9342e-008 s^2, std = 0.000171295 s
	min   = 0 s
	max   = 0.000502 s

SurfaceDistanceOrderedTransfer::runInternal:
	16 trials
	total = 25.5892 s
	mean  = 1.59932 s
	var   = 0.0559708 s^2, std = 0.236582 s
	min   = 0.780252 s
	max   = 1.78907 s

SurfaceDistanceOrderedTransfer::buildOrderedSurfaceData:
	16 trials
	total = 0.603041 s
	mean  = 0.0376901 s
	var   = 0.00346902 s^2, std = 0.0588984 s
	min   = 0 s
	max   = 0.251264 s

SurfaceDistanceOrderedTransfer::fillDistanceChannel:
	16 trials
	total = 2.13491 s
	mean  = 0.133432 s
	var   = 0.000436887 s^2, std = 0.0209018 s
	min   = 0.05916 s
	max   = 0.14909 s

SurfaceDistanceOrderedTransfer::transfer:
	16 trials
	total = 21.9733 s
	mean  = 1.37333 s
	var   = 0.0661019 s^2, std = 0.257103 s
	min   = 0.464817 s
	max   = 1.55005 s

SurfaceDistanceOrderedTransfer::mergeDistances:
	32 trials
	total = 1.87468 s
	mean  = 0.0585836 s
	var   = 0.00024091 s^2, std = 0.0155213 s
	min   = 0.012534 s
	max   = 0.077556 s

SurfaceDistanceOrderedTransfer::applySqrt:
	16 trials
	total = 0.87607 s
	mean  = 0.0547544 s
	var   = 0.000655725 s^2, std = 0.0256071 s
	min   = 0.005011 s
	max   = 0.084213 s

LayerExtractor::setInput:
	16 trials
	total = 0.000501 s
	mean  = 3.13125e-005 s
	var   = 1.56876e-008 s^2, std = 0.00012525 s
	min   = 0 s
	max   = 0.000501 s

LayerExtractor::runInternal:
	16 trials
	total = 12.0457 s
	mean  = 0.752856 s
	var   = 0.0748307 s^2, std = 0.273552 s
	min   = 0.122407 s
	max   = 1.0423 s

VectorLayerHalftoner::setInput:
	16 trials
	total = 0.006366 s
	mean  = 0.000397875 s
	var   = 2.02572e-007 s^2, std = 0.00045008 s
	min   = 0 s
	max   = 0.001104 s

VectorLayerHalftoner::runInternal:
	16 trials
	total = 88.1909 s
	mean  = 5.51193 s
	var   = 4.51522 s^2, std = 2.12491 s
	min   = 0.76996 s
	max   = 8.23334 s

VectorLayerHalftoner(0)::setupOutputContainerSlaveReporter::serializeSlice:
	777 trials
	total = 2.55701 s
	mean  = 0.00329087 s
	var   = 2.9328e-006 s^2, std = 0.00171254 s
	min   = 0 s
	max   = 0.01864 s

SlaveReporter::Send:
	2351 trials
	total = 0.628947 s
	mean  = 0.000267523 s
	var   = 1.6653e-006 s^2, std = 0.00129046 s
	min   = 0 s
	max   = 0.03106 s

SlaveReporter::CompressData:
	777 trials
	total = 5.26934 s
	mean  = 0.00678165 s
	var   = 4.49092e-006 s^2, std = 0.00211918 s
	min   = 0 s
	max   = 0.020642 s

