Warning:json file inside profile could not be parsed 

GL version: 4.4.0

Warning: there is no json file embedded inside profile 

FileParserPJ: initializing
PrintJobOrganizer: initializing
MasterPJDistributor: initializing
MasterMerger: initializing
SliceDebugger: initializing
FileParserPJ:  runs 10:29:36

FileParserPJ: loading OBJ file

244921 vertices
489840 faces

FileParserPJ: 245383 texture coordinates

FileParserPJ: 245383 vertices after duplication

FileParserPJ: //filer-igd2.igd.fraunhofer.de/igd-3dt/shared/3DModels/Head/HeadMTL/Head_Level3.obj parsed: 245383 vertices and 489840 faces

FileParserPJ: loading jpg file

FileParserPJ: loading OBJ file

244921 vertices
489840 faces

FileParserPJ: 245383 texture coordinates

FileParserPJ: 245383 vertices after duplication

FileParserPJ: //filer-igd2.igd.fraunhofer.de/igd-3dt/shared/3DModels/Head/HeadMTL/Head_Level3.obj parsed: 245383 vertices and 489840 faces

FileParserPJ: loading jpg file

FileParserPJ: loading OBJ file

244921 vertices
489840 faces

FileParserPJ: 245383 texture coordinates

FileParserPJ: 245383 vertices after duplication

FileParserPJ: //filer-igd2.igd.fraunhofer.de/igd-3dt/shared/3DModels/Head/HeadMTL/Head_Level3.obj parsed: 245383 vertices and 489840 faces

FileParserPJ: loading jpg file

FileParserPJ: loading OBJ file

244921 vertices
489840 faces

FileParserPJ: 245383 texture coordinates

FileParserPJ: 245383 vertices after duplication

FileParserPJ: //filer-igd2.igd.fraunhofer.de/igd-3dt/shared/3DModels/Head/HeadMTL/Head_Level3.obj parsed: 245383 vertices and 489840 faces

FileParserPJ: loading jpg file

FileParserPJ: loading OBJ file

244921 vertices
489840 faces

FileParserPJ: 245383 texture coordinates

FileParserPJ: 245383 vertices after duplication

FileParserPJ: //filer-igd2.igd.fraunhofer.de/igd-3dt/shared/3DModels/Head/HeadMTL/Head_Level3.obj parsed: 245383 vertices and 489840 faces

FileParserPJ: loading jpg file

FileParserPJ: Input files parsed

PrintJobOrganizer:  runs 10:29:53

centering objects at origin
optimizing rotation for height
scaling objects
optimizing rotation for support use
PrintJobOrganizer: support cost         = 3.18654
support cost flipped = 2.86348

PrintJobOrganizer: support cost         = 3.18654
support cost flipped = 2.86348

PrintJobOrganizer: support cost         = 3.18654
support cost flipped = 2.86348

PrintJobOrganizer: support cost         = 3.18654
support cost flipped = 2.86348

PrintJobOrganizer: support cost         = 3.18654
support cost flipped = 2.86348

arranging objects in 2D
validating object placement
PrintJobOrganizer: print object 1 print-space bounding box: (0.00211667, 0.00423333, 0.00135106), (4.00212, 2.56309, 2.09785)
PrintJobOrganizer: print object 2 print-space bounding box: (0.00211667, 2.76309, 0.00135106), (4.00212, 5.32195, 2.09785)
PrintJobOrganizer: print object 3 print-space bounding box: (0.00211667, 5.52195, 0.00135106), (4.00212, 8.08081, 2.09785)
PrintJobOrganizer: print object 4 print-space bounding box: (0.00211667, 8.28081, 0.00135106), (4.00212, 10.8397, 2.09785)
PrintJobOrganizer: print object 5 print-space bounding box: (0.00211667, 11.0397, 0.00135106), (4.00212, 13.5985, 2.09785)
saving transforms to file
MasterPJDistributor:  runs 10:29:54

MasterPJDistributor::runInternal
MasterMerger:  runs 10:30:8

MasterMerger::runInternal
MasterMerger: metadata for thread : 1

MasterMerger: received height : 315

MasterMerger: received width : 473

MasterMerger: received num of slices : 389

MasterMerger: received chunk size : 10

MasterMerger: received path : 

MasterMerger: metadata for thread : 2

MasterMerger: received height : 152

MasterMerger: received width : 473

MasterMerger: received num of slices : 389

MasterMerger: received chunk size : 10

MasterMerger: received path : 

MasterMerger: metadata for thread : 3

MasterMerger: received height : 152

MasterMerger: received width : 473

MasterMerger: received num of slices : 389

MasterMerger: received chunk size : 10

MasterMerger: received path : 

MasterMerger: metadata for thread : 4

MasterMerger: received height : 152

MasterMerger: received width : 473

MasterMerger: received num of slices : 389

MasterMerger: received chunk size : 10

MasterMerger: received path : 

MasterMerger: Print Volume x:  5905.51

MasterMerger: Print Volume y:  2362.2

MasterMerger: Node id:  1

MasterMerger: Offset x : 0

MasterMerger: Offset y : 0

MasterMerger: Node id:  2

MasterMerger: Offset x : 0

MasterMerger: Offset y : 326.811

MasterMerger: Node id:  3

MasterMerger: Offset x : 0

MasterMerger: Offset y : 490.622

MasterMerger: Node id:  4

MasterMerger: Offset x : 0

MasterMerger: Offset y : 654.433

MasterMerger: Added height is:315after adding height of slave 1

MasterMerger: Added height is:467after adding height of slave 2

MasterMerger: Added height is:619after adding height of slave 3

MasterMerger: Added height is:771after adding height of slave 4

MasterMerger: m_fullSliceHt : 819

MasterMerger: m_fullSliceWidth : 473

MasterMerger: m_numSlices : 389

MasterMerger: m_chunkSize : 10

SliceDebugger:  runs 10:30:11
slices [0, 10):
	channel 0: material (dense)

MasterMerger:  runs 10:30:11

SliceDebugger:  runs 10:30:14
slices [10, 20):
	channel 0: material (dense)

MasterMerger:  runs 10:30:14

SliceDebugger:  runs 10:30:18
slices [20, 30):
	channel 0: material (dense)

MasterMerger:  runs 10:30:18

SliceDebugger:  runs 10:30:23
slices [30, 40):
	channel 0: material (dense)

MasterMerger:  runs 10:30:23

SliceDebugger:  runs 10:30:29
slices [40, 50):
	channel 0: material (dense)

MasterMerger:  runs 10:30:29

SliceDebugger:  runs 10:30:34
slices [50, 60):
	channel 0: material (dense)

MasterMerger:  runs 10:30:34

SliceDebugger:  runs 10:30:40
slices [60, 70):
	channel 0: material (dense)

MasterMerger:  runs 10:30:40

SliceDebugger:  runs 10:30:44
slices [70, 80):
	channel 0: material (dense)

MasterMerger:  runs 10:30:44

SliceDebugger:  runs 10:30:44
slices [80, 90):
	channel 0: material (dense)

MasterMerger:  runs 10:30:45

SliceDebugger:  runs 10:30:45
slices [90, 100):
	channel 0: material (dense)

MasterMerger:  runs 10:30:45

SliceDebugger:  runs 10:30:45
slices [100, 110):
	channel 0: material (dense)

MasterMerger:  runs 10:30:45

SliceDebugger:  runs 10:30:45
slices [110, 120):
	channel 0: material (dense)

MasterMerger:  runs 10:30:45

SliceDebugger:  runs 10:30:45
slices [120, 130):
	channel 0: material (dense)

MasterMerger:  runs 10:30:45

SliceDebugger:  runs 10:30:45
slices [130, 140):
	channel 0: material (dense)

MasterMerger:  runs 10:30:45

SliceDebugger:  runs 10:30:45
slices [140, 150):
	channel 0: material (dense)

MasterMerger:  runs 10:30:45

SliceDebugger:  runs 10:30:45
slices [150, 160):
	channel 0: material (dense)

MasterMerger:  runs 10:30:45

SliceDebugger:  runs 10:30:45
slices [160, 170):
	channel 0: material (dense)

MasterMerger:  runs 10:30:45

SliceDebugger:  runs 10:30:45
slices [170, 180):
	channel 0: material (dense)

MasterMerger:  runs 10:30:45

SliceDebugger:  runs 10:30:45
slices [180, 190):
	channel 0: material (dense)

MasterMerger:  runs 10:30:46

SliceDebugger:  runs 10:30:46
slices [190, 200):
	channel 0: material (dense)

MasterMerger:  runs 10:30:46

SliceDebugger:  runs 10:30:46
slices [200, 210):
	channel 0: material (dense)

MasterMerger:  runs 10:30:46

SliceDebugger:  runs 10:30:46
slices [210, 220):
	channel 0: material (dense)

MasterMerger:  runs 10:30:46

SliceDebugger:  runs 10:30:46
slices [220, 230):
	channel 0: material (dense)

MasterMerger:  runs 10:30:46

SliceDebugger:  runs 10:30:46
slices [230, 240):
	channel 0: material (dense)

MasterMerger:  runs 10:30:46

SliceDebugger:  runs 10:30:46
slices [240, 250):
	channel 0: material (dense)

MasterMerger:  runs 10:30:46

SliceDebugger:  runs 10:30:46
slices [250, 260):
	channel 0: material (dense)

MasterMerger:  runs 10:30:46

SliceDebugger:  runs 10:30:46
slices [260, 270):
	channel 0: material (dense)

MasterMerger:  runs 10:30:46

SliceDebugger:  runs 10:30:46
slices [270, 280):
	channel 0: material (dense)

MasterMerger:  runs 10:30:47

SliceDebugger:  runs 10:30:47
slices [280, 290):
	channel 0: material (dense)

MasterMerger:  runs 10:30:47

SliceDebugger:  runs 10:30:47
slices [290, 300):
	channel 0: material (dense)

MasterMerger:  runs 10:30:47

SliceDebugger:  runs 10:30:47
slices [300, 310):
	channel 0: material (dense)

MasterMerger:  runs 10:30:47

SliceDebugger:  runs 10:30:47
slices [310, 320):
	channel 0: material (dense)

MasterMerger:  runs 10:30:47

SliceDebugger:  runs 10:30:47
slices [320, 330):
	channel 0: material (dense)

MasterMerger:  runs 10:30:47

SliceDebugger:  runs 10:30:47
slices [330, 340):
	channel 0: material (dense)

MasterMerger:  runs 10:30:47

SliceDebugger:  runs 10:30:47
slices [340, 350):
	channel 0: material (dense)

MasterMerger:  runs 10:30:47

SliceDebugger:  runs 10:30:47
slices [350, 360):
	channel 0: material (dense)

MasterMerger:  runs 10:30:47

SliceDebugger:  runs 10:30:47
slices [360, 370):
	channel 0: material (dense)

MasterMerger:  runs 10:30:47

SliceDebugger:  runs 10:30:47
slices [370, 380):
	channel 0: material (dense)

MasterMerger:  runs 10:30:48

SliceDebugger:  runs 10:30:48
slices [380, 389):
	channel 0: material (dense)

Computation finished 

Status: success
PrintingSoftware::execute:
	1 trials
	total = 71.4304 s
	mean  = 71.4304 s
	var   = 0 s^2, std = 0 s
	min   = 71.4304 s
	max   = 71.4304 s

MasterPrintingSoftware::startUp:
	1 trials
	total = 0.44883 s
	mean  = 0.44883 s
	var   = 0 s^2, std = 0 s
	min   = 0.44883 s
	max   = 0.44883 s

MasterPrintingSoftware::Send:
	28 trials
	total = 0.01222 s
	mean  = 0.000436429 s
	var   = 4.88935e-007 s^2, std = 0.000699239 s
	min   = 0 s
	max   = 0.002043 s

FileParserPJ::setInput:
	1 trials
	total = 0 s
	mean  = 0 s
	var   = 0 s^2, std = 0 s
	min   = 0 s
	max   = 0 s

FileParserPJ::runInternal:
	1 trials
	total = 16.8457 s
	mean  = 16.8457 s
	var   = 0 s^2, std = 0 s
	min   = 16.8457 s
	max   = 16.8457 s

PrintJobOrganizer::setInput:
	1 trials
	total = 0.008924 s
	mean  = 0.008924 s
	var   = 0 s^2, std = 0 s
	min   = 0.008924 s
	max   = 0.008924 s

PrintJobOrganizer::runInternal:
	1 trials
	total = 0.921143 s
	mean  = 0.921143 s
	var   = 0 s^2, std = 0 s
	min   = 0.921143 s
	max   = 0.921143 s

MasterPJDistributor::serializeImgData:
	5 trials
	total = 0.448343 s
	mean  = 0.0896686 s
	var   = 1.18361e-005 s^2, std = 0.00344037 s
	min   = 0.085062 s
	max   = 0.09308 s

MasterPJDistributor::serializePJ:
	4 trials
	total = 0.476357 s
	mean  = 0.119089 s
	var   = 0.00200882 s^2, std = 0.0448199 s
	min   = 0.093064 s
	max   = 0.186136 s

MasterPJDistributor::Send:
	32 trials
	total = 12.2726 s
	mean  = 0.383519 s
	var   = 0.316854 s^2, std = 0.562898 s
	min   = 0 s
	max   = 2.33081 s


PrintingSoftware::execute:
	1 trials
	total = 71.4304 s
	mean  = 71.4304 s
	var   = 0 s^2, std = 0 s
	min   = 71.4304 s
	max   = 71.4304 s

MasterPrintingSoftware::startUp:
	1 trials
	total = 0.44883 s
	mean  = 0.44883 s
	var   = 0 s^2, std = 0 s
	min   = 0.44883 s
	max   = 0.44883 s

MasterPrintingSoftware::Send:
	28 trials
	total = 0.01222 s
	mean  = 0.000436429 s
	var   = 4.88935e-007 s^2, std = 0.000699239 s
	min   = 0 s
	max   = 0.002043 s

FileParserPJ::setInput:
	1 trials
	total = 0 s
	mean  = 0 s
	var   = 0 s^2, std = 0 s
	min   = 0 s
	max   = 0 s

FileParserPJ::runInternal:
	1 trials
	total = 16.8457 s
	mean  = 16.8457 s
	var   = 0 s^2, std = 0 s
	min   = 16.8457 s
	max   = 16.8457 s

PrintJobOrganizer::setInput:
	1 trials
	total = 0.008924 s
	mean  = 0.008924 s
	var   = 0 s^2, std = 0 s
	min   = 0.008924 s
	max   = 0.008924 s

PrintJobOrganizer::runInternal:
	1 trials
	total = 0.921143 s
	mean  = 0.921143 s
	var   = 0 s^2, std = 0 s
	min   = 0.921143 s
	max   = 0.921143 s

MasterPJDistributor::serializeImgData:
	5 trials
	total = 0.448343 s
	mean  = 0.0896686 s
	var   = 1.18361e-005 s^2, std = 0.00344037 s
	min   = 0.085062 s
	max   = 0.09308 s

MasterPJDistributor::serializePJ:
	4 trials
	total = 0.476357 s
	mean  = 0.119089 s
	var   = 0.00200882 s^2, std = 0.0448199 s
	min   = 0.093064 s
	max   = 0.186136 s

MasterPJDistributor::Send:
	32 trials
	total = 12.2726 s
	mean  = 0.383519 s
	var   = 0.316854 s^2, std = 0.562898 s
	min   = 0 s
	max   = 2.33081 s

MasterMergerWorkerImpl::deserializeSlice1:
	389 trials
	total = 0.108104 s
	mean  = 0.000277902 s
	var   = 2.01464e-007 s^2, std = 0.000448847 s
	min   = 0 s
	max   = 0.001018 s

MasterMergerWorkerImpl::Receive1:
	1179 trials
	total = 32.3023 s
	mean  = 0.027398 s
	var   = 0.152525 s^2, std = 0.390544 s
	min   = 0 s
	max   = 7.07837 s

MasterMergerWorkerImpl::decompressData1:
	389 trials
	total = 1.26159 s
	mean  = 0.00324317 s
	var   = 4.96516e-006 s^2, std = 0.00222826 s
	min   = 0.001985 s
	max   = 0.015042 s

MasterMergerWorkerImpl::deserializeSlice2:
	389 trials
	total = 0.055054 s
	mean  = 0.000141527 s
	var   = 1.2195e-007 s^2, std = 0.000349213 s
	min   = 0 s
	max   = 0.001003 s

MasterMergerWorkerImpl::Receive2:
	1179 trials
	total = 2.51865 s
	mean  = 0.00213626 s
	var   = 0.00476537 s^2, std = 0.0690316 s
	min   = 0 s
	max   = 2.36549 s

MasterMergerWorkerImpl::decompressData2:
	389 trials
	total = 0.513358 s
	mean  = 0.00131969 s
	var   = 3.36972e-007 s^2, std = 0.000580493 s
	min   = 0.000985 s
	max   = 0.004005 s

MasterMergerWorkerImpl::deserializeSlice3:
	389 trials
	total = 0.058099 s
	mean  = 0.000149355 s
	var   = 1.27639e-007 s^2, std = 0.000357266 s
	min   = 0 s
	max   = 0.001029 s

MasterMergerWorkerImpl::Receive3:
	1179 trials
	total = 28.0208 s
	mean  = 0.0237666 s
	var   = 0.086979 s^2, std = 0.294922 s
	min   = 0 s
	max   = 4.21961 s

MasterMergerWorkerImpl::decompressData3:
	389 trials
	total = 0.696351 s
	mean  = 0.00179011 s
	var   = 1.60567e-006 s^2, std = 0.00126715 s
	min   = 0.000984 s
	max   = 0.006036 s

MasterMergerWorkerImpl::deserializeSlice4:
	389 trials
	total = 0.054012 s
	mean  = 0.000138848 s
	var   = 1.19915e-007 s^2, std = 0.000346288 s
	min   = 0 s
	max   = 0.00103 s

MasterMergerWorkerImpl::Receive4:
	1179 trials
	total = 15.5983 s
	mean  = 0.0132301 s
	var   = 0.0345949 s^2, std = 0.185997 s
	min   = 0 s
	max   = 2.83784 s

MasterMergerWorkerImpl::decompressData4:
	389 trials
	total = 0.621459 s
	mean  = 0.00159758 s
	var   = 1.20829e-006 s^2, std = 0.00109922 s
	min   = 0.000989 s
	max   = 0.007027 s


Master Node  0 :Total execution time in seconds 71.8863

