SlavePrintingSoftware::startUp:
	1 trials
	total = 0.437495 s
	mean  = 0.437495 s
	var   = 0 s^2, std = 0 s
	min   = 0.437495 s
	max   = 0.437495 s

PrintingSoftware::execute:
	1 trials
	total = 264.898 s
	mean  = 264.898 s
	var   = 0 s^2, std = 0 s
	min   = 264.898 s
	max   = 264.898 s

SlavePrintingSoftware::communicateData:
	7 trials
	total = 0.031251 s
	mean  = 0.00446443 s
	var   = 5.81324e-005 s^2, std = 0.00762446 s
	min   = 0 s
	max   = 0.015626 s

SlavePJCollector::deserialize:
	3 trials
	total = 0.062501 s
	mean  = 0.0208337 s
	var   = 8.1375e-005 s^2, std = 0.00902081 s
	min   = 0.015625 s
	max   = 0.03125 s

SlavePJCollector::Receive:
	11 trials
	total = 30.4241 s
	mean  = 2.76583 s
	var   = 65.4222 s^2, std = 8.0884 s
	min   = 0 s
	max   = 27.0801 s

PrintJobOrganizer::setInput:
	1 trials
	total = 0 s
	mean  = 0 s
	var   = 0 s^2, std = 0 s
	min   = 0 s
	max   = 0 s

PrintJobOrganizer::runInternal:
	1 trials
	total = 0.265631 s
	mean  = 0.265631 s
	var   = 0 s^2, std = 0 s
	min   = 0.265631 s
	max   = 0.265631 s

PrintJobPreprocessor::setInput:
	1 trials
	total = 0 s
	mean  = 0 s
	var   = 0 s^2, std = 0 s
	min   = 0 s
	max   = 0 s

PrintJobPreprocessor::runInternal:
	1 trials
	total = 1.15627 s
	mean  = 1.15627 s
	var   = 0 s^2, std = 0 s
	min   = 1.15627 s
	max   = 1.15627 s

PrintJobVoxelizer::setInput:
	16 trials
	total = 0 s
	mean  = 0 s
	var   = 0 s^2, std = 0 s
	min   = 0 s
	max   = 0 s

PrintJobVoxelizer::runInternal:
	16 trials
	total = 84.2673 s
	mean  = 5.26671 s
	var   = 1.07219 s^2, std = 1.03547 s
	min   = 2.00004 s
	max   = 6.15636 s

PrintJobVoxelizer::rasterizeObjects:
	16 trials
	total = 16.3439 s
	mean  = 1.02149 s
	var   = 0.0957019 s^2, std = 0.309357 s
	min   = 0.343755 s
	max   = 1.35939 s

PrintJobVoxelizer::voxelizeObjects:
	16 trials
	total = 65.8765 s
	mean  = 4.11728 s
	var   = 0.639381 s^2, std = 0.799613 s
	min   = 1.60942 s
	max   = 5.09386 s

PrintJobVoxelizer::finalizeSurfaces:
	16 trials
	total = 0.734253 s
	mean  = 0.0458908 s
	var   = 0.000112958 s^2, std = 0.0106281 s
	min   = 0.015615 s
	max   = 0.062507 s

TonalValueCalculator::setInput:
	16 trials
	total = 0 s
	mean  = 0 s
	var   = 0 s^2, std = 0 s
	min   = 0 s
	max   = 0 s

TonalValueCalculator::runInternal:
	16 trials
	total = 0.578121 s
	mean  = 0.0361326 s
	var   = 0.000348941 s^2, std = 0.01868 s
	min   = 0 s
	max   = 0.062501 s

SurfaceDistanceOrderedTransfer::setInput:
	16 trials
	total = 0 s
	mean  = 0 s
	var   = 0 s^2, std = 0 s
	min   = 0 s
	max   = 0 s

SurfaceDistanceOrderedTransfer::runInternal:
	16 trials
	total = 34.3133 s
	mean  = 2.14458 s
	var   = 0.0909704 s^2, std = 0.301613 s
	min   = 1.07816 s
	max   = 2.35943 s

SurfaceDistanceOrderedTransfer::buildOrderedSurfaceData:
	16 trials
	total = 0.609392 s
	mean  = 0.038087 s
	var   = 0.003352 s^2, std = 0.0578965 s
	min   = 0 s
	max   = 0.250006 s

SurfaceDistanceOrderedTransfer::fillDistanceChannel:
	16 trials
	total = 2.18759 s
	mean  = 0.136725 s
	var   = 0.00281567 s^2, std = 0.0530629 s
	min   = 0.062519 s
	max   = 0.281257 s

SurfaceDistanceOrderedTransfer::transfer:
	16 trials
	total = 28.6101 s
	mean  = 1.78813 s
	var   = 0.0938842 s^2, std = 0.306405 s
	min   = 0.687512 s
	max   = 2.00005 s

SurfaceDistanceOrderedTransfer::mergeDistances:
	32 trials
	total = 5.81292 s
	mean  = 0.181654 s
	var   = 0.000752155 s^2, std = 0.0274255 s
	min   = 0.078127 s
	max   = 0.203139 s

SurfaceDistanceOrderedTransfer::applySqrt:
	16 trials
	total = 2.90629 s
	mean  = 0.181643 s
	var   = 0.000777299 s^2, std = 0.0278801 s
	min   = 0.07812 s
	max   = 0.203131 s

LayerExtractor::setInput:
	16 trials
	total = 0 s
	mean  = 0 s
	var   = 0 s^2, std = 0 s
	min   = 0 s
	max   = 0 s

LayerExtractor::runInternal:
	16 trials
	total = 12.1253 s
	mean  = 0.757831 s
	var   = 0.0748736 s^2, std = 0.27363 s
	min   = 0.140618 s
	max   = 1.09377 s

VectorLayerHalftoner::setInput:
	16 trials
	total = 0 s
	mean  = 0 s
	var   = 0 s^2, std = 0 s
	min   = 0 s
	max   = 0 s

VectorLayerHalftoner::runInternal:
	16 trials
	total = 92.4707 s
	mean  = 5.77942 s
	var   = 6.92597 s^2, std = 2.63172 s
	min   = 0.89066 s
	max   = 9.28144 s

VectorLayerHalftoner(0)::setupOutputContainerSlaveReporter::serializeSlice:
	777 trials
	total = 2.31252 s
	mean  = 0.00297621 s
	var   = 3.95821e-005 s^2, std = 0.00629143 s
	min   = 0 s
	max   = 0.031252 s

SlaveReporter::Send:
	2351 trials
	total = 1.34385 s
	mean  = 0.00057161 s
	var   = 9.23239e-006 s^2, std = 0.00303849 s
	min   = 0 s
	max   = 0.031251 s

SlaveReporter::CompressData:
	777 trials
	total = 5.0471 s
	mean  = 0.00649563 s
	var   = 5.9382e-005 s^2, std = 0.00770597 s
	min   = 0 s
	max   = 0.015644 s

