SlavePrintingSoftware::startUp:
	1 trials
	total = 0.251025 s
	mean  = 0.251025 s
	var   = 0 s^2, std = 0 s
	min   = 0.251025 s
	max   = 0.251025 s

PrintingSoftware::execute:
	1 trials
	total = 231.765 s
	mean  = 231.765 s
	var   = 0 s^2, std = 0 s
	min   = 231.765 s
	max   = 231.765 s

SlavePrintingSoftware::communicateData:
	7 trials
	total = 0.045004 s
	mean  = 0.00642914 s
	var   = 0.000127307 s^2, std = 0.011283 s
	min   = 0 s
	max   = 0.027002 s

,PrintJobOrganizer::setInput:
	1 trials
	total = 0.001 s
	mean  = 0.001 s
	var   = 0 s^2, std = 0 s
	min   = 0.001 s
	max   = 0.001 s

PrintJobOrganizer::runInternal:
	1 trials
	total = 0.287028 s
	mean  = 0.287028 s
	var   = 0 s^2, std = 0 s
	min   = 0.287028 s
	max   = 0.287028 s

šintJobVoxelizer::setInput:
	16 trials
	total = 0 s
	mean  = 0 s
	var   = 0 s^2, std = 0 s
	min   = 0 s
	max   = 0 s

PrintJobVoxelizer::runInternal:
	16 trials
	total = 64.9905 s
	mean  = 4.06191 s
	var   = 0.677234 s^2, std = 0.822942 s
	min   = 1.57316 s
	max   = 4.89949 s

PrintJobVoxelizer::rasterizeObjects:
	16 trials
	total = 16.8467 s
	mean  = 1.05292 s
	var   = 0.0785095 s^2, std = 0.280196 s
	min   = 0.408041 s
	max   = 1.29813 s

PrintJobVoxelizer::voxelizeObjects:
	16 trials
	total = 46.2096 s
	mean  = 2.8881 s
	var   = 0.362303 s^2, std = 0.601916 s
	min   = 1.09911 s
	max   = 3.77038 s

PrintJobVoxelizer::finalizeSurfaces:
	16 trials
	total = 0.672065 s
	mean  = 0.0420041 s
	var   = 0.000126956 s^2, std = 0.0112675 s
	min   = 0.018002 s
	max   = 0.072007 s

TonalValueCalculator::setInput:
	16 trials
	total = 0 s
	mean  = 0 s
	var   = 0 s^2, std = 0 s
	min   = 0 s
	max   = 0 s

TonalValueCalculator::runInternal:
	16 trials
	total = 0.388038 s
	mean  = 0.0242524 s
	var   = 0.000130089 s^2, std = 0.0114057 s
	min   = 0.001001 s
	max   = 0.038003 s

SŒ"