SlavePrintingSoftware::startUp:
	1 trials
	total = 0.184018 s
	mean  = 0.184018 s
	var   = 0 s^2, std = 0 s
	min   = 0.184018 s
	max   = 0.184018 s

PrintingSoftware::execute:
	1 trials
	total = 145.606 s
	mean  = 145.606 s
	var   = 0 s^2, std = 0 s
	min   = 145.606 s
	max   = 145.606 s

SlavePrintingSoftware::communicateData:
	7 trials
	total = 0.032003 s
	mean  = 0.00457186 s
	var   = 6.22978e-005 s^2, std = 0.0078929 s
	min   = 0 s
	max   = 0.018002 s

,ªintJobVoxelizer::setInput:
	16 trials
	total = 0.001 s
	mean  = 6.25e-005 s
	var   = 6.25e-008 s^2, std = 0.00025 s
	min   = 0 s
	max   = 0.001 s

PrintJobVoxelizer::runInternal:
	16 trials
	total = 37.2957 s
	mean  = 2.33098 s
	var   = 0.167761 s^2, std = 0.409586 s
	min   = 1.22512 s
	max   = 3.17432 s

PrintJobVoxelizer::rasterizeObjects:
	16 trials
	total = 12.1842 s
	mean  = 0.761514 s
	var   = 0.0431207 s^2, std = 0.207655 s
	min   = 0.313031 s
	max   = 1.09811 s

PrintJobVoxelizer::voxelizeObjects:
	16 trials
	total = 23.1983 s
	mean  = 1.4499 s
	var   = 0.0577568 s^2, std = 0.240326 s
	min   = 0.765077 s
	max   = 1.88419 s

PrintJobVoxelizer::finalizeSurfaces:
	16 trials
	total = 0.755074 s
	mean  = 0.0471921 s
	var   = 5.92412e-005 s^2, std = 0.00769683 s
	min   = 0.022002 s
	max   = 0.053005 s

ÿÿnalValueCalculator::setInput:
	16 trials
	total = 0 s
	mean  = 0 s
	var   = 0 s^2, std = 0 s
	min   = 0 s
	max   = 0 s

TonalValueCalculator::runInternal:
	16 trials
	total = 0.30803 s
	mean  = 0.0192519 s
	var   = 6.94135e-005 s^2, std = 0.00833148 s
	min   = 0.001 s
	max   = 0.030003 s

OÿÿyerExtractor::setInput:
	16 trials
	total = 0.002 s
	mean  = 0.000125 s
	var   = 1.16667e-007 s^2, std = 0.000341565 s
	min   = 0 s
	max   = 0.001 s

LayerExtractor::runInternal:
	16 trials
	total = 7.11771 s
	mean  = 0.444857 s
	var   = 0.025441 s^2, std = 0.159502 s
	min   = 0.076007 s
	max   = 0.652065 s

Œ"