SlavePrintingSoftware::startUp:
	1 trials
	total = 0.26567 s
	mean  = 0.26567 s
	var   = 0 s^2, std = 0 s
	min   = 0.26567 s
	max   = 0.26567 s

PrintingSoftware::execute:
	1 trials
	total = 1452.98 s
	mean  = 1452.98 s
	var   = 0 s^2, std = 0 s
	min   = 1452.98 s
	max   = 1452.98 s

SlavePrintingSoftware::communicateData:
	7 trials
	total = 0.015643 s
	mean  = 0.00223471 s
	var   = 3.49576e-005 s^2, std = 0.0059125 s
	min   = 0 s
	max   = 0.015643 s

SlavePJCollector::deserialize:
	3 trials
	total = 0.078128 s
	mean  = 0.0260427 s
	var   = 0.000325615 s^2, std = 0.0180448 s
	min   = 0.015623 s
	max   = 0.046879 s

SlavePJCollector::Receive:
	11 trials
	total = 24.6113 s
	mean  = 2.23739 s
	var   = 31.865 s^2, std = 5.64491 s
	min   = 0 s
	max   = 19.0171 s

PrintJobOrganizer::setInput:
	1 trials
	total = 0.015627 s
	mean  = 0.015627 s
	var   = 0 s^2, std = 0 s
	min   = 0.015627 s
	max   = 0.015627 s

PrintJobOrganizer::runInternal:
	1 trials
	total = 0.46878 s
	mean  = 0.46878 s
	var   = 0 s^2, std = 0 s
	min   = 0.46878 s
	max   = 0.46878 s

PrintJobPreprocessor::setInput:
	1 trials
	total = 0 s
	mean  = 0 s
	var   = 0 s^2, std = 0 s
	min   = 0 s
	max   = 0 s

PrintJobPreprocessor::runInternal:
	1 trials
	total = 1.79703 s
	mean  = 1.79703 s
	var   = 0 s^2, std = 0 s
	min   = 1.79703 s
	max   = 1.79703 s

PrintJobVoxelizer::setInput:
	32 trials
	total = 0 s
	mean  = 0 s
	var   = 0 s^2, std = 0 s
	min   = 0 s
	max   = 0 s

PrintJobVoxelizer::runInternal:
	32 trials
	total = 390.289 s
	mean  = 12.1965 s
	var   = 4.49209 s^2, std = 2.11946 s
	min   = 1.07816 s
	max   = 13.9227 s

PrintJobVoxelizer::rasterizeObjects:
	32 trials
	total = 46.7215 s
	mean  = 1.46005 s
	var   = 0.233601 s^2, std = 0.483323 s
	min   = 0.296892 s
	max   = 1.98449 s

PrintJobVoxelizer::voxelizeObjects:
	32 trials
	total = 328.802 s
	mean  = 10.2751 s
	var   = 3.81661 s^2, std = 1.95362 s
	min   = 0.734451 s
	max   = 12.907 s

PrintJobVoxelizer::finalizeSurfaces:
	32 trials
	total = 4.42209 s
	mean  = 0.13819 s
	var   = 0.000695089 s^2, std = 0.0263645 s
	min   = 0.015594 s
	max   = 0.171886 s

TonalValueCalculator::setInput:
	32 trials
	total = 0 s
	mean  = 0 s
	var   = 0 s^2, std = 0 s
	min   = 0 s
	max   = 0 s

TonalValueCalculator::runInternal:
	32 trials
	total = 2.06262 s
	mean  = 0.0644568 s
	var   = 0.00102001 s^2, std = 0.0319375 s
	min   = 0 s
	max   = 0.109382 s

SurfaceDistanceOrderedTransfer::setInput:
	32 trials
	total = 0 s
	mean  = 0 s
	var   = 0 s^2, std = 0 s
	min   = 0 s
	max   = 0 s

SurfaceDistanceOrderedTransfer::runInternal:
	32 trials
	total = 192.278 s
	mean  = 6.00867 s
	var   = 0.581524 s^2, std = 0.762577 s
	min   = 3.21897 s
	max   = 6.73479 s

SurfaceDistanceOrderedTransfer::buildOrderedSurfaceData:
	32 trials
	total = 2.71896 s
	mean  = 0.0849675 s
	var   = 0.0276931 s^2, std = 0.166412 s
	min   = 0 s
	max   = 0.984443 s

SurfaceDistanceOrderedTransfer::fillDistanceChannel:
	32 trials
	total = 17.1732 s
	mean  = 0.536662 s
	var   = 0.00320715 s^2, std = 0.0566317 s
	min   = 0.2813 s
	max   = 0.593787 s

SurfaceDistanceOrderedTransfer::transfer:
	32 trials
	total = 169.479 s
	mean  = 5.29622 s
	var   = 0.65443 s^2, std = 0.808968 s
	min   = 1.92199 s
	max   = 6.00038 s

SurfaceDistanceOrderedTransfer::mergeDistances:
	64 trials
	total = 12.4852 s
	mean  = 0.195082 s
	var   = 0.000627814 s^2, std = 0.0250562 s
	min   = 0.093762 s
	max   = 0.218769 s

SurfaceDistanceOrderedTransfer::applySqrt:
	32 trials
	total = 2.89063 s
	mean  = 0.0903323 s
	var   = 0.000184899 s^2, std = 0.0135977 s
	min   = 0.031236 s
	max   = 0.093756 s

LayerExtractor::setInput:
	32 trials
	total = 0 s
	mean  = 0 s
	var   = 0 s^2, std = 0 s
	min   = 0 s
	max   = 0 s

LayerExtractor::runInternal:
	32 trials
	total = 67.7077 s
	mean  = 2.11586 s
	var   = 0.407266 s^2, std = 0.638174 s
	min   = 0.453154 s
	max   = 2.89083 s

VectorLayerHalftoner::setInput:
	32 trials
	total = 0.031252 s
	mean  = 0.000976625 s
	var   = 1.47685e-005 s^2, std = 0.00384298 s
	min   = 0 s
	max   = 0.015626 s

VectorLayerHalftoner::runInternal:
	32 trials
	total = 658.494 s
	mean  = 20.5779 s
	var   = 61.3914 s^2, std = 7.83526 s
	min   = 2.9377 s
	max   = 32.2207 s

VectorLayerHalftoner(0)::setupOutputContainerSlaveReporter::serializeSlice:
	1552 trials
	total = 23.4551 s
	mean  = 0.0151128 s
	var   = 5.05838e-005 s^2, std = 0.00711223 s
	min   = 0 s
	max   = 0.062502 s

SlaveReporter::Send:
	4692 trials
	total = 30.5166 s
	mean  = 0.00650396 s
	var   = 0.000405263 s^2, std = 0.0201311 s
	min   = 0 s
	max   = 0.453152 s

SlaveReporter::CompressData:
	1552 trials
	total = 46.2679 s
	mean  = 0.0298118 s
	var   = 0.000101985 s^2, std = 0.0100988 s
	min   = 0.015541 s
	max   = 0.078131 s

