PrintingSoftware::execute:
	1 trials
	total = 1753.51 s
	mean  = 1753.51 s
	var   = 0 s^2, std = 0 s
	min   = 1753.51 s
	max   = 1753.51 s

MasterPrintingSoftware::startUp:
	1 trials
	total = 0.374237 s
	mean  = 0.374237 s
	var   = 0 s^2, std = 0 s
	min   = 0.374237 s
	max   = 0.374237 s

MasterPrintingSoftware::Send:
	28 trials
	total = 0.007002 s
	mean  = 0.000250071 s
	var   = 1.94556e-007 s^2, std = 0.000441085 s
	min   = 0 s
	max   = 0.001002 s

FileParserPJ::setInput:
	1 trials
	total = 0 s
	mean  = 0 s
	var   = 0 s^2, std = 0 s
	min   = 0 s
	max   = 0 s

FileParserPJ::runInternal:
	1 trials
	total = 17.5429 s
	mean  = 17.5429 s
	var   = 0 s^2, std = 0 s
	min   = 17.5429 s
	max   = 17.5429 s

PrintJobOrganizer::setInput:
	1 trials
	total = 0.009006 s
	mean  = 0.009006 s
	var   = 0 s^2, std = 0 s
	min   = 0.009006 s
	max   = 0.009006 s

PrintJobOrganizer::runInternal:
	1 trials
	total = 1.09775 s
	mean  = 1.09775 s
	var   = 0 s^2, std = 0 s
	min   = 1.09775 s
	max   = 1.09775 s

MasterPJDistributor::serializeImgData:
	5 trials
	total = 0.433299 s
	mean  = 0.0866598 s
	var   = 2.30332e-006 s^2, std = 0.00151767 s
	min   = 0.084058 s
	max   = 0.088061 s

MasterPJDistributor::serializePJ:
	4 trials
	total = 0.463283 s
	mean  = 0.115821 s
	var   = 0.00259047 s^2, std = 0.0508966 s
	min   = 0.089045 s
	max   = 0.192113 s

MasterPJDistributor::Send:
	32 trials
	total = 11.9131 s
	mean  = 0.372284 s
	var   = 0.286248 s^2, std = 0.535022 s
	min   = 0 s
	max   = 2.11644 s

MasterMergerWorkerImpl::deserializeSlice1:
	1552 trials
	total = 16.4004 s
	mean  = 0.0105673 s
	var   = 0.000277645 s^2, std = 0.0166627 s
	min   = 0.006986 s
	max   = 0.227154 s

MasterMergerWorkerImpl::Receive1:
	4692 trials
	total = 1313.8 s
	mean  = 0.280008 s
	var   = 12.1373 s^2, std = 3.48387 s
	min   = 0 s
	max   = 54.1308 s

MasterMergerWorkerImpl::decompressData1:
	1552 trials
	total = 79.3686 s
	mean  = 0.0511396 s
	var   = 0.000355366 s^2, std = 0.0188511 s
	min   = 0.046017 s
	max   = 0.282192 s

MasterMergerWorkerImpl::deserializeSlice2:
	1552 trials
	total = 11.5903 s
	mean  = 0.00746796 s
	var   = 5.21286e-005 s^2, std = 0.00722001 s
	min   = 0.003002 s
	max   = 0.125087 s

MasterMergerWorkerImpl::Receive2:
	4692 trials
	total = 15.2818 s
	mean  = 0.00325698 s
	var   = 0.0247713 s^2, std = 0.157389 s
	min   = 0 s
	max   = 9.51849 s

MasterMergerWorkerImpl::decompressData2:
	1552 trials
	total = 61.0517 s
	mean  = 0.0393374 s
	var   = 0.000447783 s^2, std = 0.0211609 s
	min   = 0.022922 s
	max   = 0.302205 s

MasterMergerWorkerImpl::deserializeSlice3:
	1552 trials
	total = 11.4867 s
	mean  = 0.00740122 s
	var   = 7.18175e-005 s^2, std = 0.00847452 s
	min   = 0.003001 s
	max   = 0.145099 s

MasterMergerWorkerImpl::Receive3:
	4692 trials
	total = 48.7524 s
	mean  = 0.0103905 s
	var   = 0.106753 s^2, std = 0.326731 s
	min   = 0 s
	max   = 13.6103 s

MasterMergerWorkerImpl::decompressData3:
	1552 trials
	total = 60.3987 s
	mean  = 0.0389167 s
	var   = 0.000437491 s^2, std = 0.0209163 s
	min   = 0.022998 s
	max   = 0.30521 s

MasterMergerWorkerImpl::deserializeSlice4:
	1552 trials
	total = 11.9654 s
	mean  = 0.00770966 s
	var   = 6.84129e-005 s^2, std = 0.00827121 s
	min   = 0.003984 s
	max   = 0.139092 s

MasterMergerWorkerImpl::Receive4:
	4692 trials
	total = 33.6009 s
	mean  = 0.00716133 s
	var   = 0.061766 s^2, std = 0.248528 s
	min   = 0 s
	max   = 10.8394 s

MasterMergerWorkerImpl::decompressData4:
	1552 trials
	total = 60.6865 s
	mean  = 0.0391021 s
	var   = 0.000477909 s^2, std = 0.0218611 s
	min   = 0.022998 s
	max   = 0.311211 s

SliceDebugger::setInput:
	156 trials
	total = 0.002001 s
	mean  = 1.28269e-005 s
	var   = 1.27505e-008 s^2, std = 0.000112918 s
	min   = 0 s
	max   = 0.001001 s

SliceDebugger::runInternal:
	156 trials
	total = 258.57 s
	mean  = 1.6575 s
	var   = 0.339089 s^2, std = 0.582314 s
	min   = 0.295201 s
	max   = 7.01276 s

