Warning:json file inside profile could not be parsed 

GL version: 4.5.0 NVIDIA 353.90

Warning: there is no json file embedded inside profile 

LayerExtractor: distance needed for layers: 0.135467

FileParserPJ: initializing
PrintJobOrganizer: initializing
PrintJobPreprocessor: initializing
PrintJobVoxelizer: initializing
TonalValueCalculator: initializing
TonalValueCalculator: Using rendering intent RELATIVE_COLORIMETRIC

SurfaceDistanceOrderedTransfer: initializing
TonalLinearizer: initializing
VectorLayerHalftoner: initializing
SlaveReporter: initializing
FileParserPJ:  runs 15:52:7

FileParserPJ: loading OBJ file

244921 vertices
489840 faces

FileParserPJ: 245383 texture coordinates

FileParserPJ: 245383 vertices after duplication

FileParserPJ: //filer-igd2.igd.fraunhofer.de/igd-3dt/shared/3DModels/Head/HeadMTL/Head_Level3.obj parsed: 245383 vertices and 489840 faces

FileParserPJ: loading jpg file

FileParserPJ: Input files parsed

PrintJobOrganizer:  runs 15:52:11

centering objects at origin
optimizing rotation for height
scaling objects
optimizing rotation for support use
PrintJobOrganizer: support cost         = 86.0668
support cost flipped = 77.3424

arranging objects in 2D
validating object placement
PrintJobOrganizer: print object 1 print-space bounding box: (0.00211667, 0.00423333, 0.00135106), (12.0021, 7.68081, 6.29084)
saving transforms to file
PrintJobPreprocessor:  runs 15:52:11

PrintJobPreprocessor: flatten
PrintJobPreprocessor: prioritize
PrintJobPreprocessor: segment-hierarchy
PrintJobPreprocessor: boundingBox
PrintJobPreprocessor: uniformAppearanceTextures
PrintJobVoxelizer:  runs 15:52:12

PrintJobVoxelizer: 
number of slices to print: 1165 (6.29084 cm)
width of slices to print:  1418 (12.0021 cm)
height of slices to print: 454 (7.68081 cm)
chunk size:                50 (0.270213 cm)

PrintJobVoxelizer: setting up slices
PrintJobVoxelizer: rasterizing objects
PrintJobVoxelizer: creating rasterizer
PrintJobVoxelizer: rasterizing object 1
Rasterizer::rasterize:
	1 trials
	total = 0.194251 s
	mean  = 0.194251 s
	var   = 0 s^2, std = 0 s
	min   = 0.194251 s
	max   = 0.194251 s


PrintJobVoxelizer: voxelizing objects
Object 1 ROI: [0 0 0] --> [1418 454 50]
GWNSampleFloodVoxelizer: number of samples: 172
GWNSampleFloodVoxelizer: samples evaluated
GWNSampleFloodVoxelizer: adaptive threshold = 0.498039
GWNSampleFloodVoxelizer: flooding complete
Voxelization: solid angle evaluations per voxel: 0.0908602

GWNSampleFloodVoxelizer::voxelize:
	1 trials
	total = 1.79823 s
	mean  = 1.79823 s
	var   = 0 s^2, std = 0 s
	min   = 1.79823 s
	max   = 1.79823 s

GWNSampleFloodVoxelizer::initIndicator:
	1 trials
	total = 0.175999 s
	mean  = 0.175999 s
	var   = 0 s^2, std = 0 s
	min   = 0.175999 s
	max   = 0.175999 s

GWNSampleFloodVoxelizer::selectSamples:
	1 trials
	total = 0.222672 s
	mean  = 0.222672 s
	var   = 0 s^2, std = 0 s
	min   = 0.222672 s
	max   = 0.222672 s

GWNSampleFloodVoxelizer::evaluateSamples:
	1 trials
	total = 0.042476 s
	mean  = 0.042476 s
	var   = 0 s^2, std = 0 s
	min   = 0.042476 s
	max   = 0.042476 s

GWNSampleFloodVoxelizer::flood:
	1 trials
	total = 1.31669 s
	mean  = 1.31669 s
	var   = 0 s^2, std = 0 s
	min   = 1.31669 s
	max   = 1.31669 s


PrintJobVoxelizer: finalizing surfaces
PrintJobVoxelizer: 18693 surface voxels
PrintJobVoxelizer: getting output subset
PrintJobVoxelizer: updating slice indices
TonalValueCalculator:  runs 15:52:14
slices [0, 49):
	channel 0: occupancy (dense)
	channel 1: opticalFeature (sparse)

SurfaceDistanceOrderedTransfer:  runs 15:52:14
slices [0, 49):
	channel 0: occupancy (dense)
	channel 1: surfaceDist (dense)

SurfaceDistanceOrderedTransfer: 0 0 23
LayerExtractor:  runs 15:52:15
slices [0, 23):
	channel 0: occupancy (dense)
	channel 1: surfaceDist (dense)
	channel 2: layer_000 (sparse)
	channel 3: layer_001 (sparse)
	channel 4: layer_002 (sparse)
	channel 5: layer_003 (sparse)
	channel 6: layer_004 (sparse)
	channel 7: layer_005 (sparse)
	channel 8: layer_006 (sparse)
	channel 9: layer_007 (sparse)

TonalLinearizer:  runs 15:52:15
slices [0, 22):
	channel 0: occupancy (dense)
	channel 1: surfaceDist (dense)
	channel 2: layer_000 (sparse)
	channel 3: layer_001 (sparse)
	channel 4: layer_002 (sparse)
	channel 5: layer_003 (sparse)
	channel 6: layer_004 (sparse)
	channel 7: layer_005 (sparse)
	channel 8: layer_006 (sparse)
	channel 9: layer_007 (sparse)

VectorLayerHalftoner: VectorLayerHalftoner error: no tonal values available

VectorLayerHalftoner:  runs 15:52:15
slices [0, 22):
	channel 0: occupancy (dense)
	channel 1: surfaceDist (dense)
	channel 2: layer_000 (sparse)
	channel 3: layer_001 (sparse)
	channel 4: layer_002 (sparse)
	channel 5: layer_003 (sparse)
	channel 6: layer_004 (sparse)
	channel 7: layer_005 (sparse)
	channel 8: layer_006 (sparse)
	channel 9: layer_007 (sparse)
	channel 10: intermedTonal_0 (sparse)
	channel 11: intermedTonal_1 (sparse)
	channel 12: intermedTonal_2 (sparse)
	channel 13: intermedTonal_3 (sparse)
	channel 14: intermedTonal_4 (sparse)
	channel 15: intermedTonal_5 (sparse)
	channel 16: intermedTonal_6 (sparse)
	channel 17: intermedTonal_7 (sparse)
	channel 18: quantizedTonal (sparse)

SlaveReporter:  runs 15:52:16
slices [0, 10):
	channel 0: material (dense)
	channel 1: occupancy (dense)

PrintJobVoxelizer:  runs 15:52:16

PrintJobVoxelizer: setting up slices
PrintJobVoxelizer: rasterizing objects
PrintJobVoxelizer: creating rasterizer
PrintJobVoxelizer: rasterizing object 1
Rasterizer::rasterize:
	2 trials
	total = 0.557932 s
	mean  = 0.278966 s
	var   = 0.0143533 s^2, std = 0.119805 s
	min   = 0.194251 s
	max   = 0.363681 s


PrintJobVoxelizer: voxelizing objects
Object 1 ROI: [0 0 0] --> [1418 454 50]
GWNSampleFloodVoxelizer: number of samples: 249
GWNSampleFloodVoxelizer: samples evaluated
GWNSampleFloodVoxelizer: adaptive threshold = 0.498039
GWNSampleFloodVoxelizer: flooding complete
Voxelization: solid angle evaluations per voxel: 0.256583

GWNSampleFloodVoxelizer::voxelize:
	2 trials
	total = 3.7158 s
	mean  = 1.8579 s
	var   = 0.00712233 s^2, std = 0.0843939 s
	min   = 1.79823 s
	max   = 1.91758 s

GWNSampleFloodVoxelizer::initIndicator:
	2 trials
	total = 0.362226 s
	mean  = 0.181113 s
	var   = 5.2306e-005 s^2, std = 0.00723229 s
	min   = 0.175999 s
	max   = 0.186227 s

GWNSampleFloodVoxelizer::selectSamples:
	2 trials
	total = 0.447874 s
	mean  = 0.223937 s
	var   = 3.20045e-006 s^2, std = 0.00178898 s
	min   = 0.222672 s
	max   = 0.225202 s

GWNSampleFloodVoxelizer::evaluateSamples:
	2 trials
	total = 0.183907 s
	mean  = 0.0919535 s
	var   = 0.00489605 s^2, std = 0.0699718 s
	min   = 0.042476 s
	max   = 0.141431 s

GWNSampleFloodVoxelizer::flood:
	2 trials
	total = 2.64097 s
	mean  = 1.32048 s
	var   = 2.87585e-005 s^2, std = 0.0053627 s
	min   = 1.31669 s
	max   = 1.32428 s


PrintJobVoxelizer: finalizing surfaces
PrintJobVoxelizer: 84536 surface voxels
PrintJobVoxelizer: getting output subset
PrintJobVoxelizer: updating slice indices
TonalValueCalculator:  runs 15:52:19
slices [49, 99):
	channel 0: occupancy (dense)
	channel 1: opticalFeature (sparse)

SurfaceDistanceOrderedTransfer:  runs 15:52:19
slices [23, 99):
	channel 0: occupancy (dense)
	channel 1: surfaceDist (dense)

SurfaceDistanceOrderedTransfer: 23 49 73
LayerExtractor:  runs 15:52:19
slices [21, 73):
	channel 0: occupancy (dense)
	channel 1: surfaceDist (dense)
	channel 2: layer_000 (sparse)
	channel 3: layer_001 (sparse)
	channel 4: layer_002 (sparse)
	channel 5: layer_003 (sparse)
	channel 6: layer_004 (sparse)
	channel 7: layer_005 (sparse)
	channel 8: layer_006 (sparse)
	channel 9: layer_007 (sparse)

TonalLinearizer:  runs 15:52:20
slices [22, 72):
	channel 0: occupancy (dense)
	channel 1: surfaceDist (dense)
	channel 2: layer_000 (sparse)
	channel 3: layer_001 (sparse)
	channel 4: layer_002 (sparse)
	channel 5: layer_003 (sparse)
	channel 6: layer_004 (sparse)
	channel 7: layer_005 (sparse)
	channel 8: layer_006 (sparse)
	channel 9: layer_007 (sparse)

VectorLayerHalftoner: VectorLayerHalftoner error: no tonal values available

VectorLayerHalftoner:  runs 15:52:20
slices [10, 72):
	channel 0: occupancy (dense)
	channel 1: surfaceDist (dense)
	channel 2: layer_000 (sparse)
	channel 3: layer_001 (sparse)
	channel 4: layer_002 (sparse)
	channel 5: layer_003 (sparse)
	channel 6: layer_004 (sparse)
	channel 7: layer_005 (sparse)
	channel 8: layer_006 (sparse)
	channel 9: layer_007 (sparse)
	channel 10: intermedTonal_0 (sparse)
	channel 11: intermedTonal_1 (sparse)
	channel 12: intermedTonal_2 (sparse)
	channel 13: intermedTonal_3 (sparse)
	channel 14: intermedTonal_4 (sparse)
	channel 15: intermedTonal_5 (sparse)
	channel 16: intermedTonal_6 (sparse)
	channel 17: intermedTonal_7 (sparse)
	channel 18: quantizedTonal (sparse)
	channel 19: errorDiffInfo2 (sparse)
	channel 20: distanceToEmpty (sparse)
	channel 21: errorDiffInfo3 (sparse)
	channel 22: errorDiffInfo4 (sparse)
	channel 23: errorDiffInfo5 (sparse)
	channel 24: errorDiffInfo6 (sparse)
	channel 25: errorDiffInfo7 (sparse)
	channel 26: errorDiffInfo8 (sparse)
	channel 27: errorDiffInfo9 (sparse)

SlaveReporter:  runs 15:52:23
slices [10, 60):
	channel 0: material (dense)
	channel 1: occupancy (dense)

PrintJobVoxelizer:  runs 15:52:23

PrintJobVoxelizer: setting up slices
PrintJobVoxelizer: rasterizing objects
PrintJobVoxelizer: creating rasterizer
PrintJobVoxelizer: rasterizing object 1
Rasterizer::rasterize:
	3 trials
	total = 1.35436 s
	mean  = 0.451453 s
	var   = 0.0964323 s^2, std = 0.310535 s
	min   = 0.194251 s
	max   = 0.796428 s


PrintJobVoxelizer: voxelizing objects
Object 1 ROI: [0 0 0] --> [1418 454 50]
GWNSampleFloodVoxelizer: number of samples: 374
GWNSampleFloodVoxelizer: samples evaluated
GWNSampleFloodVoxelizer: adaptive threshold = 0.498039
GWNSampleFloodVoxelizer: flooding complete
Voxelization: solid angle evaluations per voxel: 0.551056

GWNSampleFloodVoxelizer::voxelize:
	3 trials
	total = 5.76291 s
	mean  = 1.92097 s
	var   = 0.0154937 s^2, std = 0.124474 s
	min   = 1.79823 s
	max   = 2.0471 s

GWNSampleFloodVoxelizer::initIndicator:
	3 trials
	total = 0.539822 s
	mean  = 0.179941 s
	var   = 3.02761e-005 s^2, std = 0.00550237 s
	min   = 0.175999 s
	max   = 0.186227 s

GWNSampleFloodVoxelizer::selectSamples:
	3 trials
	total = 0.670131 s
	mean  = 0.223377 s
	var   = 2.54103e-006 s^2, std = 0.00159406 s
	min   = 0.222257 s
	max   = 0.225202 s

GWNSampleFloodVoxelizer::evaluateSamples:
	3 trials
	total = 0.452045 s
	mean  = 0.150682 s
	var   = 0.012795 s^2, std = 0.113115 s
	min   = 0.042476 s
	max   = 0.268138 s

GWNSampleFloodVoxelizer::flood:
	3 trials
	total = 3.97906 s
	mean  = 1.32635 s
	var   = 0.000117726 s^2, std = 0.0108502 s
	min   = 1.31669 s
	max   = 1.33809 s


PrintJobVoxelizer: finalizing surfaces
PrintJobVoxelizer: 276951 surface voxels
PrintJobVoxelizer: getting output subset
PrintJobVoxelizer: updating slice indices
TonalValueCalculator:  runs 15:52:26
slices [99, 149):
	channel 0: occupancy (dense)
	channel 1: opticalFeature (sparse)

SurfaceDistanceOrderedTransfer:  runs 15:52:26
slices [73, 149):
	channel 0: occupancy (dense)
	channel 1: surfaceDist (dense)

SurfaceDistanceOrderedTransfer: 73 99 123
LayerExtractor:  runs 15:52:27
slices [71, 123):
	channel 0: occupancy (dense)
	channel 1: surfaceDist (dense)
	channel 2: layer_000 (sparse)
	channel 3: layer_001 (sparse)
	channel 4: layer_002 (sparse)
	channel 5: layer_003 (sparse)
	channel 6: layer_004 (sparse)
	channel 7: layer_005 (sparse)
	channel 8: layer_006 (sparse)
	channel 9: layer_007 (sparse)

TonalLinearizer:  runs 15:52:27
slices [72, 122):
	channel 0: occupancy (dense)
	channel 1: surfaceDist (dense)
	channel 2: layer_000 (sparse)
	channel 3: layer_001 (sparse)
	channel 4: layer_002 (sparse)
	channel 5: layer_003 (sparse)
	channel 6: layer_004 (sparse)
	channel 7: layer_005 (sparse)
	channel 8: layer_006 (sparse)
	channel 9: layer_007 (sparse)

VectorLayerHalftoner: VectorLayerHalftoner error: no tonal values available

VectorLayerHalftoner:  runs 15:52:27
slices [60, 122):
	channel 0: occupancy (dense)
	channel 1: surfaceDist (dense)
	channel 2: layer_000 (sparse)
	channel 3: layer_001 (sparse)
	channel 4: layer_002 (sparse)
	channel 5: layer_003 (sparse)
	channel 6: layer_004 (sparse)
	channel 7: layer_005 (sparse)
	channel 8: layer_006 (sparse)
	channel 9: layer_007 (sparse)
	channel 10: intermedTonal_0 (sparse)
	channel 11: intermedTonal_1 (sparse)
	channel 12: intermedTonal_2 (sparse)
	channel 13: intermedTonal_3 (sparse)
	channel 14: intermedTonal_4 (sparse)
	channel 15: intermedTonal_5 (sparse)
	channel 16: intermedTonal_6 (sparse)
	channel 17: intermedTonal_7 (sparse)
	channel 18: quantizedTonal (sparse)
	channel 19: errorDiffInfo2 (sparse)
	channel 20: distanceToEmpty (sparse)
	channel 21: errorDiffInfo3 (sparse)
	channel 22: errorDiffInfo4 (sparse)
	channel 23: errorDiffInfo5 (sparse)
	channel 24: errorDiffInfo6 (sparse)
	channel 25: errorDiffInfo7 (sparse)
	channel 26: errorDiffInfo8 (sparse)
	channel 27: errorDiffInfo9 (sparse)

SlaveReporter:  runs 15:52:31
slices [60, 110):
	channel 0: material (dense)
	channel 1: occupancy (dense)

PrintJobVoxelizer:  runs 15:52:31

PrintJobVoxelizer: setting up slices
PrintJobVoxelizer: rasterizing objects
PrintJobVoxelizer: creating rasterizer
PrintJobVoxelizer: rasterizing object 1
Rasterizer::rasterize:
	4 trials
	total = 2.30713 s
	mean  = 0.576782 s
	var   = 0.127117 s^2, std = 0.356535 s
	min   = 0.194251 s
	max   = 0.952767 s


PrintJobVoxelizer: voxelizing objects
Object 1 ROI: [0 0 0] --> [1418 454 50]
GWNSampleFloodVoxelizer: number of samples: 498
GWNSampleFloodVoxelizer: samples evaluated
GWNSampleFloodVoxelizer: adaptive threshold = 0.498039
GWNSampleFloodVoxelizer: flooding complete
Voxelization: solid angle evaluations per voxel: 0.786576

GWNSampleFloodVoxelizer::voxelize:
	4 trials
	total = 7.98286 s
	mean  = 1.99572 s
	var   = 0.0326777 s^2, std = 0.18077 s
	min   = 1.79823 s
	max   = 2.21996 s

GWNSampleFloodVoxelizer::initIndicator:
	4 trials
	total = 0.716506 s
	mean  = 0.179126 s
	var   = 2.28355e-005 s^2, std = 0.00477865 s
	min   = 0.175999 s
	max   = 0.186227 s

GWNSampleFloodVoxelizer::selectSamples:
	4 trials
	total = 0.890188 s
	mean  = 0.222547 s
	var   = 4.44962e-006 s^2, std = 0.00210941 s
	min   = 0.220057 s
	max   = 0.225202 s

GWNSampleFloodVoxelizer::evaluateSamples:
	4 trials
	total = 0.838792 s
	mean  = 0.209698 s
	var   = 0.0224617 s^2, std = 0.149872 s
	min   = 0.042476 s
	max   = 0.386747 s

GWNSampleFloodVoxelizer::flood:
	4 trials
	total = 5.37345 s
	mean  = 1.34336 s
	var   = 0.00123597 s^2, std = 0.0351564 s
	min   = 1.31669 s
	max   = 1.3944 s


PrintJobVoxelizer: finalizing surfaces
PrintJobVoxelizer: 516721 surface voxels
PrintJobVoxelizer: getting output subset
PrintJobVoxelizer: updating slice indices
TonalValueCalculator:  runs 15:52:35
slices [149, 199):
	channel 0: occupancy (dense)
	channel 1: opticalFeature (sparse)

SurfaceDistanceOrderedTransfer:  runs 15:52:35
slices [123, 199):
	channel 0: occupancy (dense)
	channel 1: surfaceDist (dense)

SurfaceDistanceOrderedTransfer: 123 149 173
LayerExtractor:  runs 15:52:36
slices [121, 173):
	channel 0: occupancy (dense)
	channel 1: surfaceDist (dense)
	channel 2: layer_000 (sparse)
	channel 3: layer_001 (sparse)
	channel 4: layer_002 (sparse)
	channel 5: layer_003 (sparse)
	channel 6: layer_004 (sparse)
	channel 7: layer_005 (sparse)
	channel 8: layer_006 (sparse)
	channel 9: layer_007 (sparse)

TonalLinearizer:  runs 15:52:37
slices [122, 172):
	channel 0: occupancy (dense)
	channel 1: surfaceDist (dense)
	channel 2: layer_000 (sparse)
	channel 3: layer_001 (sparse)
	channel 4: layer_002 (sparse)
	channel 5: layer_003 (sparse)
	channel 6: layer_004 (sparse)
	channel 7: layer_005 (sparse)
	channel 8: layer_006 (sparse)
	channel 9: layer_007 (sparse)

VectorLayerHalftoner: VectorLayerHalftoner error: no tonal values available

VectorLayerHalftoner:  runs 15:52:37
slices [110, 172):
	channel 0: occupancy (dense)
	channel 1: surfaceDist (dense)
	channel 2: layer_000 (sparse)
	channel 3: layer_001 (sparse)
	channel 4: layer_002 (sparse)
	channel 5: layer_003 (sparse)
	channel 6: layer_004 (sparse)
	channel 7: layer_005 (sparse)
	channel 8: layer_006 (sparse)
	channel 9: layer_007 (sparse)
	channel 10: intermedTonal_0 (sparse)
	channel 11: intermedTonal_1 (sparse)
	channel 12: intermedTonal_2 (sparse)
	channel 13: intermedTonal_3 (sparse)
	channel 14: intermedTonal_4 (sparse)
	channel 15: intermedTonal_5 (sparse)
	channel 16: intermedTonal_6 (sparse)
	channel 17: intermedTonal_7 (sparse)
	channel 18: quantizedTonal (sparse)
	channel 19: errorDiffInfo2 (sparse)
	channel 20: distanceToEmpty (sparse)
	channel 21: errorDiffInfo3 (sparse)
	channel 22: errorDiffInfo4 (sparse)
	channel 23: errorDiffInfo5 (sparse)
	channel 24: errorDiffInfo6 (sparse)
	channel 25: errorDiffInfo7 (sparse)
	channel 26: errorDiffInfo8 (sparse)
	channel 27: errorDiffInfo9 (sparse)

SlaveReporter:  runs 15:52:43
slices [110, 160):
	channel 0: material (dense)
	channel 1: occupancy (dense)

PrintJobVoxelizer:  runs 15:52:43

PrintJobVoxelizer: setting up slices
PrintJobVoxelizer: rasterizing objects
PrintJobVoxelizer: creating rasterizer
PrintJobVoxelizer: rasterizing object 1
Rasterizer::rasterize:
	5 trials
	total = 3.19796 s
	mean  = 0.639591 s
	var   = 0.115063 s^2, std = 0.339209 s
	min   = 0.194251 s
	max   = 0.952767 s


PrintJobVoxelizer: voxelizing objects
Object 1 ROI: [0 0 0] --> [1418 454 50]
GWNSampleFloodVoxelizer: number of samples: 400
GWNSampleFloodVoxelizer: samples evaluated
GWNSampleFloodVoxelizer: adaptive threshold = 0.498039
GWNSampleFloodVoxelizer: flooding complete
Voxelization: solid angle evaluations per voxel: 0.603859

GWNSampleFloodVoxelizer::voxelize:
	5 trials
	total = 10.0735 s
	mean  = 2.0147 s
	var   = 0.0263097 s^2, std = 0.162203 s
	min   = 1.79823 s
	max   = 2.21996 s

GWNSampleFloodVoxelizer::initIndicator:
	5 trials
	total = 0.897541 s
	mean  = 0.179508 s
	var   = 1.78551e-005 s^2, std = 0.00422553 s
	min   = 0.175999 s
	max   = 0.186227 s

GWNSampleFloodVoxelizer::selectSamples:
	5 trials
	total = 1.11592 s
	mean  = 0.223183 s
	var   = 5.36224e-006 s^2, std = 0.00231565 s
	min   = 0.220057 s
	max   = 0.225729 s

GWNSampleFloodVoxelizer::evaluateSamples:
	5 trials
	total = 1.12586 s
	mean  = 0.225172 s
	var   = 0.0180435 s^2, std = 0.134326 s
	min   = 0.042476 s
	max   = 0.386747 s

GWNSampleFloodVoxelizer::flood:
	5 trials
	total = 6.72822 s
	mean  = 1.34564 s
	var   = 0.000952982 s^2, std = 0.0308704 s
	min   = 1.31669 s
	max   = 1.3944 s


PrintJobVoxelizer: finalizing surfaces
PrintJobVoxelizer: 747663 surface voxels
PrintJobVoxelizer: getting output subset
PrintJobVoxelizer: updating slice indices
TonalValueCalculator:  runs 15:52:46
slices [199, 249):
	channel 0: occupancy (dense)
	channel 1: opticalFeature (sparse)

SurfaceDistanceOrderedTransfer:  runs 15:52:46
slices [173, 249):
	channel 0: occupancy (dense)
	channel 1: surfaceDist (dense)

SurfaceDistanceOrderedTransfer: 173 199 223
LayerExtractor:  runs 15:52:47
slices [171, 223):
	channel 0: occupancy (dense)
	channel 1: surfaceDist (dense)
	channel 2: layer_000 (sparse)
	channel 3: layer_001 (sparse)
	channel 4: layer_002 (sparse)
	channel 5: layer_003 (sparse)
	channel 6: layer_004 (sparse)
	channel 7: layer_005 (sparse)
	channel 8: layer_006 (sparse)
	channel 9: layer_007 (sparse)

TonalLinearizer:  runs 15:52:48
slices [172, 222):
	channel 0: occupancy (dense)
	channel 1: surfaceDist (dense)
	channel 2: layer_000 (sparse)
	channel 3: layer_001 (sparse)
	channel 4: layer_002 (sparse)
	channel 5: layer_003 (sparse)
	channel 6: layer_004 (sparse)
	channel 7: layer_005 (sparse)
	channel 8: layer_006 (sparse)
	channel 9: layer_007 (sparse)

VectorLayerHalftoner: VectorLayerHalftoner error: no tonal values available

VectorLayerHalftoner:  runs 15:52:48
slices [160, 222):
	channel 0: occupancy (dense)
	channel 1: surfaceDist (dense)
	channel 2: layer_000 (sparse)
	channel 3: layer_001 (sparse)
	channel 4: layer_002 (sparse)
	channel 5: layer_003 (sparse)
	channel 6: layer_004 (sparse)
	channel 7: layer_005 (sparse)
	channel 8: layer_006 (sparse)
	channel 9: layer_007 (sparse)
	channel 10: intermedTonal_0 (sparse)
	channel 11: intermedTonal_1 (sparse)
	channel 12: intermedTonal_2 (sparse)
	channel 13: intermedTonal_3 (sparse)
	channel 14: intermedTonal_4 (sparse)
	channel 15: intermedTonal_5 (sparse)
	channel 16: intermedTonal_6 (sparse)
	channel 17: intermedTonal_7 (sparse)
	channel 18: quantizedTonal (sparse)
	channel 19: errorDiffInfo2 (sparse)
	channel 20: distanceToEmpty (sparse)
	channel 21: errorDiffInfo3 (sparse)
	channel 22: errorDiffInfo4 (sparse)
	channel 23: errorDiffInfo5 (sparse)
	channel 24: errorDiffInfo6 (sparse)
	channel 25: errorDiffInfo7 (sparse)
	channel 26: errorDiffInfo8 (sparse)
	channel 27: errorDiffInfo9 (sparse)

SlaveReporter:  runs 15:52:55
slices [160, 210):
	channel 0: material (dense)
	channel 1: occupancy (dense)

PrintJobVoxelizer:  runs 15:52:55

PrintJobVoxelizer: setting up slices
PrintJobVoxelizer: rasterizing objects
PrintJobVoxelizer: creating rasterizer
PrintJobVoxelizer: rasterizing object 1
Rasterizer::rasterize:
	6 trials
	total = 4.05309 s
	mean  = 0.675516 s
	var   = 0.0997938 s^2, std = 0.315902 s
	min   = 0.194251 s
	max   = 0.952767 s


PrintJobVoxelizer: voxelizing objects
Object 1 ROI: [0 0 0] --> [1418 454 50]
GWNSampleFloodVoxelizer: number of samples: 335
GWNSampleFloodVoxelizer: samples evaluated
GWNSampleFloodVoxelizer: adaptive threshold = 0.498039
GWNSampleFloodVoxelizer: flooding complete
Voxelization: solid angle evaluations per voxel: 0.466293

GWNSampleFloodVoxelizer::voxelize:
	6 trials
	total = 12.0555 s
	mean  = 2.00925 s
	var   = 0.0212257 s^2, std = 0.14569 s
	min   = 1.79823 s
	max   = 2.21996 s

GWNSampleFloodVoxelizer::initIndicator:
	6 trials
	total = 1.07335 s
	mean  = 0.178891 s
	var   = 1.65672e-005 s^2, std = 0.00407029 s
	min   = 0.175807 s
	max   = 0.186227 s

GWNSampleFloodVoxelizer::selectSamples:
	6 trials
	total = 1.33831 s
	mean  = 0.223052 s
	var   = 4.39339e-006 s^2, std = 0.00209604 s
	min   = 0.220057 s
	max   = 0.225729 s

GWNSampleFloodVoxelizer::evaluateSamples:
	6 trials
	total = 1.35658 s
	mean  = 0.226096 s
	var   = 0.0144399 s^2, std = 0.120166 s
	min   = 0.042476 s
	max   = 0.386747 s

GWNSampleFloodVoxelizer::flood:
	6 trials
	total = 8.03731 s
	mean  = 1.33955 s
	var   = 0.000985058 s^2, std = 0.0313856 s
	min   = 1.30909 s
	max   = 1.3944 s


PrintJobVoxelizer: finalizing surfaces
PrintJobVoxelizer: 970990 surface voxels
PrintJobVoxelizer: getting output subset
PrintJobVoxelizer: updating slice indices
TonalValueCalculator:  runs 15:52:58
slices [249, 299):
	channel 0: occupancy (dense)
	channel 1: opticalFeature (sparse)

SurfaceDistanceOrderedTransfer:  runs 15:52:58
slices [223, 299):
	channel 0: occupancy (dense)
	channel 1: surfaceDist (dense)

SurfaceDistanceOrderedTransfer: 223 249 273
LayerExtractor:  runs 15:52:59
slices [221, 273):
	channel 0: occupancy (dense)
	channel 1: surfaceDist (dense)
	channel 2: layer_000 (sparse)
	channel 3: layer_001 (sparse)
	channel 4: layer_002 (sparse)
	channel 5: layer_003 (sparse)
	channel 6: layer_004 (sparse)
	channel 7: layer_005 (sparse)
	channel 8: layer_006 (sparse)
	channel 9: layer_007 (sparse)

TonalLinearizer:  runs 15:53:0
slices [222, 272):
	channel 0: occupancy (dense)
	channel 1: surfaceDist (dense)
	channel 2: layer_000 (sparse)
	channel 3: layer_001 (sparse)
	channel 4: layer_002 (sparse)
	channel 5: layer_003 (sparse)
	channel 6: layer_004 (sparse)
	channel 7: layer_005 (sparse)
	channel 8: layer_006 (sparse)
	channel 9: layer_007 (sparse)

VectorLayerHalftoner: VectorLayerHalftoner error: no tonal values available

VectorLayerHalftoner:  runs 15:53:0
slices [210, 272):
	channel 0: occupancy (dense)
	channel 1: surfaceDist (dense)
	channel 2: layer_000 (sparse)
	channel 3: layer_001 (sparse)
	channel 4: layer_002 (sparse)
	channel 5: layer_003 (sparse)
	channel 6: layer_004 (sparse)
	channel 7: layer_005 (sparse)
	channel 8: layer_006 (sparse)
	channel 9: layer_007 (sparse)
	channel 10: intermedTonal_0 (sparse)
	channel 11: intermedTonal_1 (sparse)
	channel 12: intermedTonal_2 (sparse)
	channel 13: intermedTonal_3 (sparse)
	channel 14: intermedTonal_4 (sparse)
	channel 15: intermedTonal_5 (sparse)
	channel 16: intermedTonal_6 (sparse)
	channel 17: intermedTonal_7 (sparse)
	channel 18: quantizedTonal (sparse)
	channel 19: errorDiffInfo2 (sparse)
	channel 20: distanceToEmpty (sparse)
	channel 21: errorDiffInfo3 (sparse)
	channel 22: errorDiffInfo4 (sparse)
	channel 23: errorDiffInfo5 (sparse)
	channel 24: errorDiffInfo6 (sparse)
	channel 25: errorDiffInfo7 (sparse)
	channel 26: errorDiffInfo8 (sparse)
	channel 27: errorDiffInfo9 (sparse)

SlaveReporter:  runs 15:53:7
slices [210, 260):
	channel 0: material (dense)
	channel 1: occupancy (dense)

PrintJobVoxelizer:  runs 15:53:7

PrintJobVoxelizer: setting up slices
PrintJobVoxelizer: rasterizing objects
PrintJobVoxelizer: creating rasterizer
PrintJobVoxelizer: rasterizing object 1
Rasterizer::rasterize:
	7 trials
	total = 4.84837 s
	mean  = 0.692624 s
	var   = 0.0852102 s^2, std = 0.291908 s
	min   = 0.194251 s
	max   = 0.952767 s


PrintJobVoxelizer: voxelizing objects
Object 1 ROI: [0 0 0] --> [1418 454 50]
GWNSampleFloodVoxelizer: number of samples: 329
GWNSampleFloodVoxelizer: samples evaluated
GWNSampleFloodVoxelizer: adaptive threshold = 0.498039
GWNSampleFloodVoxelizer: flooding complete
Voxelization: solid angle evaluations per voxel: 0.46429

GWNSampleFloodVoxelizer::voxelize:
	7 trials
	total = 14.1123 s
	mean  = 2.01604 s
	var   = 0.0180106 s^2, std = 0.134204 s
	min   = 1.79823 s
	max   = 2.21996 s

GWNSampleFloodVoxelizer::initIndicator:
	7 trials
	total = 1.25812 s
	mean  = 0.179731 s
	var   = 1.87464e-005 s^2, std = 0.00432971 s
	min   = 0.175807 s
	max   = 0.186227 s

GWNSampleFloodVoxelizer::selectSamples:
	7 trials
	total = 1.5632 s
	mean  = 0.223314 s
	var   = 4.14271e-006 s^2, std = 0.00203537 s
	min   = 0.220057 s
	max   = 0.225729 s

GWNSampleFloodVoxelizer::evaluateSamples:
	7 trials
	total = 1.58535 s
	mean  = 0.226479 s
	var   = 0.0120343 s^2, std = 0.109701 s
	min   = 0.042476 s
	max   = 0.386747 s

GWNSampleFloodVoxelizer::flood:
	7 trials
	total = 9.40318 s
	mean  = 1.34331 s
	var   = 0.000919838 s^2, std = 0.0303288 s
	min   = 1.30909 s
	max   = 1.3944 s


PrintJobVoxelizer: finalizing surfaces
PrintJobVoxelizer: 1190837 surface voxels
PrintJobVoxelizer: getting output subset
PrintJobVoxelizer: updating slice indices
TonalValueCalculator:  runs 15:53:10
slices [299, 349):
	channel 0: occupancy (dense)
	channel 1: opticalFeature (sparse)

SurfaceDistanceOrderedTransfer:  runs 15:53:10
slices [273, 349):
	channel 0: occupancy (dense)
	channel 1: surfaceDist (dense)

SurfaceDistanceOrderedTransfer: 273 299 323
LayerExtractor:  runs 15:53:11
slices [271, 323):
	channel 0: occupancy (dense)
	channel 1: surfaceDist (dense)
	channel 2: layer_000 (sparse)
	channel 3: layer_001 (sparse)
	channel 4: layer_002 (sparse)
	channel 5: layer_003 (sparse)
	channel 6: layer_004 (sparse)
	channel 7: layer_005 (sparse)
	channel 8: layer_006 (sparse)
	channel 9: layer_007 (sparse)

TonalLinearizer:  runs 15:53:12
slices [272, 322):
	channel 0: occupancy (dense)
	channel 1: surfaceDist (dense)
	channel 2: layer_000 (sparse)
	channel 3: layer_001 (sparse)
	channel 4: layer_002 (sparse)
	channel 5: layer_003 (sparse)
	channel 6: layer_004 (sparse)
	channel 7: layer_005 (sparse)
	channel 8: layer_006 (sparse)
	channel 9: layer_007 (sparse)

VectorLayerHalftoner: VectorLayerHalftoner error: no tonal values available

VectorLayerHalftoner:  runs 15:53:12
slices [260, 322):
	channel 0: occupancy (dense)
	channel 1: surfaceDist (dense)
	channel 2: layer_000 (sparse)
	channel 3: layer_001 (sparse)
	channel 4: layer_002 (sparse)
	channel 5: layer_003 (sparse)
	channel 6: layer_004 (sparse)
	channel 7: layer_005 (sparse)
	channel 8: layer_006 (sparse)
	channel 9: layer_007 (sparse)
	channel 10: intermedTonal_0 (sparse)
	channel 11: intermedTonal_1 (sparse)
	channel 12: intermedTonal_2 (sparse)
	channel 13: intermedTonal_3 (sparse)
	channel 14: intermedTonal_4 (sparse)
	channel 15: intermedTonal_5 (sparse)
	channel 16: intermedTonal_6 (sparse)
	channel 17: intermedTonal_7 (sparse)
	channel 18: quantizedTonal (sparse)
	channel 19: errorDiffInfo2 (sparse)
	channel 20: distanceToEmpty (sparse)
	channel 21: errorDiffInfo3 (sparse)
	channel 22: errorDiffInfo4 (sparse)
	channel 23: errorDiffInfo5 (sparse)
	channel 24: errorDiffInfo6 (sparse)
	channel 25: errorDiffInfo7 (sparse)
	channel 26: errorDiffInfo8 (sparse)
	channel 27: errorDiffInfo9 (sparse)

SlaveReporter:  runs 15:53:19
slices [260, 310):
	channel 0: material (dense)
	channel 1: occupancy (dense)

PrintJobVoxelizer:  runs 15:53:27

PrintJobVoxelizer: setting up slices
PrintJobVoxelizer: rasterizing objects
PrintJobVoxelizer: creating rasterizer
PrintJobVoxelizer: rasterizing object 1
Rasterizer::rasterize:
	8 trials
	total = 5.60097 s
	mean  = 0.700121 s
	var   = 0.073487 s^2, std = 0.271085 s
	min   = 0.194251 s
	max   = 0.952767 s


PrintJobVoxelizer: voxelizing objects
Object 1 ROI: [0 0 0] --> [1418 454 50]
GWNSampleFloodVoxelizer: number of samples: 300
GWNSampleFloodVoxelizer: samples evaluated
GWNSampleFloodVoxelizer: adaptive threshold = 0.498039
GWNSampleFloodVoxelizer: flooding complete
Voxelization: solid angle evaluations per voxel: 0.379892

GWNSampleFloodVoxelizer::voxelize:
	8 trials
	total = 16.0186 s
	mean  = 2.00232 s
	var   = 0.0169436 s^2, std = 0.130168 s
	min   = 1.79823 s
	max   = 2.21996 s

GWNSampleFloodVoxelizer::initIndicator:
	8 trials
	total = 1.43718 s
	mean  = 0.179647 s
	var   = 1.61253e-005 s^2, std = 0.00401564 s
	min   = 0.175807 s
	max   = 0.186227 s

GWNSampleFloodVoxelizer::selectSamples:
	8 trials
	total = 1.78708 s
	mean  = 0.223385 s
	var   = 3.59076e-006 s^2, std = 0.00189493 s
	min   = 0.220057 s
	max   = 0.225729 s

GWNSampleFloodVoxelizer::evaluateSamples:
	8 trials
	total = 1.75975 s
	mean  = 0.219969 s
	var   = 0.0106541 s^2, std = 0.103219 s
	min   = 0.042476 s
	max   = 0.386747 s

GWNSampleFloodVoxelizer::flood:
	8 trials
	total = 10.6821 s
	mean  = 1.33526 s
	var   = 0.00130709 s^2, std = 0.0361537 s
	min   = 1.2789 s
	max   = 1.3944 s


PrintJobVoxelizer: finalizing surfaces
PrintJobVoxelizer: 1408270 surface voxels
PrintJobVoxelizer: getting output subset
PrintJobVoxelizer: updating slice indices
TonalValueCalculator:  runs 15:53:30
slices [349, 399):
	channel 0: occupancy (dense)
	channel 1: opticalFeature (sparse)

SurfaceDistanceOrderedTransfer:  runs 15:53:30
slices [323, 399):
	channel 0: occupancy (dense)
	channel 1: surfaceDist (dense)

SurfaceDistanceOrderedTransfer: 323 349 373
LayerExtractor:  runs 15:53:31
slices [321, 373):
	channel 0: occupancy (dense)
	channel 1: surfaceDist (dense)
	channel 2: layer_000 (sparse)
	channel 3: layer_001 (sparse)
	channel 4: layer_002 (sparse)
	channel 5: layer_003 (sparse)
	channel 6: layer_004 (sparse)
	channel 7: layer_005 (sparse)
	channel 8: layer_006 (sparse)
	channel 9: layer_007 (sparse)

TonalLinearizer:  runs 15:53:32
slices [322, 372):
	channel 0: occupancy (dense)
	channel 1: surfaceDist (dense)
	channel 2: layer_000 (sparse)
	channel 3: layer_001 (sparse)
	channel 4: layer_002 (sparse)
	channel 5: layer_003 (sparse)
	channel 6: layer_004 (sparse)
	channel 7: layer_005 (sparse)
	channel 8: layer_006 (sparse)
	channel 9: layer_007 (sparse)

VectorLayerHalftoner: VectorLayerHalftoner error: no tonal values available

VectorLayerHalftoner:  runs 15:53:32
slices [310, 372):
	channel 0: occupancy (dense)
	channel 1: surfaceDist (dense)
	channel 2: layer_000 (sparse)
	channel 3: layer_001 (sparse)
	channel 4: layer_002 (sparse)
	channel 5: layer_003 (sparse)
	channel 6: layer_004 (sparse)
	channel 7: layer_005 (sparse)
	channel 8: layer_006 (sparse)
	channel 9: layer_007 (sparse)
	channel 10: intermedTonal_0 (sparse)
	channel 11: intermedTonal_1 (sparse)
	channel 12: intermedTonal_2 (sparse)
	channel 13: intermedTonal_3 (sparse)
	channel 14: intermedTonal_4 (sparse)
	channel 15: intermedTonal_5 (sparse)
	channel 16: intermedTonal_6 (sparse)
	channel 17: intermedTonal_7 (sparse)
	channel 18: quantizedTonal (sparse)
	channel 19: errorDiffInfo2 (sparse)
	channel 20: distanceToEmpty (sparse)
	channel 21: errorDiffInfo3 (sparse)
	channel 22: errorDiffInfo4 (sparse)
	channel 23: errorDiffInfo5 (sparse)
	channel 24: errorDiffInfo6 (sparse)
	channel 25: errorDiffInfo7 (sparse)
	channel 26: errorDiffInfo8 (sparse)
	channel 27: errorDiffInfo9 (sparse)

SlaveReporter:  runs 15:53:39
slices [310, 360):
	channel 0: material (dense)
	channel 1: occupancy (dense)

PrintJobVoxelizer:  runs 15:53:48

PrintJobVoxelizer: setting up slices
PrintJobVoxelizer: rasterizing objects
PrintJobVoxelizer: creating rasterizer
PrintJobVoxelizer: rasterizing object 1
Rasterizer::rasterize:
	9 trials
	total = 6.37384 s
	mean  = 0.708205 s
	var   = 0.0648893 s^2, std = 0.254734 s
	min   = 0.194251 s
	max   = 0.952767 s


PrintJobVoxelizer: voxelizing objects
Object 1 ROI: [0 0 0] --> [1418 454 50]
GWNSampleFloodVoxelizer: number of samples: 300
GWNSampleFloodVoxelizer: samples evaluated
GWNSampleFloodVoxelizer: adaptive threshold = 0.498039
GWNSampleFloodVoxelizer: flooding complete
Voxelization: solid angle evaluations per voxel: 0.395358

GWNSampleFloodVoxelizer::voxelize:
	9 trials
	total = 17.9479 s
	mean  = 1.99421 s
	var   = 0.0154181 s^2, std = 0.124169 s
	min   = 1.79823 s
	max   = 2.21996 s

GWNSampleFloodVoxelizer::initIndicator:
	9 trials
	total = 1.63762 s
	mean  = 0.181957 s
	var   = 6.21438e-005 s^2, std = 0.00788313 s
	min   = 0.175807 s
	max   = 0.200439 s

GWNSampleFloodVoxelizer::selectSamples:
	9 trials
	total = 2.01348 s
	mean  = 0.223721 s
	var   = 4.15605e-006 s^2, std = 0.00203864 s
	min   = 0.220057 s
	max   = 0.226406 s

GWNSampleFloodVoxelizer::evaluateSamples:
	9 trials
	total = 1.93836 s
	mean  = 0.215374 s
	var   = 0.00951241 s^2, std = 0.0975316 s
	min   = 0.042476 s
	max   = 0.386747 s

GWNSampleFloodVoxelizer::flood:
	9 trials
	total = 11.9595 s
	mean  = 1.32883 s
	var   = 0.00151596 s^2, std = 0.0389353 s
	min   = 1.27738 s
	max   = 1.3944 s


PrintJobVoxelizer: finalizing surfaces
PrintJobVoxelizer: 1623017 surface voxels
PrintJobVoxelizer: getting output subset
PrintJobVoxelizer: updating slice indices
TonalValueCalculator:  runs 15:53:51
slices [399, 449):
	channel 0: occupancy (dense)
	channel 1: opticalFeature (sparse)

SurfaceDistanceOrderedTransfer:  runs 15:53:51
slices [373, 449):
	channel 0: occupancy (dense)
	channel 1: surfaceDist (dense)

SurfaceDistanceOrderedTransfer: 373 399 423
LayerExtractor:  runs 15:53:52
slices [371, 423):
	channel 0: occupancy (dense)
	channel 1: surfaceDist (dense)
	channel 2: layer_000 (sparse)
	channel 3: layer_001 (sparse)
	channel 4: layer_002 (sparse)
	channel 5: layer_003 (sparse)
	channel 6: layer_004 (sparse)
	channel 7: layer_005 (sparse)
	channel 8: layer_006 (sparse)
	channel 9: layer_007 (sparse)

TonalLinearizer:  runs 15:53:52
slices [372, 422):
	channel 0: occupancy (dense)
	channel 1: surfaceDist (dense)
	channel 2: layer_000 (sparse)
	channel 3: layer_001 (sparse)
	channel 4: layer_002 (sparse)
	channel 5: layer_003 (sparse)
	channel 6: layer_004 (sparse)
	channel 7: layer_005 (sparse)
	channel 8: layer_006 (sparse)
	channel 9: layer_007 (sparse)

VectorLayerHalftoner: VectorLayerHalftoner error: no tonal values available

VectorLayerHalftoner:  runs 15:53:53
slices [360, 422):
	channel 0: occupancy (dense)
	channel 1: surfaceDist (dense)
	channel 2: layer_000 (sparse)
	channel 3: layer_001 (sparse)
	channel 4: layer_002 (sparse)
	channel 5: layer_003 (sparse)
	channel 6: layer_004 (sparse)
	channel 7: layer_005 (sparse)
	channel 8: layer_006 (sparse)
	channel 9: layer_007 (sparse)
	channel 10: intermedTonal_0 (sparse)
	channel 11: intermedTonal_1 (sparse)
	channel 12: intermedTonal_2 (sparse)
	channel 13: intermedTonal_3 (sparse)
	channel 14: intermedTonal_4 (sparse)
	channel 15: intermedTonal_5 (sparse)
	channel 16: intermedTonal_6 (sparse)
	channel 17: intermedTonal_7 (sparse)
	channel 18: quantizedTonal (sparse)
	channel 19: errorDiffInfo2 (sparse)
	channel 20: distanceToEmpty (sparse)
	channel 21: errorDiffInfo3 (sparse)
	channel 22: errorDiffInfo4 (sparse)
	channel 23: errorDiffInfo5 (sparse)
	channel 24: errorDiffInfo6 (sparse)
	channel 25: errorDiffInfo7 (sparse)
	channel 26: errorDiffInfo8 (sparse)
	channel 27: errorDiffInfo9 (sparse)

SlaveReporter:  runs 15:53:59
slices [360, 410):
	channel 0: material (dense)
	channel 1: occupancy (dense)

PrintJobVoxelizer:  runs 15:54:8

PrintJobVoxelizer: setting up slices
PrintJobVoxelizer: rasterizing objects
PrintJobVoxelizer: creating rasterizer
PrintJobVoxelizer: rasterizing object 1
Rasterizer::rasterize:
	10 trials
	total = 7.12613 s
	mean  = 0.712613 s
	var   = 0.0578737 s^2, std = 0.24057 s
	min   = 0.194251 s
	max   = 0.952767 s


PrintJobVoxelizer: voxelizing objects
Object 1 ROI: [0 0 0] --> [1418 454 50]
GWNSampleFloodVoxelizer: number of samples: 317
GWNSampleFloodVoxelizer: samples evaluated
GWNSampleFloodVoxelizer: adaptive threshold = 0.498039
GWNSampleFloodVoxelizer: flooding complete
Voxelization: solid angle evaluations per voxel: 0.40743

GWNSampleFloodVoxelizer::voxelize:
	10 trials
	total = 19.8977 s
	mean  = 1.98977 s
	var   = 0.0139018 s^2, std = 0.117906 s
	min   = 1.79823 s
	max   = 2.21996 s

GWNSampleFloodVoxelizer::initIndicator:
	10 trials
	total = 1.81464 s
	mean  = 0.181464 s
	var   = 5.76687e-005 s^2, std = 0.00759399 s
	min   = 0.175807 s
	max   = 0.200439 s

GWNSampleFloodVoxelizer::selectSamples:
	10 trials
	total = 2.23529 s
	mean  = 0.223529 s
	var   = 4.06005e-006 s^2, std = 0.00201496 s
	min   = 0.220057 s
	max   = 0.226406 s

GWNSampleFloodVoxelizer::evaluateSamples:
	10 trials
	total = 2.13109 s
	mean  = 0.213109 s
	var   = 0.00850674 s^2, std = 0.092232 s
	min   = 0.042476 s
	max   = 0.386747 s

GWNSampleFloodVoxelizer::flood:
	10 trials
	total = 13.2697 s
	mean  = 1.32697 s
	var   = 0.00138216 s^2, std = 0.0371775 s
	min   = 1.27738 s
	max   = 1.3944 s


PrintJobVoxelizer: finalizing surfaces
PrintJobVoxelizer: 1846893 surface voxels
PrintJobVoxelizer: getting output subset
PrintJobVoxelizer: updating slice indices
TonalValueCalculator:  runs 15:54:10
slices [449, 499):
	channel 0: occupancy (dense)
	channel 1: opticalFeature (sparse)

SurfaceDistanceOrderedTransfer:  runs 15:54:11
slices [423, 499):
	channel 0: occupancy (dense)
	channel 1: surfaceDist (dense)

SurfaceDistanceOrderedTransfer: 423 449 473
LayerExtractor:  runs 15:54:11
slices [421, 473):
	channel 0: occupancy (dense)
	channel 1: surfaceDist (dense)
	channel 2: layer_000 (sparse)
	channel 3: layer_001 (sparse)
	channel 4: layer_002 (sparse)
	channel 5: layer_003 (sparse)
	channel 6: layer_004 (sparse)
	channel 7: layer_005 (sparse)
	channel 8: layer_006 (sparse)
	channel 9: layer_007 (sparse)

TonalLinearizer:  runs 15:54:12
slices [422, 472):
	channel 0: occupancy (dense)
	channel 1: surfaceDist (dense)
	channel 2: layer_000 (sparse)
	channel 3: layer_001 (sparse)
	channel 4: layer_002 (sparse)
	channel 5: layer_003 (sparse)
	channel 6: layer_004 (sparse)
	channel 7: layer_005 (sparse)
	channel 8: layer_006 (sparse)
	channel 9: layer_007 (sparse)

VectorLayerHalftoner: VectorLayerHalftoner error: no tonal values available

VectorLayerHalftoner:  runs 15:54:13
slices [410, 472):
	channel 0: occupancy (dense)
	channel 1: surfaceDist (dense)
	channel 2: layer_000 (sparse)
	channel 3: layer_001 (sparse)
	channel 4: layer_002 (sparse)
	channel 5: layer_003 (sparse)
	channel 6: layer_004 (sparse)
	channel 7: layer_005 (sparse)
	channel 8: layer_006 (sparse)
	channel 9: layer_007 (sparse)
	channel 10: intermedTonal_0 (sparse)
	channel 11: intermedTonal_1 (sparse)
	channel 12: intermedTonal_2 (sparse)
	channel 13: intermedTonal_3 (sparse)
	channel 14: intermedTonal_4 (sparse)
	channel 15: intermedTonal_5 (sparse)
	channel 16: intermedTonal_6 (sparse)
	channel 17: intermedTonal_7 (sparse)
	channel 18: quantizedTonal (sparse)
	channel 19: errorDiffInfo2 (sparse)
	channel 20: distanceToEmpty (sparse)
	channel 21: errorDiffInfo3 (sparse)
	channel 22: errorDiffInfo4 (sparse)
	channel 23: errorDiffInfo5 (sparse)
	channel 24: errorDiffInfo6 (sparse)
	channel 25: errorDiffInfo7 (sparse)
	channel 26: errorDiffInfo8 (sparse)
	channel 27: errorDiffInfo9 (sparse)

SlaveReporter:  runs 15:54:19
slices [410, 460):
	channel 0: material (dense)
	channel 1: occupancy (dense)

PrintJobVoxelizer:  runs 15:54:28

PrintJobVoxelizer: setting up slices
PrintJobVoxelizer: rasterizing objects
PrintJobVoxelizer: creating rasterizer
PrintJobVoxelizer: rasterizing object 1
Rasterizer::rasterize:
	11 trials
	total = 7.84355 s
	mean  = 0.71305 s
	var   = 0.0520884 s^2, std = 0.228229 s
	min   = 0.194251 s
	max   = 0.952767 s


PrintJobVoxelizer: voxelizing objects
Object 1 ROI: [0 0 0] --> [1418 454 50]
GWNSampleFloodVoxelizer: number of samples: 291
GWNSampleFloodVoxelizer: samples evaluated
GWNSampleFloodVoxelizer: adaptive threshold = 0.498039
GWNSampleFloodVoxelizer: flooding complete
Voxelization: solid angle evaluations per voxel: 0.382772

GWNSampleFloodVoxelizer::voxelize:
	11 trials
	total = 21.8914 s
	mean  = 1.99012 s
	var   = 0.012513 s^2, std = 0.111861 s
	min   = 1.79823 s
	max   = 2.21996 s

GWNSampleFloodVoxelizer::initIndicator:
	11 trials
	total = 2.01503 s
	mean  = 0.183185 s
	var   = 8.44535e-005 s^2, std = 0.00918986 s
	min   = 0.175807 s
	max   = 0.200439 s

GWNSampleFloodVoxelizer::selectSamples:
	11 trials
	total = 2.45903 s
	mean  = 0.223548 s
	var   = 3.65789e-006 s^2, std = 0.00191256 s
	min   = 0.220057 s
	max   = 0.226406 s

GWNSampleFloodVoxelizer::evaluateSamples:
	11 trials
	total = 2.32706 s
	mean  = 0.211551 s
	var   = 0.0076828 s^2, std = 0.0876516 s
	min   = 0.042476 s
	max   = 0.386747 s

GWNSampleFloodVoxelizer::flood:
	11 trials
	total = 14.5959 s
	mean  = 1.3269 s
	var   = 0.001244 s^2, std = 0.0352703 s
	min   = 1.27738 s
	max   = 1.3944 s


PrintJobVoxelizer: finalizing surfaces
PrintJobVoxelizer: 2061069 surface voxels
PrintJobVoxelizer: getting output subset
PrintJobVoxelizer: updating slice indices
TonalValueCalculator:  runs 15:54:31
slices [499, 549):
	channel 0: occupancy (dense)
	channel 1: opticalFeature (sparse)

SurfaceDistanceOrderedTransfer:  runs 15:54:31
slices [473, 549):
	channel 0: occupancy (dense)
	channel 1: surfaceDist (dense)

SurfaceDistanceOrderedTransfer: 473 499 523
LayerExtractor:  runs 15:54:32
slices [471, 523):
	channel 0: occupancy (dense)
	channel 1: surfaceDist (dense)
	channel 2: layer_000 (sparse)
	channel 3: layer_001 (sparse)
	channel 4: layer_002 (sparse)
	channel 5: layer_003 (sparse)
	channel 6: layer_004 (sparse)
	channel 7: layer_005 (sparse)
	channel 8: layer_006 (sparse)
	channel 9: layer_007 (sparse)

TonalLinearizer:  runs 15:54:33
slices [472, 522):
	channel 0: occupancy (dense)
	channel 1: surfaceDist (dense)
	channel 2: layer_000 (sparse)
	channel 3: layer_001 (sparse)
	channel 4: layer_002 (sparse)
	channel 5: layer_003 (sparse)
	channel 6: layer_004 (sparse)
	channel 7: layer_005 (sparse)
	channel 8: layer_006 (sparse)
	channel 9: layer_007 (sparse)

VectorLayerHalftoner: VectorLayerHalftoner error: no tonal values available

VectorLayerHalftoner:  runs 15:54:33
slices [460, 522):
	channel 0: occupancy (dense)
	channel 1: surfaceDist (dense)
	channel 2: layer_000 (sparse)
	channel 3: layer_001 (sparse)
	channel 4: layer_002 (sparse)
	channel 5: layer_003 (sparse)
	channel 6: layer_004 (sparse)
	channel 7: layer_005 (sparse)
	channel 8: layer_006 (sparse)
	channel 9: layer_007 (sparse)
	channel 10: intermedTonal_0 (sparse)
	channel 11: intermedTonal_1 (sparse)
	channel 12: intermedTonal_2 (sparse)
	channel 13: intermedTonal_3 (sparse)
	channel 14: intermedTonal_4 (sparse)
	channel 15: intermedTonal_5 (sparse)
	channel 16: intermedTonal_6 (sparse)
	channel 17: intermedTonal_7 (sparse)
	channel 18: quantizedTonal (sparse)
	channel 19: errorDiffInfo2 (sparse)
	channel 20: distanceToEmpty (sparse)
	channel 21: errorDiffInfo3 (sparse)
	channel 22: errorDiffInfo4 (sparse)
	channel 23: errorDiffInfo5 (sparse)
	channel 24: errorDiffInfo6 (sparse)
	channel 25: errorDiffInfo7 (sparse)
	channel 26: errorDiffInfo8 (sparse)
	channel 27: errorDiffInfo9 (sparse)

SlaveReporter:  runs 15:54:40
slices [460, 510):
	channel 0: material (dense)
	channel 1: occupancy (dense)

PrintJobVoxelizer:  runs 15:54:47

PrintJobVoxelizer: setting up slices
PrintJobVoxelizer: rasterizing objects
PrintJobVoxelizer: creating rasterizer
PrintJobVoxelizer: rasterizing object 1
Rasterizer::rasterize:
	12 trials
	total = 8.56798 s
	mean  = 0.713999 s
	var   = 0.0473639 s^2, std = 0.217633 s
	min   = 0.194251 s
	max   = 0.952767 s


PrintJobVoxelizer: voxelizing objects
Object 1 ROI: [0 0 0] --> [1418 454 50]
GWNSampleFloodVoxelizer: number of samples: 297
GWNSampleFloodVoxelizer: samples evaluated
GWNSampleFloodVoxelizer: adaptive threshold = 0.498039
GWNSampleFloodVoxelizer: flooding complete
Voxelization: solid angle evaluations per voxel: 0.362786

GWNSampleFloodVoxelizer::voxelize:
	12 trials
	total = 23.9194 s
	mean  = 1.99329 s
	var   = 0.0114955 s^2, std = 0.107217 s
	min   = 1.79823 s
	max   = 2.21996 s

GWNSampleFloodVoxelizer::initIndicator:
	12 trials
	total = 2.20188 s
	mean  = 0.18349 s
	var   = 7.78943e-005 s^2, std = 0.00882577 s
	min   = 0.175807 s
	max   = 0.200439 s

GWNSampleFloodVoxelizer::selectSamples:
	12 trials
	total = 2.68625 s
	mean  = 0.223854 s
	var   = 4.45082e-006 s^2, std = 0.0021097 s
	min   = 0.220057 s
	max   = 0.227223 s

GWNSampleFloodVoxelizer::evaluateSamples:
	12 trials
	total = 2.49131 s
	mean  = 0.207609 s
	var   = 0.00717081 s^2, std = 0.0846806 s
	min   = 0.042476 s
	max   = 0.386747 s

GWNSampleFloodVoxelizer::flood:
	12 trials
	total = 15.988 s
	mean  = 1.33233 s
	var   = 0.00148498 s^2, std = 0.0385355 s
	min   = 1.27738 s
	max   = 1.3944 s


PrintJobVoxelizer: finalizing surfaces
PrintJobVoxelizer: 2276764 surface voxels
PrintJobVoxelizer: getting output subset
PrintJobVoxelizer: updating slice indices
TonalValueCalculator:  runs 15:54:51
slices [549, 599):
	channel 0: occupancy (dense)
	channel 1: opticalFeature (sparse)

SurfaceDistanceOrderedTransfer:  runs 15:54:51
slices [523, 599):
	channel 0: occupancy (dense)
	channel 1: surfaceDist (dense)

SurfaceDistanceOrderedTransfer: 523 549 573
LayerExtractor:  runs 15:54:52
slices [521, 573):
	channel 0: occupancy (dense)
	channel 1: surfaceDist (dense)
	channel 2: layer_000 (sparse)
	channel 3: layer_001 (sparse)
	channel 4: layer_002 (sparse)
	channel 5: layer_003 (sparse)
	channel 6: layer_004 (sparse)
	channel 7: layer_005 (sparse)
	channel 8: layer_006 (sparse)
	channel 9: layer_007 (sparse)

TonalLinearizer:  runs 15:54:52
slices [522, 572):
	channel 0: occupancy (dense)
	channel 1: surfaceDist (dense)
	channel 2: layer_000 (sparse)
	channel 3: layer_001 (sparse)
	channel 4: layer_002 (sparse)
	channel 5: layer_003 (sparse)
	channel 6: layer_004 (sparse)
	channel 7: layer_005 (sparse)
	channel 8: layer_006 (sparse)
	channel 9: layer_007 (sparse)

VectorLayerHalftoner: VectorLayerHalftoner error: no tonal values available

VectorLayerHalftoner:  runs 15:54:53
slices [510, 572):
	channel 0: occupancy (dense)
	channel 1: surfaceDist (dense)
	channel 2: layer_000 (sparse)
	channel 3: layer_001 (sparse)
	channel 4: layer_002 (sparse)
	channel 5: layer_003 (sparse)
	channel 6: layer_004 (sparse)
	channel 7: layer_005 (sparse)
	channel 8: layer_006 (sparse)
	channel 9: layer_007 (sparse)
	channel 10: intermedTonal_0 (sparse)
	channel 11: intermedTonal_1 (sparse)
	channel 12: intermedTonal_2 (sparse)
	channel 13: intermedTonal_3 (sparse)
	channel 14: intermedTonal_4 (sparse)
	channel 15: intermedTonal_5 (sparse)
	channel 16: intermedTonal_6 (sparse)
	channel 17: intermedTonal_7 (sparse)
	channel 18: quantizedTonal (sparse)
	channel 19: errorDiffInfo2 (sparse)
	channel 20: distanceToEmpty (sparse)
	channel 21: errorDiffInfo3 (sparse)
	channel 22: errorDiffInfo4 (sparse)
	channel 23: errorDiffInfo5 (sparse)
	channel 24: errorDiffInfo6 (sparse)
	channel 25: errorDiffInfo7 (sparse)
	channel 26: errorDiffInfo8 (sparse)
	channel 27: errorDiffInfo9 (sparse)

SlaveReporter:  runs 15:55:0
slices [510, 560):
	channel 0: material (dense)
	channel 1: occupancy (dense)

PrintJobVoxelizer:  runs 15:55:10

PrintJobVoxelizer: setting up slices
PrintJobVoxelizer: rasterizing objects
PrintJobVoxelizer: creating rasterizer
PrintJobVoxelizer: rasterizing object 1
Rasterizer::rasterize:
	13 trials
	total = 9.31634 s
	mean  = 0.716641 s
	var   = 0.0435077 s^2, std = 0.208585 s
	min   = 0.194251 s
	max   = 0.952767 s


PrintJobVoxelizer: voxelizing objects
Object 1 ROI: [0 0 0] --> [1418 454 50]
GWNSampleFloodVoxelizer: number of samples: 273
GWNSampleFloodVoxelizer: samples evaluated
GWNSampleFloodVoxelizer: adaptive threshold = 0.498039
GWNSampleFloodVoxelizer: flooding complete
Voxelization: solid angle evaluations per voxel: 0.352252

GWNSampleFloodVoxelizer::voxelize:
	13 trials
	total = 25.8408 s
	mean  = 1.98775 s
	var   = 0.0109357 s^2, std = 0.104574 s
	min   = 1.79823 s
	max   = 2.21996 s

GWNSampleFloodVoxelizer::initIndicator:
	13 trials
	total = 2.38898 s
	mean  = 0.183768 s
	var   = 7.24062e-005 s^2, std = 0.00850918 s
	min   = 0.175807 s
	max   = 0.200439 s

GWNSampleFloodVoxelizer::selectSamples:
	13 trials
	total = 2.90311 s
	mean  = 0.223316 s
	var   = 7.84189e-006 s^2, std = 0.00280034 s
	min   = 0.216861 s
	max   = 0.227223 s

GWNSampleFloodVoxelizer::evaluateSamples:
	13 trials
	total = 2.65735 s
	mean  = 0.204411 s
	var   = 0.00670615 s^2, std = 0.0818911 s
	min   = 0.042476 s
	max   = 0.386747 s

GWNSampleFloodVoxelizer::flood:
	13 trials
	total = 17.2933 s
	mean  = 1.33026 s
	var   = 0.00141732 s^2, std = 0.0376474 s
	min   = 1.27738 s
	max   = 1.3944 s


PrintJobVoxelizer: finalizing surfaces
PrintJobVoxelizer: 2496388 surface voxels
PrintJobVoxelizer: getting output subset
PrintJobVoxelizer: updating slice indices
TonalValueCalculator:  runs 15:55:13
slices [599, 649):
	channel 0: occupancy (dense)
	channel 1: opticalFeature (sparse)

SurfaceDistanceOrderedTransfer:  runs 15:55:13
slices [573, 649):
	channel 0: occupancy (dense)
	channel 1: surfaceDist (dense)

SurfaceDistanceOrderedTransfer: 573 599 623
LayerExtractor:  runs 15:55:14
slices [571, 623):
	channel 0: occupancy (dense)
	channel 1: surfaceDist (dense)
	channel 2: layer_000 (sparse)
	channel 3: layer_001 (sparse)
	channel 4: layer_002 (sparse)
	channel 5: layer_003 (sparse)
	channel 6: layer_004 (sparse)
	channel 7: layer_005 (sparse)
	channel 8: layer_006 (sparse)
	channel 9: layer_007 (sparse)

TonalLinearizer:  runs 15:55:15
slices [572, 622):
	channel 0: occupancy (dense)
	channel 1: surfaceDist (dense)
	channel 2: layer_000 (sparse)
	channel 3: layer_001 (sparse)
	channel 4: layer_002 (sparse)
	channel 5: layer_003 (sparse)
	channel 6: layer_004 (sparse)
	channel 7: layer_005 (sparse)
	channel 8: layer_006 (sparse)
	channel 9: layer_007 (sparse)

VectorLayerHalftoner: VectorLayerHalftoner error: no tonal values available

VectorLayerHalftoner:  runs 15:55:15
slices [560, 622):
	channel 0: occupancy (dense)
	channel 1: surfaceDist (dense)
	channel 2: layer_000 (sparse)
	channel 3: layer_001 (sparse)
	channel 4: layer_002 (sparse)
	channel 5: layer_003 (sparse)
	channel 6: layer_004 (sparse)
	channel 7: layer_005 (sparse)
	channel 8: layer_006 (sparse)
	channel 9: layer_007 (sparse)
	channel 10: intermedTonal_0 (sparse)
	channel 11: intermedTonal_1 (sparse)
	channel 12: intermedTonal_2 (sparse)
	channel 13: intermedTonal_3 (sparse)
	channel 14: intermedTonal_4 (sparse)
	channel 15: intermedTonal_5 (sparse)
	channel 16: intermedTonal_6 (sparse)
	channel 17: intermedTonal_7 (sparse)
	channel 18: quantizedTonal (sparse)
	channel 19: errorDiffInfo2 (sparse)
	channel 20: distanceToEmpty (sparse)
	channel 21: errorDiffInfo3 (sparse)
	channel 22: errorDiffInfo4 (sparse)
	channel 23: errorDiffInfo5 (sparse)
	channel 24: errorDiffInfo6 (sparse)
	channel 25: errorDiffInfo7 (sparse)
	channel 26: errorDiffInfo8 (sparse)
	channel 27: errorDiffInfo9 (sparse)

SlaveReporter:  runs 15:55:22
slices [560, 610):
	channel 0: material (dense)
	channel 1: occupancy (dense)

PrintJobVoxelizer:  runs 15:55:32

PrintJobVoxelizer: setting up slices
PrintJobVoxelizer: rasterizing objects
PrintJobVoxelizer: creating rasterizer
PrintJobVoxelizer: rasterizing object 1
Rasterizer::rasterize:
	14 trials
	total = 10.0638 s
	mean  = 0.718846 s
	var   = 0.040229 s^2, std = 0.200572 s
	min   = 0.194251 s
	max   = 0.952767 s


PrintJobVoxelizer: voxelizing objects
Object 1 ROI: [0 0 0] --> [1418 454 50]
GWNSampleFloodVoxelizer: number of samples: 261
GWNSampleFloodVoxelizer: samples evaluated
GWNSampleFloodVoxelizer: adaptive threshold = 0.498039
GWNSampleFloodVoxelizer: flooding complete
Voxelization: solid angle evaluations per voxel: 0.328538

GWNSampleFloodVoxelizer::voxelize:
	14 trials
	total = 27.7373 s
	mean  = 1.98123 s
	var   = 0.0106894 s^2, std = 0.103389 s
	min   = 1.79823 s
	max   = 2.21996 s

GWNSampleFloodVoxelizer::initIndicator:
	14 trials
	total = 2.56599 s
	mean  = 0.183285 s
	var   = 7.00974e-005 s^2, std = 0.00837242 s
	min   = 0.175807 s
	max   = 0.200439 s

GWNSampleFloodVoxelizer::selectSamples:
	14 trials
	total = 3.12179 s
	mean  = 0.222985 s
	var   = 8.77537e-006 s^2, std = 0.00296233 s
	min   = 0.216861 s
	max   = 0.227223 s

GWNSampleFloodVoxelizer::evaluateSamples:
	14 trials
	total = 2.81139 s
	mean  = 0.200813 s
	var   = 0.00637154 s^2, std = 0.0798219 s
	min   = 0.042476 s
	max   = 0.386747 s

GWNSampleFloodVoxelizer::flood:
	14 trials
	total = 18.5937 s
	mean  = 1.32812 s
	var   = 0.00137224 s^2, std = 0.0370438 s
	min   = 1.27738 s
	max   = 1.3944 s


PrintJobVoxelizer: finalizing surfaces
PrintJobVoxelizer: 2705810 surface voxels
PrintJobVoxelizer: getting output subset
PrintJobVoxelizer: updating slice indices
TonalValueCalculator:  runs 15:55:35
slices [649, 699):
	channel 0: occupancy (dense)
	channel 1: opticalFeature (sparse)

SurfaceDistanceOrderedTransfer:  runs 15:55:35
slices [623, 699):
	channel 0: occupancy (dense)
	channel 1: surfaceDist (dense)

SurfaceDistanceOrderedTransfer: 623 649 673
LayerExtractor:  runs 15:55:36
slices [621, 673):
	channel 0: occupancy (dense)
	channel 1: surfaceDist (dense)
	channel 2: layer_000 (sparse)
	channel 3: layer_001 (sparse)
	channel 4: layer_002 (sparse)
	channel 5: layer_003 (sparse)
	channel 6: layer_004 (sparse)
	channel 7: layer_005 (sparse)
	channel 8: layer_006 (sparse)
	channel 9: layer_007 (sparse)

TonalLinearizer:  runs 15:55:37
slices [622, 672):
	channel 0: occupancy (dense)
	channel 1: surfaceDist (dense)
	channel 2: layer_000 (sparse)
	channel 3: layer_001 (sparse)
	channel 4: layer_002 (sparse)
	channel 5: layer_003 (sparse)
	channel 6: layer_004 (sparse)
	channel 7: layer_005 (sparse)
	channel 8: layer_006 (sparse)
	channel 9: layer_007 (sparse)

VectorLayerHalftoner: VectorLayerHalftoner error: no tonal values available

VectorLayerHalftoner:  runs 15:55:37
slices [610, 672):
	channel 0: occupancy (dense)
	channel 1: surfaceDist (dense)
	channel 2: layer_000 (sparse)
	channel 3: layer_001 (sparse)
	channel 4: layer_002 (sparse)
	channel 5: layer_003 (sparse)
	channel 6: layer_004 (sparse)
	channel 7: layer_005 (sparse)
	channel 8: layer_006 (sparse)
	channel 9: layer_007 (sparse)
	channel 10: intermedTonal_0 (sparse)
	channel 11: intermedTonal_1 (sparse)
	channel 12: intermedTonal_2 (sparse)
	channel 13: intermedTonal_3 (sparse)
	channel 14: intermedTonal_4 (sparse)
	channel 15: intermedTonal_5 (sparse)
	channel 16: intermedTonal_6 (sparse)
	channel 17: intermedTonal_7 (sparse)
	channel 18: quantizedTonal (sparse)
	channel 19: errorDiffInfo2 (sparse)
	channel 20: distanceToEmpty (sparse)
	channel 21: errorDiffInfo3 (sparse)
	channel 22: errorDiffInfo4 (sparse)
	channel 23: errorDiffInfo5 (sparse)
	channel 24: errorDiffInfo6 (sparse)
	channel 25: errorDiffInfo7 (sparse)
	channel 26: errorDiffInfo8 (sparse)
	channel 27: errorDiffInfo9 (sparse)

SlaveReporter:  runs 15:55:44
slices [610, 660):
	channel 0: material (dense)
	channel 1: occupancy (dense)

PrintJobVoxelizer:  runs 15:55:53

PrintJobVoxelizer: setting up slices
PrintJobVoxelizer: rasterizing objects
PrintJobVoxelizer: creating rasterizer
PrintJobVoxelizer: rasterizing object 1
Rasterizer::rasterize:
	15 trials
	total = 10.7694 s
	mean  = 0.71796 s
	var   = 0.0373673 s^2, std = 0.193306 s
	min   = 0.194251 s
	max   = 0.952767 s


PrintJobVoxelizer: voxelizing objects
Object 1 ROI: [0 0 0] --> [1418 454 50]
GWNSampleFloodVoxelizer: number of samples: 278
GWNSampleFloodVoxelizer: samples evaluated
GWNSampleFloodVoxelizer: adaptive threshold = 0.498039
GWNSampleFloodVoxelizer: flooding complete
Voxelization: solid angle evaluations per voxel: 0.318255

GWNSampleFloodVoxelizer::voxelize:
	15 trials
	total = 29.6734 s
	mean  = 1.97823 s
	var   = 0.0100614 s^2, std = 0.100306 s
	min   = 1.79823 s
	max   = 2.21996 s

GWNSampleFloodVoxelizer::initIndicator:
	15 trials
	total = 2.75084 s
	mean  = 0.18339 s
	var   = 6.52543e-005 s^2, std = 0.00807801 s
	min   = 0.175807 s
	max   = 0.200439 s

GWNSampleFloodVoxelizer::selectSamples:
	15 trials
	total = 3.34261 s
	mean  = 0.222841 s
	var   = 8.46133e-006 s^2, std = 0.00290884 s
	min   = 0.216861 s
	max   = 0.227223 s

GWNSampleFloodVoxelizer::evaluateSamples:
	15 trials
	total = 2.9595 s
	mean  = 0.1973 s
	var   = 0.00610158 s^2, std = 0.0781126 s
	min   = 0.042476 s
	max   = 0.386747 s

GWNSampleFloodVoxelizer::flood:
	15 trials
	total = 19.93 s
	mean  = 1.32867 s
	var   = 0.00127872 s^2, std = 0.0357592 s
	min   = 1.27738 s
	max   = 1.3944 s


PrintJobVoxelizer: finalizing surfaces
PrintJobVoxelizer: 2912035 surface voxels
PrintJobVoxelizer: getting output subset
PrintJobVoxelizer: updating slice indices
TonalValueCalculator:  runs 15:55:56
slices [699, 749):
	channel 0: occupancy (dense)
	channel 1: opticalFeature (sparse)

SurfaceDistanceOrderedTransfer:  runs 15:55:56
slices [673, 749):
	channel 0: occupancy (dense)
	channel 1: surfaceDist (dense)

SurfaceDistanceOrderedTransfer: 673 699 723
LayerExtractor:  runs 15:55:57
slices [671, 723):
	channel 0: occupancy (dense)
	channel 1: surfaceDist (dense)
	channel 2: layer_000 (sparse)
	channel 3: layer_001 (sparse)
	channel 4: layer_002 (sparse)
	channel 5: layer_003 (sparse)
	channel 6: layer_004 (sparse)
	channel 7: layer_005 (sparse)
	channel 8: layer_006 (sparse)
	channel 9: layer_007 (sparse)

TonalLinearizer:  runs 15:55:58
slices [672, 722):
	channel 0: occupancy (dense)
	channel 1: surfaceDist (dense)
	channel 2: layer_000 (sparse)
	channel 3: layer_001 (sparse)
	channel 4: layer_002 (sparse)
	channel 5: layer_003 (sparse)
	channel 6: layer_004 (sparse)
	channel 7: layer_005 (sparse)
	channel 8: layer_006 (sparse)
	channel 9: layer_007 (sparse)

VectorLayerHalftoner: VectorLayerHalftoner error: no tonal values available

VectorLayerHalftoner:  runs 15:55:58
slices [660, 722):
	channel 0: occupancy (dense)
	channel 1: surfaceDist (dense)
	channel 2: layer_000 (sparse)
	channel 3: layer_001 (sparse)
	channel 4: layer_002 (sparse)
	channel 5: layer_003 (sparse)
	channel 6: layer_004 (sparse)
	channel 7: layer_005 (sparse)
	channel 8: layer_006 (sparse)
	channel 9: layer_007 (sparse)
	channel 10: intermedTonal_0 (sparse)
	channel 11: intermedTonal_1 (sparse)
	channel 12: intermedTonal_2 (sparse)
	channel 13: intermedTonal_3 (sparse)
	channel 14: intermedTonal_4 (sparse)
	channel 15: intermedTonal_5 (sparse)
	channel 16: intermedTonal_6 (sparse)
	channel 17: intermedTonal_7 (sparse)
	channel 18: quantizedTonal (sparse)
	channel 19: errorDiffInfo2 (sparse)
	channel 20: distanceToEmpty (sparse)
	channel 21: errorDiffInfo3 (sparse)
	channel 22: errorDiffInfo4 (sparse)
	channel 23: errorDiffInfo5 (sparse)
	channel 24: errorDiffInfo6 (sparse)
	channel 25: errorDiffInfo7 (sparse)
	channel 26: errorDiffInfo8 (sparse)
	channel 27: errorDiffInfo9 (sparse)

SlaveReporter:  runs 15:56:4
slices [660, 710):
	channel 0: material (dense)
	channel 1: occupancy (dense)

PrintJobVoxelizer:  runs 15:56:14

PrintJobVoxelizer: setting up slices
PrintJobVoxelizer: rasterizing objects
PrintJobVoxelizer: creating rasterizer
PrintJobVoxelizer: rasterizing object 1
Rasterizer::rasterize:
	16 trials
	total = 11.4904 s
	mean  = 0.718147 s
	var   = 0.0348767 s^2, std = 0.186753 s
	min   = 0.194251 s
	max   = 0.952767 s


PrintJobVoxelizer: voxelizing objects
Object 1 ROI: [0 0 0] --> [1418 454 50]
GWNSampleFloodVoxelizer: number of samples: 295
GWNSampleFloodVoxelizer: samples evaluated
GWNSampleFloodVoxelizer: adaptive threshold = 0.498039
GWNSampleFloodVoxelizer: flooding complete
Voxelization: solid angle evaluations per voxel: 0.374148

GWNSampleFloodVoxelizer::voxelize:
	16 trials
	total = 31.6574 s
	mean  = 1.97858 s
	var   = 0.00939264 s^2, std = 0.0969156 s
	min   = 1.79823 s
	max   = 2.21996 s

GWNSampleFloodVoxelizer::initIndicator:
	16 trials
	total = 2.93499 s
	mean  = 0.183437 s
	var   = 6.09396e-005 s^2, std = 0.00780638 s
	min   = 0.175807 s
	max   = 0.200439 s

GWNSampleFloodVoxelizer::selectSamples:
	16 trials
	total = 3.5703 s
	mean  = 0.223144 s
	var   = 9.36703e-006 s^2, std = 0.00306056 s
	min   = 0.216861 s
	max   = 0.22769 s

GWNSampleFloodVoxelizer::evaluateSamples:
	16 trials
	total = 3.13085 s
	mean  = 0.195678 s
	var   = 0.0057369 s^2, std = 0.0757423 s
	min   = 0.042476 s
	max   = 0.386747 s

GWNSampleFloodVoxelizer::flood:
	16 trials
	total = 21.2817 s
	mean  = 1.3301 s
	var   = 0.00122662 s^2, std = 0.0350232 s
	min   = 1.27738 s
	max   = 1.3944 s


PrintJobVoxelizer: finalizing surfaces
PrintJobVoxelizer: 3119970 surface voxels
PrintJobVoxelizer: getting output subset
PrintJobVoxelizer: updating slice indices
TonalValueCalculator:  runs 15:56:17
slices [749, 799):
	channel 0: occupancy (dense)
	channel 1: opticalFeature (sparse)

SurfaceDistanceOrderedTransfer:  runs 15:56:17
slices [723, 799):
	channel 0: occupancy (dense)
	channel 1: surfaceDist (dense)

SurfaceDistanceOrderedTransfer: 723 749 773
LayerExtractor:  runs 15:56:18
slices [721, 773):
	channel 0: occupancy (dense)
	channel 1: surfaceDist (dense)
	channel 2: layer_000 (sparse)
	channel 3: layer_001 (sparse)
	channel 4: layer_002 (sparse)
	channel 5: layer_003 (sparse)
	channel 6: layer_004 (sparse)
	channel 7: layer_005 (sparse)
	channel 8: layer_006 (sparse)
	channel 9: layer_007 (sparse)

TonalLinearizer:  runs 15:56:19
slices [722, 772):
	channel 0: occupancy (dense)
	channel 1: surfaceDist (dense)
	channel 2: layer_000 (sparse)
	channel 3: layer_001 (sparse)
	channel 4: layer_002 (sparse)
	channel 5: layer_003 (sparse)
	channel 6: layer_004 (sparse)
	channel 7: layer_005 (sparse)
	channel 8: layer_006 (sparse)
	channel 9: layer_007 (sparse)

VectorLayerHalftoner: VectorLayerHalftoner error: no tonal values available

VectorLayerHalftoner:  runs 15:56:19
slices [710, 772):
	channel 0: occupancy (dense)
	channel 1: surfaceDist (dense)
	channel 2: layer_000 (sparse)
	channel 3: layer_001 (sparse)
	channel 4: layer_002 (sparse)
	channel 5: layer_003 (sparse)
	channel 6: layer_004 (sparse)
	channel 7: layer_005 (sparse)
	channel 8: layer_006 (sparse)
	channel 9: layer_007 (sparse)
	channel 10: intermedTonal_0 (sparse)
	channel 11: intermedTonal_1 (sparse)
	channel 12: intermedTonal_2 (sparse)
	channel 13: intermedTonal_3 (sparse)
	channel 14: intermedTonal_4 (sparse)
	channel 15: intermedTonal_5 (sparse)
	channel 16: intermedTonal_6 (sparse)
	channel 17: intermedTonal_7 (sparse)
	channel 18: quantizedTonal (sparse)
	channel 19: errorDiffInfo2 (sparse)
	channel 20: distanceToEmpty (sparse)
	channel 21: errorDiffInfo3 (sparse)
	channel 22: errorDiffInfo4 (sparse)
	channel 23: errorDiffInfo5 (sparse)
	channel 24: errorDiffInfo6 (sparse)
	channel 25: errorDiffInfo7 (sparse)
	channel 26: errorDiffInfo8 (sparse)
	channel 27: errorDiffInfo9 (sparse)

SlaveReporter:  runs 15:56:25
slices [710, 760):
	channel 0: material (dense)
	channel 1: occupancy (dense)

PrintJobVoxelizer:  runs 15:56:36

PrintJobVoxelizer: setting up slices
PrintJobVoxelizer: rasterizing objects
PrintJobVoxelizer: creating rasterizer
PrintJobVoxelizer: rasterizing object 1
Rasterizer::rasterize:
	17 trials
	total = 12.2261 s
	mean  = 0.719183 s
	var   = 0.0327152 s^2, std = 0.180873 s
	min   = 0.194251 s
	max   = 0.952767 s


PrintJobVoxelizer: voxelizing objects
Object 1 ROI: [0 0 0] --> [1418 454 50]
GWNSampleFloodVoxelizer: number of samples: 310
GWNSampleFloodVoxelizer: samples evaluated
GWNSampleFloodVoxelizer: adaptive threshold = 0.498039
GWNSampleFloodVoxelizer: flooding complete
Voxelization: solid angle evaluations per voxel: 0.401496

GWNSampleFloodVoxelizer::voxelize:
	17 trials
	total = 33.6077 s
	mean  = 1.97693 s
	var   = 0.00885237 s^2, std = 0.094087 s
	min   = 1.79823 s
	max   = 2.21996 s

GWNSampleFloodVoxelizer::initIndicator:
	17 trials
	total = 3.11816 s
	mean  = 0.183421 s
	var   = 5.71351e-005 s^2, std = 0.00755877 s
	min   = 0.175807 s
	max   = 0.200439 s

GWNSampleFloodVoxelizer::selectSamples:
	17 trials
	total = 3.79217 s
	mean  = 0.223069 s
	var   = 8.87672e-006 s^2, std = 0.00297938 s
	min   = 0.216861 s
	max   = 0.22769 s

GWNSampleFloodVoxelizer::evaluateSamples:
	17 trials
	total = 3.31293 s
	mean  = 0.194878 s
	var   = 0.00538921 s^2, std = 0.0734113 s
	min   = 0.042476 s
	max   = 0.386747 s

GWNSampleFloodVoxelizer::flood:
	17 trials
	total = 22.5999 s
	mean  = 1.32941 s
	var   = 0.00115826 s^2, std = 0.0340332 s
	min   = 1.27738 s
	max   = 1.3944 s


PrintJobVoxelizer: finalizing surfaces
PrintJobVoxelizer: 3328920 surface voxels
PrintJobVoxelizer: getting output subset
PrintJobVoxelizer: updating slice indices
TonalValueCalculator:  runs 15:56:39
slices [799, 849):
	channel 0: occupancy (dense)
	channel 1: opticalFeature (sparse)

SurfaceDistanceOrderedTransfer:  runs 15:56:39
slices [773, 849):
	channel 0: occupancy (dense)
	channel 1: surfaceDist (dense)

SurfaceDistanceOrderedTransfer: 773 799 823
LayerExtractor:  runs 15:56:40
slices [771, 823):
	channel 0: occupancy (dense)
	channel 1: surfaceDist (dense)
	channel 2: layer_000 (sparse)
	channel 3: layer_001 (sparse)
	channel 4: layer_002 (sparse)
	channel 5: layer_003 (sparse)
	channel 6: layer_004 (sparse)
	channel 7: layer_005 (sparse)
	channel 8: layer_006 (sparse)
	channel 9: layer_007 (sparse)

TonalLinearizer:  runs 15:56:41
slices [772, 822):
	channel 0: occupancy (dense)
	channel 1: surfaceDist (dense)
	channel 2: layer_000 (sparse)
	channel 3: layer_001 (sparse)
	channel 4: layer_002 (sparse)
	channel 5: layer_003 (sparse)
	channel 6: layer_004 (sparse)
	channel 7: layer_005 (sparse)
	channel 8: layer_006 (sparse)
	channel 9: layer_007 (sparse)

VectorLayerHalftoner: VectorLayerHalftoner error: no tonal values available

VectorLayerHalftoner:  runs 15:56:41
slices [760, 822):
	channel 0: occupancy (dense)
	channel 1: surfaceDist (dense)
	channel 2: layer_000 (sparse)
	channel 3: layer_001 (sparse)
	channel 4: layer_002 (sparse)
	channel 5: layer_003 (sparse)
	channel 6: layer_004 (sparse)
	channel 7: layer_005 (sparse)
	channel 8: layer_006 (sparse)
	channel 9: layer_007 (sparse)
	channel 10: intermedTonal_0 (sparse)
	channel 11: intermedTonal_1 (sparse)
	channel 12: intermedTonal_2 (sparse)
	channel 13: intermedTonal_3 (sparse)
	channel 14: intermedTonal_4 (sparse)
	channel 15: intermedTonal_5 (sparse)
	channel 16: intermedTonal_6 (sparse)
	channel 17: intermedTonal_7 (sparse)
	channel 18: quantizedTonal (sparse)
	channel 19: errorDiffInfo2 (sparse)
	channel 20: distanceToEmpty (sparse)
	channel 21: errorDiffInfo3 (sparse)
	channel 22: errorDiffInfo4 (sparse)
	channel 23: errorDiffInfo5 (sparse)
	channel 24: errorDiffInfo6 (sparse)
	channel 25: errorDiffInfo7 (sparse)
	channel 26: errorDiffInfo8 (sparse)
	channel 27: errorDiffInfo9 (sparse)

SlaveReporter:  runs 15:56:47
slices [760, 810):
	channel 0: material (dense)
	channel 1: occupancy (dense)

PrintJobVoxelizer:  runs 15:56:58

PrintJobVoxelizer: setting up slices
PrintJobVoxelizer: rasterizing objects
PrintJobVoxelizer: creating rasterizer
PrintJobVoxelizer: rasterizing object 1
Rasterizer::rasterize:
	18 trials
	total = 13.0197 s
	mean  = 0.723319 s
	var   = 0.0310987 s^2, std = 0.176348 s
	min   = 0.194251 s
	max   = 0.952767 s


PrintJobVoxelizer: voxelizing objects
Object 1 ROI: [0 0 0] --> [1418 454 50]
GWNSampleFloodVoxelizer: number of samples: 341
GWNSampleFloodVoxelizer: samples evaluated
GWNSampleFloodVoxelizer: adaptive threshold = 0.498039
GWNSampleFloodVoxelizer: flooding complete
Voxelization: solid angle evaluations per voxel: 0.457274

GWNSampleFloodVoxelizer::voxelize:
	18 trials
	total = 35.6124 s
	mean  = 1.97847 s
	var   = 0.00837433 s^2, std = 0.0915114 s
	min   = 1.79823 s
	max   = 2.21996 s

GWNSampleFloodVoxelizer::initIndicator:
	18 trials
	total = 3.298 s
	mean  = 0.183222 s
	var   = 5.44862e-005 s^2, std = 0.00738148 s
	min   = 0.175807 s
	max   = 0.200439 s

GWNSampleFloodVoxelizer::selectSamples:
	18 trials
	total = 4.01773 s
	mean  = 0.223207 s
	var   = 8.69766e-006 s^2, std = 0.00294918 s
	min   = 0.216861 s
	max   = 0.22769 s

GWNSampleFloodVoxelizer::evaluateSamples:
	18 trials
	total = 3.53937 s
	mean  = 0.196632 s
	var   = 0.00512754 s^2, std = 0.0716068 s
	min   = 0.042476 s
	max   = 0.386747 s

GWNSampleFloodVoxelizer::flood:
	18 trials
	total = 23.9273 s
	mean  = 1.32929 s
	var   = 0.00109035 s^2, std = 0.0330205 s
	min   = 1.27738 s
	max   = 1.3944 s


PrintJobVoxelizer: finalizing surfaces
PrintJobVoxelizer: 3541046 surface voxels
PrintJobVoxelizer: getting output subset
PrintJobVoxelizer: updating slice indices
TonalValueCalculator:  runs 15:57:1
slices [849, 899):
	channel 0: occupancy (dense)
	channel 1: opticalFeature (sparse)

SurfaceDistanceOrderedTransfer:  runs 15:57:1
slices [823, 899):
	channel 0: occupancy (dense)
	channel 1: surfaceDist (dense)

SurfaceDistanceOrderedTransfer: 823 849 873
LayerExtractor:  runs 15:57:2
slices [821, 873):
	channel 0: occupancy (dense)
	channel 1: surfaceDist (dense)
	channel 2: layer_000 (sparse)
	channel 3: layer_001 (sparse)
	channel 4: layer_002 (sparse)
	channel 5: layer_003 (sparse)
	channel 6: layer_004 (sparse)
	channel 7: layer_005 (sparse)
	channel 8: layer_006 (sparse)
	channel 9: layer_007 (sparse)

TonalLinearizer:  runs 15:57:3
slices [822, 872):
	channel 0: occupancy (dense)
	channel 1: surfaceDist (dense)
	channel 2: layer_000 (sparse)
	channel 3: layer_001 (sparse)
	channel 4: layer_002 (sparse)
	channel 5: layer_003 (sparse)
	channel 6: layer_004 (sparse)
	channel 7: layer_005 (sparse)
	channel 8: layer_006 (sparse)
	channel 9: layer_007 (sparse)

VectorLayerHalftoner: VectorLayerHalftoner error: no tonal values available

VectorLayerHalftoner:  runs 15:57:4
slices [810, 872):
	channel 0: occupancy (dense)
	channel 1: surfaceDist (dense)
	channel 2: layer_000 (sparse)
	channel 3: layer_001 (sparse)
	channel 4: layer_002 (sparse)
	channel 5: layer_003 (sparse)
	channel 6: layer_004 (sparse)
	channel 7: layer_005 (sparse)
	channel 8: layer_006 (sparse)
	channel 9: layer_007 (sparse)
	channel 10: intermedTonal_0 (sparse)
	channel 11: intermedTonal_1 (sparse)
	channel 12: intermedTonal_2 (sparse)
	channel 13: intermedTonal_3 (sparse)
	channel 14: intermedTonal_4 (sparse)
	channel 15: intermedTonal_5 (sparse)
	channel 16: intermedTonal_6 (sparse)
	channel 17: intermedTonal_7 (sparse)
	channel 18: quantizedTonal (sparse)
	channel 19: errorDiffInfo2 (sparse)
	channel 20: distanceToEmpty (sparse)
	channel 21: errorDiffInfo3 (sparse)
	channel 22: errorDiffInfo4 (sparse)
	channel 23: errorDiffInfo5 (sparse)
	channel 24: errorDiffInfo6 (sparse)
	channel 25: errorDiffInfo7 (sparse)
	channel 26: errorDiffInfo8 (sparse)
	channel 27: errorDiffInfo9 (sparse)

SlaveReporter:  runs 15:57:10
slices [810, 860):
	channel 0: material (dense)
	channel 1: occupancy (dense)

PrintJobVoxelizer:  runs 15:57:21

PrintJobVoxelizer: setting up slices
PrintJobVoxelizer: rasterizing objects
PrintJobVoxelizer: creating rasterizer
PrintJobVoxelizer: rasterizing object 1
Rasterizer::rasterize:
	19 trials
	total = 13.8044 s
	mean  = 0.726547 s
	var   = 0.029569 s^2, std = 0.171956 s
	min   = 0.194251 s
	max   = 0.952767 s


PrintJobVoxelizer: voxelizing objects
Object 1 ROI: [0 0 0] --> [1418 454 50]
GWNSampleFloodVoxelizer: number of samples: 375
GWNSampleFloodVoxelizer: samples evaluated
GWNSampleFloodVoxelizer: adaptive threshold = 0.498039
GWNSampleFloodVoxelizer: flooding complete
Voxelization: solid angle evaluations per voxel: 0.600997

GWNSampleFloodVoxelizer::voxelize:
	19 trials
	total = 37.7788 s
	mean  = 1.98836 s
	var   = 0.00976849 s^2, std = 0.0988357 s
	min   = 1.79823 s
	max   = 2.21996 s

GWNSampleFloodVoxelizer::initIndicator:
	19 trials
	total = 3.47659 s
	mean  = 0.182978 s
	var   = 5.2588e-005 s^2, std = 0.00725176 s
	min   = 0.175807 s
	max   = 0.200439 s

GWNSampleFloodVoxelizer::selectSamples:
	19 trials
	total = 4.24618 s
	mean  = 0.223483 s
	var   = 9.66239e-006 s^2, std = 0.00310844 s
	min   = 0.216861 s
	max   = 0.228452 s

GWNSampleFloodVoxelizer::evaluateSamples:
	19 trials
	total = 3.86887 s
	mean  = 0.203625 s
	var   = 0.00577183 s^2, std = 0.0759726 s
	min   = 0.042476 s
	max   = 0.386747 s

GWNSampleFloodVoxelizer::flood:
	19 trials
	total = 25.3131 s
	mean  = 1.33227 s
	var   = 0.00119803 s^2, std = 0.0346126 s
	min   = 1.27738 s
	max   = 1.3944 s


PrintJobVoxelizer: finalizing surfaces
PrintJobVoxelizer: 3758860 surface voxels
PrintJobVoxelizer: getting output subset
PrintJobVoxelizer: updating slice indices
TonalValueCalculator:  runs 15:57:24
slices [899, 949):
	channel 0: occupancy (dense)
	channel 1: opticalFeature (sparse)

SurfaceDistanceOrderedTransfer:  runs 15:57:24
slices [873, 949):
	channel 0: occupancy (dense)
	channel 1: surfaceDist (dense)

SurfaceDistanceOrderedTransfer: 873 899 923
LayerExtractor:  runs 15:57:25
slices [871, 923):
	channel 0: occupancy (dense)
	channel 1: surfaceDist (dense)
	channel 2: layer_000 (sparse)
	channel 3: layer_001 (sparse)
	channel 4: layer_002 (sparse)
	channel 5: layer_003 (sparse)
	channel 6: layer_004 (sparse)
	channel 7: layer_005 (sparse)
	channel 8: layer_006 (sparse)
	channel 9: layer_007 (sparse)

TonalLinearizer:  runs 15:57:26
slices [872, 922):
	channel 0: occupancy (dense)
	channel 1: surfaceDist (dense)
	channel 2: layer_000 (sparse)
	channel 3: layer_001 (sparse)
	channel 4: layer_002 (sparse)
	channel 5: layer_003 (sparse)
	channel 6: layer_004 (sparse)
	channel 7: layer_005 (sparse)
	channel 8: layer_006 (sparse)
	channel 9: layer_007 (sparse)

VectorLayerHalftoner: VectorLayerHalftoner error: no tonal values available

VectorLayerHalftoner:  runs 15:57:26
slices [860, 922):
	channel 0: occupancy (dense)
	channel 1: surfaceDist (dense)
	channel 2: layer_000 (sparse)
	channel 3: layer_001 (sparse)
	channel 4: layer_002 (sparse)
	channel 5: layer_003 (sparse)
	channel 6: layer_004 (sparse)
	channel 7: layer_005 (sparse)
	channel 8: layer_006 (sparse)
	channel 9: layer_007 (sparse)
	channel 10: intermedTonal_0 (sparse)
	channel 11: intermedTonal_1 (sparse)
	channel 12: intermedTonal_2 (sparse)
	channel 13: intermedTonal_3 (sparse)
	channel 14: intermedTonal_4 (sparse)
	channel 15: intermedTonal_5 (sparse)
	channel 16: intermedTonal_6 (sparse)
	channel 17: intermedTonal_7 (sparse)
	channel 18: quantizedTonal (sparse)
	channel 19: errorDiffInfo2 (sparse)
	channel 20: distanceToEmpty (sparse)
	channel 21: errorDiffInfo3 (sparse)
	channel 22: errorDiffInfo4 (sparse)
	channel 23: errorDiffInfo5 (sparse)
	channel 24: errorDiffInfo6 (sparse)
	channel 25: errorDiffInfo7 (sparse)
	channel 26: errorDiffInfo8 (sparse)
	channel 27: errorDiffInfo9 (sparse)

SlaveReporter:  runs 15:57:32
slices [860, 910):
	channel 0: material (dense)
	channel 1: occupancy (dense)

PrintJobVoxelizer:  runs 15:57:45

PrintJobVoxelizer: setting up slices
PrintJobVoxelizer: rasterizing objects
PrintJobVoxelizer: creating rasterizer
PrintJobVoxelizer: rasterizing object 1
Rasterizer::rasterize:
	20 trials
	total = 14.6287 s
	mean  = 0.731437 s
	var   = 0.0284909 s^2, std = 0.168793 s
	min   = 0.194251 s
	max   = 0.952767 s


PrintJobVoxelizer: voxelizing objects
Object 1 ROI: [0 0 0] --> [1418 454 50]
GWNSampleFloodVoxelizer: number of samples: 404
GWNSampleFloodVoxelizer: samples evaluated
GWNSampleFloodVoxelizer: adaptive threshold = 0.498039
GWNSampleFloodVoxelizer: flooding complete
Voxelization: solid angle evaluations per voxel: 0.602103

GWNSampleFloodVoxelizer::voxelize:
	20 trials
	total = 39.9102 s
	mean  = 1.99551 s
	var   = 0.0102778 s^2, std = 0.10138 s
	min   = 1.79823 s
	max   = 2.21996 s

GWNSampleFloodVoxelizer::initIndicator:
	20 trials
	total = 3.65417 s
	mean  = 0.182708 s
	var   = 5.12784e-005 s^2, std = 0.00716089 s
	min   = 0.175807 s
	max   = 0.200439 s

GWNSampleFloodVoxelizer::selectSamples:
	20 trials
	total = 4.4912 s
	mean  = 0.22456 s
	var   = 3.23503e-005 s^2, std = 0.00568773 s
	min   = 0.216861 s
	max   = 0.245022 s

GWNSampleFloodVoxelizer::evaluateSamples:
	20 trials
	total = 4.15512 s
	mean  = 0.207756 s
	var   = 0.0058094 s^2, std = 0.0762195 s
	min   = 0.042476 s
	max   = 0.386747 s

GWNSampleFloodVoxelizer::flood:
	20 trials
	total = 26.6927 s
	mean  = 1.33463 s
	var   = 0.00124665 s^2, std = 0.0353079 s
	min   = 1.27738 s
	max   = 1.3944 s


PrintJobVoxelizer: finalizing surfaces
PrintJobVoxelizer: 3983830 surface voxels
PrintJobVoxelizer: getting output subset
PrintJobVoxelizer: updating slice indices
TonalValueCalculator:  runs 15:57:48
slices [949, 999):
	channel 0: occupancy (dense)
	channel 1: opticalFeature (sparse)

SurfaceDistanceOrderedTransfer:  runs 15:57:48
slices [923, 999):
	channel 0: occupancy (dense)
	channel 1: surfaceDist (dense)

SurfaceDistanceOrderedTransfer: 923 949 973
LayerExtractor:  runs 15:57:49
slices [921, 973):
	channel 0: occupancy (dense)
	channel 1: surfaceDist (dense)
	channel 2: layer_000 (sparse)
	channel 3: layer_001 (sparse)
	channel 4: layer_002 (sparse)
	channel 5: layer_003 (sparse)
	channel 6: layer_004 (sparse)
	channel 7: layer_005 (sparse)
	channel 8: layer_006 (sparse)
	channel 9: layer_007 (sparse)

TonalLinearizer:  runs 15:57:50
slices [922, 972):
	channel 0: occupancy (dense)
	channel 1: surfaceDist (dense)
	channel 2: layer_000 (sparse)
	channel 3: layer_001 (sparse)
	channel 4: layer_002 (sparse)
	channel 5: layer_003 (sparse)
	channel 6: layer_004 (sparse)
	channel 7: layer_005 (sparse)
	channel 8: layer_006 (sparse)
	channel 9: layer_007 (sparse)

VectorLayerHalftoner: VectorLayerHalftoner error: no tonal values available

VectorLayerHalftoner:  runs 15:57:51
slices [910, 972):
	channel 0: occupancy (dense)
	channel 1: surfaceDist (dense)
	channel 2: layer_000 (sparse)
	channel 3: layer_001 (sparse)
	channel 4: layer_002 (sparse)
	channel 5: layer_003 (sparse)
	channel 6: layer_004 (sparse)
	channel 7: layer_005 (sparse)
	channel 8: layer_006 (sparse)
	channel 9: layer_007 (sparse)
	channel 10: intermedTonal_0 (sparse)
	channel 11: intermedTonal_1 (sparse)
	channel 12: intermedTonal_2 (sparse)
	channel 13: intermedTonal_3 (sparse)
	channel 14: intermedTonal_4 (sparse)
	channel 15: intermedTonal_5 (sparse)
	channel 16: intermedTonal_6 (sparse)
	channel 17: intermedTonal_7 (sparse)
	channel 18: quantizedTonal (sparse)
	channel 19: errorDiffInfo2 (sparse)
	channel 20: distanceToEmpty (sparse)
	channel 21: errorDiffInfo3 (sparse)
	channel 22: errorDiffInfo4 (sparse)
	channel 23: errorDiffInfo5 (sparse)
	channel 24: errorDiffInfo6 (sparse)
	channel 25: errorDiffInfo7 (sparse)
	channel 26: errorDiffInfo8 (sparse)
	channel 27: errorDiffInfo9 (sparse)

SlaveReporter:  runs 15:57:57
slices [910, 960):
	channel 0: material (dense)
	channel 1: occupancy (dense)

PrintJobVoxelizer:  runs 15:58:5

PrintJobVoxelizer: setting up slices
PrintJobVoxelizer: rasterizing objects
PrintJobVoxelizer: creating rasterizer
PrintJobVoxelizer: rasterizing object 1
Rasterizer::rasterize:
	21 trials
	total = 15.3616 s
	mean  = 0.731503 s
	var   = 0.0270665 s^2, std = 0.164519 s
	min   = 0.194251 s
	max   = 0.952767 s


PrintJobVoxelizer: voxelizing objects
Object 1 ROI: [0 0 0] --> [1418 454 50]
GWNSampleFloodVoxelizer: number of samples: 331
GWNSampleFloodVoxelizer: samples evaluated
GWNSampleFloodVoxelizer: adaptive threshold = 0.498039
GWNSampleFloodVoxelizer: flooding complete
Voxelization: solid angle evaluations per voxel: 0.46607

GWNSampleFloodVoxelizer::voxelize:
	21 trials
	total = 42.0095 s
	mean  = 2.00045 s
	var   = 0.0102769 s^2, std = 0.101375 s
	min   = 1.79823 s
	max   = 2.21996 s

GWNSampleFloodVoxelizer::initIndicator:
	21 trials
	total = 3.83229 s
	mean  = 0.18249 s
	var   = 4.97135e-005 s^2, std = 0.00705078 s
	min   = 0.175807 s
	max   = 0.200439 s

GWNSampleFloodVoxelizer::selectSamples:
	21 trials
	total = 4.71462 s
	mean  = 0.224506 s
	var   = 3.07947e-005 s^2, std = 0.0055493 s
	min   = 0.216861 s
	max   = 0.245022 s

GWNSampleFloodVoxelizer::evaluateSamples:
	21 trials
	total = 4.41344 s
	mean  = 0.210164 s
	var   = 0.00564068 s^2, std = 0.0751045 s
	min   = 0.042476 s
	max   = 0.386747 s

GWNSampleFloodVoxelizer::flood:
	21 trials
	total = 28.0859 s
	mean  = 1.33742 s
	var   = 0.00134794 s^2, std = 0.0367143 s
	min   = 1.27738 s
	max   = 1.3944 s


PrintJobVoxelizer: finalizing surfaces
PrintJobVoxelizer: 4162406 surface voxels
PrintJobVoxelizer: getting output subset
PrintJobVoxelizer: updating slice indices
TonalValueCalculator:  runs 15:58:9
slices [999, 1049):
	channel 0: occupancy (dense)
	channel 1: opticalFeature (sparse)

SurfaceDistanceOrderedTransfer:  runs 15:58:9
slices [973, 1049):
	channel 0: occupancy (dense)
	channel 1: surfaceDist (dense)

SurfaceDistanceOrderedTransfer: 973 999 1023
LayerExtractor:  runs 15:58:10
slices [971, 1023):
	channel 0: occupancy (dense)
	channel 1: surfaceDist (dense)
	channel 2: layer_000 (sparse)
	channel 3: layer_001 (sparse)
	channel 4: layer_002 (sparse)
	channel 5: layer_003 (sparse)
	channel 6: layer_004 (sparse)
	channel 7: layer_005 (sparse)
	channel 8: layer_006 (sparse)
	channel 9: layer_007 (sparse)

TonalLinearizer:  runs 15:58:11
slices [972, 1022):
	channel 0: occupancy (dense)
	channel 1: surfaceDist (dense)
	channel 2: layer_000 (sparse)
	channel 3: layer_001 (sparse)
	channel 4: layer_002 (sparse)
	channel 5: layer_003 (sparse)
	channel 6: layer_004 (sparse)
	channel 7: layer_005 (sparse)
	channel 8: layer_006 (sparse)
	channel 9: layer_007 (sparse)

VectorLayerHalftoner: VectorLayerHalftoner error: no tonal values available

VectorLayerHalftoner:  runs 15:58:11
slices [960, 1022):
	channel 0: occupancy (dense)
	channel 1: surfaceDist (dense)
	channel 2: layer_000 (sparse)
	channel 3: layer_001 (sparse)
	channel 4: layer_002 (sparse)
	channel 5: layer_003 (sparse)
	channel 6: layer_004 (sparse)
	channel 7: layer_005 (sparse)
	channel 8: layer_006 (sparse)
	channel 9: layer_007 (sparse)
	channel 10: intermedTonal_0 (sparse)
	channel 11: intermedTonal_1 (sparse)
	channel 12: intermedTonal_2 (sparse)
	channel 13: intermedTonal_3 (sparse)
	channel 14: intermedTonal_4 (sparse)
	channel 15: intermedTonal_5 (sparse)
	channel 16: intermedTonal_6 (sparse)
	channel 17: intermedTonal_7 (sparse)
	channel 18: quantizedTonal (sparse)
	channel 19: errorDiffInfo2 (sparse)
	channel 20: distanceToEmpty (sparse)
	channel 21: errorDiffInfo3 (sparse)
	channel 22: errorDiffInfo4 (sparse)
	channel 23: errorDiffInfo5 (sparse)
	channel 24: errorDiffInfo6 (sparse)
	channel 25: errorDiffInfo7 (sparse)
	channel 26: errorDiffInfo8 (sparse)
	channel 27: errorDiffInfo9 (sparse)

SlaveReporter:  runs 15:58:16
slices [960, 1010):
	channel 0: material (dense)
	channel 1: occupancy (dense)

PrintJobVoxelizer:  runs 15:58:26

PrintJobVoxelizer: setting up slices
PrintJobVoxelizer: rasterizing objects
PrintJobVoxelizer: creating rasterizer
PrintJobVoxelizer: rasterizing object 1
Rasterizer::rasterize:
	22 trials
	total = 15.7668 s
	mean  = 0.716675 s
	var   = 0.030615 s^2, std = 0.174971 s
	min   = 0.194251 s
	max   = 0.952767 s


PrintJobVoxelizer: voxelizing objects
Object 1 ROI: [0 0 0] --> [1418 454 50]
GWNSampleFloodVoxelizer: number of samples: 237
GWNSampleFloodVoxelizer: samples evaluated
GWNSampleFloodVoxelizer: adaptive threshold = 0.498039
GWNSampleFloodVoxelizer: flooding complete
Voxelization: solid angle evaluations per voxel: 0.218483

GWNSampleFloodVoxelizer::voxelize:
	22 trials
	total = 43.935 s
	mean  = 1.99704 s
	var   = 0.0100435 s^2, std = 0.100217 s
	min   = 1.79823 s
	max   = 2.21996 s

GWNSampleFloodVoxelizer::initIndicator:
	22 trials
	total = 4.01332 s
	mean  = 0.182424 s
	var   = 4.74439e-005 s^2, std = 0.00688795 s
	min   = 0.175807 s
	max   = 0.200439 s

GWNSampleFloodVoxelizer::selectSamples:
	22 trials
	total = 4.93725 s
	mean  = 0.22442 s
	var   = 2.94881e-005 s^2, std = 0.00543029 s
	min   = 0.216861 s
	max   = 0.245022 s

GWNSampleFloodVoxelizer::evaluateSamples:
	22 trials
	total = 4.52885 s
	mean  = 0.205857 s
	var   = 0.00578023 s^2, std = 0.0760278 s
	min   = 0.042476 s
	max   = 0.386747 s

GWNSampleFloodVoxelizer::flood:
	22 trials
	total = 29.4532 s
	mean  = 1.33878 s
	var   = 0.00132434 s^2, std = 0.0363915 s
	min   = 1.27738 s
	max   = 1.3944 s


PrintJobVoxelizer: finalizing surfaces
PrintJobVoxelizer: 4240518 surface voxels
PrintJobVoxelizer: getting output subset
PrintJobVoxelizer: updating slice indices
TonalValueCalculator:  runs 15:58:29
slices [1049, 1099):
	channel 0: occupancy (dense)
	channel 1: opticalFeature (sparse)

SurfaceDistanceOrderedTransfer:  runs 15:58:29
slices [1023, 1099):
	channel 0: occupancy (dense)
	channel 1: surfaceDist (dense)

SurfaceDistanceOrderedTransfer: 1023 1049 1073
LayerExtractor:  runs 15:58:30
slices [1021, 1073):
	channel 0: occupancy (dense)
	channel 1: surfaceDist (dense)
	channel 2: layer_000 (sparse)
	channel 3: layer_001 (sparse)
	channel 4: layer_002 (sparse)
	channel 5: layer_003 (sparse)
	channel 6: layer_004 (sparse)
	channel 7: layer_005 (sparse)
	channel 8: layer_006 (sparse)
	channel 9: layer_007 (sparse)

TonalLinearizer:  runs 15:58:31
slices [1022, 1072):
	channel 0: occupancy (dense)
	channel 1: surfaceDist (dense)
	channel 2: layer_000 (sparse)
	channel 3: layer_001 (sparse)
	channel 4: layer_002 (sparse)
	channel 5: layer_003 (sparse)
	channel 6: layer_004 (sparse)
	channel 7: layer_005 (sparse)
	channel 8: layer_006 (sparse)
	channel 9: layer_007 (sparse)

VectorLayerHalftoner: VectorLayerHalftoner error: no tonal values available

VectorLayerHalftoner:  runs 15:58:31
slices [1010, 1072):
	channel 0: occupancy (dense)
	channel 1: surfaceDist (dense)
	channel 2: layer_000 (sparse)
	channel 3: layer_001 (sparse)
	channel 4: layer_002 (sparse)
	channel 5: layer_003 (sparse)
	channel 6: layer_004 (sparse)
	channel 7: layer_005 (sparse)
	channel 8: layer_006 (sparse)
	channel 9: layer_007 (sparse)
	channel 10: intermedTonal_0 (sparse)
	channel 11: intermedTonal_1 (sparse)
	channel 12: intermedTonal_2 (sparse)
	channel 13: intermedTonal_3 (sparse)
	channel 14: intermedTonal_4 (sparse)
	channel 15: intermedTonal_5 (sparse)
	channel 16: intermedTonal_6 (sparse)
	channel 17: intermedTonal_7 (sparse)
	channel 18: quantizedTonal (sparse)
	channel 19: errorDiffInfo2 (sparse)
	channel 20: distanceToEmpty (sparse)
	channel 21: errorDiffInfo3 (sparse)
	channel 22: errorDiffInfo4 (sparse)
	channel 23: errorDiffInfo5 (sparse)
	channel 24: errorDiffInfo6 (sparse)
	channel 25: errorDiffInfo7 (sparse)
	channel 26: errorDiffInfo8 (sparse)
	channel 27: errorDiffInfo9 (sparse)

SlaveReporter:  runs 15:58:35
slices [1010, 1060):
	channel 0: material (dense)
	channel 1: occupancy (dense)

PrintJobVoxelizer:  runs 15:58:46

PrintJobVoxelizer: setting up slices
PrintJobVoxelizer: rasterizing objects
PrintJobVoxelizer: creating rasterizer
PrintJobVoxelizer: rasterizing object 1
Rasterizer::rasterize:
	23 trials
	total = 15.9652 s
	mean  = 0.69414 s
	var   = 0.0409029 s^2, std = 0.202245 s
	min   = 0.194251 s
	max   = 0.952767 s


PrintJobVoxelizer: voxelizing objects
Object 1 ROI: [0 0 0] --> [1418 454 50]
GWNSampleFloodVoxelizer: number of samples: 194
GWNSampleFloodVoxelizer: samples evaluated
GWNSampleFloodVoxelizer: adaptive threshold = 0.498039
GWNSampleFloodVoxelizer: flooding complete
Voxelization: solid angle evaluations per voxel: 0.136057

GWNSampleFloodVoxelizer::voxelize:
	23 trials
	total = 45.7793 s
	mean  = 1.99041 s
	var   = 0.0106005 s^2, std = 0.102959 s
	min   = 1.79823 s
	max   = 2.21996 s

GWNSampleFloodVoxelizer::initIndicator:
	23 trials
	total = 4.19157 s
	mean  = 0.182242 s
	var   = 4.60447e-005 s^2, std = 0.00678563 s
	min   = 0.175807 s
	max   = 0.200439 s

GWNSampleFloodVoxelizer::selectSamples:
	23 trials
	total = 5.15913 s
	mean  = 0.22431 s
	var   = 2.84287e-005 s^2, std = 0.00533186 s
	min   = 0.216861 s
	max   = 0.245022 s

GWNSampleFloodVoxelizer::evaluateSamples:
	23 trials
	total = 4.60476 s
	mean  = 0.200207 s
	var   = 0.00625168 s^2, std = 0.0790676 s
	min   = 0.042476 s
	max   = 0.386747 s

GWNSampleFloodVoxelizer::flood:
	23 trials
	total = 30.7815 s
	mean  = 1.33833 s
	var   = 0.00126894 s^2, std = 0.0356222 s
	min   = 1.27738 s
	max   = 1.3944 s


PrintJobVoxelizer: finalizing surfaces
PrintJobVoxelizer: 4266807 surface voxels
PrintJobVoxelizer: getting output subset
PrintJobVoxelizer: updating slice indices
TonalValueCalculator:  runs 15:58:48
slices [1099, 1149):
	channel 0: occupancy (dense)
	channel 1: opticalFeature (sparse)

SurfaceDistanceOrderedTransfer:  runs 15:58:48
slices [1073, 1149):
	channel 0: occupancy (dense)
	channel 1: surfaceDist (dense)

SurfaceDistanceOrderedTransfer: 1073 1099 1123
LayerExtractor:  runs 15:58:49
slices [1071, 1123):
	channel 0: occupancy (dense)
	channel 1: surfaceDist (dense)
	channel 2: layer_000 (sparse)
	channel 3: layer_001 (sparse)
	channel 4: layer_002 (sparse)
	channel 5: layer_003 (sparse)
	channel 6: layer_004 (sparse)
	channel 7: layer_005 (sparse)
	channel 8: layer_006 (sparse)
	channel 9: layer_007 (sparse)

TonalLinearizer:  runs 15:58:49
slices [1072, 1122):
	channel 0: occupancy (dense)
	channel 1: surfaceDist (dense)
	channel 2: layer_000 (sparse)
	channel 3: layer_001 (sparse)
	channel 4: layer_002 (sparse)
	channel 5: layer_003 (sparse)
	channel 6: layer_004 (sparse)
	channel 7: layer_005 (sparse)
	channel 8: layer_006 (sparse)
	channel 9: layer_007 (sparse)

VectorLayerHalftoner: VectorLayerHalftoner error: no tonal values available

VectorLayerHalftoner:  runs 15:58:49
slices [1060, 1122):
	channel 0: occupancy (dense)
	channel 1: surfaceDist (dense)
	channel 2: layer_000 (sparse)
	channel 3: layer_001 (sparse)
	channel 4: layer_002 (sparse)
	channel 5: layer_003 (sparse)
	channel 6: layer_004 (sparse)
	channel 7: layer_005 (sparse)
	channel 8: layer_006 (sparse)
	channel 9: layer_007 (sparse)
	channel 10: intermedTonal_0 (sparse)
	channel 11: intermedTonal_1 (sparse)
	channel 12: intermedTonal_2 (sparse)
	channel 13: intermedTonal_3 (sparse)
	channel 14: intermedTonal_4 (sparse)
	channel 15: intermedTonal_5 (sparse)
	channel 16: intermedTonal_6 (sparse)
	channel 17: intermedTonal_7 (sparse)
	channel 18: quantizedTonal (sparse)
	channel 19: errorDiffInfo2 (sparse)
	channel 20: distanceToEmpty (sparse)
	channel 21: errorDiffInfo3 (sparse)
	channel 22: errorDiffInfo4 (sparse)
	channel 23: errorDiffInfo5 (sparse)
	channel 24: errorDiffInfo6 (sparse)
	channel 25: errorDiffInfo7 (sparse)
	channel 26: errorDiffInfo8 (sparse)
	channel 27: errorDiffInfo9 (sparse)

SlaveReporter:  runs 15:58:53
slices [1060, 1110):
	channel 0: material (dense)
	channel 1: occupancy (dense)

PrintJobVoxelizer:  runs 15:59:5

PrintJobVoxelizer: setting up slices
PrintJobVoxelizer: rasterizing objects
PrintJobVoxelizer: creating rasterizer
PrintJobVoxelizer: rasterizing object 1
Rasterizer::rasterize:
	24 trials
	total = 16.106 s
	mean  = 0.671082 s
	var   = 0.0518845 s^2, std = 0.227782 s
	min   = 0.140751 s
	max   = 0.952767 s


PrintJobVoxelizer: voxelizing objects
Object 1 ROI: [0 0 0] --> [1418 454 15]
GWNSampleFloodVoxelizer: number of samples: 246
GWNSampleFloodVoxelizer: samples evaluated
GWNSampleFloodVoxelizer: adaptive threshold = 0.498039
GWNSampleFloodVoxelizer: flooding complete
Voxelization: solid angle evaluations per voxel: 0.312278

GWNSampleFloodVoxelizer::voxelize:
	24 trials
	total = 46.3732 s
	mean  = 1.93222 s
	var   = 0.0914037 s^2, std = 0.30233 s
	min   = 0.593861 s
	max   = 2.21996 s

GWNSampleFloodVoxelizer::initIndicator:
	24 trials
	total = 4.24618 s
	mean  = 0.176924 s
	var   = 0.000722791 s^2, std = 0.0268848 s
	min   = 0.05461 s
	max   = 0.200439 s

GWNSampleFloodVoxelizer::selectSamples:
	24 trials
	total = 5.24416 s
	mean  = 0.218507 s
	var   = 0.000835421 s^2, std = 0.0289037 s
	min   = 0.085035 s
	max   = 0.245022 s

GWNSampleFloodVoxelizer::evaluateSamples:
	24 trials
	total = 4.65951 s
	mean  = 0.194146 s
	var   = 0.00686134 s^2, std = 0.0828332 s
	min   = 0.042476 s
	max   = 0.386747 s

GWNSampleFloodVoxelizer::flood:
	24 trials
	total = 31.1659 s
	mean  = 1.29858 s
	var   = 0.0391277 s^2, std = 0.197807 s
	min   = 0.384421 s
	max   = 1.3944 s


PrintJobVoxelizer: finalizing surfaces
PrintJobVoxelizer: 4270183 surface voxels
PrintJobVoxelizer: getting output subset
PrintJobVoxelizer: updating slice indices
TonalValueCalculator:  runs 15:59:6
slices [1149, 1165):
	channel 0: occupancy (dense)
	channel 1: opticalFeature (sparse)

SurfaceDistanceOrderedTransfer:  runs 15:59:6
slices [1123, 1165):
	channel 0: occupancy (dense)
	channel 1: surfaceDist (dense)

SurfaceDistanceOrderedTransfer: 1123 1149 1165
LayerExtractor:  runs 15:59:7
slices [1121, 1165):
	channel 0: occupancy (dense)
	channel 1: surfaceDist (dense)
	channel 2: layer_000 (sparse)
	channel 3: layer_001 (sparse)
	channel 4: layer_002 (sparse)
	channel 5: layer_003 (sparse)
	channel 6: layer_004 (sparse)
	channel 7: layer_005 (sparse)
	channel 8: layer_006 (sparse)
	channel 9: layer_007 (sparse)

TonalLinearizer:  runs 15:59:7
slices [1122, 1165):
	channel 0: occupancy (dense)
	channel 1: surfaceDist (dense)
	channel 2: layer_000 (sparse)
	channel 3: layer_001 (sparse)
	channel 4: layer_002 (sparse)
	channel 5: layer_003 (sparse)
	channel 6: layer_004 (sparse)
	channel 7: layer_005 (sparse)
	channel 8: layer_006 (sparse)
	channel 9: layer_007 (sparse)

VectorLayerHalftoner: VectorLayerHalftoner error: no tonal values available

VectorLayerHalftoner:  runs 15:59:7
slices [1110, 1165):
	channel 0: occupancy (dense)
	channel 1: surfaceDist (dense)
	channel 2: layer_000 (sparse)
	channel 3: layer_001 (sparse)
	channel 4: layer_002 (sparse)
	channel 5: layer_003 (sparse)
	channel 6: layer_004 (sparse)
	channel 7: layer_005 (sparse)
	channel 8: layer_006 (sparse)
	channel 9: layer_007 (sparse)
	channel 10: intermedTonal_0 (sparse)
	channel 11: intermedTonal_1 (sparse)
	channel 12: intermedTonal_2 (sparse)
	channel 13: intermedTonal_3 (sparse)
	channel 14: intermedTonal_4 (sparse)
	channel 15: intermedTonal_5 (sparse)
	channel 16: intermedTonal_6 (sparse)
	channel 17: intermedTonal_7 (sparse)
	channel 18: quantizedTonal (sparse)
	channel 19: errorDiffInfo2 (sparse)
	channel 20: distanceToEmpty (sparse)
	channel 21: errorDiffInfo3 (sparse)
	channel 22: errorDiffInfo4 (sparse)
	channel 23: errorDiffInfo5 (sparse)
	channel 24: errorDiffInfo6 (sparse)
	channel 25: errorDiffInfo7 (sparse)
	channel 26: errorDiffInfo8 (sparse)
	channel 27: errorDiffInfo9 (sparse)

SlaveReporter:  runs 15:59:10
slices [1110, 1165):
	channel 0: material (dense)
	channel 1: occupancy (dense)

Computation finished 

Status: success
Slave Node  2 :Total execution time in seconds 496.736

