Warning:json file inside profile could not be parsed 

GL version: 4.4.0

Warning: there is no json file embedded inside profile 

FileParserPJ: initializing
PrintJobOrganizer: initializing
MasterPJDistributor: initializing
MasterMerger: initializing
SliceDebugger: initializing
FileParserPJ:  runs 16:19:30

FileParserPJ: loading OBJ file

244921 vertices
489840 faces

FileParserPJ: 245383 texture coordinates

FileParserPJ: 245383 vertices after duplication

FileParserPJ: //filer-igd2.igd.fraunhofer.de/igd-3dt/shared/3DModels/Head/HeadMTL/Head_Level3.obj parsed: 245383 vertices and 489840 faces

FileParserPJ: loading jpg file

FileParserPJ: loading OBJ file

244921 vertices
489840 faces

FileParserPJ: 245383 texture coordinates

FileParserPJ: 245383 vertices after duplication

FileParserPJ: //filer-igd2.igd.fraunhofer.de/igd-3dt/shared/3DModels/Head/HeadMTL/Head_Level3.obj parsed: 245383 vertices and 489840 faces

FileParserPJ: loading jpg file

FileParserPJ: loading OBJ file

244921 vertices
489840 faces

FileParserPJ: 245383 texture coordinates

FileParserPJ: 245383 vertices after duplication

FileParserPJ: //filer-igd2.igd.fraunhofer.de/igd-3dt/shared/3DModels/Head/HeadMTL/Head_Level3.obj parsed: 245383 vertices and 489840 faces

FileParserPJ: loading jpg file

FileParserPJ: loading OBJ file

244921 vertices
489840 faces

FileParserPJ: 245383 texture coordinates

FileParserPJ: 245383 vertices after duplication

FileParserPJ: //filer-igd2.igd.fraunhofer.de/igd-3dt/shared/3DModels/Head/HeadMTL/Head_Level3.obj parsed: 245383 vertices and 489840 faces

FileParserPJ: loading jpg file

FileParserPJ: loading OBJ file

244921 vertices
489840 faces

FileParserPJ: 245383 texture coordinates

FileParserPJ: 245383 vertices after duplication

FileParserPJ: //filer-igd2.igd.fraunhofer.de/igd-3dt/shared/3DModels/Head/HeadMTL/Head_Level3.obj parsed: 245383 vertices and 489840 faces

FileParserPJ: loading jpg file

FileParserPJ: loading OBJ file

244921 vertices
489840 faces

FileParserPJ: 245383 texture coordinates

FileParserPJ: 245383 vertices after duplication

FileParserPJ: //filer-igd2.igd.fraunhofer.de/igd-3dt/shared/3DModels/Head/HeadMTL/Head_Level3.obj parsed: 245383 vertices and 489840 faces

FileParserPJ: loading jpg file

FileParserPJ: loading OBJ file

244921 vertices
489840 faces

FileParserPJ: 245383 texture coordinates

FileParserPJ: 245383 vertices after duplication

FileParserPJ: //filer-igd2.igd.fraunhofer.de/igd-3dt/shared/3DModels/Head/HeadMTL/Head_Level3.obj parsed: 245383 vertices and 489840 faces

FileParserPJ: loading jpg file

FileParserPJ: loading OBJ file

244921 vertices
489840 faces

FileParserPJ: 245383 texture coordinates

FileParserPJ: 245383 vertices after duplication

FileParserPJ: //filer-igd2.igd.fraunhofer.de/igd-3dt/shared/3DModels/Head/HeadMTL/Head_Level3.obj parsed: 245383 vertices and 489840 faces

FileParserPJ: loading jpg file

FileParserPJ: loading OBJ file

244921 vertices
489840 faces

FileParserPJ: 245383 texture coordinates

FileParserPJ: 245383 vertices after duplication

FileParserPJ: //filer-igd2.igd.fraunhofer.de/igd-3dt/shared/3DModels/Head/HeadMTL/Head_Level3.obj parsed: 245383 vertices and 489840 faces

FileParserPJ: loading jpg file

FileParserPJ: loading OBJ file

244921 vertices
489840 faces

FileParserPJ: 245383 texture coordinates

FileParserPJ: 245383 vertices after duplication

FileParserPJ: //filer-igd2.igd.fraunhofer.de/igd-3dt/shared/3DModels/Head/HeadMTL/Head_Level3.obj parsed: 245383 vertices and 489840 faces

FileParserPJ: loading jpg file

FileParserPJ: Input files parsed

PrintJobOrganizer:  runs 16:20:5

centering objects at origin
optimizing rotation for height
scaling objects
optimizing rotation for support use
PrintJobOrganizer: support cost         = 25.4851
support cost flipped = 22.9004

PrintJobOrganizer: support cost         = 25.4851
support cost flipped = 22.9004

PrintJobOrganizer: support cost         = 25.4851
support cost flipped = 22.9004

PrintJobOrganizer: support cost         = 25.4851
support cost flipped = 22.9004

PrintJobOrganizer: support cost         = 25.4851
support cost flipped = 22.9004

PrintJobOrganizer: support cost         = 25.4851
support cost flipped = 22.9004

PrintJobOrganizer: support cost         = 25.4851
support cost flipped = 22.9004

PrintJobOrganizer: support cost         = 25.4851
support cost flipped = 22.9004

PrintJobOrganizer: support cost         = 25.4851
support cost flipped = 22.9004

PrintJobOrganizer: support cost         = 25.4851
support cost flipped = 22.9004

arranging objects in 2D
validating object placement
PrintJobOrganizer: print object 1 print-space bounding box: (0.00211667, 0.00423333, 0.00135106), (8.00212, 5.12195, 4.19435)
PrintJobOrganizer: print object 2 print-space bounding box: (0.00211667, 5.32195, 0.00135106), (8.00212, 10.4397, 4.19435)
PrintJobOrganizer: print object 3 print-space bounding box: (0.00211667, 10.6397, 0.00135106), (8.00212, 15.7574, 4.19435)
PrintJobOrganizer: print object 4 print-space bounding box: (0.00211667, 15.9574, 0.00135106), (8.00212, 21.0751, 4.19435)
PrintJobOrganizer: print object 5 print-space bounding box: (0.00211667, 21.2751, 0.00135106), (8.00212, 26.3928, 4.19435)
PrintJobOrganizer: print object 6 print-space bounding box: (0.00211667, 26.5928, 0.00135106), (8.00212, 31.7106, 4.19435)
PrintJobOrganizer: print object 7 print-space bounding box: (0.00211667, 31.9106, 0.00135106), (8.00212, 37.0283, 4.19435)
PrintJobOrganizer: print object 8 print-space bounding box: (8.20212, 0.00423333, 0.00135106), (16.2021, 5.12195, 4.19435)
PrintJobOrganizer: print object 9 print-space bounding box: (8.20212, 5.32195, 0.00135106), (16.2021, 10.4397, 4.19435)
PrintJobOrganizer: print object 10 print-space bounding box: (8.20212, 10.6397, 0.00135106), (16.2021, 15.7574, 4.19435)
saving transforms to file
MasterPJDistributor:  runs 16:20:7

MasterPJDistributor::runInternal
MasterMerger:  runs 16:20:36

MasterMerger::runInternal
MasterMerger: metadata for thread : 1

MasterMerger: received height : 1559

MasterMerger: received width : 946

MasterMerger: received num of slices : 777

MasterMerger: received chunk size : 10

MasterMerger: received path : 

MasterMerger: metadata for thread : 2

MasterMerger: received height : 2187

MasterMerger: received width : 1914

MasterMerger: received num of slices : 777

MasterMerger: received chunk size : 10

MasterMerger: received path : 

MasterMerger: m_fullSliceHt : 2187

MasterMerger: m_fullSliceWidth : 1914

MasterMerger: m_numSlices : 777

MasterMerger: m_chunkSize : 10

MasterMerger::addSlice called

SliceDebugger:  runs 16:21:45
slices [0, 10):
	channel 0: material (dense)

MasterMerger:  runs 16:21:46

SliceDebugger:  runs 16:23:16
slices [10, 20):
	channel 0: material (dense)

MasterMerger:  runs 16:23:17

SliceDebugger:  runs 16:24:53
slices [20, 30):
	channel 0: material (dense)

MasterMerger:  runs 16:24:53

SliceDebugger:  runs 16:26:44
slices [30, 40):
	channel 0: material (dense)

MasterMerger:  runs 16:26:45

SliceDebugger:  runs 16:28:37
slices [40, 50):
	channel 0: material (dense)

MasterMerger:  runs 16:28:37

SliceDebugger:  runs 16:30:32
slices [50, 60):
	channel 0: material (dense)

MasterMerger:  runs 16:30:33

SliceDebugger:  runs 16:32:28
slices [60, 70):
	channel 0: material (dense)

MasterMerger:  runs 16:32:28

SliceDebugger:  runs 16:34:32
slices [70, 80):
	channel 0: material (dense)

MasterMerger:  runs 16:34:32

SliceDebugger:  runs 16:36:37
slices [80, 90):
	channel 0: material (dense)

MasterMerger:  runs 16:36:38

SliceDebugger:  runs 16:38:32
slices [90, 100):
	channel 0: material (dense)

MasterMerger:  runs 16:38:32

SliceDebugger:  runs 16:40:27
slices [100, 110):
	channel 0: material (dense)

MasterMerger:  runs 16:40:28

SliceDebugger:  runs 16:42:19
slices [110, 120):
	channel 0: material (dense)

MasterMerger:  runs 16:42:20

SliceDebugger:  runs 16:44:19
slices [120, 130):
	channel 0: material (dense)

MasterMerger:  runs 16:44:20

SliceDebugger:  runs 16:46:17
slices [130, 140):
	channel 0: material (dense)

MasterMerger:  runs 16:46:18

SliceDebugger:  runs 16:47:59
slices [140, 150):
	channel 0: material (dense)

MasterMerger:  runs 16:48:0

SliceDebugger:  runs 16:49:11
slices [150, 160):
	channel 0: material (dense)

MasterMerger:  runs 16:49:12

SliceDebugger:  runs 16:49:12
slices [160, 170):
	channel 0: material (dense)

MasterMerger:  runs 16:49:13

SliceDebugger:  runs 16:49:13
slices [170, 180):
	channel 0: material (dense)

MasterMerger:  runs 16:49:14

SliceDebugger:  runs 16:49:14
slices [180, 190):
	channel 0: material (dense)

MasterMerger:  runs 16:49:15

SliceDebugger:  runs 16:49:15
slices [190, 200):
	channel 0: material (dense)

MasterMerger:  runs 16:49:15

SliceDebugger:  runs 16:49:16
slices [200, 210):
	channel 0: material (dense)

MasterMerger:  runs 16:49:16

SliceDebugger:  runs 16:49:16
slices [210, 220):
	channel 0: material (dense)

MasterMerger:  runs 16:49:17

SliceDebugger:  runs 16:49:17
slices [220, 230):
	channel 0: material (dense)

MasterMerger:  runs 16:49:18

SliceDebugger:  runs 16:49:18
slices [230, 240):
	channel 0: material (dense)

MasterMerger:  runs 16:49:19

SliceDebugger:  runs 16:49:19
slices [240, 250):
	channel 0: material (dense)

MasterMerger:  runs 16:49:20

SliceDebugger:  runs 16:49:20
slices [250, 260):
	channel 0: material (dense)

MasterMerger:  runs 16:49:21

SliceDebugger:  runs 16:49:21
slices [260, 270):
	channel 0: material (dense)

MasterMerger:  runs 16:49:22

SliceDebugger:  runs 16:49:22
slices [270, 280):
	channel 0: material (dense)

MasterMerger:  runs 16:49:22

SliceDebugger:  runs 16:49:23
slices [280, 290):
	channel 0: material (dense)

MasterMerger:  runs 16:49:23

SliceDebugger:  runs 16:49:23
slices [290, 300):
	channel 0: material (dense)

MasterMerger:  runs 16:49:24

SliceDebugger:  runs 16:49:24
slices [300, 310):
	channel 0: material (dense)

MasterMerger:  runs 16:49:25

SliceDebugger:  runs 16:49:25
slices [310, 320):
	channel 0: material (dense)

MasterMerger:  runs 16:49:26

SliceDebugger:  runs 16:49:26
slices [320, 330):
	channel 0: material (dense)

MasterMerger:  runs 16:49:27

SliceDebugger:  runs 16:49:27
slices [330, 340):
	channel 0: material (dense)

MasterMerger:  runs 16:49:28

SliceDebugger:  runs 16:49:28
slices [340, 350):
	channel 0: material (dense)

MasterMerger:  runs 16:49:28

SliceDebugger:  runs 16:49:29
slices [350, 360):
	channel 0: material (dense)

MasterMerger:  runs 16:49:29

SliceDebugger:  runs 16:49:29
slices [360, 370):
	channel 0: material (dense)

MasterMerger:  runs 16:49:30

SliceDebugger:  runs 16:49:30
slices [370, 380):
	channel 0: material (dense)

MasterMerger:  runs 16:49:31

SliceDebugger:  runs 16:49:31
slices [380, 390):
	channel 0: material (dense)

MasterMerger:  runs 16:49:32

SliceDebugger:  runs 16:49:32
slices [390, 400):
	channel 0: material (dense)

MasterMerger:  runs 16:49:33

SliceDebugger:  runs 16:49:33
slices [400, 410):
	channel 0: material (dense)

MasterMerger:  runs 16:49:34

SliceDebugger:  runs 16:49:34
slices [410, 420):
	channel 0: material (dense)

MasterMerger:  runs 16:49:35

SliceDebugger:  runs 16:49:35
slices [420, 430):
	channel 0: material (dense)

MasterMerger:  runs 16:49:35

SliceDebugger:  runs 16:49:35
slices [430, 440):
	channel 0: material (dense)

MasterMerger:  runs 16:49:36

SliceDebugger:  runs 16:49:36
slices [440, 450):
	channel 0: material (dense)

MasterMerger:  runs 16:49:37

SliceDebugger:  runs 16:49:37
slices [450, 460):
	channel 0: material (dense)

MasterMerger:  runs 16:49:38

SliceDebugger:  runs 16:49:38
slices [460, 470):
	channel 0: material (dense)

MasterMerger:  runs 16:49:39

SliceDebugger:  runs 16:49:39
slices [470, 480):
	channel 0: material (dense)

MasterMerger:  runs 16:49:40

SliceDebugger:  runs 16:49:40
slices [480, 490):
	channel 0: material (dense)

MasterMerger:  runs 16:49:41

SliceDebugger:  runs 16:49:41
slices [490, 500):
	channel 0: material (dense)

MasterMerger:  runs 16:49:41

SliceDebugger:  runs 16:49:42
slices [500, 510):
	channel 0: material (dense)

MasterMerger:  runs 16:49:42

SliceDebugger:  runs 16:49:42
slices [510, 520):
	channel 0: material (dense)

MasterMerger:  runs 16:49:43

SliceDebugger:  runs 16:49:43
slices [520, 530):
	channel 0: material (dense)

MasterMerger:  runs 16:49:44

SliceDebugger:  runs 16:49:44
slices [530, 540):
	channel 0: material (dense)

MasterMerger:  runs 16:49:45

SliceDebugger:  runs 16:49:45
slices [540, 550):
	channel 0: material (dense)

MasterMerger:  runs 16:49:46

SliceDebugger:  runs 16:49:46
slices [550, 560):
	channel 0: material (dense)

MasterMerger:  runs 16:49:47

SliceDebugger:  runs 16:49:47
slices [560, 570):
	channel 0: material (dense)

MasterMerger:  runs 16:49:47

SliceDebugger:  runs 16:49:48
slices [570, 580):
	channel 0: material (dense)

MasterMerger:  runs 16:49:48

SliceDebugger:  runs 16:49:48
slices [580, 590):
	channel 0: material (dense)

MasterMerger:  runs 16:49:49

SliceDebugger:  runs 16:49:49
slices [590, 600):
	channel 0: material (dense)

MasterMerger:  runs 16:49:50

SliceDebugger:  runs 16:49:50
slices [600, 610):
	channel 0: material (dense)

MasterMerger:  runs 16:49:51

SliceDebugger:  runs 16:49:51
slices [610, 620):
	channel 0: material (dense)

MasterMerger:  runs 16:49:52

SliceDebugger:  runs 16:49:52
slices [620, 630):
	channel 0: material (dense)

MasterMerger:  runs 16:49:53

SliceDebugger:  runs 16:49:53
slices [630, 640):
	channel 0: material (dense)

MasterMerger:  runs 16:49:53

SliceDebugger:  runs 16:49:54
slices [640, 650):
	channel 0: material (dense)

MasterMerger:  runs 16:49:54

SliceDebugger:  runs 16:49:54
slices [650, 660):
	channel 0: material (dense)

MasterMerger:  runs 16:49:55

SliceDebugger:  runs 16:49:55
slices [660, 670):
	channel 0: material (dense)

MasterMerger:  runs 16:49:56

SliceDebugger:  runs 16:49:56
slices [670, 680):
	channel 0: material (dense)

MasterMerger:  runs 16:49:57

SliceDebugger:  runs 16:49:57
slices [680, 690):
	channel 0: material (dense)

MasterMerger:  runs 16:49:58

SliceDebugger:  runs 16:49:58
slices [690, 700):
	channel 0: material (dense)

MasterMerger:  runs 16:49:59

SliceDebugger:  runs 16:49:59
slices [700, 710):
	channel 0: material (dense)

MasterMerger:  runs 16:49:59

SliceDebugger:  runs 16:50:0
slices [710, 720):
	channel 0: material (dense)

MasterMerger:  runs 16:50:0

SliceDebugger:  runs 16:50:0
slices [720, 730):
	channel 0: material (dense)

MasterMerger:  runs 16:50:1

SliceDebugger:  runs 16:50:1
slices [730, 740):
	channel 0: material (dense)

MasterMerger:  runs 16:50:2

SliceDebugger:  runs 16:50:2
slices [740, 750):
	channel 0: material (dense)

MasterMerger:  runs 16:50:3

SliceDebugger:  runs 16:50:3
slices [750, 760):
	channel 0: material (dense)

MasterMerger:  runs 16:50:4

SliceDebugger:  runs 16:50:4
slices [760, 770):
	channel 0: material (dense)

MasterMerger:  runs 16:50:4

SliceDebugger:  runs 16:50:4
slices [770, 777):
	channel 0: material (dense)

Computation finished 

Status: success
Master Node  0 :Total execution time in seconds 1835.05

