SlavePrintingSoftware::startUp:
	1 trials
	total = 0.287851 s
	mean  = 0.287851 s
	var   = 0 s^2, std = 0 s
	min   = 0.287851 s
	max   = 0.287851 s

PrintingSoftware::execute:
	1 trials
	total = 569.178 s
	mean  = 569.178 s
	var   = 0 s^2, std = 0 s
	min   = 569.178 s
	max   = 569.178 s

DistributedComputingInitiator::Receive:
	1 trials
	total = 21.5371 s
	mean  = 21.5371 s
	var   = 0 s^2, std = 0 s
	min   = 21.5371 s
	max   = 21.5371 s

FileParserPJ::setInput:
	1 trials
	total = 0 s
	mean  = 0 s
	var   = 0 s^2, std = 0 s
	min   = 0 s
	max   = 0 s

FileParserPJ::runInternal:
	1 trials
	total = 10.7497 s
	mean  = 10.7497 s
	var   = 0 s^2, std = 0 s
	min   = 10.7497 s
	max   = 10.7497 s

PrintJobOrganizer::setInput:
	1 trials
	total = 0.002544 s
	mean  = 0.002544 s
	var   = 0 s^2, std = 0 s
	min   = 0.002544 s
	max   = 0.002544 s

PrintJobOrganizer::runInternal:
	1 trials
	total = 0.632175 s
	mean  = 0.632175 s
	var   = 0 s^2, std = 0 s
	min   = 0.632175 s
	max   = 0.632175 s

PrintJobPreprocessor::setInput:
	1 trials
	total = 0 s
	mean  = 0 s
	var   = 0 s^2, std = 0 s
	min   = 0 s
	max   = 0 s

PrintJobPreprocessor::runInternal:
	1 trials
	total = 2.81454 s
	mean  = 2.81454 s
	var   = 0 s^2, std = 0 s
	min   = 2.81454 s
	max   = 2.81454 s

PrintJobVoxelizer::setInput:
	16 trials
	total = 0 s
	mean  = 0 s
	var   = 0 s^2, std = 0 s
	min   = 0 s
	max   = 0 s

PrintJobVoxelizer::runInternal:
	16 trials
	total = 122.055 s
	mean  = 7.62844 s
	var   = 1.38687 s^2, std = 1.17765 s
	min   = 3.72409 s
	max   = 9.06625 s

PrintJobVoxelizer::rasterizeObjects:
	16 trials
	total = 29.4641 s
	mean  = 1.8415 s
	var   = 0.332162 s^2, std = 0.576335 s
	min   = 0.530453 s
	max   = 2.49522 s

PrintJobVoxelizer::voxelizeObjects:
	16 trials
	total = 89.4283 s
	mean  = 5.58927 s
	var   = 0.497215 s^2, std = 0.705135 s
	min   = 3.09893 s
	max   = 6.37446 s

PrintJobVoxelizer::finalizeSurfaces:
	16 trials
	total = 1.05137 s
	mean  = 0.0657109 s
	var   = 0.000181912 s^2, std = 0.0134875 s
	min   = 0.024651 s
	max   = 0.076292 s

TonalValueCalculator::setInput:
	16 trials
	total = 0 s
	mean  = 0 s
	var   = 0 s^2, std = 0 s
	min   = 0 s
	max   = 0 s

TonalValueCalculator::runInternal:
	16 trials
	total = 0.806541 s
	mean  = 0.0504088 s
	var   = 0.000379989 s^2, std = 0.0194933 s
	min   = 0.00752 s
	max   = 0.08427 s

SurfaceDistanceOrderedTransfer::setInput:
	16 trials
	total = 0.001001 s
	mean  = 6.25625e-005 s
	var   = 6.26251e-008 s^2, std = 0.00025025 s
	min   = 0 s
	max   = 0.001001 s

SurfaceDistanceOrderedTransfer::runInternal:
	16 trials
	total = 56.2396 s
	mean  = 3.51497 s
	var   = 0.27659 s^2, std = 0.525918 s
	min   = 1.70051 s
	max   = 3.93488 s

SurfaceDistanceOrderedTransfer::buildOrderedSurfaceData:
	16 trials
	total = 1.03971 s
	mean  = 0.0649816 s
	var   = 0.00785797 s^2, std = 0.0886452 s
	min   = 0 s
	max   = 0.390538 s

SurfaceDistanceOrderedTransfer::fillDistanceChannel:
	16 trials
	total = 3.41101 s
	mean  = 0.213188 s
	var   = 0.00125925 s^2, std = 0.0354859 s
	min   = 0.086227 s
	max   = 0.24301 s

SurfaceDistanceOrderedTransfer::transfer:
	16 trials
	total = 51.0829 s
	mean  = 3.19268 s
	var   = 0.314534 s^2, std = 0.560833 s
	min   = 1.21522 s
	max   = 3.60307 s

SurfaceDistanceOrderedTransfer::mergeDistances:
	48 trials
	total = 3.54062 s
	mean  = 0.073763 s
	var   = 9.10866e-005 s^2, std = 0.00954393 s
	min   = 0.036596 s
	max   = 0.084738 s

SurfaceDistanceOrderedTransfer::applySqrt:
	16 trials
	total = 0.694959 s
	mean  = 0.0434349 s
	var   = 0.000339407 s^2, std = 0.018423 s
	min   = 0.007519 s
	max   = 0.084651 s

LayerExtractor::setInput:
	16 trials
	total = 0 s
	mean  = 0 s
	var   = 0 s^2, std = 0 s
	min   = 0 s
	max   = 0 s

LayerExtractor::runInternal:
	16 trials
	total = 20.1031 s
	mean  = 1.25644 s
	var   = 0.226066 s^2, std = 0.475464 s
	min   = 0.18098 s
	max   = 1.73829 s

VectorLayerHalftoner::setInput:
	16 trials
	total = 0.00562 s
	mean  = 0.00035125 s
	var   = 3.0225e-007 s^2, std = 0.000549772 s
	min   = 0 s
	max   = 0.001504 s

VectorLayerHalftoner::runInternal:
	16 trials
	total = 170.281 s
	mean  = 10.6426 s
	var   = 21.088 s^2, std = 4.59217 s
	min   = 1.27338 s
	max   = 16.9639 s

VectorLayerHalftoner(0)::setupOutputContainerSlaveReporter::serializeSlice:
	777 trials
	total = 535.877 s
	mean  = 0.689674 s
	var   = 0.385558 s^2, std = 0.620933 s
	min   = 0.410367 s
	max   = 6.6789 s

SlaveReporter::Send:
	22 trials
	total = 0 s
	mean  = 0 s
	var   = 0 s^2, std = 0 s
	min   = 0 s
	max   = 0 s

