SlavePrintingSoftware::startUp:
	1 trials
	total = 0.42188 s
	mean  = 0.42188 s
	var   = 0 s^2, std = 0 s
	min   = 0.42188 s
	max   = 0.42188 s

PrintingSoftware::execute:
	1 trials
	total = 435.664 s
	mean  = 435.664 s
	var   = 0 s^2, std = 0 s
	min   = 435.664 s
	max   = 435.664 s

DistributedComputingInitiator::Receive:
	1 trials
	total = 149.797 s
	mean  = 149.797 s
	var   = 0 s^2, std = 0 s
	min   = 149.797 s
	max   = 149.797 s

FileParserPJ::setInput:
	1 trials
	total = 0 s
	mean  = 0 s
	var   = 0 s^2, std = 0 s
	min   = 0 s
	max   = 0 s

FileParserPJ::runInternal:
	1 trials
	total = 5.04695 s
	mean  = 5.04695 s
	var   = 0 s^2, std = 0 s
	min   = 5.04695 s
	max   = 5.04695 s

PrintJobOrganizer::setInput:
	1 trials
	total = 0.015625 s
	mean  = 0.015625 s
	var   = 0 s^2, std = 0 s
	min   = 0.015625 s
	max   = 0.015625 s

PrintJobOrganizer::runInternal:
	1 trials
	total = 0.26562 s
	mean  = 0.26562 s
	var   = 0 s^2, std = 0 s
	min   = 0.26562 s
	max   = 0.26562 s

PrintJobPreprocessor::setInput:
	1 trials
	total = 0 s
	mean  = 0 s
	var   = 0 s^2, std = 0 s
	min   = 0 s
	max   = 0 s

PrintJobPreprocessor::runInternal:
	1 trials
	total = 1.15628 s
	mean  = 1.15628 s
	var   = 0 s^2, std = 0 s
	min   = 1.15628 s
	max   = 1.15628 s

PrintJobVoxelizer::setInput:
	16 trials
	total = 0 s
	mean  = 0 s
	var   = 0 s^2, std = 0 s
	min   = 0 s
	max   = 0 s

PrintJobVoxelizer::runInternal:
	16 trials
	total = 144.58 s
	mean  = 9.03624 s
	var   = 5.19492 s^2, std = 2.27924 s
	min   = 2.76566 s
	max   = 10.547 s

PrintJobVoxelizer::rasterizeObjects:
	16 trials
	total = 20.9534 s
	mean  = 1.30959 s
	var   = 0.212899 s^2, std = 0.46141 s
	min   = 0.359396 s
	max   = 1.81253 s

PrintJobVoxelizer::voxelizeObjects:
	16 trials
	total = 120.767 s
	mean  = 7.54795 s
	var   = 3.86748 s^2, std = 1.96659 s
	min   = 2.31253 s
	max   = 9.71888 s

PrintJobVoxelizer::finalizeSurfaces:
	16 trials
	total = 0.9843 s
	mean  = 0.0615187 s
	var   = 0.000178047 s^2, std = 0.0133434 s
	min   = 0.031233 s
	max   = 0.078126 s

TonalValueCalculator::setInput:
	16 trials
	total = 0 s
	mean  = 0 s
	var   = 0 s^2, std = 0 s
	min   = 0 s
	max   = 0 s

TonalValueCalculator::runInternal:
	16 trials
	total = 0.593754 s
	mean  = 0.0371096 s
	var   = 0.00054929 s^2, std = 0.0234369 s
	min   = 0 s
	max   = 0.078126 s

SurfaceDistanceOrderedTransfer::setInput:
	16 trials
	total = 0.015608 s
	mean  = 0.0009755 s
	var   = 1.52256e-005 s^2, std = 0.003902 s
	min   = 0 s
	max   = 0.015608 s

SurfaceDistanceOrderedTransfer::runInternal:
	16 trials
	total = 60.8916 s
	mean  = 3.80573 s
	var   = 0.314397 s^2, std = 0.560711 s
	min   = 1.82816 s
	max   = 4.14071 s

SurfaceDistanceOrderedTransfer::buildOrderedSurfaceData:
	16 trials
	total = 0.890663 s
	mean  = 0.0556664 s
	var   = 0.00683553 s^2, std = 0.0826773 s
	min   = 0 s
	max   = 0.35939 s

SurfaceDistanceOrderedTransfer::fillDistanceChannel:
	16 trials
	total = 2.96897 s
	mean  = 0.185561 s
	var   = 0.000940112 s^2, std = 0.0306612 s
	min   = 0.078128 s
	max   = 0.21877 s

SurfaceDistanceOrderedTransfer::transfer:
	16 trials
	total = 54.1256 s
	mean  = 3.38285 s
	var   = 0.338648 s^2, std = 0.581935 s
	min   = 1.3125 s
	max   = 3.70318 s

SurfaceDistanceOrderedTransfer::mergeDistances:
	48 trials
	total = 8.71911 s
	mean  = 0.181648 s
	var   = 0.000744211 s^2, std = 0.0272802 s
	min   = 0.078125 s
	max   = 0.203145 s

SurfaceDistanceOrderedTransfer::applySqrt:
	16 trials
	total = 2.90645 s
	mean  = 0.181653 s
	var   = 0.000777227 s^2, std = 0.0278788 s
	min   = 0.078136 s
	max   = 0.203148 s

LayerExtractor::setInput:
	16 trials
	total = 0 s
	mean  = 0 s
	var   = 0 s^2, std = 0 s
	min   = 0 s
	max   = 0 s

LayerExtractor::runInternal:
	16 trials
	total = 18.1566 s
	mean  = 1.13479 s
	var   = 0.21104 s^2, std = 0.459391 s
	min   = 0.218743 s
	max   = 1.78129 s

VectorLayerHalftoner::setInput:
	16 trials
	total = 0 s
	mean  = 0 s
	var   = 0 s^2, std = 0 s
	min   = 0 s
	max   = 0 s

VectorLayerHalftoner::runInternal:
	16 trials
	total = 148.112 s
	mean  = 9.25697 s
	var   = 25.7108 s^2, std = 5.07058 s
	min   = 1.29691 s
	max   = 16.5002 s

VectorLayerHalftoner(0)::setupOutputContainerSlaveReporter::serializeSlice:
	777 trials
	total = 353.928 s
	mean  = 0.455506 s
	var   = 0.144113 s^2, std = 0.379622 s
	min   = 0.296866 s
	max   = 3.9063 s

SlaveReporter::Send:
	22 trials
	total = 0 s
	mean  = 0 s
	var   = 0 s^2, std = 0 s
	min   = 0 s
	max   = 0 s

