SlavePrintingSoftware::startUp:
	1 trials
	total = 0.253451 s
	mean  = 0.253451 s
	var   = 0 s^2, std = 0 s
	min   = 0.253451 s
	max   = 0.253451 s

PrintingSoftware::execute:
	1 trials
	total = 755.766 s
	mean  = 755.766 s
	var   = 0 s^2, std = 0 s
	min   = 755.766 s
	max   = 755.766 s

DistributedComputingInitiator::Receive:
	1 trials
	total = 29.9889 s
	mean  = 29.9889 s
	var   = 0 s^2, std = 0 s
	min   = 29.9889 s
	max   = 29.9889 s

FileParserPJ::setInput:
	1 trials
	total = 0 s
	mean  = 0 s
	var   = 0 s^2, std = 0 s
	min   = 0 s
	max   = 0 s

FileParserPJ::runInternal:
	1 trials
	total = 13.3225 s
	mean  = 13.3225 s
	var   = 0 s^2, std = 0 s
	min   = 13.3225 s
	max   = 13.3225 s

PrintJobOrganizer::setInput:
	1 trials
	total = 0 s
	mean  = 0 s
	var   = 0 s^2, std = 0 s
	min   = 0 s
	max   = 0 s

PrintJobOrganizer::runInternal:
	1 trials
	total = 0.81938 s
	mean  = 0.81938 s
	var   = 0 s^2, std = 0 s
	min   = 0.81938 s
	max   = 0.81938 s

PrintJobPreprocessor::setInput:
	1 trials
	total = 0 s
	mean  = 0 s
	var   = 0 s^2, std = 0 s
	min   = 0 s
	max   = 0 s

PrintJobPreprocessor::runInternal:
	1 trials
	total = 3.88472 s
	mean  = 3.88472 s
	var   = 0 s^2, std = 0 s
	min   = 3.88472 s
	max   = 3.88472 s

PrintJobVoxelizer::setInput:
	16 trials
	total = 0 s
	mean  = 0 s
	var   = 0 s^2, std = 0 s
	min   = 0 s
	max   = 0 s

PrintJobVoxelizer::runInternal:
	16 trials
	total = 188.236 s
	mean  = 11.7647 s
	var   = 3.35532 s^2, std = 1.83175 s
	min   = 5.76323 s
	max   = 13.5551 s

PrintJobVoxelizer::rasterizeObjects:
	16 trials
	total = 38.6136 s
	mean  = 2.41335 s
	var   = 0.577347 s^2, std = 0.759834 s
	min   = 0.644034 s
	max   = 3.33299 s

PrintJobVoxelizer::voxelizeObjects:
	16 trials
	total = 145.575 s
	mean  = 9.09846 s
	var   = 1.81746 s^2, std = 1.34813 s
	min   = 4.98324 s
	max   = 10.2171 s

PrintJobVoxelizer::finalizeSurfaces:
	16 trials
	total = 1.39003 s
	mean  = 0.0868766 s
	var   = 0.000255366 s^2, std = 0.0159802 s
	min   = 0.038831 s
	max   = 0.101805 s

TonalValueCalculator::setInput:
	16 trials
	total = 0 s
	mean  = 0 s
	var   = 0 s^2, std = 0 s
	min   = 0 s
	max   = 0 s

TonalValueCalculator::runInternal:
	16 trials
	total = 0.954784 s
	mean  = 0.059674 s
	var   = 0.000802218 s^2, std = 0.0283235 s
	min   = 0 s
	max   = 0.089236 s

SurfaceDistanceOrderedTransfer::setInput:
	16 trials
	total = 0 s
	mean  = 0 s
	var   = 0 s^2, std = 0 s
	min   = 0 s
	max   = 0 s

SurfaceDistanceOrderedTransfer::runInternal:
	16 trials
	total = 93.3002 s
	mean  = 5.83126 s
	var   = 0.789157 s^2, std = 0.888345 s
	min   = 2.77787 s
	max   = 6.5525 s

SurfaceDistanceOrderedTransfer::buildOrderedSurfaceData:
	16 trials
	total = 1.47667 s
	mean  = 0.0922917 s
	var   = 0.0200473 s^2, std = 0.141588 s
	min   = 0 s
	max   = 0.616532 s

SurfaceDistanceOrderedTransfer::fillDistanceChannel:
	16 trials
	total = 4.68944 s
	mean  = 0.29309 s
	var   = 0.0024179 s^2, std = 0.0491721 s
	min   = 0.115491 s
	max   = 0.346712 s

SurfaceDistanceOrderedTransfer::transfer:
	16 trials
	total = 86.2976 s
	mean  = 5.3936 s
	var   = 0.930087 s^2, std = 0.96441 s
	min   = 2.01403 s
	max   = 6.09417 s

SurfaceDistanceOrderedTransfer::mergeDistances:
	64 trials
	total = 6.15756 s
	mean  = 0.0962119 s
	var   = 0.000241075 s^2, std = 0.0155266 s
	min   = 0.035183 s
	max   = 0.114805 s

SurfaceDistanceOrderedTransfer::applySqrt:
	16 trials
	total = 0.815515 s
	mean  = 0.0509697 s
	var   = 0.000398878 s^2, std = 0.0199719 s
	min   = 0.021056 s
	max   = 0.100279 s

LayerExtractor::setInput:
	16 trials
	total = 0.001003 s
	mean  = 6.26875e-005 s
	var   = 2.9342e-008 s^2, std = 0.000171295 s
	min   = 0 s
	max   = 0.000502 s

LayerExtractor::runInternal:
	16 trials
	total = 28.8894 s
	mean  = 1.80559 s
	var   = 0.454759 s^2, std = 0.674358 s
	min   = 0.247405 s
	max   = 2.51705 s

VectorLayerHalftoner::setInput:
	16 trials
	total = 0.004062 s
	mean  = 0.000253875 s
	var   = 2.09638e-007 s^2, std = 0.000457862 s
	min   = 0 s
	max   = 0.001116 s

VectorLayerHalftoner::runInternal:
	16 trials
	total = 265.315 s
	mean  = 16.5822 s
	var   = 58.6747 s^2, std = 7.65994 s
	min   = 1.6509 s
	max   = 27.5624 s

VectorLayerHalftoner(0)::setupOutputContainerSlaveReporter::serializeSlice:
	777 trials
	total = 703.299 s
	mean  = 0.905146 s
	var   = 0.819881 s^2, std = 0.905473 s
	min   = 0.545136 s
	max   = 8.67768 s

SlaveReporter::Send:
	22 trials
	total = 0 s
	mean  = 0 s
	var   = 0 s^2, std = 0 s
	min   = 0 s
	max   = 0 s

