SlavePrintingSoftware::startUp:
	1 trials
	total = 0.263338 s
	mean  = 0.263338 s
	var   = 0 s^2, std = 0 s
	min   = 0.263338 s
	max   = 0.263338 s

PrintingSoftware::execute:
	1 trials
	total = 444.973 s
	mean  = 444.973 s
	var   = 0 s^2, std = 0 s
	min   = 444.973 s
	max   = 444.973 s

DistributedComputingInitiator::Receive:
	1 trials
	total = 25.3629 s
	mean  = 25.3629 s
	var   = 0 s^2, std = 0 s
	min   = 25.3629 s
	max   = 25.3629 s

FileParserPJ::setInput:
	1 trials
	total = 0 s
	mean  = 0 s
	var   = 0 s^2, std = 0 s
	min   = 0 s
	max   = 0 s

FileParserPJ::runInternal:
	1 trials
	total = 6.55024 s
	mean  = 6.55024 s
	var   = 0 s^2, std = 0 s
	min   = 6.55024 s
	max   = 6.55024 s

PrintJobOrganizer::setInput:
	1 trials
	total = 0.001144 s
	mean  = 0.001144 s
	var   = 0 s^2, std = 0 s
	min   = 0.001144 s
	max   = 0.001144 s

PrintJobOrganizer::runInternal:
	1 trials
	total = 0.464674 s
	mean  = 0.464674 s
	var   = 0 s^2, std = 0 s
	min   = 0.464674 s
	max   = 0.464674 s

PrintJobPreprocessor::setInput:
	1 trials
	total = 0 s
	mean  = 0 s
	var   = 0 s^2, std = 0 s
	min   = 0 s
	max   = 0 s

PrintJobPreprocessor::runInternal:
	1 trials
	total = 1.93112 s
	mean  = 1.93112 s
	var   = 0 s^2, std = 0 s
	min   = 1.93112 s
	max   = 1.93112 s

PrintJobVoxelizer::setInput:
	16 trials
	total = 0 s
	mean  = 0 s
	var   = 0 s^2, std = 0 s
	min   = 0 s
	max   = 0 s

PrintJobVoxelizer::runInternal:
	16 trials
	total = 65.8523 s
	mean  = 4.11577 s
	var   = 0.737207 s^2, std = 0.858608 s
	min   = 1.9817 s
	max   = 6.31741 s

PrintJobVoxelizer::rasterizeObjects:
	16 trials
	total = 20.7932 s
	mean  = 1.29958 s
	var   = 0.189848 s^2, std = 0.435716 s
	min   = 0.352251 s
	max   = 2.10071 s

PrintJobVoxelizer::voxelizeObjects:
	16 trials
	total = 42.3026 s
	mean  = 2.64391 s
	var   = 0.147844 s^2, std = 0.384505 s
	min   = 1.56581 s
	max   = 3.4866 s

PrintJobVoxelizer::finalizeSurfaces:
	16 trials
	total = 0.706093 s
	mean  = 0.0441308 s
	var   = 0.000337774 s^2, std = 0.0183786 s
	min   = 0.009525 s
	max   = 0.100128 s

TonalValueCalculator::setInput:
	16 trials
	total = 0 s
	mean  = 0 s
	var   = 0 s^2, std = 0 s
	min   = 0 s
	max   = 0 s

TonalValueCalculator::runInternal:
	16 trials
	total = 0.503071 s
	mean  = 0.0314419 s
	var   = 0.000250866 s^2, std = 0.0158387 s
	min   = 0 s
	max   = 0.053354 s

SurfaceDistanceOrderedTransfer::setInput:
	16 trials
	total = 0 s
	mean  = 0 s
	var   = 0 s^2, std = 0 s
	min   = 0 s
	max   = 0 s

SurfaceDistanceOrderedTransfer::runInternal:
	16 trials
	total = 26.0367 s
	mean  = 1.6273 s
	var   = 0.056597 s^2, std = 0.237901 s
	min   = 0.834338 s
	max   = 1.87743 s

SurfaceDistanceOrderedTransfer::buildOrderedSurfaceData:
	16 trials
	total = 0.743887 s
	mean  = 0.0464929 s
	var   = 0.00365481 s^2, std = 0.060455 s
	min   = 0 s
	max   = 0.265908 s

SurfaceDistanceOrderedTransfer::fillDistanceChannel:
	16 trials
	total = 2.25609 s
	mean  = 0.141006 s
	var   = 0.000629603 s^2, std = 0.0250919 s
	min   = 0.051397 s
	max   = 0.162413 s

SurfaceDistanceOrderedTransfer::transfer:
	16 trials
	total = 22.1166 s
	mean  = 1.38229 s
	var   = 0.0663868 s^2, std = 0.257656 s
	min   = 0.485781 s
	max   = 1.6227 s

SurfaceDistanceOrderedTransfer::mergeDistances:
	32 trials
	total = 1.83538 s
	mean  = 0.0573558 s
	var   = 0.000184684 s^2, std = 0.0135898 s
	min   = 0.031256 s
	max   = 0.078975 s

SurfaceDistanceOrderedTransfer::applySqrt:
	16 trials
	total = 0.897064 s
	mean  = 0.0560665 s
	var   = 0.000707048 s^2, std = 0.0265904 s
	min   = 0.026569 s
	max   = 0.096807 s

LayerExtractor::setInput:
	16 trials
	total = 0.000501 s
	mean  = 3.13125e-005 s
	var   = 1.56876e-008 s^2, std = 0.00012525 s
	min   = 0 s
	max   = 0.000501 s

LayerExtractor::runInternal:
	16 trials
	total = 12.9199 s
	mean  = 0.807491 s
	var   = 0.0850124 s^2, std = 0.291569 s
	min   = 0.115909 s
	max   = 1.09489 s

VectorLayerHalftoner::setInput:
	16 trials
	total = 0.055022 s
	mean  = 0.00343888 s
	var   = 4.1074e-005 s^2, std = 0.0064089 s
	min   = 0 s
	max   = 0.021061 s

VectorLayerHalftoner::runInternal:
	16 trials
	total = 91.5566 s
	mean  = 5.72228 s
	var   = 4.7121 s^2, std = 2.17074 s
	min   = 0.812131 s
	max   = 8.55829 s

VectorLayerHalftoner(0)::setupOutputContainerSlaveReporter::serializeSlice:
	777 trials
	total = 425.071 s
	mean  = 0.547067 s
	var   = 2.9117 s^2, std = 1.70637 s
	min   = 0.262304 s
	max   = 31.5706 s

SlaveReporter::Send:
	22 trials
	total = 0 s
	mean  = 0 s
	var   = 0 s^2, std = 0 s
	min   = 0 s
	max   = 0 s

