Warning:json file inside profile could not be parsed 

GL version: 4.4.0

Warning: there is no json file embedded inside profile 

FileParserPJ: initializing
PrintJobOrganizer: initializing
MasterPJDistributor: initializing
MasterMerger: initializing
SliceDebugger: initializing
FileParserPJ:  runs 14:38:10

FileParserPJ: loading OBJ file

244921 vertices
489840 faces

FileParserPJ: 245383 texture coordinates

FileParserPJ: 245383 vertices after duplication

FileParserPJ: //filer-igd2.igd.fraunhofer.de/igd-3dt/shared/3DModels/Head/HeadMTL/Head_Level3.obj parsed: 245383 vertices and 489840 faces

FileParserPJ: loading jpg file

FileParserPJ: loading OBJ file

244921 vertices
489840 faces

FileParserPJ: 245383 texture coordinates

FileParserPJ: 245383 vertices after duplication

FileParserPJ: //filer-igd2.igd.fraunhofer.de/igd-3dt/shared/3DModels/Head/HeadMTL/Head_Level3.obj parsed: 245383 vertices and 489840 faces

FileParserPJ: loading jpg file

FileParserPJ: loading OBJ file

244921 vertices
489840 faces

FileParserPJ: 245383 texture coordinates

FileParserPJ: 245383 vertices after duplication

FileParserPJ: //filer-igd2.igd.fraunhofer.de/igd-3dt/shared/3DModels/Head/HeadMTL/Head_Level3.obj parsed: 245383 vertices and 489840 faces

FileParserPJ: loading jpg file

FileParserPJ: loading OBJ file

244921 vertices
489840 faces

FileParserPJ: 245383 texture coordinates

FileParserPJ: 245383 vertices after duplication

FileParserPJ: //filer-igd2.igd.fraunhofer.de/igd-3dt/shared/3DModels/Head/HeadMTL/Head_Level3.obj parsed: 245383 vertices and 489840 faces

FileParserPJ: loading jpg file

FileParserPJ: loading OBJ file

244921 vertices
489840 faces

FileParserPJ: 245383 texture coordinates

FileParserPJ: 245383 vertices after duplication

FileParserPJ: //filer-igd2.igd.fraunhofer.de/igd-3dt/shared/3DModels/Head/HeadMTL/Head_Level3.obj parsed: 245383 vertices and 489840 faces

FileParserPJ: loading jpg file

FileParserPJ: loading OBJ file

244921 vertices
489840 faces

FileParserPJ: 245383 texture coordinates

FileParserPJ: 245383 vertices after duplication

FileParserPJ: //filer-igd2.igd.fraunhofer.de/igd-3dt/shared/3DModels/Head/HeadMTL/Head_Level3.obj parsed: 245383 vertices and 489840 faces

FileParserPJ: loading jpg file

FileParserPJ: loading OBJ file

244921 vertices
489840 faces

FileParserPJ: 245383 texture coordinates

FileParserPJ: 245383 vertices after duplication

FileParserPJ: //filer-igd2.igd.fraunhofer.de/igd-3dt/shared/3DModels/Head/HeadMTL/Head_Level3.obj parsed: 245383 vertices and 489840 faces

FileParserPJ: loading jpg file

FileParserPJ: loading OBJ file

244921 vertices
489840 faces

FileParserPJ: 245383 texture coordinates

FileParserPJ: 245383 vertices after duplication

FileParserPJ: //filer-igd2.igd.fraunhofer.de/igd-3dt/shared/3DModels/Head/HeadMTL/Head_Level3.obj parsed: 245383 vertices and 489840 faces

FileParserPJ: loading jpg file

FileParserPJ: loading OBJ file

244921 vertices
489840 faces

FileParserPJ: 245383 texture coordinates

FileParserPJ: 245383 vertices after duplication

FileParserPJ: //filer-igd2.igd.fraunhofer.de/igd-3dt/shared/3DModels/Head/HeadMTL/Head_Level3.obj parsed: 245383 vertices and 489840 faces

FileParserPJ: loading jpg file

FileParserPJ: loading OBJ file

244921 vertices
489840 faces

FileParserPJ: 245383 texture coordinates

FileParserPJ: 245383 vertices after duplication

FileParserPJ: //filer-igd2.igd.fraunhofer.de/igd-3dt/shared/3DModels/Head/HeadMTL/Head_Level3.obj parsed: 245383 vertices and 489840 faces

FileParserPJ: loading jpg file

FileParserPJ: Input files parsed

PrintJobOrganizer:  runs 14:38:43

centering objects at origin
optimizing rotation for height
scaling objects
optimizing rotation for support use
PrintJobOrganizer: support cost         = 25.4851
support cost flipped = 22.9004

PrintJobOrganizer: support cost         = 25.4851
support cost flipped = 22.9004

PrintJobOrganizer: support cost         = 25.4851
support cost flipped = 22.9004

PrintJobOrganizer: support cost         = 25.4851
support cost flipped = 22.9004

PrintJobOrganizer: support cost         = 25.4851
support cost flipped = 22.9004

PrintJobOrganizer: support cost         = 25.4851
support cost flipped = 22.9004

PrintJobOrganizer: support cost         = 25.4851
support cost flipped = 22.9004

PrintJobOrganizer: support cost         = 25.4851
support cost flipped = 22.9004

PrintJobOrganizer: support cost         = 25.4851
support cost flipped = 22.9004

PrintJobOrganizer: support cost         = 25.4851
support cost flipped = 22.9004

arranging objects in 2D
validating object placement
PrintJobOrganizer: print object 1 print-space bounding box: (0.00211667, 0.00423333, 0.00135106), (8.00212, 5.12195, 4.19435)
PrintJobOrganizer: print object 2 print-space bounding box: (0.00211667, 5.32195, 0.00135106), (8.00212, 10.4397, 4.19435)
PrintJobOrganizer: print object 3 print-space bounding box: (0.00211667, 10.6397, 0.00135106), (8.00212, 15.7574, 4.19435)
PrintJobOrganizer: print object 4 print-space bounding box: (0.00211667, 15.9574, 0.00135106), (8.00212, 21.0751, 4.19435)
PrintJobOrganizer: print object 5 print-space bounding box: (0.00211667, 21.2751, 0.00135106), (8.00212, 26.3928, 4.19435)
PrintJobOrganizer: print object 6 print-space bounding box: (0.00211667, 26.5928, 0.00135106), (8.00212, 31.7106, 4.19435)
PrintJobOrganizer: print object 7 print-space bounding box: (0.00211667, 31.9106, 0.00135106), (8.00212, 37.0283, 4.19435)
PrintJobOrganizer: print object 8 print-space bounding box: (8.20212, 0.00423333, 0.00135106), (16.2021, 5.12195, 4.19435)
PrintJobOrganizer: print object 9 print-space bounding box: (8.20212, 5.32195, 0.00135106), (16.2021, 10.4397, 4.19435)
PrintJobOrganizer: print object 10 print-space bounding box: (8.20212, 10.6397, 0.00135106), (16.2021, 15.7574, 4.19435)
saving transforms to file
MasterPJDistributor:  runs 14:38:45

MasterPJDistributor::runInternal
MasterMerger:  runs 14:39:13

MasterMerger::runInternal
MasterMerger: metadata for thread : 1

MasterMerger: received height : 931

MasterMerger: received width : 946

MasterMerger: received num of slices : 777

MasterMerger: received chunk size : 10

MasterMerger: received path : 

MasterMerger: metadata for thread : 2

MasterMerger: received height : 931

MasterMerger: received width : 946

MasterMerger: received num of slices : 777

MasterMerger: received chunk size : 10

MasterMerger: received path : 

MasterMerger: metadata for thread : 3

MasterMerger: received height : 617

MasterMerger: received width : 946

MasterMerger: received num of slices : 777

MasterMerger: received chunk size : 10

MasterMerger: received path : 

MasterMerger: metadata for thread : 4

MasterMerger: received height : 617

MasterMerger: received width : 946

MasterMerger: received num of slices : 777

MasterMerger: received chunk size : 10

MasterMerger: received path : 

MasterMerger: Print Volume x:  5905.51

MasterMerger: Print Volume y:  2362.2

MasterMerger: Node id:  1

MasterMerger: Offset x : 0

MasterMerger: Offset y : 0

MasterMerger: Node id:  2

MasterMerger: Offset x : 0

MasterMerger: Offset y : 942.811

MasterMerger: Node id:  3

MasterMerger: Offset x : 969.622

MasterMerger: Offset y : 0

MasterMerger: Node id:  4

MasterMerger: Offset x : 969.622

MasterMerger: Offset y : 942.811

MasterMerger: Added height is:931after adding height of slave 1

MasterMerger: Added height is:1862after adding height of slave 2

MasterMerger: Added height is:2479after adding height of slave 3

MasterMerger: Max height reached after adding slave 3 so first list index is 2

MasterMerger: Added height is:1234after adding height of slave 4

MasterMerger: m_fullSliceHt : 2362

MasterMerger: Sum of heights has crossed the print bed height

MasterMerger: Start Index0

MasterMerger: End Index2

MasterMerger: Maximum Current Width is0

MasterMerger: Maximum Current Width is946

MasterMerger: Total current width946

MasterMerger: Start Index2

MasterMerger: End Index4

MasterMerger: Maximum Current Width is0

MasterMerger: Maximum Current Width is946

MasterMerger: Total current width1892

MasterMerger: m_fullSliceWidth : 1940

MasterMerger: m_numSlices : 777

MasterMerger: m_chunkSize : 10

MasterMerger::addSlice called

SliceDebugger:  runs 14:39:24
slices [0, 10):
	channel 0: material (dense)

MasterMerger:  runs 14:39:25

SliceDebugger:  runs 14:39:35
slices [10, 20):
	channel 0: material (dense)

MasterMerger:  runs 14:39:36

SliceDebugger:  runs 14:39:54
slices [20, 30):
	channel 0: material (dense)

MasterMerger:  runs 14:39:54

SliceDebugger:  runs 14:40:36
slices [30, 40):
	channel 0: material (dense)

MasterMerger:  runs 14:40:37

SliceDebugger:  runs 14:40:46
slices [40, 50):
	channel 0: material (dense)

MasterMerger:  runs 14:40:47

SliceDebugger:  runs 14:41:12
slices [50, 60):
	channel 0: material (dense)

MasterMerger:  runs 14:41:13

SliceDebugger:  runs 14:41:40
slices [60, 70):
	channel 0: material (dense)

MasterMerger:  runs 14:41:41

SliceDebugger:  runs 14:42:10
slices [70, 80):
	channel 0: material (dense)

MasterMerger:  runs 14:42:10

SliceDebugger:  runs 14:42:40
slices [80, 90):
	channel 0: material (dense)

MasterMerger:  runs 14:42:40

SliceDebugger:  runs 14:43:6
slices [90, 100):
	channel 0: material (dense)

MasterMerger:  runs 14:43:7

SliceDebugger:  runs 14:43:31
slices [100, 110):
	channel 0: material (dense)

MasterMerger:  runs 14:43:32

SliceDebugger:  runs 14:43:57
slices [110, 120):
	channel 0: material (dense)

MasterMerger:  runs 14:43:58

SliceDebugger:  runs 14:44:25
slices [120, 130):
	channel 0: material (dense)

MasterMerger:  runs 14:44:26

SliceDebugger:  runs 14:44:52
slices [130, 140):
	channel 0: material (dense)

MasterMerger:  runs 14:44:53

SliceDebugger:  runs 14:45:11
slices [140, 150):
	channel 0: material (dense)

MasterMerger:  runs 14:45:12

SliceDebugger:  runs 14:45:25
slices [150, 160):
	channel 0: material (dense)

MasterMerger:  runs 14:45:26

SliceDebugger:  runs 14:45:26
slices [160, 170):
	channel 0: material (dense)

MasterMerger:  runs 14:45:27

SliceDebugger:  runs 14:45:27
slices [170, 180):
	channel 0: material (dense)

MasterMerger:  runs 14:45:27

SliceDebugger:  runs 14:45:27
slices [180, 190):
	channel 0: material (dense)

MasterMerger:  runs 14:45:28

SliceDebugger:  runs 14:45:28
slices [190, 200):
	channel 0: material (dense)

MasterMerger:  runs 14:45:29

SliceDebugger:  runs 14:45:29
slices [200, 210):
	channel 0: material (dense)

MasterMerger:  runs 14:45:30

SliceDebugger:  runs 14:45:30
slices [210, 220):
	channel 0: material (dense)

MasterMerger:  runs 14:45:31

SliceDebugger:  runs 14:45:31
slices [220, 230):
	channel 0: material (dense)

MasterMerger:  runs 14:45:32

SliceDebugger:  runs 14:45:32
slices [230, 240):
	channel 0: material (dense)

MasterMerger:  runs 14:45:33

SliceDebugger:  runs 14:45:33
slices [240, 250):
	channel 0: material (dense)

MasterMerger:  runs 14:45:34

SliceDebugger:  runs 14:45:34
slices [250, 260):
	channel 0: material (dense)

MasterMerger:  runs 14:45:34

SliceDebugger:  runs 14:45:34
slices [260, 270):
	channel 0: material (dense)

MasterMerger:  runs 14:45:35

SliceDebugger:  runs 14:45:35
slices [270, 280):
	channel 0: material (dense)

MasterMerger:  runs 14:45:36

SliceDebugger:  runs 14:45:36
slices [280, 290):
	channel 0: material (dense)

MasterMerger:  runs 14:45:37

SliceDebugger:  runs 14:45:37
slices [290, 300):
	channel 0: material (dense)

MasterMerger:  runs 14:45:38

SliceDebugger:  runs 14:45:38
slices [300, 310):
	channel 0: material (dense)

MasterMerger:  runs 14:45:39

SliceDebugger:  runs 14:45:39
slices [310, 320):
	channel 0: material (dense)

MasterMerger:  runs 14:45:40

SliceDebugger:  runs 14:45:40
slices [320, 330):
	channel 0: material (dense)

MasterMerger:  runs 14:45:40

SliceDebugger:  runs 14:45:40
slices [330, 340):
	channel 0: material (dense)

MasterMerger:  runs 14:45:41

SliceDebugger:  runs 14:45:41
slices [340, 350):
	channel 0: material (dense)

MasterMerger:  runs 14:45:42

SliceDebugger:  runs 14:45:42
slices [350, 360):
	channel 0: material (dense)

MasterMerger:  runs 14:45:43

SliceDebugger:  runs 14:45:43
slices [360, 370):
	channel 0: material (dense)

MasterMerger:  runs 14:45:44

SliceDebugger:  runs 14:45:44
slices [370, 380):
	channel 0: material (dense)

MasterMerger:  runs 14:45:45

SliceDebugger:  runs 14:45:45
slices [380, 390):
	channel 0: material (dense)

MasterMerger:  runs 14:45:46

SliceDebugger:  runs 14:45:46
slices [390, 400):
	channel 0: material (dense)

MasterMerger:  runs 14:45:46

SliceDebugger:  runs 14:45:47
slices [400, 410):
	channel 0: material (dense)

MasterMerger:  runs 14:45:47

SliceDebugger:  runs 14:45:47
slices [410, 420):
	channel 0: material (dense)

MasterMerger:  runs 14:45:48

SliceDebugger:  runs 14:45:48
slices [420, 430):
	channel 0: material (dense)

MasterMerger:  runs 14:45:49

SliceDebugger:  runs 14:45:49
slices [430, 440):
	channel 0: material (dense)

MasterMerger:  runs 14:45:50

SliceDebugger:  runs 14:45:50
slices [440, 450):
	channel 0: material (dense)

MasterMerger:  runs 14:45:51

SliceDebugger:  runs 14:45:51
slices [450, 460):
	channel 0: material (dense)

MasterMerger:  runs 14:45:52

SliceDebugger:  runs 14:45:52
slices [460, 470):
	channel 0: material (dense)

MasterMerger:  runs 14:45:53

SliceDebugger:  runs 14:45:53
slices [470, 480):
	channel 0: material (dense)

MasterMerger:  runs 14:45:53

SliceDebugger:  runs 14:45:54
slices [480, 490):
	channel 0: material (dense)

MasterMerger:  runs 14:45:54

SliceDebugger:  runs 14:45:54
slices [490, 500):
	channel 0: material (dense)

MasterMerger:  runs 14:45:55

SliceDebugger:  runs 14:45:55
slices [500, 510):
	channel 0: material (dense)

MasterMerger:  runs 14:45:56

SliceDebugger:  runs 14:45:56
slices [510, 520):
	channel 0: material (dense)

MasterMerger:  runs 14:45:57

SliceDebugger:  runs 14:45:57
slices [520, 530):
	channel 0: material (dense)

MasterMerger:  runs 14:45:58

SliceDebugger:  runs 14:45:58
slices [530, 540):
	channel 0: material (dense)

MasterMerger:  runs 14:45:59

SliceDebugger:  runs 14:45:59
slices [540, 550):
	channel 0: material (dense)

MasterMerger:  runs 14:46:0

SliceDebugger:  runs 14:46:0
slices [550, 560):
	channel 0: material (dense)

MasterMerger:  runs 14:46:1

SliceDebugger:  runs 14:46:1
slices [560, 570):
	channel 0: material (dense)

MasterMerger:  runs 14:46:1

SliceDebugger:  runs 14:46:1
slices [570, 580):
	channel 0: material (dense)

MasterMerger:  runs 14:46:2

SliceDebugger:  runs 14:46:2
slices [580, 590):
	channel 0: material (dense)

MasterMerger:  runs 14:46:3

SliceDebugger:  runs 14:46:3
slices [590, 600):
	channel 0: material (dense)

MasterMerger:  runs 14:46:4

SliceDebugger:  runs 14:46:4
slices [600, 610):
	channel 0: material (dense)

MasterMerger:  runs 14:46:5

SliceDebugger:  runs 14:46:5
slices [610, 620):
	channel 0: material (dense)

MasterMerger:  runs 14:46:6

SliceDebugger:  runs 14:46:6
slices [620, 630):
	channel 0: material (dense)

MasterMerger:  runs 14:46:7

SliceDebugger:  runs 14:46:7
slices [630, 640):
	channel 0: material (dense)

MasterMerger:  runs 14:46:7

SliceDebugger:  runs 14:46:7
slices [640, 650):
	channel 0: material (dense)

MasterMerger:  runs 14:46:8

SliceDebugger:  runs 14:46:8
slices [650, 660):
	channel 0: material (dense)

MasterMerger:  runs 14:46:9

SliceDebugger:  runs 14:46:9
slices [660, 670):
	channel 0: material (dense)

MasterMerger:  runs 14:46:10

SliceDebugger:  runs 14:46:10
slices [670, 680):
	channel 0: material (dense)

MasterMerger:  runs 14:46:11

SliceDebugger:  runs 14:46:11
slices [680, 690):
	channel 0: material (dense)

MasterMerger:  runs 14:46:12

SliceDebugger:  runs 14:46:12
slices [690, 700):
	channel 0: material (dense)

MasterMerger:  runs 14:46:12

SliceDebugger:  runs 14:46:13
slices [700, 710):
	channel 0: material (dense)

MasterMerger:  runs 14:46:13

SliceDebugger:  runs 14:46:13
slices [710, 720):
	channel 0: material (dense)

MasterMerger:  runs 14:46:14

SliceDebugger:  runs 14:46:14
slices [720, 730):
	channel 0: material (dense)

MasterMerger:  runs 14:46:15

SliceDebugger:  runs 14:46:15
slices [730, 740):
	channel 0: material (dense)

MasterMerger:  runs 14:46:16

SliceDebugger:  runs 14:46:16
slices [740, 750):
	channel 0: material (dense)

MasterMerger:  runs 14:46:16

SliceDebugger:  runs 14:46:17
slices [750, 760):
	channel 0: material (dense)

MasterMerger:  runs 14:46:17

SliceDebugger:  runs 14:46:17
slices [760, 770):
	channel 0: material (dense)

MasterMerger:  runs 14:46:18

SliceDebugger:  runs 14:46:18
slices [770, 777):
	channel 0: material (dense)

Computation finished 

Status: success
PrintingSoftware::execute:
	1 trials
	total = 488.833 s
	mean  = 488.833 s
	var   = 0 s^2, std = 0 s
	min   = 488.833 s
	max   = 488.833 s

MasterPrintingSoftware::startUp:
	1 trials
	total = 0.515627 s
	mean  = 0.515627 s
	var   = 0 s^2, std = 0 s
	min   = 0.515627 s
	max   = 0.515627 s

MasterPrintingSoftware::Send:
	28 trials
	total = 0.015618 s
	mean  = 0.000557786 s
	var   = 8.7115e-006 s^2, std = 0.00295152 s
	min   = 0 s
	max   = 0.015618 s

FileParserPJ::setInput:
	1 trials
	total = 0 s
	mean  = 0 s
	var   = 0 s^2, std = 0 s
	min   = 0 s
	max   = 0 s

FileParserPJ::runInternal:
	1 trials
	total = 33.0127 s
	mean  = 33.0127 s
	var   = 0 s^2, std = 0 s
	min   = 33.0127 s
	max   = 33.0127 s

PrintJobOrganizer::setInput:
	1 trials
	total = 0 s
	mean  = 0 s
	var   = 0 s^2, std = 0 s
	min   = 0 s
	max   = 0 s

PrintJobOrganizer::runInternal:
	1 trials
	total = 1.69412 s
	mean  = 1.69412 s
	var   = 0 s^2, std = 0 s
	min   = 1.69412 s
	max   = 1.69412 s

MasterPJDistributor::serializeImgData:
	10 trials
	total = 0.831091 s
	mean  = 0.0831091 s
	var   = 5.47682e-005 s^2, std = 0.00740055 s
	min   = 0.078109 s
	max   = 0.093761 s

MasterPJDistributor::serializePJ:
	4 trials
	total = 0.928935 s
	mean  = 0.232234 s
	var   = 0.00231368 s^2, std = 0.0481007 s
	min   = 0.187504 s
	max   = 0.281254 s

MasterPJDistributor::Send:
	52 trials
	total = 25.4893 s
	mean  = 0.490179 s
	var   = 0.610577 s^2, std = 0.781394 s
	min   = 0 s
	max   = 3.56255 s


PrintingSoftware::execute:
	1 trials
	total = 488.833 s
	mean  = 488.833 s
	var   = 0 s^2, std = 0 s
	min   = 488.833 s
	max   = 488.833 s

MasterPrintingSoftware::startUp:
	1 trials
	total = 0.515627 s
	mean  = 0.515627 s
	var   = 0 s^2, std = 0 s
	min   = 0.515627 s
	max   = 0.515627 s

MasterPrintingSoftware::Send:
	28 trials
	total = 0.015618 s
	mean  = 0.000557786 s
	var   = 8.7115e-006 s^2, std = 0.00295152 s
	min   = 0 s
	max   = 0.015618 s

FileParserPJ::setInput:
	1 trials
	total = 0 s
	mean  = 0 s
	var   = 0 s^2, std = 0 s
	min   = 0 s
	max   = 0 s

FileParserPJ::runInternal:
	1 trials
	total = 33.0127 s
	mean  = 33.0127 s
	var   = 0 s^2, std = 0 s
	min   = 33.0127 s
	max   = 33.0127 s

PrintJobOrganizer::setInput:
	1 trials
	total = 0 s
	mean  = 0 s
	var   = 0 s^2, std = 0 s
	min   = 0 s
	max   = 0 s

PrintJobOrganizer::runInternal:
	1 trials
	total = 1.69412 s
	mean  = 1.69412 s
	var   = 0 s^2, std = 0 s
	min   = 1.69412 s
	max   = 1.69412 s

MasterPJDistributor::serializeImgData:
	10 trials
	total = 0.831091 s
	mean  = 0.0831091 s
	var   = 5.47682e-005 s^2, std = 0.00740055 s
	min   = 0.078109 s
	max   = 0.093761 s

MasterPJDistributor::serializePJ:
	4 trials
	total = 0.928935 s
	mean  = 0.232234 s
	var   = 0.00231368 s^2, std = 0.0481007 s
	min   = 0.187504 s
	max   = 0.281254 s

MasterPJDistributor::Send:
	52 trials
	total = 25.4893 s
	mean  = 0.490179 s
	var   = 0.610577 s^2, std = 0.781394 s
	min   = 0 s
	max   = 3.56255 s

MasterMergerWorkerImpl::deserializeSlice1:
	777 trials
	total = 2.47794 s
	mean  = 0.00318911 s
	var   = 2.93607e-005 s^2, std = 0.00541855 s
	min   = 0 s
	max   = 0.019708 s

MasterMergerWorkerImpl::Receive1:
	3145 trials
	total = 341.234 s
	mean  = 0.1085 s
	var   = 2.73641 s^2, std = 1.65421 s
	min   = 0 s
	max   = 30.5038 s

MasterMergerWorkerImpl::decompressData1:
	777 trials
	total = 15.6028 s
	mean  = 0.0200808 s
	var   = 5.22348e-005 s^2, std = 0.00722736 s
	min   = 0.008083 s
	max   = 0.062477 s

MasterMergerWorkerImpl::deserializeSlice2:
	777 trials
	total = 2.30528 s
	mean  = 0.0029669 s
	var   = 2.65971e-005 s^2, std = 0.00515723 s
	min   = 0 s
	max   = 0.015643 s

MasterMergerWorkerImpl::Receive2:
	3146 trials
	total = 343.795 s
	mean  = 0.10928 s
	var   = 2.73855 s^2, std = 1.65486 s
	min   = 0 s
	max   = 41.3066 s

MasterMergerWorkerImpl::decompressData2:
	777 trials
	total = 15.3584 s
	mean  = 0.0197662 s
	var   = 5.67865e-005 s^2, std = 0.00753568 s
	min   = 0.010084 s
	max   = 0.062491 s

MasterMergerWorkerImpl::deserializeSlice3:
	777 trials
	total = 1.68015 s
	mean  = 0.00216236 s
	var   = 2.47176e-005 s^2, std = 0.00497168 s
	min   = 0 s
	max   = 0.015644 s

MasterMergerWorkerImpl::Receive3:
	2533 trials
	total = 183.256 s
	mean  = 0.0723472 s
	var   = 1.8596 s^2, std = 1.36367 s
	min   = 0 s
	max   = 46.5805 s

MasterMergerWorkerImpl::decompressData3:
	777 trials
	total = 11.3185 s
	mean  = 0.014567 s
	var   = 4.29902e-005 s^2, std = 0.00655669 s
	min   = 0 s
	max   = 0.046875 s

MasterMergerWorkerImpl::deserializeSlice4:
	777 trials
	total = 1.70782 s
	mean  = 0.00219796 s
	var   = 2.54663e-005 s^2, std = 0.00504642 s
	min   = 0 s
	max   = 0.021709 s

MasterMergerWorkerImpl::Receive4:
	2532 trials
	total = 91.8323 s
	mean  = 0.0362687 s
	var   = 0.559412 s^2, std = 0.747938 s
	min   = 0 s
	max   = 20.7392 s

MasterMergerWorkerImpl::decompressData4:
	777 trials
	total = 10.6788 s
	mean  = 0.0137437 s
	var   = 4.3615e-005 s^2, std = 0.00660416 s
	min   = 0 s
	max   = 0.046866 s


Master Node  0 :Total execution time in seconds 489.356

