Warning:json file inside profile could not be parsed 

GL version: 4.4.0

Warning: there is no json file embedded inside profile 

FileParserPJ: initializing
PrintJobOrganizer: initializing
MasterPJDistributor: initializing
MasterMerger: initializing
SliceDebugger: initializing
FileParserPJ:  runs 11:31:45

FileParserPJ: loading OBJ file

244921 vertices
489840 faces

FileParserPJ: 245383 texture coordinates

FileParserPJ: 245383 vertices after duplication

FileParserPJ: //filer-igd2.igd.fraunhofer.de/igd-3dt/shared/3DModels/Head/HeadMTL/Head_Level3.obj parsed: 245383 vertices and 489840 faces

FileParserPJ: loading jpg file

FileParserPJ: loading OBJ file

9992 vertices
18312 faces

FileParserPJ: 9437 texture coordinates

FileParserPJ: //filer-igd2.igd.fraunhofer.de/igd-3dt/shared/3DModels/Dame/Dame.obj parsed: 9992 vertices and 18312 faces

FileParserPJ: loading jpg file

FileParserPJ: loading OBJ file

244921 vertices
489840 faces

FileParserPJ: 245383 texture coordinates

FileParserPJ: 245383 vertices after duplication

FileParserPJ: //filer-igd2.igd.fraunhofer.de/igd-3dt/shared/3DModels/Head/HeadMTL/Head_Level3.obj parsed: 245383 vertices and 489840 faces

FileParserPJ: loading jpg file

FileParserPJ: loading OBJ file

9992 vertices
18312 faces

FileParserPJ: 9437 texture coordinates

FileParserPJ: //filer-igd2.igd.fraunhofer.de/igd-3dt/shared/3DModels/Dame/Dame.obj parsed: 9992 vertices and 18312 faces

FileParserPJ: loading jpg file

FileParserPJ: Input files parsed

PrintJobOrganizer:  runs 11:31:53

centering objects at origin
optimizing rotation for height
scaling objects
optimizing rotation for support use
PrintJobOrganizer: support cost         = 25.4851
support cost flipped = 22.9004

PrintJobOrganizer: support cost         = 10.7798
support cost flipped = 10.8551

PrintJobOrganizer: support cost         = 25.4851
support cost flipped = 22.9004

PrintJobOrganizer: support cost         = 10.7798
support cost flipped = 10.8551

arranging objects in 2D
validating object placement
PrintJobOrganizer: print object 1 print-space bounding box: (0.00211667, 0.00423333, 0.00135106), (8.00212, 5.12195, 4.19435)
PrintJobOrganizer: print object 2 print-space bounding box: (0.00211667, 5.32195, 0.00135106), (8.00212, 8.58807, 3.26645)
PrintJobOrganizer: print object 3 print-space bounding box: (0.00211667, 8.78807, 0.00135106), (8.00212, 13.9058, 4.19435)
PrintJobOrganizer: print object 4 print-space bounding box: (0.00211667, 14.1058, 0.00135106), (8.00212, 17.3719, 3.26645)
saving transforms to file
MasterPJDistributor:  runs 11:31:54

MasterPJDistributor::runInternal
MasterMerger:  runs 11:32:0

MasterMerger::runInternal
MasterMerger: metadata for thread : 1

MasterMerger: received height : 508

MasterMerger: received width : 946

MasterMerger: received num of slices : 777

MasterMerger: received chunk size : 10

MasterMerger: received path : 

MasterMerger: metadata for thread : 2

MasterMerger: received height : 508

MasterMerger: received width : 946

MasterMerger: received num of slices : 777

MasterMerger: received chunk size : 10

MasterMerger: received path : 

MasterMerger: Print Volume x:  5905.51

MasterMerger: Print Volume y:  2362.2

MasterMerger: Node id:  1

MasterMerger: Offset x : 0

MasterMerger: Offset y : 0

MasterMerger: Node id:  2

MasterMerger: Offset x : 0

MasterMerger: Offset y : 519.811

MasterMerger: Added height is:508after adding height of slave 1

MasterMerger: Added height is:1016after adding height of slave 2

MasterMerger: m_fullSliceHt : 1040

MasterMerger: m_fullSliceWidth : 946

MasterMerger: m_numSlices : 777

MasterMerger: m_chunkSize : 10

MasterMerger::addSlice called

SliceDebugger:  runs 11:32:6
slices [0, 10):
	channel 0: material (dense)

MasterMerger:  runs 11:32:7

SliceDebugger:  runs 11:32:14
slices [10, 20):
	channel 0: material (dense)

MasterMerger:  runs 11:32:14

SliceDebugger:  runs 11:32:23
slices [20, 30):
	channel 0: material (dense)

MasterMerger:  runs 11:32:23

SliceDebugger:  runs 11:32:34
slices [30, 40):
	channel 0: material (dense)

MasterMerger:  runs 11:32:34

SliceDebugger:  runs 11:32:46
slices [40, 50):
	channel 0: material (dense)

MasterMerger:  runs 11:32:46

SliceDebugger:  runs 11:32:58
slices [50, 60):
	channel 0: material (dense)

MasterMerger:  runs 11:32:58

SliceDebugger:  runs 11:33:10
slices [60, 70):
	channel 0: material (dense)

MasterMerger:  runs 11:33:11

SliceDebugger:  runs 11:33:23
slices [70, 80):
	channel 0: material (dense)

MasterMerger:  runs 11:33:23

SliceDebugger:  runs 11:33:36
slices [80, 90):
	channel 0: material (dense)

MasterMerger:  runs 11:33:36

SliceDebugger:  runs 11:33:46
slices [90, 100):
	channel 0: material (dense)

MasterMerger:  runs 11:33:46

SliceDebugger:  runs 11:33:55
slices [100, 110):
	channel 0: material (dense)

MasterMerger:  runs 11:33:55

SliceDebugger:  runs 11:34:5
slices [110, 120):
	channel 0: material (dense)

MasterMerger:  runs 11:34:5

SliceDebugger:  runs 11:34:14
slices [120, 130):
	channel 0: material (dense)

MasterMerger:  runs 11:34:14

SliceDebugger:  runs 11:34:22
slices [130, 140):
	channel 0: material (dense)

MasterMerger:  runs 11:34:22

SliceDebugger:  runs 11:34:28
slices [140, 150):
	channel 0: material (dense)

MasterMerger:  runs 11:34:28

SliceDebugger:  runs 11:34:33
slices [150, 160):
	channel 0: material (dense)

MasterMerger:  runs 11:34:34

SliceDebugger:  runs 11:34:34
slices [160, 170):
	channel 0: material (dense)

MasterMerger:  runs 11:34:34

SliceDebugger:  runs 11:34:34
slices [170, 180):
	channel 0: material (dense)

MasterMerger:  runs 11:34:34

SliceDebugger:  runs 11:34:34
slices [180, 190):
	channel 0: material (dense)

MasterMerger:  runs 11:34:34

SliceDebugger:  runs 11:34:34
slices [190, 200):
	channel 0: material (dense)

MasterMerger:  runs 11:34:34

SliceDebugger:  runs 11:34:34
slices [200, 210):
	channel 0: material (dense)

MasterMerger:  runs 11:34:35

SliceDebugger:  runs 11:34:35
slices [210, 220):
	channel 0: material (dense)

MasterMerger:  runs 11:34:35

SliceDebugger:  runs 11:34:35
slices [220, 230):
	channel 0: material (dense)

MasterMerger:  runs 11:34:35

SliceDebugger:  runs 11:34:35
slices [230, 240):
	channel 0: material (dense)

MasterMerger:  runs 11:34:35

SliceDebugger:  runs 11:34:35
slices [240, 250):
	channel 0: material (dense)

MasterMerger:  runs 11:34:36

SliceDebugger:  runs 11:34:36
slices [250, 260):
	channel 0: material (dense)

MasterMerger:  runs 11:34:36

SliceDebugger:  runs 11:34:36
slices [260, 270):
	channel 0: material (dense)

MasterMerger:  runs 11:34:36

SliceDebugger:  runs 11:34:36
slices [270, 280):
	channel 0: material (dense)

MasterMerger:  runs 11:34:36

SliceDebugger:  runs 11:34:36
slices [280, 290):
	channel 0: material (dense)

MasterMerger:  runs 11:34:36

SliceDebugger:  runs 11:34:36
slices [290, 300):
	channel 0: material (dense)

MasterMerger:  runs 11:34:37

SliceDebugger:  runs 11:34:37
slices [300, 310):
	channel 0: material (dense)

MasterMerger:  runs 11:34:37

SliceDebugger:  runs 11:34:37
slices [310, 320):
	channel 0: material (dense)

MasterMerger:  runs 11:34:37

SliceDebugger:  runs 11:34:37
slices [320, 330):
	channel 0: material (dense)

MasterMerger:  runs 11:34:37

SliceDebugger:  runs 11:34:37
slices [330, 340):
	channel 0: material (dense)

MasterMerger:  runs 11:34:37

SliceDebugger:  runs 11:34:37
slices [340, 350):
	channel 0: material (dense)

MasterMerger:  runs 11:34:38

SliceDebugger:  runs 11:34:38
slices [350, 360):
	channel 0: material (dense)

MasterMerger:  runs 11:34:38

SliceDebugger:  runs 11:34:38
slices [360, 370):
	channel 0: material (dense)

MasterMerger:  runs 11:34:38

SliceDebugger:  runs 11:34:38
slices [370, 380):
	channel 0: material (dense)

MasterMerger:  runs 11:34:38

SliceDebugger:  runs 11:34:38
slices [380, 390):
	channel 0: material (dense)

MasterMerger:  runs 11:34:39

SliceDebugger:  runs 11:34:39
slices [390, 400):
	channel 0: material (dense)

MasterMerger:  runs 11:34:39

SliceDebugger:  runs 11:34:39
slices [400, 410):
	channel 0: material (dense)

MasterMerger:  runs 11:34:39

SliceDebugger:  runs 11:34:39
slices [410, 420):
	channel 0: material (dense)

MasterMerger:  runs 11:34:39

SliceDebugger:  runs 11:34:39
slices [420, 430):
	channel 0: material (dense)

MasterMerger:  runs 11:34:39

SliceDebugger:  runs 11:34:39
slices [430, 440):
	channel 0: material (dense)

MasterMerger:  runs 11:34:40

SliceDebugger:  runs 11:34:40
slices [440, 450):
	channel 0: material (dense)

MasterMerger:  runs 11:34:40

SliceDebugger:  runs 11:34:40
slices [450, 460):
	channel 0: material (dense)

MasterMerger:  runs 11:34:40

SliceDebugger:  runs 11:34:40
slices [460, 470):
	channel 0: material (dense)

MasterMerger:  runs 11:34:40

SliceDebugger:  runs 11:34:40
slices [470, 480):
	channel 0: material (dense)

MasterMerger:  runs 11:34:40

SliceDebugger:  runs 11:34:40
slices [480, 490):
	channel 0: material (dense)

MasterMerger:  runs 11:34:41

SliceDebugger:  runs 11:34:41
slices [490, 500):
	channel 0: material (dense)

MasterMerger:  runs 11:34:41

SliceDebugger:  runs 11:34:41
slices [500, 510):
	channel 0: material (dense)

MasterMerger:  runs 11:34:41

SliceDebugger:  runs 11:34:41
slices [510, 520):
	channel 0: material (dense)

MasterMerger:  runs 11:34:41

SliceDebugger:  runs 11:34:41
slices [520, 530):
	channel 0: material (dense)

MasterMerger:  runs 11:34:41

SliceDebugger:  runs 11:34:41
slices [530, 540):
	channel 0: material (dense)

MasterMerger:  runs 11:34:42

SliceDebugger:  runs 11:34:42
slices [540, 550):
	channel 0: material (dense)

MasterMerger:  runs 11:34:42

SliceDebugger:  runs 11:34:42
slices [550, 560):
	channel 0: material (dense)

MasterMerger:  runs 11:34:42

SliceDebugger:  runs 11:34:42
slices [560, 570):
	channel 0: material (dense)

MasterMerger:  runs 11:34:42

SliceDebugger:  runs 11:34:42
slices [570, 580):
	channel 0: material (dense)

MasterMerger:  runs 11:34:42

SliceDebugger:  runs 11:34:42
slices [580, 590):
	channel 0: material (dense)

MasterMerger:  runs 11:34:43

SliceDebugger:  runs 11:34:43
slices [590, 600):
	channel 0: material (dense)

MasterMerger:  runs 11:34:43

SliceDebugger:  runs 11:34:43
slices [600, 610):
	channel 0: material (dense)

MasterMerger:  runs 11:34:43

SliceDebugger:  runs 11:34:43
slices [610, 620):
	channel 0: material (dense)

MasterMerger:  runs 11:34:43

SliceDebugger:  runs 11:34:43
slices [620, 630):
	channel 0: material (dense)

MasterMerger:  runs 11:34:43

SliceDebugger:  runs 11:34:43
slices [630, 640):
	channel 0: material (dense)

MasterMerger:  runs 11:34:44

SliceDebugger:  runs 11:34:44
slices [640, 650):
	channel 0: material (dense)

MasterMerger:  runs 11:34:44

SliceDebugger:  runs 11:34:44
slices [650, 660):
	channel 0: material (dense)

MasterMerger:  runs 11:34:44

SliceDebugger:  runs 11:34:44
slices [660, 670):
	channel 0: material (dense)

MasterMerger:  runs 11:34:44

SliceDebugger:  runs 11:34:44
slices [670, 680):
	channel 0: material (dense)

MasterMerger:  runs 11:34:44

SliceDebugger:  runs 11:34:44
slices [680, 690):
	channel 0: material (dense)

MasterMerger:  runs 11:34:45

SliceDebugger:  runs 11:34:45
slices [690, 700):
	channel 0: material (dense)

MasterMerger:  runs 11:34:45

SliceDebugger:  runs 11:34:45
slices [700, 710):
	channel 0: material (dense)

MasterMerger:  runs 11:34:45

SliceDebugger:  runs 11:34:45
slices [710, 720):
	channel 0: material (dense)

MasterMerger:  runs 11:34:45

SliceDebugger:  runs 11:34:45
slices [720, 730):
	channel 0: material (dense)

MasterMerger:  runs 11:34:45

SliceDebugger:  runs 11:34:45
slices [730, 740):
	channel 0: material (dense)

MasterMerger:  runs 11:34:46

SliceDebugger:  runs 11:34:46
slices [740, 750):
	channel 0: material (dense)

MasterMerger:  runs 11:34:46

SliceDebugger:  runs 11:34:46
slices [750, 760):
	channel 0: material (dense)

MasterMerger:  runs 11:34:46

SliceDebugger:  runs 11:34:46
slices [760, 770):
	channel 0: material (dense)

MasterMerger:  runs 11:34:46

SliceDebugger:  runs 11:34:46
slices [770, 777):
	channel 0: material (dense)

Computation finished 

Status: success
PrintingSoftware::execute:
	1 trials
	total = 181.165 s
	mean  = 181.165 s
	var   = 0 s^2, std = 0 s
	min   = 181.165 s
	max   = 181.165 s

MasterPrintingSoftware::startUp:
	1 trials
	total = 0.537494 s
	mean  = 0.537494 s
	var   = 0 s^2, std = 0 s
	min   = 0.537494 s
	max   = 0.537494 s

MasterPrintingSoftware::Send:
	14 trials
	total = 0 s
	mean  = 0 s
	var   = 0 s^2, std = 0 s
	min   = 0 s
	max   = 0 s

FileParserPJ::setInput:
	1 trials
	total = 0 s
	mean  = 0 s
	var   = 0 s^2, std = 0 s
	min   = 0 s
	max   = 0 s

FileParserPJ::runInternal:
	1 trials
	total = 8.03389 s
	mean  = 8.03389 s
	var   = 0 s^2, std = 0 s
	min   = 8.03389 s
	max   = 8.03389 s

PrintJobOrganizer::setInput:
	1 trials
	total = 0.008693 s
	mean  = 0.008693 s
	var   = 0 s^2, std = 0 s
	min   = 0.008693 s
	max   = 0.008693 s

PrintJobOrganizer::runInternal:
	1 trials
	total = 0.432935 s
	mean  = 0.432935 s
	var   = 0 s^2, std = 0 s
	min   = 0.432935 s
	max   = 0.432935 s

MasterPJDistributor::serializeImgData:
	4 trials
	total = 0.193537 s
	mean  = 0.0483843 s
	var   = 0.00143702 s^2, std = 0.037908 s
	min   = 0.015624 s
	max   = 0.084165 s

MasterPJDistributor::serializePJ:
	2 trials
	total = 0.172947 s
	mean  = 0.0864735 s
	var   = 0.000106128 s^2, std = 0.0103018 s
	min   = 0.079189 s
	max   = 0.093758 s

MasterPJDistributor::Send:
	22 trials
	total = 5.83168 s
	mean  = 0.265076 s
	var   = 0.185226 s^2, std = 0.430378 s
	min   = 0 s
	max   = 1.55058 s


PrintingSoftware::execute:
	1 trials
	total = 181.165 s
	mean  = 181.165 s
	var   = 0 s^2, std = 0 s
	min   = 181.165 s
	max   = 181.165 s

MasterPrintingSoftware::startUp:
	1 trials
	total = 0.537494 s
	mean  = 0.537494 s
	var   = 0 s^2, std = 0 s
	min   = 0.537494 s
	max   = 0.537494 s

MasterPrintingSoftware::Send:
	14 trials
	total = 0 s
	mean  = 0 s
	var   = 0 s^2, std = 0 s
	min   = 0 s
	max   = 0 s

FileParserPJ::setInput:
	1 trials
	total = 0 s
	mean  = 0 s
	var   = 0 s^2, std = 0 s
	min   = 0 s
	max   = 0 s

FileParserPJ::runInternal:
	1 trials
	total = 8.03389 s
	mean  = 8.03389 s
	var   = 0 s^2, std = 0 s
	min   = 8.03389 s
	max   = 8.03389 s

PrintJobOrganizer::setInput:
	1 trials
	total = 0.008693 s
	mean  = 0.008693 s
	var   = 0 s^2, std = 0 s
	min   = 0.008693 s
	max   = 0.008693 s

PrintJobOrganizer::runInternal:
	1 trials
	total = 0.432935 s
	mean  = 0.432935 s
	var   = 0 s^2, std = 0 s
	min   = 0.432935 s
	max   = 0.432935 s

MasterPJDistributor::serializeImgData:
	4 trials
	total = 0.193537 s
	mean  = 0.0483843 s
	var   = 0.00143702 s^2, std = 0.037908 s
	min   = 0.015624 s
	max   = 0.084165 s

MasterPJDistributor::serializePJ:
	2 trials
	total = 0.172947 s
	mean  = 0.0864735 s
	var   = 0.000106128 s^2, std = 0.0103018 s
	min   = 0.079189 s
	max   = 0.093758 s

MasterPJDistributor::Send:
	22 trials
	total = 5.83168 s
	mean  = 0.265076 s
	var   = 0.185226 s^2, std = 0.430378 s
	min   = 0 s
	max   = 1.55058 s

MasterMergerWorkerImpl::deserializeSlice1:
	777 trials
	total = 1.0551 s
	mean  = 0.00135792 s
	var   = 1.30357e-005 s^2, std = 0.0036105 s
	min   = 0 s
	max   = 0.015704 s

MasterMergerWorkerImpl::Receive1:
	2351 trials
	total = 137.9 s
	mean  = 0.058656 s
	var   = 0.565811 s^2, std = 0.752204 s
	min   = 0 s
	max   = 12.4914 s

MasterMergerWorkerImpl::decompressData1:
	777 trials
	total = 8.1482 s
	mean  = 0.0104867 s
	var   = 5.85441e-005 s^2, std = 0.00765141 s
	min   = 0 s
	max   = 0.046902 s

MasterMergerWorkerImpl::deserializeSlice2:
	777 trials
	total = 1.08062 s
	mean  = 0.00139076 s
	var   = 1.24976e-005 s^2, std = 0.00353519 s
	min   = 0 s
	max   = 0.015642 s

MasterMergerWorkerImpl::Receive2:
	2351 trials
	total = 142.874 s
	mean  = 0.0607718 s
	var   = 0.574806 s^2, std = 0.758159 s
	min   = 0 s
	max   = 12.0678 s

MasterMergerWorkerImpl::decompressData2:
	777 trials
	total = 8.18073 s
	mean  = 0.0105286 s
	var   = 5.81967e-005 s^2, std = 0.00762868 s
	min   = 0 s
	max   = 0.046906 s


Master Node  0 :Total execution time in seconds 181.709

