PrintingSoftware::execute:
	1 trials
	total = 252.559 s
	mean  = 252.559 s
	var   = 0 s^2, std = 0 s
	min   = 252.559 s
	max   = 252.559 s

MasterPrintingSoftware::startUp:
	1 trials
	total = 0.39051 s
	mean  = 0.39051 s
	var   = 0 s^2, std = 0 s
	min   = 0.39051 s
	max   = 0.39051 s

MasterPrintingSoftware::Send:
	28 trials
	total = 0.013 s
	mean  = 0.000464286 s
	var   = 6.28235e-007 s^2, std = 0.000792613 s
	min   = 0 s
	max   = 0.002002 s

FileParserPJ::setInput:
	1 trials
	total = 0 s
	mean  = 0 s
	var   = 0 s^2, std = 0 s
	min   = 0 s
	max   = 0 s

FileParserPJ::runInternal:
	1 trials
	total = 17.5362 s
	mean  = 17.5362 s
	var   = 0 s^2, std = 0 s
	min   = 17.5362 s
	max   = 17.5362 s

PrintJobOrganizer::setInput:
	1 trials
	total = 0.00852 s
	mean  = 0.00852 s
	var   = 0 s^2, std = 0 s
	min   = 0.00852 s
	max   = 0.00852 s

PrintJobOrganizer::runInternal:
	1 trials
	total = 0.984707 s
	mean  = 0.984707 s
	var   = 0 s^2, std = 0 s
	min   = 0.984707 s
	max   = 0.984707 s

MasterPJDistributor::serializeImgData:
	5 trials
	total = 0.429826 s
	mean  = 0.0859652 s
	var   = 2.23524e-005 s^2, std = 0.00472783 s
	min   = 0.078056 s
	max   = 0.090566 s

MasterPJDistributor::serializePJ:
	4 trials
	total = 0.463831 s
	mean  = 0.115958 s
	var   = 0.002284 s^2, std = 0.0477912 s
	min   = 0.091064 s
	max   = 0.187634 s

MasterPJDistributor::Send:
	32 trials
	total = 11.2973 s
	mean  = 0.353041 s
	var   = 0.24636 s^2, std = 0.496347 s
	min   = 0 s
	max   = 1.82826 s

MasterMergerWorkerImpl::Receive1:
	2351 trials
	total = 184.519 s
	mean  = 0.0784854 s
	var   = 0.981939 s^2, std = 0.990928 s
	min   = 0 s
	max   = 14.9023 s

MasterMergerWorkerImpl::deserializeSlice1:
	777 trials
	total = 1.39986 s
	mean  = 0.00180162 s
	var   = 2.84612e-007 s^2, std = 0.00053349 s
	min   = 0.000989 s
	max   = 0.006006 s

MasterMergerWorkerImpl::decompressData1:
	777 trials
	total = 9.79145 s
	mean  = 0.0126016 s
	var   = 1.85816e-005 s^2, std = 0.00431063 s
	min   = 0.010973 s
	max   = 0.059049 s

MasterMergerWorkerImpl::Receive2:
	2351 trials
	total = 6.55369 s
	mean  = 0.00278762 s
	var   = 0.00737496 s^2, std = 0.0858776 s
	min   = 0 s
	max   = 2.94809 s

MasterMergerWorkerImpl::deserializeSlice2:
	777 trials
	total = 0.939876 s
	mean  = 0.00120962 s
	var   = 3.17168e-007 s^2, std = 0.000563176 s
	min   = 0 s
	max   = 0.005976 s

MasterMergerWorkerImpl::decompressData2:
	777 trials
	total = 5.62413 s
	mean  = 0.00723827 s
	var   = 2.65472e-006 s^2, std = 0.00162933 s
	min   = 0.00499 s
	max   = 0.028016 s

MasterMergerWorkerImpl::Receive3:
	2351 trials
	total = 35.2474 s
	mean  = 0.0149925 s
	var   = 0.106661 s^2, std = 0.32659 s
	min   = 0 s
	max   = 11.2637 s

MasterMergerWorkerImpl::deserializeSlice3:
	777 trials
	total = 0.918397 s
	mean  = 0.00118198 s
	var   = 2.82348e-007 s^2, std = 0.000531364 s
	min   = 0 s
	max   = 0.003002 s

MasterMergerWorkerImpl::decompressData3:
	777 trials
	total = 5.61762 s
	mean  = 0.00722988 s
	var   = 3.89744e-006 s^2, std = 0.00197419 s
	min   = 0.004994 s
	max   = 0.029013 s

MasterMergerWorkerImpl::Receive4:
	2351 trials
	total = 25.2305 s
	mean  = 0.0107318 s
	var   = 0.0557213 s^2, std = 0.236054 s
	min   = 0 s
	max   = 6.46286 s

MasterMergerWorkerImpl::deserializeSlice4:
	777 trials
	total = 0.963577 s
	mean  = 0.00124012 s
	var   = 3.1658e-007 s^2, std = 0.000562655 s
	min   = 0 s
	max   = 0.004003 s

MasterMergerWorkerImpl::decompressData4:
	777 trials
	total = 5.70108 s
	mean  = 0.0073373 s
	var   = 3.98565e-006 s^2, std = 0.00199641 s
	min   = 0.004981 s
	max   = 0.029031 s

SliceDebugger::setInput:
	78 trials
	total = 0 s
	mean  = 0 s
	var   = 0 s^2, std = 0 s
	min   = 0 s
	max   = 0 s

SliceDebugger::runInternal:
	78 trials
	total = 21.7624 s
	mean  = 0.279006 s
	var   = 0.000299718 s^2, std = 0.0173124 s
	min   = 0.17881 s
	max   = 0.320977 s

