SlavePrintingSoftware::startUp:
	1 trials
	total = 0.609383 s
	mean  = 0.609383 s
	var   = 0 s^2, std = 0 s
	min   = 0.609383 s
	max   = 0.609383 s

PrintingSoftware::execute:
	1 trials
	total = 60.5495 s
	mean  = 60.5495 s
	var   = 0 s^2, std = 0 s
	min   = 60.5495 s
	max   = 60.5495 s

SlavePrintingSoftware::communicateData:
	7 trials
	total = 0.046866 s
	mean  = 0.00669514 s
	var   = 0.000151108 s^2, std = 0.0122926 s
	min   = 0 s
	max   = 0.03125 s

SlavePJCollector::deserialize:
	2 trials
	total = 0.062501 s
	mean  = 0.0312505 s
	var   = 5e-013 s^2, std = 7.07107e-007 s
	min   = 0.03125 s
	max   = 0.031251 s

SlavePJCollector::Receive:
	7 trials
	total = 29.002 s
	mean  = 4.14314 s
	var   = 93.9186 s^2, std = 9.69116 s
	min   = 0 s
	max   = 26.0643 s

PrintJobOrganizer::setInput:
	1 trials
	total = 0 s
	mean  = 0 s
	var   = 0 s^2, std = 0 s
	min   = 0 s
	max   = 0 s

PrintJobOrganizer::runInternal:
	1 trials
	total = 0.296897 s
	mean  = 0.296897 s
	var   = 0 s^2, std = 0 s
	min   = 0.296897 s
	max   = 0.296897 s

PrintJobPreprocessor::setInput:
	1 trials
	total = 0 s
	mean  = 0 s
	var   = 0 s^2, std = 0 s
	min   = 0 s
	max   = 0 s

PrintJobPreprocessor::runInternal:
	1 trials
	total = 1.15627 s
	mean  = 1.15627 s
	var   = 0 s^2, std = 0 s
	min   = 1.15627 s
	max   = 1.15627 s

PrintJobVoxelizer::setInput:
	8 trials
	total = 0 s
	mean  = 0 s
	var   = 0 s^2, std = 0 s
	min   = 0 s
	max   = 0 s

PrintJobVoxelizer::runInternal:
	8 trials
	total = 15.4847 s
	mean  = 1.93558 s
	var   = 0.110529 s^2, std = 0.332459 s
	min   = 1.23439 s
	max   = 2.31255 s

PrintJobVoxelizer::rasterizeObjects:
	8 trials
	total = 5.62514 s
	mean  = 0.703142 s
	var   = 0.0350894 s^2, std = 0.187322 s
	min   = 0.343746 s
	max   = 0.921894 s

PrintJobVoxelizer::voxelizeObjects:
	8 trials
	total = 9.73453 s
	mean  = 1.21682 s
	var   = 0.0220737 s^2, std = 0.148572 s
	min   = 0.890642 s
	max   = 1.37503 s

PrintJobVoxelizer::finalizeSurfaces:
	8 trials
	total = 0.015626 s
	mean  = 0.00195325 s
	var   = 3.05215e-005 s^2, std = 0.00552463 s
	min   = 0 s
	max   = 0.015626 s

TonalValueCalculator::setInput:
	8 trials
	total = 0 s
	mean  = 0 s
	var   = 0 s^2, std = 0 s
	min   = 0 s
	max   = 0 s

TonalValueCalculator::runInternal:
	8 trials
	total = 0.015627 s
	mean  = 0.00195338 s
	var   = 3.05254e-005 s^2, std = 0.00552498 s
	min   = 0 s
	max   = 0.015627 s

SurfaceDistanceOrderedTransfer::setInput:
	8 trials
	total = 0 s
	mean  = 0 s
	var   = 0 s^2, std = 0 s
	min   = 0 s
	max   = 0 s

SurfaceDistanceOrderedTransfer::runInternal:
	8 trials
	total = 3.48444 s
	mean  = 0.435555 s
	var   = 0.0105639 s^2, std = 0.102781 s
	min   = 0.218754 s
	max   = 0.593763 s

SurfaceDistanceOrderedTransfer::buildOrderedSurfaceData:
	8 trials
	total = 0.093754 s
	mean  = 0.0117192 s
	var   = 0.000261602 s^2, std = 0.0161741 s
	min   = 0 s
	max   = 0.046877 s

SurfaceDistanceOrderedTransfer::fillDistanceChannel:
	8 trials
	total = 0.046879 s
	mean  = 0.00585988 s
	var   = 6.5406e-005 s^2, std = 0.0080874 s
	min   = 0 s
	max   = 0.015627 s

SurfaceDistanceOrderedTransfer::transfer:
	8 trials
	total = 1.85941 s
	mean  = 0.232426 s
	var   = 0.00421597 s^2, std = 0.0649305 s
	min   = 0.093751 s
	max   = 0.328131 s

SurfaceDistanceOrderedTransfer::mergeDistances:
	8 trials
	total = 0 s
	mean  = 0 s
	var   = 0 s^2, std = 0 s
	min   = 0 s
	max   = 0 s

SurfaceDistanceOrderedTransfer::applySqrt:
	8 trials
	total = 1.45315 s
	mean  = 0.181644 s
	var   = 0.00222789 s^2, std = 0.0472005 s
	min   = 0.078126 s
	max   = 0.250005 s

LayerExtractor::setInput:
	8 trials
	total = 0 s
	mean  = 0 s
	var   = 0 s^2, std = 0 s
	min   = 0 s
	max   = 0 s

LayerExtractor::runInternal:
	8 trials
	total = 1.34383 s
	mean  = 0.167979 s
	var   = 0.00542408 s^2, std = 0.0736483 s
	min   = 0.015627 s
	max   = 0.250016 s

VectorLayerHalftoner::setInput:
	8 trials
	total = 0 s
	mean  = 0 s
	var   = 0 s^2, std = 0 s
	min   = 0 s
	max   = 0 s

VectorLayerHalftoner::runInternal:
	8 trials
	total = 8.46895 s
	mean  = 1.05862 s
	var   = 0.17689 s^2, std = 0.420583 s
	min   = 0.140626 s
	max   = 1.39065 s

VectorLayerHalftoner(0)::setupOutputContainerSlaveReporter::serializeSlice:
	389 trials
	total = 0.015625 s
	mean  = 4.01671e-005 s
	var   = 6.27611e-007 s^2, std = 0.000792219 s
	min   = 0 s
	max   = 0.015625 s

SlaveReporter::Send:
	1179 trials
	total = 0.031241 s
	mean  = 2.64979e-005 s
	var   = 4.13559e-007 s^2, std = 0.000643085 s
	min   = 0 s
	max   = 0.015625 s

SlaveReporter::CompressData:
	389 trials
	total = 0.390653 s
	mean  = 0.00100425 s
	var   = 1.47219e-005 s^2, std = 0.00383691 s
	min   = 0 s
	max   = 0.015641 s

