PrintingSoftware::execute:
	1 trials
	total = 67.6491 s
	mean  = 67.6491 s
	var   = 0 s^2, std = 0 s
	min   = 67.6491 s
	max   = 67.6491 s

MasterPrintingSoftware::startUp:
	1 trials
	total = 0.48438 s
	mean  = 0.48438 s
	var   = 0 s^2, std = 0 s
	min   = 0.48438 s
	max   = 0.48438 s

MasterPrintingSoftware::Send:
	28 trials
	total = 0.031252 s
	mean  = 0.00111614 s
	var   = 1.67949e-005 s^2, std = 0.00409816 s
	min   = 0 s
	max   = 0.015629 s

FileParserPJ::setInput:
	1 trials
	total = 0 s
	mean  = 0 s
	var   = 0 s^2, std = 0 s
	min   = 0 s
	max   = 0 s

FileParserPJ::runInternal:
	1 trials
	total = 17.0234 s
	mean  = 17.0234 s
	var   = 0 s^2, std = 0 s
	min   = 17.0234 s
	max   = 17.0234 s

PrintJobOrganizer::setInput:
	1 trials
	total = 0.078125 s
	mean  = 0.078125 s
	var   = 0 s^2, std = 0 s
	min   = 0.078125 s
	max   = 0.078125 s

PrintJobOrganizer::runInternal:
	1 trials
	total = 0.906236 s
	mean  = 0.906236 s
	var   = 0 s^2, std = 0 s
	min   = 0.906236 s
	max   = 0.906236 s

MasterPJDistributor::serializeImgData:
	5 trials
	total = 0.437501 s
	mean  = 0.0875002 s
	var   = 7.32375e-005 s^2, std = 0.00855789 s
	min   = 0.078125 s
	max   = 0.093753 s

MasterPJDistributor::serializePJ:
	4 trials
	total = 0.453104 s
	mean  = 0.113276 s
	var   = 0.00250284 s^2, std = 0.0500284 s
	min   = 0.078107 s
	max   = 0.187499 s

MasterPJDistributor::Send:
	32 trials
	total = 11.0117 s
	mean  = 0.344115 s
	var   = 0.241699 s^2, std = 0.491629 s
	min   = 0 s
	max   = 1.9219 s

MasterMergerWorkerImpl::deserializeSlice1:
	389 trials
	total = 0.031254 s
	mean  = 8.03445e-005 s
	var   = 1.25231e-006 s^2, std = 0.00111907 s
	min   = 0 s
	max   = 0.015627 s

MasterMergerWorkerImpl::Receive1:
	1179 trials
	total = 29.1547 s
	mean  = 0.0247284 s
	var   = 0.121662 s^2, std = 0.3488 s
	min   = 0 s
	max   = 5.35946 s

MasterMergerWorkerImpl::decompressData1:
	389 trials
	total = 1.35925 s
	mean  = 0.00349422 s
	var   = 4.24919e-005 s^2, std = 0.00651858 s
	min   = 0 s
	max   = 0.015654 s

MasterMergerWorkerImpl::deserializeSlice2:
	389 trials
	total = 0.031252 s
	mean  = 8.03393e-005 s
	var   = 1.25215e-006 s^2, std = 0.00111899 s
	min   = 0 s
	max   = 0.015626 s

MasterMergerWorkerImpl::Receive2:
	1179 trials
	total = 0 s
	mean  = 0 s
	var   = 0 s^2, std = 0 s
	min   = 0 s
	max   = 0 s

MasterMergerWorkerImpl::decompressData2:
	389 trials
	total = 0.515648 s
	mean  = 0.00132557 s
	var   = 1.90047e-005 s^2, std = 0.00435944 s
	min   = 0 s
	max   = 0.015643 s

MasterMergerWorkerImpl::deserializeSlice3:
	389 trials
	total = 0.062469 s
	mean  = 0.000160589 s
	var   = 2.48856e-006 s^2, std = 0.00157752 s
	min   = 0 s
	max   = 0.015626 s

MasterMergerWorkerImpl::Receive3:
	1179 trials
	total = 28.2797 s
	mean  = 0.0239862 s
	var   = 0.0891062 s^2, std = 0.298507 s
	min   = 0 s
	max   = 4.86481 s

MasterMergerWorkerImpl::decompressData3:
	389 trials
	total = 0.765569 s
	mean  = 0.00196804 s
	var   = 2.69445e-005 s^2, std = 0.00519081 s
	min   = 0 s
	max   = 0.015654 s

MasterMergerWorkerImpl::deserializeSlice4:
	389 trials
	total = 0.046853 s
	mean  = 0.000120445 s
	var   = 1.87137e-006 s^2, std = 0.00136798 s
	min   = 0 s
	max   = 0.015626 s

MasterMergerWorkerImpl::Receive4:
	1179 trials
	total = 18.065 s
	mean  = 0.0153223 s
	var   = 0.0405349 s^2, std = 0.201333 s
	min   = 0 s
	max   = 2.95189 s

MasterMergerWorkerImpl::decompressData4:
	389 trials
	total = 0.812407 s
	mean  = 0.00208845 s
	var   = 2.83395e-005 s^2, std = 0.00532349 s
	min   = 0 s
	max   = 0.015654 s

SliceDebugger::setInput:
	39 trials
	total = 0 s
	mean  = 0 s
	var   = 0 s^2, std = 0 s
	min   = 0 s
	max   = 0 s

SliceDebugger::runInternal:
	39 trials
	total = 3.81248 s
	mean  = 0.0977558 s
	var   = 7.34872e-005 s^2, std = 0.00857247 s
	min   = 0.078124 s
	max   = 0.124997 s

