SlavePrintingSoftware::startUp:
	1 trials
	total = 0.268901 s
	mean  = 0.268901 s
	var   = 0 s^2, std = 0 s
	min   = 0.268901 s
	max   = 0.268901 s

PrintingSoftware::execute:
	1 trials
	total = 64.123 s
	mean  = 64.123 s
	var   = 0 s^2, std = 0 s
	min   = 64.123 s
	max   = 64.123 s

SlavePrintingSoftware::communicateData:
	7 trials
	total = 0.015624 s
	mean  = 0.002232 s
	var   = 3.48728e-005 s^2, std = 0.00590532 s
	min   = 0 s
	max   = 0.015624 s

SlavePJCollector::deserialize:
	3 trials
	total = 0.0867 s
	mean  = 0.0289 s
	var   = 0.000130138 s^2, std = 0.0114078 s
	min   = 0.019551 s
	max   = 0.041611 s

SlavePJCollector::Receive:
	11 trials
	total = 23.3964 s
	mean  = 2.12695 s
	var   = 29.2988 s^2, std = 5.41284 s
	min   = 0 s
	max   = 18.2326 s

PrintJobOrganizer::setInput:
	1 trials
	total = 0.002504 s
	mean  = 0.002504 s
	var   = 0 s^2, std = 0 s
	min   = 0.002504 s
	max   = 0.002504 s

PrintJobOrganizer::runInternal:
	1 trials
	total = 0.457057 s
	mean  = 0.457057 s
	var   = 0 s^2, std = 0 s
	min   = 0.457057 s
	max   = 0.457057 s

PrintJobPreprocessor::setInput:
	1 trials
	total = 0 s
	mean  = 0 s
	var   = 0 s^2, std = 0 s
	min   = 0 s
	max   = 0 s

PrintJobPreprocessor::runInternal:
	1 trials
	total = 1.81363 s
	mean  = 1.81363 s
	var   = 0 s^2, std = 0 s
	min   = 1.81363 s
	max   = 1.81363 s

PrintJobVoxelizer::setInput:
	8 trials
	total = 0 s
	mean  = 0 s
	var   = 0 s^2, std = 0 s
	min   = 0 s
	max   = 0 s

PrintJobVoxelizer::runInternal:
	8 trials
	total = 15.9985 s
	mean  = 1.99982 s
	var   = 0.157705 s^2, std = 0.397121 s
	min   = 1.19731 s
	max   = 2.47081 s

PrintJobVoxelizer::rasterizeObjects:
	8 trials
	total = 8.90213 s
	mean  = 1.11277 s
	var   = 0.0955284 s^2, std = 0.309077 s
	min   = 0.499247 s
	max   = 1.48241 s

PrintJobVoxelizer::voxelizeObjects:
	8 trials
	total = 6.86606 s
	mean  = 0.858257 s
	var   = 0.0100127 s^2, std = 0.100064 s
	min   = 0.67739 s
	max   = 0.995697 s

PrintJobVoxelizer::finalizeSurfaces:
	8 trials
	total = 0.065433 s
	mean  = 0.00817912 s
	var   = 3.90982e-005 s^2, std = 0.00625285 s
	min   = 0.002006 s
	max   = 0.015629 s

TonalValueCalculator::setInput:
	8 trials
	total = 0 s
	mean  = 0 s
	var   = 0 s^2, std = 0 s
	min   = 0 s
	max   = 0 s

TonalValueCalculator::runInternal:
	8 trials
	total = 0.109928 s
	mean  = 0.013741 s
	var   = 3.08421e-005 s^2, std = 0.00555357 s
	min   = 0 s
	max   = 0.015938 s

SurfaceDistanceOrderedTransfer::setInput:
	8 trials
	total = 0 s
	mean  = 0 s
	var   = 0 s^2, std = 0 s
	min   = 0 s
	max   = 0 s

SurfaceDistanceOrderedTransfer::runInternal:
	8 trials
	total = 4.30356 s
	mean  = 0.537946 s
	var   = 0.0138349 s^2, std = 0.117622 s
	min   = 0.279934 s
	max   = 0.697055 s

SurfaceDistanceOrderedTransfer::buildOrderedSurfaceData:
	8 trials
	total = 0.168343 s
	mean  = 0.0210429 s
	var   = 0.000703361 s^2, std = 0.026521 s
	min   = 0 s
	max   = 0.083651 s

SurfaceDistanceOrderedTransfer::fillDistanceChannel:
	8 trials
	total = 0.235439 s
	mean  = 0.0294299 s
	var   = 0.000161793 s^2, std = 0.0127198 s
	min   = 0.001004 s
	max   = 0.046878 s

SurfaceDistanceOrderedTransfer::transfer:
	8 trials
	total = 3.30811 s
	mean  = 0.413514 s
	var   = 0.0112103 s^2, std = 0.105879 s
	min   = 0.178146 s
	max   = 0.554222 s

SurfaceDistanceOrderedTransfer::mergeDistances:
	16 trials
	total = 0.895342 s
	mean  = 0.0559589 s
	var   = 0.000304183 s^2, std = 0.0174408 s
	min   = 0.031285 s
	max   = 0.094459 s

SurfaceDistanceOrderedTransfer::applySqrt:
	8 trials
	total = 0.591671 s
	mean  = 0.0739589 s
	var   = 0.000623039 s^2, std = 0.0249608 s
	min   = 0.017133 s
	max   = 0.095917 s

LayerExtractor::setInput:
	8 trials
	total = 0 s
	mean  = 0 s
	var   = 0 s^2, std = 0 s
	min   = 0 s
	max   = 0 s

LayerExtractor::runInternal:
	8 trials
	total = 2.20775 s
	mean  = 0.275969 s
	var   = 0.0162806 s^2, std = 0.127595 s
	min   = 0.015668 s
	max   = 0.398209 s

VectorLayerHalftoner::setInput:
	8 trials
	total = 0.002235 s
	mean  = 0.000279375 s
	var   = 1.76501e-007 s^2, std = 0.00042012 s
	min   = 0 s
	max   = 0.001097 s

VectorLayerHalftoner::runInternal:
	8 trials
	total = 13.6351 s
	mean  = 1.70439 s
	var   = 0.51257 s^2, std = 0.71594 s
	min   = 0.214747 s
	max   = 2.45482 s

VectorLayerHalftoner(0)::setupOutputContainerSlaveReporter::serializeSlice:
	389 trials
	total = 0.219484 s
	mean  = 0.000564226 s
	var   = 3.64937e-006 s^2, std = 0.00191033 s
	min   = 0 s
	max   = 0.015796 s

SlaveReporter::Send:
	1179 trials
	total = 0.043737 s
	mean  = 3.70967e-005 s
	var   = 3.34701e-007 s^2, std = 0.000578533 s
	min   = 0 s
	max   = 0.015917 s

SlaveReporter::CompressData:
	389 trials
	total = 0.672882 s
	mean  = 0.00172977 s
	var   = 6.10903e-006 s^2, std = 0.00247165 s
	min   = 0 s
	max   = 0.017161 s

