PrintingSoftware::execute:
	1 trials
	total = 248.049 s
	mean  = 248.049 s
	var   = 0 s^2, std = 0 s
	min   = 248.049 s
	max   = 248.049 s

MasterPrintingSoftware::startUp:
	1 trials
	total = 0.359369 s
	mean  = 0.359369 s
	var   = 0 s^2, std = 0 s
	min   = 0.359369 s
	max   = 0.359369 s

MasterPrintingSoftware::Send:
	28 trials
	total = 0.015626 s
	mean  = 0.000558071 s
	var   = 8.72042e-006 s^2, std = 0.00295304 s
	min   = 0 s
	max   = 0.015626 s

FileParserPJ::setInput:
	1 trials
	total = 0 s
	mean  = 0 s
	var   = 0 s^2, std = 0 s
	min   = 0 s
	max   = 0 s

FileParserPJ::runInternal:
	1 trials
	total = 17.4124 s
	mean  = 17.4124 s
	var   = 0 s^2, std = 0 s
	min   = 17.4124 s
	max   = 17.4124 s

PrintJobOrganizer::setInput:
	1 trials
	total = 0 s
	mean  = 0 s
	var   = 0 s^2, std = 0 s
	min   = 0 s
	max   = 0 s

PrintJobOrganizer::runInternal:
	1 trials
	total = 0.984339 s
	mean  = 0.984339 s
	var   = 0 s^2, std = 0 s
	min   = 0.984339 s
	max   = 0.984339 s

MasterPJDistributor::serializeImgData:
	5 trials
	total = 0.46874 s
	mean  = 0.093748 s
	var   = 5e-013 s^2, std = 7.07107e-007 s
	min   = 0.093747 s
	max   = 0.093749 s

MasterPJDistributor::serializePJ:
	4 trials
	total = 0.46873 s
	mean  = 0.117182 s
	var   = 0.00138373 s^2, std = 0.0371986 s
	min   = 0.093731 s
	max   = 0.171874 s

MasterPJDistributor::Send:
	32 trials
	total = 11.1405 s
	mean  = 0.348139 s
	var   = 0.271369 s^2, std = 0.520931 s
	min   = 0 s
	max   = 2.28122 s

MasterMergerWorkerImpl::deserializeSlice1:
	777 trials
	total = 1.54094 s
	mean  = 0.00198319 s
	var   = 9.03082e-007 s^2, std = 0.000950306 s
	min   = 0 s
	max   = 0.015626 s

MasterMergerWorkerImpl::Receive1:
	2351 trials
	total = 183.576 s
	mean  = 0.078084 s
	var   = 0.960994 s^2, std = 0.980303 s
	min   = 0 s
	max   = 14.5209 s

MasterMergerWorkerImpl::decompressData1:
	777 trials
	total = 9.67388 s
	mean  = 0.0124503 s
	var   = 3.42423e-006 s^2, std = 0.00185047 s
	min   = 0 s
	max   = 0.025018 s

MasterMergerWorkerImpl::deserializeSlice2:
	777 trials
	total = 0.926853 s
	mean  = 0.00119286 s
	var   = 1.80496e-006 s^2, std = 0.00134349 s
	min   = 0 s
	max   = 0.015626 s

MasterMergerWorkerImpl::Receive2:
	2351 trials
	total = 6.84791 s
	mean  = 0.00291276 s
	var   = 0.00994428 s^2, std = 0.099721 s
	min   = 0 s
	max   = 3.73431 s

MasterMergerWorkerImpl::decompressData2:
	777 trials
	total = 6.69382 s
	mean  = 0.00861496 s
	var   = 1.44533e-005 s^2, std = 0.00380175 s
	min   = 0 s
	max   = 0.015641 s

MasterMergerWorkerImpl::deserializeSlice3:
	777 trials
	total = 0.917629 s
	mean  = 0.00118099 s
	var   = 1.15315e-006 s^2, std = 0.00107385 s
	min   = 0 s
	max   = 0.015628 s

MasterMergerWorkerImpl::Receive3:
	2351 trials
	total = 37.0049 s
	mean  = 0.0157401 s
	var   = 0.112688 s^2, std = 0.33569 s
	min   = 0 s
	max   = 11.1674 s

MasterMergerWorkerImpl::decompressData3:
	777 trials
	total = 6.51866 s
	mean  = 0.00838952 s
	var   = 1.01567e-005 s^2, std = 0.00318697 s
	min   = 0 s
	max   = 0.01601 s

MasterMergerWorkerImpl::deserializeSlice4:
	777 trials
	total = 1.01945 s
	mean  = 0.00131203 s
	var   = 1.99541e-006 s^2, std = 0.00141259 s
	min   = 0 s
	max   = 0.015626 s

MasterMergerWorkerImpl::Receive4:
	2351 trials
	total = 25.5712 s
	mean  = 0.0108767 s
	var   = 0.0601708 s^2, std = 0.245297 s
	min   = 0 s
	max   = 8.11017 s

MasterMergerWorkerImpl::decompressData4:
	777 trials
	total = 6.77413 s
	mean  = 0.00871832 s
	var   = 1.05744e-005 s^2, std = 0.00325184 s
	min   = 0 s
	max   = 0.016011 s

SliceDebugger::setInput:
	78 trials
	total = 0 s
	mean  = 0 s
	var   = 0 s^2, std = 0 s
	min   = 0 s
	max   = 0 s

SliceDebugger::runInternal:
	78 trials
	total = 22.4891 s
	mean  = 0.288322 s
	var   = 0.00235805 s^2, std = 0.0485597 s
	min   = 0.193139 s
	max   = 0.680464 s

