Warning:json file inside profile could not be parsed 

GL version: 4.4.0

Warning: there is no json file embedded inside profile 

LayerExtractor: distance needed for layers: 0.135467

FileParserPJ: initializing
PrintJobOrganizer: initializing
PrintJobPreprocessor: initializing
PrintJobVoxelizer: initializing
SliceDebugger: initializing
TonalValueCalculator: initializing
TonalValueCalculator: Using rendering intent RELATIVE_COLORIMETRIC

SurfaceDistanceOrderedTransfer: initializing
SliceDebugger: initializing
TonalLinearizer: initializing
VectorLayerHalftoner: initializing
SliceDebugger: initializing
MaterialUsageEstimator: initializing
FileParserPJ:  runs 15:23:3

FileParserPJ: loading OBJ file

244921 vertices
489840 faces

FileParserPJ: 245383 texture coordinates

FileParserPJ: 245383 vertices after duplication

FileParserPJ: //filer-igd2.igd.fraunhofer.de/igd-3dt/shared/3DModels/Head/HeadMTL/Head_Level3.obj parsed: 245383 vertices and 489840 faces

FileParserPJ: loading jpg file

FileParserPJ: loading OBJ file

244921 vertices
489840 faces

FileParserPJ: 245383 texture coordinates

FileParserPJ: 245383 vertices after duplication

FileParserPJ: //filer-igd2.igd.fraunhofer.de/igd-3dt/shared/3DModels/Head/HeadMTL/Head_Level3.obj parsed: 245383 vertices and 489840 faces

FileParserPJ: loading jpg file

FileParserPJ: Input files parsed

PrintJobOrganizer:  runs 15:23:10

centering objects at origin
optimizing rotation for height
scaling objects
optimizing rotation for support use
PrintJobOrganizer: support cost         = 25.4851
support cost flipped = 22.9004

PrintJobOrganizer: support cost         = 25.4851
support cost flipped = 22.9004

arranging objects in 2D
validating object placement
PrintJobOrganizer: print object 1 print-space bounding box: (0.00211667, 0.00423333, 0.00135106), (8.00212, 5.12195, 4.19435)
PrintJobOrganizer: print object 2 print-space bounding box: (0.00211667, 5.32195, 0.00135106), (8.00212, 10.4397, 4.19435)
saving transforms to file
PrintJobPreprocessor:  runs 15:23:10

PrintJobPreprocessor: flatten
PrintJobPreprocessor: prioritize
PrintJobPreprocessor: segment-hierarchy
PrintJobPreprocessor: boundingBox
PrintJobPreprocessor: uniformAppearanceTextures
PrintJobVoxelizer:  runs 15:23:12

PrintJobVoxelizer: 
number of slices to print: 777 (4.19435 cm)
width of slices to print:  946 (8.00212 cm)
height of slices to print: 617 (10.4397 cm)
chunk size:                50 (0.270213 cm)

PrintJobVoxelizer: setting up slices
PrintJobVoxelizer: rasterizing objects
PrintJobVoxelizer: creating rasterizer
PrintJobVoxelizer: rasterizing object 1
PrintJobVoxelizer: rasterizing object 2
Rasterizer::rasterize:
	2 trials
	total = 0.398292 s
	mean  = 0.199146 s
	var   = 4.08066e-005 s^2, std = 0.006388 s
	min   = 0.194629 s
	max   = 0.203663 s


PrintJobVoxelizer: voxelizing objects
Object 1 ROI: [0 0 0] --> [946 303 50]
GWNSampleFloodVoxelizer: number of samples: 107
GWNSampleFloodVoxelizer: samples evaluated
GWNSampleFloodVoxelizer: adaptive threshold = 0.498039
GWNSampleFloodVoxelizer: flooding complete
Voxelization: solid angle evaluations per voxel: 0.0835662

Object 2 ROI: [0 314 0] --> [946 617 50]
GWNSampleFloodVoxelizer: number of samples: 106
GWNSampleFloodVoxelizer: samples evaluated
GWNSampleFloodVoxelizer: adaptive threshold = 0.498039
GWNSampleFloodVoxelizer: flooding complete
Voxelization: solid angle evaluations per voxel: 0.165083

GWNSampleFloodVoxelizer::voxelize:
	2 trials
	total = 3.43556 s
	mean  = 1.71778 s
	var   = 0.0202514 s^2, std = 0.142307 s
	min   = 1.61715 s
	max   = 1.81841 s

GWNSampleFloodVoxelizer::initIndicator:
	2 trials
	total = 0.400863 s
	mean  = 0.200432 s
	var   = 0.00133185 s^2, std = 0.0364945 s
	min   = 0.174626 s
	max   = 0.226237 s

GWNSampleFloodVoxelizer::selectSamples:
	2 trials
	total = 0.216154 s
	mean  = 0.108077 s
	var   = 7.2096e-005 s^2, std = 0.00849094 s
	min   = 0.102073 s
	max   = 0.114081 s

GWNSampleFloodVoxelizer::evaluateSamples:
	2 trials
	total = 0.097568 s
	mean  = 0.048784 s
	var   = 3.6176e-005 s^2, std = 0.00601465 s
	min   = 0.044531 s
	max   = 0.053037 s

GWNSampleFloodVoxelizer::flood:
	2 trials
	total = 2.64792 s
	mean  = 1.32396 s
	var   = 0.0117264 s^2, std = 0.108288 s
	min   = 1.24739 s
	max   = 1.40053 s


PrintJobVoxelizer: finalizing surfaces
PrintJobVoxelizer: 37407 surface voxels
PrintJobVoxelizer: getting output subset
PrintJobVoxelizer: updating slice indices
SliceDebugger:  runs 15:23:17
slices [0, 49):
	channel 0: occupancy (dense)
	channel 1: opticalFeature (sparse)

TonalValueCalculator:  runs 15:23:19
slices [0, 49):
	channel 0: occupancy (dense)
	channel 1: opticalFeature (sparse)

SurfaceDistanceOrderedTransfer:  runs 15:23:19
slices [0, 49):
	channel 0: occupancy (dense)
	channel 1: surfaceDist (dense)

SurfaceDistanceOrderedTransfer: 0 0 23
SliceDebugger:  runs 15:23:20
slices [0, 23):
	channel 0: occupancy (dense)
	channel 1: surfaceDist (dense)

LayerExtractor:  runs 15:23:21
slices [0, 23):
	channel 0: occupancy (dense)
	channel 1: surfaceDist (dense)
	channel 2: layer_000 (sparse)
	channel 3: layer_001 (sparse)
	channel 4: layer_002 (sparse)
	channel 5: layer_003 (sparse)
	channel 6: layer_004 (sparse)
	channel 7: layer_005 (sparse)
	channel 8: layer_006 (sparse)
	channel 9: layer_007 (sparse)

TonalLinearizer:  runs 15:23:21
slices [0, 22):
	channel 0: occupancy (dense)
	channel 1: surfaceDist (dense)
	channel 2: layer_000 (sparse)
	channel 3: layer_001 (sparse)
	channel 4: layer_002 (sparse)
	channel 5: layer_003 (sparse)
	channel 6: layer_004 (sparse)
	channel 7: layer_005 (sparse)
	channel 8: layer_006 (sparse)
	channel 9: layer_007 (sparse)

VectorLayerHalftoner: VectorLayerHalftoner error: no tonal values available

VectorLayerHalftoner:  runs 15:23:21
slices [0, 22):
	channel 0: occupancy (dense)
	channel 1: surfaceDist (dense)
	channel 2: layer_000 (sparse)
	channel 3: layer_001 (sparse)
	channel 4: layer_002 (sparse)
	channel 5: layer_003 (sparse)
	channel 6: layer_004 (sparse)
	channel 7: layer_005 (sparse)
	channel 8: layer_006 (sparse)
	channel 9: layer_007 (sparse)
	channel 10: intermedTonal_0 (sparse)
	channel 11: intermedTonal_1 (sparse)
	channel 12: intermedTonal_2 (sparse)
	channel 13: intermedTonal_3 (sparse)
	channel 14: intermedTonal_4 (sparse)
	channel 15: intermedTonal_5 (sparse)
	channel 16: intermedTonal_6 (sparse)
	channel 17: intermedTonal_7 (sparse)
	channel 18: quantizedTonal (sparse)

SliceDebugger:  runs 15:23:22
slices [0, 10):
	channel 0: material (dense)
	channel 1: occupancy (dense)

MaterialUsageEstimator:  runs 15:23:22
slices [0, 10):
	channel 0: material (dense)
	channel 1: occupancy (dense)

MaterialUsageEstimator:  [QUIET WARNING] large change in non-empty count in slice 1: 130

MaterialUsageEstimator:  [QUIET WARNING] large change in non-empty count in slice 2: 147

MaterialUsageEstimator:  [QUIET WARNING] large change in non-empty count in slice 3: 134

MaterialUsageEstimator:  [QUIET WARNING] large change in non-empty count in slice 4: 138

PrintJobVoxelizer:  runs 15:23:22

PrintJobVoxelizer: setting up slices
PrintJobVoxelizer: rasterizing objects
PrintJobVoxelizer: creating rasterizer
PrintJobVoxelizer: rasterizing object 1
PrintJobVoxelizer: rasterizing object 2
Rasterizer::rasterize:
	4 trials
	total = 1.58864 s
	mean  = 0.39716 s
	var   = 0.0522942 s^2, std = 0.228679 s
	min   = 0.194629 s
	max   = 0.596424 s


PrintJobVoxelizer: voxelizing objects
Object 1 ROI: [0 0 0] --> [946 303 50]
GWNSampleFloodVoxelizer: number of samples: 228
GWNSampleFloodVoxelizer: samples evaluated
GWNSampleFloodVoxelizer: adaptive threshold = 0.498039
GWNSampleFloodVoxelizer: flooding complete
Voxelization: solid angle evaluations per voxel: 0.374116

Object 2 ROI: [0 314 0] --> [946 617 50]
GWNSampleFloodVoxelizer: number of samples: 226
GWNSampleFloodVoxelizer: samples evaluated
GWNSampleFloodVoxelizer: adaptive threshold = 0.498039
GWNSampleFloodVoxelizer: flooding complete
Voxelization: solid angle evaluations per voxel: 0.74482

GWNSampleFloodVoxelizer::voxelize:
	4 trials
	total = 6.84052 s
	mean  = 1.71013 s
	var   = 0.00783184 s^2, std = 0.0884977 s
	min   = 1.61715 s
	max   = 1.81841 s

GWNSampleFloodVoxelizer::initIndicator:
	4 trials
	total = 0.738604 s
	mean  = 0.184651 s
	var   = 0.000779361 s^2, std = 0.027917 s
	min   = 0.166619 s
	max   = 0.226237 s

GWNSampleFloodVoxelizer::selectSamples:
	4 trials
	total = 0.397283 s
	mean  = 0.0993207 s
	var   = 0.000127764 s^2, std = 0.0113033 s
	min   = 0.089063 s
	max   = 0.114081 s

GWNSampleFloodVoxelizer::evaluateSamples:
	4 trials
	total = 0.452821 s
	mean  = 0.113205 s
	var   = 0.00555904 s^2, std = 0.0745589 s
	min   = 0.044531 s
	max   = 0.182129 s

GWNSampleFloodVoxelizer::flood:
	4 trials
	total = 5.11121 s
	mean  = 1.2778 s
	var   = 0.00797057 s^2, std = 0.089278 s
	min   = 1.18885 s
	max   = 1.40053 s


PrintJobVoxelizer: finalizing surfaces
PrintJobVoxelizer: 244226 surface voxels
PrintJobVoxelizer: getting output subset
PrintJobVoxelizer: updating slice indices
SliceDebugger:  runs 15:23:27
slices [49, 99):
	channel 0: occupancy (dense)
	channel 1: opticalFeature (sparse)

TonalValueCalculator:  runs 15:23:30
slices [49, 99):
	channel 0: occupancy (dense)
	channel 1: opticalFeature (sparse)

SurfaceDistanceOrderedTransfer:  runs 15:23:30
slices [23, 99):
	channel 0: occupancy (dense)
	channel 1: surfaceDist (dense)

SurfaceDistanceOrderedTransfer: 23 49 73
SliceDebugger:  runs 15:23:31
slices [23, 73):
	channel 0: occupancy (dense)
	channel 1: surfaceDist (dense)

LayerExtractor:  runs 15:23:34
slices [21, 73):
	channel 0: occupancy (dense)
	channel 1: surfaceDist (dense)
	channel 2: layer_000 (sparse)
	channel 3: layer_001 (sparse)
	channel 4: layer_002 (sparse)
	channel 5: layer_003 (sparse)
	channel 6: layer_004 (sparse)
	channel 7: layer_005 (sparse)
	channel 8: layer_006 (sparse)
	channel 9: layer_007 (sparse)

TonalLinearizer:  runs 15:23:34
slices [22, 72):
	channel 0: occupancy (dense)
	channel 1: surfaceDist (dense)
	channel 2: layer_000 (sparse)
	channel 3: layer_001 (sparse)
	channel 4: layer_002 (sparse)
	channel 5: layer_003 (sparse)
	channel 6: layer_004 (sparse)
	channel 7: layer_005 (sparse)
	channel 8: layer_006 (sparse)
	channel 9: layer_007 (sparse)

VectorLayerHalftoner: VectorLayerHalftoner error: no tonal values available

VectorLayerHalftoner:  runs 15:23:34
slices [10, 72):
	channel 0: occupancy (dense)
	channel 1: surfaceDist (dense)
	channel 2: layer_000 (sparse)
	channel 3: layer_001 (sparse)
	channel 4: layer_002 (sparse)
	channel 5: layer_003 (sparse)
	channel 6: layer_004 (sparse)
	channel 7: layer_005 (sparse)
	channel 8: layer_006 (sparse)
	channel 9: layer_007 (sparse)
	channel 10: intermedTonal_0 (sparse)
	channel 11: intermedTonal_1 (sparse)
	channel 12: intermedTonal_2 (sparse)
	channel 13: intermedTonal_3 (sparse)
	channel 14: intermedTonal_4 (sparse)
	channel 15: intermedTonal_5 (sparse)
	channel 16: intermedTonal_6 (sparse)
	channel 17: intermedTonal_7 (sparse)
	channel 18: quantizedTonal (sparse)
	channel 19: errorDiffInfo2 (sparse)
	channel 20: distanceToEmpty (sparse)
	channel 21: errorDiffInfo3 (sparse)
	channel 22: errorDiffInfo4 (sparse)
	channel 23: errorDiffInfo5 (sparse)
	channel 24: errorDiffInfo6 (sparse)
	channel 25: errorDiffInfo7 (sparse)
	channel 26: errorDiffInfo8 (sparse)
	channel 27: errorDiffInfo9 (sparse)

SliceDebugger:  runs 15:23:37
slices [10, 60):
	channel 0: material (dense)
	channel 1: occupancy (dense)

MaterialUsageEstimator:  runs 15:23:38
slices [10, 60):
	channel 0: material (dense)
	channel 1: occupancy (dense)

PrintJobVoxelizer:  runs 15:23:38

PrintJobVoxelizer: setting up slices
PrintJobVoxelizer: rasterizing objects
PrintJobVoxelizer: creating rasterizer
PrintJobVoxelizer: rasterizing object 1
PrintJobVoxelizer: rasterizing object 2
Rasterizer::rasterize:
	6 trials
	total = 3.19384 s
	mean  = 0.532306 s
	var   = 0.075219 s^2, std = 0.274261 s
	min   = 0.194629 s
	max   = 0.807076 s


PrintJobVoxelizer: voxelizing objects
Object 1 ROI: [0 0 0] --> [946 303 50]
GWNSampleFloodVoxelizer: number of samples: 366
GWNSampleFloodVoxelizer: samples evaluated
GWNSampleFloodVoxelizer: adaptive threshold = 0.498039
GWNSampleFloodVoxelizer: flooding complete
Voxelization: solid angle evaluations per voxel: 0.631734

Object 2 ROI: [0 314 0] --> [946 617 50]
GWNSampleFloodVoxelizer: number of samples: 362
GWNSampleFloodVoxelizer: samples evaluated
GWNSampleFloodVoxelizer: adaptive threshold = 0.498039
GWNSampleFloodVoxelizer: flooding complete
Voxelization: solid angle evaluations per voxel: 1.25691

GWNSampleFloodVoxelizer::voxelize:
	6 trials
	total = 10.304 s
	mean  = 1.71734 s
	var   = 0.0122349 s^2, std = 0.110611 s
	min   = 1.59564 s
	max   = 1.86787 s

GWNSampleFloodVoxelizer::initIndicator:
	6 trials
	total = 1.05283 s
	mean  = 0.175471 s
	var   = 0.000684275 s^2, std = 0.0261586 s
	min   = 0.151108 s
	max   = 0.226237 s

GWNSampleFloodVoxelizer::selectSamples:
	6 trials
	total = 0.598427 s
	mean  = 0.0997378 s
	var   = 0.000106017 s^2, std = 0.0102964 s
	min   = 0.089063 s
	max   = 0.114081 s

GWNSampleFloodVoxelizer::evaluateSamples:
	6 trials
	total = 0.991743 s
	mean  = 0.16529 s
	var   = 0.00984831 s^2, std = 0.0992387 s
	min   = 0.044531 s
	max   = 0.271693 s

GWNSampleFloodVoxelizer::flood:
	6 trials
	total = 7.45038 s
	mean  = 1.24173 s
	var   = 0.0139903 s^2, std = 0.11828 s
	min   = 1.04625 s
	max   = 1.40053 s


PrintJobVoxelizer: finalizing surfaces
PrintJobVoxelizer: 561382 surface voxels
PrintJobVoxelizer: getting output subset
PrintJobVoxelizer: updating slice indices
SliceDebugger:  runs 15:23:43
slices [99, 149):
	channel 0: occupancy (dense)
	channel 1: opticalFeature (sparse)

TonalValueCalculator:  runs 15:23:46
slices [99, 149):
	channel 0: occupancy (dense)
	channel 1: opticalFeature (sparse)

SurfaceDistanceOrderedTransfer:  runs 15:23:46
slices [73, 149):
	channel 0: occupancy (dense)
	channel 1: surfaceDist (dense)

SurfaceDistanceOrderedTransfer: 73 99 123
SliceDebugger:  runs 15:23:48
slices [73, 123):
	channel 0: occupancy (dense)
	channel 1: surfaceDist (dense)

LayerExtractor:  runs 15:23:50
slices [71, 123):
	channel 0: occupancy (dense)
	channel 1: surfaceDist (dense)
	channel 2: layer_000 (sparse)
	channel 3: layer_001 (sparse)
	channel 4: layer_002 (sparse)
	channel 5: layer_003 (sparse)
	channel 6: layer_004 (sparse)
	channel 7: layer_005 (sparse)
	channel 8: layer_006 (sparse)
	channel 9: layer_007 (sparse)

TonalLinearizer:  runs 15:23:51
slices [72, 122):
	channel 0: occupancy (dense)
	channel 1: surfaceDist (dense)
	channel 2: layer_000 (sparse)
	channel 3: layer_001 (sparse)
	channel 4: layer_002 (sparse)
	channel 5: layer_003 (sparse)
	channel 6: layer_004 (sparse)
	channel 7: layer_005 (sparse)
	channel 8: layer_006 (sparse)
	channel 9: layer_007 (sparse)

VectorLayerHalftoner: VectorLayerHalftoner error: no tonal values available

VectorLayerHalftoner:  runs 15:23:52
slices [60, 122):
	channel 0: occupancy (dense)
	channel 1: surfaceDist (dense)
	channel 2: layer_000 (sparse)
	channel 3: layer_001 (sparse)
	channel 4: layer_002 (sparse)
	channel 5: layer_003 (sparse)
	channel 6: layer_004 (sparse)
	channel 7: layer_005 (sparse)
	channel 8: layer_006 (sparse)
	channel 9: layer_007 (sparse)
	channel 10: intermedTonal_0 (sparse)
	channel 11: intermedTonal_1 (sparse)
	channel 12: intermedTonal_2 (sparse)
	channel 13: intermedTonal_3 (sparse)
	channel 14: intermedTonal_4 (sparse)
	channel 15: intermedTonal_5 (sparse)
	channel 16: intermedTonal_6 (sparse)
	channel 17: intermedTonal_7 (sparse)
	channel 18: quantizedTonal (sparse)
	channel 19: errorDiffInfo2 (sparse)
	channel 20: distanceToEmpty (sparse)
	channel 21: errorDiffInfo3 (sparse)
	channel 22: errorDiffInfo4 (sparse)
	channel 23: errorDiffInfo5 (sparse)
	channel 24: errorDiffInfo6 (sparse)
	channel 25: errorDiffInfo7 (sparse)
	channel 26: errorDiffInfo8 (sparse)
	channel 27: errorDiffInfo9 (sparse)

SliceDebugger:  runs 15:23:58
slices [60, 110):
	channel 0: material (dense)
	channel 1: occupancy (dense)

MaterialUsageEstimator:  runs 15:23:58
slices [60, 110):
	channel 0: material (dense)
	channel 1: occupancy (dense)

PrintJobVoxelizer:  runs 15:23:59

PrintJobVoxelizer: setting up slices
PrintJobVoxelizer: rasterizing objects
PrintJobVoxelizer: creating rasterizer
PrintJobVoxelizer: rasterizing object 1
PrintJobVoxelizer: rasterizing object 2
Rasterizer::rasterize:
	8 trials
	total = 4.64536 s
	mean  = 0.58067 s
	var   = 0.0617476 s^2, std = 0.248491 s
	min   = 0.194629 s
	max   = 0.807076 s


PrintJobVoxelizer: voxelizing objects
Object 1 ROI: [0 0 0] --> [946 303 50]
GWNSampleFloodVoxelizer: number of samples: 235
GWNSampleFloodVoxelizer: samples evaluated
GWNSampleFloodVoxelizer: adaptive threshold = 0.498039
GWNSampleFloodVoxelizer: flooding complete
Voxelization: solid angle evaluations per voxel: 0.325852

Object 2 ROI: [0 314 0] --> [946 617 50]
GWNSampleFloodVoxelizer: number of samples: 236
GWNSampleFloodVoxelizer: samples evaluated
GWNSampleFloodVoxelizer: adaptive threshold = 0.498039
GWNSampleFloodVoxelizer: flooding complete
Voxelization: solid angle evaluations per voxel: 0.65112

GWNSampleFloodVoxelizer::voxelize:
	8 trials
	total = 13.7046 s
	mean  = 1.71307 s
	var   = 0.0221487 s^2, std = 0.148824 s
	min   = 1.48413 s
	max   = 1.9164 s

GWNSampleFloodVoxelizer::initIndicator:
	8 trials
	total = 1.35955 s
	mean  = 0.169943 s
	var   = 0.00064764 s^2, std = 0.0254488 s
	min   = 0.139599 s
	max   = 0.226237 s

GWNSampleFloodVoxelizer::selectSamples:
	8 trials
	total = 0.826089 s
	mean  = 0.103261 s
	var   = 0.000120451 s^2, std = 0.010975 s
	min   = 0.089063 s
	max   = 0.116583 s

GWNSampleFloodVoxelizer::evaluateSamples:
	8 trials
	total = 1.30851 s
	mean  = 0.163563 s
	var   = 0.00705598 s^2, std = 0.0839999 s
	min   = 0.044531 s
	max   = 0.271693 s

GWNSampleFloodVoxelizer::flood:
	8 trials
	total = 9.92822 s
	mean  = 1.24103 s
	var   = 0.0227329 s^2, std = 0.150774 s
	min   = 1.02777 s
	max   = 1.45007 s


PrintJobVoxelizer: finalizing surfaces
PrintJobVoxelizer: 861738 surface voxels
PrintJobVoxelizer: getting output subset
PrintJobVoxelizer: updating slice indices
SliceDebugger:  runs 15:24:4
slices [149, 199):
	channel 0: occupancy (dense)
	channel 1: opticalFeature (sparse)

TonalValueCalculator:  runs 15:24:6
slices [149, 199):
	channel 0: occupancy (dense)
	channel 1: opticalFeature (sparse)

SurfaceDistanceOrderedTransfer:  runs 15:24:6
slices [123, 199):
	channel 0: occupancy (dense)
	channel 1: surfaceDist (dense)

SurfaceDistanceOrderedTransfer: 123 149 173
SliceDebugger:  runs 15:24:8
slices [123, 173):
	channel 0: occupancy (dense)
	channel 1: surfaceDist (dense)

LayerExtractor:  runs 15:24:11
slices [121, 173):
	channel 0: occupancy (dense)
	channel 1: surfaceDist (dense)
	channel 2: layer_000 (sparse)
	channel 3: layer_001 (sparse)
	channel 4: layer_002 (sparse)
	channel 5: layer_003 (sparse)
	channel 6: layer_004 (sparse)
	channel 7: layer_005 (sparse)
	channel 8: layer_006 (sparse)
	channel 9: layer_007 (sparse)

TonalLinearizer:  runs 15:24:12
slices [122, 172):
	channel 0: occupancy (dense)
	channel 1: surfaceDist (dense)
	channel 2: layer_000 (sparse)
	channel 3: layer_001 (sparse)
	channel 4: layer_002 (sparse)
	channel 5: layer_003 (sparse)
	channel 6: layer_004 (sparse)
	channel 7: layer_005 (sparse)
	channel 8: layer_006 (sparse)
	channel 9: layer_007 (sparse)

VectorLayerHalftoner: VectorLayerHalftoner error: no tonal values available

VectorLayerHalftoner:  runs 15:24:12
slices [110, 172):
	channel 0: occupancy (dense)
	channel 1: surfaceDist (dense)
	channel 2: layer_000 (sparse)
	channel 3: layer_001 (sparse)
	channel 4: layer_002 (sparse)
	channel 5: layer_003 (sparse)
	channel 6: layer_004 (sparse)
	channel 7: layer_005 (sparse)
	channel 8: layer_006 (sparse)
	channel 9: layer_007 (sparse)
	channel 10: intermedTonal_0 (sparse)
	channel 11: intermedTonal_1 (sparse)
	channel 12: intermedTonal_2 (sparse)
	channel 13: intermedTonal_3 (sparse)
	channel 14: intermedTonal_4 (sparse)
	channel 15: intermedTonal_5 (sparse)
	channel 16: intermedTonal_6 (sparse)
	channel 17: intermedTonal_7 (sparse)
	channel 18: quantizedTonal (sparse)
	channel 19: errorDiffInfo2 (sparse)
	channel 20: distanceToEmpty (sparse)
	channel 21: errorDiffInfo3 (sparse)
	channel 22: errorDiffInfo4 (sparse)
	channel 23: errorDiffInfo5 (sparse)
	channel 24: errorDiffInfo6 (sparse)
	channel 25: errorDiffInfo7 (sparse)
	channel 26: errorDiffInfo8 (sparse)
	channel 27: errorDiffInfo9 (sparse)

SliceDebugger:  runs 15:24:20
slices [110, 160):
	channel 0: material (dense)
	channel 1: occupancy (dense)

MaterialUsageEstimator:  runs 15:24:21
slices [110, 160):
	channel 0: material (dense)
	channel 1: occupancy (dense)

PrintJobVoxelizer:  runs 15:24:21

PrintJobVoxelizer: setting up slices
PrintJobVoxelizer: rasterizing objects
PrintJobVoxelizer: creating rasterizer
PrintJobVoxelizer: rasterizing object 1
PrintJobVoxelizer: rasterizing object 2
Rasterizer::rasterize:
	10 trials
	total = 5.99833 s
	mean  = 0.599833 s
	var   = 0.0496675 s^2, std = 0.222862 s
	min   = 0.194629 s
	max   = 0.807076 s


PrintJobVoxelizer: voxelizing objects
Object 1 ROI: [0 0 0] --> [946 303 50]
GWNSampleFloodVoxelizer: number of samples: 208
GWNSampleFloodVoxelizer: samples evaluated
GWNSampleFloodVoxelizer: adaptive threshold = 0.498039
GWNSampleFloodVoxelizer: flooding complete
Voxelization: solid angle evaluations per voxel: 0.269566

Object 2 ROI: [0 314 0] --> [946 617 50]
GWNSampleFloodVoxelizer: number of samples: 207
GWNSampleFloodVoxelizer: samples evaluated
GWNSampleFloodVoxelizer: adaptive threshold = 0.498039
GWNSampleFloodVoxelizer: flooding complete
Voxelization: solid angle evaluations per voxel: 0.536962

GWNSampleFloodVoxelizer::voxelize:
	10 trials
	total = 16.8623 s
	mean  = 1.68623 s
	var   = 0.03376 s^2, std = 0.183739 s
	min   = 1.33395 s
	max   = 1.9164 s

GWNSampleFloodVoxelizer::initIndicator:
	10 trials
	total = 1.66026 s
	mean  = 0.166026 s
	var   = 0.000620332 s^2, std = 0.0249065 s
	min   = 0.135597 s
	max   = 0.226237 s

GWNSampleFloodVoxelizer::selectSamples:
	10 trials
	total = 1.05575 s
	mean  = 0.105575 s
	var   = 0.000119833 s^2, std = 0.0109468 s
	min   = 0.089063 s
	max   = 0.118083 s

GWNSampleFloodVoxelizer::evaluateSamples:
	10 trials
	total = 1.55368 s
	mean  = 0.155368 s
	var   = 0.00579098 s^2, std = 0.0760985 s
	min   = 0.044531 s
	max   = 0.271693 s

GWNSampleFloodVoxelizer::flood:
	10 trials
	total = 12.2409 s
	mean  = 1.22409 s
	var   = 0.0298763 s^2, std = 0.172847 s
	min   = 0.934667 s
	max   = 1.45007 s


PrintJobVoxelizer: finalizing surfaces
PrintJobVoxelizer: 1154424 surface voxels
PrintJobVoxelizer: getting output subset
PrintJobVoxelizer: updating slice indices
SliceDebugger:  runs 15:24:26
slices [199, 249):
	channel 0: occupancy (dense)
	channel 1: opticalFeature (sparse)

TonalValueCalculator:  runs 15:24:29
slices [199, 249):
	channel 0: occupancy (dense)
	channel 1: opticalFeature (sparse)

SurfaceDistanceOrderedTransfer:  runs 15:24:29
slices [173, 249):
	channel 0: occupancy (dense)
	channel 1: surfaceDist (dense)

SurfaceDistanceOrderedTransfer: 173 199 223
SliceDebugger:  runs 15:24:31
slices [173, 223):
	channel 0: occupancy (dense)
	channel 1: surfaceDist (dense)

LayerExtractor:  runs 15:24:33
slices [171, 223):
	channel 0: occupancy (dense)
	channel 1: surfaceDist (dense)
	channel 2: layer_000 (sparse)
	channel 3: layer_001 (sparse)
	channel 4: layer_002 (sparse)
	channel 5: layer_003 (sparse)
	channel 6: layer_004 (sparse)
	channel 7: layer_005 (sparse)
	channel 8: layer_006 (sparse)
	channel 9: layer_007 (sparse)

TonalLinearizer:  runs 15:24:34
slices [172, 222):
	channel 0: occupancy (dense)
	channel 1: surfaceDist (dense)
	channel 2: layer_000 (sparse)
	channel 3: layer_001 (sparse)
	channel 4: layer_002 (sparse)
	channel 5: layer_003 (sparse)
	channel 6: layer_004 (sparse)
	channel 7: layer_005 (sparse)
	channel 8: layer_006 (sparse)
	channel 9: layer_007 (sparse)

VectorLayerHalftoner: VectorLayerHalftoner error: no tonal values available

VectorLayerHalftoner:  runs 15:24:35
slices [160, 222):
	channel 0: occupancy (dense)
	channel 1: surfaceDist (dense)
	channel 2: layer_000 (sparse)
	channel 3: layer_001 (sparse)
	channel 4: layer_002 (sparse)
	channel 5: layer_003 (sparse)
	channel 6: layer_004 (sparse)
	channel 7: layer_005 (sparse)
	channel 8: layer_006 (sparse)
	channel 9: layer_007 (sparse)
	channel 10: intermedTonal_0 (sparse)
	channel 11: intermedTonal_1 (sparse)
	channel 12: intermedTonal_2 (sparse)
	channel 13: intermedTonal_3 (sparse)
	channel 14: intermedTonal_4 (sparse)
	channel 15: intermedTonal_5 (sparse)
	channel 16: intermedTonal_6 (sparse)
	channel 17: intermedTonal_7 (sparse)
	channel 18: quantizedTonal (sparse)
	channel 19: errorDiffInfo2 (sparse)
	channel 20: distanceToEmpty (sparse)
	channel 21: errorDiffInfo3 (sparse)
	channel 22: errorDiffInfo4 (sparse)
	channel 23: errorDiffInfo5 (sparse)
	channel 24: errorDiffInfo6 (sparse)
	channel 25: errorDiffInfo7 (sparse)
	channel 26: errorDiffInfo8 (sparse)
	channel 27: errorDiffInfo9 (sparse)

SliceDebugger:  runs 15:24:43
slices [160, 210):
	channel 0: material (dense)
	channel 1: occupancy (dense)

MaterialUsageEstimator:  runs 15:24:44
slices [160, 210):
	channel 0: material (dense)
	channel 1: occupancy (dense)

PrintJobVoxelizer:  runs 15:24:44

PrintJobVoxelizer: setting up slices
PrintJobVoxelizer: rasterizing objects
PrintJobVoxelizer: creating rasterizer
PrintJobVoxelizer: rasterizing object 1
PrintJobVoxelizer: rasterizing object 2
Rasterizer::rasterize:
	12 trials
	total = 7.31185 s
	mean  = 0.609321 s
	var   = 0.0411308 s^2, std = 0.202807 s
	min   = 0.194629 s
	max   = 0.807076 s


PrintJobVoxelizer: voxelizing objects
Object 1 ROI: [0 0 0] --> [946 303 50]
GWNSampleFloodVoxelizer: number of samples: 185
GWNSampleFloodVoxelizer: samples evaluated
GWNSampleFloodVoxelizer: adaptive threshold = 0.498039
GWNSampleFloodVoxelizer: flooding complete
Voxelization: solid angle evaluations per voxel: 0.218196

Object 2 ROI: [0 314 0] --> [946 617 50]
GWNSampleFloodVoxelizer: number of samples: 184
GWNSampleFloodVoxelizer: samples evaluated
GWNSampleFloodVoxelizer: adaptive threshold = 0.498039
GWNSampleFloodVoxelizer: flooding complete
Voxelization: solid angle evaluations per voxel: 0.433945

GWNSampleFloodVoxelizer::voxelize:
	12 trials
	total = 19.9896 s
	mean  = 1.6658 s
	var   = 0.0384349 s^2, std = 0.196048 s
	min   = 1.33395 s
	max   = 1.9164 s

GWNSampleFloodVoxelizer::initIndicator:
	12 trials
	total = 1.97399 s
	mean  = 0.164499 s
	var   = 0.000539398 s^2, std = 0.0232249 s
	min   = 0.135597 s
	max   = 0.226237 s

GWNSampleFloodVoxelizer::selectSamples:
	12 trials
	total = 1.2599 s
	mean  = 0.104992 s
	var   = 0.000104455 s^2, std = 0.0102203 s
	min   = 0.089063 s
	max   = 0.118083 s

GWNSampleFloodVoxelizer::evaluateSamples:
	12 trials
	total = 1.77334 s
	mean  = 0.147778 s
	var   = 0.00505231 s^2, std = 0.0710796 s
	min   = 0.044531 s
	max   = 0.271693 s

GWNSampleFloodVoxelizer::flood:
	12 trials
	total = 14.5541 s
	mean  = 1.21284 s
	var   = 0.0322557 s^2, std = 0.179599 s
	min   = 0.934667 s
	max   = 1.45007 s


PrintJobVoxelizer: finalizing surfaces
PrintJobVoxelizer: 1441484 surface voxels
PrintJobVoxelizer: getting output subset
PrintJobVoxelizer: updating slice indices
SliceDebugger:  runs 15:24:49
slices [249, 299):
	channel 0: occupancy (dense)
	channel 1: opticalFeature (sparse)

TonalValueCalculator:  runs 15:24:52
slices [249, 299):
	channel 0: occupancy (dense)
	channel 1: opticalFeature (sparse)

SurfaceDistanceOrderedTransfer:  runs 15:24:52
slices [223, 299):
	channel 0: occupancy (dense)
	channel 1: surfaceDist (dense)

SurfaceDistanceOrderedTransfer: 223 249 273
SliceDebugger:  runs 15:24:53
slices [223, 273):
	channel 0: occupancy (dense)
	channel 1: surfaceDist (dense)

LayerExtractor:  runs 15:24:56
slices [221, 273):
	channel 0: occupancy (dense)
	channel 1: surfaceDist (dense)
	channel 2: layer_000 (sparse)
	channel 3: layer_001 (sparse)
	channel 4: layer_002 (sparse)
	channel 5: layer_003 (sparse)
	channel 6: layer_004 (sparse)
	channel 7: layer_005 (sparse)
	channel 8: layer_006 (sparse)
	channel 9: layer_007 (sparse)

TonalLinearizer:  runs 15:24:57
slices [222, 272):
	channel 0: occupancy (dense)
	channel 1: surfaceDist (dense)
	channel 2: layer_000 (sparse)
	channel 3: layer_001 (sparse)
	channel 4: layer_002 (sparse)
	channel 5: layer_003 (sparse)
	channel 6: layer_004 (sparse)
	channel 7: layer_005 (sparse)
	channel 8: layer_006 (sparse)
	channel 9: layer_007 (sparse)

VectorLayerHalftoner: VectorLayerHalftoner error: no tonal values available

VectorLayerHalftoner:  runs 15:24:57
slices [210, 272):
	channel 0: occupancy (dense)
	channel 1: surfaceDist (dense)
	channel 2: layer_000 (sparse)
	channel 3: layer_001 (sparse)
	channel 4: layer_002 (sparse)
	channel 5: layer_003 (sparse)
	channel 6: layer_004 (sparse)
	channel 7: layer_005 (sparse)
	channel 8: layer_006 (sparse)
	channel 9: layer_007 (sparse)
	channel 10: intermedTonal_0 (sparse)
	channel 11: intermedTonal_1 (sparse)
	channel 12: intermedTonal_2 (sparse)
	channel 13: intermedTonal_3 (sparse)
	channel 14: intermedTonal_4 (sparse)
	channel 15: intermedTonal_5 (sparse)
	channel 16: intermedTonal_6 (sparse)
	channel 17: intermedTonal_7 (sparse)
	channel 18: quantizedTonal (sparse)
	channel 19: errorDiffInfo2 (sparse)
	channel 20: distanceToEmpty (sparse)
	channel 21: errorDiffInfo3 (sparse)
	channel 22: errorDiffInfo4 (sparse)
	channel 23: errorDiffInfo5 (sparse)
	channel 24: errorDiffInfo6 (sparse)
	channel 25: errorDiffInfo7 (sparse)
	channel 26: errorDiffInfo8 (sparse)
	channel 27: errorDiffInfo9 (sparse)

SliceDebugger:  runs 15:25:6
slices [210, 260):
	channel 0: material (dense)
	channel 1: occupancy (dense)

MaterialUsageEstimator:  runs 15:25:7
slices [210, 260):
	channel 0: material (dense)
	channel 1: occupancy (dense)

PrintJobVoxelizer:  runs 15:25:7

PrintJobVoxelizer: setting up slices
PrintJobVoxelizer: rasterizing objects
PrintJobVoxelizer: creating rasterizer
PrintJobVoxelizer: rasterizing object 1
PrintJobVoxelizer: rasterizing object 2
Rasterizer::rasterize:
	14 trials
	total = 8.6453 s
	mean  = 0.617522 s
	var   = 0.0352467 s^2, std = 0.187741 s
	min   = 0.194629 s
	max   = 0.807076 s


PrintJobVoxelizer: voxelizing objects
Object 1 ROI: [0 0 0] --> [946 303 50]
GWNSampleFloodVoxelizer: number of samples: 191
GWNSampleFloodVoxelizer: samples evaluated
GWNSampleFloodVoxelizer: adaptive threshold = 0.498039
GWNSampleFloodVoxelizer: flooding complete
Voxelization: solid angle evaluations per voxel: 0.241409

Object 2 ROI: [0 314 0] --> [946 617 50]
GWNSampleFloodVoxelizer: number of samples: 191
GWNSampleFloodVoxelizer: samples evaluated
GWNSampleFloodVoxelizer: adaptive threshold = 0.498039
GWNSampleFloodVoxelizer: flooding complete
Voxelization: solid angle evaluations per voxel: 0.486638

GWNSampleFloodVoxelizer::voxelize:
	14 trials
	total = 22.8827 s
	mean  = 1.63448 s
	var   = 0.0426349 s^2, std = 0.206482 s
	min   = 1.28992 s
	max   = 1.9164 s

GWNSampleFloodVoxelizer::initIndicator:
	14 trials
	total = 2.2757 s
	mean  = 0.16255 s
	var   = 0.00054413 s^2, std = 0.0233266 s
	min   = 0.130593 s
	max   = 0.226237 s

GWNSampleFloodVoxelizer::selectSamples:
	14 trials
	total = 1.44153 s
	mean  = 0.102966 s
	var   = 0.000114975 s^2, std = 0.0107227 s
	min   = 0.089063 s
	max   = 0.118083 s

GWNSampleFloodVoxelizer::evaluateSamples:
	14 trials
	total = 1.98849 s
	mean  = 0.142035 s
	var   = 0.00448819 s^2, std = 0.0669939 s
	min   = 0.044531 s
	max   = 0.271693 s

GWNSampleFloodVoxelizer::flood:
	14 trials
	total = 16.6746 s
	mean  = 1.19105 s
	var   = 0.0332341 s^2, std = 0.182302 s
	min   = 0.923658 s
	max   = 1.45007 s


PrintJobVoxelizer: finalizing surfaces
PrintJobVoxelizer: 1738609 surface voxels
PrintJobVoxelizer: getting output subset
PrintJobVoxelizer: updating slice indices
SliceDebugger:  runs 15:25:11
slices [299, 349):
	channel 0: occupancy (dense)
	channel 1: opticalFeature (sparse)

TonalValueCalculator:  runs 15:25:14
slices [299, 349):
	channel 0: occupancy (dense)
	channel 1: opticalFeature (sparse)

SurfaceDistanceOrderedTransfer:  runs 15:25:14
slices [273, 349):
	channel 0: occupancy (dense)
	channel 1: surfaceDist (dense)

SurfaceDistanceOrderedTransfer: 273 299 323
SliceDebugger:  runs 15:25:16
slices [273, 323):
	channel 0: occupancy (dense)
	channel 1: surfaceDist (dense)

LayerExtractor:  runs 15:25:19
slices [271, 323):
	channel 0: occupancy (dense)
	channel 1: surfaceDist (dense)
	channel 2: layer_000 (sparse)
	channel 3: layer_001 (sparse)
	channel 4: layer_002 (sparse)
	channel 5: layer_003 (sparse)
	channel 6: layer_004 (sparse)
	channel 7: layer_005 (sparse)
	channel 8: layer_006 (sparse)
	channel 9: layer_007 (sparse)

TonalLinearizer:  runs 15:25:20
slices [272, 322):
	channel 0: occupancy (dense)
	channel 1: surfaceDist (dense)
	channel 2: layer_000 (sparse)
	channel 3: layer_001 (sparse)
	channel 4: layer_002 (sparse)
	channel 5: layer_003 (sparse)
	channel 6: layer_004 (sparse)
	channel 7: layer_005 (sparse)
	channel 8: layer_006 (sparse)
	channel 9: layer_007 (sparse)

VectorLayerHalftoner: VectorLayerHalftoner error: no tonal values available

VectorLayerHalftoner:  runs 15:25:20
slices [260, 322):
	channel 0: occupancy (dense)
	channel 1: surfaceDist (dense)
	channel 2: layer_000 (sparse)
	channel 3: layer_001 (sparse)
	channel 4: layer_002 (sparse)
	channel 5: layer_003 (sparse)
	channel 6: layer_004 (sparse)
	channel 7: layer_005 (sparse)
	channel 8: layer_006 (sparse)
	channel 9: layer_007 (sparse)
	channel 10: intermedTonal_0 (sparse)
	channel 11: intermedTonal_1 (sparse)
	channel 12: intermedTonal_2 (sparse)
	channel 13: intermedTonal_3 (sparse)
	channel 14: intermedTonal_4 (sparse)
	channel 15: intermedTonal_5 (sparse)
	channel 16: intermedTonal_6 (sparse)
	channel 17: intermedTonal_7 (sparse)
	channel 18: quantizedTonal (sparse)
	channel 19: errorDiffInfo2 (sparse)
	channel 20: distanceToEmpty (sparse)
	channel 21: errorDiffInfo3 (sparse)
	channel 22: errorDiffInfo4 (sparse)
	channel 23: errorDiffInfo5 (sparse)
	channel 24: errorDiffInfo6 (sparse)
	channel 25: errorDiffInfo7 (sparse)
	channel 26: errorDiffInfo8 (sparse)
	channel 27: errorDiffInfo9 (sparse)

SliceDebugger:  runs 15:25:29
slices [260, 310):
	channel 0: material (dense)
	channel 1: occupancy (dense)

MaterialUsageEstimator:  runs 15:25:30
slices [260, 310):
	channel 0: material (dense)
	channel 1: occupancy (dense)

PrintJobVoxelizer:  runs 15:25:30

PrintJobVoxelizer: setting up slices
PrintJobVoxelizer: rasterizing objects
PrintJobVoxelizer: creating rasterizer
PrintJobVoxelizer: rasterizing object 1
PrintJobVoxelizer: rasterizing object 2
Rasterizer::rasterize:
	16 trials
	total = 9.95924 s
	mean  = 0.622452 s
	var   = 0.0307629 s^2, std = 0.175394 s
	min   = 0.194629 s
	max   = 0.807076 s


PrintJobVoxelizer: voxelizing objects
Object 1 ROI: [0 0 0] --> [946 303 50]
GWNSampleFloodVoxelizer: number of samples: 165
GWNSampleFloodVoxelizer: samples evaluated
GWNSampleFloodVoxelizer: adaptive threshold = 0.498039
GWNSampleFloodVoxelizer: flooding complete
Voxelization: solid angle evaluations per voxel: 0.204192

Object 2 ROI: [0 314 0] --> [946 617 50]
GWNSampleFloodVoxelizer: number of samples: 163
GWNSampleFloodVoxelizer: samples evaluated
GWNSampleFloodVoxelizer: adaptive threshold = 0.498039
GWNSampleFloodVoxelizer: flooding complete
Voxelization: solid angle evaluations per voxel: 0.407408

GWNSampleFloodVoxelizer::voxelize:
	16 trials
	total = 25.6823 s
	mean  = 1.60514 s
	var   = 0.0459673 s^2, std = 0.2144 s
	min   = 1.2604 s
	max   = 1.9164 s

GWNSampleFloodVoxelizer::initIndicator:
	16 trials
	total = 2.57341 s
	mean  = 0.160838 s
	var   = 0.000542933 s^2, std = 0.0233009 s
	min   = 0.129593 s
	max   = 0.226237 s

GWNSampleFloodVoxelizer::selectSamples:
	16 trials
	total = 1.62816 s
	mean  = 0.10176 s
	var   = 0.000110717 s^2, std = 0.0105222 s
	min   = 0.089063 s
	max   = 0.118083 s

GWNSampleFloodVoxelizer::evaluateSamples:
	16 trials
	total = 2.16512 s
	mean  = 0.13532 s
	var   = 0.00422888 s^2, std = 0.0650298 s
	min   = 0.044531 s
	max   = 0.271693 s

GWNSampleFloodVoxelizer::flood:
	16 trials
	total = 18.7411 s
	mean  = 1.17132 s
	var   = 0.0337779 s^2, std = 0.183788 s
	min   = 0.908648 s
	max   = 1.45007 s


PrintJobVoxelizer: finalizing surfaces
PrintJobVoxelizer: 2023087 surface voxels
PrintJobVoxelizer: getting output subset
PrintJobVoxelizer: updating slice indices
SliceDebugger:  runs 15:25:34
slices [349, 399):
	channel 0: occupancy (dense)
	channel 1: opticalFeature (sparse)

TonalValueCalculator:  runs 15:25:37
slices [349, 399):
	channel 0: occupancy (dense)
	channel 1: opticalFeature (sparse)

SurfaceDistanceOrderedTransfer:  runs 15:25:37
slices [323, 399):
	channel 0: occupancy (dense)
	channel 1: surfaceDist (dense)

SurfaceDistanceOrderedTransfer: 323 349 373
SliceDebugger:  runs 15:25:39
slices [323, 373):
	channel 0: occupancy (dense)
	channel 1: surfaceDist (dense)

LayerExtractor:  runs 15:25:42
slices [321, 373):
	channel 0: occupancy (dense)
	channel 1: surfaceDist (dense)
	channel 2: layer_000 (sparse)
	channel 3: layer_001 (sparse)
	channel 4: layer_002 (sparse)
	channel 5: layer_003 (sparse)
	channel 6: layer_004 (sparse)
	channel 7: layer_005 (sparse)
	channel 8: layer_006 (sparse)
	channel 9: layer_007 (sparse)

TonalLinearizer:  runs 15:25:43
slices [322, 372):
	channel 0: occupancy (dense)
	channel 1: surfaceDist (dense)
	channel 2: layer_000 (sparse)
	channel 3: layer_001 (sparse)
	channel 4: layer_002 (sparse)
	channel 5: layer_003 (sparse)
	channel 6: layer_004 (sparse)
	channel 7: layer_005 (sparse)
	channel 8: layer_006 (sparse)
	channel 9: layer_007 (sparse)

VectorLayerHalftoner: VectorLayerHalftoner error: no tonal values available

VectorLayerHalftoner:  runs 15:25:43
slices [310, 372):
	channel 0: occupancy (dense)
	channel 1: surfaceDist (dense)
	channel 2: layer_000 (sparse)
	channel 3: layer_001 (sparse)
	channel 4: layer_002 (sparse)
	channel 5: layer_003 (sparse)
	channel 6: layer_004 (sparse)
	channel 7: layer_005 (sparse)
	channel 8: layer_006 (sparse)
	channel 9: layer_007 (sparse)
	channel 10: intermedTonal_0 (sparse)
	channel 11: intermedTonal_1 (sparse)
	channel 12: intermedTonal_2 (sparse)
	channel 13: intermedTonal_3 (sparse)
	channel 14: intermedTonal_4 (sparse)
	channel 15: intermedTonal_5 (sparse)
	channel 16: intermedTonal_6 (sparse)
	channel 17: intermedTonal_7 (sparse)
	channel 18: quantizedTonal (sparse)
	channel 19: errorDiffInfo2 (sparse)
	channel 20: distanceToEmpty (sparse)
	channel 21: errorDiffInfo3 (sparse)
	channel 22: errorDiffInfo4 (sparse)
	channel 23: errorDiffInfo5 (sparse)
	channel 24: errorDiffInfo6 (sparse)
	channel 25: errorDiffInfo7 (sparse)
	channel 26: errorDiffInfo8 (sparse)
	channel 27: errorDiffInfo9 (sparse)

SliceDebugger:  runs 15:25:53
slices [310, 360):
	channel 0: material (dense)
	channel 1: occupancy (dense)

MaterialUsageEstimator:  runs 15:25:53
slices [310, 360):
	channel 0: material (dense)
	channel 1: occupancy (dense)

PrintJobVoxelizer:  runs 15:25:54

PrintJobVoxelizer: setting up slices
PrintJobVoxelizer: rasterizing objects
PrintJobVoxelizer: creating rasterizer
PrintJobVoxelizer: rasterizing object 1
PrintJobVoxelizer: rasterizing object 2
Rasterizer::rasterize:
	18 trials
	total = 11.2436 s
	mean  = 0.624646 s
	var   = 0.0271846 s^2, std = 0.164878 s
	min   = 0.194629 s
	max   = 0.807076 s


PrintJobVoxelizer: voxelizing objects
Object 1 ROI: [0 0 0] --> [946 303 50]
GWNSampleFloodVoxelizer: number of samples: 142
GWNSampleFloodVoxelizer: samples evaluated
GWNSampleFloodVoxelizer: adaptive threshold = 0.498039
GWNSampleFloodVoxelizer: flooding complete
Voxelization: solid angle evaluations per voxel: 0.198372

Object 2 ROI: [0 314 0] --> [946 617 50]
GWNSampleFloodVoxelizer: number of samples: 143
GWNSampleFloodVoxelizer: samples evaluated
GWNSampleFloodVoxelizer: adaptive threshold = 0.498039
GWNSampleFloodVoxelizer: flooding complete
Voxelization: solid angle evaluations per voxel: 0.398627

GWNSampleFloodVoxelizer::voxelize:
	18 trials
	total = 28.6234 s
	mean  = 1.59019 s
	var   = 0.0498753 s^2, std = 0.223328 s
	min   = 1.2194 s
	max   = 1.9164 s

GWNSampleFloodVoxelizer::initIndicator:
	18 trials
	total = 2.87663 s
	mean  = 0.159813 s
	var   = 0.000537478 s^2, std = 0.0231836 s
	min   = 0.129593 s
	max   = 0.226237 s

GWNSampleFloodVoxelizer::selectSamples:
	18 trials
	total = 1.80879 s
	mean  = 0.100488 s
	var   = 0.000111456 s^2, std = 0.0105573 s
	min   = 0.089063 s
	max   = 0.118083 s

GWNSampleFloodVoxelizer::evaluateSamples:
	18 trials
	total = 2.33424 s
	mean  = 0.12968 s
	var   = 0.00400084 s^2, std = 0.0632522 s
	min   = 0.044531 s
	max   = 0.271693 s

GWNSampleFloodVoxelizer::flood:
	18 trials
	total = 20.9538 s
	mean  = 1.1641 s
	var   = 0.0363984 s^2, std = 0.190784 s
	min   = 0.877625 s
	max   = 1.45007 s


PrintJobVoxelizer: finalizing surfaces
PrintJobVoxelizer: 2312087 surface voxels
PrintJobVoxelizer: getting output subset
PrintJobVoxelizer: updating slice indices
SliceDebugger:  runs 15:25:58
slices [399, 449):
	channel 0: occupancy (dense)
	channel 1: opticalFeature (sparse)

TonalValueCalculator:  runs 15:26:1
slices [399, 449):
	channel 0: occupancy (dense)
	channel 1: opticalFeature (sparse)

SurfaceDistanceOrderedTransfer:  runs 15:26:1
slices [373, 449):
	channel 0: occupancy (dense)
	channel 1: surfaceDist (dense)

SurfaceDistanceOrderedTransfer: 373 399 423
SliceDebugger:  runs 15:26:3
slices [373, 423):
	channel 0: occupancy (dense)
	channel 1: surfaceDist (dense)

LayerExtractor:  runs 15:26:5
slices [371, 423):
	channel 0: occupancy (dense)
	channel 1: surfaceDist (dense)
	channel 2: layer_000 (sparse)
	channel 3: layer_001 (sparse)
	channel 4: layer_002 (sparse)
	channel 5: layer_003 (sparse)
	channel 6: layer_004 (sparse)
	channel 7: layer_005 (sparse)
	channel 8: layer_006 (sparse)
	channel 9: layer_007 (sparse)

TonalLinearizer:  runs 15:26:7
slices [372, 422):
	channel 0: occupancy (dense)
	channel 1: surfaceDist (dense)
	channel 2: layer_000 (sparse)
	channel 3: layer_001 (sparse)
	channel 4: layer_002 (sparse)
	channel 5: layer_003 (sparse)
	channel 6: layer_004 (sparse)
	channel 7: layer_005 (sparse)
	channel 8: layer_006 (sparse)
	channel 9: layer_007 (sparse)

VectorLayerHalftoner: VectorLayerHalftoner error: no tonal values available

VectorLayerHalftoner:  runs 15:26:7
slices [360, 422):
	channel 0: occupancy (dense)
	channel 1: surfaceDist (dense)
	channel 2: layer_000 (sparse)
	channel 3: layer_001 (sparse)
	channel 4: layer_002 (sparse)
	channel 5: layer_003 (sparse)
	channel 6: layer_004 (sparse)
	channel 7: layer_005 (sparse)
	channel 8: layer_006 (sparse)
	channel 9: layer_007 (sparse)
	channel 10: intermedTonal_0 (sparse)
	channel 11: intermedTonal_1 (sparse)
	channel 12: intermedTonal_2 (sparse)
	channel 13: intermedTonal_3 (sparse)
	channel 14: intermedTonal_4 (sparse)
	channel 15: intermedTonal_5 (sparse)
	channel 16: intermedTonal_6 (sparse)
	channel 17: intermedTonal_7 (sparse)
	channel 18: quantizedTonal (sparse)
	channel 19: errorDiffInfo2 (sparse)
	channel 20: distanceToEmpty (sparse)
	channel 21: errorDiffInfo3 (sparse)
	channel 22: errorDiffInfo4 (sparse)
	channel 23: errorDiffInfo5 (sparse)
	channel 24: errorDiffInfo6 (sparse)
	channel 25: errorDiffInfo7 (sparse)
	channel 26: errorDiffInfo8 (sparse)
	channel 27: errorDiffInfo9 (sparse)

SliceDebugger:  runs 15:26:17
slices [360, 410):
	channel 0: material (dense)
	channel 1: occupancy (dense)

MaterialUsageEstimator:  runs 15:26:18
slices [360, 410):
	channel 0: material (dense)
	channel 1: occupancy (dense)

PrintJobVoxelizer:  runs 15:26:18

PrintJobVoxelizer: setting up slices
PrintJobVoxelizer: rasterizing objects
PrintJobVoxelizer: creating rasterizer
PrintJobVoxelizer: rasterizing object 1
PrintJobVoxelizer: rasterizing object 2
Rasterizer::rasterize:
	20 trials
	total = 12.4875 s
	mean  = 0.624376 s
	var   = 0.0243314 s^2, std = 0.155985 s
	min   = 0.194629 s
	max   = 0.807076 s


PrintJobVoxelizer: voxelizing objects
Object 1 ROI: [0 0 0] --> [946 303 50]
GWNSampleFloodVoxelizer: number of samples: 163
GWNSampleFloodVoxelizer: samples evaluated
GWNSampleFloodVoxelizer: adaptive threshold = 0.498039
GWNSampleFloodVoxelizer: flooding complete
Voxelization: solid angle evaluations per voxel: 0.212661

Object 2 ROI: [0 314 0] --> [946 617 50]
GWNSampleFloodVoxelizer: number of samples: 164
GWNSampleFloodVoxelizer: samples evaluated
GWNSampleFloodVoxelizer: adaptive threshold = 0.498039
GWNSampleFloodVoxelizer: flooding complete
Voxelization: solid angle evaluations per voxel: 0.427295

GWNSampleFloodVoxelizer::voxelize:
	20 trials
	total = 31.7642 s
	mean  = 1.58821 s
	var   = 0.0515852 s^2, std = 0.227124 s
	min   = 1.2194 s
	max   = 1.9164 s

GWNSampleFloodVoxelizer::initIndicator:
	20 trials
	total = 3.16933 s
	mean  = 0.158467 s
	var   = 0.000527638 s^2, std = 0.0229704 s
	min   = 0.129591 s
	max   = 0.226237 s

GWNSampleFloodVoxelizer::selectSamples:
	20 trials
	total = 1.99142 s
	mean  = 0.0995711 s
	var   = 0.000107701 s^2, std = 0.0103779 s
	min   = 0.089063 s
	max   = 0.118083 s

GWNSampleFloodVoxelizer::evaluateSamples:
	20 trials
	total = 2.52687 s
	mean  = 0.126344 s
	var   = 0.00368519 s^2, std = 0.0607058 s
	min   = 0.044531 s
	max   = 0.271693 s

GWNSampleFloodVoxelizer::flood:
	20 trials
	total = 23.3545 s
	mean  = 1.16773 s
	var   = 0.0386136 s^2, std = 0.196503 s
	min   = 0.877625 s
	max   = 1.45007 s


PrintJobVoxelizer: finalizing surfaces
PrintJobVoxelizer: 2588057 surface voxels
PrintJobVoxelizer: getting output subset
PrintJobVoxelizer: updating slice indices
SliceDebugger:  runs 15:26:23
slices [449, 499):
	channel 0: occupancy (dense)
	channel 1: opticalFeature (sparse)

TonalValueCalculator:  runs 15:26:25
slices [449, 499):
	channel 0: occupancy (dense)
	channel 1: opticalFeature (sparse)

SurfaceDistanceOrderedTransfer:  runs 15:26:25
slices [423, 499):
	channel 0: occupancy (dense)
	channel 1: surfaceDist (dense)

SurfaceDistanceOrderedTransfer: 423 449 473
SliceDebugger:  runs 15:26:27
slices [423, 473):
	channel 0: occupancy (dense)
	channel 1: surfaceDist (dense)

LayerExtractor:  runs 15:26:30
slices [421, 473):
	channel 0: occupancy (dense)
	channel 1: surfaceDist (dense)
	channel 2: layer_000 (sparse)
	channel 3: layer_001 (sparse)
	channel 4: layer_002 (sparse)
	channel 5: layer_003 (sparse)
	channel 6: layer_004 (sparse)
	channel 7: layer_005 (sparse)
	channel 8: layer_006 (sparse)
	channel 9: layer_007 (sparse)

TonalLinearizer:  runs 15:26:31
slices [422, 472):
	channel 0: occupancy (dense)
	channel 1: surfaceDist (dense)
	channel 2: layer_000 (sparse)
	channel 3: layer_001 (sparse)
	channel 4: layer_002 (sparse)
	channel 5: layer_003 (sparse)
	channel 6: layer_004 (sparse)
	channel 7: layer_005 (sparse)
	channel 8: layer_006 (sparse)
	channel 9: layer_007 (sparse)

VectorLayerHalftoner: VectorLayerHalftoner error: no tonal values available

VectorLayerHalftoner:  runs 15:26:31
slices [410, 472):
	channel 0: occupancy (dense)
	channel 1: surfaceDist (dense)
	channel 2: layer_000 (sparse)
	channel 3: layer_001 (sparse)
	channel 4: layer_002 (sparse)
	channel 5: layer_003 (sparse)
	channel 6: layer_004 (sparse)
	channel 7: layer_005 (sparse)
	channel 8: layer_006 (sparse)
	channel 9: layer_007 (sparse)
	channel 10: intermedTonal_0 (sparse)
	channel 11: intermedTonal_1 (sparse)
	channel 12: intermedTonal_2 (sparse)
	channel 13: intermedTonal_3 (sparse)
	channel 14: intermedTonal_4 (sparse)
	channel 15: intermedTonal_5 (sparse)
	channel 16: intermedTonal_6 (sparse)
	channel 17: intermedTonal_7 (sparse)
	channel 18: quantizedTonal (sparse)
	channel 19: errorDiffInfo2 (sparse)
	channel 20: distanceToEmpty (sparse)
	channel 21: errorDiffInfo3 (sparse)
	channel 22: errorDiffInfo4 (sparse)
	channel 23: errorDiffInfo5 (sparse)
	channel 24: errorDiffInfo6 (sparse)
	channel 25: errorDiffInfo7 (sparse)
	channel 26: errorDiffInfo8 (sparse)
	channel 27: errorDiffInfo9 (sparse)

SliceDebugger:  runs 15:26:39
slices [410, 460):
	channel 0: material (dense)
	channel 1: occupancy (dense)

MaterialUsageEstimator:  runs 15:26:40
slices [410, 460):
	channel 0: material (dense)
	channel 1: occupancy (dense)

PrintJobVoxelizer:  runs 15:26:40

PrintJobVoxelizer: setting up slices
PrintJobVoxelizer: rasterizing objects
PrintJobVoxelizer: creating rasterizer
PrintJobVoxelizer: rasterizing object 1
PrintJobVoxelizer: rasterizing object 2
Rasterizer::rasterize:
	22 trials
	total = 13.771 s
	mean  = 0.625953 s
	var   = 0.0220412 s^2, std = 0.148463 s
	min   = 0.194629 s
	max   = 0.807076 s


PrintJobVoxelizer: voxelizing objects
Object 1 ROI: [0 0 0] --> [946 303 50]
GWNSampleFloodVoxelizer: number of samples: 182
GWNSampleFloodVoxelizer: samples evaluated
GWNSampleFloodVoxelizer: adaptive threshold = 0.498039
GWNSampleFloodVoxelizer: flooding complete
Voxelization: solid angle evaluations per voxel: 0.264532

Object 2 ROI: [0 314 0] --> [946 617 50]
GWNSampleFloodVoxelizer: number of samples: 182
GWNSampleFloodVoxelizer: samples evaluated
GWNSampleFloodVoxelizer: adaptive threshold = 0.498039
GWNSampleFloodVoxelizer: flooding complete
Voxelization: solid angle evaluations per voxel: 0.530732

GWNSampleFloodVoxelizer::voxelize:
	22 trials
	total = 34.6868 s
	mean  = 1.57667 s
	var   = 0.0490159 s^2, std = 0.221395 s
	min   = 1.2194 s
	max   = 1.9164 s

GWNSampleFloodVoxelizer::initIndicator:
	22 trials
	total = 3.47155 s
	mean  = 0.157798 s
	var   = 0.000512978 s^2, std = 0.022649 s
	min   = 0.129591 s
	max   = 0.226237 s

GWNSampleFloodVoxelizer::selectSamples:
	22 trials
	total = 2.18957 s
	mean  = 0.0995257 s
	var   = 0.000105191 s^2, std = 0.0102563 s
	min   = 0.089063 s
	max   = 0.118083 s

GWNSampleFloodVoxelizer::evaluateSamples:
	22 trials
	total = 2.77005 s
	mean  = 0.125911 s
	var   = 0.0033362 s^2, std = 0.0577599 s
	min   = 0.044531 s
	max   = 0.271693 s

GWNSampleFloodVoxelizer::flood:
	22 trials
	total = 25.4631 s
	mean  = 1.15741 s
	var   = 0.0368063 s^2, std = 0.19185 s
	min   = 0.877625 s
	max   = 1.45007 s


PrintJobVoxelizer: finalizing surfaces
PrintJobVoxelizer: 2865585 surface voxels
PrintJobVoxelizer: getting output subset
PrintJobVoxelizer: updating slice indices
SliceDebugger:  runs 15:26:45
slices [499, 549):
	channel 0: occupancy (dense)
	channel 1: opticalFeature (sparse)

TonalValueCalculator:  runs 15:26:48
slices [499, 549):
	channel 0: occupancy (dense)
	channel 1: opticalFeature (sparse)

SurfaceDistanceOrderedTransfer:  runs 15:26:48
slices [473, 549):
	channel 0: occupancy (dense)
	channel 1: surfaceDist (dense)

SurfaceDistanceOrderedTransfer: 473 499 523
SliceDebugger:  runs 15:26:49
slices [473, 523):
	channel 0: occupancy (dense)
	channel 1: surfaceDist (dense)

LayerExtractor:  runs 15:26:52
slices [471, 523):
	channel 0: occupancy (dense)
	channel 1: surfaceDist (dense)
	channel 2: layer_000 (sparse)
	channel 3: layer_001 (sparse)
	channel 4: layer_002 (sparse)
	channel 5: layer_003 (sparse)
	channel 6: layer_004 (sparse)
	channel 7: layer_005 (sparse)
	channel 8: layer_006 (sparse)
	channel 9: layer_007 (sparse)

TonalLinearizer:  runs 15:26:53
slices [472, 522):
	channel 0: occupancy (dense)
	channel 1: surfaceDist (dense)
	channel 2: layer_000 (sparse)
	channel 3: layer_001 (sparse)
	channel 4: layer_002 (sparse)
	channel 5: layer_003 (sparse)
	channel 6: layer_004 (sparse)
	channel 7: layer_005 (sparse)
	channel 8: layer_006 (sparse)
	channel 9: layer_007 (sparse)

VectorLayerHalftoner: VectorLayerHalftoner error: no tonal values available

VectorLayerHalftoner:  runs 15:26:53
slices [460, 522):
	channel 0: occupancy (dense)
	channel 1: surfaceDist (dense)
	channel 2: layer_000 (sparse)
	channel 3: layer_001 (sparse)
	channel 4: layer_002 (sparse)
	channel 5: layer_003 (sparse)
	channel 6: layer_004 (sparse)
	channel 7: layer_005 (sparse)
	channel 8: layer_006 (sparse)
	channel 9: layer_007 (sparse)
	channel 10: intermedTonal_0 (sparse)
	channel 11: intermedTonal_1 (sparse)
	channel 12: intermedTonal_2 (sparse)
	channel 13: intermedTonal_3 (sparse)
	channel 14: intermedTonal_4 (sparse)
	channel 15: intermedTonal_5 (sparse)
	channel 16: intermedTonal_6 (sparse)
	channel 17: intermedTonal_7 (sparse)
	channel 18: quantizedTonal (sparse)
	channel 19: errorDiffInfo2 (sparse)
	channel 20: distanceToEmpty (sparse)
	channel 21: errorDiffInfo3 (sparse)
	channel 22: errorDiffInfo4 (sparse)
	channel 23: errorDiffInfo5 (sparse)
	channel 24: errorDiffInfo6 (sparse)
	channel 25: errorDiffInfo7 (sparse)
	channel 26: errorDiffInfo8 (sparse)
	channel 27: errorDiffInfo9 (sparse)

SliceDebugger:  runs 15:27:1
slices [460, 510):
	channel 0: material (dense)
	channel 1: occupancy (dense)

MaterialUsageEstimator:  runs 15:27:1
slices [460, 510):
	channel 0: material (dense)
	channel 1: occupancy (dense)

PrintJobVoxelizer:  runs 15:27:2

PrintJobVoxelizer: setting up slices
PrintJobVoxelizer: rasterizing objects
PrintJobVoxelizer: creating rasterizer
PrintJobVoxelizer: rasterizing object 1
PrintJobVoxelizer: rasterizing object 2
Rasterizer::rasterize:
	24 trials
	total = 15.0934 s
	mean  = 0.628892 s
	var   = 0.0202241 s^2, std = 0.142212 s
	min   = 0.194629 s
	max   = 0.807076 s


PrintJobVoxelizer: voxelizing objects
Object 1 ROI: [0 0 0] --> [946 303 50]
GWNSampleFloodVoxelizer: number of samples: 227
GWNSampleFloodVoxelizer: samples evaluated
GWNSampleFloodVoxelizer: adaptive threshold = 0.498039
GWNSampleFloodVoxelizer: flooding complete
Voxelization: solid angle evaluations per voxel: 0.35145

Object 2 ROI: [0 314 0] --> [946 617 50]
GWNSampleFloodVoxelizer: number of samples: 227
GWNSampleFloodVoxelizer: samples evaluated
GWNSampleFloodVoxelizer: adaptive threshold = 0.498039
GWNSampleFloodVoxelizer: flooding complete
Voxelization: solid angle evaluations per voxel: 0.703841

GWNSampleFloodVoxelizer::voxelize:
	24 trials
	total = 37.7645 s
	mean  = 1.57352 s
	var   = 0.0464258 s^2, std = 0.215467 s
	min   = 1.2194 s
	max   = 1.9164 s

GWNSampleFloodVoxelizer::initIndicator:
	24 trials
	total = 3.77677 s
	mean  = 0.157365 s
	var   = 0.000484126 s^2, std = 0.0220029 s
	min   = 0.129591 s
	max   = 0.226237 s

GWNSampleFloodVoxelizer::selectSamples:
	24 trials
	total = 2.39621 s
	mean  = 0.0998421 s
	var   = 0.000109215 s^2, std = 0.0104506 s
	min   = 0.089063 s
	max   = 0.118083 s

GWNSampleFloodVoxelizer::evaluateSamples:
	24 trials
	total = 3.09128 s
	mean  = 0.128803 s
	var   = 0.00314316 s^2, std = 0.0560639 s
	min   = 0.044531 s
	max   = 0.271693 s

GWNSampleFloodVoxelizer::flood:
	24 trials
	total = 27.6341 s
	mean  = 1.15142 s
	var   = 0.0350956 s^2, std = 0.187338 s
	min   = 0.877625 s
	max   = 1.45007 s


PrintJobVoxelizer: finalizing surfaces
PrintJobVoxelizer: 3147432 surface voxels
PrintJobVoxelizer: getting output subset
PrintJobVoxelizer: updating slice indices
SliceDebugger:  runs 15:27:6
slices [549, 599):
	channel 0: occupancy (dense)
	channel 1: opticalFeature (sparse)

TonalValueCalculator:  runs 15:27:9
slices [549, 599):
	channel 0: occupancy (dense)
	channel 1: opticalFeature (sparse)

SurfaceDistanceOrderedTransfer:  runs 15:27:9
slices [523, 599):
	channel 0: occupancy (dense)
	channel 1: surfaceDist (dense)

SurfaceDistanceOrderedTransfer: 523 549 573
SliceDebugger:  runs 15:27:11
slices [523, 573):
	channel 0: occupancy (dense)
	channel 1: surfaceDist (dense)

LayerExtractor:  runs 15:27:14
slices [521, 573):
	channel 0: occupancy (dense)
	channel 1: surfaceDist (dense)
	channel 2: layer_000 (sparse)
	channel 3: layer_001 (sparse)
	channel 4: layer_002 (sparse)
	channel 5: layer_003 (sparse)
	channel 6: layer_004 (sparse)
	channel 7: layer_005 (sparse)
	channel 8: layer_006 (sparse)
	channel 9: layer_007 (sparse)

TonalLinearizer:  runs 15:27:15
slices [522, 572):
	channel 0: occupancy (dense)
	channel 1: surfaceDist (dense)
	channel 2: layer_000 (sparse)
	channel 3: layer_001 (sparse)
	channel 4: layer_002 (sparse)
	channel 5: layer_003 (sparse)
	channel 6: layer_004 (sparse)
	channel 7: layer_005 (sparse)
	channel 8: layer_006 (sparse)
	channel 9: layer_007 (sparse)

VectorLayerHalftoner: VectorLayerHalftoner error: no tonal values available

VectorLayerHalftoner:  runs 15:27:15
slices [510, 572):
	channel 0: occupancy (dense)
	channel 1: surfaceDist (dense)
	channel 2: layer_000 (sparse)
	channel 3: layer_001 (sparse)
	channel 4: layer_002 (sparse)
	channel 5: layer_003 (sparse)
	channel 6: layer_004 (sparse)
	channel 7: layer_005 (sparse)
	channel 8: layer_006 (sparse)
	channel 9: layer_007 (sparse)
	channel 10: intermedTonal_0 (sparse)
	channel 11: intermedTonal_1 (sparse)
	channel 12: intermedTonal_2 (sparse)
	channel 13: intermedTonal_3 (sparse)
	channel 14: intermedTonal_4 (sparse)
	channel 15: intermedTonal_5 (sparse)
	channel 16: intermedTonal_6 (sparse)
	channel 17: intermedTonal_7 (sparse)
	channel 18: quantizedTonal (sparse)
	channel 19: errorDiffInfo2 (sparse)
	channel 20: distanceToEmpty (sparse)
	channel 21: errorDiffInfo3 (sparse)
	channel 22: errorDiffInfo4 (sparse)
	channel 23: errorDiffInfo5 (sparse)
	channel 24: errorDiffInfo6 (sparse)
	channel 25: errorDiffInfo7 (sparse)
	channel 26: errorDiffInfo8 (sparse)
	channel 27: errorDiffInfo9 (sparse)

SliceDebugger:  runs 15:27:22
slices [510, 560):
	channel 0: material (dense)
	channel 1: occupancy (dense)

MaterialUsageEstimator:  runs 15:27:23
slices [510, 560):
	channel 0: material (dense)
	channel 1: occupancy (dense)

PrintJobVoxelizer:  runs 15:27:23

PrintJobVoxelizer: setting up slices
PrintJobVoxelizer: rasterizing objects
PrintJobVoxelizer: creating rasterizer
PrintJobVoxelizer: rasterizing object 1
PrintJobVoxelizer: rasterizing object 2
Rasterizer::rasterize:
	26 trials
	total = 16.6005 s
	mean  = 0.63848 s
	var   = 0.0197905 s^2, std = 0.140679 s
	min   = 0.194629 s
	max   = 0.807076 s


PrintJobVoxelizer: voxelizing objects
Object 1 ROI: [0 0 0] --> [946 303 50]
GWNSampleFloodVoxelizer: number of samples: 294
GWNSampleFloodVoxelizer: samples evaluated
GWNSampleFloodVoxelizer: adaptive threshold = 0.498039
GWNSampleFloodVoxelizer: flooding complete
Voxelization: solid angle evaluations per voxel: 0.534269

Object 2 ROI: [0 314 0] --> [946 617 50]
GWNSampleFloodVoxelizer: number of samples: 294
GWNSampleFloodVoxelizer: samples evaluated
GWNSampleFloodVoxelizer: adaptive threshold = 0.498039
GWNSampleFloodVoxelizer: flooding complete
Voxelization: solid angle evaluations per voxel: 1.0675

GWNSampleFloodVoxelizer::voxelize:
	26 trials
	total = 41.0184 s
	mean  = 1.57763 s
	var   = 0.0438528 s^2, std = 0.209411 s
	min   = 1.2194 s
	max   = 1.9164 s

GWNSampleFloodVoxelizer::initIndicator:
	26 trials
	total = 4.09449 s
	mean  = 0.15748 s
	var   = 0.000452416 s^2, std = 0.0212701 s
	min   = 0.129591 s
	max   = 0.226237 s

GWNSampleFloodVoxelizer::selectSamples:
	26 trials
	total = 2.59285 s
	mean  = 0.099725 s
	var   = 0.000103778 s^2, std = 0.0101872 s
	min   = 0.089063 s
	max   = 0.118083 s

GWNSampleFloodVoxelizer::evaluateSamples:
	26 trials
	total = 3.57662 s
	mean  = 0.137562 s
	var   = 0.00385165 s^2, std = 0.0620617 s
	min   = 0.044531 s
	max   = 0.271693 s

GWNSampleFloodVoxelizer::flood:
	26 trials
	total = 29.8182 s
	mean  = 1.14686 s
	var   = 0.0335048 s^2, std = 0.183043 s
	min   = 0.877625 s
	max   = 1.45007 s


PrintJobVoxelizer: finalizing surfaces
PrintJobVoxelizer: 3458098 surface voxels
PrintJobVoxelizer: getting output subset
PrintJobVoxelizer: updating slice indices
SliceDebugger:  runs 15:27:28
slices [599, 649):
	channel 0: occupancy (dense)
	channel 1: opticalFeature (sparse)

TonalValueCalculator:  runs 15:27:31
slices [599, 649):
	channel 0: occupancy (dense)
	channel 1: opticalFeature (sparse)

SurfaceDistanceOrderedTransfer:  runs 15:27:31
slices [573, 649):
	channel 0: occupancy (dense)
	channel 1: surfaceDist (dense)

SurfaceDistanceOrderedTransfer: 573 599 623
SliceDebugger:  runs 15:27:33
slices [573, 623):
	channel 0: occupancy (dense)
	channel 1: surfaceDist (dense)

LayerExtractor:  runs 15:27:36
slices [571, 623):
	channel 0: occupancy (dense)
	channel 1: surfaceDist (dense)
	channel 2: layer_000 (sparse)
	channel 3: layer_001 (sparse)
	channel 4: layer_002 (sparse)
	channel 5: layer_003 (sparse)
	channel 6: layer_004 (sparse)
	channel 7: layer_005 (sparse)
	channel 8: layer_006 (sparse)
	channel 9: layer_007 (sparse)

TonalLinearizer:  runs 15:27:37
slices [572, 622):
	channel 0: occupancy (dense)
	channel 1: surfaceDist (dense)
	channel 2: layer_000 (sparse)
	channel 3: layer_001 (sparse)
	channel 4: layer_002 (sparse)
	channel 5: layer_003 (sparse)
	channel 6: layer_004 (sparse)
	channel 7: layer_005 (sparse)
	channel 8: layer_006 (sparse)
	channel 9: layer_007 (sparse)

VectorLayerHalftoner: VectorLayerHalftoner error: no tonal values available

VectorLayerHalftoner:  runs 15:27:37
slices [560, 622):
	channel 0: occupancy (dense)
	channel 1: surfaceDist (dense)
	channel 2: layer_000 (sparse)
	channel 3: layer_001 (sparse)
	channel 4: layer_002 (sparse)
	channel 5: layer_003 (sparse)
	channel 6: layer_004 (sparse)
	channel 7: layer_005 (sparse)
	channel 8: layer_006 (sparse)
	channel 9: layer_007 (sparse)
	channel 10: intermedTonal_0 (sparse)
	channel 11: intermedTonal_1 (sparse)
	channel 12: intermedTonal_2 (sparse)
	channel 13: intermedTonal_3 (sparse)
	channel 14: intermedTonal_4 (sparse)
	channel 15: intermedTonal_5 (sparse)
	channel 16: intermedTonal_6 (sparse)
	channel 17: intermedTonal_7 (sparse)
	channel 18: quantizedTonal (sparse)
	channel 19: errorDiffInfo2 (sparse)
	channel 20: distanceToEmpty (sparse)
	channel 21: errorDiffInfo3 (sparse)
	channel 22: errorDiffInfo4 (sparse)
	channel 23: errorDiffInfo5 (sparse)
	channel 24: errorDiffInfo6 (sparse)
	channel 25: errorDiffInfo7 (sparse)
	channel 26: errorDiffInfo8 (sparse)
	channel 27: errorDiffInfo9 (sparse)

SliceDebugger:  runs 15:27:45
slices [560, 610):
	channel 0: material (dense)
	channel 1: occupancy (dense)

MaterialUsageEstimator:  runs 15:27:46
slices [560, 610):
	channel 0: material (dense)
	channel 1: occupancy (dense)

PrintJobVoxelizer:  runs 15:27:46

PrintJobVoxelizer: setting up slices
PrintJobVoxelizer: rasterizing objects
PrintJobVoxelizer: creating rasterizer
PrintJobVoxelizer: rasterizing object 1
PrintJobVoxelizer: rasterizing object 2
Rasterizer::rasterize:
	28 trials
	total = 17.9004 s
	mean  = 0.6393 s
	var   = 0.0183355 s^2, std = 0.135409 s
	min   = 0.194629 s
	max   = 0.807076 s


PrintJobVoxelizer: voxelizing objects
Object 1 ROI: [0 0 0] --> [946 303 50]
GWNSampleFloodVoxelizer: number of samples: 248
GWNSampleFloodVoxelizer: samples evaluated
GWNSampleFloodVoxelizer: adaptive threshold = 0.498039
GWNSampleFloodVoxelizer: flooding complete
Voxelization: solid angle evaluations per voxel: 0.415449

Object 2 ROI: [0 314 0] --> [946 617 50]
GWNSampleFloodVoxelizer: number of samples: 245
GWNSampleFloodVoxelizer: samples evaluated
GWNSampleFloodVoxelizer: adaptive threshold = 0.498039
GWNSampleFloodVoxelizer: flooding complete
Voxelization: solid angle evaluations per voxel: 0.826595

GWNSampleFloodVoxelizer::voxelize:
	28 trials
	total = 44.2888 s
	mean  = 1.58174 s
	var   = 0.0412666 s^2, std = 0.203142 s
	min   = 1.2194 s
	max   = 1.9164 s

GWNSampleFloodVoxelizer::initIndicator:
	28 trials
	total = 4.41622 s
	mean  = 0.157722 s
	var   = 0.000420067 s^2, std = 0.0204955 s
	min   = 0.129591 s
	max   = 0.226237 s

GWNSampleFloodVoxelizer::selectSamples:
	28 trials
	total = 2.78549 s
	mean  = 0.0994817 s
	var   = 9.74501e-005 s^2, std = 0.00987168 s
	min   = 0.089063 s
	max   = 0.118083 s

GWNSampleFloodVoxelizer::evaluateSamples:
	28 trials
	total = 3.96193 s
	mean  = 0.141498 s
	var   = 0.00378326 s^2, std = 0.0615082 s
	min   = 0.044531 s
	max   = 0.271693 s

GWNSampleFloodVoxelizer::flood:
	28 trials
	total = 32.1209 s
	mean  = 1.14717 s
	var   = 0.031511 s^2, std = 0.177513 s
	min   = 0.877625 s
	max   = 1.45007 s


PrintJobVoxelizer: finalizing surfaces
PrintJobVoxelizer: 3701946 surface voxels
PrintJobVoxelizer: getting output subset
PrintJobVoxelizer: updating slice indices
SliceDebugger:  runs 15:27:51
slices [649, 699):
	channel 0: occupancy (dense)
	channel 1: opticalFeature (sparse)

TonalValueCalculator:  runs 15:27:53
slices [649, 699):
	channel 0: occupancy (dense)
	channel 1: opticalFeature (sparse)

SurfaceDistanceOrderedTransfer:  runs 15:27:53
slices [623, 699):
	channel 0: occupancy (dense)
	channel 1: surfaceDist (dense)

SurfaceDistanceOrderedTransfer: 623 649 673
SliceDebugger:  runs 15:27:56
slices [623, 673):
	channel 0: occupancy (dense)
	channel 1: surfaceDist (dense)

LayerExtractor:  runs 15:27:58
slices [621, 673):
	channel 0: occupancy (dense)
	channel 1: surfaceDist (dense)
	channel 2: layer_000 (sparse)
	channel 3: layer_001 (sparse)
	channel 4: layer_002 (sparse)
	channel 5: layer_003 (sparse)
	channel 6: layer_004 (sparse)
	channel 7: layer_005 (sparse)
	channel 8: layer_006 (sparse)
	channel 9: layer_007 (sparse)

TonalLinearizer:  runs 15:28:0
slices [622, 672):
	channel 0: occupancy (dense)
	channel 1: surfaceDist (dense)
	channel 2: layer_000 (sparse)
	channel 3: layer_001 (sparse)
	channel 4: layer_002 (sparse)
	channel 5: layer_003 (sparse)
	channel 6: layer_004 (sparse)
	channel 7: layer_005 (sparse)
	channel 8: layer_006 (sparse)
	channel 9: layer_007 (sparse)

VectorLayerHalftoner: VectorLayerHalftoner error: no tonal values available

VectorLayerHalftoner:  runs 15:28:0
slices [610, 672):
	channel 0: occupancy (dense)
	channel 1: surfaceDist (dense)
	channel 2: layer_000 (sparse)
	channel 3: layer_001 (sparse)
	channel 4: layer_002 (sparse)
	channel 5: layer_003 (sparse)
	channel 6: layer_004 (sparse)
	channel 7: layer_005 (sparse)
	channel 8: layer_006 (sparse)
	channel 9: layer_007 (sparse)
	channel 10: intermedTonal_0 (sparse)
	channel 11: intermedTonal_1 (sparse)
	channel 12: intermedTonal_2 (sparse)
	channel 13: intermedTonal_3 (sparse)
	channel 14: intermedTonal_4 (sparse)
	channel 15: intermedTonal_5 (sparse)
	channel 16: intermedTonal_6 (sparse)
	channel 17: intermedTonal_7 (sparse)
	channel 18: quantizedTonal (sparse)
	channel 19: errorDiffInfo2 (sparse)
	channel 20: distanceToEmpty (sparse)
	channel 21: errorDiffInfo3 (sparse)
	channel 22: errorDiffInfo4 (sparse)
	channel 23: errorDiffInfo5 (sparse)
	channel 24: errorDiffInfo6 (sparse)
	channel 25: errorDiffInfo7 (sparse)
	channel 26: errorDiffInfo8 (sparse)
	channel 27: errorDiffInfo9 (sparse)

SliceDebugger:  runs 15:28:7
slices [610, 660):
	channel 0: material (dense)
	channel 1: occupancy (dense)

MaterialUsageEstimator:  runs 15:28:8
slices [610, 660):
	channel 0: material (dense)
	channel 1: occupancy (dense)

PrintJobVoxelizer:  runs 15:28:8

PrintJobVoxelizer: setting up slices
PrintJobVoxelizer: rasterizing objects
PrintJobVoxelizer: creating rasterizer
PrintJobVoxelizer: rasterizing object 1
PrintJobVoxelizer: rasterizing object 2
Rasterizer::rasterize:
	30 trials
	total = 18.541 s
	mean  = 0.618034 s
	var   = 0.0236249 s^2, std = 0.153704 s
	min   = 0.194629 s
	max   = 0.807076 s


PrintJobVoxelizer: voxelizing objects
Object 1 ROI: [0 0 0] --> [946 303 50]
GWNSampleFloodVoxelizer: number of samples: 123
GWNSampleFloodVoxelizer: samples evaluated
GWNSampleFloodVoxelizer: adaptive threshold = 0.498039
GWNSampleFloodVoxelizer: flooding complete
Voxelization: solid angle evaluations per voxel: 0.137961

Object 2 ROI: [0 314 0] --> [946 617 50]
GWNSampleFloodVoxelizer: number of samples: 124
GWNSampleFloodVoxelizer: samples evaluated
GWNSampleFloodVoxelizer: adaptive threshold = 0.498039
GWNSampleFloodVoxelizer: flooding complete
Voxelization: solid angle evaluations per voxel: 0.276387

GWNSampleFloodVoxelizer::voxelize:
	30 trials
	total = 47.3643 s
	mean  = 1.57881 s
	var   = 0.0385496 s^2, std = 0.196341 s
	min   = 1.2194 s
	max   = 1.9164 s

GWNSampleFloodVoxelizer::initIndicator:
	30 trials
	total = 4.8107 s
	mean  = 0.160357 s
	var   = 0.00058665 s^2, std = 0.0242209 s
	min   = 0.129591 s
	max   = 0.234361 s

GWNSampleFloodVoxelizer::selectSamples:
	30 trials
	total = 2.96469 s
	mean  = 0.0988229 s
	var   = 0.000106091 s^2, std = 0.0103001 s
	min   = 0.078128 s
	max   = 0.118083 s

GWNSampleFloodVoxelizer::evaluateSamples:
	30 trials
	total = 4.09098 s
	mean  = 0.136366 s
	var   = 0.00390401 s^2, std = 0.062482 s
	min   = 0.044531 s
	max   = 0.271693 s

GWNSampleFloodVoxelizer::flood:
	30 trials
	total = 34.4262 s
	mean  = 1.14754 s
	var   = 0.0293568 s^2, std = 0.171338 s
	min   = 0.877625 s
	max   = 1.45007 s


PrintJobVoxelizer: finalizing surfaces
PrintJobVoxelizer: 3787663 surface voxels
PrintJobVoxelizer: getting output subset
PrintJobVoxelizer: updating slice indices
SliceDebugger:  runs 15:28:12
slices [699, 749):
	channel 0: occupancy (dense)
	channel 1: opticalFeature (sparse)

TonalValueCalculator:  runs 15:28:14
slices [699, 749):
	channel 0: occupancy (dense)
	channel 1: opticalFeature (sparse)

SurfaceDistanceOrderedTransfer:  runs 15:28:15
slices [673, 749):
	channel 0: occupancy (dense)
	channel 1: surfaceDist (dense)

SurfaceDistanceOrderedTransfer: 673 699 723
SliceDebugger:  runs 15:28:16
slices [673, 723):
	channel 0: occupancy (dense)
	channel 1: surfaceDist (dense)

LayerExtractor:  runs 15:28:19
slices [671, 723):
	channel 0: occupancy (dense)
	channel 1: surfaceDist (dense)
	channel 2: layer_000 (sparse)
	channel 3: layer_001 (sparse)
	channel 4: layer_002 (sparse)
	channel 5: layer_003 (sparse)
	channel 6: layer_004 (sparse)
	channel 7: layer_005 (sparse)
	channel 8: layer_006 (sparse)
	channel 9: layer_007 (sparse)

TonalLinearizer:  runs 15:28:19
slices [672, 722):
	channel 0: occupancy (dense)
	channel 1: surfaceDist (dense)
	channel 2: layer_000 (sparse)
	channel 3: layer_001 (sparse)
	channel 4: layer_002 (sparse)
	channel 5: layer_003 (sparse)
	channel 6: layer_004 (sparse)
	channel 7: layer_005 (sparse)
	channel 8: layer_006 (sparse)
	channel 9: layer_007 (sparse)

VectorLayerHalftoner: VectorLayerHalftoner error: no tonal values available

VectorLayerHalftoner:  runs 15:28:20
slices [660, 722):
	channel 0: occupancy (dense)
	channel 1: surfaceDist (dense)
	channel 2: layer_000 (sparse)
	channel 3: layer_001 (sparse)
	channel 4: layer_002 (sparse)
	channel 5: layer_003 (sparse)
	channel 6: layer_004 (sparse)
	channel 7: layer_005 (sparse)
	channel 8: layer_006 (sparse)
	channel 9: layer_007 (sparse)
	channel 10: intermedTonal_0 (sparse)
	channel 11: intermedTonal_1 (sparse)
	channel 12: intermedTonal_2 (sparse)
	channel 13: intermedTonal_3 (sparse)
	channel 14: intermedTonal_4 (sparse)
	channel 15: intermedTonal_5 (sparse)
	channel 16: intermedTonal_6 (sparse)
	channel 17: intermedTonal_7 (sparse)
	channel 18: quantizedTonal (sparse)
	channel 19: errorDiffInfo2 (sparse)
	channel 20: distanceToEmpty (sparse)
	channel 21: errorDiffInfo3 (sparse)
	channel 22: errorDiffInfo4 (sparse)
	channel 23: errorDiffInfo5 (sparse)
	channel 24: errorDiffInfo6 (sparse)
	channel 25: errorDiffInfo7 (sparse)
	channel 26: errorDiffInfo8 (sparse)
	channel 27: errorDiffInfo9 (sparse)

SliceDebugger:  runs 15:28:24
slices [660, 710):
	channel 0: material (dense)
	channel 1: occupancy (dense)

MaterialUsageEstimator:  runs 15:28:25
slices [660, 710):
	channel 0: material (dense)
	channel 1: occupancy (dense)

PrintJobVoxelizer:  runs 15:28:25

PrintJobVoxelizer: setting up slices
PrintJobVoxelizer: rasterizing objects
PrintJobVoxelizer: creating rasterizer
PrintJobVoxelizer: rasterizing object 1
PrintJobVoxelizer: rasterizing object 2
Rasterizer::rasterize:
	32 trials
	total = 18.8692 s
	mean  = 0.589661 s
	var   = 0.0345696 s^2, std = 0.185929 s
	min   = 0.156253 s
	max   = 0.807076 s


PrintJobVoxelizer: voxelizing objects
Object 1 ROI: [0 0 0] --> [946 303 27]
GWNSampleFloodVoxelizer: number of samples: 113
GWNSampleFloodVoxelizer: samples evaluated
GWNSampleFloodVoxelizer: adaptive threshold = 0.498039
GWNSampleFloodVoxelizer: flooding complete
Voxelization: solid angle evaluations per voxel: 0.0998763

Object 2 ROI: [0 314 0] --> [946 617 27]
GWNSampleFloodVoxelizer: number of samples: 113
GWNSampleFloodVoxelizer: samples evaluated
GWNSampleFloodVoxelizer: adaptive threshold = 0.498039
GWNSampleFloodVoxelizer: flooding complete
Voxelization: solid angle evaluations per voxel: 0.199753

GWNSampleFloodVoxelizer::voxelize:
	32 trials
	total = 49.1375 s
	mean  = 1.53555 s
	var   = 0.0650677 s^2, std = 0.255084 s
	min   = 0.867618 s
	max   = 1.9164 s

GWNSampleFloodVoxelizer::initIndicator:
	32 trials
	total = 5.02876 s
	mean  = 0.157149 s
	var   = 0.00072457 s^2, std = 0.0269178 s
	min   = 0.093066 s
	max   = 0.234361 s

GWNSampleFloodVoxelizer::selectSamples:
	32 trials
	total = 3.09524 s
	mean  = 0.0967262 s
	var   = 0.000167815 s^2, std = 0.0129543 s
	min   = 0.062502 s
	max   = 0.118083 s

GWNSampleFloodVoxelizer::evaluateSamples:
	32 trials
	total = 4.15526 s
	mean  = 0.129852 s
	var   = 0.00430926 s^2, std = 0.065645 s
	min   = 0.03125 s
	max   = 0.271693 s

GWNSampleFloodVoxelizer::flood:
	32 trials
	total = 35.7479 s
	mean  = 1.11712 s
	var   = 0.04179 s^2, std = 0.204426 s
	min   = 0.654467 s
	max   = 1.45007 s


PrintJobVoxelizer: finalizing surfaces
PrintJobVoxelizer: 3799147 surface voxels
PrintJobVoxelizer: getting output subset
PrintJobVoxelizer: updating slice indices
SliceDebugger:  runs 15:28:27
slices [749, 777):
	channel 0: occupancy (dense)
	channel 1: opticalFeature (sparse)

TonalValueCalculator:  runs 15:28:28
slices [749, 777):
	channel 0: occupancy (dense)
	channel 1: opticalFeature (sparse)

SurfaceDistanceOrderedTransfer:  runs 15:28:28
slices [723, 777):
	channel 0: occupancy (dense)
	channel 1: surfaceDist (dense)

SurfaceDistanceOrderedTransfer: 723 749 777
SliceDebugger:  runs 15:28:30
slices [723, 777):
	channel 0: occupancy (dense)
	channel 1: surfaceDist (dense)

LayerExtractor:  runs 15:28:33
slices [721, 777):
	channel 0: occupancy (dense)
	channel 1: surfaceDist (dense)
	channel 2: layer_000 (sparse)
	channel 3: layer_001 (sparse)
	channel 4: layer_002 (sparse)
	channel 5: layer_003 (sparse)
	channel 6: layer_004 (sparse)
	channel 7: layer_005 (sparse)
	channel 8: layer_006 (sparse)
	channel 9: layer_007 (sparse)

TonalLinearizer:  runs 15:28:33
slices [722, 777):
	channel 0: occupancy (dense)
	channel 1: surfaceDist (dense)
	channel 2: layer_000 (sparse)
	channel 3: layer_001 (sparse)
	channel 4: layer_002 (sparse)
	channel 5: layer_003 (sparse)
	channel 6: layer_004 (sparse)
	channel 7: layer_005 (sparse)
	channel 8: layer_006 (sparse)
	channel 9: layer_007 (sparse)

VectorLayerHalftoner: VectorLayerHalftoner error: no tonal values available

VectorLayerHalftoner:  runs 15:28:33
slices [710, 777):
	channel 0: occupancy (dense)
	channel 1: surfaceDist (dense)
	channel 2: layer_000 (sparse)
	channel 3: layer_001 (sparse)
	channel 4: layer_002 (sparse)
	channel 5: layer_003 (sparse)
	channel 6: layer_004 (sparse)
	channel 7: layer_005 (sparse)
	channel 8: layer_006 (sparse)
	channel 9: layer_007 (sparse)
	channel 10: intermedTonal_0 (sparse)
	channel 11: intermedTonal_1 (sparse)
	channel 12: intermedTonal_2 (sparse)
	channel 13: intermedTonal_3 (sparse)
	channel 14: intermedTonal_4 (sparse)
	channel 15: intermedTonal_5 (sparse)
	channel 16: intermedTonal_6 (sparse)
	channel 17: intermedTonal_7 (sparse)
	channel 18: quantizedTonal (sparse)
	channel 19: errorDiffInfo2 (sparse)
	channel 20: distanceToEmpty (sparse)
	channel 21: errorDiffInfo3 (sparse)
	channel 22: errorDiffInfo4 (sparse)
	channel 23: errorDiffInfo5 (sparse)
	channel 24: errorDiffInfo6 (sparse)
	channel 25: errorDiffInfo7 (sparse)
	channel 26: errorDiffInfo8 (sparse)
	channel 27: errorDiffInfo9 (sparse)

SliceDebugger:  runs 15:28:36
slices [710, 777):
	channel 0: material (dense)
	channel 1: occupancy (dense)

MaterialUsageEstimator:  runs 15:28:37
slices [710, 777):
	channel 0: material (dense)
	channel 1: occupancy (dense)

MaterialUsageEstimator:  [QUIET WARNING] large change in non-empty count in slice 773: -130

MaterialUsageEstimator:  [QUIET WARNING] large change in non-empty count in slice 774: -115

MaterialUsageEstimator:  [QUIET WARNING] large change in non-empty count in slice 775: -121

MaterialUsageEstimator:  [QUIET WARNING] large change in non-empty count in slice 776: -98

MaterialUsageEstimator: print job uses:
	0.0949776ml of VeroCyan
	103.553ml of VeroWhite
	2.84837ml of VeroMagenta
	13.3354ml of VeroYellow
	0.146797ml of VeroBlack
	0ml of Support
print job uses:
154850405 voxels assigned a material (non-empty)

Computation finished 

Status: success
Total execution time in seconds 335.327

