Warning:json file inside profile could not be parsed 

GL version: 4.4.0

Warning: there is no json file embedded inside profile 

FileParserPJ: initializing
PrintJobOrganizer: initializing
MasterPJDistributor: initializing
MasterMerger: initializing
SliceDebugger: initializing
FileParserPJ:  runs 13:33:8

FileParserPJ: loading OBJ file

244921 vertices
489840 faces

FileParserPJ: 245383 texture coordinates

FileParserPJ: 245383 vertices after duplication

FileParserPJ: //filer-igd2.igd.fraunhofer.de/igd-3dt/shared/3DModels/Head/HeadMTL/Head_Level3.obj parsed: 245383 vertices and 489840 faces

FileParserPJ: loading jpg file

FileParserPJ: loading OBJ file

9992 vertices
18312 faces

FileParserPJ: 9437 texture coordinates

FileParserPJ: //filer-igd2.igd.fraunhofer.de/igd-3dt/shared/3DModels/Dame/Dame.obj parsed: 9992 vertices and 18312 faces

FileParserPJ: loading jpg file

FileParserPJ: loading OBJ file

244921 vertices
489840 faces

FileParserPJ: 245383 texture coordinates

FileParserPJ: 245383 vertices after duplication

FileParserPJ: //filer-igd2.igd.fraunhofer.de/igd-3dt/shared/3DModels/Head/HeadMTL/Head_Level3.obj parsed: 245383 vertices and 489840 faces

FileParserPJ: loading jpg file

FileParserPJ: loading OBJ file

9992 vertices
18312 faces

FileParserPJ: 9437 texture coordinates

FileParserPJ: //filer-igd2.igd.fraunhofer.de/igd-3dt/shared/3DModels/Dame/Dame.obj parsed: 9992 vertices and 18312 faces

FileParserPJ: loading jpg file

FileParserPJ: loading OBJ file

244921 vertices
489840 faces

FileParserPJ: 245383 texture coordinates

FileParserPJ: 245383 vertices after duplication

FileParserPJ: //filer-igd2.igd.fraunhofer.de/igd-3dt/shared/3DModels/Head/HeadMTL/Head_Level3.obj parsed: 245383 vertices and 489840 faces

FileParserPJ: loading jpg file

FileParserPJ: loading OBJ file

9992 vertices
18312 faces

FileParserPJ: 9437 texture coordinates

FileParserPJ: //filer-igd2.igd.fraunhofer.de/igd-3dt/shared/3DModels/Dame/Dame.obj parsed: 9992 vertices and 18312 faces

FileParserPJ: loading jpg file

FileParserPJ: loading OBJ file

244921 vertices
489840 faces

FileParserPJ: 245383 texture coordinates

FileParserPJ: 245383 vertices after duplication

FileParserPJ: //filer-igd2.igd.fraunhofer.de/igd-3dt/shared/3DModels/Head/HeadMTL/Head_Level3.obj parsed: 245383 vertices and 489840 faces

FileParserPJ: loading jpg file

FileParserPJ: loading OBJ file

9992 vertices
18312 faces

FileParserPJ: 9437 texture coordinates

FileParserPJ: //filer-igd2.igd.fraunhofer.de/igd-3dt/shared/3DModels/Dame/Dame.obj parsed: 9992 vertices and 18312 faces

FileParserPJ: loading jpg file

FileParserPJ: loading OBJ file

244921 vertices
489840 faces

FileParserPJ: 245383 texture coordinates

FileParserPJ: 245383 vertices after duplication

FileParserPJ: //filer-igd2.igd.fraunhofer.de/igd-3dt/shared/3DModels/Head/HeadMTL/Head_Level3.obj parsed: 245383 vertices and 489840 faces

FileParserPJ: loading jpg file

FileParserPJ: loading OBJ file

9992 vertices
18312 faces

FileParserPJ: 9437 texture coordinates

FileParserPJ: //filer-igd2.igd.fraunhofer.de/igd-3dt/shared/3DModels/Dame/Dame.obj parsed: 9992 vertices and 18312 faces

FileParserPJ: loading jpg file

FileParserPJ: Input files parsed

PrintJobOrganizer:  runs 13:33:27

centering objects at origin
optimizing rotation for height
scaling objects
optimizing rotation for support use
PrintJobOrganizer: support cost         = 25.4851
support cost flipped = 22.9004

PrintJobOrganizer: support cost         = 10.7798
support cost flipped = 10.8551

PrintJobOrganizer: support cost         = 25.4851
support cost flipped = 22.9004

PrintJobOrganizer: support cost         = 10.7798
support cost flipped = 10.8551

PrintJobOrganizer: support cost         = 25.4851
support cost flipped = 22.9004

PrintJobOrganizer: support cost         = 10.7798
support cost flipped = 10.8551

PrintJobOrganizer: support cost         = 25.4851
support cost flipped = 22.9004

PrintJobOrganizer: support cost         = 10.7798
support cost flipped = 10.8551

PrintJobOrganizer: support cost         = 25.4851
support cost flipped = 22.9004

PrintJobOrganizer: support cost         = 10.7798
support cost flipped = 10.8551

arranging objects in 2D
validating object placement
PrintJobOrganizer: print object 1 print-space bounding box: (0.00211667, 0.00423333, 0.00135106), (8.00212, 5.12195, 4.19435)
PrintJobOrganizer: print object 2 print-space bounding box: (0.00211667, 5.32195, 0.00135106), (8.00212, 8.58807, 3.26645)
PrintJobOrganizer: print object 3 print-space bounding box: (0.00211667, 8.78807, 0.00135106), (8.00212, 13.9058, 4.19435)
PrintJobOrganizer: print object 4 print-space bounding box: (0.00211667, 14.1058, 0.00135106), (8.00212, 17.3719, 3.26645)
PrintJobOrganizer: print object 5 print-space bounding box: (0.00211667, 17.5719, 0.00135106), (8.00212, 22.6896, 4.19435)
PrintJobOrganizer: print object 6 print-space bounding box: (0.00211667, 22.8896, 0.00135106), (8.00212, 26.1557, 3.26645)
PrintJobOrganizer: print object 7 print-space bounding box: (0.00211667, 26.3557, 0.00135106), (8.00212, 31.4735, 4.19435)
PrintJobOrganizer: print object 8 print-space bounding box: (0.00211667, 31.6735, 0.00135106), (8.00212, 34.9396, 3.26645)
PrintJobOrganizer: print object 9 print-space bounding box: (8.20212, 0.00423333, 0.00135106), (16.2021, 5.12195, 4.19435)
PrintJobOrganizer: print object 10 print-space bounding box: (0.00211667, 35.1396, 0.00135106), (8.00212, 38.4057, 3.26645)
saving transforms to file
MasterPJDistributor:  runs 13:33:28

MasterPJDistributor::runInternal
MasterMerger:  runs 13:33:44

MasterMerger::runInternal
MasterMerger: metadata for thread : 1

MasterMerger: received height : 617

MasterMerger: received width : 946

MasterMerger: received num of slices : 777

MasterMerger: received chunk size : 10

MasterMerger: received path : 

MasterMerger: metadata for thread : 2

MasterMerger: received height : 712

MasterMerger: received width : 946

MasterMerger: received num of slices : 777

MasterMerger: received chunk size : 10

MasterMerger: received path : 

MasterMerger: metadata for thread : 3

MasterMerger: received height : 712

MasterMerger: received width : 946

MasterMerger: received num of slices : 777

MasterMerger: received chunk size : 10

MasterMerger: received path : 

MasterMerger: metadata for thread : 4

MasterMerger: received height : 508

MasterMerger: received width : 946

MasterMerger: received num of slices : 777

MasterMerger: received chunk size : 10

MasterMerger: received path : 

MasterMerger: Print Volume x:  5905.51

MasterMerger: Print Volume y:  2362.2

MasterMerger: Node id:  1

MasterMerger: Offset x : 0

MasterMerger: Offset y : 0

MasterMerger: Node id:  2

MasterMerger: Offset x : 0

MasterMerger: Offset y : 628.811

MasterMerger: Node id:  3

MasterMerger: Offset x : 0

MasterMerger: Offset y : 1352.62

MasterMerger: Node id:  4

MasterMerger: Offset x : 969.622

MasterMerger: Offset y : 0

MasterMerger: Added height is:617after adding height of slave 1

MasterMerger: Added height is:1329after adding height of slave 2

MasterMerger: Added height is:2041after adding height of slave 3

MasterMerger: Added height is:2549after adding height of slave 4

MasterMerger: Max height reached after adding slave 4 so first list index is 3

MasterMerger: m_fullSliceHt : 2362

MasterMerger: Sum of heights has crossed the print bed height

MasterMerger: Start Index0

MasterMerger: End Index3

MasterMerger: Maximum Current Width is0

MasterMerger: Maximum Current Width is946

MasterMerger: Maximum Current Width is946

MasterMerger: Total current width946

MasterMerger: Start Index3

MasterMerger: End Index4

MasterMerger: Maximum Current Width is0

MasterMerger: Total current width1892

MasterMerger: m_fullSliceWidth : 1940

MasterMerger: m_numSlices : 777

MasterMerger: m_chunkSize : 10

SliceDebugger:  runs 13:33:57
slices [0, 10):
	channel 0: material (dense)

MasterMerger:  runs 13:33:58

SliceDebugger:  runs 13:34:17
slices [10, 20):
	channel 0: material (dense)

MasterMerger:  runs 13:34:18

SliceDebugger:  runs 13:34:39
slices [20, 30):
	channel 0: material (dense)

MasterMerger:  runs 13:34:40

SliceDebugger:  runs 13:35:3
slices [30, 40):
	channel 0: material (dense)

MasterMerger:  runs 13:35:4

SliceDebugger:  runs 13:35:34
slices [40, 50):
	channel 0: material (dense)

MasterMerger:  runs 13:35:35

SliceDebugger:  runs 13:36:6
slices [50, 60):
	channel 0: material (dense)

MasterMerger:  runs 13:36:7

SliceDebugger:  runs 13:36:39
slices [60, 70):
	channel 0: material (dense)

MasterMerger:  runs 13:36:40

SliceDebugger:  runs 13:37:12
slices [70, 80):
	channel 0: material (dense)

MasterMerger:  runs 13:37:12

SliceDebugger:  runs 13:37:44
slices [80, 90):
	channel 0: material (dense)

MasterMerger:  runs 13:37:45

SliceDebugger:  runs 13:38:11
slices [90, 100):
	channel 0: material (dense)

MasterMerger:  runs 13:38:12

SliceDebugger:  runs 13:38:34
slices [100, 110):
	channel 0: material (dense)

MasterMerger:  runs 13:38:34

SliceDebugger:  runs 13:38:56
slices [110, 120):
	channel 0: material (dense)

MasterMerger:  runs 13:38:57

SliceDebugger:  runs 13:39:18
slices [120, 130):
	channel 0: material (dense)

MasterMerger:  runs 13:39:19

SliceDebugger:  runs 13:39:34
slices [130, 140):
	channel 0: material (dense)

MasterMerger:  runs 13:39:35

SliceDebugger:  runs 13:39:49
slices [140, 150):
	channel 0: material (dense)

MasterMerger:  runs 13:39:49

SliceDebugger:  runs 13:40:0
slices [150, 160):
	channel 0: material (dense)

MasterMerger:  runs 13:40:1

SliceDebugger:  runs 13:40:1
slices [160, 170):
	channel 0: material (dense)

MasterMerger:  runs 13:40:2

SliceDebugger:  runs 13:40:2
slices [170, 180):
	channel 0: material (dense)

MasterMerger:  runs 13:40:2

SliceDebugger:  runs 13:40:3
slices [180, 190):
	channel 0: material (dense)

MasterMerger:  runs 13:40:3

SliceDebugger:  runs 13:40:3
slices [190, 200):
	channel 0: material (dense)

MasterMerger:  runs 13:40:4

SliceDebugger:  runs 13:40:4
slices [200, 210):
	channel 0: material (dense)

MasterMerger:  runs 13:40:5

SliceDebugger:  runs 13:40:5
slices [210, 220):
	channel 0: material (dense)

MasterMerger:  runs 13:40:6

SliceDebugger:  runs 13:40:6
slices [220, 230):
	channel 0: material (dense)

MasterMerger:  runs 13:40:7

SliceDebugger:  runs 13:40:7
slices [230, 240):
	channel 0: material (dense)

MasterMerger:  runs 13:40:7

SliceDebugger:  runs 13:40:8
slices [240, 250):
	channel 0: material (dense)

MasterMerger:  runs 13:40:8

SliceDebugger:  runs 13:40:8
slices [250, 260):
	channel 0: material (dense)

MasterMerger:  runs 13:40:9

SliceDebugger:  runs 13:40:9
slices [260, 270):
	channel 0: material (dense)

MasterMerger:  runs 13:40:10

SliceDebugger:  runs 13:40:10
slices [270, 280):
	channel 0: material (dense)

MasterMerger:  runs 13:40:11

SliceDebugger:  runs 13:40:11
slices [280, 290):
	channel 0: material (dense)

MasterMerger:  runs 13:40:12

SliceDebugger:  runs 13:40:12
slices [290, 300):
	channel 0: material (dense)

MasterMerger:  runs 13:40:12

SliceDebugger:  runs 13:40:13
slices [300, 310):
	channel 0: material (dense)

MasterMerger:  runs 13:40:13

SliceDebugger:  runs 13:40:13
slices [310, 320):
	channel 0: material (dense)

MasterMerger:  runs 13:40:14

SliceDebugger:  runs 13:40:14
slices [320, 330):
	channel 0: material (dense)

MasterMerger:  runs 13:40:15

SliceDebugger:  runs 13:40:15
slices [330, 340):
	channel 0: material (dense)

MasterMerger:  runs 13:40:16

SliceDebugger:  runs 13:40:16
slices [340, 350):
	channel 0: material (dense)

MasterMerger:  runs 13:40:17

SliceDebugger:  runs 13:40:17
slices [350, 360):
	channel 0: material (dense)

MasterMerger:  runs 13:40:18

SliceDebugger:  runs 13:40:18
slices [360, 370):
	channel 0: material (dense)

MasterMerger:  runs 13:40:18

SliceDebugger:  runs 13:40:18
slices [370, 380):
	channel 0: material (dense)

MasterMerger:  runs 13:40:19

SliceDebugger:  runs 13:40:19
slices [380, 390):
	channel 0: material (dense)

MasterMerger:  runs 13:40:20

SliceDebugger:  runs 13:40:20
slices [390, 400):
	channel 0: material (dense)

MasterMerger:  runs 13:40:21

SliceDebugger:  runs 13:40:21
slices [400, 410):
	channel 0: material (dense)

MasterMerger:  runs 13:40:22

SliceDebugger:  runs 13:40:22
slices [410, 420):
	channel 0: material (dense)

MasterMerger:  runs 13:40:23

SliceDebugger:  runs 13:40:23
slices [420, 430):
	channel 0: material (dense)

MasterMerger:  runs 13:40:24

SliceDebugger:  runs 13:40:24
slices [430, 440):
	channel 0: material (dense)

MasterMerger:  runs 13:40:25

SliceDebugger:  runs 13:40:25
slices [440, 450):
	channel 0: material (dense)

MasterMerger:  runs 13:40:25

SliceDebugger:  runs 13:40:25
slices [450, 460):
	channel 0: material (dense)

MasterMerger:  runs 13:40:26

SliceDebugger:  runs 13:40:26
slices [460, 470):
	channel 0: material (dense)

MasterMerger:  runs 13:40:27

SliceDebugger:  runs 13:40:27
slices [470, 480):
	channel 0: material (dense)

MasterMerger:  runs 13:40:28

SliceDebugger:  runs 13:40:28
slices [480, 490):
	channel 0: material (dense)

MasterMerger:  runs 13:40:29

SliceDebugger:  runs 13:40:29
slices [490, 500):
	channel 0: material (dense)

MasterMerger:  runs 13:40:29

SliceDebugger:  runs 13:40:30
slices [500, 510):
	channel 0: material (dense)

MasterMerger:  runs 13:40:30

SliceDebugger:  runs 13:40:30
slices [510, 520):
	channel 0: material (dense)

MasterMerger:  runs 13:40:31

SliceDebugger:  runs 13:40:31
slices [520, 530):
	channel 0: material (dense)

MasterMerger:  runs 13:40:32

SliceDebugger:  runs 13:40:32
slices [530, 540):
	channel 0: material (dense)

MasterMerger:  runs 13:40:33

SliceDebugger:  runs 13:40:33
slices [540, 550):
	channel 0: material (dense)

MasterMerger:  runs 13:40:34

SliceDebugger:  runs 13:40:34
slices [550, 560):
	channel 0: material (dense)

MasterMerger:  runs 13:40:34

SliceDebugger:  runs 13:40:34
slices [560, 570):
	channel 0: material (dense)

MasterMerger:  runs 13:40:35

SliceDebugger:  runs 13:40:35
slices [570, 580):
	channel 0: material (dense)

MasterMerger:  runs 13:40:36

SliceDebugger:  runs 13:40:36
slices [580, 590):
	channel 0: material (dense)

MasterMerger:  runs 13:40:37

SliceDebugger:  runs 13:40:37
slices [590, 600):
	channel 0: material (dense)

MasterMerger:  runs 13:40:38

SliceDebugger:  runs 13:40:38
slices [600, 610):
	channel 0: material (dense)

MasterMerger:  runs 13:40:38

SliceDebugger:  runs 13:40:38
slices [610, 620):
	channel 0: material (dense)

MasterMerger:  runs 13:40:39

SliceDebugger:  runs 13:40:39
slices [620, 630):
	channel 0: material (dense)

MasterMerger:  runs 13:40:40

SliceDebugger:  runs 13:40:40
slices [630, 640):
	channel 0: material (dense)

MasterMerger:  runs 13:40:41

SliceDebugger:  runs 13:40:41
slices [640, 650):
	channel 0: material (dense)

MasterMerger:  runs 13:40:42

SliceDebugger:  runs 13:40:42
slices [650, 660):
	channel 0: material (dense)

MasterMerger:  runs 13:40:42

SliceDebugger:  runs 13:40:42
slices [660, 670):
	channel 0: material (dense)

MasterMerger:  runs 13:40:43

SliceDebugger:  runs 13:40:43
slices [670, 680):
	channel 0: material (dense)

MasterMerger:  runs 13:40:44

SliceDebugger:  runs 13:40:44
slices [680, 690):
	channel 0: material (dense)

MasterMerger:  runs 13:40:45

SliceDebugger:  runs 13:40:45
slices [690, 700):
	channel 0: material (dense)

MasterMerger:  runs 13:40:46

SliceDebugger:  runs 13:40:46
slices [700, 710):
	channel 0: material (dense)

MasterMerger:  runs 13:40:46

SliceDebugger:  runs 13:40:46
slices [710, 720):
	channel 0: material (dense)

MasterMerger:  runs 13:40:47

SliceDebugger:  runs 13:40:47
slices [720, 730):
	channel 0: material (dense)

MasterMerger:  runs 13:40:48

SliceDebugger:  runs 13:40:48
slices [730, 740):
	channel 0: material (dense)

MasterMerger:  runs 13:40:49

SliceDebugger:  runs 13:40:49
slices [740, 750):
	channel 0: material (dense)

MasterMerger:  runs 13:40:49

SliceDebugger:  runs 13:40:50
slices [750, 760):
	channel 0: material (dense)

MasterMerger:  runs 13:40:50

SliceDebugger:  runs 13:40:50
slices [760, 770):
	channel 0: material (dense)

MasterMerger:  runs 13:40:51

SliceDebugger:  runs 13:40:51
slices [770, 777):
	channel 0: material (dense)

Computation finished 

Status: success
PrintingSoftware::execute:
	1 trials
	total = 463.521 s
	mean  = 463.521 s
	var   = 0 s^2, std = 0 s
	min   = 463.521 s
	max   = 463.521 s

MasterPrintingSoftware::startUp:
	1 trials
	total = 0.562485 s
	mean  = 0.562485 s
	var   = 0 s^2, std = 0 s
	min   = 0.562485 s
	max   = 0.562485 s

MasterPrintingSoftware::Send:
	28 trials
	total = 0 s
	mean  = 0 s
	var   = 0 s^2, std = 0 s
	min   = 0 s
	max   = 0 s

FileParserPJ::setInput:
	1 trials
	total = 0 s
	mean  = 0 s
	var   = 0 s^2, std = 0 s
	min   = 0 s
	max   = 0 s

FileParserPJ::runInternal:
	1 trials
	total = 18.982 s
	mean  = 18.982 s
	var   = 0 s^2, std = 0 s
	min   = 18.982 s
	max   = 18.982 s

PrintJobOrganizer::setInput:
	1 trials
	total = 0 s
	mean  = 0 s
	var   = 0 s^2, std = 0 s
	min   = 0 s
	max   = 0 s

PrintJobOrganizer::runInternal:
	1 trials
	total = 1.04688 s
	mean  = 1.04688 s
	var   = 0 s^2, std = 0 s
	min   = 1.04688 s
	max   = 1.04688 s

MasterPJDistributor::serializeImgData:
	10 trials
	total = 0.50716 s
	mean  = 0.050716 s
	var   = 0.0011088 s^2, std = 0.0332987 s
	min   = 0.007118 s
	max   = 0.093751 s

MasterPJDistributor::serializePJ:
	4 trials
	total = 0.483953 s
	mean  = 0.120988 s
	var   = 0.00202107 s^2, std = 0.0449563 s
	min   = 0.093336 s
	max   = 0.187485 s

MasterPJDistributor::Send:
	52 trials
	total = 13.4305 s
	mean  = 0.258279 s
	var   = 0.191376 s^2, std = 0.437465 s
	min   = 0 s
	max   = 1.90629 s


PrintingSoftware::execute:
	1 trials
	total = 463.521 s
	mean  = 463.521 s
	var   = 0 s^2, std = 0 s
	min   = 463.521 s
	max   = 463.521 s

MasterPrintingSoftware::startUp:
	1 trials
	total = 0.562485 s
	mean  = 0.562485 s
	var   = 0 s^2, std = 0 s
	min   = 0.562485 s
	max   = 0.562485 s

MasterPrintingSoftware::Send:
	28 trials
	total = 0 s
	mean  = 0 s
	var   = 0 s^2, std = 0 s
	min   = 0 s
	max   = 0 s

FileParserPJ::setInput:
	1 trials
	total = 0 s
	mean  = 0 s
	var   = 0 s^2, std = 0 s
	min   = 0 s
	max   = 0 s

FileParserPJ::runInternal:
	1 trials
	total = 18.982 s
	mean  = 18.982 s
	var   = 0 s^2, std = 0 s
	min   = 18.982 s
	max   = 18.982 s

PrintJobOrganizer::setInput:
	1 trials
	total = 0 s
	mean  = 0 s
	var   = 0 s^2, std = 0 s
	min   = 0 s
	max   = 0 s

PrintJobOrganizer::runInternal:
	1 trials
	total = 1.04688 s
	mean  = 1.04688 s
	var   = 0 s^2, std = 0 s
	min   = 1.04688 s
	max   = 1.04688 s

MasterPJDistributor::serializeImgData:
	10 trials
	total = 0.50716 s
	mean  = 0.050716 s
	var   = 0.0011088 s^2, std = 0.0332987 s
	min   = 0.007118 s
	max   = 0.093751 s

MasterPJDistributor::serializePJ:
	4 trials
	total = 0.483953 s
	mean  = 0.120988 s
	var   = 0.00202107 s^2, std = 0.0449563 s
	min   = 0.093336 s
	max   = 0.187485 s

MasterPJDistributor::Send:
	52 trials
	total = 13.4305 s
	mean  = 0.258279 s
	var   = 0.191376 s^2, std = 0.437465 s
	min   = 0 s
	max   = 1.90629 s

MasterMergerWorkerImpl::deserializeSlice1:
	777 trials
	total = 2.12024 s
	mean  = 0.00272875 s
	var   = 6.22769e-006 s^2, std = 0.00249553 s
	min   = 0 s
	max   = 0.01564 s

MasterMergerWorkerImpl::Receive1:
	2351 trials
	total = 4.01626 s
	mean  = 0.00170832 s
	var   = 0.00659484 s^2, std = 0.0812086 s
	min   = 0 s
	max   = 3.93757 s

MasterMergerWorkerImpl::decompressData1:
	777 trials
	total = 11.4959 s
	mean  = 0.0147953 s
	var   = 1.07715e-005 s^2, std = 0.003282 s
	min   = 0 s
	max   = 0.046873 s

MasterMergerWorkerImpl::deserializeSlice2:
	777 trials
	total = 2.2792 s
	mean  = 0.00293334 s
	var   = 3.84665e-006 s^2, std = 0.00196129 s
	min   = 0 s
	max   = 0.015626 s

MasterMergerWorkerImpl::Receive2:
	2351 trials
	total = 52.442 s
	mean  = 0.0223063 s
	var   = 0.206553 s^2, std = 0.454482 s
	min   = 0 s
	max   = 11.6867 s

MasterMergerWorkerImpl::decompressData2:
	777 trials
	total = 12.8988 s
	mean  = 0.0166008 s
	var   = 1.49554e-005 s^2, std = 0.00386723 s
	min   = 0 s
	max   = 0.054031 s

MasterMergerWorkerImpl::deserializeSlice3:
	777 trials
	total = 1.69771 s
	mean  = 0.00218496 s
	var   = 6.91293e-007 s^2, std = 0.00083144 s
	min   = 0 s
	max   = 0.015644 s

MasterMergerWorkerImpl::Receive3:
	2351 trials
	total = 361.941 s
	mean  = 0.153952 s
	var   = 3.77126 s^2, std = 1.94197 s
	min   = 0 s
	max   = 31.9068 s

MasterMergerWorkerImpl::decompressData3:
	777 trials
	total = 11.4256 s
	mean  = 0.0147048 s
	var   = 2.12333e-005 s^2, std = 0.00460796 s
	min   = 0.012021 s
	max   = 0.051052 s

MasterMergerWorkerImpl::deserializeSlice4:
	777 trials
	total = 1.736 s
	mean  = 0.00223424 s
	var   = 3.04045e-006 s^2, std = 0.00174369 s
	min   = 0 s
	max   = 0.015627 s

MasterMergerWorkerImpl::Receive4:
	2351 trials
	total = 29.8085 s
	mean  = 0.0126791 s
	var   = 0.089627 s^2, std = 0.299378 s
	min   = 0 s
	max   = 9.36536 s

MasterMergerWorkerImpl::decompressData4:
	777 trials
	total = 9.62856 s
	mean  = 0.012392 s
	var   = 1.09542e-005 s^2, std = 0.00330971 s
	min   = 0 s
	max   = 0.046873 s


Master Node  0 :Total execution time in seconds 464.091

