SlavePrintingSoftware::startUp:
	1 trials
	total = 0.296874 s
	mean  = 0.296874 s
	var   = 0 s^2, std = 0 s
	min   = 0.296874 s
	max   = 0.296874 s

PrintingSoftware::execute:
	1 trials
	total = 447.054 s
	mean  = 447.054 s
	var   = 0 s^2, std = 0 s
	min   = 447.054 s
	max   = 447.054 s

DistributedComputingInitiator::Receive:
	1 trials
	total = 22.8612 s
	mean  = 22.8612 s
	var   = 0 s^2, std = 0 s
	min   = 22.8612 s
	max   = 22.8612 s

FileParserPJ::setInput:
	1 trials
	total = 0 s
	mean  = 0 s
	var   = 0 s^2, std = 0 s
	min   = 0 s
	max   = 0 s

FileParserPJ::runInternal:
	1 trials
	total = 9.36012 s
	mean  = 9.36012 s
	var   = 0 s^2, std = 0 s
	min   = 9.36012 s
	max   = 9.36012 s

PrintJobOrganizer::setInput:
	1 trials
	total = 0 s
	mean  = 0 s
	var   = 0 s^2, std = 0 s
	min   = 0 s
	max   = 0 s

PrintJobOrganizer::runInternal:
	1 trials
	total = 0.62505 s
	mean  = 0.62505 s
	var   = 0 s^2, std = 0 s
	min   = 0.62505 s
	max   = 0.62505 s

PrintJobPreprocessor::setInput:
	1 trials
	total = 0 s
	mean  = 0 s
	var   = 0 s^2, std = 0 s
	min   = 0 s
	max   = 0 s

PrintJobPreprocessor::runInternal:
	1 trials
	total = 2.59415 s
	mean  = 2.59415 s
	var   = 0 s^2, std = 0 s
	min   = 2.59415 s
	max   = 2.59415 s

PrintJobVoxelizer::setInput:
	16 trials
	total = 0 s
	mean  = 0 s
	var   = 0 s^2, std = 0 s
	min   = 0 s
	max   = 0 s

PrintJobVoxelizer::runInternal:
	16 trials
	total = 123.742 s
	mean  = 7.73385 s
	var   = 1.20711 s^2, std = 1.09869 s
	min   = 4.03158 s
	max   = 9.0007 s

PrintJobVoxelizer::rasterizeObjects:
	16 trials
	total = 29.5024 s
	mean  = 1.8439 s
	var   = 0.322844 s^2, std = 0.568193 s
	min   = 0.562513 s
	max   = 2.50017 s

PrintJobVoxelizer::voxelizeObjects:
	16 trials
	total = 90.8511 s
	mean  = 5.6782 s
	var   = 0.443451 s^2, std = 0.665921 s
	min   = 3.35968 s
	max   = 6.32867 s

PrintJobVoxelizer::finalizeSurfaces:
	16 trials
	total = 0.948727 s
	mean  = 0.0592954 s
	var   = 9.54461e-005 s^2, std = 0.00976965 s
	min   = 0.031222 s
	max   = 0.073885 s

TonalValueCalculator::setInput:
	16 trials
	total = 0 s
	mean  = 0 s
	var   = 0 s^2, std = 0 s
	min   = 0 s
	max   = 0 s

TonalValueCalculator::runInternal:
	16 trials
	total = 0.645795 s
	mean  = 0.0403622 s
	var   = 0.000265873 s^2, std = 0.0163056 s
	min   = 0 s
	max   = 0.062504 s

SurfaceDistanceOrderedTransfer::setInput:
	16 trials
	total = 0 s
	mean  = 0 s
	var   = 0 s^2, std = 0 s
	min   = 0 s
	max   = 0 s

SurfaceDistanceOrderedTransfer::runInternal:
	16 trials
	total = 55.708 s
	mean  = 3.48175 s
	var   = 0.30479 s^2, std = 0.552078 s
	min   = 1.57825 s
	max   = 3.96907 s

SurfaceDistanceOrderedTransfer::buildOrderedSurfaceData:
	16 trials
	total = 0.983175 s
	mean  = 0.0614484 s
	var   = 0.00724397 s^2, std = 0.0851115 s
	min   = 0 s
	max   = 0.375058 s

SurfaceDistanceOrderedTransfer::fillDistanceChannel:
	16 trials
	total = 3.23931 s
	mean  = 0.202457 s
	var   = 0.00125469 s^2, std = 0.0354216 s
	min   = 0.078126 s
	max   = 0.234426 s

SurfaceDistanceOrderedTransfer::transfer:
	16 trials
	total = 50.0466 s
	mean  = 3.12791 s
	var   = 0.338115 s^2, std = 0.581477 s
	min   = 1.09382 s
	max   = 3.60967 s

SurfaceDistanceOrderedTransfer::mergeDistances:
	48 trials
	total = 4.32849 s
	mean  = 0.0901768 s
	var   = 0.000241409 s^2, std = 0.0155373 s
	min   = 0.031253 s
	max   = 0.109384 s

SurfaceDistanceOrderedTransfer::applySqrt:
	16 trials
	total = 1.43767 s
	mean  = 0.0898541 s
	var   = 0.000244219 s^2, std = 0.0156275 s
	min   = 0.031251 s
	max   = 0.093788 s

LayerExtractor::setInput:
	16 trials
	total = 0 s
	mean  = 0 s
	var   = 0 s^2, std = 0 s
	min   = 0 s
	max   = 0 s

LayerExtractor::runInternal:
	16 trials
	total = 19.4741 s
	mean  = 1.21713 s
	var   = 0.21314 s^2, std = 0.461671 s
	min   = 0.187516 s
	max   = 1.68764 s

VectorLayerHalftoner::setInput:
	16 trials
	total = 0.03227 s
	mean  = 0.00201687 s
	var   = 2.83176e-005 s^2, std = 0.00532142 s
	min   = 0 s
	max   = 0.015641 s

VectorLayerHalftoner::runInternal:
	16 trials
	total = 164.423 s
	mean  = 10.2764 s
	var   = 18.9055 s^2, std = 4.34804 s
	min   = 1.15634 s
	max   = 15.9545 s

VectorLayerHalftoner(0)::setupOutputContainerSlaveReporter::serializeSlice:
	777 trials
	total = 398.036 s
	mean  = 0.512273 s
	var   = 0.123266 s^2, std = 0.351093 s
	min   = 0.395726 s
	max   = 5.17229 s

SlaveReporter::Send:
	22 trials
	total = 0 s
	mean  = 0 s
	var   = 0 s^2, std = 0 s
	min   = 0 s
	max   = 0 s

