SlavePrintingSoftware::startUp:
	1 trials
	total = 0.390672 s
	mean  = 0.390672 s
	var   = 0 s^2, std = 0 s
	min   = 0.390672 s
	max   = 0.390672 s

PrintingSoftware::execute:
	1 trials
	total = 154.104 s
	mean  = 154.104 s
	var   = 0 s^2, std = 0 s
	min   = 154.104 s
	max   = 154.104 s

DistributedComputingInitiator::Receive:
	1 trials
	total = 7.97448 s
	mean  = 7.97448 s
	var   = 0 s^2, std = 0 s
	min   = 7.97448 s
	max   = 7.97448 s

FileParserPJ::setInput:
	1 trials
	total = 0 s
	mean  = 0 s
	var   = 0 s^2, std = 0 s
	min   = 0 s
	max   = 0 s

FileParserPJ::runInternal:
	1 trials
	total = 3.50113 s
	mean  = 3.50113 s
	var   = 0 s^2, std = 0 s
	min   = 3.50113 s
	max   = 3.50113 s

PrintJobOrganizer::setInput:
	1 trials
	total = 0 s
	mean  = 0 s
	var   = 0 s^2, std = 0 s
	min   = 0 s
	max   = 0 s

PrintJobOrganizer::runInternal:
	1 trials
	total = 0.296936 s
	mean  = 0.296936 s
	var   = 0 s^2, std = 0 s
	min   = 0.296936 s
	max   = 0.296936 s

PrintJobPreprocessor::setInput:
	1 trials
	total = 0 s
	mean  = 0 s
	var   = 0 s^2, std = 0 s
	min   = 0 s
	max   = 0 s

PrintJobPreprocessor::runInternal:
	1 trials
	total = 0.875063 s
	mean  = 0.875063 s
	var   = 0 s^2, std = 0 s
	min   = 0.875063 s
	max   = 0.875063 s

PrintJobVoxelizer::setInput:
	16 trials
	total = 0 s
	mean  = 0 s
	var   = 0 s^2, std = 0 s
	min   = 0 s
	max   = 0 s

PrintJobVoxelizer::runInternal:
	16 trials
	total = 28.9786 s
	mean  = 1.81116 s
	var   = 0.107009 s^2, std = 0.327122 s
	min   = 0.84384 s
	max   = 2.20336 s

PrintJobVoxelizer::rasterizeObjects:
	16 trials
	total = 10.4429 s
	mean  = 0.652684 s
	var   = 0.0342553 s^2, std = 0.185082 s
	min   = 0.234401 s
	max   = 0.906356 s

PrintJobVoxelizer::voxelizeObjects:
	16 trials
	total = 17.2542 s
	mean  = 1.07839 s
	var   = 0.0227966 s^2, std = 0.150985 s
	min   = 0.56256 s
	max   = 1.23451 s

PrintJobVoxelizer::finalizeSurfaces:
	16 trials
	total = 0.43755 s
	mean  = 0.0273469 s
	var   = 4.88397e-005 s^2, std = 0.00698854 s
	min   = 0.015626 s
	max   = 0.031273 s

TonalValueCalculator::setInput:
	16 trials
	total = 0 s
	mean  = 0 s
	var   = 0 s^2, std = 0 s
	min   = 0 s
	max   = 0 s

TonalValueCalculator::runInternal:
	16 trials
	total = 0.218741 s
	mean  = 0.0136713 s
	var   = 9.35974e-005 s^2, std = 0.00967458 s
	min   = 0 s
	max   = 0.031253 s

SurfaceDistanceOrderedTransfer::setInput:
	16 trials
	total = 0 s
	mean  = 0 s
	var   = 0 s^2, std = 0 s
	min   = 0 s
	max   = 0 s

SurfaceDistanceOrderedTransfer::runInternal:
	16 trials
	total = 7.53213 s
	mean  = 0.470758 s
	var   = 0.00351256 s^2, std = 0.0592668 s
	min   = 0.281279 s
	max   = 0.531306 s

SurfaceDistanceOrderedTransfer::buildOrderedSurfaceData:
	16 trials
	total = 0.296933 s
	mean  = 0.0185583 s
	var   = 0.000853657 s^2, std = 0.0292174 s
	min   = 0 s
	max   = 0.125014 s

SurfaceDistanceOrderedTransfer::fillDistanceChannel:
	16 trials
	total = 0.546975 s
	mean  = 0.0341859 s
	var   = 7.22276e-005 s^2, std = 0.00849868 s
	min   = 0.015626 s
	max   = 0.046882 s

SurfaceDistanceOrderedTransfer::transfer:
	16 trials
	total = 5.23486 s
	mean  = 0.327179 s
	var   = 0.00405237 s^2, std = 0.0636582 s
	min   = 0.109387 s
	max   = 0.390667 s

SurfaceDistanceOrderedTransfer::mergeDistances:
	16 trials
	total = 0 s
	mean  = 0 s
	var   = 0 s^2, std = 0 s
	min   = 0 s
	max   = 0 s

SurfaceDistanceOrderedTransfer::applySqrt:
	16 trials
	total = 1.43774 s
	mean  = 0.0898586 s
	var   = 0.000244248 s^2, std = 0.0156284 s
	min   = 0.031252 s
	max   = 0.09379 s

LayerExtractor::setInput:
	16 trials
	total = 0 s
	mean  = 0 s
	var   = 0 s^2, std = 0 s
	min   = 0 s
	max   = 0 s

LayerExtractor::runInternal:
	16 trials
	total = 5.95381 s
	mean  = 0.372113 s
	var   = 0.0185976 s^2, std = 0.136373 s
	min   = 0.062507 s
	max   = 0.515681 s

VectorLayerHalftoner::setInput:
	16 trials
	total = 0 s
	mean  = 0 s
	var   = 0 s^2, std = 0 s
	min   = 0 s
	max   = 0 s

VectorLayerHalftoner::runInternal:
	16 trials
	total = 37.5828 s
	mean  = 2.34892 s
	var   = 0.59888 s^2, std = 0.773874 s
	min   = 0.390697 s
	max   = 3.24773 s

VectorLayerHalftoner(0)::setupOutputContainerSlaveReporter::serializeSlice:
	777 trials
	total = 142.219 s
	mean  = 0.183036 s
	var   = 0.0104635 s^2, std = 0.102291 s
	min   = 0.123034 s
	max   = 1.172 s

SlaveReporter::Send:
	22 trials
	total = 0 s
	mean  = 0 s
	var   = 0 s^2, std = 0 s
	min   = 0 s
	max   = 0 s

