SlavePrintingSoftware::startUp:
	1 trials
	total = 0.283492 s
	mean  = 0.283492 s
	var   = 0 s^2, std = 0 s
	min   = 0.283492 s
	max   = 0.283492 s

PrintingSoftware::execute:
	1 trials
	total = 283.892 s
	mean  = 283.892 s
	var   = 0 s^2, std = 0 s
	min   = 283.892 s
	max   = 283.892 s

SlavePrintingSoftware::communicateData:
	7 trials
	total = 0.032497 s
	mean  = 0.00464243 s
	var   = 0.000138286 s^2, std = 0.0117595 s
	min   = 0 s
	max   = 0.031291 s

SlavePJCollector::deserialize:
	4 trials
	total = 0.062506 s
	mean  = 0.0156265 s
	var   = 0.000325583 s^2, std = 0.0180439 s
	min   = 0 s
	max   = 0.031254 s

SlavePJCollector::Receive:
	15 trials
	total = 29.4875 s
	mean  = 1.96583 s
	var   = 43.9522 s^2, std = 6.62964 s
	min   = 0 s
	max   = 25.8505 s

PrintJobOrganizer::setInput:
	1 trials
	total = 0 s
	mean  = 0 s
	var   = 0 s^2, std = 0 s
	min   = 0 s
	max   = 0 s

PrintJobOrganizer::runInternal:
	1 trials
	total = 0.281173 s
	mean  = 0.281173 s
	var   = 0 s^2, std = 0 s
	min   = 0.281173 s
	max   = 0.281173 s

PrintJobPreprocessor::setInput:
	1 trials
	total = 0 s
	mean  = 0 s
	var   = 0 s^2, std = 0 s
	min   = 0 s
	max   = 0 s

PrintJobPreprocessor::runInternal:
	1 trials
	total = 0.921952 s
	mean  = 0.921952 s
	var   = 0 s^2, std = 0 s
	min   = 0.921952 s
	max   = 0.921952 s

PrintJobVoxelizer::setInput:
	16 trials
	total = 0 s
	mean  = 0 s
	var   = 0 s^2, std = 0 s
	min   = 0 s
	max   = 0 s

PrintJobVoxelizer::runInternal:
	16 trials
	total = 82.8735 s
	mean  = 5.1796 s
	var   = 1.83577 s^2, std = 1.35491 s
	min   = 1.78776 s
	max   = 6.48492 s

PrintJobVoxelizer::rasterizeObjects:
	16 trials
	total = 17.4413 s
	mean  = 1.09008 s
	var   = 0.145971 s^2, std = 0.382061 s
	min   = 0.359405 s
	max   = 1.73452 s

PrintJobVoxelizer::voxelizeObjects:
	16 trials
	total = 62.9676 s
	mean  = 3.93548 s
	var   = 1.10495 s^2, std = 1.05117 s
	min   = 1.34183 s
	max   = 4.89306 s

PrintJobVoxelizer::finalizeSurfaces:
	16 trials
	total = 0.774379 s
	mean  = 0.0483987 s
	var   = 0.000142419 s^2, std = 0.0119339 s
	min   = 0.022058 s
	max   = 0.062507 s

TonalValueCalculator::setInput:
	16 trials
	total = 0 s
	mean  = 0 s
	var   = 0 s^2, std = 0 s
	min   = 0 s
	max   = 0 s

TonalValueCalculator::runInternal:
	16 trials
	total = 0.426197 s
	mean  = 0.0266373 s
	var   = 0.000262297 s^2, std = 0.0161956 s
	min   = 0 s
	max   = 0.046879 s

SurfaceDistanceOrderedTransfer::setInput:
	16 trials
	total = 0 s
	mean  = 0 s
	var   = 0 s^2, std = 0 s
	min   = 0 s
	max   = 0 s

SurfaceDistanceOrderedTransfer::runInternal:
	16 trials
	total = 41.8372 s
	mean  = 2.61483 s
	var   = 0.148702 s^2, std = 0.385619 s
	min   = 1.26573 s
	max   = 2.9287 s

SurfaceDistanceOrderedTransfer::buildOrderedSurfaceData:
	16 trials
	total = 0.732248 s
	mean  = 0.0457655 s
	var   = 0.00524428 s^2, std = 0.0724174 s
	min   = 0 s
	max   = 0.312556 s

SurfaceDistanceOrderedTransfer::fillDistanceChannel:
	16 trials
	total = 2.4141 s
	mean  = 0.150881 s
	var   = 0.000583475 s^2, std = 0.0241552 s
	min   = 0.078135 s
	max   = 0.188529 s

SurfaceDistanceOrderedTransfer::transfer:
	16 trials
	total = 37.6449 s
	mean  = 2.35281 s
	var   = 0.182845 s^2, std = 0.427604 s
	min   = 0.843787 s
	max   = 2.6511 s

SurfaceDistanceOrderedTransfer::mergeDistances:
	48 trials
	total = 3.95506 s
	mean  = 0.0823971 s
	var   = 0.000346153 s^2, std = 0.0186052 s
	min   = 0.031253 s
	max   = 0.09376 s

SurfaceDistanceOrderedTransfer::applySqrt:
	16 trials
	total = 1.0444 s
	mean  = 0.0652749 s
	var   = 0.00120307 s^2, std = 0.0346853 s
	min   = 0.013034 s
	max   = 0.093789 s

LayerExtractor::setInput:
	16 trials
	total = 0 s
	mean  = 0 s
	var   = 0 s^2, std = 0 s
	min   = 0 s
	max   = 0 s

LayerExtractor::runInternal:
	16 trials
	total = 12.5012 s
	mean  = 0.781327 s
	var   = 0.0934168 s^2, std = 0.305642 s
	min   = 0.156294 s
	max   = 1.1934 s

VectorLayerHalftoner::setInput:
	16 trials
	total = 0.00533 s
	mean  = 0.000333125 s
	var   = 2.63434e-007 s^2, std = 0.000513258 s
	min   = 0 s
	max   = 0.001236 s

VectorLayerHalftoner::runInternal:
	16 trials
	total = 102.931 s
	mean  = 6.43318 s
	var   = 11.5325 s^2, std = 3.39596 s
	min   = 1.04696 s
	max   = 11.5379 s

VectorLayerHalftoner(0)::setupOutputContainerSlaveReporter::serializeSlice:
	777 trials
	total = 3.29614 s
	mean  = 0.00424214 s
	var   = 5.76228e-005 s^2, std = 0.00759097 s
	min   = 0 s
	max   = 0.062474 s

SlaveReporter::Send:
	2351 trials
	total = 0.633907 s
	mean  = 0.000269633 s
	var   = 4.08562e-006 s^2, std = 0.00202129 s
	min   = 0 s
	max   = 0.015666 s

SlaveReporter::CompressData:
	777 trials
	total = 6.18093 s
	mean  = 0.00795486 s
	var   = 5.87815e-005 s^2, std = 0.00766691 s
	min   = 0 s
	max   = 0.021737 s

