Warning:json file inside profile could not be parsed 

GL version: 4.4.0

Warning: there is no json file embedded inside profile 

FileParserPJ: initializing
PrintJobOrganizer: initializing
MasterPJDistributor: initializing
MasterMerger: initializing
SliceDebugger: initializing
FileParserPJ:  runs 13:41:30

FileParserPJ: loading OBJ file

244921 vertices
489840 faces

FileParserPJ: 245383 texture coordinates

FileParserPJ: 245383 vertices after duplication

FileParserPJ: //filer-igd2.igd.fraunhofer.de/igd-3dt/shared/3DModels/Head/HeadMTL/Head_Level3.obj parsed: 245383 vertices and 489840 faces

FileParserPJ: loading jpg file

FileParserPJ: loading OBJ file

9992 vertices
18312 faces

FileParserPJ: 9437 texture coordinates

FileParserPJ: //filer-igd2.igd.fraunhofer.de/igd-3dt/shared/3DModels/Dame/Dame.obj parsed: 9992 vertices and 18312 faces

FileParserPJ: loading jpg file

FileParserPJ: loading OBJ file

244921 vertices
489840 faces

FileParserPJ: 245383 texture coordinates

FileParserPJ: 245383 vertices after duplication

FileParserPJ: //filer-igd2.igd.fraunhofer.de/igd-3dt/shared/3DModels/Head/HeadMTL/Head_Level3.obj parsed: 245383 vertices and 489840 faces

FileParserPJ: loading jpg file

FileParserPJ: loading OBJ file

9992 vertices
18312 faces

FileParserPJ: 9437 texture coordinates

FileParserPJ: //filer-igd2.igd.fraunhofer.de/igd-3dt/shared/3DModels/Dame/Dame.obj parsed: 9992 vertices and 18312 faces

FileParserPJ: loading jpg file

FileParserPJ: loading OBJ file

244921 vertices
489840 faces

FileParserPJ: 245383 texture coordinates

FileParserPJ: 245383 vertices after duplication

FileParserPJ: //filer-igd2.igd.fraunhofer.de/igd-3dt/shared/3DModels/Head/HeadMTL/Head_Level3.obj parsed: 245383 vertices and 489840 faces

FileParserPJ: loading jpg file

FileParserPJ: loading OBJ file

9992 vertices
18312 faces

FileParserPJ: 9437 texture coordinates

FileParserPJ: //filer-igd2.igd.fraunhofer.de/igd-3dt/shared/3DModels/Dame/Dame.obj parsed: 9992 vertices and 18312 faces

FileParserPJ: loading jpg file

FileParserPJ: loading OBJ file

244921 vertices
489840 faces

FileParserPJ: 245383 texture coordinates

FileParserPJ: 245383 vertices after duplication

FileParserPJ: //filer-igd2.igd.fraunhofer.de/igd-3dt/shared/3DModels/Head/HeadMTL/Head_Level3.obj parsed: 245383 vertices and 489840 faces

FileParserPJ: loading jpg file

FileParserPJ: loading OBJ file

9992 vertices
18312 faces

FileParserPJ: 9437 texture coordinates

FileParserPJ: //filer-igd2.igd.fraunhofer.de/igd-3dt/shared/3DModels/Dame/Dame.obj parsed: 9992 vertices and 18312 faces

FileParserPJ: loading jpg file

FileParserPJ: loading OBJ file

244921 vertices
489840 faces

FileParserPJ: 245383 texture coordinates

FileParserPJ: 245383 vertices after duplication

FileParserPJ: //filer-igd2.igd.fraunhofer.de/igd-3dt/shared/3DModels/Head/HeadMTL/Head_Level3.obj parsed: 245383 vertices and 489840 faces

FileParserPJ: loading jpg file

FileParserPJ: loading OBJ file

9992 vertices
18312 faces

FileParserPJ: 9437 texture coordinates

FileParserPJ: //filer-igd2.igd.fraunhofer.de/igd-3dt/shared/3DModels/Dame/Dame.obj parsed: 9992 vertices and 18312 faces

FileParserPJ: loading jpg file

FileParserPJ: Input files parsed

PrintJobOrganizer:  runs 13:41:49

centering objects at origin
optimizing rotation for height
scaling objects
optimizing rotation for support use
PrintJobOrganizer: support cost         = 25.4851
support cost flipped = 22.9004

PrintJobOrganizer: support cost         = 10.7798
support cost flipped = 10.8551

PrintJobOrganizer: support cost         = 25.4851
support cost flipped = 22.9004

PrintJobOrganizer: support cost         = 10.7798
support cost flipped = 10.8551

PrintJobOrganizer: support cost         = 25.4851
support cost flipped = 22.9004

PrintJobOrganizer: support cost         = 10.7798
support cost flipped = 10.8551

PrintJobOrganizer: support cost         = 25.4851
support cost flipped = 22.9004

PrintJobOrganizer: support cost         = 10.7798
support cost flipped = 10.8551

PrintJobOrganizer: support cost         = 25.4851
support cost flipped = 22.9004

PrintJobOrganizer: support cost         = 10.7798
support cost flipped = 10.8551

arranging objects in 2D
validating object placement
PrintJobOrganizer: print object 1 print-space bounding box: (0.00211667, 0.00423333, 0.00135106), (8.00212, 5.12195, 4.19435)
PrintJobOrganizer: print object 2 print-space bounding box: (0.00211667, 5.32195, 0.00135106), (8.00212, 8.58807, 3.26645)
PrintJobOrganizer: print object 3 print-space bounding box: (0.00211667, 8.78807, 0.00135106), (8.00212, 13.9058, 4.19435)
PrintJobOrganizer: print object 4 print-space bounding box: (0.00211667, 14.1058, 0.00135106), (8.00212, 17.3719, 3.26645)
PrintJobOrganizer: print object 5 print-space bounding box: (0.00211667, 17.5719, 0.00135106), (8.00212, 22.6896, 4.19435)
PrintJobOrganizer: print object 6 print-space bounding box: (0.00211667, 22.8896, 0.00135106), (8.00212, 26.1557, 3.26645)
PrintJobOrganizer: print object 7 print-space bounding box: (0.00211667, 26.3557, 0.00135106), (8.00212, 31.4735, 4.19435)
PrintJobOrganizer: print object 8 print-space bounding box: (0.00211667, 31.6735, 0.00135106), (8.00212, 34.9396, 3.26645)
PrintJobOrganizer: print object 9 print-space bounding box: (8.20212, 0.00423333, 0.00135106), (16.2021, 5.12195, 4.19435)
PrintJobOrganizer: print object 10 print-space bounding box: (0.00211667, 35.1396, 0.00135106), (8.00212, 38.4057, 3.26645)
saving transforms to file
MasterPJDistributor:  runs 13:41:51

MasterPJDistributor::runInternal
MasterMerger:  runs 13:42:7

MasterMerger::runInternal
MasterMerger: metadata for thread : 1

MasterMerger: received height : 617

MasterMerger: received width : 946

MasterMerger: received num of slices : 777

MasterMerger: received chunk size : 10

MasterMerger: received path : 

MasterMerger: metadata for thread : 2

MasterMerger: received height : 712

MasterMerger: received width : 946

MasterMerger: received num of slices : 777

MasterMerger: received chunk size : 10

MasterMerger: received path : 

MasterMerger: metadata for thread : 3

MasterMerger: received height : 712

MasterMerger: received width : 946

MasterMerger: received num of slices : 777

MasterMerger: received chunk size : 10

MasterMerger: received path : 

MasterMerger: metadata for thread : 4

MasterMerger: received height : 508

MasterMerger: received width : 946

MasterMerger: received num of slices : 777

MasterMerger: received chunk size : 10

MasterMerger: received path : 

MasterMerger: Print Volume x:  5905.51

MasterMerger: Print Volume y:  2362.2

MasterMerger: Node id:  1

MasterMerger: Offset x : 0

MasterMerger: Offset y : 0

MasterMerger: Node id:  2

MasterMerger: Offset x : 0

MasterMerger: Offset y : 628.811

MasterMerger: Node id:  3

MasterMerger: Offset x : 0

MasterMerger: Offset y : 1352.62

MasterMerger: Node id:  4

MasterMerger: Offset x : 969.622

MasterMerger: Offset y : 0

MasterMerger: Added height is:617after adding height of slave 1

MasterMerger: Added height is:1329after adding height of slave 2

MasterMerger: Added height is:2041after adding height of slave 3

MasterMerger: Added height is:2549after adding height of slave 4

MasterMerger: Max height reached after adding slave 4 so first list index is 3

MasterMerger: m_fullSliceHt : 2362

MasterMerger: Sum of heights has crossed the print bed height

MasterMerger: Start Index0

MasterMerger: End Index3

MasterMerger: Maximum Current Width is0

MasterMerger: Maximum Current Width is946

MasterMerger: Maximum Current Width is946

MasterMerger: Total current width946

MasterMerger: Start Index3

MasterMerger: End Index4

MasterMerger: Maximum Current Width is0

MasterMerger: Total current width1892

MasterMerger: m_fullSliceWidth : 1940

MasterMerger: m_numSlices : 777

MasterMerger: m_chunkSize : 10

SliceDebugger:  runs 13:42:20
slices [0, 10):
	channel 0: material (dense)

MasterMerger:  runs 13:42:21

SliceDebugger:  runs 13:42:40
slices [10, 20):
	channel 0: material (dense)

MasterMerger:  runs 13:42:40

SliceDebugger:  runs 13:43:2
slices [20, 30):
	channel 0: material (dense)

MasterMerger:  runs 13:43:2

SliceDebugger:  runs 13:43:26
slices [30, 40):
	channel 0: material (dense)

MasterMerger:  runs 13:43:27

SliceDebugger:  runs 13:43:57
slices [40, 50):
	channel 0: material (dense)

MasterMerger:  runs 13:43:58

SliceDebugger:  runs 13:44:29
slices [50, 60):
	channel 0: material (dense)

MasterMerger:  runs 13:44:30

SliceDebugger:  runs 13:45:2
slices [60, 70):
	channel 0: material (dense)

MasterMerger:  runs 13:45:3

SliceDebugger:  runs 13:45:35
slices [70, 80):
	channel 0: material (dense)

MasterMerger:  runs 13:45:36

SliceDebugger:  runs 13:46:8
slices [80, 90):
	channel 0: material (dense)

MasterMerger:  runs 13:46:9

SliceDebugger:  runs 13:46:34
slices [90, 100):
	channel 0: material (dense)

MasterMerger:  runs 13:46:35

SliceDebugger:  runs 13:46:57
slices [100, 110):
	channel 0: material (dense)

MasterMerger:  runs 13:46:58

SliceDebugger:  runs 13:47:20
slices [110, 120):
	channel 0: material (dense)

MasterMerger:  runs 13:47:21

SliceDebugger:  runs 13:47:41
slices [120, 130):
	channel 0: material (dense)

MasterMerger:  runs 13:47:42

SliceDebugger:  runs 13:47:58
slices [130, 140):
	channel 0: material (dense)

MasterMerger:  runs 13:47:59

SliceDebugger:  runs 13:48:12
slices [140, 150):
	channel 0: material (dense)

MasterMerger:  runs 13:48:13

SliceDebugger:  runs 13:48:23
slices [150, 160):
	channel 0: material (dense)

MasterMerger:  runs 13:48:24

SliceDebugger:  runs 13:48:24
slices [160, 170):
	channel 0: material (dense)

MasterMerger:  runs 13:48:25

SliceDebugger:  runs 13:48:25
slices [170, 180):
	channel 0: material (dense)

MasterMerger:  runs 13:48:26

SliceDebugger:  runs 13:48:26
slices [180, 190):
	channel 0: material (dense)

MasterMerger:  runs 13:48:27

SliceDebugger:  runs 13:48:27
slices [190, 200):
	channel 0: material (dense)

MasterMerger:  runs 13:48:28

SliceDebugger:  runs 13:48:28
slices [200, 210):
	channel 0: material (dense)

MasterMerger:  runs 13:48:28

SliceDebugger:  runs 13:48:29
slices [210, 220):
	channel 0: material (dense)

MasterMerger:  runs 13:48:29

SliceDebugger:  runs 13:48:29
slices [220, 230):
	channel 0: material (dense)

MasterMerger:  runs 13:48:30

SliceDebugger:  runs 13:48:30
slices [230, 240):
	channel 0: material (dense)

MasterMerger:  runs 13:48:31

SliceDebugger:  runs 13:48:31
slices [240, 250):
	channel 0: material (dense)

MasterMerger:  runs 13:48:32

SliceDebugger:  runs 13:48:32
slices [250, 260):
	channel 0: material (dense)

MasterMerger:  runs 13:48:33

SliceDebugger:  runs 13:48:33
slices [260, 270):
	channel 0: material (dense)

MasterMerger:  runs 13:48:34

SliceDebugger:  runs 13:48:34
slices [270, 280):
	channel 0: material (dense)

MasterMerger:  runs 13:48:35

SliceDebugger:  runs 13:48:35
slices [280, 290):
	channel 0: material (dense)

MasterMerger:  runs 13:48:36

SliceDebugger:  runs 13:48:36
slices [290, 300):
	channel 0: material (dense)

MasterMerger:  runs 13:48:36

SliceDebugger:  runs 13:48:36
slices [300, 310):
	channel 0: material (dense)

MasterMerger:  runs 13:48:37

SliceDebugger:  runs 13:48:37
slices [310, 320):
	channel 0: material (dense)

MasterMerger:  runs 13:48:38

SliceDebugger:  runs 13:48:38
slices [320, 330):
	channel 0: material (dense)

MasterMerger:  runs 13:48:39

SliceDebugger:  runs 13:48:39
slices [330, 340):
	channel 0: material (dense)

MasterMerger:  runs 13:48:40

SliceDebugger:  runs 13:48:40
slices [340, 350):
	channel 0: material (dense)

MasterMerger:  runs 13:48:41

SliceDebugger:  runs 13:48:41
slices [350, 360):
	channel 0: material (dense)

MasterMerger:  runs 13:48:41

SliceDebugger:  runs 13:48:42
slices [360, 370):
	channel 0: material (dense)

MasterMerger:  runs 13:48:42

SliceDebugger:  runs 13:48:42
slices [370, 380):
	channel 0: material (dense)

MasterMerger:  runs 13:48:43

SliceDebugger:  runs 13:48:43
slices [380, 390):
	channel 0: material (dense)

MasterMerger:  runs 13:48:44

SliceDebugger:  runs 13:48:44
slices [390, 400):
	channel 0: material (dense)

MasterMerger:  runs 13:48:45

SliceDebugger:  runs 13:48:45
slices [400, 410):
	channel 0: material (dense)

MasterMerger:  runs 13:48:46

SliceDebugger:  runs 13:48:46
slices [410, 420):
	channel 0: material (dense)

MasterMerger:  runs 13:48:47

SliceDebugger:  runs 13:48:47
slices [420, 430):
	channel 0: material (dense)

MasterMerger:  runs 13:48:47

SliceDebugger:  runs 13:48:47
slices [430, 440):
	channel 0: material (dense)

MasterMerger:  runs 13:48:48

SliceDebugger:  runs 13:48:48
slices [440, 450):
	channel 0: material (dense)

MasterMerger:  runs 13:48:49

SliceDebugger:  runs 13:48:49
slices [450, 460):
	channel 0: material (dense)

MasterMerger:  runs 13:48:50

SliceDebugger:  runs 13:48:50
slices [460, 470):
	channel 0: material (dense)

MasterMerger:  runs 13:48:51

SliceDebugger:  runs 13:48:51
slices [470, 480):
	channel 0: material (dense)

MasterMerger:  runs 13:48:52

SliceDebugger:  runs 13:48:52
slices [480, 490):
	channel 0: material (dense)

MasterMerger:  runs 13:48:52

SliceDebugger:  runs 13:48:52
slices [490, 500):
	channel 0: material (dense)

MasterMerger:  runs 13:48:53

SliceDebugger:  runs 13:48:53
slices [500, 510):
	channel 0: material (dense)

MasterMerger:  runs 13:48:54

SliceDebugger:  runs 13:48:54
slices [510, 520):
	channel 0: material (dense)

MasterMerger:  runs 13:48:55

SliceDebugger:  runs 13:48:55
slices [520, 530):
	channel 0: material (dense)

MasterMerger:  runs 13:48:56

SliceDebugger:  runs 13:48:56
slices [530, 540):
	channel 0: material (dense)

MasterMerger:  runs 13:48:56

SliceDebugger:  runs 13:48:57
slices [540, 550):
	channel 0: material (dense)

MasterMerger:  runs 13:48:57

SliceDebugger:  runs 13:48:57
slices [550, 560):
	channel 0: material (dense)

MasterMerger:  runs 13:48:58

SliceDebugger:  runs 13:48:58
slices [560, 570):
	channel 0: material (dense)

MasterMerger:  runs 13:48:59

SliceDebugger:  runs 13:48:59
slices [570, 580):
	channel 0: material (dense)

MasterMerger:  runs 13:49:0

SliceDebugger:  runs 13:49:0
slices [580, 590):
	channel 0: material (dense)

MasterMerger:  runs 13:49:1

SliceDebugger:  runs 13:49:1
slices [590, 600):
	channel 0: material (dense)

MasterMerger:  runs 13:49:1

SliceDebugger:  runs 13:49:1
slices [600, 610):
	channel 0: material (dense)

MasterMerger:  runs 13:49:2

SliceDebugger:  runs 13:49:2
slices [610, 620):
	channel 0: material (dense)

MasterMerger:  runs 13:49:3

SliceDebugger:  runs 13:49:3
slices [620, 630):
	channel 0: material (dense)

MasterMerger:  runs 13:49:4

SliceDebugger:  runs 13:49:4
slices [630, 640):
	channel 0: material (dense)

MasterMerger:  runs 13:49:5

SliceDebugger:  runs 13:49:5
slices [640, 650):
	channel 0: material (dense)

MasterMerger:  runs 13:49:6

SliceDebugger:  runs 13:49:6
slices [650, 660):
	channel 0: material (dense)

MasterMerger:  runs 13:49:6

SliceDebugger:  runs 13:49:6
slices [660, 670):
	channel 0: material (dense)

MasterMerger:  runs 13:49:7

SliceDebugger:  runs 13:49:7
slices [670, 680):
	channel 0: material (dense)

MasterMerger:  runs 13:49:8

SliceDebugger:  runs 13:49:8
slices [680, 690):
	channel 0: material (dense)

MasterMerger:  runs 13:49:9

SliceDebugger:  runs 13:49:9
slices [690, 700):
	channel 0: material (dense)

MasterMerger:  runs 13:49:10

SliceDebugger:  runs 13:49:10
slices [700, 710):
	channel 0: material (dense)

MasterMerger:  runs 13:49:10

SliceDebugger:  runs 13:49:10
slices [710, 720):
	channel 0: material (dense)

MasterMerger:  runs 13:49:11

SliceDebugger:  runs 13:49:11
slices [720, 730):
	channel 0: material (dense)

MasterMerger:  runs 13:49:12

SliceDebugger:  runs 13:49:12
slices [730, 740):
	channel 0: material (dense)

MasterMerger:  runs 13:49:13

SliceDebugger:  runs 13:49:13
slices [740, 750):
	channel 0: material (dense)

MasterMerger:  runs 13:49:13

SliceDebugger:  runs 13:49:14
slices [750, 760):
	channel 0: material (dense)

MasterMerger:  runs 13:49:14

SliceDebugger:  runs 13:49:14
slices [760, 770):
	channel 0: material (dense)

MasterMerger:  runs 13:49:15

SliceDebugger:  runs 13:49:15
slices [770, 777):
	channel 0: material (dense)

Computation finished 

Status: success
PrintingSoftware::execute:
	1 trials
	total = 465.301 s
	mean  = 465.301 s
	var   = 0 s^2, std = 0 s
	min   = 465.301 s
	max   = 465.301 s

MasterPrintingSoftware::startUp:
	1 trials
	total = 0.454063 s
	mean  = 0.454063 s
	var   = 0 s^2, std = 0 s
	min   = 0.454063 s
	max   = 0.454063 s

MasterPrintingSoftware::Send:
	28 trials
	total = 0.014093 s
	mean  = 0.000503321 s
	var   = 8.6321e-007 s^2, std = 0.000929091 s
	min   = 0 s
	max   = 0.003025 s

FileParserPJ::setInput:
	1 trials
	total = 0 s
	mean  = 0 s
	var   = 0 s^2, std = 0 s
	min   = 0 s
	max   = 0 s

FileParserPJ::runInternal:
	1 trials
	total = 19.1735 s
	mean  = 19.1735 s
	var   = 0 s^2, std = 0 s
	min   = 19.1735 s
	max   = 19.1735 s

PrintJobOrganizer::setInput:
	1 trials
	total = 0.009006 s
	mean  = 0.009006 s
	var   = 0 s^2, std = 0 s
	min   = 0.009006 s
	max   = 0.009006 s

PrintJobOrganizer::runInternal:
	1 trials
	total = 1.01311 s
	mean  = 1.01311 s
	var   = 0 s^2, std = 0 s
	min   = 1.01311 s
	max   = 1.01311 s

MasterPJDistributor::serializeImgData:
	10 trials
	total = 0.519352 s
	mean  = 0.0519352 s
	var   = 0.00178639 s^2, std = 0.0422657 s
	min   = 0.00999 s
	max   = 0.105075 s

MasterPJDistributor::serializePJ:
	4 trials
	total = 0.468333 s
	mean  = 0.117083 s
	var   = 0.00237216 s^2, std = 0.0487048 s
	min   = 0.092066 s
	max   = 0.190137 s

MasterPJDistributor::Send:
	52 trials
	total = 14.47 s
	mean  = 0.27827 s
	var   = 0.208856 s^2, std = 0.457008 s
	min   = 0 s
	max   = 1.98442 s


PrintingSoftware::execute:
	1 trials
	total = 465.301 s
	mean  = 465.301 s
	var   = 0 s^2, std = 0 s
	min   = 465.301 s
	max   = 465.301 s

MasterPrintingSoftware::startUp:
	1 trials
	total = 0.454063 s
	mean  = 0.454063 s
	var   = 0 s^2, std = 0 s
	min   = 0.454063 s
	max   = 0.454063 s

MasterPrintingSoftware::Send:
	28 trials
	total = 0.014093 s
	mean  = 0.000503321 s
	var   = 8.6321e-007 s^2, std = 0.000929091 s
	min   = 0 s
	max   = 0.003025 s

FileParserPJ::setInput:
	1 trials
	total = 0 s
	mean  = 0 s
	var   = 0 s^2, std = 0 s
	min   = 0 s
	max   = 0 s

FileParserPJ::runInternal:
	1 trials
	total = 19.1735 s
	mean  = 19.1735 s
	var   = 0 s^2, std = 0 s
	min   = 19.1735 s
	max   = 19.1735 s

PrintJobOrganizer::setInput:
	1 trials
	total = 0.009006 s
	mean  = 0.009006 s
	var   = 0 s^2, std = 0 s
	min   = 0.009006 s
	max   = 0.009006 s

PrintJobOrganizer::runInternal:
	1 trials
	total = 1.01311 s
	mean  = 1.01311 s
	var   = 0 s^2, std = 0 s
	min   = 1.01311 s
	max   = 1.01311 s

MasterPJDistributor::serializeImgData:
	10 trials
	total = 0.519352 s
	mean  = 0.0519352 s
	var   = 0.00178639 s^2, std = 0.0422657 s
	min   = 0.00999 s
	max   = 0.105075 s

MasterPJDistributor::serializePJ:
	4 trials
	total = 0.468333 s
	mean  = 0.117083 s
	var   = 0.00237216 s^2, std = 0.0487048 s
	min   = 0.092066 s
	max   = 0.190137 s

MasterPJDistributor::Send:
	52 trials
	total = 14.47 s
	mean  = 0.27827 s
	var   = 0.208856 s^2, std = 0.457008 s
	min   = 0 s
	max   = 1.98442 s

MasterMergerWorkerImpl::deserializeSlice1:
	777 trials
	total = 2.06881 s
	mean  = 0.00266256 s
	var   = 7.59367e-007 s^2, std = 0.000871417 s
	min   = 0.00099 s
	max   = 0.007005 s

MasterMergerWorkerImpl::Receive1:
	2351 trials
	total = 4.26867 s
	mean  = 0.00181568 s
	var   = 0.00743391 s^2, std = 0.0862201 s
	min   = 0 s
	max   = 4.18057 s

MasterMergerWorkerImpl::decompressData1:
	777 trials
	total = 11.6676 s
	mean  = 0.0150162 s
	var   = 8.49877e-006 s^2, std = 0.00291527 s
	min   = 0.011007 s
	max   = 0.04203 s

MasterMergerWorkerImpl::deserializeSlice2:
	777 trials
	total = 2.2777 s
	mean  = 0.0029314 s
	var   = 9.1011e-007 s^2, std = 0.000953997 s
	min   = 0.001 s
	max   = 0.007004 s

MasterMergerWorkerImpl::Receive2:
	2351 trials
	total = 54.3886 s
	mean  = 0.0231343 s
	var   = 0.222002 s^2, std = 0.471171 s
	min   = 0 s
	max   = 12.0215 s

MasterMergerWorkerImpl::decompressData2:
	777 trials
	total = 13.0645 s
	mean  = 0.0168141 s
	var   = 1.21576e-005 s^2, std = 0.00348677 s
	min   = 0.012019 s
	max   = 0.053024 s

MasterMergerWorkerImpl::deserializeSlice3:
	777 trials
	total = 1.69847 s
	mean  = 0.00218593 s
	var   = 2.37891e-007 s^2, std = 0.00048774 s
	min   = 0.001 s
	max   = 0.007005 s

MasterMergerWorkerImpl::Receive3:
	2351 trials
	total = 362.249 s
	mean  = 0.154083 s
	var   = 3.79057 s^2, std = 1.94694 s
	min   = 0 s
	max   = 32.1558 s

MasterMergerWorkerImpl::decompressData3:
	777 trials
	total = 11.2798 s
	mean  = 0.0145171 s
	var   = 1.75709e-005 s^2, std = 0.00419177 s
	min   = 0.012008 s
	max   = 0.053862 s

MasterMergerWorkerImpl::deserializeSlice4:
	777 trials
	total = 1.73573 s
	mean  = 0.00223389 s
	var   = 6.74316e-007 s^2, std = 0.000821167 s
	min   = 0.000988 s
	max   = 0.005005 s

MasterMergerWorkerImpl::Receive4:
	2351 trials
	total = 31.2896 s
	mean  = 0.0133091 s
	var   = 0.101425 s^2, std = 0.318472 s
	min   = 0 s
	max   = 9.56697 s

MasterMergerWorkerImpl::decompressData4:
	777 trials
	total = 9.82507 s
	mean  = 0.0126449 s
	var   = 9.26597e-006 s^2, std = 0.00304401 s
	min   = 0.009001 s
	max   = 0.044036 s


Master Node  0 :Total execution time in seconds 465.762

