Warning:json file inside profile could not be parsed 

GL version: 4.4.0

Warning: there is no json file embedded inside profile 

LayerExtractor: distance needed for layers: 0.135467

FileParserPJ: initializing
PrintJobOrganizer: initializing
PrintJobPreprocessor: initializing
PrintJobVoxelizer: initializing
TonalValueCalculator: initializing
TonalValueCalculator: Using rendering intent RELATIVE_COLORIMETRIC

SurfaceDistanceOrderedTransfer: initializing
TonalLinearizer: initializing
VectorLayerHalftoner: initializing
SlaveReporter: initializing
FileParserPJ:  runs 14:57:54

FileParserPJ: loading OBJ file

244921 vertices
489840 faces

FileParserPJ: 245383 texture coordinates

FileParserPJ: 245383 vertices after duplication

FileParserPJ: //filer-igd2.igd.fraunhofer.de/igd-3dt/shared/3DModels/Head/HeadMTL/Head_Level3.obj parsed: 245383 vertices and 489840 faces

FileParserPJ: loading jpg file

FileParserPJ: loading OBJ file

9992 vertices
18312 faces

FileParserPJ: 9437 texture coordinates

FileParserPJ: //filer-igd2.igd.fraunhofer.de/igd-3dt/shared/3DModels/Dame/Dame.obj parsed: 9992 vertices and 18312 faces

FileParserPJ: loading jpg file

FileParserPJ: Input files parsed

PrintJobOrganizer:  runs 14:57:58

centering objects at origin
optimizing rotation for height
scaling objects
optimizing rotation for support use
PrintJobOrganizer: support cost         = 25.4851
support cost flipped = 22.9004

PrintJobOrganizer: support cost         = 10.7798
support cost flipped = 10.8551

arranging objects in 2D
validating object placement
PrintJobOrganizer: print object 1 print-space bounding box: (0.00211667, 0.00423333, 0.00135106), (8.00212, 5.12195, 4.19435)
PrintJobOrganizer: print object 2 print-space bounding box: (0.00211667, 5.32195, 0.00135106), (8.00212, 8.58807, 3.26645)
saving transforms to file
PrintJobPreprocessor:  runs 14:57:58

PrintJobPreprocessor: flatten
PrintJobPreprocessor: prioritize
PrintJobPreprocessor: segment-hierarchy
PrintJobPreprocessor: boundingBox
PrintJobPreprocessor: uniformAppearanceTextures
PrintJobVoxelizer:  runs 14:58:0

PrintJobVoxelizer: 
number of slices to print: 777 (4.19435 cm)
width of slices to print:  946 (8.00212 cm)
height of slices to print: 508 (8.58807 cm)
chunk size:                50 (0.270213 cm)

PrintJobVoxelizer: setting up slices
PrintJobVoxelizer: rasterizing objects
PrintJobVoxelizer: creating rasterizer
PrintJobVoxelizer: rasterizing object 1
PrintJobVoxelizer: rasterizing object 2
Rasterizer::rasterize:
	2 trials
	total = 0.343771 s
	mean  = 0.171885 s
	var   = 0.00439631 s^2, std = 0.0663047 s
	min   = 0.125001 s
	max   = 0.21877 s


PrintJobVoxelizer: voxelizing objects
Object 1 ROI: [0 0 0] --> [946 303 50]
GWNSampleFloodVoxelizer: number of samples: 125
GWNSampleFloodVoxelizer: samples evaluated
GWNSampleFloodVoxelizer: adaptive threshold = 0.498039
GWNSampleFloodVoxelizer: flooding complete
Voxelization: solid angle evaluations per voxel: 0.12458

Object 2 ROI: [0 314 0] --> [946 508 50]
GWNSampleFloodVoxelizer: number of samples: 123
GWNSampleFloodVoxelizer: samples evaluated
GWNSampleFloodVoxelizer: adaptive threshold = 0.498039
GWNSampleFloodVoxelizer: flooding complete
Voxelization: solid angle evaluations per voxel: 0.218318

GWNSampleFloodVoxelizer::voxelize:
	2 trials
	total = 4.46881 s
	mean  = 2.2344 s
	var   = 0.00195313 s^2, std = 0.0441942 s
	min   = 2.20315 s
	max   = 2.26565 s

GWNSampleFloodVoxelizer::initIndicator:
	2 trials
	total = 0.74999 s
	mean  = 0.374995 s
	var   = 2.46519e-032 s^2, std = 1.57009e-016 s
	min   = 0.374995 s
	max   = 0.374995 s

GWNSampleFloodVoxelizer::selectSamples:
	2 trials
	total = 0.234377 s
	mean  = 0.117189 s
	var   = 0.00109863 s^2, std = 0.0331456 s
	min   = 0.093751 s
	max   = 0.140626 s

GWNSampleFloodVoxelizer::evaluateSamples:
	2 trials
	total = 0.109376 s
	mean  = 0.054688 s
	var   = 0.000122117 s^2, std = 0.0110507 s
	min   = 0.046874 s
	max   = 0.062502 s

GWNSampleFloodVoxelizer::flood:
	2 trials
	total = 2.98442 s
	mean  = 1.49221 s
	var   = 0.00988826 s^2, std = 0.0994397 s
	min   = 1.42189 s
	max   = 1.56252 s


PrintJobVoxelizer: finalizing surfaces
PrintJobVoxelizer: 49546 surface voxels
PrintJobVoxelizer: getting output subset
PrintJobVoxelizer: updating slice indices
TonalValueCalculator:  runs 14:58:5
slices [0, 49):
	channel 0: occupancy (dense)
	channel 1: opticalFeature (sparse)

SurfaceDistanceOrderedTransfer:  runs 14:58:5
slices [0, 49):
	channel 0: occupancy (dense)
	channel 1: surfaceDist (dense)

SurfaceDistanceOrderedTransfer: 0 0 23
LayerExtractor:  runs 14:58:6
slices [0, 23):
	channel 0: occupancy (dense)
	channel 1: surfaceDist (dense)
	channel 2: layer_000 (sparse)
	channel 3: layer_001 (sparse)
	channel 4: layer_002 (sparse)
	channel 5: layer_003 (sparse)
	channel 6: layer_004 (sparse)
	channel 7: layer_005 (sparse)
	channel 8: layer_006 (sparse)
	channel 9: layer_007 (sparse)

TonalLinearizer:  runs 14:58:6
slices [0, 22):
	channel 0: occupancy (dense)
	channel 1: surfaceDist (dense)
	channel 2: layer_000 (sparse)
	channel 3: layer_001 (sparse)
	channel 4: layer_002 (sparse)
	channel 5: layer_003 (sparse)
	channel 6: layer_004 (sparse)
	channel 7: layer_005 (sparse)
	channel 8: layer_006 (sparse)
	channel 9: layer_007 (sparse)

VectorLayerHalftoner: VectorLayerHalftoner error: no tonal values available

VectorLayerHalftoner:  runs 14:58:6
slices [0, 22):
	channel 0: occupancy (dense)
	channel 1: surfaceDist (dense)
	channel 2: layer_000 (sparse)
	channel 3: layer_001 (sparse)
	channel 4: layer_002 (sparse)
	channel 5: layer_003 (sparse)
	channel 6: layer_004 (sparse)
	channel 7: layer_005 (sparse)
	channel 8: layer_006 (sparse)
	channel 9: layer_007 (sparse)
	channel 10: intermedTonal_0 (sparse)
	channel 11: intermedTonal_1 (sparse)
	channel 12: intermedTonal_2 (sparse)
	channel 13: intermedTonal_3 (sparse)
	channel 14: intermedTonal_4 (sparse)
	channel 15: intermedTonal_5 (sparse)
	channel 16: intermedTonal_6 (sparse)
	channel 17: intermedTonal_7 (sparse)
	channel 18: quantizedTonal (sparse)

SlaveReporter:  runs 14:58:7
slices [0, 10):
	channel 0: material (dense)
	channel 1: occupancy (dense)

PrintJobVoxelizer:  runs 14:58:7

PrintJobVoxelizer: setting up slices
PrintJobVoxelizer: rasterizing objects
PrintJobVoxelizer: creating rasterizer
PrintJobVoxelizer: rasterizing object 1
PrintJobVoxelizer: rasterizing object 2
Rasterizer::rasterize:
	4 trials
	total = 1.23441 s
	mean  = 0.308602 s
	var   = 0.0762338 s^2, std = 0.276105 s
	min   = 0.125001 s
	max   = 0.718759 s


PrintJobVoxelizer: voxelizing objects
Object 1 ROI: [0 0 0] --> [946 303 50]
GWNSampleFloodVoxelizer: number of samples: 260
GWNSampleFloodVoxelizer: samples evaluated
GWNSampleFloodVoxelizer: adaptive threshold = 0.498039
GWNSampleFloodVoxelizer: flooding complete
Voxelization: solid angle evaluations per voxel: 0.535032

Object 2 ROI: [0 314 0] --> [946 508 50]
GWNSampleFloodVoxelizer: number of samples: 109
GWNSampleFloodVoxelizer: samples evaluated
GWNSampleFloodVoxelizer: adaptive threshold = 0.498039
GWNSampleFloodVoxelizer: flooding complete
Voxelization: solid angle evaluations per voxel: 0.618101

GWNSampleFloodVoxelizer::voxelize:
	4 trials
	total = 9.422 s
	mean  = 2.3555 s
	var   = 0.022197 s^2, std = 0.148987 s
	min   = 2.20315 s
	max   = 2.53128 s

GWNSampleFloodVoxelizer::initIndicator:
	4 trials
	total = 1.49998 s
	mean  = 0.374995 s
	var   = 6.66667e-013 s^2, std = 8.16497e-007 s
	min   = 0.374994 s
	max   = 0.374996 s

GWNSampleFloodVoxelizer::selectSamples:
	4 trials
	total = 0.45313 s
	mean  = 0.113283 s
	var   = 0.000549324 s^2, std = 0.0234377 s
	min   = 0.093751 s
	max   = 0.140626 s

GWNSampleFloodVoxelizer::evaluateSamples:
	4 trials
	total = 0.421879 s
	mean  = 0.10547 s
	var   = 0.0114547 s^2, std = 0.107027 s
	min   = 0.046874 s
	max   = 0.265629 s

GWNSampleFloodVoxelizer::flood:
	4 trials
	total = 6.26571 s
	mean  = 1.56643 s
	var   = 0.034079 s^2, std = 0.184605 s
	min   = 1.42189 s
	max   = 1.82815 s


PrintJobVoxelizer: finalizing surfaces
PrintJobVoxelizer: 197063 surface voxels
PrintJobVoxelizer: getting output subset
PrintJobVoxelizer: updating slice indices
TonalValueCalculator:  runs 14:58:13
slices [49, 99):
	channel 0: occupancy (dense)
	channel 1: opticalFeature (sparse)

SurfaceDistanceOrderedTransfer:  runs 14:58:13
slices [23, 99):
	channel 0: occupancy (dense)
	channel 1: surfaceDist (dense)

SurfaceDistanceOrderedTransfer: 23 49 73
LayerExtractor:  runs 14:58:15
slices [21, 73):
	channel 0: occupancy (dense)
	channel 1: surfaceDist (dense)
	channel 2: layer_000 (sparse)
	channel 3: layer_001 (sparse)
	channel 4: layer_002 (sparse)
	channel 5: layer_003 (sparse)
	channel 6: layer_004 (sparse)
	channel 7: layer_005 (sparse)
	channel 8: layer_006 (sparse)
	channel 9: layer_007 (sparse)

TonalLinearizer:  runs 14:58:16
slices [22, 72):
	channel 0: occupancy (dense)
	channel 1: surfaceDist (dense)
	channel 2: layer_000 (sparse)
	channel 3: layer_001 (sparse)
	channel 4: layer_002 (sparse)
	channel 5: layer_003 (sparse)
	channel 6: layer_004 (sparse)
	channel 7: layer_005 (sparse)
	channel 8: layer_006 (sparse)
	channel 9: layer_007 (sparse)

VectorLayerHalftoner: VectorLayerHalftoner error: no tonal values available

VectorLayerHalftoner:  runs 14:58:16
slices [10, 72):
	channel 0: occupancy (dense)
	channel 1: surfaceDist (dense)
	channel 2: layer_000 (sparse)
	channel 3: layer_001 (sparse)
	channel 4: layer_002 (sparse)
	channel 5: layer_003 (sparse)
	channel 6: layer_004 (sparse)
	channel 7: layer_005 (sparse)
	channel 8: layer_006 (sparse)
	channel 9: layer_007 (sparse)
	channel 10: intermedTonal_0 (sparse)
	channel 11: intermedTonal_1 (sparse)
	channel 12: intermedTonal_2 (sparse)
	channel 13: intermedTonal_3 (sparse)
	channel 14: intermedTonal_4 (sparse)
	channel 15: intermedTonal_5 (sparse)
	channel 16: intermedTonal_6 (sparse)
	channel 17: intermedTonal_7 (sparse)
	channel 18: quantizedTonal (sparse)
	channel 19: errorDiffInfo2 (sparse)
	channel 20: distanceToEmpty (sparse)
	channel 21: errorDiffInfo3 (sparse)
	channel 22: errorDiffInfo4 (sparse)
	channel 23: errorDiffInfo5 (sparse)
	channel 24: errorDiffInfo6 (sparse)
	channel 25: errorDiffInfo7 (sparse)
	channel 26: errorDiffInfo8 (sparse)
	channel 27: errorDiffInfo9 (sparse)

SlaveReporter:  runs 14:58:19
slices [10, 60):
	channel 0: material (dense)
	channel 1: occupancy (dense)

PrintJobVoxelizer:  runs 14:58:19

PrintJobVoxelizer: setting up slices
PrintJobVoxelizer: rasterizing objects
PrintJobVoxelizer: creating rasterizer
PrintJobVoxelizer: rasterizing object 1
PrintJobVoxelizer: rasterizing object 2
Rasterizer::rasterize:
	6 trials
	total = 2.42194 s
	mean  = 0.403657 s
	var   = 0.128459 s^2, std = 0.358412 s
	min   = 0.125001 s
	max   = 0.984387 s


PrintJobVoxelizer: voxelizing objects
Object 1 ROI: [0 0 0] --> [946 303 50]
GWNSampleFloodVoxelizer: number of samples: 387
GWNSampleFloodVoxelizer: samples evaluated
GWNSampleFloodVoxelizer: adaptive threshold = 0.498039
GWNSampleFloodVoxelizer: flooding complete
Voxelization: solid angle evaluations per voxel: 0.860233

Object 2 ROI: [0 314 0] --> [946 508 50]
GWNSampleFloodVoxelizer: number of samples: 146
GWNSampleFloodVoxelizer: samples evaluated
GWNSampleFloodVoxelizer: adaptive threshold = 0.498039
GWNSampleFloodVoxelizer: flooding complete
Voxelization: solid angle evaluations per voxel: 0.9715

GWNSampleFloodVoxelizer::voxelize:
	6 trials
	total = 14.1408 s
	mean  = 2.3568 s
	var   = 0.0352965 s^2, std = 0.187874 s
	min   = 2.12503 s
	max   = 2.5938 s

GWNSampleFloodVoxelizer::initIndicator:
	6 trials
	total = 2.24998 s
	mean  = 0.374997 s
	var   = 2.05667e-011 s^2, std = 4.53505e-006 s
	min   = 0.374994 s
	max   = 0.375006 s

GWNSampleFloodVoxelizer::selectSamples:
	6 trials
	total = 0.687508 s
	mean  = 0.114585 s
	var   = 0.000358081 s^2, std = 0.018923 s
	min   = 0.093751 s
	max   = 0.140626 s

GWNSampleFloodVoxelizer::evaluateSamples:
	6 trials
	total = 0.906259 s
	mean  = 0.151043 s
	var   = 0.0271167 s^2, std = 0.164671 s
	min   = 0.046874 s
	max   = 0.437505 s

GWNSampleFloodVoxelizer::flood:
	6 trials
	total = 9.14075 s
	mean  = 1.52346 s
	var   = 0.0252693 s^2, std = 0.158963 s
	min   = 1.40627 s
	max   = 1.82815 s


PrintJobVoxelizer: finalizing surfaces
PrintJobVoxelizer: 410834 surface voxels
PrintJobVoxelizer: getting output subset
PrintJobVoxelizer: updating slice indices
TonalValueCalculator:  runs 14:58:25
slices [99, 149):
	channel 0: occupancy (dense)
	channel 1: opticalFeature (sparse)

SurfaceDistanceOrderedTransfer:  runs 14:58:25
slices [73, 149):
	channel 0: occupancy (dense)
	channel 1: surfaceDist (dense)

SurfaceDistanceOrderedTransfer: 73 99 123
LayerExtractor:  runs 14:58:27
slices [71, 123):
	channel 0: occupancy (dense)
	channel 1: surfaceDist (dense)
	channel 2: layer_000 (sparse)
	channel 3: layer_001 (sparse)
	channel 4: layer_002 (sparse)
	channel 5: layer_003 (sparse)
	channel 6: layer_004 (sparse)
	channel 7: layer_005 (sparse)
	channel 8: layer_006 (sparse)
	channel 9: layer_007 (sparse)

TonalLinearizer:  runs 14:58:28
slices [72, 122):
	channel 0: occupancy (dense)
	channel 1: surfaceDist (dense)
	channel 2: layer_000 (sparse)
	channel 3: layer_001 (sparse)
	channel 4: layer_002 (sparse)
	channel 5: layer_003 (sparse)
	channel 6: layer_004 (sparse)
	channel 7: layer_005 (sparse)
	channel 8: layer_006 (sparse)
	channel 9: layer_007 (sparse)

VectorLayerHalftoner: VectorLayerHalftoner error: no tonal values available

VectorLayerHalftoner:  runs 14:58:28
slices [60, 122):
	channel 0: occupancy (dense)
	channel 1: surfaceDist (dense)
	channel 2: layer_000 (sparse)
	channel 3: layer_001 (sparse)
	channel 4: layer_002 (sparse)
	channel 5: layer_003 (sparse)
	channel 6: layer_004 (sparse)
	channel 7: layer_005 (sparse)
	channel 8: layer_006 (sparse)
	channel 9: layer_007 (sparse)
	channel 10: intermedTonal_0 (sparse)
	channel 11: intermedTonal_1 (sparse)
	channel 12: intermedTonal_2 (sparse)
	channel 13: intermedTonal_3 (sparse)
	channel 14: intermedTonal_4 (sparse)
	channel 15: intermedTonal_5 (sparse)
	channel 16: intermedTonal_6 (sparse)
	channel 17: intermedTonal_7 (sparse)
	channel 18: quantizedTonal (sparse)
	channel 19: errorDiffInfo2 (sparse)
	channel 20: distanceToEmpty (sparse)
	channel 21: errorDiffInfo3 (sparse)
	channel 22: errorDiffInfo4 (sparse)
	channel 23: errorDiffInfo5 (sparse)
	channel 24: errorDiffInfo6 (sparse)
	channel 25: errorDiffInfo7 (sparse)
	channel 26: errorDiffInfo8 (sparse)
	channel 27: errorDiffInfo9 (sparse)

SlaveReporter:  runs 14:58:34
slices [60, 110):
	channel 0: material (dense)
	channel 1: occupancy (dense)

PrintJobVoxelizer:  runs 14:58:34

PrintJobVoxelizer: setting up slices
PrintJobVoxelizer: rasterizing objects
PrintJobVoxelizer: creating rasterizer
PrintJobVoxelizer: rasterizing object 1
PrintJobVoxelizer: rasterizing object 2
Rasterizer::rasterize:
	8 trials
	total = 3.62509 s
	mean  = 0.453137 s
	var   = 0.119142 s^2, std = 0.34517 s
	min   = 0.125001 s
	max   = 0.984387 s


PrintJobVoxelizer: voxelizing objects
Object 1 ROI: [0 0 0] --> [946 303 50]
GWNSampleFloodVoxelizer: number of samples: 252
GWNSampleFloodVoxelizer: samples evaluated
GWNSampleFloodVoxelizer: adaptive threshold = 0.498039
GWNSampleFloodVoxelizer: flooding complete
Voxelization: solid angle evaluations per voxel: 0.525832

Object 2 ROI: [0 314 0] --> [946 508 50]
GWNSampleFloodVoxelizer: number of samples: 205
GWNSampleFloodVoxelizer: samples evaluated
GWNSampleFloodVoxelizer: adaptive threshold = 0.498039
GWNSampleFloodVoxelizer: flooding complete
Voxelization: solid angle evaluations per voxel: 0.682062

GWNSampleFloodVoxelizer::voxelize:
	8 trials
	total = 18.469 s
	mean  = 2.30863 s
	var   = 0.0545334 s^2, std = 0.233524 s
	min   = 1.89065 s
	max   = 2.5938 s

GWNSampleFloodVoxelizer::initIndicator:
	8 trials
	total = 2.99997 s
	mean  = 0.374996 s
	var   = 2.05e-011 s^2, std = 4.52769e-006 s
	min   = 0.37499 s
	max   = 0.375006 s

GWNSampleFloodVoxelizer::selectSamples:
	8 trials
	total = 0.921885 s
	mean  = 0.115236 s
	var   = 0.000274664 s^2, std = 0.016573 s
	min   = 0.093751 s
	max   = 0.140626 s

GWNSampleFloodVoxelizer::evaluateSamples:
	8 trials
	total = 1.25001 s
	mean  = 0.156252 s
	var   = 0.0228802 s^2, std = 0.151262 s
	min   = 0.046874 s
	max   = 0.437505 s

GWNSampleFloodVoxelizer::flood:
	8 trials
	total = 11.7658 s
	mean  = 1.47072 s
	var   = 0.0345601 s^2, std = 0.185903 s
	min   = 1.15627 s
	max   = 1.82815 s


PrintJobVoxelizer: finalizing surfaces
PrintJobVoxelizer: 665873 surface voxels
PrintJobVoxelizer: getting output subset
PrintJobVoxelizer: updating slice indices
TonalValueCalculator:  runs 14:58:40
slices [149, 199):
	channel 0: occupancy (dense)
	channel 1: opticalFeature (sparse)

SurfaceDistanceOrderedTransfer:  runs 14:58:40
slices [123, 199):
	channel 0: occupancy (dense)
	channel 1: surfaceDist (dense)

SurfaceDistanceOrderedTransfer: 123 149 173
LayerExtractor:  runs 14:58:42
slices [121, 173):
	channel 0: occupancy (dense)
	channel 1: surfaceDist (dense)
	channel 2: layer_000 (sparse)
	channel 3: layer_001 (sparse)
	channel 4: layer_002 (sparse)
	channel 5: layer_003 (sparse)
	channel 6: layer_004 (sparse)
	channel 7: layer_005 (sparse)
	channel 8: layer_006 (sparse)
	channel 9: layer_007 (sparse)

TonalLinearizer:  runs 14:58:43
slices [122, 172):
	channel 0: occupancy (dense)
	channel 1: surfaceDist (dense)
	channel 2: layer_000 (sparse)
	channel 3: layer_001 (sparse)
	channel 4: layer_002 (sparse)
	channel 5: layer_003 (sparse)
	channel 6: layer_004 (sparse)
	channel 7: layer_005 (sparse)
	channel 8: layer_006 (sparse)
	channel 9: layer_007 (sparse)

VectorLayerHalftoner: VectorLayerHalftoner error: no tonal values available

VectorLayerHalftoner:  runs 14:58:43
slices [110, 172):
	channel 0: occupancy (dense)
	channel 1: surfaceDist (dense)
	channel 2: layer_000 (sparse)
	channel 3: layer_001 (sparse)
	channel 4: layer_002 (sparse)
	channel 5: layer_003 (sparse)
	channel 6: layer_004 (sparse)
	channel 7: layer_005 (sparse)
	channel 8: layer_006 (sparse)
	channel 9: layer_007 (sparse)
	channel 10: intermedTonal_0 (sparse)
	channel 11: intermedTonal_1 (sparse)
	channel 12: intermedTonal_2 (sparse)
	channel 13: intermedTonal_3 (sparse)
	channel 14: intermedTonal_4 (sparse)
	channel 15: intermedTonal_5 (sparse)
	channel 16: intermedTonal_6 (sparse)
	channel 17: intermedTonal_7 (sparse)
	channel 18: quantizedTonal (sparse)
	channel 19: errorDiffInfo2 (sparse)
	channel 20: distanceToEmpty (sparse)
	channel 21: errorDiffInfo3 (sparse)
	channel 22: errorDiffInfo4 (sparse)
	channel 23: errorDiffInfo5 (sparse)
	channel 24: errorDiffInfo6 (sparse)
	channel 25: errorDiffInfo7 (sparse)
	channel 26: errorDiffInfo8 (sparse)
	channel 27: errorDiffInfo9 (sparse)

SlaveReporter:  runs 14:58:50
slices [110, 160):
	channel 0: material (dense)
	channel 1: occupancy (dense)

PrintJobVoxelizer:  runs 14:58:50

PrintJobVoxelizer: setting up slices
PrintJobVoxelizer: rasterizing objects
PrintJobVoxelizer: creating rasterizer
PrintJobVoxelizer: rasterizing object 1
PrintJobVoxelizer: rasterizing object 2
Rasterizer::rasterize:
	10 trials
	total = 4.84388 s
	mean  = 0.484388 s
	var   = 0.103572 s^2, std = 0.321826 s
	min   = 0.125001 s
	max   = 0.984387 s


PrintJobVoxelizer: voxelizing objects
Object 1 ROI: [0 0 0] --> [946 303 50]
GWNSampleFloodVoxelizer: number of samples: 247
GWNSampleFloodVoxelizer: samples evaluated
GWNSampleFloodVoxelizer: adaptive threshold = 0.498039
GWNSampleFloodVoxelizer: flooding complete
Voxelization: solid angle evaluations per voxel: 0.458462

Object 2 ROI: [0 314 0] --> [946 508 50]
GWNSampleFloodVoxelizer: number of samples: 249
GWNSampleFloodVoxelizer: samples evaluated
GWNSampleFloodVoxelizer: adaptive threshold = 0.498039
GWNSampleFloodVoxelizer: flooding complete
Voxelization: solid angle evaluations per voxel: 0.648225

GWNSampleFloodVoxelizer::voxelize:
	10 trials
	total = 22.7503 s
	mean  = 2.27503 s
	var   = 0.067017 s^2, std = 0.258876 s
	min   = 1.84377 s
	max   = 2.5938 s

GWNSampleFloodVoxelizer::initIndicator:
	10 trials
	total = 3.74997 s
	mean  = 0.374997 s
	var   = 3.71111e-011 s^2, std = 6.09189e-006 s
	min   = 0.37499 s
	max   = 0.37501 s

GWNSampleFloodVoxelizer::selectSamples:
	10 trials
	total = 1.15625 s
	mean  = 0.115625 s
	var   = 0.000336459 s^2, std = 0.0183428 s
	min   = 0.093735 s
	max   = 0.140627 s

GWNSampleFloodVoxelizer::evaluateSamples:
	10 trials
	total = 1.59377 s
	mean  = 0.159377 s
	var   = 0.0191955 s^2, std = 0.138548 s
	min   = 0.046874 s
	max   = 0.437505 s

GWNSampleFloodVoxelizer::flood:
	10 trials
	total = 14.3283 s
	mean  = 1.43283 s
	var   = 0.0410737 s^2, std = 0.202666 s
	min   = 1.09377 s
	max   = 1.82815 s


PrintJobVoxelizer: finalizing surfaces
PrintJobVoxelizer: 958793 surface voxels
PrintJobVoxelizer: getting output subset
PrintJobVoxelizer: updating slice indices
TonalValueCalculator:  runs 14:58:56
slices [199, 249):
	channel 0: occupancy (dense)
	channel 1: opticalFeature (sparse)

SurfaceDistanceOrderedTransfer:  runs 14:58:56
slices [173, 249):
	channel 0: occupancy (dense)
	channel 1: surfaceDist (dense)

SurfaceDistanceOrderedTransfer: 173 199 223
LayerExtractor:  runs 14:58:59
slices [171, 223):
	channel 0: occupancy (dense)
	channel 1: surfaceDist (dense)
	channel 2: layer_000 (sparse)
	channel 3: layer_001 (sparse)
	channel 4: layer_002 (sparse)
	channel 5: layer_003 (sparse)
	channel 6: layer_004 (sparse)
	channel 7: layer_005 (sparse)
	channel 8: layer_006 (sparse)
	channel 9: layer_007 (sparse)

TonalLinearizer:  runs 14:59:0
slices [172, 222):
	channel 0: occupancy (dense)
	channel 1: surfaceDist (dense)
	channel 2: layer_000 (sparse)
	channel 3: layer_001 (sparse)
	channel 4: layer_002 (sparse)
	channel 5: layer_003 (sparse)
	channel 6: layer_004 (sparse)
	channel 7: layer_005 (sparse)
	channel 8: layer_006 (sparse)
	channel 9: layer_007 (sparse)

VectorLayerHalftoner: VectorLayerHalftoner error: no tonal values available

VectorLayerHalftoner:  runs 14:59:0
slices [160, 222):
	channel 0: occupancy (dense)
	channel 1: surfaceDist (dense)
	channel 2: layer_000 (sparse)
	channel 3: layer_001 (sparse)
	channel 4: layer_002 (sparse)
	channel 5: layer_003 (sparse)
	channel 6: layer_004 (sparse)
	channel 7: layer_005 (sparse)
	channel 8: layer_006 (sparse)
	channel 9: layer_007 (sparse)
	channel 10: intermedTonal_0 (sparse)
	channel 11: intermedTonal_1 (sparse)
	channel 12: intermedTonal_2 (sparse)
	channel 13: intermedTonal_3 (sparse)
	channel 14: intermedTonal_4 (sparse)
	channel 15: intermedTonal_5 (sparse)
	channel 16: intermedTonal_6 (sparse)
	channel 17: intermedTonal_7 (sparse)
	channel 18: quantizedTonal (sparse)
	channel 19: errorDiffInfo2 (sparse)
	channel 20: distanceToEmpty (sparse)
	channel 21: errorDiffInfo3 (sparse)
	channel 22: errorDiffInfo4 (sparse)
	channel 23: errorDiffInfo5 (sparse)
	channel 24: errorDiffInfo6 (sparse)
	channel 25: errorDiffInfo7 (sparse)
	channel 26: errorDiffInfo8 (sparse)
	channel 27: errorDiffInfo9 (sparse)

SlaveReporter:  runs 14:59:9
slices [160, 210):
	channel 0: material (dense)
	channel 1: occupancy (dense)

PrintJobVoxelizer:  runs 14:59:9

PrintJobVoxelizer: setting up slices
PrintJobVoxelizer: rasterizing objects
PrintJobVoxelizer: creating rasterizer
PrintJobVoxelizer: rasterizing object 1
PrintJobVoxelizer: rasterizing object 2
Rasterizer::rasterize:
	12 trials
	total = 6.01577 s
	mean  = 0.501314 s
	var   = 0.0921742 s^2, std = 0.303602 s
	min   = 0.125001 s
	max   = 0.984387 s


PrintJobVoxelizer: voxelizing objects
Object 1 ROI: [0 0 0] --> [946 303 50]
GWNSampleFloodVoxelizer: number of samples: 215
GWNSampleFloodVoxelizer: samples evaluated
GWNSampleFloodVoxelizer: adaptive threshold = 0.498039
GWNSampleFloodVoxelizer: flooding complete
Voxelization: solid angle evaluations per voxel: 0.360033

Object 2 ROI: [0 314 0] --> [946 508 50]
GWNSampleFloodVoxelizer: number of samples: 174
GWNSampleFloodVoxelizer: samples evaluated
GWNSampleFloodVoxelizer: adaptive threshold = 0.498039
GWNSampleFloodVoxelizer: flooding complete
Voxelization: solid angle evaluations per voxel: 0.492638

GWNSampleFloodVoxelizer::voxelize:
	12 trials
	total = 26.8285 s
	mean  = 2.23571 s
	var   = 0.0801485 s^2, std = 0.283105 s
	min   = 1.73438 s
	max   = 2.5938 s

GWNSampleFloodVoxelizer::initIndicator:
	12 trials
	total = 4.51557 s
	mean  = 0.376298 s
	var   = 2.03432e-005 s^2, std = 0.00451034 s
	min   = 0.374983 s
	max   = 0.39062 s

GWNSampleFloodVoxelizer::selectSamples:
	12 trials
	total = 1.375 s
	mean  = 0.114583 s
	var   = 0.000325592 s^2, std = 0.0180442 s
	min   = 0.093735 s
	max   = 0.140627 s

GWNSampleFloodVoxelizer::evaluateSamples:
	12 trials
	total = 1.87503 s
	mean  = 0.156253 s
	var   = 0.0168686 s^2, std = 0.129879 s
	min   = 0.046874 s
	max   = 0.437505 s

GWNSampleFloodVoxelizer::flood:
	12 trials
	total = 16.7658 s
	mean  = 1.39715 s
	var   = 0.0480506 s^2, std = 0.219204 s
	min   = 1.01564 s
	max   = 1.82815 s


PrintJobVoxelizer: finalizing surfaces
PrintJobVoxelizer: 1236128 surface voxels
PrintJobVoxelizer: getting output subset
PrintJobVoxelizer: updating slice indices
TonalValueCalculator:  runs 14:59:15
slices [249, 299):
	channel 0: occupancy (dense)
	channel 1: opticalFeature (sparse)

SurfaceDistanceOrderedTransfer:  runs 14:59:15
slices [223, 299):
	channel 0: occupancy (dense)
	channel 1: surfaceDist (dense)

SurfaceDistanceOrderedTransfer: 223 249 273
LayerExtractor:  runs 14:59:17
slices [221, 273):
	channel 0: occupancy (dense)
	channel 1: surfaceDist (dense)
	channel 2: layer_000 (sparse)
	channel 3: layer_001 (sparse)
	channel 4: layer_002 (sparse)
	channel 5: layer_003 (sparse)
	channel 6: layer_004 (sparse)
	channel 7: layer_005 (sparse)
	channel 8: layer_006 (sparse)
	channel 9: layer_007 (sparse)

TonalLinearizer:  runs 14:59:18
slices [222, 272):
	channel 0: occupancy (dense)
	channel 1: surfaceDist (dense)
	channel 2: layer_000 (sparse)
	channel 3: layer_001 (sparse)
	channel 4: layer_002 (sparse)
	channel 5: layer_003 (sparse)
	channel 6: layer_004 (sparse)
	channel 7: layer_005 (sparse)
	channel 8: layer_006 (sparse)
	channel 9: layer_007 (sparse)

VectorLayerHalftoner: VectorLayerHalftoner error: no tonal values available

VectorLayerHalftoner:  runs 14:59:19
slices [210, 272):
	channel 0: occupancy (dense)
	channel 1: surfaceDist (dense)
	channel 2: layer_000 (sparse)
	channel 3: layer_001 (sparse)
	channel 4: layer_002 (sparse)
	channel 5: layer_003 (sparse)
	channel 6: layer_004 (sparse)
	channel 7: layer_005 (sparse)
	channel 8: layer_006 (sparse)
	channel 9: layer_007 (sparse)
	channel 10: intermedTonal_0 (sparse)
	channel 11: intermedTonal_1 (sparse)
	channel 12: intermedTonal_2 (sparse)
	channel 13: intermedTonal_3 (sparse)
	channel 14: intermedTonal_4 (sparse)
	channel 15: intermedTonal_5 (sparse)
	channel 16: intermedTonal_6 (sparse)
	channel 17: intermedTonal_7 (sparse)
	channel 18: quantizedTonal (sparse)
	channel 19: errorDiffInfo2 (sparse)
	channel 20: distanceToEmpty (sparse)
	channel 21: errorDiffInfo3 (sparse)
	channel 22: errorDiffInfo4 (sparse)
	channel 23: errorDiffInfo5 (sparse)
	channel 24: errorDiffInfo6 (sparse)
	channel 25: errorDiffInfo7 (sparse)
	channel 26: errorDiffInfo8 (sparse)
	channel 27: errorDiffInfo9 (sparse)

SlaveReporter:  runs 14:59:29
slices [210, 260):
	channel 0: material (dense)
	channel 1: occupancy (dense)

PrintJobVoxelizer:  runs 14:59:29

PrintJobVoxelizer: setting up slices
PrintJobVoxelizer: rasterizing objects
PrintJobVoxelizer: creating rasterizer
PrintJobVoxelizer: rasterizing object 1
PrintJobVoxelizer: rasterizing object 2
Rasterizer::rasterize:
	14 trials
	total = 7.20328 s
	mean  = 0.51452 s
	var   = 0.0845294 s^2, std = 0.290739 s
	min   = 0.125001 s
	max   = 0.984387 s


PrintJobVoxelizer: voxelizing objects
Object 1 ROI: [0 0 0] --> [946 303 50]
GWNSampleFloodVoxelizer: number of samples: 212
GWNSampleFloodVoxelizer: samples evaluated
GWNSampleFloodVoxelizer: adaptive threshold = 0.498039
GWNSampleFloodVoxelizer: flooding complete
Voxelization: solid angle evaluations per voxel: 0.342256

Object 2 ROI: [0 314 0] --> [946 508 50]
GWNSampleFloodVoxelizer: number of samples: 165
GWNSampleFloodVoxelizer: samples evaluated
GWNSampleFloodVoxelizer: adaptive threshold = 0.498039
GWNSampleFloodVoxelizer: flooding complete
Voxelization: solid angle evaluations per voxel: 0.468002

GWNSampleFloodVoxelizer::voxelize:
	14 trials
	total = 30.9067 s
	mean  = 2.20762 s
	var   = 0.0902794 s^2, std = 0.300465 s
	min   = 1.70314 s
	max   = 2.5938 s

GWNSampleFloodVoxelizer::initIndicator:
	14 trials
	total = 5.26557 s
	mean  = 0.376112 s
	var   = 1.74356e-005 s^2, std = 0.00417559 s
	min   = 0.374983 s
	max   = 0.39062 s

GWNSampleFloodVoxelizer::selectSamples:
	14 trials
	total = 1.59375 s
	mean  = 0.11384 s
	var   = 0.00031664 s^2, std = 0.0177944 s
	min   = 0.093735 s
	max   = 0.140627 s

GWNSampleFloodVoxelizer::evaluateSamples:
	14 trials
	total = 2.14066 s
	mean  = 0.152904 s
	var   = 0.0151065 s^2, std = 0.122908 s
	min   = 0.046874 s
	max   = 0.437505 s

GWNSampleFloodVoxelizer::flood:
	14 trials
	total = 19.2346 s
	mean  = 1.3739 s
	var   = 0.0537671 s^2, std = 0.231877 s
	min   = 0.984389 s
	max   = 1.82815 s


PrintJobVoxelizer: finalizing surfaces
PrintJobVoxelizer: 1518831 surface voxels
PrintJobVoxelizer: getting output subset
PrintJobVoxelizer: updating slice indices
TonalValueCalculator:  runs 14:59:34
slices [299, 349):
	channel 0: occupancy (dense)
	channel 1: opticalFeature (sparse)

SurfaceDistanceOrderedTransfer:  runs 14:59:34
slices [273, 349):
	channel 0: occupancy (dense)
	channel 1: surfaceDist (dense)

SurfaceDistanceOrderedTransfer: 273 299 323
LayerExtractor:  runs 14:59:37
slices [271, 323):
	channel 0: occupancy (dense)
	channel 1: surfaceDist (dense)
	channel 2: layer_000 (sparse)
	channel 3: layer_001 (sparse)
	channel 4: layer_002 (sparse)
	channel 5: layer_003 (sparse)
	channel 6: layer_004 (sparse)
	channel 7: layer_005 (sparse)
	channel 8: layer_006 (sparse)
	channel 9: layer_007 (sparse)

TonalLinearizer:  runs 14:59:38
slices [272, 322):
	channel 0: occupancy (dense)
	channel 1: surfaceDist (dense)
	channel 2: layer_000 (sparse)
	channel 3: layer_001 (sparse)
	channel 4: layer_002 (sparse)
	channel 5: layer_003 (sparse)
	channel 6: layer_004 (sparse)
	channel 7: layer_005 (sparse)
	channel 8: layer_006 (sparse)
	channel 9: layer_007 (sparse)

VectorLayerHalftoner: VectorLayerHalftoner error: no tonal values available

VectorLayerHalftoner:  runs 14:59:38
slices [260, 322):
	channel 0: occupancy (dense)
	channel 1: surfaceDist (dense)
	channel 2: layer_000 (sparse)
	channel 3: layer_001 (sparse)
	channel 4: layer_002 (sparse)
	channel 5: layer_003 (sparse)
	channel 6: layer_004 (sparse)
	channel 7: layer_005 (sparse)
	channel 8: layer_006 (sparse)
	channel 9: layer_007 (sparse)
	channel 10: intermedTonal_0 (sparse)
	channel 11: intermedTonal_1 (sparse)
	channel 12: intermedTonal_2 (sparse)
	channel 13: intermedTonal_3 (sparse)
	channel 14: intermedTonal_4 (sparse)
	channel 15: intermedTonal_5 (sparse)
	channel 16: intermedTonal_6 (sparse)
	channel 17: intermedTonal_7 (sparse)
	channel 18: quantizedTonal (sparse)
	channel 19: errorDiffInfo2 (sparse)
	channel 20: distanceToEmpty (sparse)
	channel 21: errorDiffInfo3 (sparse)
	channel 22: errorDiffInfo4 (sparse)
	channel 23: errorDiffInfo5 (sparse)
	channel 24: errorDiffInfo6 (sparse)
	channel 25: errorDiffInfo7 (sparse)
	channel 26: errorDiffInfo8 (sparse)
	channel 27: errorDiffInfo9 (sparse)

SlaveReporter:  runs 14:59:48
slices [260, 310):
	channel 0: material (dense)
	channel 1: occupancy (dense)

PrintJobVoxelizer:  runs 14:59:48

PrintJobVoxelizer: setting up slices
PrintJobVoxelizer: rasterizing objects
PrintJobVoxelizer: creating rasterizer
PrintJobVoxelizer: rasterizing object 1
PrintJobVoxelizer: rasterizing object 2
Rasterizer::rasterize:
	16 trials
	total = 8.34392 s
	mean  = 0.521495 s
	var   = 0.077211 s^2, std = 0.277869 s
	min   = 0.125001 s
	max   = 0.984387 s


PrintJobVoxelizer: voxelizing objects
Object 1 ROI: [0 0 0] --> [946 303 50]
GWNSampleFloodVoxelizer: number of samples: 184
GWNSampleFloodVoxelizer: samples evaluated
GWNSampleFloodVoxelizer: adaptive threshold = 0.498039
GWNSampleFloodVoxelizer: flooding complete
Voxelization: solid angle evaluations per voxel: 0.31465

Object 2 ROI: [0 314 0] --> [946 508 50]
GWNSampleFloodVoxelizer: number of samples: 261
GWNSampleFloodVoxelizer: samples evaluated
GWNSampleFloodVoxelizer: adaptive threshold = 0.498039
GWNSampleFloodVoxelizer: flooding complete
Voxelization: solid angle evaluations per voxel: 0.513558

GWNSampleFloodVoxelizer::voxelize:
	16 trials
	total = 34.8755 s
	mean  = 2.17972 s
	var   = 0.101276 s^2, std = 0.318238 s
	min   = 1.62502 s
	max   = 2.5938 s

GWNSampleFloodVoxelizer::initIndicator:
	16 trials
	total = 6.01558 s
	mean  = 0.375974 s
	var   = 1.52538e-005 s^2, std = 0.00390561 s
	min   = 0.374983 s
	max   = 0.39062 s

GWNSampleFloodVoxelizer::selectSamples:
	16 trials
	total = 1.82813 s
	mean  = 0.114258 s
	var   = 0.000283867 s^2, std = 0.0168484 s
	min   = 0.093735 s
	max   = 0.140627 s

GWNSampleFloodVoxelizer::evaluateSamples:
	16 trials
	total = 2.37504 s
	mean  = 0.14844 s
	var   = 0.0134446 s^2, std = 0.115951 s
	min   = 0.046874 s
	max   = 0.437505 s

GWNSampleFloodVoxelizer::flood:
	16 trials
	total = 21.6096 s
	mean  = 1.3506 s
	var   = 0.0636722 s^2, std = 0.252334 s
	min   = 0.875013 s
	max   = 1.82815 s


PrintJobVoxelizer: finalizing surfaces
PrintJobVoxelizer: 1804501 surface voxels
PrintJobVoxelizer: getting output subset
PrintJobVoxelizer: updating slice indices
TonalValueCalculator:  runs 14:59:54
slices [349, 399):
	channel 0: occupancy (dense)
	channel 1: opticalFeature (sparse)

SurfaceDistanceOrderedTransfer:  runs 14:59:54
slices [323, 399):
	channel 0: occupancy (dense)
	channel 1: surfaceDist (dense)

SurfaceDistanceOrderedTransfer: 323 349 373
LayerExtractor:  runs 14:59:56
slices [321, 373):
	channel 0: occupancy (dense)
	channel 1: surfaceDist (dense)
	channel 2: layer_000 (sparse)
	channel 3: layer_001 (sparse)
	channel 4: layer_002 (sparse)
	channel 5: layer_003 (sparse)
	channel 6: layer_004 (sparse)
	channel 7: layer_005 (sparse)
	channel 8: layer_006 (sparse)
	channel 9: layer_007 (sparse)

TonalLinearizer:  runs 14:59:58
slices [322, 372):
	channel 0: occupancy (dense)
	channel 1: surfaceDist (dense)
	channel 2: layer_000 (sparse)
	channel 3: layer_001 (sparse)
	channel 4: layer_002 (sparse)
	channel 5: layer_003 (sparse)
	channel 6: layer_004 (sparse)
	channel 7: layer_005 (sparse)
	channel 8: layer_006 (sparse)
	channel 9: layer_007 (sparse)

VectorLayerHalftoner: VectorLayerHalftoner error: no tonal values available

VectorLayerHalftoner:  runs 14:59:58
slices [310, 372):
	channel 0: occupancy (dense)
	channel 1: surfaceDist (dense)
	channel 2: layer_000 (sparse)
	channel 3: layer_001 (sparse)
	channel 4: layer_002 (sparse)
	channel 5: layer_003 (sparse)
	channel 6: layer_004 (sparse)
	channel 7: layer_005 (sparse)
	channel 8: layer_006 (sparse)
	channel 9: layer_007 (sparse)
	channel 10: intermedTonal_0 (sparse)
	channel 11: intermedTonal_1 (sparse)
	channel 12: intermedTonal_2 (sparse)
	channel 13: intermedTonal_3 (sparse)
	channel 14: intermedTonal_4 (sparse)
	channel 15: intermedTonal_5 (sparse)
	channel 16: intermedTonal_6 (sparse)
	channel 17: intermedTonal_7 (sparse)
	channel 18: quantizedTonal (sparse)
	channel 19: errorDiffInfo2 (sparse)
	channel 20: distanceToEmpty (sparse)
	channel 21: errorDiffInfo3 (sparse)
	channel 22: errorDiffInfo4 (sparse)
	channel 23: errorDiffInfo5 (sparse)
	channel 24: errorDiffInfo6 (sparse)
	channel 25: errorDiffInfo7 (sparse)
	channel 26: errorDiffInfo8 (sparse)
	channel 27: errorDiffInfo9 (sparse)

SlaveReporter:  runs 15:0:8
slices [310, 360):
	channel 0: material (dense)
	channel 1: occupancy (dense)

PrintJobVoxelizer:  runs 15:0:8

PrintJobVoxelizer: setting up slices
PrintJobVoxelizer: rasterizing objects
PrintJobVoxelizer: creating rasterizer
PrintJobVoxelizer: rasterizing object 1
PrintJobVoxelizer: rasterizing object 2
Rasterizer::rasterize:
	18 trials
	total = 9.43767 s
	mean  = 0.524315 s
	var   = 0.0730485 s^2, std = 0.270275 s
	min   = 0.125001 s
	max   = 0.984387 s


PrintJobVoxelizer: voxelizing objects
Object 1 ROI: [0 0 0] --> [946 303 50]
GWNSampleFloodVoxelizer: number of samples: 166
GWNSampleFloodVoxelizer: samples evaluated
GWNSampleFloodVoxelizer: adaptive threshold = 0.498039
GWNSampleFloodVoxelizer: flooding complete
Voxelization: solid angle evaluations per voxel: 0.307812

Object 2 ROI: [0 314 0] --> [946 508 50]
GWNSampleFloodVoxelizer: number of samples: 206
GWNSampleFloodVoxelizer: samples evaluated
GWNSampleFloodVoxelizer: adaptive threshold = 0.498039
GWNSampleFloodVoxelizer: flooding complete
Voxelization: solid angle evaluations per voxel: 0.464804

GWNSampleFloodVoxelizer::voxelize:
	18 trials
	total = 39.0943 s
	mean  = 2.17191 s
	var   = 0.109294 s^2, std = 0.330596 s
	min   = 1.62502 s
	max   = 2.5938 s

GWNSampleFloodVoxelizer::initIndicator:
	18 trials
	total = 6.7656 s
	mean  = 0.375866 s
	var   = 1.35573e-005 s^2, std = 0.00368202 s
	min   = 0.374983 s
	max   = 0.39062 s

GWNSampleFloodVoxelizer::selectSamples:
	18 trials
	total = 2.07813 s
	mean  = 0.115452 s
	var   = 0.000291262 s^2, std = 0.0170664 s
	min   = 0.093735 s
	max   = 0.140627 s

GWNSampleFloodVoxelizer::evaluateSamples:
	18 trials
	total = 2.59379 s
	mean  = 0.144099 s
	var   = 0.0122809 s^2, std = 0.110819 s
	min   = 0.046874 s
	max   = 0.437505 s

GWNSampleFloodVoxelizer::flood:
	18 trials
	total = 24.2347 s
	mean  = 1.34637 s
	var   = 0.070235 s^2, std = 0.265019 s
	min   = 0.875013 s
	max   = 1.82815 s


PrintJobVoxelizer: finalizing surfaces
PrintJobVoxelizer: 2060743 surface voxels
PrintJobVoxelizer: getting output subset
PrintJobVoxelizer: updating slice indices
TonalValueCalculator:  runs 15:0:14
slices [399, 449):
	channel 0: occupancy (dense)
	channel 1: opticalFeature (sparse)

SurfaceDistanceOrderedTransfer:  runs 15:0:14
slices [373, 449):
	channel 0: occupancy (dense)
	channel 1: surfaceDist (dense)

SurfaceDistanceOrderedTransfer: 373 399 423
LayerExtractor:  runs 15:0:16
slices [371, 423):
	channel 0: occupancy (dense)
	channel 1: surfaceDist (dense)
	channel 2: layer_000 (sparse)
	channel 3: layer_001 (sparse)
	channel 4: layer_002 (sparse)
	channel 5: layer_003 (sparse)
	channel 6: layer_004 (sparse)
	channel 7: layer_005 (sparse)
	channel 8: layer_006 (sparse)
	channel 9: layer_007 (sparse)

TonalLinearizer:  runs 15:0:17
slices [372, 422):
	channel 0: occupancy (dense)
	channel 1: surfaceDist (dense)
	channel 2: layer_000 (sparse)
	channel 3: layer_001 (sparse)
	channel 4: layer_002 (sparse)
	channel 5: layer_003 (sparse)
	channel 6: layer_004 (sparse)
	channel 7: layer_005 (sparse)
	channel 8: layer_006 (sparse)
	channel 9: layer_007 (sparse)

VectorLayerHalftoner: VectorLayerHalftoner error: no tonal values available

VectorLayerHalftoner:  runs 15:0:18
slices [360, 422):
	channel 0: occupancy (dense)
	channel 1: surfaceDist (dense)
	channel 2: layer_000 (sparse)
	channel 3: layer_001 (sparse)
	channel 4: layer_002 (sparse)
	channel 5: layer_003 (sparse)
	channel 6: layer_004 (sparse)
	channel 7: layer_005 (sparse)
	channel 8: layer_006 (sparse)
	channel 9: layer_007 (sparse)
	channel 10: intermedTonal_0 (sparse)
	channel 11: intermedTonal_1 (sparse)
	channel 12: intermedTonal_2 (sparse)
	channel 13: intermedTonal_3 (sparse)
	channel 14: intermedTonal_4 (sparse)
	channel 15: intermedTonal_5 (sparse)
	channel 16: intermedTonal_6 (sparse)
	channel 17: intermedTonal_7 (sparse)
	channel 18: quantizedTonal (sparse)
	channel 19: errorDiffInfo2 (sparse)
	channel 20: distanceToEmpty (sparse)
	channel 21: errorDiffInfo3 (sparse)
	channel 22: errorDiffInfo4 (sparse)
	channel 23: errorDiffInfo5 (sparse)
	channel 24: errorDiffInfo6 (sparse)
	channel 25: errorDiffInfo7 (sparse)
	channel 26: errorDiffInfo8 (sparse)
	channel 27: errorDiffInfo9 (sparse)

SlaveReporter:  runs 15:0:28
slices [360, 410):
	channel 0: material (dense)
	channel 1: occupancy (dense)

PrintJobVoxelizer:  runs 15:0:28

PrintJobVoxelizer: setting up slices
PrintJobVoxelizer: rasterizing objects
PrintJobVoxelizer: creating rasterizer
PrintJobVoxelizer: rasterizing object 1
PrintJobVoxelizer: rasterizing object 2
Rasterizer::rasterize:
	20 trials
	total = 10.3908 s
	mean  = 0.51954 s
	var   = 0.0734457 s^2, std = 0.271009 s
	min   = 0.125001 s
	max   = 0.984387 s


PrintJobVoxelizer: voxelizing objects
Object 1 ROI: [0 0 0] --> [946 303 50]
GWNSampleFloodVoxelizer: number of samples: 187
GWNSampleFloodVoxelizer: samples evaluated
GWNSampleFloodVoxelizer: adaptive threshold = 0.498039
GWNSampleFloodVoxelizer: flooding complete
Voxelization: solid angle evaluations per voxel: 0.314036

Object 2 ROI: [0 314 0] --> [946 508 50]
GWNSampleFloodVoxelizer: number of samples: 165
GWNSampleFloodVoxelizer: samples evaluated
GWNSampleFloodVoxelizer: adaptive threshold = 0.498039
GWNSampleFloodVoxelizer: flooding complete
Voxelization: solid angle evaluations per voxel: 0.439782

GWNSampleFloodVoxelizer::voxelize:
	20 trials
	total = 43.3287 s
	mean  = 2.16644 s
	var   = 0.114784 s^2, std = 0.338798 s
	min   = 1.62502 s
	max   = 2.5938 s

GWNSampleFloodVoxelizer::initIndicator:
	20 trials
	total = 7.5156 s
	mean  = 0.37578 s
	var   = 1.22006e-005 s^2, std = 0.00349293 s
	min   = 0.374983 s
	max   = 0.39062 s

GWNSampleFloodVoxelizer::selectSamples:
	20 trials
	total = 2.32814 s
	mean  = 0.116407 s
	var   = 0.000294942 s^2, std = 0.0171739 s
	min   = 0.093735 s
	max   = 0.140627 s

GWNSampleFloodVoxelizer::evaluateSamples:
	20 trials
	total = 2.79692 s
	mean  = 0.139846 s
	var   = 0.0114744 s^2, std = 0.107119 s
	min   = 0.046874 s
	max   = 0.437505 s

GWNSampleFloodVoxelizer::flood:
	20 trials
	total = 26.891 s
	mean  = 1.34455 s
	var   = 0.0742069 s^2, std = 0.272409 s
	min   = 0.875013 s
	max   = 1.82815 s


PrintJobVoxelizer: finalizing surfaces
PrintJobVoxelizer: 2256488 surface voxels
PrintJobVoxelizer: getting output subset
PrintJobVoxelizer: updating slice indices
TonalValueCalculator:  runs 15:0:34
slices [449, 499):
	channel 0: occupancy (dense)
	channel 1: opticalFeature (sparse)

SurfaceDistanceOrderedTransfer:  runs 15:0:34
slices [423, 499):
	channel 0: occupancy (dense)
	channel 1: surfaceDist (dense)

SurfaceDistanceOrderedTransfer: 423 449 473
LayerExtractor:  runs 15:0:36
slices [421, 473):
	channel 0: occupancy (dense)
	channel 1: surfaceDist (dense)
	channel 2: layer_000 (sparse)
	channel 3: layer_001 (sparse)
	channel 4: layer_002 (sparse)
	channel 5: layer_003 (sparse)
	channel 6: layer_004 (sparse)
	channel 7: layer_005 (sparse)
	channel 8: layer_006 (sparse)
	channel 9: layer_007 (sparse)

TonalLinearizer:  runs 15:0:37
slices [422, 472):
	channel 0: occupancy (dense)
	channel 1: surfaceDist (dense)
	channel 2: layer_000 (sparse)
	channel 3: layer_001 (sparse)
	channel 4: layer_002 (sparse)
	channel 5: layer_003 (sparse)
	channel 6: layer_004 (sparse)
	channel 7: layer_005 (sparse)
	channel 8: layer_006 (sparse)
	channel 9: layer_007 (sparse)

VectorLayerHalftoner: VectorLayerHalftoner error: no tonal values available

VectorLayerHalftoner:  runs 15:0:37
slices [410, 472):
	channel 0: occupancy (dense)
	channel 1: surfaceDist (dense)
	channel 2: layer_000 (sparse)
	channel 3: layer_001 (sparse)
	channel 4: layer_002 (sparse)
	channel 5: layer_003 (sparse)
	channel 6: layer_004 (sparse)
	channel 7: layer_005 (sparse)
	channel 8: layer_006 (sparse)
	channel 9: layer_007 (sparse)
	channel 10: intermedTonal_0 (sparse)
	channel 11: intermedTonal_1 (sparse)
	channel 12: intermedTonal_2 (sparse)
	channel 13: intermedTonal_3 (sparse)
	channel 14: intermedTonal_4 (sparse)
	channel 15: intermedTonal_5 (sparse)
	channel 16: intermedTonal_6 (sparse)
	channel 17: intermedTonal_7 (sparse)
	channel 18: quantizedTonal (sparse)
	channel 19: errorDiffInfo2 (sparse)
	channel 20: distanceToEmpty (sparse)
	channel 21: errorDiffInfo3 (sparse)
	channel 22: errorDiffInfo4 (sparse)
	channel 23: errorDiffInfo5 (sparse)
	channel 24: errorDiffInfo6 (sparse)
	channel 25: errorDiffInfo7 (sparse)
	channel 26: errorDiffInfo8 (sparse)
	channel 27: errorDiffInfo9 (sparse)

SlaveReporter:  runs 15:0:45
slices [410, 460):
	channel 0: material (dense)
	channel 1: occupancy (dense)

PrintJobVoxelizer:  runs 15:0:45

PrintJobVoxelizer: setting up slices
PrintJobVoxelizer: rasterizing objects
PrintJobVoxelizer: creating rasterizer
PrintJobVoxelizer: rasterizing object 1
PrintJobVoxelizer: rasterizing object 2
Rasterizer::rasterize:
	22 trials
	total = 11.3283 s
	mean  = 0.514925 s
	var   = 0.0742084 s^2, std = 0.272412 s
	min   = 0.125001 s
	max   = 0.984387 s


PrintJobVoxelizer: voxelizing objects
Object 1 ROI: [0 0 0] --> [946 303 50]
GWNSampleFloodVoxelizer: number of samples: 221
GWNSampleFloodVoxelizer: samples evaluated
GWNSampleFloodVoxelizer: adaptive threshold = 0.498039
GWNSampleFloodVoxelizer: flooding complete
Voxelization: solid angle evaluations per voxel: 0.423557

Object 2 ROI: [0 314 0] --> [946 508 50]
GWNSampleFloodVoxelizer: number of samples: 131
GWNSampleFloodVoxelizer: samples evaluated
GWNSampleFloodVoxelizer: adaptive threshold = 0.498039
GWNSampleFloodVoxelizer: flooding complete
Voxelization: solid angle evaluations per voxel: 0.523392

GWNSampleFloodVoxelizer::voxelize:
	22 trials
	total = 47.4069 s
	mean  = 2.15486 s
	var   = 0.117027 s^2, std = 0.342093 s
	min   = 1.62502 s
	max   = 2.5938 s

GWNSampleFloodVoxelizer::initIndicator:
	22 trials
	total = 8.26559 s
	mean  = 0.375709 s
	var   = 1.10921e-005 s^2, std = 0.00333048 s
	min   = 0.374983 s
	max   = 0.39062 s

GWNSampleFloodVoxelizer::selectSamples:
	22 trials
	total = 2.54689 s
	mean  = 0.115768 s
	var   = 0.000294387 s^2, std = 0.0171577 s
	min   = 0.093735 s
	max   = 0.140627 s

GWNSampleFloodVoxelizer::evaluateSamples:
	22 trials
	total = 3.04692 s
	mean  = 0.138496 s
	var   = 0.0112378 s^2, std = 0.106008 s
	min   = 0.03125 s
	max   = 0.437505 s

GWNSampleFloodVoxelizer::flood:
	22 trials
	total = 29.3598 s
	mean  = 1.33453 s
	var   = 0.0741427 s^2, std = 0.272292 s
	min   = 0.875013 s
	max   = 1.82815 s


PrintJobVoxelizer: finalizing surfaces
PrintJobVoxelizer: 2440432 surface voxels
PrintJobVoxelizer: getting output subset
PrintJobVoxelizer: updating slice indices
TonalValueCalculator:  runs 15:0:50
slices [499, 549):
	channel 0: occupancy (dense)
	channel 1: opticalFeature (sparse)

SurfaceDistanceOrderedTransfer:  runs 15:0:50
slices [473, 549):
	channel 0: occupancy (dense)
	channel 1: surfaceDist (dense)

SurfaceDistanceOrderedTransfer: 473 499 523
LayerExtractor:  runs 15:0:52
slices [471, 523):
	channel 0: occupancy (dense)
	channel 1: surfaceDist (dense)
	channel 2: layer_000 (sparse)
	channel 3: layer_001 (sparse)
	channel 4: layer_002 (sparse)
	channel 5: layer_003 (sparse)
	channel 6: layer_004 (sparse)
	channel 7: layer_005 (sparse)
	channel 8: layer_006 (sparse)
	channel 9: layer_007 (sparse)

TonalLinearizer:  runs 15:0:53
slices [472, 522):
	channel 0: occupancy (dense)
	channel 1: surfaceDist (dense)
	channel 2: layer_000 (sparse)
	channel 3: layer_001 (sparse)
	channel 4: layer_002 (sparse)
	channel 5: layer_003 (sparse)
	channel 6: layer_004 (sparse)
	channel 7: layer_005 (sparse)
	channel 8: layer_006 (sparse)
	channel 9: layer_007 (sparse)

VectorLayerHalftoner: VectorLayerHalftoner error: no tonal values available

VectorLayerHalftoner:  runs 15:0:53
slices [460, 522):
	channel 0: occupancy (dense)
	channel 1: surfaceDist (dense)
	channel 2: layer_000 (sparse)
	channel 3: layer_001 (sparse)
	channel 4: layer_002 (sparse)
	channel 5: layer_003 (sparse)
	channel 6: layer_004 (sparse)
	channel 7: layer_005 (sparse)
	channel 8: layer_006 (sparse)
	channel 9: layer_007 (sparse)
	channel 10: intermedTonal_0 (sparse)
	channel 11: intermedTonal_1 (sparse)
	channel 12: intermedTonal_2 (sparse)
	channel 13: intermedTonal_3 (sparse)
	channel 14: intermedTonal_4 (sparse)
	channel 15: intermedTonal_5 (sparse)
	channel 16: intermedTonal_6 (sparse)
	channel 17: intermedTonal_7 (sparse)
	channel 18: quantizedTonal (sparse)
	channel 19: errorDiffInfo2 (sparse)
	channel 20: distanceToEmpty (sparse)
	channel 21: errorDiffInfo3 (sparse)
	channel 22: errorDiffInfo4 (sparse)
	channel 23: errorDiffInfo5 (sparse)
	channel 24: errorDiffInfo6 (sparse)
	channel 25: errorDiffInfo7 (sparse)
	channel 26: errorDiffInfo8 (sparse)
	channel 27: errorDiffInfo9 (sparse)

SlaveReporter:  runs 15:0:59
slices [460, 510):
	channel 0: material (dense)
	channel 1: occupancy (dense)

PrintJobVoxelizer:  runs 15:0:59

PrintJobVoxelizer: setting up slices
PrintJobVoxelizer: rasterizing objects
PrintJobVoxelizer: creating rasterizer
PrintJobVoxelizer: rasterizing object 1
PrintJobVoxelizer: rasterizing object 2
Rasterizer::rasterize:
	24 trials
	total = 12.2971 s
	mean  = 0.51238 s
	var   = 0.0763219 s^2, std = 0.276264 s
	min   = 0.125001 s
	max   = 0.984387 s


PrintJobVoxelizer: voxelizing objects
Object 1 ROI: [0 0 0] --> [946 303 50]
GWNSampleFloodVoxelizer: number of samples: 248
GWNSampleFloodVoxelizer: samples evaluated
GWNSampleFloodVoxelizer: adaptive threshold = 0.498039
GWNSampleFloodVoxelizer: flooding complete
Voxelization: solid angle evaluations per voxel: 0.481218

Object 2 ROI: [0 314 0] --> [946 508 50]
GWNSampleFloodVoxelizer: number of samples: 129
GWNSampleFloodVoxelizer: samples evaluated
GWNSampleFloodVoxelizer: adaptive threshold = 0.498039
GWNSampleFloodVoxelizer: flooding complete
Voxelization: solid angle evaluations per voxel: 0.579529

GWNSampleFloodVoxelizer::voxelize:
	24 trials
	total = 51.8757 s
	mean  = 2.16149 s
	var   = 0.110413 s^2, std = 0.332284 s
	min   = 1.62502 s
	max   = 2.5938 s

GWNSampleFloodVoxelizer::initIndicator:
	24 trials
	total = 9.01559 s
	mean  = 0.375649 s
	var   = 1.01679e-005 s^2, std = 0.00318872 s
	min   = 0.374983 s
	max   = 0.39062 s

GWNSampleFloodVoxelizer::selectSamples:
	24 trials
	total = 2.79689 s
	mean  = 0.116537 s
	var   = 0.000296815 s^2, std = 0.0172283 s
	min   = 0.093735 s
	max   = 0.140627 s

GWNSampleFloodVoxelizer::evaluateSamples:
	24 trials
	total = 3.3438 s
	mean  = 0.139325 s
	var   = 0.0111655 s^2, std = 0.105667 s
	min   = 0.03125 s
	max   = 0.437505 s

GWNSampleFloodVoxelizer::flood:
	24 trials
	total = 32.1567 s
	mean  = 1.33986 s
	var   = 0.0684511 s^2, std = 0.261632 s
	min   = 0.875013 s
	max   = 1.82815 s


PrintJobVoxelizer: finalizing surfaces
PrintJobVoxelizer: 2616512 surface voxels
PrintJobVoxelizer: getting output subset
PrintJobVoxelizer: updating slice indices
TonalValueCalculator:  runs 15:1:5
slices [549, 599):
	channel 0: occupancy (dense)
	channel 1: opticalFeature (sparse)

SurfaceDistanceOrderedTransfer:  runs 15:1:5
slices [523, 599):
	channel 0: occupancy (dense)
	channel 1: surfaceDist (dense)

SurfaceDistanceOrderedTransfer: 523 549 573
LayerExtractor:  runs 15:1:8
slices [521, 573):
	channel 0: occupancy (dense)
	channel 1: surfaceDist (dense)
	channel 2: layer_000 (sparse)
	channel 3: layer_001 (sparse)
	channel 4: layer_002 (sparse)
	channel 5: layer_003 (sparse)
	channel 6: layer_004 (sparse)
	channel 7: layer_005 (sparse)
	channel 8: layer_006 (sparse)
	channel 9: layer_007 (sparse)

TonalLinearizer:  runs 15:1:8
slices [522, 572):
	channel 0: occupancy (dense)
	channel 1: surfaceDist (dense)
	channel 2: layer_000 (sparse)
	channel 3: layer_001 (sparse)
	channel 4: layer_002 (sparse)
	channel 5: layer_003 (sparse)
	channel 6: layer_004 (sparse)
	channel 7: layer_005 (sparse)
	channel 8: layer_006 (sparse)
	channel 9: layer_007 (sparse)

VectorLayerHalftoner: VectorLayerHalftoner error: no tonal values available

VectorLayerHalftoner:  runs 15:1:9
slices [510, 572):
	channel 0: occupancy (dense)
	channel 1: surfaceDist (dense)
	channel 2: layer_000 (sparse)
	channel 3: layer_001 (sparse)
	channel 4: layer_002 (sparse)
	channel 5: layer_003 (sparse)
	channel 6: layer_004 (sparse)
	channel 7: layer_005 (sparse)
	channel 8: layer_006 (sparse)
	channel 9: layer_007 (sparse)
	channel 10: intermedTonal_0 (sparse)
	channel 11: intermedTonal_1 (sparse)
	channel 12: intermedTonal_2 (sparse)
	channel 13: intermedTonal_3 (sparse)
	channel 14: intermedTonal_4 (sparse)
	channel 15: intermedTonal_5 (sparse)
	channel 16: intermedTonal_6 (sparse)
	channel 17: intermedTonal_7 (sparse)
	channel 18: quantizedTonal (sparse)
	channel 19: errorDiffInfo2 (sparse)
	channel 20: distanceToEmpty (sparse)
	channel 21: errorDiffInfo3 (sparse)
	channel 22: errorDiffInfo4 (sparse)
	channel 23: errorDiffInfo5 (sparse)
	channel 24: errorDiffInfo6 (sparse)
	channel 25: errorDiffInfo7 (sparse)
	channel 26: errorDiffInfo8 (sparse)
	channel 27: errorDiffInfo9 (sparse)

SlaveReporter:  runs 15:1:14
slices [510, 560):
	channel 0: material (dense)
	channel 1: occupancy (dense)

PrintJobVoxelizer:  runs 15:1:14

PrintJobVoxelizer: setting up slices
PrintJobVoxelizer: rasterizing objects
PrintJobVoxelizer: creating rasterizer
PrintJobVoxelizer: rasterizing object 1
PrintJobVoxelizer: rasterizing object 2
Rasterizer::rasterize:
	26 trials
	total = 13.2346 s
	mean  = 0.509025 s
	var   = 0.0825644 s^2, std = 0.28734 s
	min   = 0.078131 s
	max   = 0.984387 s


PrintJobVoxelizer: voxelizing objects
Object 1 ROI: [0 0 0] --> [946 303 50]
GWNSampleFloodVoxelizer: number of samples: 310
GWNSampleFloodVoxelizer: samples evaluated
GWNSampleFloodVoxelizer: adaptive threshold = 0.498039
GWNSampleFloodVoxelizer: flooding complete
Voxelization: solid angle evaluations per voxel: 0.691953

Object 2 ROI: [0 314 0] --> [946 508 5]
GWNSampleFloodVoxelizer: number of samples: 38
GWNSampleFloodVoxelizer: samples evaluated
GWNSampleFloodVoxelizer: adaptive threshold = 0.498039
GWNSampleFloodVoxelizer: flooding complete
Voxelization: solid angle evaluations per voxel: 0.720913

GWNSampleFloodVoxelizer::voxelize:
	26 trials
	total = 56.2508 s
	mean  = 2.16349 s
	var   = 0.1229 s^2, std = 0.350571 s
	min   = 1.62502 s
	max   = 2.70316 s

GWNSampleFloodVoxelizer::initIndicator:
	26 trials
	total = 9.76558 s
	mean  = 0.375599 s
	var   = 9.38617e-006 s^2, std = 0.00306369 s
	min   = 0.374983 s
	max   = 0.39062 s

GWNSampleFloodVoxelizer::selectSamples:
	26 trials
	total = 2.93752 s
	mean  = 0.112982 s
	var   = 0.000670118 s^2, std = 0.0258866 s
	min   = 0.015625 s
	max   = 0.140627 s

GWNSampleFloodVoxelizer::evaluateSamples:
	26 trials
	total = 3.71881 s
	mean  = 0.143031 s
	var   = 0.012807 s^2, std = 0.113168 s
	min   = 0.015626 s
	max   = 0.437505 s

GWNSampleFloodVoxelizer::flood:
	26 trials
	total = 34.8755 s
	mean  = 1.34136 s
	var   = 0.0693314 s^2, std = 0.263309 s
	min   = 0.875013 s
	max   = 1.82815 s


PrintJobVoxelizer: finalizing surfaces
PrintJobVoxelizer: 2773129 surface voxels
PrintJobVoxelizer: getting output subset
PrintJobVoxelizer: updating slice indices
TonalValueCalculator:  runs 15:1:20
slices [599, 649):
	channel 0: occupancy (dense)
	channel 1: opticalFeature (sparse)

SurfaceDistanceOrderedTransfer:  runs 15:1:20
slices [573, 649):
	channel 0: occupancy (dense)
	channel 1: surfaceDist (dense)

SurfaceDistanceOrderedTransfer: 573 599 623
LayerExtractor:  runs 15:1:23
slices [571, 623):
	channel 0: occupancy (dense)
	channel 1: surfaceDist (dense)
	channel 2: layer_000 (sparse)
	channel 3: layer_001 (sparse)
	channel 4: layer_002 (sparse)
	channel 5: layer_003 (sparse)
	channel 6: layer_004 (sparse)
	channel 7: layer_005 (sparse)
	channel 8: layer_006 (sparse)
	channel 9: layer_007 (sparse)

TonalLinearizer:  runs 15:1:23
slices [572, 622):
	channel 0: occupancy (dense)
	channel 1: surfaceDist (dense)
	channel 2: layer_000 (sparse)
	channel 3: layer_001 (sparse)
	channel 4: layer_002 (sparse)
	channel 5: layer_003 (sparse)
	channel 6: layer_004 (sparse)
	channel 7: layer_005 (sparse)
	channel 8: layer_006 (sparse)
	channel 9: layer_007 (sparse)

VectorLayerHalftoner: VectorLayerHalftoner error: no tonal values available

VectorLayerHalftoner:  runs 15:1:24
slices [560, 622):
	channel 0: occupancy (dense)
	channel 1: surfaceDist (dense)
	channel 2: layer_000 (sparse)
	channel 3: layer_001 (sparse)
	channel 4: layer_002 (sparse)
	channel 5: layer_003 (sparse)
	channel 6: layer_004 (sparse)
	channel 7: layer_005 (sparse)
	channel 8: layer_006 (sparse)
	channel 9: layer_007 (sparse)
	channel 10: intermedTonal_0 (sparse)
	channel 11: intermedTonal_1 (sparse)
	channel 12: intermedTonal_2 (sparse)
	channel 13: intermedTonal_3 (sparse)
	channel 14: intermedTonal_4 (sparse)
	channel 15: intermedTonal_5 (sparse)
	channel 16: intermedTonal_6 (sparse)
	channel 17: intermedTonal_7 (sparse)
	channel 18: quantizedTonal (sparse)
	channel 19: errorDiffInfo2 (sparse)
	channel 20: distanceToEmpty (sparse)
	channel 21: errorDiffInfo3 (sparse)
	channel 22: errorDiffInfo4 (sparse)
	channel 23: errorDiffInfo5 (sparse)
	channel 24: errorDiffInfo6 (sparse)
	channel 25: errorDiffInfo7 (sparse)
	channel 26: errorDiffInfo8 (sparse)
	channel 27: errorDiffInfo9 (sparse)

SlaveReporter:  runs 15:1:29
slices [560, 610):
	channel 0: material (dense)
	channel 1: occupancy (dense)

PrintJobVoxelizer:  runs 15:1:29

PrintJobVoxelizer: setting up slices
PrintJobVoxelizer: rasterizing objects
PrintJobVoxelizer: creating rasterizer
PrintJobVoxelizer: rasterizing object 1
PrintJobVoxelizer: rasterizing object 2
Rasterizer::rasterize:
	28 trials
	total = 14.0315 s
	mean  = 0.501126 s
	var   = 0.0881452 s^2, std = 0.296893 s
	min   = 0.015624 s
	max   = 0.984387 s


PrintJobVoxelizer: voxelizing objects
Object 1 ROI: [0 0 0] --> [946 303 50]
GWNSampleFloodVoxelizer: number of samples: 261
GWNSampleFloodVoxelizer: samples evaluated
GWNSampleFloodVoxelizer: adaptive threshold = 0.498039
GWNSampleFloodVoxelizer: flooding complete
Voxelization: solid angle evaluations per voxel: 0.53679

Object 2 ROI: [0 314 0] --> [946 508 0]
GWNSampleFloodVoxelizer: number of samples: 0
GWNSampleFloodVoxelizer: samples evaluated
GWNSampleFloodVoxelizer: adaptive threshold = 0.498039
GWNSampleFloodVoxelizer: flooding complete
Voxelization: solid angle evaluations per voxel: 0.53679

GWNSampleFloodVoxelizer::voxelize:
	28 trials
	total = 59.7977 s
	mean  = 2.13563 s
	var   = 0.230095 s^2, std = 0.479683 s
	min   = 0.578147 s
	max   = 2.96878 s

GWNSampleFloodVoxelizer::initIndicator:
	28 trials
	total = 10.5156 s
	mean  = 0.375556 s
	var   = 8.71567e-006 s^2, std = 0.00295223 s
	min   = 0.374983 s
	max   = 0.39062 s

GWNSampleFloodVoxelizer::selectSamples:
	28 trials
	total = 3.07815 s
	mean  = 0.109934 s
	var   = 0.00111192 s^2, std = 0.0333455 s
	min   = 0 s
	max   = 0.140627 s

GWNSampleFloodVoxelizer::evaluateSamples:
	28 trials
	total = 4.00007 s
	mean  = 0.14286 s
	var   = 0.0133237 s^2, std = 0.115428 s
	min   = 0 s
	max   = 0.437505 s

GWNSampleFloodVoxelizer::flood:
	28 trials
	total = 36.8598 s
	mean  = 1.31642 s
	var   = 0.145504 s^2, std = 0.38145 s
	min   = 0 s
	max   = 1.98439 s


PrintJobVoxelizer: finalizing surfaces
PrintJobVoxelizer: 2895066 surface voxels
PrintJobVoxelizer: getting output subset
PrintJobVoxelizer: updating slice indices
TonalValueCalculator:  runs 15:1:34
slices [649, 699):
	channel 0: occupancy (dense)
	channel 1: opticalFeature (sparse)

SurfaceDistanceOrderedTransfer:  runs 15:1:34
slices [623, 699):
	channel 0: occupancy (dense)
	channel 1: surfaceDist (dense)

SurfaceDistanceOrderedTransfer: 623 649 673
LayerExtractor:  runs 15:1:36
slices [621, 673):
	channel 0: occupancy (dense)
	channel 1: surfaceDist (dense)
	channel 2: layer_000 (sparse)
	channel 3: layer_001 (sparse)
	channel 4: layer_002 (sparse)
	channel 5: layer_003 (sparse)
	channel 6: layer_004 (sparse)
	channel 7: layer_005 (sparse)
	channel 8: layer_006 (sparse)
	channel 9: layer_007 (sparse)

TonalLinearizer:  runs 15:1:37
slices [622, 672):
	channel 0: occupancy (dense)
	channel 1: surfaceDist (dense)
	channel 2: layer_000 (sparse)
	channel 3: layer_001 (sparse)
	channel 4: layer_002 (sparse)
	channel 5: layer_003 (sparse)
	channel 6: layer_004 (sparse)
	channel 7: layer_005 (sparse)
	channel 8: layer_006 (sparse)
	channel 9: layer_007 (sparse)

VectorLayerHalftoner: VectorLayerHalftoner error: no tonal values available

VectorLayerHalftoner:  runs 15:1:37
slices [610, 672):
	channel 0: occupancy (dense)
	channel 1: surfaceDist (dense)
	channel 2: layer_000 (sparse)
	channel 3: layer_001 (sparse)
	channel 4: layer_002 (sparse)
	channel 5: layer_003 (sparse)
	channel 6: layer_004 (sparse)
	channel 7: layer_005 (sparse)
	channel 8: layer_006 (sparse)
	channel 9: layer_007 (sparse)
	channel 10: intermedTonal_0 (sparse)
	channel 11: intermedTonal_1 (sparse)
	channel 12: intermedTonal_2 (sparse)
	channel 13: intermedTonal_3 (sparse)
	channel 14: intermedTonal_4 (sparse)
	channel 15: intermedTonal_5 (sparse)
	channel 16: intermedTonal_6 (sparse)
	channel 17: intermedTonal_7 (sparse)
	channel 18: quantizedTonal (sparse)
	channel 19: errorDiffInfo2 (sparse)
	channel 20: distanceToEmpty (sparse)
	channel 21: errorDiffInfo3 (sparse)
	channel 22: errorDiffInfo4 (sparse)
	channel 23: errorDiffInfo5 (sparse)
	channel 24: errorDiffInfo6 (sparse)
	channel 25: errorDiffInfo7 (sparse)
	channel 26: errorDiffInfo8 (sparse)
	channel 27: errorDiffInfo9 (sparse)

SlaveReporter:  runs 15:1:42
slices [610, 660):
	channel 0: material (dense)
	channel 1: occupancy (dense)

PrintJobVoxelizer:  runs 15:1:42

PrintJobVoxelizer: setting up slices
PrintJobVoxelizer: rasterizing objects
PrintJobVoxelizer: creating rasterizer
PrintJobVoxelizer: rasterizing object 1
PrintJobVoxelizer: rasterizing object 2
Rasterizer::rasterize:
	30 trials
	total = 14.3909 s
	mean  = 0.479697 s
	var   = 0.0909437 s^2, std = 0.301569 s
	min   = 0 s
	max   = 0.984387 s


PrintJobVoxelizer: voxelizing objects
Object 1 ROI: [0 0 0] --> [946 303 50]
GWNSampleFloodVoxelizer: number of samples: 151
GWNSampleFloodVoxelizer: samples evaluated
GWNSampleFloodVoxelizer: adaptive threshold = 0.498039
GWNSampleFloodVoxelizer: flooding complete
Voxelization: solid angle evaluations per voxel: 0.192536

Object 2 ROI: [0 314 0] --> [946 508 0]
GWNSampleFloodVoxelizer: number of samples: 0
GWNSampleFloodVoxelizer: samples evaluated
GWNSampleFloodVoxelizer: adaptive threshold = 0.498039
GWNSampleFloodVoxelizer: flooding complete
Voxelization: solid angle evaluations per voxel: 0.192536

GWNSampleFloodVoxelizer::voxelize:
	30 trials
	total = 62.8446 s
	mean  = 2.09482 s
	var   = 0.302033 s^2, std = 0.549575 s
	min   = 0.56251 s
	max   = 2.96878 s

GWNSampleFloodVoxelizer::initIndicator:
	30 trials
	total = 11.2656 s
	mean  = 0.375519 s
	var   = 8.13508e-006 s^2, std = 0.00285221 s
	min   = 0.374983 s
	max   = 0.39062 s

GWNSampleFloodVoxelizer::selectSamples:
	30 trials
	total = 3.21877 s
	mean  = 0.107292 s
	var   = 0.00147725 s^2, std = 0.038435 s
	min   = 0 s
	max   = 0.140627 s

GWNSampleFloodVoxelizer::evaluateSamples:
	30 trials
	total = 4.10945 s
	mean  = 0.136982 s
	var   = 0.0131115 s^2, std = 0.114505 s
	min   = 0 s
	max   = 0.437505 s

GWNSampleFloodVoxelizer::flood:
	30 trials
	total = 38.5317 s
	mean  = 1.28439 s
	var   = 0.198523 s^2, std = 0.445559 s
	min   = 0 s
	max   = 1.98439 s


PrintJobVoxelizer: finalizing surfaces
PrintJobVoxelizer: 2937928 surface voxels
PrintJobVoxelizer: getting output subset
PrintJobVoxelizer: updating slice indices
TonalValueCalculator:  runs 15:1:46
slices [699, 749):
	channel 0: occupancy (dense)
	channel 1: opticalFeature (sparse)

SurfaceDistanceOrderedTransfer:  runs 15:1:46
slices [673, 749):
	channel 0: occupancy (dense)
	channel 1: surfaceDist (dense)

SurfaceDistanceOrderedTransfer: 673 699 723
LayerExtractor:  runs 15:1:48
slices [671, 723):
	channel 0: occupancy (dense)
	channel 1: surfaceDist (dense)
	channel 2: layer_000 (sparse)
	channel 3: layer_001 (sparse)
	channel 4: layer_002 (sparse)
	channel 5: layer_003 (sparse)
	channel 6: layer_004 (sparse)
	channel 7: layer_005 (sparse)
	channel 8: layer_006 (sparse)
	channel 9: layer_007 (sparse)

TonalLinearizer:  runs 15:1:49
slices [672, 722):
	channel 0: occupancy (dense)
	channel 1: surfaceDist (dense)
	channel 2: layer_000 (sparse)
	channel 3: layer_001 (sparse)
	channel 4: layer_002 (sparse)
	channel 5: layer_003 (sparse)
	channel 6: layer_004 (sparse)
	channel 7: layer_005 (sparse)
	channel 8: layer_006 (sparse)
	channel 9: layer_007 (sparse)

VectorLayerHalftoner: VectorLayerHalftoner error: no tonal values available

VectorLayerHalftoner:  runs 15:1:49
slices [660, 722):
	channel 0: occupancy (dense)
	channel 1: surfaceDist (dense)
	channel 2: layer_000 (sparse)
	channel 3: layer_001 (sparse)
	channel 4: layer_002 (sparse)
	channel 5: layer_003 (sparse)
	channel 6: layer_004 (sparse)
	channel 7: layer_005 (sparse)
	channel 8: layer_006 (sparse)
	channel 9: layer_007 (sparse)
	channel 10: intermedTonal_0 (sparse)
	channel 11: intermedTonal_1 (sparse)
	channel 12: intermedTonal_2 (sparse)
	channel 13: intermedTonal_3 (sparse)
	channel 14: intermedTonal_4 (sparse)
	channel 15: intermedTonal_5 (sparse)
	channel 16: intermedTonal_6 (sparse)
	channel 17: intermedTonal_7 (sparse)
	channel 18: quantizedTonal (sparse)
	channel 19: errorDiffInfo2 (sparse)
	channel 20: distanceToEmpty (sparse)
	channel 21: errorDiffInfo3 (sparse)
	channel 22: errorDiffInfo4 (sparse)
	channel 23: errorDiffInfo5 (sparse)
	channel 24: errorDiffInfo6 (sparse)
	channel 25: errorDiffInfo7 (sparse)
	channel 26: errorDiffInfo8 (sparse)
	channel 27: errorDiffInfo9 (sparse)

SlaveReporter:  runs 15:1:52
slices [660, 710):
	channel 0: material (dense)
	channel 1: occupancy (dense)

PrintJobVoxelizer:  runs 15:1:52

PrintJobVoxelizer: setting up slices
PrintJobVoxelizer: rasterizing objects
PrintJobVoxelizer: creating rasterizer
PrintJobVoxelizer: rasterizing object 1
PrintJobVoxelizer: rasterizing object 2
Rasterizer::rasterize:
	32 trials
	total = 14.5784 s
	mean  = 0.455575 s
	var   = 0.0946527 s^2, std = 0.307657 s
	min   = 0 s
	max   = 0.984387 s


PrintJobVoxelizer: voxelizing objects
Object 1 ROI: [0 0 0] --> [946 303 27]
GWNSampleFloodVoxelizer: number of samples: 145
GWNSampleFloodVoxelizer: samples evaluated
GWNSampleFloodVoxelizer: adaptive threshold = 0.498039
GWNSampleFloodVoxelizer: flooding complete
Voxelization: solid angle evaluations per voxel: 0.15154

Object 2 ROI: [0 314 0] --> [946 508 0]
GWNSampleFloodVoxelizer: number of samples: 0
GWNSampleFloodVoxelizer: samples evaluated
GWNSampleFloodVoxelizer: adaptive threshold = 0.498039
GWNSampleFloodVoxelizer: flooding complete
Voxelization: solid angle evaluations per voxel: 0.15154

GWNSampleFloodVoxelizer::voxelize:
	32 trials
	total = 64.454 s
	mean  = 2.01419 s
	var   = 0.400896 s^2, std = 0.633163 s
	min   = 0.281245 s
	max   = 2.96878 s

GWNSampleFloodVoxelizer::initIndicator:
	32 trials
	total = 11.6405 s
	mean  = 0.363767 s
	var   = 0.00214595 s^2, std = 0.0463244 s
	min   = 0.187492 s
	max   = 0.39062 s

GWNSampleFloodVoxelizer::selectSamples:
	32 trials
	total = 3.32817 s
	mean  = 0.104005 s
	var   = 0.00174227 s^2, std = 0.0417405 s
	min   = 0 s
	max   = 0.140627 s

GWNSampleFloodVoxelizer::evaluateSamples:
	32 trials
	total = 4.1563 s
	mean  = 0.129885 s
	var   = 0.0130809 s^2, std = 0.114372 s
	min   = 0 s
	max   = 0.437505 s

GWNSampleFloodVoxelizer::flood:
	32 trials
	total = 39.3911 s
	mean  = 1.23097 s
	var   = 0.241811 s^2, std = 0.491743 s
	min   = 0 s
	max   = 1.98439 s


PrintJobVoxelizer: finalizing surfaces
PrintJobVoxelizer: 2943659 surface voxels
PrintJobVoxelizer: getting output subset
PrintJobVoxelizer: updating slice indices
TonalValueCalculator:  runs 15:1:54
slices [749, 777):
	channel 0: occupancy (dense)
	channel 1: opticalFeature (sparse)

SurfaceDistanceOrderedTransfer:  runs 15:1:54
slices [723, 777):
	channel 0: occupancy (dense)
	channel 1: surfaceDist (dense)

SurfaceDistanceOrderedTransfer: 723 749 777
LayerExtractor:  runs 15:1:57
slices [721, 777):
	channel 0: occupancy (dense)
	channel 1: surfaceDist (dense)
	channel 2: layer_000 (sparse)
	channel 3: layer_001 (sparse)
	channel 4: layer_002 (sparse)
	channel 5: layer_003 (sparse)
	channel 6: layer_004 (sparse)
	channel 7: layer_005 (sparse)
	channel 8: layer_006 (sparse)
	channel 9: layer_007 (sparse)

TonalLinearizer:  runs 15:1:57
slices [722, 777):
	channel 0: occupancy (dense)
	channel 1: surfaceDist (dense)
	channel 2: layer_000 (sparse)
	channel 3: layer_001 (sparse)
	channel 4: layer_002 (sparse)
	channel 5: layer_003 (sparse)
	channel 6: layer_004 (sparse)
	channel 7: layer_005 (sparse)
	channel 8: layer_006 (sparse)
	channel 9: layer_007 (sparse)

VectorLayerHalftoner: VectorLayerHalftoner error: no tonal values available

VectorLayerHalftoner:  runs 15:1:57
slices [710, 777):
	channel 0: occupancy (dense)
	channel 1: surfaceDist (dense)
	channel 2: layer_000 (sparse)
	channel 3: layer_001 (sparse)
	channel 4: layer_002 (sparse)
	channel 5: layer_003 (sparse)
	channel 6: layer_004 (sparse)
	channel 7: layer_005 (sparse)
	channel 8: layer_006 (sparse)
	channel 9: layer_007 (sparse)
	channel 10: intermedTonal_0 (sparse)
	channel 11: intermedTonal_1 (sparse)
	channel 12: intermedTonal_2 (sparse)
	channel 13: intermedTonal_3 (sparse)
	channel 14: intermedTonal_4 (sparse)
	channel 15: intermedTonal_5 (sparse)
	channel 16: intermedTonal_6 (sparse)
	channel 17: intermedTonal_7 (sparse)
	channel 18: quantizedTonal (sparse)
	channel 19: errorDiffInfo2 (sparse)
	channel 20: distanceToEmpty (sparse)
	channel 21: errorDiffInfo3 (sparse)
	channel 22: errorDiffInfo4 (sparse)
	channel 23: errorDiffInfo5 (sparse)
	channel 24: errorDiffInfo6 (sparse)
	channel 25: errorDiffInfo7 (sparse)
	channel 26: errorDiffInfo8 (sparse)
	channel 27: errorDiffInfo9 (sparse)

SlaveReporter:  runs 15:2:0
slices [710, 777):
	channel 0: material (dense)
	channel 1: occupancy (dense)

Computation finished 

Status: success
Slave Node  3 :Total execution time in seconds 335.364

