SlavePrintingSoftware::startUp:
	1 trials
	total = 0.343724 s
	mean  = 0.343724 s
	var   = 0 s^2, std = 0 s
	min   = 0.343724 s
	max   = 0.343724 s

PrintingSoftware::execute:
	1 trials
	total = 557.867 s
	mean  = 557.867 s
	var   = 0 s^2, std = 0 s
	min   = 557.867 s
	max   = 557.867 s

SlavePrintingSoftware::communicateData:
	7 trials
	total = 0.046879 s
	mean  = 0.006697 s
	var   = 0.000151147 s^2, std = 0.0122942 s
	min   = 0 s
	max   = 0.03125 s

SlavePJCollector::deserialize:
	2 trials
	total = 0.046875 s
	mean  = 0.0234375 s
	var   = 0.00012207 s^2, std = 0.0110485 s
	min   = 0.015625 s
	max   = 0.03125 s

SlavePJCollector::Receive:
	7 trials
	total = 25.5628 s
	mean  = 3.65182 s
	var   = 74.4097 s^2, std = 8.62611 s
	min   = 0 s
	max   = 23.1721 s

PrintJobOrganizer::setInput:
	1 trials
	total = 0 s
	mean  = 0 s
	var   = 0 s^2, std = 0 s
	min   = 0 s
	max   = 0 s

PrintJobOrganizer::runInternal:
	1 trials
	total = 0.390629 s
	mean  = 0.390629 s
	var   = 0 s^2, std = 0 s
	min   = 0.390629 s
	max   = 0.390629 s

PrintJobPreprocessor::setInput:
	1 trials
	total = 0 s
	mean  = 0 s
	var   = 0 s^2, std = 0 s
	min   = 0 s
	max   = 0 s

PrintJobPreprocessor::runInternal:
	1 trials
	total = 1.00002 s
	mean  = 1.00002 s
	var   = 0 s^2, std = 0 s
	min   = 1.00002 s
	max   = 1.00002 s

PrintJobVoxelizer::setInput:
	32 trials
	total = 0 s
	mean  = 0 s
	var   = 0 s^2, std = 0 s
	min   = 0 s
	max   = 0 s

PrintJobVoxelizer::runInternal:
	32 trials
	total = 145.839 s
	mean  = 4.55748 s
	var   = 0.643971 s^2, std = 0.802478 s
	min   = 0.51563 s
	max   = 5.09786 s

PrintJobVoxelizer::rasterizeObjects:
	32 trials
	total = 27.6756 s
	mean  = 0.864864 s
	var   = 0.0673472 s^2, std = 0.259513 s
	min   = 0.296866 s
	max   = 1.20312 s

PrintJobVoxelizer::voxelizeObjects:
	32 trials
	total = 110.084 s
	mean  = 3.44012 s
	var   = 0.358528 s^2, std = 0.598772 s
	min   = 0.218753 s
	max   = 3.86045 s

PrintJobVoxelizer::finalizeSurfaces:
	32 trials
	total = 2.37192 s
	mean  = 0.0741223 s
	var   = 0.000264136 s^2, std = 0.0162523 s
	min   = 0 s
	max   = 0.098026 s

TonalValueCalculator::setInput:
	32 trials
	total = 0 s
	mean  = 0 s
	var   = 0 s^2, std = 0 s
	min   = 0 s
	max   = 0 s

TonalValueCalculator::runInternal:
	32 trials
	total = 0.849619 s
	mean  = 0.0265506 s
	var   = 0.000121031 s^2, std = 0.0110014 s
	min   = 0 s
	max   = 0.042012 s

SurfaceDistanceOrderedTransfer::setInput:
	32 trials
	total = 0 s
	mean  = 0 s
	var   = 0 s^2, std = 0 s
	min   = 0 s
	max   = 0 s

SurfaceDistanceOrderedTransfer::runInternal:
	32 trials
	total = 51.6615 s
	mean  = 1.61442 s
	var   = 0.0289612 s^2, std = 0.17018 s
	min   = 1.1089 s
	max   = 1.91054 s

SurfaceDistanceOrderedTransfer::buildOrderedSurfaceData:
	32 trials
	total = 1.37162 s
	mean  = 0.0428631 s
	var   = 0.0092624 s^2, std = 0.0962414 s
	min   = 0 s
	max   = 0.565149 s

SurfaceDistanceOrderedTransfer::fillDistanceChannel:
	32 trials
	total = 4.83147 s
	mean  = 0.150983 s
	var   = 0.000313213 s^2, std = 0.0176978 s
	min   = 0.064919 s
	max   = 0.17189 s

SurfaceDistanceOrderedTransfer::transfer:
	32 trials
	total = 43.8311 s
	mean  = 1.36972 s
	var   = 0.0419491 s^2, std = 0.204815 s
	min   = 0.515616 s
	max   = 1.64938 s

SurfaceDistanceOrderedTransfer::mergeDistances:
	32 trials
	total = 0 s
	mean  = 0 s
	var   = 0 s^2, std = 0 s
	min   = 0 s
	max   = 0 s

SurfaceDistanceOrderedTransfer::applySqrt:
	32 trials
	total = 1.62628 s
	mean  = 0.0508213 s
	var   = 0.00025214 s^2, std = 0.0158789 s
	min   = 0.013016 s
	max   = 0.084189 s

LayerExtractor::setInput:
	32 trials
	total = 0.001 s
	mean  = 3.125e-005 s
	var   = 3.125e-008 s^2, std = 0.000176777 s
	min   = 0 s
	max   = 0.001 s

LayerExtractor::runInternal:
	32 trials
	total = 37.9655 s
	mean  = 1.18642 s
	var   = 0.110269 s^2, std = 0.332068 s
	min   = 0.281235 s
	max   = 1.61767 s

VectorLayerHalftoner::setInput:
	32 trials
	total = 0.000126 s
	mean  = 3.9375e-006 s
	var   = 4.96125e-010 s^2, std = 2.22739e-005 s
	min   = 0 s
	max   = 0.000126 s

VectorLayerHalftoner::runInternal:
	32 trials
	total = 268.119 s
	mean  = 8.37873 s
	var   = 5.74223 s^2, std = 2.3963 s
	min   = 1.70315 s
	max   = 11.7181 s

VectorLayerHalftoner(0)::setupOutputContainerSlaveReporter::serializeSlice:
	1552 trials
	total = 14.5742 s
	mean  = 0.00939056 s
	var   = 6.89358e-005 s^2, std = 0.00830276 s
	min   = 0 s
	max   = 0.046876 s

SlaveReporter::Send:
	4692 trials
	total = 4.66253 s
	mean  = 0.00099372 s
	var   = 2.28722e-005 s^2, std = 0.00478249 s
	min   = 0 s
	max   = 0.078127 s

SlaveReporter::CompressData:
	1552 trials
	total = 21.6864 s
	mean  = 0.0139732 s
	var   = 5.24738e-005 s^2, std = 0.00724388 s
	min   = 0 s
	max   = 0.046878 s

