SlavePrintingSoftware::startUp:
	1 trials
	total = 0.51634 s
	mean  = 0.51634 s
	var   = 0 s^2, std = 0 s
	min   = 0.51634 s
	max   = 0.51634 s

PrintingSoftware::execute:
	1 trials
	total = 3121.97 s
	mean  = 3121.97 s
	var   = 0 s^2, std = 0 s
	min   = 3121.97 s
	max   = 3121.97 s

DistributedComputingInitiator::Receive:
	1 trials
	total = 18.7339 s
	mean  = 18.7339 s
	var   = 0 s^2, std = 0 s
	min   = 18.7339 s
	max   = 18.7339 s

FileParserPJ::setInput:
	1 trials
	total = 0 s
	mean  = 0 s
	var   = 0 s^2, std = 0 s
	min   = 0 s
	max   = 0 s

FileParserPJ::runInternal:
	1 trials
	total = 6.86532 s
	mean  = 6.86532 s
	var   = 0 s^2, std = 0 s
	min   = 6.86532 s
	max   = 6.86532 s

PrintJobOrganizer::setInput:
	1 trials
	total = 0.00177 s
	mean  = 0.00177 s
	var   = 0 s^2, std = 0 s
	min   = 0.00177 s
	max   = 0.00177 s

PrintJobOrganizer::runInternal:
	1 trials
	total = 0.479265 s
	mean  = 0.479265 s
	var   = 0 s^2, std = 0 s
	min   = 0.479265 s
	max   = 0.479265 s

PrintJobPreprocessor::setInput:
	1 trials
	total = 0 s
	mean  = 0 s
	var   = 0 s^2, std = 0 s
	min   = 0 s
	max   = 0 s

PrintJobPreprocessor::runInternal:
	1 trials
	total = 1.96482 s
	mean  = 1.96482 s
	var   = 0 s^2, std = 0 s
	min   = 1.96482 s
	max   = 1.96482 s

PrintJobVoxelizer::setInput:
	32 trials
	total = 0 s
	mean  = 0 s
	var   = 0 s^2, std = 0 s
	min   = 0 s
	max   = 0 s

PrintJobVoxelizer::runInternal:
	32 trials
	total = 392.029 s
	mean  = 12.2509 s
	var   = 4.72192 s^2, std = 2.173 s
	min   = 1.10968 s
	max   = 15.2397 s

PrintJobVoxelizer::rasterizeObjects:
	32 trials
	total = 48.2024 s
	mean  = 1.50633 s
	var   = 0.247753 s^2, std = 0.497748 s
	min   = 0.337573 s
	max   = 2.06883 s

PrintJobVoxelizer::voxelizeObjects:
	32 trials
	total = 328.648 s
	mean  = 10.2702 s
	var   = 4.11102 s^2, std = 2.02757 s
	min   = 0.754418 s
	max   = 14.3612 s

PrintJobVoxelizer::finalizeSurfaces:
	32 trials
	total = 4.48679 s
	mean  = 0.140212 s
	var   = 0.000814105 s^2, std = 0.0285325 s
	min   = 0.001004 s
	max   = 0.162786 s

TonalValueCalculator::setInput:
	32 trials
	total = 0 s
	mean  = 0 s
	var   = 0 s^2, std = 0 s
	min   = 0 s
	max   = 0 s

TonalValueCalculator::runInternal:
	32 trials
	total = 1.99349 s
	mean  = 0.0622967 s
	var   = 0.000677256 s^2, std = 0.0260241 s
	min   = 0.006015 s
	max   = 0.100276 s

SurfaceDistanceOrderedTransfer::setInput:
	32 trials
	total = 0.000501 s
	mean  = 1.56562e-005 s
	var   = 7.84378e-009 s^2, std = 8.85651e-005 s
	min   = 0 s
	max   = 0.000501 s

SurfaceDistanceOrderedTransfer::runInternal:
	32 trials
	total = 192.908 s
	mean  = 6.02838 s
	var   = 0.648345 s^2, std = 0.805199 s
	min   = 3.22057 s
	max   = 6.82101 s

SurfaceDistanceOrderedTransfer::buildOrderedSurfaceData:
	32 trials
	total = 2.94608 s
	mean  = 0.092065 s
	var   = 0.0311033 s^2, std = 0.176361 s
	min   = 0 s
	max   = 1.04744 s

SurfaceDistanceOrderedTransfer::fillDistanceChannel:
	32 trials
	total = 18.1881 s
	mean  = 0.568377 s
	var   = 0.00604418 s^2, std = 0.0777443 s
	min   = 0.23913 s
	max   = 0.655677 s

SurfaceDistanceOrderedTransfer::transfer:
	32 trials
	total = 169.701 s
	mean  = 5.30315 s
	var   = 0.696258 s^2, std = 0.834421 s
	min   = 1.91645 s
	max   = 6.0441 s

SurfaceDistanceOrderedTransfer::mergeDistances:
	64 trials
	total = 12.5387 s
	mean  = 0.195917 s
	var   = 0.000579479 s^2, std = 0.0240724 s
	min   = 0.093747 s
	max   = 0.215066 s

SurfaceDistanceOrderedTransfer::applySqrt:
	32 trials
	total = 2.0616 s
	mean  = 0.0644251 s
	var   = 0.000341383 s^2, std = 0.0184766 s
	min   = 0.016543 s
	max   = 0.100261 s

LayerExtractor::setInput:
	32 trials
	total = 0.001996 s
	mean  = 6.2375e-005 s
	var   = 2.81151e-008 s^2, std = 0.000167676 s
	min   = 0 s
	max   = 0.000502 s

LayerExtractor::runInternal:
	32 trials
	total = 75.6759 s
	mean  = 2.36487 s
	var   = 0.534198 s^2, std = 0.730889 s
	min   = 0.44768 s
	max   = 3.36945 s

VectorLayerHalftoner::setInput:
	32 trials
	total = 0.026157 s
	mean  = 0.000817406 s
	var   = 7.71523e-006 s^2, std = 0.00277763 s
	min   = 0 s
	max   = 0.015626 s

VectorLayerHalftoner::runInternal:
	32 trials
	total = 701.245 s
	mean  = 21.9139 s
	var   = 67.7403 s^2, std = 8.23045 s
	min   = 3.00217 s
	max   = 34.7013 s

VectorLayerHalftoner(0)::setupOutputContainerSlaveReporter::serializeSlice:
	1552 trials
	total = 3041.52 s
	mean  = 1.95974 s
	var   = 1.23873 s^2, std = 1.11298 s
	min   = 1.07284 s
	max   = 10.4194 s

SlaveReporter::Send:
	38 trials
	total = 0 s
	mean  = 0 s
	var   = 0 s^2, std = 0 s
	min   = 0 s
	max   = 0 s

