Warning:json file inside profile could not be parsed 

GL version: 4.4.0

Warning: there is no json file embedded inside profile 

FileParserPJ: initializing
PrintJobOrganizer: initializing
MasterDistributor: initializing
MasterMerger: initializing
SliceDebugger: initializing
FileParserPJ:  runs 10:57:12

FileParserPJ: loading OBJ file

244921 vertices
489840 faces

FileParserPJ: 245383 texture coordinates

FileParserPJ: 245383 vertices after duplication

FileParserPJ: //filer-igd2.igd.fraunhofer.de/igd-3dt/shared/3DModels/Head/HeadMTL/Head_Level3.obj parsed: 245383 vertices and 489840 faces

FileParserPJ: loading jpg file

FileParserPJ: loading OBJ file

244921 vertices
489840 faces

FileParserPJ: 245383 texture coordinates

FileParserPJ: 245383 vertices after duplication

FileParserPJ: //filer-igd2.igd.fraunhofer.de/igd-3dt/shared/3DModels/Head/HeadMTL/Head_Level3.obj parsed: 245383 vertices and 489840 faces

FileParserPJ: loading jpg file

FileParserPJ: loading OBJ file

244921 vertices
489840 faces

FileParserPJ: 245383 texture coordinates

FileParserPJ: 245383 vertices after duplication

FileParserPJ: //filer-igd2.igd.fraunhofer.de/igd-3dt/shared/3DModels/Head/HeadMTL/Head_Level3.obj parsed: 245383 vertices and 489840 faces

FileParserPJ: loading jpg file

FileParserPJ: loading OBJ file

244921 vertices
489840 faces

FileParserPJ: 245383 texture coordinates

FileParserPJ: 245383 vertices after duplication

FileParserPJ: //filer-igd2.igd.fraunhofer.de/igd-3dt/shared/3DModels/Head/HeadMTL/Head_Level3.obj parsed: 245383 vertices and 489840 faces

FileParserPJ: loading jpg file

FileParserPJ: Input files parsed

PrintJobOrganizer:  runs 10:57:26

centering objects at origin
optimizing rotation for height
scaling objects
optimizing rotation for support use
PrintJobOrganizer: support cost         = 25.4975
support cost flipped = 22.913

PrintJobOrganizer: support cost         = 25.4975
support cost flipped = 22.913

PrintJobOrganizer: support cost         = 25.4975
support cost flipped = 22.913

PrintJobOrganizer: support cost         = 25.4975
support cost flipped = 22.913

arranging objects in 2D
validating object placement
PrintJobOrganizer: print object 1 print-space bounding box: (0.00105833, 0.00211667, 0.000751479), (8.00106, 5.11984, 4.19375)
PrintJobOrganizer: print object 2 print-space bounding box: (0.00105833, 5.31984, 0.000751479), (8.00106, 10.4376, 4.19375)
PrintJobOrganizer: print object 3 print-space bounding box: (0.00105833, 10.6376, 0.000751479), (8.00106, 15.7553, 4.19375)
PrintJobOrganizer: print object 4 print-space bounding box: (0.00105833, 15.9553, 0.000751479), (8.00106, 21.073, 4.19375)
saving transforms to file
MasterDistributor:  runs 10:57:27

MasterDistributor::runInternal
MasterMerger:  runs 10:57:27

MasterMerger::runInternal
MasterMerger: metadata for thread : 1

MasterMerger: received height : 1233

MasterMerger: received width : 1891

MasterMerger: received num of slices : 1396

MasterMerger: received chunk size : 10

MasterMerger: received path : //pc2215/SharedFolder/MRepo/3DPrinterDriver/DistributedComputing/Node_1/Node_1_ReportedSlices/

MasterMerger: metadata for thread : 2

MasterMerger: received height : 1233

MasterMerger: received width : 1891

MasterMerger: received num of slices : 1396

MasterMerger: received chunk size : 10

MasterMerger: received path : //pc2215/SharedFolder/MRepo/3DPrinterDriver/DistributedComputing/Node_2/Node_2_ReportedSlices/

MasterMerger: Print Volume x:  11811

MasterMerger: Print Volume y:  4724.41

MasterMerger: Node id:  1

MasterMerger: Offset x : 0

MasterMerger: Offset y : 0

MasterMerger: Node id:  2

MasterMerger: Offset x : 0

MasterMerger: Offset y : 1256.62

MasterMerger: Added height is:1233after adding height of slave 1

MasterMerger: Added height is:2466after adding height of slave 2

MasterMerger: m_fullSliceHt : 2514

MasterMerger: m_fullSliceWidth : 1891

MasterMerger: m_numSlices : 1396

MasterMerger: m_chunkSize : 10

SliceDebugger:  runs 11:0:52
slices [0, 10):
	channel 0: material (dense)

MasterMerger:  runs 11:0:53
slices [0, 10):
	channel 0: material (dense)

SliceDebugger:  runs 11:0:53
slices [10, 20):
	channel 0: material (dense)

MasterMerger:  runs 11:0:54
slices [10, 20):
	channel 0: material (dense)

SliceDebugger:  runs 11:2:14
slices [20, 30):
	channel 0: material (dense)

MasterMerger:  runs 11:2:15
slices [20, 30):
	channel 0: material (dense)

SliceDebugger:  runs 11:2:15
slices [30, 40):
	channel 0: material (dense)

MasterMerger:  runs 11:2:15
slices [30, 40):
	channel 0: material (dense)

SliceDebugger:  runs 11:5:32
slices [40, 50):
	channel 0: material (dense)

MasterMerger:  runs 11:5:33
slices [40, 50):
	channel 0: material (dense)

SliceDebugger:  runs 11:5:33
slices [50, 60):
	channel 0: material (dense)

MasterMerger:  runs 11:5:34
slices [50, 60):
	channel 0: material (dense)

SliceDebugger:  runs 11:7:8
slices [60, 70):
	channel 0: material (dense)

MasterMerger:  runs 11:7:9
slices [60, 70):
	channel 0: material (dense)

SliceDebugger:  runs 11:7:9
slices [70, 80):
	channel 0: material (dense)

MasterMerger:  runs 11:7:10
slices [70, 80):
	channel 0: material (dense)

SliceDebugger:  runs 11:10:8
slices [80, 90):
	channel 0: material (dense)

MasterMerger:  runs 11:10:9
slices [80, 90):
	channel 0: material (dense)

SliceDebugger:  runs 11:10:9
slices [90, 100):
	channel 0: material (dense)

MasterMerger:  runs 11:10:10
slices [90, 100):
	channel 0: material (dense)

SliceDebugger:  runs 11:11:52
slices [100, 110):
	channel 0: material (dense)

MasterMerger:  runs 11:11:53
slices [100, 110):
	channel 0: material (dense)

SliceDebugger:  runs 11:11:53
slices [110, 120):
	channel 0: material (dense)

MasterMerger:  runs 11:11:54
slices [110, 120):
	channel 0: material (dense)

SliceDebugger:  runs 11:14:37
slices [120, 130):
	channel 0: material (dense)

MasterMerger:  runs 11:14:38
slices [120, 130):
	channel 0: material (dense)

SliceDebugger:  runs 11:14:38
slices [130, 140):
	channel 0: material (dense)

MasterMerger:  runs 11:14:39
slices [130, 140):
	channel 0: material (dense)

SliceDebugger:  runs 11:16:35
slices [140, 150):
	channel 0: material (dense)

MasterMerger:  runs 11:16:35
slices [140, 150):
	channel 0: material (dense)

SliceDebugger:  runs 11:16:36
slices [150, 160):
	channel 0: material (dense)

MasterMerger:  runs 11:16:36
slices [150, 160):
	channel 0: material (dense)

SliceDebugger:  runs 11:19:35
slices [160, 170):
	channel 0: material (dense)

MasterMerger:  runs 11:19:36
slices [160, 170):
	channel 0: material (dense)

SliceDebugger:  runs 11:19:36
slices [170, 180):
	channel 0: material (dense)

MasterMerger:  runs 11:19:37
slices [170, 180):
	channel 0: material (dense)

SliceDebugger:  runs 11:21:29
slices [180, 190):
	channel 0: material (dense)

MasterMerger:  runs 11:21:30
slices [180, 190):
	channel 0: material (dense)

SliceDebugger:  runs 11:21:31
slices [190, 200):
	channel 0: material (dense)

MasterMerger:  runs 11:21:31
slices [190, 200):
	channel 0: material (dense)

SliceDebugger:  runs 11:23:57
slices [200, 210):
	channel 0: material (dense)

MasterMerger:  runs 11:23:58
slices [200, 210):
	channel 0: material (dense)

SliceDebugger:  runs 11:23:58
slices [210, 220):
	channel 0: material (dense)

MasterMerger:  runs 11:23:59
slices [210, 220):
	channel 0: material (dense)

SliceDebugger:  runs 11:26:54
slices [220, 230):
	channel 0: material (dense)

MasterMerger:  runs 11:26:55
slices [220, 230):
	channel 0: material (dense)

SliceDebugger:  runs 11:26:55
slices [230, 240):
	channel 0: material (dense)

MasterMerger:  runs 11:26:56
slices [230, 240):
	channel 0: material (dense)

SliceDebugger:  runs 11:28:37
slices [240, 250):
	channel 0: material (dense)

MasterMerger:  runs 11:28:38
slices [240, 250):
	channel 0: material (dense)

SliceDebugger:  runs 11:28:38
slices [250, 260):
	channel 0: material (dense)

MasterMerger:  runs 11:28:39
slices [250, 260):
	channel 0: material (dense)

SliceDebugger:  runs 11:31:35
slices [260, 270):
	channel 0: material (dense)

MasterMerger:  runs 11:31:36
slices [260, 270):
	channel 0: material (dense)

SliceDebugger:  runs 11:31:56
slices [270, 280):
	channel 0: material (dense)

MasterMerger:  runs 11:31:57
slices [270, 280):
	channel 0: material (dense)

SliceDebugger:  runs 11:32:19
slices [280, 290):
	channel 0: material (dense)

MasterMerger:  runs 11:32:20
slices [280, 290):
	channel 0: material (dense)

SliceDebugger:  runs 11:34:5
slices [290, 300):
	channel 0: material (dense)

MasterMerger:  runs 11:34:6
slices [290, 300):
	channel 0: material (dense)

SliceDebugger:  runs 11:34:51
slices [300, 310):
	channel 0: material (dense)

MasterMerger:  runs 11:34:52
slices [300, 310):
	channel 0: material (dense)

SliceDebugger:  runs 11:35:4
slices [310, 320):
	channel 0: material (dense)

MasterMerger:  runs 11:35:5
slices [310, 320):
	channel 0: material (dense)

SliceDebugger:  runs 11:35:6
slices [320, 330):
	channel 0: material (dense)

MasterMerger:  runs 11:35:7
slices [320, 330):
	channel 0: material (dense)

SliceDebugger:  runs 11:35:7
slices [330, 340):
	channel 0: material (dense)

MasterMerger:  runs 11:35:9
slices [330, 340):
	channel 0: material (dense)

SliceDebugger:  runs 11:35:9
slices [340, 350):
	channel 0: material (dense)

MasterMerger:  runs 11:35:10
slices [340, 350):
	channel 0: material (dense)

SliceDebugger:  runs 11:35:11
slices [350, 360):
	channel 0: material (dense)

MasterMerger:  runs 11:35:12
slices [350, 360):
	channel 0: material (dense)

SliceDebugger:  runs 11:35:12
slices [360, 370):
	channel 0: material (dense)

MasterMerger:  runs 11:35:13
slices [360, 370):
	channel 0: material (dense)

SliceDebugger:  runs 11:35:14
slices [370, 380):
	channel 0: material (dense)

MasterMerger:  runs 11:35:15
slices [370, 380):
	channel 0: material (dense)

SliceDebugger:  runs 11:35:16
slices [380, 390):
	channel 0: material (dense)

MasterMerger:  runs 11:35:17
slices [380, 390):
	channel 0: material (dense)

SliceDebugger:  runs 11:35:17
slices [390, 400):
	channel 0: material (dense)

MasterMerger:  runs 11:35:18
slices [390, 400):
	channel 0: material (dense)

SliceDebugger:  runs 11:35:19
slices [400, 410):
	channel 0: material (dense)

MasterMerger:  runs 11:35:20
slices [400, 410):
	channel 0: material (dense)

SliceDebugger:  runs 11:35:22
slices [410, 420):
	channel 0: material (dense)

MasterMerger:  runs 11:35:23
slices [410, 420):
	channel 0: material (dense)

SliceDebugger:  runs 11:35:23
slices [420, 430):
	channel 0: material (dense)

MasterMerger:  runs 11:35:24
slices [420, 430):
	channel 0: material (dense)

SliceDebugger:  runs 11:35:25
slices [430, 440):
	channel 0: material (dense)

MasterMerger:  runs 11:35:26
slices [430, 440):
	channel 0: material (dense)

SliceDebugger:  runs 11:35:26
slices [440, 450):
	channel 0: material (dense)

MasterMerger:  runs 11:35:27
slices [440, 450):
	channel 0: material (dense)

SliceDebugger:  runs 11:35:31
slices [450, 460):
	channel 0: material (dense)

MasterMerger:  runs 11:35:31
slices [450, 460):
	channel 0: material (dense)

SliceDebugger:  runs 11:35:32
slices [460, 470):
	channel 0: material (dense)

MasterMerger:  runs 11:35:33
slices [460, 470):
	channel 0: material (dense)

SliceDebugger:  runs 11:35:33
slices [470, 480):
	channel 0: material (dense)

MasterMerger:  runs 11:35:35
slices [470, 480):
	channel 0: material (dense)

SliceDebugger:  runs 11:35:36
slices [480, 490):
	channel 0: material (dense)

MasterMerger:  runs 11:35:37
slices [480, 490):
	channel 0: material (dense)

SliceDebugger:  runs 11:35:39
slices [490, 500):
	channel 0: material (dense)

MasterMerger:  runs 11:35:40
slices [490, 500):
	channel 0: material (dense)

SliceDebugger:  runs 11:35:42
slices [500, 510):
	channel 0: material (dense)

MasterMerger:  runs 11:35:43
slices [500, 510):
	channel 0: material (dense)

SliceDebugger:  runs 11:35:44
slices [510, 520):
	channel 0: material (dense)

MasterMerger:  runs 11:35:44
slices [510, 520):
	channel 0: material (dense)

SliceDebugger:  runs 11:35:45
slices [520, 530):
	channel 0: material (dense)

MasterMerger:  runs 11:35:47
slices [520, 530):
	channel 0: material (dense)

SliceDebugger:  runs 11:35:49
slices [530, 540):
	channel 0: material (dense)

MasterMerger:  runs 11:35:50
slices [530, 540):
	channel 0: material (dense)

SliceDebugger:  runs 11:35:51
slices [540, 550):
	channel 0: material (dense)

MasterMerger:  runs 11:35:51
slices [540, 550):
	channel 0: material (dense)

SliceDebugger:  runs 11:35:51
slices [550, 560):
	channel 0: material (dense)

MasterMerger:  runs 11:35:52
slices [550, 560):
	channel 0: material (dense)

SliceDebugger:  runs 11:35:52
slices [560, 570):
	channel 0: material (dense)

MasterMerger:  runs 11:35:53
slices [560, 570):
	channel 0: material (dense)

SliceDebugger:  runs 11:35:53
slices [570, 580):
	channel 0: material (dense)

MasterMerger:  runs 11:35:54
slices [570, 580):
	channel 0: material (dense)

SliceDebugger:  runs 11:35:54
slices [580, 590):
	channel 0: material (dense)

MasterMerger:  runs 11:35:55
slices [580, 590):
	channel 0: material (dense)

SliceDebugger:  runs 11:35:56
slices [590, 600):
	channel 0: material (dense)

MasterMerger:  runs 11:35:57
slices [590, 600):
	channel 0: material (dense)

SliceDebugger:  runs 11:35:58
slices [600, 610):
	channel 0: material (dense)

MasterMerger:  runs 11:35:59
slices [600, 610):
	channel 0: material (dense)

SliceDebugger:  runs 11:35:59
slices [610, 620):
	channel 0: material (dense)

MasterMerger:  runs 11:36:1
slices [610, 620):
	channel 0: material (dense)

SliceDebugger:  runs 11:36:1
slices [620, 630):
	channel 0: material (dense)

MasterMerger:  runs 11:36:2
slices [620, 630):
	channel 0: material (dense)

SliceDebugger:  runs 11:36:2
slices [630, 640):
	channel 0: material (dense)

MasterMerger:  runs 11:36:3
slices [630, 640):
	channel 0: material (dense)

SliceDebugger:  runs 11:36:3
slices [640, 650):
	channel 0: material (dense)

MasterMerger:  runs 11:36:4
slices [640, 650):
	channel 0: material (dense)

SliceDebugger:  runs 11:36:4
slices [650, 660):
	channel 0: material (dense)

MasterMerger:  runs 11:36:5
slices [650, 660):
	channel 0: material (dense)

SliceDebugger:  runs 11:36:5
slices [660, 670):
	channel 0: material (dense)

MasterMerger:  runs 11:36:6
slices [660, 670):
	channel 0: material (dense)

SliceDebugger:  runs 11:36:6
slices [670, 680):
	channel 0: material (dense)

MasterMerger:  runs 11:36:7
slices [670, 680):
	channel 0: material (dense)

SliceDebugger:  runs 11:36:7
slices [680, 690):
	channel 0: material (dense)

MasterMerger:  runs 11:36:8
slices [680, 690):
	channel 0: material (dense)

SliceDebugger:  runs 11:36:8
slices [690, 700):
	channel 0: material (dense)

MasterMerger:  runs 11:36:9
slices [690, 700):
	channel 0: material (dense)

SliceDebugger:  runs 11:36:9
slices [700, 710):
	channel 0: material (dense)

MasterMerger:  runs 11:36:10
slices [700, 710):
	channel 0: material (dense)

SliceDebugger:  runs 11:36:10
slices [710, 720):
	channel 0: material (dense)

MasterMerger:  runs 11:36:11
slices [710, 720):
	channel 0: material (dense)

SliceDebugger:  runs 11:36:11
slices [720, 730):
	channel 0: material (dense)

MasterMerger:  runs 11:36:12
slices [720, 730):
	channel 0: material (dense)

SliceDebugger:  runs 11:36:12
slices [730, 740):
	channel 0: material (dense)

MasterMerger:  runs 11:36:13
slices [730, 740):
	channel 0: material (dense)

SliceDebugger:  runs 11:36:13
slices [740, 750):
	channel 0: material (dense)

MasterMerger:  runs 11:36:14
slices [740, 750):
	channel 0: material (dense)

SliceDebugger:  runs 11:36:14
slices [750, 760):
	channel 0: material (dense)

MasterMerger:  runs 11:36:15
slices [750, 760):
	channel 0: material (dense)

SliceDebugger:  runs 11:36:15
slices [760, 770):
	channel 0: material (dense)

MasterMerger:  runs 11:36:16
slices [760, 770):
	channel 0: material (dense)

SliceDebugger:  runs 11:36:16
slices [770, 780):
	channel 0: material (dense)

MasterMerger:  runs 11:36:17
slices [770, 780):
	channel 0: material (dense)

SliceDebugger:  runs 11:36:17
slices [780, 790):
	channel 0: material (dense)

MasterMerger:  runs 11:36:18
slices [780, 790):
	channel 0: material (dense)

SliceDebugger:  runs 11:36:18
slices [790, 800):
	channel 0: material (dense)

MasterMerger:  runs 11:36:19
slices [790, 800):
	channel 0: material (dense)

SliceDebugger:  runs 11:36:19
slices [800, 810):
	channel 0: material (dense)

MasterMerger:  runs 11:36:20
slices [800, 810):
	channel 0: material (dense)

SliceDebugger:  runs 11:36:20
slices [810, 820):
	channel 0: material (dense)

MasterMerger:  runs 11:36:21
slices [810, 820):
	channel 0: material (dense)

SliceDebugger:  runs 11:36:21
slices [820, 830):
	channel 0: material (dense)

MasterMerger:  runs 11:36:21
slices [820, 830):
	channel 0: material (dense)

SliceDebugger:  runs 11:36:22
slices [830, 840):
	channel 0: material (dense)

MasterMerger:  runs 11:36:22
slices [830, 840):
	channel 0: material (dense)

SliceDebugger:  runs 11:36:23
slices [840, 850):
	channel 0: material (dense)

MasterMerger:  runs 11:36:23
slices [840, 850):
	channel 0: material (dense)

SliceDebugger:  runs 11:36:24
slices [850, 860):
	channel 0: material (dense)

MasterMerger:  runs 11:36:25
slices [850, 860):
	channel 0: material (dense)

SliceDebugger:  runs 11:36:25
slices [860, 870):
	channel 0: material (dense)

MasterMerger:  runs 11:36:26
slices [860, 870):
	channel 0: material (dense)

SliceDebugger:  runs 11:36:26
slices [870, 880):
	channel 0: material (dense)

MasterMerger:  runs 11:36:27
slices [870, 880):
	channel 0: material (dense)

SliceDebugger:  runs 11:36:27
slices [880, 890):
	channel 0: material (dense)

MasterMerger:  runs 11:36:28
slices [880, 890):
	channel 0: material (dense)

SliceDebugger:  runs 11:36:28
slices [890, 900):
	channel 0: material (dense)

MasterMerger:  runs 11:36:29
slices [890, 900):
	channel 0: material (dense)

SliceDebugger:  runs 11:36:29
slices [900, 910):
	channel 0: material (dense)

MasterMerger:  runs 11:36:30
slices [900, 910):
	channel 0: material (dense)

SliceDebugger:  runs 11:36:30
slices [910, 920):
	channel 0: material (dense)

MasterMerger:  runs 11:36:31
slices [910, 920):
	channel 0: material (dense)

SliceDebugger:  runs 11:36:31
slices [920, 930):
	channel 0: material (dense)

MasterMerger:  runs 11:36:31
slices [920, 930):
	channel 0: material (dense)

SliceDebugger:  runs 11:36:32
slices [930, 940):
	channel 0: material (dense)

MasterMerger:  runs 11:36:32
slices [930, 940):
	channel 0: material (dense)

SliceDebugger:  runs 11:36:33
slices [940, 950):
	channel 0: material (dense)

MasterMerger:  runs 11:36:33
slices [940, 950):
	channel 0: material (dense)

SliceDebugger:  runs 11:36:33
slices [950, 960):
	channel 0: material (dense)

MasterMerger:  runs 11:36:34
slices [950, 960):
	channel 0: material (dense)

SliceDebugger:  runs 11:36:34
slices [960, 970):
	channel 0: material (dense)

MasterMerger:  runs 11:36:35
slices [960, 970):
	channel 0: material (dense)

SliceDebugger:  runs 11:36:35
slices [970, 980):
	channel 0: material (dense)

MasterMerger:  runs 11:36:36
slices [970, 980):
	channel 0: material (dense)

SliceDebugger:  runs 11:36:36
slices [980, 990):
	channel 0: material (dense)

MasterMerger:  runs 11:36:37
slices [980, 990):
	channel 0: material (dense)

SliceDebugger:  runs 11:36:37
slices [990, 1000):
	channel 0: material (dense)

MasterMerger:  runs 11:36:38
slices [990, 1000):
	channel 0: material (dense)

SliceDebugger:  runs 11:36:38
slices [1000, 1010):
	channel 0: material (dense)

MasterMerger:  runs 11:36:39
slices [1000, 1010):
	channel 0: material (dense)

SliceDebugger:  runs 11:36:39
slices [1010, 1020):
	channel 0: material (dense)

MasterMerger:  runs 11:36:40
slices [1010, 1020):
	channel 0: material (dense)

SliceDebugger:  runs 11:36:40
slices [1020, 1030):
	channel 0: material (dense)

MasterMerger:  runs 11:36:41
slices [1020, 1030):
	channel 0: material (dense)

SliceDebugger:  runs 11:36:41
slices [1030, 1040):
	channel 0: material (dense)

MasterMerger:  runs 11:36:42
slices [1030, 1040):
	channel 0: material (dense)

SliceDebugger:  runs 11:36:42
slices [1040, 1050):
	channel 0: material (dense)

MasterMerger:  runs 11:36:42
slices [1040, 1050):
	channel 0: material (dense)

SliceDebugger:  runs 11:36:43
slices [1050, 1060):
	channel 0: material (dense)

MasterMerger:  runs 11:36:43
slices [1050, 1060):
	channel 0: material (dense)

SliceDebugger:  runs 11:36:44
slices [1060, 1070):
	channel 0: material (dense)

MasterMerger:  runs 11:36:44
slices [1060, 1070):
	channel 0: material (dense)

SliceDebugger:  runs 11:36:44
slices [1070, 1080):
	channel 0: material (dense)

MasterMerger:  runs 11:36:45
slices [1070, 1080):
	channel 0: material (dense)

SliceDebugger:  runs 11:36:45
slices [1080, 1090):
	channel 0: material (dense)

MasterMerger:  runs 11:36:46
slices [1080, 1090):
	channel 0: material (dense)

SliceDebugger:  runs 11:36:46
slices [1090, 1100):
	channel 0: material (dense)

MasterMerger:  runs 11:36:47
slices [1090, 1100):
	channel 0: material (dense)

SliceDebugger:  runs 11:36:47
slices [1100, 1110):
	channel 0: material (dense)

MasterMerger:  runs 11:36:48
slices [1100, 1110):
	channel 0: material (dense)

SliceDebugger:  runs 11:36:48
slices [1110, 1120):
	channel 0: material (dense)

MasterMerger:  runs 11:36:49
slices [1110, 1120):
	channel 0: material (dense)

SliceDebugger:  runs 11:36:49
slices [1120, 1130):
	channel 0: material (dense)

MasterMerger:  runs 11:36:50
slices [1120, 1130):
	channel 0: material (dense)

SliceDebugger:  runs 11:36:50
slices [1130, 1140):
	channel 0: material (dense)

MasterMerger:  runs 11:36:51
slices [1130, 1140):
	channel 0: material (dense)

SliceDebugger:  runs 11:36:51
slices [1140, 1150):
	channel 0: material (dense)

MasterMerger:  runs 11:36:52
slices [1140, 1150):
	channel 0: material (dense)

SliceDebugger:  runs 11:36:52
slices [1150, 1160):
	channel 0: material (dense)

MasterMerger:  runs 11:36:53
slices [1150, 1160):
	channel 0: material (dense)

SliceDebugger:  runs 11:36:53
slices [1160, 1170):
	channel 0: material (dense)

MasterMerger:  runs 11:36:54
slices [1160, 1170):
	channel 0: material (dense)

SliceDebugger:  runs 11:36:54
slices [1170, 1180):
	channel 0: material (dense)

MasterMerger:  runs 11:36:55
slices [1170, 1180):
	channel 0: material (dense)

SliceDebugger:  runs 11:36:55
slices [1180, 1190):
	channel 0: material (dense)

MasterMerger:  runs 11:36:55
slices [1180, 1190):
	channel 0: material (dense)

SliceDebugger:  runs 11:36:56
slices [1190, 1200):
	channel 0: material (dense)

MasterMerger:  runs 11:36:56
slices [1190, 1200):
	channel 0: material (dense)

SliceDebugger:  runs 11:36:56
slices [1200, 1210):
	channel 0: material (dense)

MasterMerger:  runs 11:36:57
slices [1200, 1210):
	channel 0: material (dense)

SliceDebugger:  runs 11:36:57
slices [1210, 1220):
	channel 0: material (dense)

MasterMerger:  runs 11:36:58
slices [1210, 1220):
	channel 0: material (dense)

SliceDebugger:  runs 11:36:58
slices [1220, 1230):
	channel 0: material (dense)

MasterMerger:  runs 11:36:59
slices [1220, 1230):
	channel 0: material (dense)

SliceDebugger:  runs 11:36:59
slices [1230, 1240):
	channel 0: material (dense)

MasterMerger:  runs 11:37:0
slices [1230, 1240):
	channel 0: material (dense)

SliceDebugger:  runs 11:37:0
slices [1240, 1250):
	channel 0: material (dense)

MasterMerger:  runs 11:37:1
slices [1240, 1250):
	channel 0: material (dense)

SliceDebugger:  runs 11:37:1
slices [1250, 1260):
	channel 0: material (dense)

MasterMerger:  runs 11:37:2
slices [1250, 1260):
	channel 0: material (dense)

SliceDebugger:  runs 11:37:2
slices [1260, 1270):
	channel 0: material (dense)

MasterMerger:  runs 11:37:3
slices [1260, 1270):
	channel 0: material (dense)

SliceDebugger:  runs 11:37:3
slices [1270, 1280):
	channel 0: material (dense)

MasterMerger:  runs 11:37:3
slices [1270, 1280):
	channel 0: material (dense)

SliceDebugger:  runs 11:37:4
slices [1280, 1290):
	channel 0: material (dense)

MasterMerger:  runs 11:37:4
slices [1280, 1290):
	channel 0: material (dense)

SliceDebugger:  runs 11:37:4
slices [1290, 1300):
	channel 0: material (dense)

MasterMerger:  runs 11:37:5
slices [1290, 1300):
	channel 0: material (dense)

SliceDebugger:  runs 11:37:5
slices [1300, 1310):
	channel 0: material (dense)

MasterMerger:  runs 11:37:6
slices [1300, 1310):
	channel 0: material (dense)

SliceDebugger:  runs 11:37:6
slices [1310, 1320):
	channel 0: material (dense)

MasterMerger:  runs 11:37:7
slices [1310, 1320):
	channel 0: material (dense)

SliceDebugger:  runs 11:37:7
slices [1320, 1330):
	channel 0: material (dense)

MasterMerger:  runs 11:37:8
slices [1320, 1330):
	channel 0: material (dense)

SliceDebugger:  runs 11:37:8
slices [1330, 1340):
	channel 0: material (dense)

MasterMerger:  runs 11:37:9
slices [1330, 1340):
	channel 0: material (dense)

SliceDebugger:  runs 11:37:9
slices [1340, 1350):
	channel 0: material (dense)

MasterMerger:  runs 11:37:9
slices [1340, 1350):
	channel 0: material (dense)

SliceDebugger:  runs 11:37:10
slices [1350, 1360):
	channel 0: material (dense)

MasterMerger:  runs 11:37:10
slices [1350, 1360):
	channel 0: material (dense)

SliceDebugger:  runs 11:37:10
slices [1360, 1370):
	channel 0: material (dense)

MasterMerger:  runs 11:37:11
slices [1360, 1370):
	channel 0: material (dense)

SliceDebugger:  runs 11:37:11
slices [1370, 1380):
	channel 0: material (dense)

MasterMerger:  runs 11:37:12
slices [1370, 1380):
	channel 0: material (dense)

SliceDebugger:  runs 11:37:12
slices [1380, 1390):
	channel 0: material (dense)

MasterMerger:  runs 11:37:13
slices [1380, 1390):
	channel 0: material (dense)

SliceDebugger:  runs 11:37:13
slices [1390, 1396):
	channel 0: material (dense)

Computation finished 

Status: success
Master Node  0 :Total execution time in seconds 2402.23

