SlavePrintingSoftware::startUp:
	1 trials
	total = 0.264842 s
	mean  = 0.264842 s
	var   = 0 s^2, std = 0 s
	min   = 0.264842 s
	max   = 0.264842 s

PrintingSoftware::execute:
	1 trials
	total = 466.525 s
	mean  = 466.525 s
	var   = 0 s^2, std = 0 s
	min   = 466.525 s
	max   = 466.525 s

DistributedComputingInitiator::Receive:
	1 trials
	total = 14.2844 s
	mean  = 14.2844 s
	var   = 0 s^2, std = 0 s
	min   = 14.2844 s
	max   = 14.2844 s

FileParserPJ::setInput:
	1 trials
	total = 0 s
	mean  = 0 s
	var   = 0 s^2, std = 0 s
	min   = 0 s
	max   = 0 s

FileParserPJ::runInternal:
	1 trials
	total = 7.506 s
	mean  = 7.506 s
	var   = 0 s^2, std = 0 s
	min   = 7.506 s
	max   = 7.506 s

PrintJobOrganizer::setInput:
	1 trials
	total = 0.002916 s
	mean  = 0.002916 s
	var   = 0 s^2, std = 0 s
	min   = 0.002916 s
	max   = 0.002916 s

PrintJobOrganizer::runInternal:
	1 trials
	total = 0.415734 s
	mean  = 0.415734 s
	var   = 0 s^2, std = 0 s
	min   = 0.415734 s
	max   = 0.415734 s

PrintJobPreprocessor::setInput:
	1 trials
	total = 0 s
	mean  = 0 s
	var   = 0 s^2, std = 0 s
	min   = 0 s
	max   = 0 s

PrintJobPreprocessor::runInternal:
	1 trials
	total = 1.82272 s
	mean  = 1.82272 s
	var   = 0 s^2, std = 0 s
	min   = 1.82272 s
	max   = 1.82272 s

PrintJobVoxelizer::setInput:
	16 trials
	total = 0.000503 s
	mean  = 3.14375e-005 s
	var   = 1.58131e-008 s^2, std = 0.00012575 s
	min   = 0 s
	max   = 0.000503 s

PrintJobVoxelizer::runInternal:
	16 trials
	total = 95.5158 s
	mean  = 5.96974 s
	var   = 1.19329 s^2, std = 1.09238 s
	min   = 2.51069 s
	max   = 6.87968 s

PrintJobVoxelizer::rasterizeObjects:
	16 trials
	total = 23.0525 s
	mean  = 1.44078 s
	var   = 0.201245 s^2, std = 0.448604 s
	min   = 0.383691 s
	max   = 1.86033 s

PrintJobVoxelizer::voxelizeObjects:
	16 trials
	total = 69.8335 s
	mean  = 4.36459 s
	var   = 0.548652 s^2, std = 0.740711 s
	min   = 2.04633 s
	max   = 5.08794 s

PrintJobVoxelizer::finalizeSurfaces:
	16 trials
	total = 0.828058 s
	mean  = 0.0517536 s
	var   = 0.000158601 s^2, std = 0.0125937 s
	min   = 0.017132 s
	max   = 0.068977 s

TonalValueCalculator::setInput:
	16 trials
	total = 0 s
	mean  = 0 s
	var   = 0 s^2, std = 0 s
	min   = 0 s
	max   = 0 s

TonalValueCalculator::runInternal:
	16 trials
	total = 0.703001 s
	mean  = 0.0439376 s
	var   = 0.000713986 s^2, std = 0.0267205 s
	min   = 0 s
	max   = 0.084654 s

SurfaceDistanceOrderedTransfer::setInput:
	16 trials
	total = 0 s
	mean  = 0 s
	var   = 0 s^2, std = 0 s
	min   = 0 s
	max   = 0 s

SurfaceDistanceOrderedTransfer::runInternal:
	16 trials
	total = 47.4391 s
	mean  = 2.96494 s
	var   = 0.192204 s^2, std = 0.438411 s
	min   = 1.44868 s
	max   = 3.319 s

SurfaceDistanceOrderedTransfer::buildOrderedSurfaceData:
	16 trials
	total = 0.849109 s
	mean  = 0.0530693 s
	var   = 0.00632661 s^2, std = 0.07954 s
	min   = 0 s
	max   = 0.348035 s

SurfaceDistanceOrderedTransfer::fillDistanceChannel:
	16 trials
	total = 3.08607 s
	mean  = 0.19288 s
	var   = 0.000694055 s^2, std = 0.0263449 s
	min   = 0.10028 s
	max   = 0.220139 s

SurfaceDistanceOrderedTransfer::transfer:
	16 trials
	total = 42.6527 s
	mean  = 2.6658 s
	var   = 0.22801 s^2, std = 0.477504 s
	min   = 0.980221 s
	max   = 2.99987 s

SurfaceDistanceOrderedTransfer::mergeDistances:
	48 trials
	total = 3.34874 s
	mean  = 0.0697654 s
	var   = 0.000148452 s^2, std = 0.0121841 s
	min   = 0.031253 s
	max   = 0.088524 s

SurfaceDistanceOrderedTransfer::applySqrt:
	16 trials
	total = 0.850091 s
	mean  = 0.0531307 s
	var   = 0.000471956 s^2, std = 0.0217245 s
	min   = 0.02014 s
	max   = 0.096774 s

LayerExtractor::setInput:
	16 trials
	total = 0 s
	mean  = 0 s
	var   = 0 s^2, std = 0 s
	min   = 0 s
	max   = 0 s

LayerExtractor::runInternal:
	16 trials
	total = 16.5498 s
	mean  = 1.03436 s
	var   = 0.140666 s^2, std = 0.375055 s
	min   = 0.162893 s
	max   = 1.41096 s

VectorLayerHalftoner::setInput:
	16 trials
	total = 0.005123 s
	mean  = 0.000320188 s
	var   = 2.73697e-007 s^2, std = 0.000523161 s
	min   = 0 s
	max   = 0.001505 s

VectorLayerHalftoner::runInternal:
	16 trials
	total = 130.637 s
	mean  = 8.16484 s
	var   = 14.0215 s^2, std = 3.74453 s
	min   = 1.07792 s
	max   = 13.5628 s

VectorLayerHalftoner(0)::setupOutputContainerSlaveReporter::serializeSlice:
	777 trials
	total = 442.116 s
	mean  = 0.569004 s
	var   = 0.291651 s^2, std = 0.540047 s
	min   = 0.354551 s
	max   = 5.15354 s

SlaveReporter::Send:
	22 trials
	total = 0 s
	mean  = 0 s
	var   = 0 s^2, std = 0 s
	min   = 0 s
	max   = 0 s

