SlavePrintingSoftware::startUp:
	1 trials
	total = 0.284464 s
	mean  = 0.284464 s
	var   = 0 s^2, std = 0 s
	min   = 0.284464 s
	max   = 0.284464 s

PrintingSoftware::execute:
	1 trials
	total = 375.995 s
	mean  = 375.995 s
	var   = 0 s^2, std = 0 s
	min   = 375.995 s
	max   = 375.995 s

DistributedComputingInitiator::Receive:
	1 trials
	total = 19.1732 s
	mean  = 19.1732 s
	var   = 0 s^2, std = 0 s
	min   = 19.1732 s
	max   = 19.1732 s

FileParserPJ::setInput:
	1 trials
	total = 0 s
	mean  = 0 s
	var   = 0 s^2, std = 0 s
	min   = 0 s
	max   = 0 s

FileParserPJ::runInternal:
	1 trials
	total = 6.68268 s
	mean  = 6.68268 s
	var   = 0 s^2, std = 0 s
	min   = 6.68268 s
	max   = 6.68268 s

PrintJobOrganizer::setInput:
	1 trials
	total = 0.001695 s
	mean  = 0.001695 s
	var   = 0 s^2, std = 0 s
	min   = 0.001695 s
	max   = 0.001695 s

PrintJobOrganizer::runInternal:
	1 trials
	total = 0.464477 s
	mean  = 0.464477 s
	var   = 0 s^2, std = 0 s
	min   = 0.464477 s
	max   = 0.464477 s

PrintJobPreprocessor::setInput:
	1 trials
	total = 0 s
	mean  = 0 s
	var   = 0 s^2, std = 0 s
	min   = 0 s
	max   = 0 s

PrintJobPreprocessor::runInternal:
	1 trials
	total = 1.93638 s
	mean  = 1.93638 s
	var   = 0 s^2, std = 0 s
	min   = 1.93638 s
	max   = 1.93638 s

PrintJobVoxelizer::setInput:
	16 trials
	total = 0 s
	mean  = 0 s
	var   = 0 s^2, std = 0 s
	min   = 0 s
	max   = 0 s

PrintJobVoxelizer::runInternal:
	16 trials
	total = 63.307 s
	mean  = 3.95669 s
	var   = 0.454599 s^2, std = 0.674239 s
	min   = 1.8761 s
	max   = 4.70574 s

PrintJobVoxelizer::rasterizeObjects:
	16 trials
	total = 19.8632 s
	mean  = 1.24145 s
	var   = 0.143355 s^2, std = 0.378623 s
	min   = 0.346837 s
	max   = 1.72264 s

PrintJobVoxelizer::voxelizeObjects:
	16 trials
	total = 41.4207 s
	mean  = 2.58879 s
	var   = 0.12117 s^2, std = 0.348095 s
	min   = 1.45267 s
	max   = 3.08174 s

PrintJobVoxelizer::finalizeSurfaces:
	16 trials
	total = 0.629994 s
	mean  = 0.0393746 s
	var   = 8.10925e-005 s^2, std = 0.00900514 s
	min   = 0.020289 s
	max   = 0.052893 s

TonalValueCalculator::setInput:
	16 trials
	total = 0 s
	mean  = 0 s
	var   = 0 s^2, std = 0 s
	min   = 0 s
	max   = 0 s

TonalValueCalculator::runInternal:
	16 trials
	total = 0.455127 s
	mean  = 0.0284454 s
	var   = 0.000247189 s^2, std = 0.0157223 s
	min   = 0 s
	max   = 0.063504 s

SurfaceDistanceOrderedTransfer::setInput:
	16 trials
	total = 0.000502 s
	mean  = 3.1375e-005 s
	var   = 1.57503e-008 s^2, std = 0.0001255 s
	min   = 0 s
	max   = 0.000502 s

SurfaceDistanceOrderedTransfer::runInternal:
	16 trials
	total = 26.0826 s
	mean  = 1.63016 s
	var   = 0.0587266 s^2, std = 0.242336 s
	min   = 0.821668 s
	max   = 1.84888 s

SurfaceDistanceOrderedTransfer::buildOrderedSurfaceData:
	16 trials
	total = 0.653324 s
	mean  = 0.0408327 s
	var   = 0.00378621 s^2, std = 0.0615322 s
	min   = 0 s
	max   = 0.265274 s

SurfaceDistanceOrderedTransfer::fillDistanceChannel:
	16 trials
	total = 2.29114 s
	mean  = 0.143196 s
	var   = 0.000537777 s^2, std = 0.02319 s
	min   = 0.06166 s
	max   = 0.159692 s

SurfaceDistanceOrderedTransfer::transfer:
	16 trials
	total = 22.2542 s
	mean  = 1.39089 s
	var   = 0.0675017 s^2, std = 0.259811 s
	min   = 0.489219 s
	max   = 1.58248 s

SurfaceDistanceOrderedTransfer::mergeDistances:
	32 trials
	total = 1.71741 s
	mean  = 0.0536692 s
	var   = 0.000161669 s^2, std = 0.0127149 s
	min   = 0.024061 s
	max   = 0.077552 s

SurfaceDistanceOrderedTransfer::applySqrt:
	16 trials
	total = 0.87944 s
	mean  = 0.054965 s
	var   = 0.000607737 s^2, std = 0.0246523 s
	min   = 0.005515 s
	max   = 0.096764 s

LayerExtractor::setInput:
	16 trials
	total = 0.000502 s
	mean  = 3.1375e-005 s
	var   = 1.57503e-008 s^2, std = 0.0001255 s
	min   = 0 s
	max   = 0.000502 s

LayerExtractor::runInternal:
	16 trials
	total = 13.1199 s
	mean  = 0.819994 s
	var   = 0.0902882 s^2, std = 0.30048 s
	min   = 0.126354 s
	max   = 1.10774 s

VectorLayerHalftoner::setInput:
	16 trials
	total = 0.02852 s
	mean  = 0.0017825 s
	var   = 1.39866e-005 s^2, std = 0.00373986 s
	min   = 0 s
	max   = 0.015646 s

VectorLayerHalftoner::runInternal:
	16 trials
	total = 92.0882 s
	mean  = 5.75551 s
	var   = 4.8538 s^2, std = 2.20313 s
	min   = 0.827821 s
	max   = 8.70844 s

VectorLayerHalftoner(0)::setupOutputContainerSlaveReporter::serializeSlice:
	777 trials
	total = 356.643 s
	mean  = 0.459 s
	var   = 0.133059 s^2, std = 0.364773 s
	min   = 0.272626 s
	max   = 3.70201 s

SlaveReporter::Send:
	22 trials
	total = 0 s
	mean  = 0 s
	var   = 0 s^2, std = 0 s
	min   = 0 s
	max   = 0 s

