Warning:json file inside profile could not be parsed 

GL version: 4.5.0 NVIDIA 372.54

Warning: there is no json file embedded inside profile 

LayerExtractor: distance needed for layers: 0.135467

FileParserPJ: initializing
PrintJobOrganizer: initializing
PrintJobPreprocessor: initializing
PrintJobVoxelizer: initializing
TonalValueCalculator: initializing
TonalValueCalculator: Using rendering intent RELATIVE_COLORIMETRIC

SurfaceDistanceOrderedTransfer: initializing
TonalLinearizer: initializing
VectorLayerHalftoner: initializing
SlaveReporter: initializing
FileParserPJ:  runs 14:54:56

FileParserPJ: loading OBJ file

244921 vertices
489840 faces

FileParserPJ: 245383 texture coordinates

FileParserPJ: 245383 vertices after duplication

FileParserPJ: //filer-igd2.igd.fraunhofer.de/igd-3dt/shared/3DModels/Head/HeadMTL/Head_Level3.obj parsed: 245383 vertices and 489840 faces

FileParserPJ: loading jpg file

FileParserPJ: loading OBJ file

244921 vertices
489840 faces

FileParserPJ: 245383 texture coordinates

FileParserPJ: 245383 vertices after duplication

FileParserPJ: //filer-igd2.igd.fraunhofer.de/igd-3dt/shared/3DModels/Head/HeadMTL/Head_Level3.obj parsed: 245383 vertices and 489840 faces

FileParserPJ: loading jpg file

FileParserPJ: loading OBJ file

9992 vertices
18312 faces

FileParserPJ: 9437 texture coordinates

FileParserPJ: //filer-igd2.igd.fraunhofer.de/igd-3dt/shared/3DModels/Dame/Dame.obj parsed: 9992 vertices and 18312 faces

FileParserPJ: loading jpg file

FileParserPJ: loading OBJ file

9992 vertices
18312 faces

FileParserPJ: 9437 texture coordinates

FileParserPJ: //filer-igd2.igd.fraunhofer.de/igd-3dt/shared/3DModels/Dame/Dame.obj parsed: 9992 vertices and 18312 faces

FileParserPJ: loading jpg file

FileParserPJ: Input files parsed

PrintJobOrganizer:  runs 14:55:3

centering objects at origin
optimizing rotation for height
scaling objects
optimizing rotation for support use
PrintJobOrganizer: support cost         = 25.4851
support cost flipped = 22.9004

PrintJobOrganizer: support cost         = 25.4851
support cost flipped = 22.9004

PrintJobOrganizer: support cost         = 10.7798
support cost flipped = 10.8551

PrintJobOrganizer: support cost         = 10.7798
support cost flipped = 10.8551

arranging objects in 2D
validating object placement
PrintJobOrganizer: print object 1 print-space bounding box: (0.00211667, 0.00423333, 0.00135106), (8.00212, 5.12195, 4.19435)
PrintJobOrganizer: print object 2 print-space bounding box: (0.00211667, 5.32195, 0.00135106), (8.00212, 10.4397, 4.19435)
PrintJobOrganizer: print object 3 print-space bounding box: (0.00211667, 10.6397, 0.00135106), (8.00212, 13.9058, 3.26645)
PrintJobOrganizer: print object 4 print-space bounding box: (0.00211667, 14.1058, 0.00135106), (8.00212, 17.3719, 3.26645)
saving transforms to file
PrintJobPreprocessor:  runs 14:55:4

PrintJobPreprocessor: flatten
PrintJobPreprocessor: prioritize
PrintJobPreprocessor: segment-hierarchy
PrintJobPreprocessor: boundingBox
PrintJobPreprocessor: uniformAppearanceTextures
PrintJobVoxelizer:  runs 14:55:6

PrintJobVoxelizer: 
number of slices to print: 777 (4.19435 cm)
width of slices to print:  946 (8.00212 cm)
height of slices to print: 1026 (17.3719 cm)
chunk size:                50 (0.270213 cm)

PrintJobVoxelizer: setting up slices
PrintJobVoxelizer: rasterizing objects
PrintJobVoxelizer: creating rasterizer
PrintJobVoxelizer: rasterizing object 1
PrintJobVoxelizer: rasterizing object 2
PrintJobVoxelizer: rasterizing object 3
PrintJobVoxelizer: rasterizing object 4
Rasterizer::rasterize:
	4 trials
	total = 0.529006 s
	mean  = 0.132251 s
	var   = 0.00488924 s^2, std = 0.0699231 s
	min   = 0.070689 s
	max   = 0.200121 s


PrintJobVoxelizer: voxelizing objects
Object 1 ROI: [0 0 0] --> [946 303 50]
GWNSampleFloodVoxelizer: number of samples: 87
GWNSampleFloodVoxelizer: samples evaluated
GWNSampleFloodVoxelizer: adaptive threshold = 0.498039
GWNSampleFloodVoxelizer: flooding complete
Voxelization: solid angle evaluations per voxel: 0.0422432

Object 2 ROI: [0 314 0] --> [946 617 50]
GWNSampleFloodVoxelizer: number of samples: 86
GWNSampleFloodVoxelizer: samples evaluated
GWNSampleFloodVoxelizer: adaptive threshold = 0.498039
GWNSampleFloodVoxelizer: flooding complete
Voxelization: solid angle evaluations per voxel: 0.0832539

Object 3 ROI: [0 628 0] --> [946 822 50]
GWNSampleFloodVoxelizer: number of samples: 82
GWNSampleFloodVoxelizer: samples evaluated
GWNSampleFloodVoxelizer: adaptive threshold = 0.498039
GWNSampleFloodVoxelizer: flooding complete
Voxelization: solid angle evaluations per voxel: 0.114195

Object 4 ROI: [0 833 0] --> [946 1026 50]
GWNSampleFloodVoxelizer: number of samples: 82
GWNSampleFloodVoxelizer: samples evaluated
GWNSampleFloodVoxelizer: adaptive threshold = 0.498039
GWNSampleFloodVoxelizer: flooding complete
Voxelization: solid angle evaluations per voxel: 0.145137

GWNSampleFloodVoxelizer::voxelize:
	4 trials
	total = 7.78539 s
	mean  = 1.94635 s
	var   = 0.00681233 s^2, std = 0.0825368 s
	min   = 1.83592 s
	max   = 2.0211 s

GWNSampleFloodVoxelizer::initIndicator:
	4 trials
	total = 1.02483 s
	mean  = 0.256209 s
	var   = 0.000377035 s^2, std = 0.0194174 s
	min   = 0.237631 s
	max   = 0.275762 s

GWNSampleFloodVoxelizer::selectSamples:
	4 trials
	total = 0.341252 s
	mean  = 0.085313 s
	var   = 0.000437652 s^2, std = 0.0209201 s
	min   = 0.063166 s
	max   = 0.108194 s

GWNSampleFloodVoxelizer::evaluateSamples:
	4 trials
	total = 0.082812 s
	mean  = 0.020703 s
	var   = 5.26319e-005 s^2, std = 0.00725478 s
	min   = 0.017046 s
	max   = 0.031585 s

GWNSampleFloodVoxelizer::flood:
	4 trials
	total = 6.09256 s
	mean  = 1.52314 s
	var   = 0.00671947 s^2, std = 0.0819724 s
	min   = 1.40358 s
	max   = 1.5847 s


PrintJobVoxelizer: finalizing surfaces
PrintJobVoxelizer: 99095 surface voxels
PrintJobVoxelizer: getting output subset
PrintJobVoxelizer: updating slice indices
TonalValueCalculator:  runs 14:55:14
slices [0, 49):
	channel 0: occupancy (dense)
	channel 1: opticalFeature (sparse)

SurfaceDistanceOrderedTransfer:  runs 14:55:14
slices [0, 49):
	channel 0: occupancy (dense)
	channel 1: surfaceDist (dense)

SurfaceDistanceOrderedTransfer: 0 0 23
LayerExtractor:  runs 14:55:17
slices [0, 23):
	channel 0: occupancy (dense)
	channel 1: surfaceDist (dense)
	channel 2: layer_000 (sparse)
	channel 3: layer_001 (sparse)
	channel 4: layer_002 (sparse)
	channel 5: layer_003 (sparse)
	channel 6: layer_004 (sparse)
	channel 7: layer_005 (sparse)
	channel 8: layer_006 (sparse)
	channel 9: layer_007 (sparse)

TonalLinearizer:  runs 14:55:17
slices [0, 22):
	channel 0: occupancy (dense)
	channel 1: surfaceDist (dense)
	channel 2: layer_000 (sparse)
	channel 3: layer_001 (sparse)
	channel 4: layer_002 (sparse)
	channel 5: layer_003 (sparse)
	channel 6: layer_004 (sparse)
	channel 7: layer_005 (sparse)
	channel 8: layer_006 (sparse)
	channel 9: layer_007 (sparse)

VectorLayerHalftoner: VectorLayerHalftoner error: no tonal values available

VectorLayerHalftoner:  runs 14:55:17
slices [0, 22):
	channel 0: occupancy (dense)
	channel 1: surfaceDist (dense)
	channel 2: layer_000 (sparse)
	channel 3: layer_001 (sparse)
	channel 4: layer_002 (sparse)
	channel 5: layer_003 (sparse)
	channel 6: layer_004 (sparse)
	channel 7: layer_005 (sparse)
	channel 8: layer_006 (sparse)
	channel 9: layer_007 (sparse)
	channel 10: intermedTonal_0 (sparse)
	channel 11: intermedTonal_1 (sparse)
	channel 12: intermedTonal_2 (sparse)
	channel 13: intermedTonal_3 (sparse)
	channel 14: intermedTonal_4 (sparse)
	channel 15: intermedTonal_5 (sparse)
	channel 16: intermedTonal_6 (sparse)
	channel 17: intermedTonal_7 (sparse)
	channel 18: quantizedTonal (sparse)

SlaveReporter:  runs 14:55:18
slices [0, 10):
	channel 0: material (dense)
	channel 1: occupancy (dense)

PrintJobVoxelizer:  runs 14:55:18

PrintJobVoxelizer: setting up slices
PrintJobVoxelizer: rasterizing objects
PrintJobVoxelizer: creating rasterizer
PrintJobVoxelizer: rasterizing object 1
PrintJobVoxelizer: rasterizing object 2
PrintJobVoxelizer: rasterizing object 3
PrintJobVoxelizer: rasterizing object 4
Rasterizer::rasterize:
	8 trials
	total = 1.86825 s
	mean  = 0.233531 s
	var   = 0.0421028 s^2, std = 0.20519 s
	min   = 0.070689 s
	max   = 0.563499 s


PrintJobVoxelizer: voxelizing objects
Object 1 ROI: [0 0 0] --> [946 303 50]
GWNSampleFloodVoxelizer: number of samples: 208
GWNSampleFloodVoxelizer: samples evaluated
GWNSampleFloodVoxelizer: adaptive threshold = 0.498039
GWNSampleFloodVoxelizer: flooding complete
Voxelization: solid angle evaluations per voxel: 0.174732

Object 2 ROI: [0 314 0] --> [946 617 50]
GWNSampleFloodVoxelizer: number of samples: 206
GWNSampleFloodVoxelizer: samples evaluated
GWNSampleFloodVoxelizer: adaptive threshold = 0.498039
GWNSampleFloodVoxelizer: flooding complete
Voxelization: solid angle evaluations per voxel: 0.34821

Object 3 ROI: [0 628 0] --> [946 822 50]
GWNSampleFloodVoxelizer: number of samples: 68
GWNSampleFloodVoxelizer: samples evaluated
GWNSampleFloodVoxelizer: adaptive threshold = 0.498039
GWNSampleFloodVoxelizer: flooding complete
Voxelization: solid angle evaluations per voxel: 0.373869

Object 4 ROI: [0 833 0] --> [946 1026 50]
GWNSampleFloodVoxelizer: number of samples: 66
GWNSampleFloodVoxelizer: samples evaluated
GWNSampleFloodVoxelizer: adaptive threshold = 0.498039
GWNSampleFloodVoxelizer: flooding complete
Voxelization: solid angle evaluations per voxel: 0.398773

GWNSampleFloodVoxelizer::voxelize:
	8 trials
	total = 15.6827 s
	mean  = 1.96033 s
	var   = 0.00677654 s^2, std = 0.0823198 s
	min   = 1.83592 s
	max   = 2.10984 s

GWNSampleFloodVoxelizer::initIndicator:
	8 trials
	total = 1.97346 s
	mean  = 0.246683 s
	var   = 0.000270818 s^2, std = 0.0164565 s
	min   = 0.233119 s
	max   = 0.275762 s

GWNSampleFloodVoxelizer::selectSamples:
	8 trials
	total = 0.676382 s
	mean  = 0.0845477 s
	var   = 0.000319158 s^2, std = 0.017865 s
	min   = 0.063166 s
	max   = 0.108194 s

GWNSampleFloodVoxelizer::evaluateSamples:
	8 trials
	total = 0.358548 s
	mean  = 0.0448185 s
	var   = 0.00240002 s^2, std = 0.04899 s
	min   = 0.014038 s
	max   = 0.128342 s

GWNSampleFloodVoxelizer::flood:
	8 trials
	total = 12.2202 s
	mean  = 1.52753 s
	var   = 0.0063799 s^2, std = 0.0798743 s
	min   = 1.39721 s
	max   = 1.58671 s


PrintJobVoxelizer: finalizing surfaces
PrintJobVoxelizer: 394161 surface voxels
PrintJobVoxelizer: getting output subset
PrintJobVoxelizer: updating slice indices
TonalValueCalculator:  runs 14:55:28
slices [49, 99):
	channel 0: occupancy (dense)
	channel 1: opticalFeature (sparse)

SurfaceDistanceOrderedTransfer:  runs 14:55:28
slices [23, 99):
	channel 0: occupancy (dense)
	channel 1: surfaceDist (dense)

SurfaceDistanceOrderedTransfer: 23 49 73
LayerExtractor:  runs 14:55:32
slices [21, 73):
	channel 0: occupancy (dense)
	channel 1: surfaceDist (dense)
	channel 2: layer_000 (sparse)
	channel 3: layer_001 (sparse)
	channel 4: layer_002 (sparse)
	channel 5: layer_003 (sparse)
	channel 6: layer_004 (sparse)
	channel 7: layer_005 (sparse)
	channel 8: layer_006 (sparse)
	channel 9: layer_007 (sparse)

TonalLinearizer:  runs 14:55:33
slices [22, 72):
	channel 0: occupancy (dense)
	channel 1: surfaceDist (dense)
	channel 2: layer_000 (sparse)
	channel 3: layer_001 (sparse)
	channel 4: layer_002 (sparse)
	channel 5: layer_003 (sparse)
	channel 6: layer_004 (sparse)
	channel 7: layer_005 (sparse)
	channel 8: layer_006 (sparse)
	channel 9: layer_007 (sparse)

VectorLayerHalftoner: VectorLayerHalftoner error: no tonal values available

VectorLayerHalftoner:  runs 14:55:33
slices [10, 72):
	channel 0: occupancy (dense)
	channel 1: surfaceDist (dense)
	channel 2: layer_000 (sparse)
	channel 3: layer_001 (sparse)
	channel 4: layer_002 (sparse)
	channel 5: layer_003 (sparse)
	channel 6: layer_004 (sparse)
	channel 7: layer_005 (sparse)
	channel 8: layer_006 (sparse)
	channel 9: layer_007 (sparse)
	channel 10: intermedTonal_0 (sparse)
	channel 11: intermedTonal_1 (sparse)
	channel 12: intermedTonal_2 (sparse)
	channel 13: intermedTonal_3 (sparse)
	channel 14: intermedTonal_4 (sparse)
	channel 15: intermedTonal_5 (sparse)
	channel 16: intermedTonal_6 (sparse)
	channel 17: intermedTonal_7 (sparse)
	channel 18: quantizedTonal (sparse)
	channel 19: errorDiffInfo2 (sparse)
	channel 20: distanceToEmpty (sparse)
	channel 21: errorDiffInfo3 (sparse)
	channel 22: errorDiffInfo4 (sparse)
	channel 23: errorDiffInfo5 (sparse)
	channel 24: errorDiffInfo6 (sparse)
	channel 25: errorDiffInfo7 (sparse)
	channel 26: errorDiffInfo8 (sparse)
	channel 27: errorDiffInfo9 (sparse)

SlaveReporter:  runs 14:55:38
slices [10, 60):
	channel 0: material (dense)
	channel 1: occupancy (dense)

PrintJobVoxelizer:  runs 14:55:38

PrintJobVoxelizer: setting up slices
PrintJobVoxelizer: rasterizing objects
PrintJobVoxelizer: creating rasterizer
PrintJobVoxelizer: rasterizing object 1
PrintJobVoxelizer: rasterizing object 2
PrintJobVoxelizer: rasterizing object 3
PrintJobVoxelizer: rasterizing object 4
Rasterizer::rasterize:
	12 trials
	total = 3.66904 s
	mean  = 0.305754 s
	var   = 0.0743332 s^2, std = 0.272641 s
	min   = 0.070689 s
	max   = 0.765539 s


PrintJobVoxelizer: voxelizing objects
Object 1 ROI: [0 0 0] --> [946 303 50]
GWNSampleFloodVoxelizer: number of samples: 342
GWNSampleFloodVoxelizer: samples evaluated
GWNSampleFloodVoxelizer: adaptive threshold = 0.498039
GWNSampleFloodVoxelizer: flooding complete
Voxelization: solid angle evaluations per voxel: 0.285346

Object 2 ROI: [0 314 0] --> [946 617 50]
GWNSampleFloodVoxelizer: number of samples: 340
GWNSampleFloodVoxelizer: samples evaluated
GWNSampleFloodVoxelizer: adaptive threshold = 0.498039
GWNSampleFloodVoxelizer: flooding complete
Voxelization: solid angle evaluations per voxel: 0.568913

Object 3 ROI: [0 628 0] --> [946 822 50]
GWNSampleFloodVoxelizer: number of samples: 107
GWNSampleFloodVoxelizer: samples evaluated
GWNSampleFloodVoxelizer: adaptive threshold = 0.498039
GWNSampleFloodVoxelizer: flooding complete
Voxelization: solid angle evaluations per voxel: 0.609288

Object 4 ROI: [0 833 0] --> [946 1026 50]
GWNSampleFloodVoxelizer: number of samples: 107
GWNSampleFloodVoxelizer: samples evaluated
GWNSampleFloodVoxelizer: adaptive threshold = 0.498039
GWNSampleFloodVoxelizer: flooding complete
Voxelization: solid angle evaluations per voxel: 0.649663

GWNSampleFloodVoxelizer::voxelize:
	12 trials
	total = 23.4537 s
	mean  = 1.95447 s
	var   = 0.0178402 s^2, std = 0.133567 s
	min   = 1.70001 s
	max   = 2.20711 s

GWNSampleFloodVoxelizer::initIndicator:
	12 trials
	total = 2.88585 s
	mean  = 0.240488 s
	var   = 0.000283648 s^2, std = 0.0168419 s
	min   = 0.218579 s
	max   = 0.275762 s

GWNSampleFloodVoxelizer::selectSamples:
	12 trials
	total = 1.04097 s
	mean  = 0.0867476 s
	var   = 0.000273063 s^2, std = 0.0165246 s
	min   = 0.063166 s
	max   = 0.108391 s

GWNSampleFloodVoxelizer::evaluateSamples:
	12 trials
	total = 0.780684 s
	mean  = 0.065057 s
	var   = 0.00475596 s^2, std = 0.0689635 s
	min   = 0.014038 s
	max   = 0.199043 s

GWNSampleFloodVoxelizer::flood:
	12 trials
	total = 18.0833 s
	mean  = 1.50694 s
	var   = 0.00988667 s^2, std = 0.0994317 s
	min   = 1.31498 s
	max   = 1.64086 s


PrintJobVoxelizer: finalizing surfaces
PrintJobVoxelizer: 821679 surface voxels
PrintJobVoxelizer: getting output subset
PrintJobVoxelizer: updating slice indices
TonalValueCalculator:  runs 14:55:48
slices [99, 149):
	channel 0: occupancy (dense)
	channel 1: opticalFeature (sparse)

SurfaceDistanceOrderedTransfer:  runs 14:55:48
slices [73, 149):
	channel 0: occupancy (dense)
	channel 1: surfaceDist (dense)

SurfaceDistanceOrderedTransfer: 73 99 123
LayerExtractor:  runs 14:55:53
slices [71, 123):
	channel 0: occupancy (dense)
	channel 1: surfaceDist (dense)
	channel 2: layer_000 (sparse)
	channel 3: layer_001 (sparse)
	channel 4: layer_002 (sparse)
	channel 5: layer_003 (sparse)
	channel 6: layer_004 (sparse)
	channel 7: layer_005 (sparse)
	channel 8: layer_006 (sparse)
	channel 9: layer_007 (sparse)

TonalLinearizer:  runs 14:55:54
slices [72, 122):
	channel 0: occupancy (dense)
	channel 1: surfaceDist (dense)
	channel 2: layer_000 (sparse)
	channel 3: layer_001 (sparse)
	channel 4: layer_002 (sparse)
	channel 5: layer_003 (sparse)
	channel 6: layer_004 (sparse)
	channel 7: layer_005 (sparse)
	channel 8: layer_006 (sparse)
	channel 9: layer_007 (sparse)

VectorLayerHalftoner: VectorLayerHalftoner error: no tonal values available

VectorLayerHalftoner:  runs 14:55:54
slices [60, 122):
	channel 0: occupancy (dense)
	channel 1: surfaceDist (dense)
	channel 2: layer_000 (sparse)
	channel 3: layer_001 (sparse)
	channel 4: layer_002 (sparse)
	channel 5: layer_003 (sparse)
	channel 6: layer_004 (sparse)
	channel 7: layer_005 (sparse)
	channel 8: layer_006 (sparse)
	channel 9: layer_007 (sparse)
	channel 10: intermedTonal_0 (sparse)
	channel 11: intermedTonal_1 (sparse)
	channel 12: intermedTonal_2 (sparse)
	channel 13: intermedTonal_3 (sparse)
	channel 14: intermedTonal_4 (sparse)
	channel 15: intermedTonal_5 (sparse)
	channel 16: intermedTonal_6 (sparse)
	channel 17: intermedTonal_7 (sparse)
	channel 18: quantizedTonal (sparse)
	channel 19: errorDiffInfo2 (sparse)
	channel 20: distanceToEmpty (sparse)
	channel 21: errorDiffInfo3 (sparse)
	channel 22: errorDiffInfo4 (sparse)
	channel 23: errorDiffInfo5 (sparse)
	channel 24: errorDiffInfo6 (sparse)
	channel 25: errorDiffInfo7 (sparse)
	channel 26: errorDiffInfo8 (sparse)
	channel 27: errorDiffInfo9 (sparse)

SlaveReporter:  runs 14:56:3
slices [60, 110):
	channel 0: material (dense)
	channel 1: occupancy (dense)

PrintJobVoxelizer:  runs 14:56:3

PrintJobVoxelizer: setting up slices
PrintJobVoxelizer: rasterizing objects
PrintJobVoxelizer: creating rasterizer
PrintJobVoxelizer: rasterizing object 1
PrintJobVoxelizer: rasterizing object 2
PrintJobVoxelizer: rasterizing object 3
PrintJobVoxelizer: rasterizing object 4
Rasterizer::rasterize:
	16 trials
	total = 5.52749 s
	mean  = 0.345468 s
	var   = 0.0711678 s^2, std = 0.266773 s
	min   = 0.070689 s
	max   = 0.765539 s


PrintJobVoxelizer: voxelizing objects
Object 1 ROI: [0 0 0] --> [946 303 50]
GWNSampleFloodVoxelizer: number of samples: 208
GWNSampleFloodVoxelizer: samples evaluated
GWNSampleFloodVoxelizer: adaptive threshold = 0.498039
GWNSampleFloodVoxelizer: flooding complete
Voxelization: solid angle evaluations per voxel: 0.161484

Object 2 ROI: [0 314 0] --> [946 617 50]
GWNSampleFloodVoxelizer: number of samples: 210
GWNSampleFloodVoxelizer: samples evaluated
GWNSampleFloodVoxelizer: adaptive threshold = 0.498039
GWNSampleFloodVoxelizer: flooding complete
Voxelization: solid angle evaluations per voxel: 0.323697

Object 3 ROI: [0 628 0] --> [946 822 50]
GWNSampleFloodVoxelizer: number of samples: 160
GWNSampleFloodVoxelizer: samples evaluated
GWNSampleFloodVoxelizer: adaptive threshold = 0.498039
GWNSampleFloodVoxelizer: flooding complete
Voxelization: solid angle evaluations per voxel: 0.384071

Object 4 ROI: [0 833 0] --> [946 1026 50]
GWNSampleFloodVoxelizer: number of samples: 166
GWNSampleFloodVoxelizer: samples evaluated
GWNSampleFloodVoxelizer: adaptive threshold = 0.498039
GWNSampleFloodVoxelizer: flooding complete
Voxelization: solid angle evaluations per voxel: 0.446709

GWNSampleFloodVoxelizer::voxelize:
	16 trials
	total = 30.8893 s
	mean  = 1.93058 s
	var   = 0.0315594 s^2, std = 0.17765 s
	min   = 1.58902 s
	max   = 2.26138 s

GWNSampleFloodVoxelizer::initIndicator:
	16 trials
	total = 3.73311 s
	mean  = 0.233319 s
	var   = 0.000473907 s^2, std = 0.0217694 s
	min   = 0.190005 s
	max   = 0.275762 s

GWNSampleFloodVoxelizer::selectSamples:
	16 trials
	total = 1.38559 s
	mean  = 0.0865994 s
	var   = 0.000260164 s^2, std = 0.0161296 s
	min   = 0.063166 s
	max   = 0.108391 s

GWNSampleFloodVoxelizer::evaluateSamples:
	16 trials
	total = 1.07798 s
	mean  = 0.0673737 s
	var   = 0.00400797 s^2, std = 0.0633085 s
	min   = 0.014038 s
	max   = 0.199043 s

GWNSampleFloodVoxelizer::flood:
	16 trials
	total = 23.8244 s
	mean  = 1.48902 s
	var   = 0.018477 s^2, std = 0.13593 s
	min   = 1.23929 s
	max   = 1.76008 s


PrintJobVoxelizer: finalizing surfaces
PrintJobVoxelizer: 1331795 surface voxels
PrintJobVoxelizer: getting output subset
PrintJobVoxelizer: updating slice indices
TonalValueCalculator:  runs 14:56:13
slices [149, 199):
	channel 0: occupancy (dense)
	channel 1: opticalFeature (sparse)

SurfaceDistanceOrderedTransfer:  runs 14:56:13
slices [123, 199):
	channel 0: occupancy (dense)
	channel 1: surfaceDist (dense)

SurfaceDistanceOrderedTransfer: 123 149 173
LayerExtractor:  runs 14:56:18
slices [121, 173):
	channel 0: occupancy (dense)
	channel 1: surfaceDist (dense)
	channel 2: layer_000 (sparse)
	channel 3: layer_001 (sparse)
	channel 4: layer_002 (sparse)
	channel 5: layer_003 (sparse)
	channel 6: layer_004 (sparse)
	channel 7: layer_005 (sparse)
	channel 8: layer_006 (sparse)
	channel 9: layer_007 (sparse)

TonalLinearizer:  runs 14:56:19
slices [122, 172):
	channel 0: occupancy (dense)
	channel 1: surfaceDist (dense)
	channel 2: layer_000 (sparse)
	channel 3: layer_001 (sparse)
	channel 4: layer_002 (sparse)
	channel 5: layer_003 (sparse)
	channel 6: layer_004 (sparse)
	channel 7: layer_005 (sparse)
	channel 8: layer_006 (sparse)
	channel 9: layer_007 (sparse)

VectorLayerHalftoner: VectorLayerHalftoner error: no tonal values available

VectorLayerHalftoner:  runs 14:56:20
slices [110, 172):
	channel 0: occupancy (dense)
	channel 1: surfaceDist (dense)
	channel 2: layer_000 (sparse)
	channel 3: layer_001 (sparse)
	channel 4: layer_002 (sparse)
	channel 5: layer_003 (sparse)
	channel 6: layer_004 (sparse)
	channel 7: layer_005 (sparse)
	channel 8: layer_006 (sparse)
	channel 9: layer_007 (sparse)
	channel 10: intermedTonal_0 (sparse)
	channel 11: intermedTonal_1 (sparse)
	channel 12: intermedTonal_2 (sparse)
	channel 13: intermedTonal_3 (sparse)
	channel 14: intermedTonal_4 (sparse)
	channel 15: intermedTonal_5 (sparse)
	channel 16: intermedTonal_6 (sparse)
	channel 17: intermedTonal_7 (sparse)
	channel 18: quantizedTonal (sparse)
	channel 19: errorDiffInfo2 (sparse)
	channel 20: distanceToEmpty (sparse)
	channel 21: errorDiffInfo3 (sparse)
	channel 22: errorDiffInfo4 (sparse)
	channel 23: errorDiffInfo5 (sparse)
	channel 24: errorDiffInfo6 (sparse)
	channel 25: errorDiffInfo7 (sparse)
	channel 26: errorDiffInfo8 (sparse)
	channel 27: errorDiffInfo9 (sparse)

SlaveReporter:  runs 14:56:33
slices [110, 160):
	channel 0: material (dense)
	channel 1: occupancy (dense)

PrintJobVoxelizer:  runs 14:56:33

PrintJobVoxelizer: setting up slices
PrintJobVoxelizer: rasterizing objects
PrintJobVoxelizer: creating rasterizer
PrintJobVoxelizer: rasterizing object 1
PrintJobVoxelizer: rasterizing object 2
PrintJobVoxelizer: rasterizing object 3
PrintJobVoxelizer: rasterizing object 4
Rasterizer::rasterize:
	20 trials
	total = 7.48027 s
	mean  = 0.374014 s
	var   = 0.0654837 s^2, std = 0.255898 s
	min   = 0.070689 s
	max   = 0.765539 s


PrintJobVoxelizer: voxelizing objects
Object 1 ROI: [0 0 0] --> [946 303 50]
GWNSampleFloodVoxelizer: number of samples: 196
GWNSampleFloodVoxelizer: samples evaluated
GWNSampleFloodVoxelizer: adaptive threshold = 0.498039
GWNSampleFloodVoxelizer: flooding complete
Voxelization: solid angle evaluations per voxel: 0.142293

Object 2 ROI: [0 314 0] --> [946 617 50]
GWNSampleFloodVoxelizer: number of samples: 195
GWNSampleFloodVoxelizer: samples evaluated
GWNSampleFloodVoxelizer: adaptive threshold = 0.498039
GWNSampleFloodVoxelizer: flooding complete
Voxelization: solid angle evaluations per voxel: 0.282999

Object 3 ROI: [0 628 0] --> [946 822 50]
GWNSampleFloodVoxelizer: number of samples: 195
GWNSampleFloodVoxelizer: samples evaluated
GWNSampleFloodVoxelizer: adaptive threshold = 0.498039
GWNSampleFloodVoxelizer: flooding complete
Voxelization: solid angle evaluations per voxel: 0.356579

Object 4 ROI: [0 833 0] --> [946 1026 50]
GWNSampleFloodVoxelizer: number of samples: 198
GWNSampleFloodVoxelizer: samples evaluated
GWNSampleFloodVoxelizer: adaptive threshold = 0.498039
GWNSampleFloodVoxelizer: flooding complete
Voxelization: solid angle evaluations per voxel: 0.431292

GWNSampleFloodVoxelizer::voxelize:
	20 trials
	total = 38.7403 s
	mean  = 1.93701 s
	var   = 0.0395056 s^2, std = 0.19876 s
	min   = 1.58902 s
	max   = 2.35517 s

GWNSampleFloodVoxelizer::initIndicator:
	20 trials
	total = 4.56833 s
	mean  = 0.228417 s
	var   = 0.000627653 s^2, std = 0.025053 s
	min   = 0.177471 s
	max   = 0.275762 s

GWNSampleFloodVoxelizer::selectSamples:
	20 trials
	total = 1.73241 s
	mean  = 0.0866203 s
	var   = 0.000240185 s^2, std = 0.0154979 s
	min   = 0.063166 s
	max   = 0.108391 s

GWNSampleFloodVoxelizer::evaluateSamples:
	20 trials
	total = 1.37428 s
	mean  = 0.0687142 s
	var   = 0.00342572 s^2, std = 0.0585297 s
	min   = 0.014038 s
	max   = 0.199043 s

GWNSampleFloodVoxelizer::flood:
	20 trials
	total = 29.9939 s
	mean  = 1.4997 s
	var   = 0.0248727 s^2, std = 0.157711 s
	min   = 1.23929 s
	max   = 1.84949 s


PrintJobVoxelizer: finalizing surfaces
PrintJobVoxelizer: 1917672 surface voxels
PrintJobVoxelizer: getting output subset
PrintJobVoxelizer: updating slice indices
TonalValueCalculator:  runs 14:56:43
slices [199, 249):
	channel 0: occupancy (dense)
	channel 1: opticalFeature (sparse)

SurfaceDistanceOrderedTransfer:  runs 14:56:43
slices [173, 249):
	channel 0: occupancy (dense)
	channel 1: surfaceDist (dense)

SurfaceDistanceOrderedTransfer: 173 199 223
LayerExtractor:  runs 14:56:48
slices [171, 223):
	channel 0: occupancy (dense)
	channel 1: surfaceDist (dense)
	channel 2: layer_000 (sparse)
	channel 3: layer_001 (sparse)
	channel 4: layer_002 (sparse)
	channel 5: layer_003 (sparse)
	channel 6: layer_004 (sparse)
	channel 7: layer_005 (sparse)
	channel 8: layer_006 (sparse)
	channel 9: layer_007 (sparse)

TonalLinearizer:  runs 14:56:50
slices [172, 222):
	channel 0: occupancy (dense)
	channel 1: surfaceDist (dense)
	channel 2: layer_000 (sparse)
	channel 3: layer_001 (sparse)
	channel 4: layer_002 (sparse)
	channel 5: layer_003 (sparse)
	channel 6: layer_004 (sparse)
	channel 7: layer_005 (sparse)
	channel 8: layer_006 (sparse)
	channel 9: layer_007 (sparse)

VectorLayerHalftoner: VectorLayerHalftoner error: no tonal values available

VectorLayerHalftoner:  runs 14:56:51
slices [160, 222):
	channel 0: occupancy (dense)
	channel 1: surfaceDist (dense)
	channel 2: layer_000 (sparse)
	channel 3: layer_001 (sparse)
	channel 4: layer_002 (sparse)
	channel 5: layer_003 (sparse)
	channel 6: layer_004 (sparse)
	channel 7: layer_005 (sparse)
	channel 8: layer_006 (sparse)
	channel 9: layer_007 (sparse)
	channel 10: intermedTonal_0 (sparse)
	channel 11: intermedTonal_1 (sparse)
	channel 12: intermedTonal_2 (sparse)
	channel 13: intermedTonal_3 (sparse)
	channel 14: intermedTonal_4 (sparse)
	channel 15: intermedTonal_5 (sparse)
	channel 16: intermedTonal_6 (sparse)
	channel 17: intermedTonal_7 (sparse)
	channel 18: quantizedTonal (sparse)
	channel 19: errorDiffInfo2 (sparse)
	channel 20: distanceToEmpty (sparse)
	channel 21: errorDiffInfo3 (sparse)
	channel 22: errorDiffInfo4 (sparse)
	channel 23: errorDiffInfo5 (sparse)
	channel 24: errorDiffInfo6 (sparse)
	channel 25: errorDiffInfo7 (sparse)
	channel 26: errorDiffInfo8 (sparse)
	channel 27: errorDiffInfo9 (sparse)

SlaveReporter:  runs 14:57:10
slices [160, 210):
	channel 0: material (dense)
	channel 1: occupancy (dense)

PrintJobVoxelizer:  runs 14:57:10

PrintJobVoxelizer: setting up slices
PrintJobVoxelizer: rasterizing objects
PrintJobVoxelizer: creating rasterizer
PrintJobVoxelizer: rasterizing object 1
PrintJobVoxelizer: rasterizing object 2
PrintJobVoxelizer: rasterizing object 3
PrintJobVoxelizer: rasterizing object 4
Rasterizer::rasterize:
	24 trials
	total = 9.27176 s
	mean  = 0.386323 s
	var   = 0.0584581 s^2, std = 0.241781 s
	min   = 0.070689 s
	max   = 0.765539 s


PrintJobVoxelizer: voxelizing objects
Object 1 ROI: [0 0 0] --> [946 303 50]
GWNSampleFloodVoxelizer: number of samples: 170
GWNSampleFloodVoxelizer: samples evaluated
GWNSampleFloodVoxelizer: adaptive threshold = 0.498039
GWNSampleFloodVoxelizer: flooding complete
Voxelization: solid angle evaluations per voxel: 0.124417

Object 2 ROI: [0 314 0] --> [946 617 50]
GWNSampleFloodVoxelizer: number of samples: 169
GWNSampleFloodVoxelizer: samples evaluated
GWNSampleFloodVoxelizer: adaptive threshold = 0.498039
GWNSampleFloodVoxelizer: flooding complete
Voxelization: solid angle evaluations per voxel: 0.246956

Object 3 ROI: [0 628 0] --> [946 822 50]
GWNSampleFloodVoxelizer: number of samples: 130
GWNSampleFloodVoxelizer: samples evaluated
GWNSampleFloodVoxelizer: adaptive threshold = 0.498039
GWNSampleFloodVoxelizer: flooding complete
Voxelization: solid angle evaluations per voxel: 0.296009

Object 4 ROI: [0 833 0] --> [946 1026 50]
GWNSampleFloodVoxelizer: number of samples: 133
GWNSampleFloodVoxelizer: samples evaluated
GWNSampleFloodVoxelizer: adaptive threshold = 0.498039
GWNSampleFloodVoxelizer: flooding complete
Voxelization: solid angle evaluations per voxel: 0.346195

GWNSampleFloodVoxelizer::voxelize:
	24 trials
	total = 46.1267 s
	mean  = 1.92195 s
	var   = 0.0548536 s^2, std = 0.234208 s
	min   = 1.52141 s
	max   = 2.3716 s

GWNSampleFloodVoxelizer::initIndicator:
	24 trials
	total = 5.43335 s
	mean  = 0.226389 s
	var   = 0.00104434 s^2, std = 0.0323162 s
	min   = 0.164534 s
	max   = 0.304928 s

GWNSampleFloodVoxelizer::selectSamples:
	24 trials
	total = 2.08068 s
	mean  = 0.0866951 s
	var   = 0.000223359 s^2, std = 0.0149452 s
	min   = 0.063166 s
	max   = 0.108391 s

GWNSampleFloodVoxelizer::evaluateSamples:
	24 trials
	total = 1.58194 s
	mean  = 0.0659142 s
	var   = 0.00298441 s^2, std = 0.0546297 s
	min   = 0.014038 s
	max   = 0.199043 s

GWNSampleFloodVoxelizer::flood:
	24 trials
	total = 35.7561 s
	mean  = 1.48984 s
	var   = 0.0327957 s^2, std = 0.181096 s
	min   = 1.1949 s
	max   = 1.84949 s


PrintJobVoxelizer: finalizing surfaces
PrintJobVoxelizer: 2472418 surface voxels
PrintJobVoxelizer: getting output subset
PrintJobVoxelizer: updating slice indices
TonalValueCalculator:  runs 14:57:19
slices [249, 299):
	channel 0: occupancy (dense)
	channel 1: opticalFeature (sparse)

SurfaceDistanceOrderedTransfer:  runs 14:57:20
slices [223, 299):
	channel 0: occupancy (dense)
	channel 1: surfaceDist (dense)

SurfaceDistanceOrderedTransfer: 223 249 273
LayerExtractor:  runs 14:57:24
slices [221, 273):
	channel 0: occupancy (dense)
	channel 1: surfaceDist (dense)
	channel 2: layer_000 (sparse)
	channel 3: layer_001 (sparse)
	channel 4: layer_002 (sparse)
	channel 5: layer_003 (sparse)
	channel 6: layer_004 (sparse)
	channel 7: layer_005 (sparse)
	channel 8: layer_006 (sparse)
	channel 9: layer_007 (sparse)

TonalLinearizer:  runs 14:57:26
slices [222, 272):
	channel 0: occupancy (dense)
	channel 1: surfaceDist (dense)
	channel 2: layer_000 (sparse)
	channel 3: layer_001 (sparse)
	channel 4: layer_002 (sparse)
	channel 5: layer_003 (sparse)
	channel 6: layer_004 (sparse)
	channel 7: layer_005 (sparse)
	channel 8: layer_006 (sparse)
	channel 9: layer_007 (sparse)

VectorLayerHalftoner: VectorLayerHalftoner error: no tonal values available

VectorLayerHalftoner:  runs 14:57:27
slices [210, 272):
	channel 0: occupancy (dense)
	channel 1: surfaceDist (dense)
	channel 2: layer_000 (sparse)
	channel 3: layer_001 (sparse)
	channel 4: layer_002 (sparse)
	channel 5: layer_003 (sparse)
	channel 6: layer_004 (sparse)
	channel 7: layer_005 (sparse)
	channel 8: layer_006 (sparse)
	channel 9: layer_007 (sparse)
	channel 10: intermedTonal_0 (sparse)
	channel 11: intermedTonal_1 (sparse)
	channel 12: intermedTonal_2 (sparse)
	channel 13: intermedTonal_3 (sparse)
	channel 14: intermedTonal_4 (sparse)
	channel 15: intermedTonal_5 (sparse)
	channel 16: intermedTonal_6 (sparse)
	channel 17: intermedTonal_7 (sparse)
	channel 18: quantizedTonal (sparse)
	channel 19: errorDiffInfo2 (sparse)
	channel 20: distanceToEmpty (sparse)
	channel 21: errorDiffInfo3 (sparse)
	channel 22: errorDiffInfo4 (sparse)
	channel 23: errorDiffInfo5 (sparse)
	channel 24: errorDiffInfo6 (sparse)
	channel 25: errorDiffInfo7 (sparse)
	channel 26: errorDiffInfo8 (sparse)
	channel 27: errorDiffInfo9 (sparse)

SlaveReporter:  runs 14:57:48
slices [210, 260):
	channel 0: material (dense)
	channel 1: occupancy (dense)

PrintJobVoxelizer:  runs 14:57:48

PrintJobVoxelizer: setting up slices
PrintJobVoxelizer: rasterizing objects
PrintJobVoxelizer: creating rasterizer
PrintJobVoxelizer: rasterizing object 1
PrintJobVoxelizer: rasterizing object 2
PrintJobVoxelizer: rasterizing object 3
PrintJobVoxelizer: rasterizing object 4
Rasterizer::rasterize:
	28 trials
	total = 11.1164 s
	mean  = 0.397014 s
	var   = 0.0540622 s^2, std = 0.232513 s
	min   = 0.070689 s
	max   = 0.765539 s


PrintJobVoxelizer: voxelizing objects
Object 1 ROI: [0 0 0] --> [946 303 50]
GWNSampleFloodVoxelizer: number of samples: 171
GWNSampleFloodVoxelizer: samples evaluated
GWNSampleFloodVoxelizer: adaptive threshold = 0.498039
GWNSampleFloodVoxelizer: flooding complete
Voxelization: solid angle evaluations per voxel: 0.125418

Object 2 ROI: [0 314 0] --> [946 617 50]
GWNSampleFloodVoxelizer: number of samples: 170
GWNSampleFloodVoxelizer: samples evaluated
GWNSampleFloodVoxelizer: adaptive threshold = 0.498039
GWNSampleFloodVoxelizer: flooding complete
Voxelization: solid angle evaluations per voxel: 0.252487

Object 3 ROI: [0 628 0] --> [946 822 50]
GWNSampleFloodVoxelizer: number of samples: 121
GWNSampleFloodVoxelizer: samples evaluated
GWNSampleFloodVoxelizer: adaptive threshold = 0.498039
GWNSampleFloodVoxelizer: flooding complete
Voxelization: solid angle evaluations per voxel: 0.298144

Object 4 ROI: [0 833 0] --> [946 1026 50]
GWNSampleFloodVoxelizer: number of samples: 124
GWNSampleFloodVoxelizer: samples evaluated
GWNSampleFloodVoxelizer: adaptive threshold = 0.498039
GWNSampleFloodVoxelizer: flooding complete
Voxelization: solid angle evaluations per voxel: 0.344934

GWNSampleFloodVoxelizer::voxelize:
	28 trials
	total = 53.6221 s
	mean  = 1.91508 s
	var   = 0.0590919 s^2, std = 0.243088 s
	min   = 1.51651 s
	max   = 2.3716 s

GWNSampleFloodVoxelizer::initIndicator:
	28 trials
	total = 6.31716 s
	mean  = 0.225613 s
	var   = 0.000986553 s^2, std = 0.0314094 s
	min   = 0.164534 s
	max   = 0.304928 s

GWNSampleFloodVoxelizer::selectSamples:
	28 trials
	total = 2.41764 s
	mean  = 0.0863442 s
	var   = 0.00024699 s^2, std = 0.0157159 s
	min   = 0.062518 s
	max   = 0.109971 s

GWNSampleFloodVoxelizer::evaluateSamples:
	28 trials
	total = 1.80689 s
	mean  = 0.0645316 s
	var   = 0.0026396 s^2, std = 0.051377 s
	min   = 0.014038 s
	max   = 0.199043 s

GWNSampleFloodVoxelizer::flood:
	28 trials
	total = 41.5787 s
	mean  = 1.48495 s
	var   = 0.0371268 s^2, std = 0.192683 s
	min   = 1.13589 s
	max   = 1.84949 s


PrintJobVoxelizer: finalizing surfaces
PrintJobVoxelizer: 3038012 surface voxels
PrintJobVoxelizer: getting output subset
PrintJobVoxelizer: updating slice indices
TonalValueCalculator:  runs 14:57:58
slices [299, 349):
	channel 0: occupancy (dense)
	channel 1: opticalFeature (sparse)

SurfaceDistanceOrderedTransfer:  runs 14:57:58
slices [273, 349):
	channel 0: occupancy (dense)
	channel 1: surfaceDist (dense)

SurfaceDistanceOrderedTransfer: 273 299 323
LayerExtractor:  runs 14:58:3
slices [271, 323):
	channel 0: occupancy (dense)
	channel 1: surfaceDist (dense)
	channel 2: layer_000 (sparse)
	channel 3: layer_001 (sparse)
	channel 4: layer_002 (sparse)
	channel 5: layer_003 (sparse)
	channel 6: layer_004 (sparse)
	channel 7: layer_005 (sparse)
	channel 8: layer_006 (sparse)
	channel 9: layer_007 (sparse)

TonalLinearizer:  runs 14:58:5
slices [272, 322):
	channel 0: occupancy (dense)
	channel 1: surfaceDist (dense)
	channel 2: layer_000 (sparse)
	channel 3: layer_001 (sparse)
	channel 4: layer_002 (sparse)
	channel 5: layer_003 (sparse)
	channel 6: layer_004 (sparse)
	channel 7: layer_005 (sparse)
	channel 8: layer_006 (sparse)
	channel 9: layer_007 (sparse)

VectorLayerHalftoner: VectorLayerHalftoner error: no tonal values available

VectorLayerHalftoner:  runs 14:58:6
slices [260, 322):
	channel 0: occupancy (dense)
	channel 1: surfaceDist (dense)
	channel 2: layer_000 (sparse)
	channel 3: layer_001 (sparse)
	channel 4: layer_002 (sparse)
	channel 5: layer_003 (sparse)
	channel 6: layer_004 (sparse)
	channel 7: layer_005 (sparse)
	channel 8: layer_006 (sparse)
	channel 9: layer_007 (sparse)
	channel 10: intermedTonal_0 (sparse)
	channel 11: intermedTonal_1 (sparse)
	channel 12: intermedTonal_2 (sparse)
	channel 13: intermedTonal_3 (sparse)
	channel 14: intermedTonal_4 (sparse)
	channel 15: intermedTonal_5 (sparse)
	channel 16: intermedTonal_6 (sparse)
	channel 17: intermedTonal_7 (sparse)
	channel 18: quantizedTonal (sparse)
	channel 19: errorDiffInfo2 (sparse)
	channel 20: distanceToEmpty (sparse)
	channel 21: errorDiffInfo3 (sparse)
	channel 22: errorDiffInfo4 (sparse)
	channel 23: errorDiffInfo5 (sparse)
	channel 24: errorDiffInfo6 (sparse)
	channel 25: errorDiffInfo7 (sparse)
	channel 26: errorDiffInfo8 (sparse)
	channel 27: errorDiffInfo9 (sparse)

SlaveReporter:  runs 14:58:29
slices [260, 310):
	channel 0: material (dense)
	channel 1: occupancy (dense)

PrintJobVoxelizer:  runs 14:58:29

PrintJobVoxelizer: setting up slices
PrintJobVoxelizer: rasterizing objects
PrintJobVoxelizer: creating rasterizer
PrintJobVoxelizer: rasterizing object 1
PrintJobVoxelizer: rasterizing object 2
PrintJobVoxelizer: rasterizing object 3
PrintJobVoxelizer: rasterizing object 4
Rasterizer::rasterize:
	32 trials
	total = 12.8974 s
	mean  = 0.403045 s
	var   = 0.0494101 s^2, std = 0.222284 s
	min   = 0.070689 s
	max   = 0.765539 s


PrintJobVoxelizer: voxelizing objects
Object 1 ROI: [0 0 0] --> [946 303 50]
GWNSampleFloodVoxelizer: number of samples: 145
GWNSampleFloodVoxelizer: samples evaluated
GWNSampleFloodVoxelizer: adaptive threshold = 0.498039
GWNSampleFloodVoxelizer: flooding complete
Voxelization: solid angle evaluations per voxel: 0.114331

Object 2 ROI: [0 314 0] --> [946 617 50]
GWNSampleFloodVoxelizer: number of samples: 145
GWNSampleFloodVoxelizer: samples evaluated
GWNSampleFloodVoxelizer: adaptive threshold = 0.498039
GWNSampleFloodVoxelizer: flooding complete
Voxelization: solid angle evaluations per voxel: 0.231905

Object 3 ROI: [0 628 0] --> [946 822 50]
GWNSampleFloodVoxelizer: number of samples: 201
GWNSampleFloodVoxelizer: samples evaluated
GWNSampleFloodVoxelizer: adaptive threshold = 0.498039
GWNSampleFloodVoxelizer: flooding complete
Voxelization: solid angle evaluations per voxel: 0.307749

Object 4 ROI: [0 833 0] --> [946 1026 50]
GWNSampleFloodVoxelizer: number of samples: 202
GWNSampleFloodVoxelizer: samples evaluated
GWNSampleFloodVoxelizer: adaptive threshold = 0.498039
GWNSampleFloodVoxelizer: flooding complete
Voxelization: solid angle evaluations per voxel: 0.383971

GWNSampleFloodVoxelizer::voxelize:
	32 trials
	total = 60.8835 s
	mean  = 1.90261 s
	var   = 0.0669306 s^2, std = 0.258709 s
	min   = 1.41909 s
	max   = 2.3716 s

GWNSampleFloodVoxelizer::initIndicator:
	32 trials
	total = 7.15195 s
	mean  = 0.223498 s
	var   = 0.00120158 s^2, std = 0.0346638 s
	min   = 0.162468 s
	max   = 0.304928 s

GWNSampleFloodVoxelizer::selectSamples:
	32 trials
	total = 2.78587 s
	mean  = 0.0870585 s
	var   = 0.000260368 s^2, std = 0.0161359 s
	min   = 0.062518 s
	max   = 0.118287 s

GWNSampleFloodVoxelizer::evaluateSamples:
	32 trials
	total = 2.02765 s
	mean  = 0.0633639 s
	var   = 0.00234108 s^2, std = 0.0483847 s
	min   = 0.014038 s
	max   = 0.199043 s

GWNSampleFloodVoxelizer::flood:
	32 trials
	total = 47.2 s
	mean  = 1.475 s
	var   = 0.0414614 s^2, std = 0.203621 s
	min   = 1.08559 s
	max   = 1.84949 s


PrintJobVoxelizer: finalizing surfaces
PrintJobVoxelizer: 3609249 surface voxels
PrintJobVoxelizer: getting output subset
PrintJobVoxelizer: updating slice indices
TonalValueCalculator:  runs 14:58:38
slices [349, 399):
	channel 0: occupancy (dense)
	channel 1: opticalFeature (sparse)

SurfaceDistanceOrderedTransfer:  runs 14:58:38
slices [323, 399):
	channel 0: occupancy (dense)
	channel 1: surfaceDist (dense)

SurfaceDistanceOrderedTransfer: 323 349 373
LayerExtractor:  runs 14:58:43
slices [321, 373):
	channel 0: occupancy (dense)
	channel 1: surfaceDist (dense)
	channel 2: layer_000 (sparse)
	channel 3: layer_001 (sparse)
	channel 4: layer_002 (sparse)
	channel 5: layer_003 (sparse)
	channel 6: layer_004 (sparse)
	channel 7: layer_005 (sparse)
	channel 8: layer_006 (sparse)
	channel 9: layer_007 (sparse)

TonalLinearizer:  runs 14:58:45
slices [322, 372):
	channel 0: occupancy (dense)
	channel 1: surfaceDist (dense)
	channel 2: layer_000 (sparse)
	channel 3: layer_001 (sparse)
	channel 4: layer_002 (sparse)
	channel 5: layer_003 (sparse)
	channel 6: layer_004 (sparse)
	channel 7: layer_005 (sparse)
	channel 8: layer_006 (sparse)
	channel 9: layer_007 (sparse)

VectorLayerHalftoner: VectorLayerHalftoner error: no tonal values available

VectorLayerHalftoner:  runs 14:58:46
slices [310, 372):
	channel 0: occupancy (dense)
	channel 1: surfaceDist (dense)
	channel 2: layer_000 (sparse)
	channel 3: layer_001 (sparse)
	channel 4: layer_002 (sparse)
	channel 5: layer_003 (sparse)
	channel 6: layer_004 (sparse)
	channel 7: layer_005 (sparse)
	channel 8: layer_006 (sparse)
	channel 9: layer_007 (sparse)
	channel 10: intermedTonal_0 (sparse)
	channel 11: intermedTonal_1 (sparse)
	channel 12: intermedTonal_2 (sparse)
	channel 13: intermedTonal_3 (sparse)
	channel 14: intermedTonal_4 (sparse)
	channel 15: intermedTonal_5 (sparse)
	channel 16: intermedTonal_6 (sparse)
	channel 17: intermedTonal_7 (sparse)
	channel 18: quantizedTonal (sparse)
	channel 19: errorDiffInfo2 (sparse)
	channel 20: distanceToEmpty (sparse)
	channel 21: errorDiffInfo3 (sparse)
	channel 22: errorDiffInfo4 (sparse)
	channel 23: errorDiffInfo5 (sparse)
	channel 24: errorDiffInfo6 (sparse)
	channel 25: errorDiffInfo7 (sparse)
	channel 26: errorDiffInfo8 (sparse)
	channel 27: errorDiffInfo9 (sparse)

SlaveReporter:  runs 14:59:9
slices [310, 360):
	channel 0: material (dense)
	channel 1: occupancy (dense)

PrintJobVoxelizer:  runs 14:59:9

PrintJobVoxelizer: setting up slices
PrintJobVoxelizer: rasterizing objects
PrintJobVoxelizer: creating rasterizer
PrintJobVoxelizer: rasterizing object 1
PrintJobVoxelizer: rasterizing object 2
PrintJobVoxelizer: rasterizing object 3
PrintJobVoxelizer: rasterizing object 4
Rasterizer::rasterize:
	36 trials
	total = 14.6661 s
	mean  = 0.407392 s
	var   = 0.0476061 s^2, std = 0.218188 s
	min   = 0.070689 s
	max   = 0.765539 s


PrintJobVoxelizer: voxelizing objects
Object 1 ROI: [0 0 0] --> [946 303 50]
GWNSampleFloodVoxelizer: number of samples: 124
GWNSampleFloodVoxelizer: samples evaluated
GWNSampleFloodVoxelizer: adaptive threshold = 0.498039
GWNSampleFloodVoxelizer: flooding complete
Voxelization: solid angle evaluations per voxel: 0.112624

Object 2 ROI: [0 314 0] --> [946 617 50]
GWNSampleFloodVoxelizer: number of samples: 125
GWNSampleFloodVoxelizer: samples evaluated
GWNSampleFloodVoxelizer: adaptive threshold = 0.498039
GWNSampleFloodVoxelizer: flooding complete
Voxelization: solid angle evaluations per voxel: 0.226249

Object 3 ROI: [0 628 0] --> [946 822 50]
GWNSampleFloodVoxelizer: number of samples: 162
GWNSampleFloodVoxelizer: samples evaluated
GWNSampleFloodVoxelizer: adaptive threshold = 0.498039
GWNSampleFloodVoxelizer: flooding complete
Voxelization: solid angle evaluations per voxel: 0.287377

Object 4 ROI: [0 833 0] --> [946 1026 50]
GWNSampleFloodVoxelizer: number of samples: 160
GWNSampleFloodVoxelizer: samples evaluated
GWNSampleFloodVoxelizer: adaptive threshold = 0.498039
GWNSampleFloodVoxelizer: flooding complete
Voxelization: solid angle evaluations per voxel: 0.347751

GWNSampleFloodVoxelizer::voxelize:
	36 trials
	total = 68.0975 s
	mean  = 1.8916 s
	var   = 0.0730442 s^2, std = 0.270267 s
	min   = 1.41909 s
	max   = 2.3716 s

GWNSampleFloodVoxelizer::initIndicator:
	36 trials
	total = 8.08803 s
	mean  = 0.224667 s
	var   = 0.00119837 s^2, std = 0.0346175 s
	min   = 0.162468 s
	max   = 0.304928 s

GWNSampleFloodVoxelizer::selectSamples:
	36 trials
	total = 3.1317 s
	mean  = 0.0869916 s
	var   = 0.000265906 s^2, std = 0.0163066 s
	min   = 0.062518 s
	max   = 0.118287 s

GWNSampleFloodVoxelizer::evaluateSamples:
	36 trials
	total = 2.22652 s
	mean  = 0.0618476 s
	var   = 0.00213164 s^2, std = 0.0461697 s
	min   = 0.014038 s
	max   = 0.199043 s

GWNSampleFloodVoxelizer::flood:
	36 trials
	total = 52.6847 s
	mean  = 1.46346 s
	var   = 0.0464313 s^2, std = 0.215479 s
	min   = 1.08559 s
	max   = 1.84949 s


PrintJobVoxelizer: finalizing surfaces
PrintJobVoxelizer: 4121769 surface voxels
PrintJobVoxelizer: getting output subset
PrintJobVoxelizer: updating slice indices
TonalValueCalculator:  runs 14:59:19
slices [399, 449):
	channel 0: occupancy (dense)
	channel 1: opticalFeature (sparse)

SurfaceDistanceOrderedTransfer:  runs 14:59:19
slices [373, 449):
	channel 0: occupancy (dense)
	channel 1: surfaceDist (dense)

SurfaceDistanceOrderedTransfer: 373 399 423
LayerExtractor:  runs 14:59:24
slices [371, 423):
	channel 0: occupancy (dense)
	channel 1: surfaceDist (dense)
	channel 2: layer_000 (sparse)
	channel 3: layer_001 (sparse)
	channel 4: layer_002 (sparse)
	channel 5: layer_003 (sparse)
	channel 6: layer_004 (sparse)
	channel 7: layer_005 (sparse)
	channel 8: layer_006 (sparse)
	channel 9: layer_007 (sparse)

TonalLinearizer:  runs 14:59:26
slices [372, 422):
	channel 0: occupancy (dense)
	channel 1: surfaceDist (dense)
	channel 2: layer_000 (sparse)
	channel 3: layer_001 (sparse)
	channel 4: layer_002 (sparse)
	channel 5: layer_003 (sparse)
	channel 6: layer_004 (sparse)
	channel 7: layer_005 (sparse)
	channel 8: layer_006 (sparse)
	channel 9: layer_007 (sparse)

VectorLayerHalftoner: VectorLayerHalftoner error: no tonal values available

VectorLayerHalftoner:  runs 14:59:27
slices [360, 422):
	channel 0: occupancy (dense)
	channel 1: surfaceDist (dense)
	channel 2: layer_000 (sparse)
	channel 3: layer_001 (sparse)
	channel 4: layer_002 (sparse)
	channel 5: layer_003 (sparse)
	channel 6: layer_004 (sparse)
	channel 7: layer_005 (sparse)
	channel 8: layer_006 (sparse)
	channel 9: layer_007 (sparse)
	channel 10: intermedTonal_0 (sparse)
	channel 11: intermedTonal_1 (sparse)
	channel 12: intermedTonal_2 (sparse)
	channel 13: intermedTonal_3 (sparse)
	channel 14: intermedTonal_4 (sparse)
	channel 15: intermedTonal_5 (sparse)
	channel 16: intermedTonal_6 (sparse)
	channel 17: intermedTonal_7 (sparse)
	channel 18: quantizedTonal (sparse)
	channel 19: errorDiffInfo2 (sparse)
	channel 20: distanceToEmpty (sparse)
	channel 21: errorDiffInfo3 (sparse)
	channel 22: errorDiffInfo4 (sparse)
	channel 23: errorDiffInfo5 (sparse)
	channel 24: errorDiffInfo6 (sparse)
	channel 25: errorDiffInfo7 (sparse)
	channel 26: errorDiffInfo8 (sparse)
	channel 27: errorDiffInfo9 (sparse)

SlaveReporter:  runs 14:59:50
slices [360, 410):
	channel 0: material (dense)
	channel 1: occupancy (dense)

PrintJobVoxelizer:  runs 14:59:50

PrintJobVoxelizer: setting up slices
PrintJobVoxelizer: rasterizing objects
PrintJobVoxelizer: creating rasterizer
PrintJobVoxelizer: rasterizing object 1
PrintJobVoxelizer: rasterizing object 2
PrintJobVoxelizer: rasterizing object 3
PrintJobVoxelizer: rasterizing object 4
Rasterizer::rasterize:
	40 trials
	total = 16.114 s
	mean  = 0.402849 s
	var   = 0.0481526 s^2, std = 0.219437 s
	min   = 0.070689 s
	max   = 0.765539 s


PrintJobVoxelizer: voxelizing objects
Object 1 ROI: [0 0 0] --> [946 303 50]
GWNSampleFloodVoxelizer: number of samples: 145
GWNSampleFloodVoxelizer: samples evaluated
GWNSampleFloodVoxelizer: adaptive threshold = 0.498039
GWNSampleFloodVoxelizer: flooding complete
Voxelization: solid angle evaluations per voxel: 0.114078

Object 2 ROI: [0 314 0] --> [946 617 50]
GWNSampleFloodVoxelizer: number of samples: 146
GWNSampleFloodVoxelizer: samples evaluated
GWNSampleFloodVoxelizer: adaptive threshold = 0.498039
GWNSampleFloodVoxelizer: flooding complete
Voxelization: solid angle evaluations per voxel: 0.229344

Object 3 ROI: [0 628 0] --> [946 822 50]
GWNSampleFloodVoxelizer: number of samples: 122
GWNSampleFloodVoxelizer: samples evaluated
GWNSampleFloodVoxelizer: adaptive threshold = 0.498039
GWNSampleFloodVoxelizer: flooding complete
Voxelization: solid angle evaluations per voxel: 0.275379

Object 4 ROI: [0 833 0] --> [946 1026 50]
GWNSampleFloodVoxelizer: number of samples: 119
GWNSampleFloodVoxelizer: samples evaluated
GWNSampleFloodVoxelizer: adaptive threshold = 0.498039
GWNSampleFloodVoxelizer: flooding complete
Voxelization: solid angle evaluations per voxel: 0.320282

GWNSampleFloodVoxelizer::voxelize:
	40 trials
	total = 75.3312 s
	mean  = 1.88328 s
	var   = 0.0740002 s^2, std = 0.27203 s
	min   = 1.41909 s
	max   = 2.3716 s

GWNSampleFloodVoxelizer::initIndicator:
	40 trials
	total = 8.94023 s
	mean  = 0.223506 s
	var   = 0.00114007 s^2, std = 0.0337649 s
	min   = 0.162468 s
	max   = 0.304928 s

GWNSampleFloodVoxelizer::selectSamples:
	40 trials
	total = 3.49233 s
	mean  = 0.0873083 s
	var   = 0.000265245 s^2, std = 0.0162863 s
	min   = 0.062518 s
	max   = 0.118287 s

GWNSampleFloodVoxelizer::evaluateSamples:
	40 trials
	total = 2.41051 s
	mean  = 0.0602629 s
	var   = 0.0020257 s^2, std = 0.0450078 s
	min   = 0.010528 s
	max   = 0.199043 s

GWNSampleFloodVoxelizer::flood:
	40 trials
	total = 58.2979 s
	mean  = 1.45745 s
	var   = 0.0469254 s^2, std = 0.216623 s
	min   = 1.08559 s
	max   = 1.84949 s


PrintJobVoxelizer: finalizing surfaces
PrintJobVoxelizer: 4513240 surface voxels
PrintJobVoxelizer: getting output subset
PrintJobVoxelizer: updating slice indices
TonalValueCalculator:  runs 14:59:59
slices [449, 499):
	channel 0: occupancy (dense)
	channel 1: opticalFeature (sparse)

SurfaceDistanceOrderedTransfer:  runs 14:59:59
slices [423, 499):
	channel 0: occupancy (dense)
	channel 1: surfaceDist (dense)

SurfaceDistanceOrderedTransfer: 423 449 473
LayerExtractor:  runs 15:0:4
slices [421, 473):
	channel 0: occupancy (dense)
	channel 1: surfaceDist (dense)
	channel 2: layer_000 (sparse)
	channel 3: layer_001 (sparse)
	channel 4: layer_002 (sparse)
	channel 5: layer_003 (sparse)
	channel 6: layer_004 (sparse)
	channel 7: layer_005 (sparse)
	channel 8: layer_006 (sparse)
	channel 9: layer_007 (sparse)

TonalLinearizer:  runs 15:0:5
slices [422, 472):
	channel 0: occupancy (dense)
	channel 1: surfaceDist (dense)
	channel 2: layer_000 (sparse)
	channel 3: layer_001 (sparse)
	channel 4: layer_002 (sparse)
	channel 5: layer_003 (sparse)
	channel 6: layer_004 (sparse)
	channel 7: layer_005 (sparse)
	channel 8: layer_006 (sparse)
	channel 9: layer_007 (sparse)

VectorLayerHalftoner: VectorLayerHalftoner error: no tonal values available

VectorLayerHalftoner:  runs 15:0:6
slices [410, 472):
	channel 0: occupancy (dense)
	channel 1: surfaceDist (dense)
	channel 2: layer_000 (sparse)
	channel 3: layer_001 (sparse)
	channel 4: layer_002 (sparse)
	channel 5: layer_003 (sparse)
	channel 6: layer_004 (sparse)
	channel 7: layer_005 (sparse)
	channel 8: layer_006 (sparse)
	channel 9: layer_007 (sparse)
	channel 10: intermedTonal_0 (sparse)
	channel 11: intermedTonal_1 (sparse)
	channel 12: intermedTonal_2 (sparse)
	channel 13: intermedTonal_3 (sparse)
	channel 14: intermedTonal_4 (sparse)
	channel 15: intermedTonal_5 (sparse)
	channel 16: intermedTonal_6 (sparse)
	channel 17: intermedTonal_7 (sparse)
	channel 18: quantizedTonal (sparse)
	channel 19: errorDiffInfo2 (sparse)
	channel 20: distanceToEmpty (sparse)
	channel 21: errorDiffInfo3 (sparse)
	channel 22: errorDiffInfo4 (sparse)
	channel 23: errorDiffInfo5 (sparse)
	channel 24: errorDiffInfo6 (sparse)
	channel 25: errorDiffInfo7 (sparse)
	channel 26: errorDiffInfo8 (sparse)
	channel 27: errorDiffInfo9 (sparse)

SlaveReporter:  runs 15:0:21
slices [410, 460):
	channel 0: material (dense)
	channel 1: occupancy (dense)

PrintJobVoxelizer:  runs 15:0:21

PrintJobVoxelizer: setting up slices
PrintJobVoxelizer: rasterizing objects
PrintJobVoxelizer: creating rasterizer
PrintJobVoxelizer: rasterizing object 1
PrintJobVoxelizer: rasterizing object 2
PrintJobVoxelizer: rasterizing object 3
PrintJobVoxelizer: rasterizing object 4
Rasterizer::rasterize:
	44 trials
	total = 17.5186 s
	mean  = 0.398151 s
	var   = 0.0490508 s^2, std = 0.221474 s
	min   = 0.070689 s
	max   = 0.765539 s


PrintJobVoxelizer: voxelizing objects
Object 1 ROI: [0 0 0] --> [946 303 50]
GWNSampleFloodVoxelizer: number of samples: 168
GWNSampleFloodVoxelizer: samples evaluated
GWNSampleFloodVoxelizer: adaptive threshold = 0.498039
GWNSampleFloodVoxelizer: flooding complete
Voxelization: solid angle evaluations per voxel: 0.153427

Object 2 ROI: [0 314 0] --> [946 617 50]
GWNSampleFloodVoxelizer: number of samples: 167
GWNSampleFloodVoxelizer: samples evaluated
GWNSampleFloodVoxelizer: adaptive threshold = 0.498039
GWNSampleFloodVoxelizer: flooding complete
Voxelization: solid angle evaluations per voxel: 0.306471

Object 3 ROI: [0 628 0] --> [946 822 50]
GWNSampleFloodVoxelizer: number of samples: 89
GWNSampleFloodVoxelizer: samples evaluated
GWNSampleFloodVoxelizer: adaptive threshold = 0.498039
GWNSampleFloodVoxelizer: flooding complete
Voxelization: solid angle evaluations per voxel: 0.340054

Object 4 ROI: [0 833 0] --> [946 1026 50]
GWNSampleFloodVoxelizer: number of samples: 89
GWNSampleFloodVoxelizer: samples evaluated
GWNSampleFloodVoxelizer: adaptive threshold = 0.498039
GWNSampleFloodVoxelizer: flooding complete
Voxelization: solid angle evaluations per voxel: 0.373636

GWNSampleFloodVoxelizer::voxelize:
	44 trials
	total = 82.7579 s
	mean  = 1.88086 s
	var   = 0.073814 s^2, std = 0.271687 s
	min   = 1.41909 s
	max   = 2.3716 s

GWNSampleFloodVoxelizer::initIndicator:
	44 trials
	total = 9.86775 s
	mean  = 0.224267 s
	var   = 0.00120648 s^2, std = 0.0347344 s
	min   = 0.162468 s
	max   = 0.304928 s

GWNSampleFloodVoxelizer::selectSamples:
	44 trials
	total = 3.84855 s
	mean  = 0.087467 s
	var   = 0.000257177 s^2, std = 0.0160367 s
	min   = 0.062518 s
	max   = 0.118287 s

GWNSampleFloodVoxelizer::evaluateSamples:
	44 trials
	total = 2.66428 s
	mean  = 0.0605518 s
	var   = 0.0019897 s^2, std = 0.0446061 s
	min   = 0.010528 s
	max   = 0.199043 s

GWNSampleFloodVoxelizer::flood:
	44 trials
	total = 63.9922 s
	mean  = 1.45437 s
	var   = 0.0460752 s^2, std = 0.214651 s
	min   = 1.08559 s
	max   = 1.84949 s


PrintJobVoxelizer: finalizing surfaces
PrintJobVoxelizer: 4881115 surface voxels
PrintJobVoxelizer: getting output subset
PrintJobVoxelizer: updating slice indices
TonalValueCalculator:  runs 15:0:30
slices [499, 549):
	channel 0: occupancy (dense)
	channel 1: opticalFeature (sparse)

SurfaceDistanceOrderedTransfer:  runs 15:0:30
slices [473, 549):
	channel 0: occupancy (dense)
	channel 1: surfaceDist (dense)

SurfaceDistanceOrderedTransfer: 473 499 523
LayerExtractor:  runs 15:0:35
slices [471, 523):
	channel 0: occupancy (dense)
	channel 1: surfaceDist (dense)
	channel 2: layer_000 (sparse)
	channel 3: layer_001 (sparse)
	channel 4: layer_002 (sparse)
	channel 5: layer_003 (sparse)
	channel 6: layer_004 (sparse)
	channel 7: layer_005 (sparse)
	channel 8: layer_006 (sparse)
	channel 9: layer_007 (sparse)

TonalLinearizer:  runs 15:0:37
slices [472, 522):
	channel 0: occupancy (dense)
	channel 1: surfaceDist (dense)
	channel 2: layer_000 (sparse)
	channel 3: layer_001 (sparse)
	channel 4: layer_002 (sparse)
	channel 5: layer_003 (sparse)
	channel 6: layer_004 (sparse)
	channel 7: layer_005 (sparse)
	channel 8: layer_006 (sparse)
	channel 9: layer_007 (sparse)

VectorLayerHalftoner: VectorLayerHalftoner error: no tonal values available

VectorLayerHalftoner:  runs 15:0:37
slices [460, 522):
	channel 0: occupancy (dense)
	channel 1: surfaceDist (dense)
	channel 2: layer_000 (sparse)
	channel 3: layer_001 (sparse)
	channel 4: layer_002 (sparse)
	channel 5: layer_003 (sparse)
	channel 6: layer_004 (sparse)
	channel 7: layer_005 (sparse)
	channel 8: layer_006 (sparse)
	channel 9: layer_007 (sparse)
	channel 10: intermedTonal_0 (sparse)
	channel 11: intermedTonal_1 (sparse)
	channel 12: intermedTonal_2 (sparse)
	channel 13: intermedTonal_3 (sparse)
	channel 14: intermedTonal_4 (sparse)
	channel 15: intermedTonal_5 (sparse)
	channel 16: intermedTonal_6 (sparse)
	channel 17: intermedTonal_7 (sparse)
	channel 18: quantizedTonal (sparse)
	channel 19: errorDiffInfo2 (sparse)
	channel 20: distanceToEmpty (sparse)
	channel 21: errorDiffInfo3 (sparse)
	channel 22: errorDiffInfo4 (sparse)
	channel 23: errorDiffInfo5 (sparse)
	channel 24: errorDiffInfo6 (sparse)
	channel 25: errorDiffInfo7 (sparse)
	channel 26: errorDiffInfo8 (sparse)
	channel 27: errorDiffInfo9 (sparse)

SlaveReporter:  runs 15:0:48
slices [460, 510):
	channel 0: material (dense)
	channel 1: occupancy (dense)

PrintJobVoxelizer:  runs 15:0:48

PrintJobVoxelizer: setting up slices
PrintJobVoxelizer: rasterizing objects
PrintJobVoxelizer: creating rasterizer
PrintJobVoxelizer: rasterizing object 1
PrintJobVoxelizer: rasterizing object 2
PrintJobVoxelizer: rasterizing object 3
PrintJobVoxelizer: rasterizing object 4
Rasterizer::rasterize:
	48 trials
	total = 18.9857 s
	mean  = 0.395535 s
	var   = 0.0509084 s^2, std = 0.225629 s
	min   = 0.070689 s
	max   = 0.765539 s


PrintJobVoxelizer: voxelizing objects
Object 1 ROI: [0 0 0] --> [946 303 50]
GWNSampleFloodVoxelizer: number of samples: 207
GWNSampleFloodVoxelizer: samples evaluated
GWNSampleFloodVoxelizer: adaptive threshold = 0.498039
GWNSampleFloodVoxelizer: flooding complete
Voxelization: solid angle evaluations per voxel: 0.191741

Object 2 ROI: [0 314 0] --> [946 617 50]
GWNSampleFloodVoxelizer: number of samples: 207
GWNSampleFloodVoxelizer: samples evaluated
GWNSampleFloodVoxelizer: adaptive threshold = 0.498039
GWNSampleFloodVoxelizer: flooding complete
Voxelization: solid angle evaluations per voxel: 0.383483

Object 3 ROI: [0 628 0] --> [946 822 50]
GWNSampleFloodVoxelizer: number of samples: 84
GWNSampleFloodVoxelizer: samples evaluated
GWNSampleFloodVoxelizer: adaptive threshold = 0.498039
GWNSampleFloodVoxelizer: flooding complete
Voxelization: solid angle evaluations per voxel: 0.415179

Object 4 ROI: [0 833 0] --> [946 1026 50]
GWNSampleFloodVoxelizer: number of samples: 84
GWNSampleFloodVoxelizer: samples evaluated
GWNSampleFloodVoxelizer: adaptive threshold = 0.498039
GWNSampleFloodVoxelizer: flooding complete
Voxelization: solid angle evaluations per voxel: 0.446875

GWNSampleFloodVoxelizer::voxelize:
	48 trials
	total = 90.7238 s
	mean  = 1.89008 s
	var   = 0.0719212 s^2, std = 0.268181 s
	min   = 1.41909 s
	max   = 2.3716 s

GWNSampleFloodVoxelizer::initIndicator:
	48 trials
	total = 10.7693 s
	mean  = 0.22436 s
	var   = 0.00113264 s^2, std = 0.0336547 s
	min   = 0.162468 s
	max   = 0.304928 s

GWNSampleFloodVoxelizer::selectSamples:
	48 trials
	total = 4.19201 s
	mean  = 0.0873336 s
	var   = 0.000249452 s^2, std = 0.015794 s
	min   = 0.062518 s
	max   = 0.118287 s

GWNSampleFloodVoxelizer::evaluateSamples:
	48 trials
	total = 2.94504 s
	mean  = 0.0613551 s
	var   = 0.00209904 s^2, std = 0.0458153 s
	min   = 0.010528 s
	max   = 0.199043 s

GWNSampleFloodVoxelizer::flood:
	48 trials
	total = 70.2275 s
	mean  = 1.46307 s
	var   = 0.0452418 s^2, std = 0.212701 s
	min   = 1.08559 s
	max   = 1.84949 s


PrintJobVoxelizer: finalizing surfaces
PrintJobVoxelizer: 5233229 surface voxels
PrintJobVoxelizer: getting output subset
PrintJobVoxelizer: updating slice indices
TonalValueCalculator:  runs 15:0:58
slices [549, 599):
	channel 0: occupancy (dense)
	channel 1: opticalFeature (sparse)

SurfaceDistanceOrderedTransfer:  runs 15:0:58
slices [523, 599):
	channel 0: occupancy (dense)
	channel 1: surfaceDist (dense)

SurfaceDistanceOrderedTransfer: 523 549 573
LayerExtractor:  runs 15:1:3
slices [521, 573):
	channel 0: occupancy (dense)
	channel 1: surfaceDist (dense)
	channel 2: layer_000 (sparse)
	channel 3: layer_001 (sparse)
	channel 4: layer_002 (sparse)
	channel 5: layer_003 (sparse)
	channel 6: layer_004 (sparse)
	channel 7: layer_005 (sparse)
	channel 8: layer_006 (sparse)
	channel 9: layer_007 (sparse)

TonalLinearizer:  runs 15:1:5
slices [522, 572):
	channel 0: occupancy (dense)
	channel 1: surfaceDist (dense)
	channel 2: layer_000 (sparse)
	channel 3: layer_001 (sparse)
	channel 4: layer_002 (sparse)
	channel 5: layer_003 (sparse)
	channel 6: layer_004 (sparse)
	channel 7: layer_005 (sparse)
	channel 8: layer_006 (sparse)
	channel 9: layer_007 (sparse)

VectorLayerHalftoner: VectorLayerHalftoner error: no tonal values available

VectorLayerHalftoner:  runs 15:1:5
slices [510, 572):
	channel 0: occupancy (dense)
	channel 1: surfaceDist (dense)
	channel 2: layer_000 (sparse)
	channel 3: layer_001 (sparse)
	channel 4: layer_002 (sparse)
	channel 5: layer_003 (sparse)
	channel 6: layer_004 (sparse)
	channel 7: layer_005 (sparse)
	channel 8: layer_006 (sparse)
	channel 9: layer_007 (sparse)
	channel 10: intermedTonal_0 (sparse)
	channel 11: intermedTonal_1 (sparse)
	channel 12: intermedTonal_2 (sparse)
	channel 13: intermedTonal_3 (sparse)
	channel 14: intermedTonal_4 (sparse)
	channel 15: intermedTonal_5 (sparse)
	channel 16: intermedTonal_6 (sparse)
	channel 17: intermedTonal_7 (sparse)
	channel 18: quantizedTonal (sparse)
	channel 19: errorDiffInfo2 (sparse)
	channel 20: distanceToEmpty (sparse)
	channel 21: errorDiffInfo3 (sparse)
	channel 22: errorDiffInfo4 (sparse)
	channel 23: errorDiffInfo5 (sparse)
	channel 24: errorDiffInfo6 (sparse)
	channel 25: errorDiffInfo7 (sparse)
	channel 26: errorDiffInfo8 (sparse)
	channel 27: errorDiffInfo9 (sparse)

SlaveReporter:  runs 15:1:16
slices [510, 560):
	channel 0: material (dense)
	channel 1: occupancy (dense)

PrintJobVoxelizer:  runs 15:1:16

PrintJobVoxelizer: setting up slices
PrintJobVoxelizer: rasterizing objects
PrintJobVoxelizer: creating rasterizer
PrintJobVoxelizer: rasterizing object 1
PrintJobVoxelizer: rasterizing object 2
PrintJobVoxelizer: rasterizing object 3
PrintJobVoxelizer: rasterizing object 4
Rasterizer::rasterize:
	52 trials
	total = 20.4152 s
	mean  = 0.392599 s
	var   = 0.0552053 s^2, std = 0.234958 s
	min   = 0.033094 s
	max   = 0.765539 s


PrintJobVoxelizer: voxelizing objects
Object 1 ROI: [0 0 0] --> [946 303 50]
GWNSampleFloodVoxelizer: number of samples: 267
GWNSampleFloodVoxelizer: samples evaluated
GWNSampleFloodVoxelizer: adaptive threshold = 0.498039
GWNSampleFloodVoxelizer: flooding complete
Voxelization: solid angle evaluations per voxel: 0.293888

Object 2 ROI: [0 314 0] --> [946 617 50]
GWNSampleFloodVoxelizer: number of samples: 267
GWNSampleFloodVoxelizer: samples evaluated
GWNSampleFloodVoxelizer: adaptive threshold = 0.498039
GWNSampleFloodVoxelizer: flooding complete
Voxelization: solid angle evaluations per voxel: 0.586676

Object 3 ROI: [0 628 0] --> [946 822 5]
GWNSampleFloodVoxelizer: number of samples: 20
GWNSampleFloodVoxelizer: samples evaluated
GWNSampleFloodVoxelizer: adaptive threshold = 0.498039
GWNSampleFloodVoxelizer: flooding complete
Voxelization: solid angle evaluations per voxel: 0.594223

Object 4 ROI: [0 833 0] --> [946 1026 5]
GWNSampleFloodVoxelizer: number of samples: 20
GWNSampleFloodVoxelizer: samples evaluated
GWNSampleFloodVoxelizer: adaptive threshold = 0.498039
GWNSampleFloodVoxelizer: flooding complete
Voxelization: solid angle evaluations per voxel: 0.60177

GWNSampleFloodVoxelizer::voxelize:
	52 trials
	total = 98.433 s
	mean  = 1.89294 s
	var   = 0.0673122 s^2, std = 0.259446 s
	min   = 1.41909 s
	max   = 2.3716 s

GWNSampleFloodVoxelizer::initIndicator:
	52 trials
	total = 11.6546 s
	mean  = 0.224127 s
	var   = 0.00105668 s^2, std = 0.0325066 s
	min   = 0.162468 s
	max   = 0.304928 s

GWNSampleFloodVoxelizer::selectSamples:
	52 trials
	total = 4.40875 s
	mean  = 0.0847836 s
	var   = 0.000470831 s^2, std = 0.0216986 s
	min   = 0.008669 s
	max   = 0.118287 s

GWNSampleFloodVoxelizer::evaluateSamples:
	52 trials
	total = 3.30701 s
	mean  = 0.0635963 s
	var   = 0.00257885 s^2, std = 0.0507824 s
	min   = 0.004011 s
	max   = 0.199043 s

GWNSampleFloodVoxelizer::flood:
	52 trials
	total = 76.267 s
	mean  = 1.46667 s
	var   = 0.0421409 s^2, std = 0.205283 s
	min   = 1.08559 s
	max   = 1.84949 s


PrintJobVoxelizer: finalizing surfaces
PrintJobVoxelizer: 5546493 surface voxels
PrintJobVoxelizer: getting output subset
PrintJobVoxelizer: updating slice indices
TonalValueCalculator:  runs 15:1:25
slices [599, 649):
	channel 0: occupancy (dense)
	channel 1: opticalFeature (sparse)

SurfaceDistanceOrderedTransfer:  runs 15:1:25
slices [573, 649):
	channel 0: occupancy (dense)
	channel 1: surfaceDist (dense)

SurfaceDistanceOrderedTransfer: 573 599 623
LayerExtractor:  runs 15:1:31
slices [571, 623):
	channel 0: occupancy (dense)
	channel 1: surfaceDist (dense)
	channel 2: layer_000 (sparse)
	channel 3: layer_001 (sparse)
	channel 4: layer_002 (sparse)
	channel 5: layer_003 (sparse)
	channel 6: layer_004 (sparse)
	channel 7: layer_005 (sparse)
	channel 8: layer_006 (sparse)
	channel 9: layer_007 (sparse)

TonalLinearizer:  runs 15:1:32
slices [572, 622):
	channel 0: occupancy (dense)
	channel 1: surfaceDist (dense)
	channel 2: layer_000 (sparse)
	channel 3: layer_001 (sparse)
	channel 4: layer_002 (sparse)
	channel 5: layer_003 (sparse)
	channel 6: layer_004 (sparse)
	channel 7: layer_005 (sparse)
	channel 8: layer_006 (sparse)
	channel 9: layer_007 (sparse)

VectorLayerHalftoner: VectorLayerHalftoner error: no tonal values available

VectorLayerHalftoner:  runs 15:1:32
slices [560, 622):
	channel 0: occupancy (dense)
	channel 1: surfaceDist (dense)
	channel 2: layer_000 (sparse)
	channel 3: layer_001 (sparse)
	channel 4: layer_002 (sparse)
	channel 5: layer_003 (sparse)
	channel 6: layer_004 (sparse)
	channel 7: layer_005 (sparse)
	channel 8: layer_006 (sparse)
	channel 9: layer_007 (sparse)
	channel 10: intermedTonal_0 (sparse)
	channel 11: intermedTonal_1 (sparse)
	channel 12: intermedTonal_2 (sparse)
	channel 13: intermedTonal_3 (sparse)
	channel 14: intermedTonal_4 (sparse)
	channel 15: intermedTonal_5 (sparse)
	channel 16: intermedTonal_6 (sparse)
	channel 17: intermedTonal_7 (sparse)
	channel 18: quantizedTonal (sparse)
	channel 19: errorDiffInfo2 (sparse)
	channel 20: distanceToEmpty (sparse)
	channel 21: errorDiffInfo3 (sparse)
	channel 22: errorDiffInfo4 (sparse)
	channel 23: errorDiffInfo5 (sparse)
	channel 24: errorDiffInfo6 (sparse)
	channel 25: errorDiffInfo7 (sparse)
	channel 26: errorDiffInfo8 (sparse)
	channel 27: errorDiffInfo9 (sparse)

SlaveReporter:  runs 15:1:42
slices [560, 610):
	channel 0: material (dense)
	channel 1: occupancy (dense)

PrintJobVoxelizer:  runs 15:1:46

PrintJobVoxelizer: setting up slices
PrintJobVoxelizer: rasterizing objects
PrintJobVoxelizer: creating rasterizer
PrintJobVoxelizer: rasterizing object 1
PrintJobVoxelizer: rasterizing object 2
PrintJobVoxelizer: rasterizing object 3
PrintJobVoxelizer: rasterizing object 4
Rasterizer::rasterize:
	56 trials
	total = 21.7 s
	mean  = 0.387499 s
	var   = 0.0589748 s^2, std = 0.242847 s
	min   = 0.002006 s
	max   = 0.765539 s


PrintJobVoxelizer: voxelizing objects
Object 1 ROI: [0 0 0] --> [946 303 50]
GWNSampleFloodVoxelizer: number of samples: 216
GWNSampleFloodVoxelizer: samples evaluated
GWNSampleFloodVoxelizer: adaptive threshold = 0.498039
GWNSampleFloodVoxelizer: flooding complete
Voxelization: solid angle evaluations per voxel: 0.229212

Object 2 ROI: [0 314 0] --> [946 617 50]
GWNSampleFloodVoxelizer: number of samples: 213
GWNSampleFloodVoxelizer: samples evaluated
GWNSampleFloodVoxelizer: adaptive threshold = 0.498039
GWNSampleFloodVoxelizer: flooding complete
Voxelization: solid angle evaluations per voxel: 0.455723

Object 3 ROI: [0 628 0] --> [946 822 0]
GWNSampleFloodVoxelizer: number of samples: 0
GWNSampleFloodVoxelizer: samples evaluated
GWNSampleFloodVoxelizer: adaptive threshold = 0.498039
GWNSampleFloodVoxelizer: flooding complete
Voxelization: solid angle evaluations per voxel: 0.455723

Object 4 ROI: [0 833 0] --> [946 1026 0]
GWNSampleFloodVoxelizer: number of samples: 0
GWNSampleFloodVoxelizer: samples evaluated
GWNSampleFloodVoxelizer: adaptive threshold = 0.498039
GWNSampleFloodVoxelizer: flooding complete
Voxelization: solid angle evaluations per voxel: 0.455723

GWNSampleFloodVoxelizer::voxelize:
	56 trials
	total = 103.226 s
	mean  = 1.84332 s
	var   = 0.148628 s^2, std = 0.385523 s
	min   = 0.330058 s
	max   = 2.3716 s

GWNSampleFloodVoxelizer::initIndicator:
	56 trials
	total = 12.7143 s
	mean  = 0.227042 s
	var   = 0.00111328 s^2, std = 0.0333659 s
	min   = 0.162468 s
	max   = 0.304928 s

GWNSampleFloodVoxelizer::selectSamples:
	56 trials
	total = 4.60593 s
	mean  = 0.0822487 s
	var   = 0.000695002 s^2, std = 0.0263629 s
	min   = 0.000352 s
	max   = 0.118287 s

GWNSampleFloodVoxelizer::evaluateSamples:
	56 trials
	total = 3.64291 s
	mean  = 0.065052 s
	var   = 0.0029416 s^2, std = 0.0542365 s
	min   = 0 s
	max   = 0.199043 s

GWNSampleFloodVoxelizer::flood:
	56 trials
	total = 79.2133 s
	mean  = 1.41452 s
	var   = 0.114574 s^2, std = 0.338488 s
	min   = 0 s
	max   = 1.84949 s


PrintJobVoxelizer: finalizing surfaces
PrintJobVoxelizer: 5790341 surface voxels
PrintJobVoxelizer: getting output subset
PrintJobVoxelizer: updating slice indices
TonalValueCalculator:  runs 15:1:53
slices [649, 699):
	channel 0: occupancy (dense)
	channel 1: opticalFeature (sparse)

SurfaceDistanceOrderedTransfer:  runs 15:1:53
slices [623, 699):
	channel 0: occupancy (dense)
	channel 1: surfaceDist (dense)

SurfaceDistanceOrderedTransfer: 623 649 673
LayerExtractor:  runs 15:1:58
slices [621, 673):
	channel 0: occupancy (dense)
	channel 1: surfaceDist (dense)
	channel 2: layer_000 (sparse)
	channel 3: layer_001 (sparse)
	channel 4: layer_002 (sparse)
	channel 5: layer_003 (sparse)
	channel 6: layer_004 (sparse)
	channel 7: layer_005 (sparse)
	channel 8: layer_006 (sparse)
	channel 9: layer_007 (sparse)

TonalLinearizer:  runs 15:1:59
slices [622, 672):
	channel 0: occupancy (dense)
	channel 1: surfaceDist (dense)
	channel 2: layer_000 (sparse)
	channel 3: layer_001 (sparse)
	channel 4: layer_002 (sparse)
	channel 5: layer_003 (sparse)
	channel 6: layer_004 (sparse)
	channel 7: layer_005 (sparse)
	channel 8: layer_006 (sparse)
	channel 9: layer_007 (sparse)

VectorLayerHalftoner: VectorLayerHalftoner error: no tonal values available

VectorLayerHalftoner:  runs 15:2:0
slices [610, 672):
	channel 0: occupancy (dense)
	channel 1: surfaceDist (dense)
	channel 2: layer_000 (sparse)
	channel 3: layer_001 (sparse)
	channel 4: layer_002 (sparse)
	channel 5: layer_003 (sparse)
	channel 6: layer_004 (sparse)
	channel 7: layer_005 (sparse)
	channel 8: layer_006 (sparse)
	channel 9: layer_007 (sparse)
	channel 10: intermedTonal_0 (sparse)
	channel 11: intermedTonal_1 (sparse)
	channel 12: intermedTonal_2 (sparse)
	channel 13: intermedTonal_3 (sparse)
	channel 14: intermedTonal_4 (sparse)
	channel 15: intermedTonal_5 (sparse)
	channel 16: intermedTonal_6 (sparse)
	channel 17: intermedTonal_7 (sparse)
	channel 18: quantizedTonal (sparse)
	channel 19: errorDiffInfo2 (sparse)
	channel 20: distanceToEmpty (sparse)
	channel 21: errorDiffInfo3 (sparse)
	channel 22: errorDiffInfo4 (sparse)
	channel 23: errorDiffInfo5 (sparse)
	channel 24: errorDiffInfo6 (sparse)
	channel 25: errorDiffInfo7 (sparse)
	channel 26: errorDiffInfo8 (sparse)
	channel 27: errorDiffInfo9 (sparse)

SlaveReporter:  runs 15:2:8
slices [610, 660):
	channel 0: material (dense)
	channel 1: occupancy (dense)

PrintJobVoxelizer:  runs 15:2:22

PrintJobVoxelizer: setting up slices
PrintJobVoxelizer: rasterizing objects
PrintJobVoxelizer: creating rasterizer
PrintJobVoxelizer: rasterizing object 1
PrintJobVoxelizer: rasterizing object 2
PrintJobVoxelizer: rasterizing object 3
PrintJobVoxelizer: rasterizing object 4
Rasterizer::rasterize:
	60 trials
	total = 22.2467 s
	mean  = 0.370779 s
	var   = 0.0601821 s^2, std = 0.24532 s
	min   = 0.002006 s
	max   = 0.765539 s


PrintJobVoxelizer: voxelizing objects
Object 1 ROI: [0 0 0] --> [946 303 50]
GWNSampleFloodVoxelizer: number of samples: 103
GWNSampleFloodVoxelizer: samples evaluated
GWNSampleFloodVoxelizer: adaptive threshold = 0.498039
GWNSampleFloodVoxelizer: flooding complete
Voxelization: solid angle evaluations per voxel: 0.0691552

Object 2 ROI: [0 314 0] --> [946 617 50]
GWNSampleFloodVoxelizer: number of samples: 104
GWNSampleFloodVoxelizer: samples evaluated
GWNSampleFloodVoxelizer: adaptive threshold = 0.498039
GWNSampleFloodVoxelizer: flooding complete
Voxelization: solid angle evaluations per voxel: 0.13859

Object 3 ROI: [0 628 0] --> [946 822 0]
GWNSampleFloodVoxelizer: number of samples: 0
GWNSampleFloodVoxelizer: samples evaluated
GWNSampleFloodVoxelizer: adaptive threshold = 0.498039
GWNSampleFloodVoxelizer: flooding complete
Voxelization: solid angle evaluations per voxel: 0.13859

Object 4 ROI: [0 833 0] --> [946 1026 0]
GWNSampleFloodVoxelizer: number of samples: 0
GWNSampleFloodVoxelizer: samples evaluated
GWNSampleFloodVoxelizer: adaptive threshold = 0.498039
GWNSampleFloodVoxelizer: flooding complete
Voxelization: solid angle evaluations per voxel: 0.13859

GWNSampleFloodVoxelizer::voxelize:
	60 trials
	total = 107.884 s
	mean  = 1.79807 s
	var   = 0.217152 s^2, std = 0.465996 s
	min   = 0.290527 s
	max   = 2.3716 s

GWNSampleFloodVoxelizer::initIndicator:
	60 trials
	total = 13.7281 s
	mean  = 0.228801 s
	var   = 0.00109946 s^2, std = 0.0331582 s
	min   = 0.162468 s
	max   = 0.304928 s

GWNSampleFloodVoxelizer::selectSamples:
	60 trials
	total = 4.79764 s
	mean  = 0.0799607 s
	var   = 0.000872963 s^2, std = 0.029546 s
	min   = 0.000352 s
	max   = 0.118287 s

GWNSampleFloodVoxelizer::evaluateSamples:
	60 trials
	total = 3.74294 s
	mean  = 0.0623824 s
	var   = 0.00288642 s^2, std = 0.0537254 s
	min   = 0 s
	max   = 0.199043 s

GWNSampleFloodVoxelizer::flood:
	60 trials
	total = 82.362 s
	mean  = 1.3727 s
	var   = 0.173721 s^2, std = 0.416798 s
	min   = 0 s
	max   = 1.84949 s


PrintJobVoxelizer: finalizing surfaces
PrintJobVoxelizer: 5876058 surface voxels
PrintJobVoxelizer: getting output subset
PrintJobVoxelizer: updating slice indices
TonalValueCalculator:  runs 15:2:28
slices [699, 749):
	channel 0: occupancy (dense)
	channel 1: opticalFeature (sparse)

SurfaceDistanceOrderedTransfer:  runs 15:2:28
slices [673, 749):
	channel 0: occupancy (dense)
	channel 1: surfaceDist (dense)

SurfaceDistanceOrderedTransfer: 673 699 723
LayerExtractor:  runs 15:2:33
slices [671, 723):
	channel 0: occupancy (dense)
	channel 1: surfaceDist (dense)
	channel 2: layer_000 (sparse)
	channel 3: layer_001 (sparse)
	channel 4: layer_002 (sparse)
	channel 5: layer_003 (sparse)
	channel 6: layer_004 (sparse)
	channel 7: layer_005 (sparse)
	channel 8: layer_006 (sparse)
	channel 9: layer_007 (sparse)

TonalLinearizer:  runs 15:2:34
slices [672, 722):
	channel 0: occupancy (dense)
	channel 1: surfaceDist (dense)
	channel 2: layer_000 (sparse)
	channel 3: layer_001 (sparse)
	channel 4: layer_002 (sparse)
	channel 5: layer_003 (sparse)
	channel 6: layer_004 (sparse)
	channel 7: layer_005 (sparse)
	channel 8: layer_006 (sparse)
	channel 9: layer_007 (sparse)

VectorLayerHalftoner: VectorLayerHalftoner error: no tonal values available

VectorLayerHalftoner:  runs 15:2:34
slices [660, 722):
	channel 0: occupancy (dense)
	channel 1: surfaceDist (dense)
	channel 2: layer_000 (sparse)
	channel 3: layer_001 (sparse)
	channel 4: layer_002 (sparse)
	channel 5: layer_003 (sparse)
	channel 6: layer_004 (sparse)
	channel 7: layer_005 (sparse)
	channel 8: layer_006 (sparse)
	channel 9: layer_007 (sparse)
	channel 10: intermedTonal_0 (sparse)
	channel 11: intermedTonal_1 (sparse)
	channel 12: intermedTonal_2 (sparse)
	channel 13: intermedTonal_3 (sparse)
	channel 14: intermedTonal_4 (sparse)
	channel 15: intermedTonal_5 (sparse)
	channel 16: intermedTonal_6 (sparse)
	channel 17: intermedTonal_7 (sparse)
	channel 18: quantizedTonal (sparse)
	channel 19: errorDiffInfo2 (sparse)
	channel 20: distanceToEmpty (sparse)
	channel 21: errorDiffInfo3 (sparse)
	channel 22: errorDiffInfo4 (sparse)
	channel 23: errorDiffInfo5 (sparse)
	channel 24: errorDiffInfo6 (sparse)
	channel 25: errorDiffInfo7 (sparse)
	channel 26: errorDiffInfo8 (sparse)
	channel 27: errorDiffInfo9 (sparse)

SlaveReporter:  runs 15:2:40
slices [660, 710):
	channel 0: material (dense)
	channel 1: occupancy (dense)

PrintJobVoxelizer:  runs 15:2:56

PrintJobVoxelizer: setting up slices
PrintJobVoxelizer: rasterizing objects
PrintJobVoxelizer: creating rasterizer
PrintJobVoxelizer: rasterizing object 1
PrintJobVoxelizer: rasterizing object 2
PrintJobVoxelizer: rasterizing object 3
PrintJobVoxelizer: rasterizing object 4
Rasterizer::rasterize:
	64 trials
	total = 22.4977 s
	mean  = 0.351527 s
	var   = 0.0622587 s^2, std = 0.249517 s
	min   = 0.002006 s
	max   = 0.765539 s


PrintJobVoxelizer: voxelizing objects
Object 1 ROI: [0 0 0] --> [946 303 27]
GWNSampleFloodVoxelizer: number of samples: 86
GWNSampleFloodVoxelizer: samples evaluated
GWNSampleFloodVoxelizer: adaptive threshold = 0.498039
GWNSampleFloodVoxelizer: flooding complete
Voxelization: solid angle evaluations per voxel: 0.0448238

Object 2 ROI: [0 314 0] --> [946 617 27]
GWNSampleFloodVoxelizer: number of samples: 86
GWNSampleFloodVoxelizer: samples evaluated
GWNSampleFloodVoxelizer: adaptive threshold = 0.498039
GWNSampleFloodVoxelizer: flooding complete
Voxelization: solid angle evaluations per voxel: 0.0896476

Object 3 ROI: [0 628 0] --> [946 822 0]
GWNSampleFloodVoxelizer: number of samples: 0
GWNSampleFloodVoxelizer: samples evaluated
GWNSampleFloodVoxelizer: adaptive threshold = 0.498039
GWNSampleFloodVoxelizer: flooding complete
Voxelization: solid angle evaluations per voxel: 0.0896476

Object 4 ROI: [0 833 0] --> [946 1026 0]
GWNSampleFloodVoxelizer: number of samples: 0
GWNSampleFloodVoxelizer: samples evaluated
GWNSampleFloodVoxelizer: adaptive threshold = 0.498039
GWNSampleFloodVoxelizer: flooding complete
Voxelization: solid angle evaluations per voxel: 0.0896476

GWNSampleFloodVoxelizer::voxelize:
	64 trials
	total = 110.599 s
	mean  = 1.72811 s
	var   = 0.293054 s^2, std = 0.541345 s
	min   = 0.177595 s
	max   = 2.3716 s

GWNSampleFloodVoxelizer::initIndicator:
	64 trials
	total = 14.3018 s
	mean  = 0.223465 s
	var   = 0.00146508 s^2, std = 0.0382763 s
	min   = 0.137377 s
	max   = 0.304928 s

GWNSampleFloodVoxelizer::selectSamples:
	64 trials
	total = 4.92622 s
	mean  = 0.0769722 s
	var   = 0.00101802 s^2, std = 0.0319064 s
	min   = 0 s
	max   = 0.118287 s

GWNSampleFloodVoxelizer::evaluateSamples:
	64 trials
	total = 3.79007 s
	mean  = 0.0592198 s
	var   = 0.00286441 s^2, std = 0.0535202 s
	min   = 0 s
	max   = 0.199043 s

GWNSampleFloodVoxelizer::flood:
	64 trials
	total = 84.169 s
	mean  = 1.31514 s
	var   = 0.226241 s^2, std = 0.475648 s
	min   = 0 s
	max   = 1.84949 s


PrintJobVoxelizer: finalizing surfaces
PrintJobVoxelizer: 5887542 surface voxels
PrintJobVoxelizer: getting output subset
PrintJobVoxelizer: updating slice indices
TonalValueCalculator:  runs 15:3:0
slices [749, 777):
	channel 0: occupancy (dense)
	channel 1: opticalFeature (sparse)

SurfaceDistanceOrderedTransfer:  runs 15:3:0
slices [723, 777):
	channel 0: occupancy (dense)
	channel 1: surfaceDist (dense)

SurfaceDistanceOrderedTransfer: 723 749 777
LayerExtractor:  runs 15:3:5
slices [721, 777):
	channel 0: occupancy (dense)
	channel 1: surfaceDist (dense)
	channel 2: layer_000 (sparse)
	channel 3: layer_001 (sparse)
	channel 4: layer_002 (sparse)
	channel 5: layer_003 (sparse)
	channel 6: layer_004 (sparse)
	channel 7: layer_005 (sparse)
	channel 8: layer_006 (sparse)
	channel 9: layer_007 (sparse)

TonalLinearizer:  runs 15:3:5
slices [722, 777):
	channel 0: occupancy (dense)
	channel 1: surfaceDist (dense)
	channel 2: layer_000 (sparse)
	channel 3: layer_001 (sparse)
	channel 4: layer_002 (sparse)
	channel 5: layer_003 (sparse)
	channel 6: layer_004 (sparse)
	channel 7: layer_005 (sparse)
	channel 8: layer_006 (sparse)
	channel 9: layer_007 (sparse)

VectorLayerHalftoner: VectorLayerHalftoner error: no tonal values available

VectorLayerHalftoner:  runs 15:3:6
slices [710, 777):
	channel 0: occupancy (dense)
	channel 1: surfaceDist (dense)
	channel 2: layer_000 (sparse)
	channel 3: layer_001 (sparse)
	channel 4: layer_002 (sparse)
	channel 5: layer_003 (sparse)
	channel 6: layer_004 (sparse)
	channel 7: layer_005 (sparse)
	channel 8: layer_006 (sparse)
	channel 9: layer_007 (sparse)
	channel 10: intermedTonal_0 (sparse)
	channel 11: intermedTonal_1 (sparse)
	channel 12: intermedTonal_2 (sparse)
	channel 13: intermedTonal_3 (sparse)
	channel 14: intermedTonal_4 (sparse)
	channel 15: intermedTonal_5 (sparse)
	channel 16: intermedTonal_6 (sparse)
	channel 17: intermedTonal_7 (sparse)
	channel 18: quantizedTonal (sparse)
	channel 19: errorDiffInfo2 (sparse)
	channel 20: distanceToEmpty (sparse)
	channel 21: errorDiffInfo3 (sparse)
	channel 22: errorDiffInfo4 (sparse)
	channel 23: errorDiffInfo5 (sparse)
	channel 24: errorDiffInfo6 (sparse)
	channel 25: errorDiffInfo7 (sparse)
	channel 26: errorDiffInfo8 (sparse)
	channel 27: errorDiffInfo9 (sparse)

SlaveReporter:  runs 15:3:10
slices [710, 777):
	channel 0: material (dense)
	channel 1: occupancy (dense)

Computation finished 

Status: success
Slave Node  1 :Total execution time in seconds 603.111

