SlavePrintingSoftware::startUp:
	1 trials
	total = 0.289735 s
	mean  = 0.289735 s
	var   = 0 s^2, std = 0 s
	min   = 0.289735 s
	max   = 0.289735 s

PrintingSoftware::execute:
	1 trials
	total = 560.948 s
	mean  = 560.948 s
	var   = 0 s^2, std = 0 s
	min   = 560.948 s
	max   = 560.948 s

DistributedComputingInitiator::Receive:
	1 trials
	total = 21.664 s
	mean  = 21.664 s
	var   = 0 s^2, std = 0 s
	min   = 21.664 s
	max   = 21.664 s

FileParserPJ::setInput:
	1 trials
	total = 0 s
	mean  = 0 s
	var   = 0 s^2, std = 0 s
	min   = 0 s
	max   = 0 s

FileParserPJ::runInternal:
	1 trials
	total = 10.5541 s
	mean  = 10.5541 s
	var   = 0 s^2, std = 0 s
	min   = 10.5541 s
	max   = 10.5541 s

PrintJobOrganizer::setInput:
	1 trials
	total = 0.002499 s
	mean  = 0.002499 s
	var   = 0 s^2, std = 0 s
	min   = 0.002499 s
	max   = 0.002499 s

PrintJobOrganizer::runInternal:
	1 trials
	total = 0.649753 s
	mean  = 0.649753 s
	var   = 0 s^2, std = 0 s
	min   = 0.649753 s
	max   = 0.649753 s

PrintJobPreprocessor::setInput:
	1 trials
	total = 0 s
	mean  = 0 s
	var   = 0 s^2, std = 0 s
	min   = 0 s
	max   = 0 s

PrintJobPreprocessor::runInternal:
	1 trials
	total = 2.9784 s
	mean  = 2.9784 s
	var   = 0 s^2, std = 0 s
	min   = 2.9784 s
	max   = 2.9784 s

PrintJobVoxelizer::setInput:
	16 trials
	total = 0.0005 s
	mean  = 3.125e-005 s
	var   = 1.5625e-008 s^2, std = 0.000125 s
	min   = 0 s
	max   = 0.0005 s

PrintJobVoxelizer::runInternal:
	16 trials
	total = 123.025 s
	mean  = 7.68908 s
	var   = 1.18938 s^2, std = 1.09059 s
	min   = 4.09593 s
	max   = 9.09652 s

PrintJobVoxelizer::rasterizeObjects:
	16 trials
	total = 29.561 s
	mean  = 1.84756 s
	var   = 0.316004 s^2, std = 0.562142 s
	min   = 0.548928 s
	max   = 2.55243 s

PrintJobVoxelizer::voxelizeObjects:
	16 trials
	total = 90.2747 s
	mean  = 5.64217 s
	var   = 0.4296 s^2, std = 0.655439 s
	min   = 3.44063 s
	max   = 6.34092 s

PrintJobVoxelizer::finalizeSurfaces:
	16 trials
	total = 1.07807 s
	mean  = 0.0673796 s
	var   = 0.000185728 s^2, std = 0.0136282 s
	min   = 0.029067 s
	max   = 0.085728 s

TonalValueCalculator::setInput:
	16 trials
	total = 0 s
	mean  = 0 s
	var   = 0 s^2, std = 0 s
	min   = 0 s
	max   = 0 s

TonalValueCalculator::runInternal:
	16 trials
	total = 0.875052 s
	mean  = 0.0546907 s
	var   = 0.000828159 s^2, std = 0.0287778 s
	min   = 0.005013 s
	max   = 0.121329 s

SurfaceDistanceOrderedTransfer::setInput:
	16 trials
	total = 0.001504 s
	mean  = 9.4e-005 s
	var   = 7.43756e-008 s^2, std = 0.000272719 s
	min   = 0 s
	max   = 0.001003 s

SurfaceDistanceOrderedTransfer::runInternal:
	16 trials
	total = 56.7375 s
	mean  = 3.5461 s
	var   = 0.290844 s^2, std = 0.539299 s
	min   = 1.74615 s
	max   = 4.04877 s

SurfaceDistanceOrderedTransfer::buildOrderedSurfaceData:
	16 trials
	total = 1.10107 s
	mean  = 0.0688169 s
	var   = 0.00889433 s^2, std = 0.0943098 s
	min   = 0.001504 s
	max   = 0.416104 s

SurfaceDistanceOrderedTransfer::fillDistanceChannel:
	16 trials
	total = 3.37413 s
	mean  = 0.210883 s
	var   = 0.00114647 s^2, std = 0.0338595 s
	min   = 0.09024 s
	max   = 0.245272 s

SurfaceDistanceOrderedTransfer::transfer:
	16 trials
	total = 51.6565 s
	mean  = 3.22853 s
	var   = 0.340399 s^2, std = 0.583437 s
	min   = 1.23128 s
	max   = 3.74193 s

SurfaceDistanceOrderedTransfer::mergeDistances:
	48 trials
	total = 3.59613 s
	mean  = 0.0749193 s
	var   = 0.000106162 s^2, std = 0.0103035 s
	min   = 0.0381 s
	max   = 0.09125 s

SurfaceDistanceOrderedTransfer::applySqrt:
	16 trials
	total = 0.594308 s
	mean  = 0.0371442 s
	var   = 0.000117169 s^2, std = 0.0108245 s
	min   = 0.00752 s
	max   = 0.051808 s

LayerExtractor::setInput:
	16 trials
	total = 0 s
	mean  = 0 s
	var   = 0 s^2, std = 0 s
	min   = 0 s
	max   = 0 s

LayerExtractor::runInternal:
	16 trials
	total = 20.0161 s
	mean  = 1.25101 s
	var   = 0.222894 s^2, std = 0.472117 s
	min   = 0.186495 s
	max   = 1.74964 s

VectorLayerHalftoner::setInput:
	16 trials
	total = 0.007529 s
	mean  = 0.000470563 s
	var   = 3.18693e-007 s^2, std = 0.000564529 s
	min   = 0 s
	max   = 0.001515 s

VectorLayerHalftoner::runInternal:
	16 trials
	total = 171.727 s
	mean  = 10.7329 s
	var   = 20.5242 s^2, std = 4.53037 s
	min   = 1.27638 s
	max   = 17.1703 s

VectorLayerHalftoner(0)::setupOutputContainerSlaveReporter::serializeSlice:
	777 trials
	total = 525.294 s
	mean  = 0.676055 s
	var   = 0.310096 s^2, std = 0.556863 s
	min   = 0.406077 s
	max   = 5.69765 s

SlaveReporter::Send:
	22 trials
	total = 0 s
	mean  = 0 s
	var   = 0 s^2, std = 0 s
	min   = 0 s
	max   = 0 s

