SlavePrintingSoftware::startUp:
	1 trials
	total = 0.37549 s
	mean  = 0.37549 s
	var   = 0 s^2, std = 0 s
	min   = 0.37549 s
	max   = 0.37549 s

PrintingSoftware::execute:
	1 trials
	total = 973.181 s
	mean  = 973.181 s
	var   = 0 s^2, std = 0 s
	min   = 973.181 s
	max   = 973.181 s

DistributedComputingInitiator::Receive:
	1 trials
	total = 8.27945 s
	mean  = 8.27945 s
	var   = 0 s^2, std = 0 s
	min   = 8.27945 s
	max   = 8.27945 s

FileParserPJ::setInput:
	1 trials
	total = 0 s
	mean  = 0 s
	var   = 0 s^2, std = 0 s
	min   = 0 s
	max   = 0 s

FileParserPJ::runInternal:
	1 trials
	total = 4.12343 s
	mean  = 4.12343 s
	var   = 0 s^2, std = 0 s
	min   = 4.12343 s
	max   = 4.12343 s

PrintJobOrganizer::setInput:
	1 trials
	total = 0.001996 s
	mean  = 0.001996 s
	var   = 0 s^2, std = 0 s
	min   = 0.001996 s
	max   = 0.001996 s

PrintJobOrganizer::runInternal:
	1 trials
	total = 0.325864 s
	mean  = 0.325864 s
	var   = 0 s^2, std = 0 s
	min   = 0.325864 s
	max   = 0.325864 s

PrintJobPreprocessor::setInput:
	1 trials
	total = 0 s
	mean  = 0 s
	var   = 0 s^2, std = 0 s
	min   = 0 s
	max   = 0 s

PrintJobPreprocessor::runInternal:
	1 trials
	total = 0.952528 s
	mean  = 0.952528 s
	var   = 0 s^2, std = 0 s
	min   = 0.952528 s
	max   = 0.952528 s

PrintJobVoxelizer::setInput:
	32 trials
	total = 0 s
	mean  = 0 s
	var   = 0 s^2, std = 0 s
	min   = 0 s
	max   = 0 s

PrintJobVoxelizer::runInternal:
	32 trials
	total = 124.214 s
	mean  = 3.88168 s
	var   = 0.554724 s^2, std = 0.744798 s
	min   = 0.231615 s
	max   = 4.97568 s

PrintJobVoxelizer::rasterizeObjects:
	32 trials
	total = 23.2125 s
	mean  = 0.725391 s
	var   = 0.0542752 s^2, std = 0.23297 s
	min   = 0.180479 s
	max   = 1.05779 s

PrintJobVoxelizer::voxelizeObjects:
	32 trials
	total = 94.273 s
	mean  = 2.94603 s
	var   = 0.320943 s^2, std = 0.566519 s
	min   = 0.034591 s
	max   = 3.6953 s

PrintJobVoxelizer::finalizeSurfaces:
	32 trials
	total = 2.081 s
	mean  = 0.0650314 s
	var   = 0.000144049 s^2, std = 0.012002 s
	min   = 0.00601 s
	max   = 0.076705 s

TonalValueCalculator::setInput:
	32 trials
	total = 0 s
	mean  = 0 s
	var   = 0 s^2, std = 0 s
	min   = 0 s
	max   = 0 s

TonalValueCalculator::runInternal:
	32 trials
	total = 0.899382 s
	mean  = 0.0281057 s
	var   = 0.000164113 s^2, std = 0.0128107 s
	min   = 0.000504 s
	max   = 0.05214 s

SurfaceDistanceOrderedTransfer::setInput:
	32 trials
	total = 0.002001 s
	mean  = 6.25312e-005 s
	var   = 4.43509e-008 s^2, std = 0.000210597 s
	min   = 0 s
	max   = 0.000999 s

SurfaceDistanceOrderedTransfer::runInternal:
	32 trials
	total = 44.525 s
	mean  = 1.39141 s
	var   = 0.0308253 s^2, std = 0.175571 s
	min   = 0.812645 s
	max   = 1.61629 s

SurfaceDistanceOrderedTransfer::buildOrderedSurfaceData:
	32 trials
	total = 1.34505 s
	mean  = 0.0420327 s
	var   = 0.00649088 s^2, std = 0.080566 s
	min   = 0 s
	max   = 0.478771 s

SurfaceDistanceOrderedTransfer::fillDistanceChannel:
	32 trials
	total = 4.11111 s
	mean  = 0.128472 s
	var   = 0.000317246 s^2, std = 0.0178114 s
	min   = 0.059155 s
	max   = 0.1394 s

SurfaceDistanceOrderedTransfer::transfer:
	32 trials
	total = 37.9173 s
	mean  = 1.18491 s
	var   = 0.0359181 s^2, std = 0.189521 s
	min   = 0.489798 s
	max   = 1.38564 s

SurfaceDistanceOrderedTransfer::mergeDistances:
	32 trials
	total = 0 s
	mean  = 0 s
	var   = 0 s^2, std = 0 s
	min   = 0 s
	max   = 0 s

SurfaceDistanceOrderedTransfer::applySqrt:
	32 trials
	total = 1.12649 s
	mean  = 0.0352027 s
	var   = 9.81234e-005 s^2, std = 0.00990572 s
	min   = 0.009025 s
	max   = 0.051136 s

LayerExtractor::setInput:
	32 trials
	total = 0.001504 s
	mean  = 4.7e-005 s
	var   = 2.20425e-008 s^2, std = 0.000148467 s
	min   = 0 s
	max   = 0.000502 s

LayerExtractor::runInternal:
	32 trials
	total = 31.6433 s
	mean  = 0.988853 s
	var   = 0.0811862 s^2, std = 0.284932 s
	min   = 0.210056 s
	max   = 1.33304 s

VectorLayerHalftoner::setInput:
	32 trials
	total = 0.028077 s
	mean  = 0.000877406 s
	var   = 1.76966e-007 s^2, std = 0.000420673 s
	min   = 0 s
	max   = 0.001995 s

VectorLayerHalftoner::runInternal:
	32 trials
	total = 234.969 s
	mean  = 7.34279 s
	var   = 4.51298 s^2, std = 2.12438 s
	min   = 1.38317 s
	max   = 10.2057 s

VectorLayerHalftoner(0)::setupOutputContainerSlaveReporter::serializeSlice:
	1396 trials
	total = 952.437 s
	mean  = 0.682262 s
	var   = 0.194691 s^2, std = 0.441239 s
	min   = 0.530907 s
	max   = 3.94244 s

SlaveReporter::Send:
	38 trials
	total = 0.001484 s
	mean  = 3.90526e-005 s
	var   = 1.82955e-008 s^2, std = 0.000135261 s
	min   = 0 s
	max   = 0.00051 s

