SlavePrintingSoftware::startUp:
	1 trials
	total = 0.316526 s
	mean  = 0.316526 s
	var   = 0 s^2, std = 0 s
	min   = 0.316526 s
	max   = 0.316526 s

PrintingSoftware::execute:
	1 trials
	total = 154.09 s
	mean  = 154.09 s
	var   = 0 s^2, std = 0 s
	min   = 154.09 s
	max   = 154.09 s

DistributedComputingInitiator::Receive:
	1 trials
	total = 8.78432 s
	mean  = 8.78432 s
	var   = 0 s^2, std = 0 s
	min   = 8.78432 s
	max   = 8.78432 s

FileParserPJ::setInput:
	1 trials
	total = 0 s
	mean  = 0 s
	var   = 0 s^2, std = 0 s
	min   = 0 s
	max   = 0 s

FileParserPJ::runInternal:
	1 trials
	total = 3.32722 s
	mean  = 3.32722 s
	var   = 0 s^2, std = 0 s
	min   = 3.32722 s
	max   = 3.32722 s

PrintJobOrganizer::setInput:
	1 trials
	total = 0.001253 s
	mean  = 0.001253 s
	var   = 0 s^2, std = 0 s
	min   = 0.001253 s
	max   = 0.001253 s

PrintJobOrganizer::runInternal:
	1 trials
	total = 0.250615 s
	mean  = 0.250615 s
	var   = 0 s^2, std = 0 s
	min   = 0.250615 s
	max   = 0.250615 s

PrintJobPreprocessor::setInput:
	1 trials
	total = 0 s
	mean  = 0 s
	var   = 0 s^2, std = 0 s
	min   = 0 s
	max   = 0 s

PrintJobPreprocessor::runInternal:
	1 trials
	total = 0.973147 s
	mean  = 0.973147 s
	var   = 0 s^2, std = 0 s
	min   = 0.973147 s
	max   = 0.973147 s

PrintJobVoxelizer::setInput:
	16 trials
	total = 0 s
	mean  = 0 s
	var   = 0 s^2, std = 0 s
	min   = 0 s
	max   = 0 s

PrintJobVoxelizer::runInternal:
	16 trials
	total = 25.3884 s
	mean  = 1.58678 s
	var   = 0.0916009 s^2, std = 0.302656 s
	min   = 0.743616 s
	max   = 1.9433 s

PrintJobVoxelizer::rasterizeObjects:
	16 trials
	total = 10.1455 s
	mean  = 0.634095 s
	var   = 0.0334826 s^2, std = 0.182983 s
	min   = 0.199773 s
	max   = 0.851739 s

PrintJobVoxelizer::voxelizeObjects:
	16 trials
	total = 14.1888 s
	mean  = 0.8868 s
	var   = 0.0166851 s^2, std = 0.129171 s
	min   = 0.484705 s
	max   = 1.08179 s

PrintJobVoxelizer::finalizeSurfaces:
	16 trials
	total = 0.209368 s
	mean  = 0.0130855 s
	var   = 2.48795e-005 s^2, std = 0.00498793 s
	min   = 0.005013 s
	max   = 0.022703 s

TonalValueCalculator::setInput:
	16 trials
	total = 0 s
	mean  = 0 s
	var   = 0 s^2, std = 0 s
	min   = 0 s
	max   = 0 s

TonalValueCalculator::runInternal:
	16 trials
	total = 0.174314 s
	mean  = 0.0108946 s
	var   = 5.36146e-005 s^2, std = 0.0073222 s
	min   = 0 s
	max   = 0.016043 s

SurfaceDistanceOrderedTransfer::setInput:
	16 trials
	total = 0 s
	mean  = 0 s
	var   = 0 s^2, std = 0 s
	min   = 0 s
	max   = 0 s

SurfaceDistanceOrderedTransfer::runInternal:
	16 trials
	total = 6.50638 s
	mean  = 0.406649 s
	var   = 0.00199611 s^2, std = 0.0446778 s
	min   = 0.279271 s
	max   = 0.460591 s

SurfaceDistanceOrderedTransfer::buildOrderedSurfaceData:
	16 trials
	total = 0.316559 s
	mean  = 0.0197849 s
	var   = 0.000920041 s^2, std = 0.0303322 s
	min   = 0 s
	max   = 0.131127 s

SurfaceDistanceOrderedTransfer::fillDistanceChannel:
	16 trials
	total = 0.571464 s
	mean  = 0.0357165 s
	var   = 0.000131241 s^2, std = 0.011456 s
	min   = 0 s
	max   = 0.04989 s

SurfaceDistanceOrderedTransfer::transfer:
	16 trials
	total = 5.26531 s
	mean  = 0.329082 s
	var   = 0.0040723 s^2, std = 0.0638145 s
	min   = 0.11592 s
	max   = 0.391653 s

SurfaceDistanceOrderedTransfer::mergeDistances:
	16 trials
	total = 0 s
	mean  = 0 s
	var   = 0 s^2, std = 0 s
	min   = 0 s
	max   = 0 s

SurfaceDistanceOrderedTransfer::applySqrt:
	16 trials
	total = 0.336418 s
	mean  = 0.0210261 s
	var   = 0.000189297 s^2, std = 0.0137585 s
	min   = 0.007019 s
	max   = 0.068557 s

LayerExtractor::setInput:
	16 trials
	total = 0 s
	mean  = 0 s
	var   = 0 s^2, std = 0 s
	min   = 0 s
	max   = 0 s

LayerExtractor::runInternal:
	16 trials
	total = 6.11956 s
	mean  = 0.382473 s
	var   = 0.0194111 s^2, std = 0.139324 s
	min   = 0.049948 s
	max   = 0.530186 s

VectorLayerHalftoner::setInput:
	16 trials
	total = 0.025945 s
	mean  = 0.00162156 s
	var   = 1.40516e-005 s^2, std = 0.00374855 s
	min   = 0 s
	max   = 0.015596 s

VectorLayerHalftoner::runInternal:
	16 trials
	total = 37.681 s
	mean  = 2.35507 s
	var   = 0.580013 s^2, std = 0.761586 s
	min   = 0.396604 s
	max   = 3.15028 s

VectorLayerHalftoner(0)::setupOutputContainerSlaveReporter::serializeSlice:
	777 trials
	total = 143.913 s
	mean  = 0.185216 s
	var   = 0.0247551 s^2, std = 0.157338 s
	min   = 0.12092 s
	max   = 1.43191 s

SlaveReporter::Send:
	22 trials
	total = 0 s
	mean  = 0 s
	var   = 0 s^2, std = 0 s
	min   = 0 s
	max   = 0 s

