SlavePrintingSoftware::startUp:
	1 trials
	total = 0.381764 s
	mean  = 0.381764 s
	var   = 0 s^2, std = 0 s
	min   = 0.381764 s
	max   = 0.381764 s

PrintingSoftware::execute:
	1 trials
	total = 27.9342 s
	mean  = 27.9342 s
	var   = 0 s^2, std = 0 s
	min   = 27.9342 s
	max   = 27.9342 s

DistributedComputingInitiator::Receive:
	1 trials
	total = 146.51 s
	mean  = 146.51 s
	var   = 0 s^2, std = 0 s
	min   = 146.51 s
	max   = 146.51 s

FileParserPJ::setInput:
	1 trials
	total = 0 s
	mean  = 0 s
	var   = 0 s^2, std = 0 s
	min   = 0 s
	max   = 0 s

FileParserPJ::runInternal:
	1 trials
	total = 3.68183 s
	mean  = 3.68183 s
	var   = 0 s^2, std = 0 s
	min   = 3.68183 s
	max   = 3.68183 s

PrintJobOrganizer::setInput:
	1 trials
	total = 0.002052 s
	mean  = 0.002052 s
	var   = 0 s^2, std = 0 s
	min   = 0.002052 s
	max   = 0.002052 s

PrintJobOrganizer::runInternal:
	1 trials
	total = 0.294319 s
	mean  = 0.294319 s
	var   = 0 s^2, std = 0 s
	min   = 0.294319 s
	max   = 0.294319 s

PrintJobPreprocessor::setInput:
	1 trials
	total = 0 s
	mean  = 0 s
	var   = 0 s^2, std = 0 s
	min   = 0 s
	max   = 0 s

PrintJobPreprocessor::runInternal:
	1 trials
	total = 1.05332 s
	mean  = 1.05332 s
	var   = 0 s^2, std = 0 s
	min   = 1.05332 s
	max   = 1.05332 s

PrintJobVoxelizer::setInput:
	8 trials
	total = 0.000983 s
	mean  = 0.000122875 s
	var   = 1.20786e-007 s^2, std = 0.000347543 s
	min   = 0 s
	max   = 0.000983 s

PrintJobVoxelizer::runInternal:
	8 trials
	total = 8.62838 s
	mean  = 1.07855 s
	var   = 0.0570542 s^2, std = 0.23886 s
	min   = 0.606525 s
	max   = 1.35128 s

PrintJobVoxelizer::rasterizeObjects:
	8 trials
	total = 5.41007 s
	mean  = 0.676259 s
	var   = 0.0291408 s^2, std = 0.170707 s
	min   = 0.330632 s
	max   = 0.851692 s

PrintJobVoxelizer::voxelizeObjects:
	8 trials
	total = 2.996 s
	mean  = 0.3745 s
	var   = 0.00536471 s^2, std = 0.0732442 s
	min   = 0.257606 s
	max   = 0.477321 s

PrintJobVoxelizer::finalizeSurfaces:
	8 trials
	total = 0.077336 s
	mean  = 0.009667 s
	var   = 7.81602e-006 s^2, std = 0.00279571 s
	min   = 0.006167 s
	max   = 0.0152 s

TonalValueCalculator::setInput:
	8 trials
	total = 0 s
	mean  = 0 s
	var   = 0 s^2, std = 0 s
	min   = 0 s
	max   = 0 s

TonalValueCalculator::runInternal:
	8 trials
	total = 0.070296 s
	mean  = 0.008787 s
	var   = 1.57139e-005 s^2, std = 0.00396408 s
	min   = 0.002052 s
	max   = 0.016192 s

SurfaceDistanceOrderedTransfer::setInput:
	8 trials
	total = 0.001009 s
	mean  = 0.000126125 s
	var   = 1.2726e-007 s^2, std = 0.000356735 s
	min   = 0 s
	max   = 0.001009 s

SurfaceDistanceOrderedTransfer::runInternal:
	8 trials
	total = 0.880347 s
	mean  = 0.110043 s
	var   = 0.000238744 s^2, std = 0.0154513 s
	min   = 0.076685 s
	max   = 0.128836 s

SurfaceDistanceOrderedTransfer::buildOrderedSurfaceData:
	8 trials
	total = 0.08048 s
	mean  = 0.01006 s
	var   = 0.000124802 s^2, std = 0.0111715 s
	min   = 0.002031 s
	max   = 0.037137 s

SurfaceDistanceOrderedTransfer::fillDistanceChannel:
	8 trials
	total = 0.066792 s
	mean  = 0.008349 s
	var   = 4.38737e-006 s^2, std = 0.00209461 s
	min   = 0.004001 s
	max   = 0.01115 s

SurfaceDistanceOrderedTransfer::transfer:
	8 trials
	total = 0.650547 s
	mean  = 0.0813184 s
	var   = 0.00048492 s^2, std = 0.0220209 s
	min   = 0.030411 s
	max   = 0.105392 s

SurfaceDistanceOrderedTransfer::mergeDistances:
	8 trials
	total = 0 s
	mean  = 0 s
	var   = 0 s^2, std = 0 s
	min   = 0 s
	max   = 0 s

SurfaceDistanceOrderedTransfer::applySqrt:
	8 trials
	total = 0.07544 s
	mean  = 0.00943 s
	var   = 4.88724e-006 s^2, std = 0.00221071 s
	min   = 0.004124 s
	max   = 0.011138 s

LayerExtractor::setInput:
	8 trials
	total = 0 s
	mean  = 0 s
	var   = 0 s^2, std = 0 s
	min   = 0 s
	max   = 0 s

LayerExtractor::runInternal:
	8 trials
	total = 1.29942 s
	mean  = 0.162427 s
	var   = 0.00490011 s^2, std = 0.0700008 s
	min   = 0.019486 s
	max   = 0.244937 s

VectorLayerHalftoner::setInput:
	8 trials
	total = 0.006106 s
	mean  = 0.00076325 s
	var   = 2.22065e-007 s^2, std = 0.000471238 s
	min   = 0 s
	max   = 0.001031 s

VectorLayerHalftoner::runInternal:
	8 trials
	total = 7.08617 s
	mean  = 0.885771 s
	var   = 0.104328 s^2, std = 0.322999 s
	min   = 0.127926 s
	max   = 1.11534 s

VectorLayerHalftoner(0)::setupOutputContainerSlaveReporter::serializeSlice:
	389 trials
	total = 18.0689 s
	mean  = 0.0464497 s
	var   = 0.000344008 s^2, std = 0.0185474 s
	min   = 0.031318 s
	max   = 0.153039 s

SlaveReporter::Send:
	14 trials
	total = 0 s
	mean  = 0 s
	var   = 0 s^2, std = 0 s
	min   = 0 s
	max   = 0 s

