SlavePrintingSoftware::startUp:
	1 trials
	total = 0.237662 s
	mean  = 0.237662 s
	var   = 0 s^2, std = 0 s
	min   = 0.237662 s
	max   = 0.237662 s

PrintingSoftware::execute:
	1 trials
	total = 1456.34 s
	mean  = 1456.34 s
	var   = 0 s^2, std = 0 s
	min   = 1456.34 s
	max   = 1456.34 s

DistributedComputingInitiator::Receive:
	1 trials
	total = 44.226 s
	mean  = 44.226 s
	var   = 0 s^2, std = 0 s
	min   = 44.226 s
	max   = 44.226 s

FileParserPJ::setInput:
	1 trials
	total = 0 s
	mean  = 0 s
	var   = 0 s^2, std = 0 s
	min   = 0 s
	max   = 0 s

FileParserPJ::runInternal:
	1 trials
	total = 20.5727 s
	mean  = 20.5727 s
	var   = 0 s^2, std = 0 s
	min   = 20.5727 s
	max   = 20.5727 s

PrintJobOrganizer::setInput:
	1 trials
	total = 0.002077 s
	mean  = 0.002077 s
	var   = 0 s^2, std = 0 s
	min   = 0.002077 s
	max   = 0.002077 s

PrintJobOrganizer::runInternal:
	1 trials
	total = 1.16984 s
	mean  = 1.16984 s
	var   = 0 s^2, std = 0 s
	min   = 1.16984 s
	max   = 1.16984 s

PrintJobPreprocessor::setInput:
	1 trials
	total = 0 s
	mean  = 0 s
	var   = 0 s^2, std = 0 s
	min   = 0 s
	max   = 0 s

PrintJobPreprocessor::runInternal:
	1 trials
	total = 5.72867 s
	mean  = 5.72867 s
	var   = 0 s^2, std = 0 s
	min   = 5.72867 s
	max   = 5.72867 s

PrintJobVoxelizer::setInput:
	16 trials
	total = 0 s
	mean  = 0 s
	var   = 0 s^2, std = 0 s
	min   = 0 s
	max   = 0 s

PrintJobVoxelizer::runInternal:
	16 trials
	total = 372.584 s
	mean  = 23.2865 s
	var   = 10.3821 s^2, std = 3.22213 s
	min   = 12.1066 s
	max   = 26.1961 s

PrintJobVoxelizer::rasterizeObjects:
	16 trials
	total = 56.35 s
	mean  = 3.52187 s
	var   = 1.23115 s^2, std = 1.10957 s
	min   = 0.94906 s
	max   = 4.88684 s

PrintJobVoxelizer::voxelizeObjects:
	16 trials
	total = 309.577 s
	mean  = 19.3486 s
	var   = 6.54211 s^2, std = 2.55776 s
	min   = 10.958 s
	max   = 21.7569 s

PrintJobVoxelizer::finalizeSurfaces:
	16 trials
	total = 2.31823 s
	mean  = 0.144889 s
	var   = 0.00146771 s^2, std = 0.0383107 s
	min   = 0.056679 s
	max   = 0.216139 s

TonalValueCalculator::setInput:
	16 trials
	total = 0 s
	mean  = 0 s
	var   = 0 s^2, std = 0 s
	min   = 0 s
	max   = 0 s

TonalValueCalculator::runInternal:
	16 trials
	total = 1.88944 s
	mean  = 0.11809 s
	var   = 0.00332144 s^2, std = 0.0576319 s
	min   = 0.005014 s
	max   = 0.18493 s

SurfaceDistanceOrderedTransfer::setInput:
	16 trials
	total = 0 s
	mean  = 0 s
	var   = 0 s^2, std = 0 s
	min   = 0 s
	max   = 0 s

SurfaceDistanceOrderedTransfer::runInternal:
	16 trials
	total = 204.425 s
	mean  = 12.7766 s
	var   = 4.36449 s^2, std = 2.08914 s
	min   = 5.57426 s
	max   = 14.4265 s

SurfaceDistanceOrderedTransfer::buildOrderedSurfaceData:
	16 trials
	total = 2.37874 s
	mean  = 0.148671 s
	var   = 0.0378373 s^2, std = 0.194518 s
	min   = 0.003009 s
	max   = 0.86267 s

SurfaceDistanceOrderedTransfer::fillDistanceChannel:
	16 trials
	total = 7.04937 s
	mean  = 0.440586 s
	var   = 0.00504441 s^2, std = 0.071024 s
	min   = 0.184974 s
	max   = 0.50845 s

SurfaceDistanceOrderedTransfer::transfer:
	16 trials
	total = 193.957 s
	mean  = 12.1223 s
	var   = 4.78594 s^2, std = 2.18768 s
	min   = 4.49186 s
	max   = 13.8673 s

SurfaceDistanceOrderedTransfer::mergeDistances:
	96 trials
	total = 13.9753 s
	mean  = 0.145576 s
	var   = 0.000450221 s^2, std = 0.0212184 s
	min   = 0.068533 s
	max   = 0.174462 s

SurfaceDistanceOrderedTransfer::applySqrt:
	16 trials
	total = 1.01932 s
	mean  = 0.0637073 s
	var   = 0.000263415 s^2, std = 0.0162301 s
	min   = 0.033587 s
	max   = 0.08816 s

LayerExtractor::setInput:
	16 trials
	total = 0.000502 s
	mean  = 3.1375e-005 s
	var   = 1.57502e-008 s^2, std = 0.0001255 s
	min   = 0 s
	max   = 0.000502 s

LayerExtractor::runInternal:
	16 trials
	total = 47.3989 s
	mean  = 2.96243 s
	var   = 1.53353 s^2, std = 1.23836 s
	min   = 0.370986 s
	max   = 4.45797 s

VectorLayerHalftoner::setInput:
	16 trials
	total = 0.083525 s
	mean  = 0.00522031 s
	var   = 0.000395125 s^2, std = 0.0198777 s
	min   = 0 s
	max   = 0.079744 s

VectorLayerHalftoner::runInternal:
	16 trials
	total = 517.344 s
	mean  = 32.334 s
	var   = 266.414 s^2, std = 16.3222 s
	min   = 2.36518 s
	max   = 57.1046 s

VectorLayerHalftoner(0)::setupOutputContainerSlaveReporter::serializeSlice:
	777 trials
	total = 1347.08 s
	mean  = 1.7337 s
	var   = 9.55203 s^2, std = 3.09064 s
	min   = 0.817131 s
	max   = 67.5951 s

SlaveReporter::Send:
	22 trials
	total = 0 s
	mean  = 0 s
	var   = 0 s^2, std = 0 s
	min   = 0 s
	max   = 0 s

