SlavePrintingSoftware::startUp:
	1 trials
	total = 0.300136 s
	mean  = 0.300136 s
	var   = 0 s^2, std = 0 s
	min   = 0.300136 s
	max   = 0.300136 s

PrintingSoftware::execute:
	1 trials
	total = 588.595 s
	mean  = 588.595 s
	var   = 0 s^2, std = 0 s
	min   = 588.595 s
	max   = 588.595 s

DistributedComputingInitiator::Receive:
	1 trials
	total = 35.7954 s
	mean  = 35.7954 s
	var   = 0 s^2, std = 0 s
	min   = 35.7954 s
	max   = 35.7954 s

FileParserPJ::setInput:
	1 trials
	total = 0 s
	mean  = 0 s
	var   = 0 s^2, std = 0 s
	min   = 0 s
	max   = 0 s

FileParserPJ::runInternal:
	1 trials
	total = 9.85215 s
	mean  = 9.85215 s
	var   = 0 s^2, std = 0 s
	min   = 9.85215 s
	max   = 9.85215 s

PrintJobOrganizer::setInput:
	1 trials
	total = 0.001968 s
	mean  = 0.001968 s
	var   = 0 s^2, std = 0 s
	min   = 0.001968 s
	max   = 0.001968 s

PrintJobOrganizer::runInternal:
	1 trials
	total = 0.600991 s
	mean  = 0.600991 s
	var   = 0 s^2, std = 0 s
	min   = 0.600991 s
	max   = 0.600991 s

PrintJobPreprocessor::setInput:
	1 trials
	total = 0 s
	mean  = 0 s
	var   = 0 s^2, std = 0 s
	min   = 0 s
	max   = 0 s

PrintJobPreprocessor::runInternal:
	1 trials
	total = 2.71141 s
	mean  = 2.71141 s
	var   = 0 s^2, std = 0 s
	min   = 2.71141 s
	max   = 2.71141 s

PrintJobVoxelizer::setInput:
	16 trials
	total = 0 s
	mean  = 0 s
	var   = 0 s^2, std = 0 s
	min   = 0 s
	max   = 0 s

PrintJobVoxelizer::runInternal:
	16 trials
	total = 116.529 s
	mean  = 7.28308 s
	var   = 1.1311 s^2, std = 1.06353 s
	min   = 3.71201 s
	max   = 8.52636 s

PrintJobVoxelizer::rasterizeObjects:
	16 trials
	total = 29.0532 s
	mean  = 1.81583 s
	var   = 0.330486 s^2, std = 0.574879 s
	min   = 0.500495 s
	max   = 2.52011 s

PrintJobVoxelizer::voxelizeObjects:
	16 trials
	total = 84.3905 s
	mean  = 5.27441 s
	var   = 0.388808 s^2, std = 0.623545 s
	min   = 3.10719 s
	max   = 5.81506 s

PrintJobVoxelizer::finalizeSurfaces:
	16 trials
	total = 1.02601 s
	mean  = 0.0641254 s
	var   = 0.000209917 s^2, std = 0.0144885 s
	min   = 0.018634 s
	max   = 0.077205 s

TonalValueCalculator::setInput:
	16 trials
	total = 0 s
	mean  = 0 s
	var   = 0 s^2, std = 0 s
	min   = 0 s
	max   = 0 s

TonalValueCalculator::runInternal:
	16 trials
	total = 0.749127 s
	mean  = 0.0468204 s
	var   = 0.00048901 s^2, std = 0.0221136 s
	min   = 0 s
	max   = 0.078168 s

SurfaceDistanceOrderedTransfer::setInput:
	16 trials
	total = 0.000502 s
	mean  = 3.1375e-005 s
	var   = 1.57503e-008 s^2, std = 0.0001255 s
	min   = 0 s
	max   = 0.000502 s

SurfaceDistanceOrderedTransfer::runInternal:
	16 trials
	total = 53.8835 s
	mean  = 3.36772 s
	var   = 0.274813 s^2, std = 0.524226 s
	min   = 1.57181 s
	max   = 3.82515 s

SurfaceDistanceOrderedTransfer::buildOrderedSurfaceData:
	16 trials
	total = 0.994992 s
	mean  = 0.062187 s
	var   = 0.0071455 s^2, std = 0.0845311 s
	min   = 0 s
	max   = 0.373758 s

SurfaceDistanceOrderedTransfer::fillDistanceChannel:
	16 trials
	total = 3.32925 s
	mean  = 0.208078 s
	var   = 0.00125765 s^2, std = 0.0354634 s
	min   = 0.07839 s
	max   = 0.229966 s

SurfaceDistanceOrderedTransfer::transfer:
	16 trials
	total = 48.6685 s
	mean  = 3.04178 s
	var   = 0.304329 s^2, std = 0.55166 s
	min   = 1.11214 s
	max   = 3.46539 s

SurfaceDistanceOrderedTransfer::mergeDistances:
	48 trials
	total = 3.51844 s
	mean  = 0.0733009 s
	var   = 9.96208e-005 s^2, std = 0.00998102 s
	min   = 0.034683 s
	max   = 0.084724 s

SurfaceDistanceOrderedTransfer::applySqrt:
	16 trials
	total = 0.888539 s
	mean  = 0.0555337 s
	var   = 0.000647991 s^2, std = 0.0254557 s
	min   = 0.006518 s
	max   = 0.084652 s

LayerExtractor::setInput:
	16 trials
	total = 0.000501 s
	mean  = 3.13125e-005 s
	var   = 1.56876e-008 s^2, std = 0.00012525 s
	min   = 0 s
	max   = 0.000501 s

LayerExtractor::runInternal:
	16 trials
	total = 19.7929 s
	mean  = 1.23706 s
	var   = 0.215021 s^2, std = 0.463704 s
	min   = 0.178004 s
	max   = 1.72368 s

VectorLayerHalftoner::setInput:
	16 trials
	total = 0.002795 s
	mean  = 0.000174687 s
	var   = 1.55241e-007 s^2, std = 0.000394007 s
	min   = 0 s
	max   = 0.001217 s

VectorLayerHalftoner::runInternal:
	16 trials
	total = 166.541 s
	mean  = 10.4088 s
	var   = 19.7209 s^2, std = 4.44083 s
	min   = 1.2221 s
	max   = 16.8396 s

VectorLayerHalftoner(0)::setupOutputContainerSlaveReporter::serializeSlice:
	777 trials
	total = 558.819 s
	mean  = 0.719201 s
	var   = 0.34645 s^2, std = 0.5886 s
	min   = 0.409502 s
	max   = 5.4793 s

SlaveReporter::Send:
	22 trials
	total = 0 s
	mean  = 0 s
	var   = 0 s^2, std = 0 s
	min   = 0 s
	max   = 0 s

