SlavePrintingSoftware::startUp:
	1 trials
	total = 0.300381 s
	mean  = 0.300381 s
	var   = 0 s^2, std = 0 s
	min   = 0.300381 s
	max   = 0.300381 s

PrintingSoftware::execute:
	1 trials
	total = 463.938 s
	mean  = 463.938 s
	var   = 0 s^2, std = 0 s
	min   = 463.938 s
	max   = 463.938 s

DistributedComputingInitiator::Receive:
	1 trials
	total = 21.2606 s
	mean  = 21.2606 s
	var   = 0 s^2, std = 0 s
	min   = 21.2606 s
	max   = 21.2606 s

FileParserPJ::setInput:
	1 trials
	total = 0 s
	mean  = 0 s
	var   = 0 s^2, std = 0 s
	min   = 0 s
	max   = 0 s

FileParserPJ::runInternal:
	1 trials
	total = 6.6741 s
	mean  = 6.6741 s
	var   = 0 s^2, std = 0 s
	min   = 6.6741 s
	max   = 6.6741 s

PrintJobOrganizer::setInput:
	1 trials
	total = 0.00129 s
	mean  = 0.00129 s
	var   = 0 s^2, std = 0 s
	min   = 0.00129 s
	max   = 0.00129 s

PrintJobOrganizer::runInternal:
	1 trials
	total = 0.454966 s
	mean  = 0.454966 s
	var   = 0 s^2, std = 0 s
	min   = 0.454966 s
	max   = 0.454966 s

PrintJobPreprocessor::setInput:
	1 trials
	total = 0 s
	mean  = 0 s
	var   = 0 s^2, std = 0 s
	min   = 0 s
	max   = 0 s

PrintJobPreprocessor::runInternal:
	1 trials
	total = 1.93025 s
	mean  = 1.93025 s
	var   = 0 s^2, std = 0 s
	min   = 1.93025 s
	max   = 1.93025 s

PrintJobVoxelizer::setInput:
	16 trials
	total = 0 s
	mean  = 0 s
	var   = 0 s^2, std = 0 s
	min   = 0 s
	max   = 0 s

PrintJobVoxelizer::runInternal:
	16 trials
	total = 64.4753 s
	mean  = 4.02971 s
	var   = 0.540825 s^2, std = 0.735408 s
	min   = 1.98748 s
	max   = 5.49397 s

PrintJobVoxelizer::rasterizeObjects:
	16 trials
	total = 20.0991 s
	mean  = 1.25619 s
	var   = 0.149764 s^2, std = 0.386994 s
	min   = 0.34645 s
	max   = 1.7169 s

PrintJobVoxelizer::voxelizeObjects:
	16 trials
	total = 41.9103 s
	mean  = 2.61939 s
	var   = 0.139851 s^2, std = 0.373967 s
	min   = 1.57459 s
	max   = 3.42844 s

PrintJobVoxelizer::finalizeSurfaces:
	16 trials
	total = 0.771005 s
	mean  = 0.0481878 s
	var   = 0.00110925 s^2, std = 0.0333054 s
	min   = 0.012532 s
	max   = 0.166209 s

TonalValueCalculator::setInput:
	16 trials
	total = 0 s
	mean  = 0 s
	var   = 0 s^2, std = 0 s
	min   = 0 s
	max   = 0 s

TonalValueCalculator::runInternal:
	16 trials
	total = 0.542991 s
	mean  = 0.0339369 s
	var   = 0.00030207 s^2, std = 0.0173802 s
	min   = 0 s
	max   = 0.068594 s

SurfaceDistanceOrderedTransfer::setInput:
	16 trials
	total = 0 s
	mean  = 0 s
	var   = 0 s^2, std = 0 s
	min   = 0 s
	max   = 0 s

SurfaceDistanceOrderedTransfer::runInternal:
	16 trials
	total = 25.9363 s
	mean  = 1.62102 s
	var   = 0.0568433 s^2, std = 0.238418 s
	min   = 0.831634 s
	max   = 1.87029 s

SurfaceDistanceOrderedTransfer::buildOrderedSurfaceData:
	16 trials
	total = 0.624175 s
	mean  = 0.0390109 s
	var   = 0.0041274 s^2, std = 0.0642448 s
	min   = 0 s
	max   = 0.276543 s

SurfaceDistanceOrderedTransfer::fillDistanceChannel:
	16 trials
	total = 2.35056 s
	mean  = 0.14691 s
	var   = 0.000694555 s^2, std = 0.0263544 s
	min   = 0.049424 s
	max   = 0.16015 s

SurfaceDistanceOrderedTransfer::transfer:
	16 trials
	total = 22.1242 s
	mean  = 1.38276 s
	var   = 0.068293 s^2, std = 0.261329 s
	min   = 0.474412 s
	max   = 1.60982 s

SurfaceDistanceOrderedTransfer::mergeDistances:
	32 trials
	total = 1.74639 s
	mean  = 0.0545747 s
	var   = 0.000180375 s^2, std = 0.0134304 s
	min   = 0.01103 s
	max   = 0.078056 s

SurfaceDistanceOrderedTransfer::applySqrt:
	16 trials
	total = 0.755494 s
	mean  = 0.0472184 s
	var   = 0.000543113 s^2, std = 0.0233048 s
	min   = 0.011029 s
	max   = 0.070529 s

LayerExtractor::setInput:
	16 trials
	total = 0.000501 s
	mean  = 3.13125e-005 s
	var   = 1.56876e-008 s^2, std = 0.00012525 s
	min   = 0 s
	max   = 0.000501 s

LayerExtractor::runInternal:
	16 trials
	total = 12.8502 s
	mean  = 0.80314 s
	var   = 0.0843041 s^2, std = 0.290352 s
	min   = 0.131097 s
	max   = 1.11098 s

VectorLayerHalftoner::setInput:
	16 trials
	total = 0.044518 s
	mean  = 0.00278237 s
	var   = 7.75398e-005 s^2, std = 0.00880567 s
	min   = 0 s
	max   = 0.035759 s

VectorLayerHalftoner::runInternal:
	16 trials
	total = 91.8346 s
	mean  = 5.73966 s
	var   = 4.62374 s^2, std = 2.15029 s
	min   = 0.819968 s
	max   = 8.4847 s

VectorLayerHalftoner(0)::setupOutputContainerSlaveReporter::serializeSlice:
	777 trials
	total = 442.887 s
	mean  = 0.569996 s
	var   = 5.06435 s^2, std = 2.25041 s
	min   = 0.264092 s
	max   = 53.773 s

SlaveReporter::Send:
	22 trials
	total = 0.000485 s
	mean  = 2.20455e-005 s
	var   = 1.0692e-008 s^2, std = 0.000103402 s
	min   = 0 s
	max   = 0.000485 s

