Warning:json file inside profile could not be parsed 

GL version: 4.4.0

Warning: there is no json file embedded inside profile 

LayerExtractor: distance needed for layers: 0.135467

FileParserPJ: initializing
PrintJobOrganizer: initializing
PrintJobPreprocessor: initializing
PrintJobVoxelizer: initializing
SliceDebugger: initializing
TonalValueCalculator: initializing
TonalValueCalculator: Using rendering intent RELATIVE_COLORIMETRIC

SurfaceDistanceOrderedTransfer: initializing
SliceDebugger: initializing
TonalLinearizer: initializing
VectorLayerHalftoner: initializing
SliceDebugger: initializing
MaterialUsageEstimator: initializing
FileParserPJ:  runs 16:4:52

FileParserPJ: loading OBJ file

244921 vertices
489840 faces

FileParserPJ: 245383 texture coordinates

FileParserPJ: 245383 vertices after duplication

FileParserPJ: //filer-igd2.igd.fraunhofer.de/igd-3dt/shared/3DModels/Head/HeadMTL/Head_Level3.obj parsed: 245383 vertices and 489840 faces

FileParserPJ: loading jpg file

FileParserPJ: loading OBJ file

244921 vertices
489840 faces

FileParserPJ: 245383 texture coordinates

FileParserPJ: 245383 vertices after duplication

FileParserPJ: //filer-igd2.igd.fraunhofer.de/igd-3dt/shared/3DModels/Head/HeadMTL/Head_Level3.obj parsed: 245383 vertices and 489840 faces

FileParserPJ: loading jpg file

FileParserPJ: Input files parsed

PrintJobOrganizer:  runs 16:4:59

centering objects at origin
optimizing rotation for height
scaling objects
optimizing rotation for support use
PrintJobOrganizer: support cost         = 25.4851
support cost flipped = 22.9004

PrintJobOrganizer: support cost         = 25.4851
support cost flipped = 22.9004

arranging objects in 2D
validating object placement
PrintJobOrganizer: print object 1 print-space bounding box: (0.00211667, 0.00423333, 0.00135106), (8.00212, 5.12195, 4.19435)
PrintJobOrganizer: print object 2 print-space bounding box: (0.00211667, 5.32195, 0.00135106), (8.00212, 10.4397, 4.19435)
saving transforms to file
PrintJobPreprocessor:  runs 16:5:0

PrintJobPreprocessor: flatten
PrintJobPreprocessor: prioritize
PrintJobPreprocessor: segment-hierarchy
PrintJobPreprocessor: boundingBox
PrintJobPreprocessor: uniformAppearanceTextures
PrintJobVoxelizer:  runs 16:5:2

PrintJobVoxelizer: 
number of slices to print: 777 (4.19435 cm)
width of slices to print:  946 (8.00212 cm)
height of slices to print: 617 (10.4397 cm)
chunk size:                50 (0.270213 cm)

PrintJobVoxelizer: setting up slices
PrintJobVoxelizer: rasterizing objects
PrintJobVoxelizer: creating rasterizer
PrintJobVoxelizer: rasterizing object 1
PrintJobVoxelizer: rasterizing object 2
Rasterizer::rasterize:
	2 trials
	total = 0.396781 s
	mean  = 0.198391 s
	var   = 1.51525e-005 s^2, std = 0.00389262 s
	min   = 0.195638 s
	max   = 0.201143 s


PrintJobVoxelizer: voxelizing objects
Object 1 ROI: [0 0 0] --> [946 303 50]
GWNSampleFloodVoxelizer: number of samples: 107
GWNSampleFloodVoxelizer: samples evaluated
GWNSampleFloodVoxelizer: adaptive threshold = 0.498039
GWNSampleFloodVoxelizer: flooding complete
Voxelization: solid angle evaluations per voxel: 0.0835662

Object 2 ROI: [0 314 0] --> [946 617 50]
GWNSampleFloodVoxelizer: number of samples: 106
GWNSampleFloodVoxelizer: samples evaluated
GWNSampleFloodVoxelizer: adaptive threshold = 0.498039
GWNSampleFloodVoxelizer: flooding complete
Voxelization: solid angle evaluations per voxel: 0.165083

GWNSampleFloodVoxelizer::voxelize:
	2 trials
	total = 3.30158 s
	mean  = 1.65079 s
	var   = 0.00653316 s^2, std = 0.080828 s
	min   = 1.59364 s
	max   = 1.70794 s

GWNSampleFloodVoxelizer::initIndicator:
	2 trials
	total = 0.408001 s
	mean  = 0.204001 s
	var   = 0.00184559 s^2, std = 0.0429603 s
	min   = 0.173623 s
	max   = 0.234378 s

GWNSampleFloodVoxelizer::selectSamples:
	2 trials
	total = 0.190321 s
	mean  = 0.0951605 s
	var   = 3.97338e-006 s^2, std = 0.00199333 s
	min   = 0.093751 s
	max   = 0.09657 s

GWNSampleFloodVoxelizer::evaluateSamples:
	2 trials
	total = 0.112537 s
	mean  = 0.0562685 s
	var   = 7.7713e-005 s^2, std = 0.0088155 s
	min   = 0.050035 s
	max   = 0.062502 s

GWNSampleFloodVoxelizer::flood:
	2 trials
	total = 2.51517 s
	mean  = 1.25758 s
	var   = 0.000898965 s^2, std = 0.0299827 s
	min   = 1.23638 s
	max   = 1.27879 s


PrintJobVoxelizer: finalizing surfaces
PrintJobVoxelizer: 37407 surface voxels
PrintJobVoxelizer: getting output subset
PrintJobVoxelizer: updating slice indices
SliceDebugger:  runs 16:5:6
slices [0, 49):
	channel 0: occupancy (dense)
	channel 1: opticalFeature (sparse)

TonalValueCalculator:  runs 16:5:9
slices [0, 49):
	channel 0: occupancy (dense)
	channel 1: opticalFeature (sparse)

SurfaceDistanceOrderedTransfer:  runs 16:5:9
slices [0, 49):
	channel 0: occupancy (dense)
	channel 1: surfaceDist (dense)

SurfaceDistanceOrderedTransfer: 0 0 23
SliceDebugger:  runs 16:5:11
slices [0, 23):
	channel 0: occupancy (dense)
	channel 1: surfaceDist (dense)

LayerExtractor:  runs 16:5:14
slices [0, 23):
	channel 0: occupancy (dense)
	channel 1: surfaceDist (dense)
	channel 2: layer_000 (sparse)
	channel 3: layer_001 (sparse)
	channel 4: layer_002 (sparse)
	channel 5: layer_003 (sparse)
	channel 6: layer_004 (sparse)
	channel 7: layer_005 (sparse)
	channel 8: layer_006 (sparse)
	channel 9: layer_007 (sparse)

TonalLinearizer:  runs 16:5:14
slices [0, 22):
	channel 0: occupancy (dense)
	channel 1: surfaceDist (dense)
	channel 2: layer_000 (sparse)
	channel 3: layer_001 (sparse)
	channel 4: layer_002 (sparse)
	channel 5: layer_003 (sparse)
	channel 6: layer_004 (sparse)
	channel 7: layer_005 (sparse)
	channel 8: layer_006 (sparse)
	channel 9: layer_007 (sparse)

VectorLayerHalftoner: VectorLayerHalftoner error: no tonal values available

VectorLayerHalftoner:  runs 16:5:14
slices [0, 22):
	channel 0: occupancy (dense)
	channel 1: surfaceDist (dense)
	channel 2: layer_000 (sparse)
	channel 3: layer_001 (sparse)
	channel 4: layer_002 (sparse)
	channel 5: layer_003 (sparse)
	channel 6: layer_004 (sparse)
	channel 7: layer_005 (sparse)
	channel 8: layer_006 (sparse)
	channel 9: layer_007 (sparse)
	channel 10: intermedTonal_0 (sparse)
	channel 11: intermedTonal_1 (sparse)
	channel 12: intermedTonal_2 (sparse)
	channel 13: intermedTonal_3 (sparse)
	channel 14: intermedTonal_4 (sparse)
	channel 15: intermedTonal_5 (sparse)
	channel 16: intermedTonal_6 (sparse)
	channel 17: intermedTonal_7 (sparse)
	channel 18: quantizedTonal (sparse)

SliceDebugger:  runs 16:5:16
slices [0, 10):
	channel 0: material (dense)
	channel 1: occupancy (dense)

MaterialUsageEstimator:  runs 16:5:16
slices [0, 10):
	channel 0: material (dense)
	channel 1: occupancy (dense)

MaterialUsageEstimator:  [QUIET WARNING] large change in non-empty count in slice 1: 130

MaterialUsageEstimator:  [QUIET WARNING] large change in non-empty count in slice 2: 147

MaterialUsageEstimator:  [QUIET WARNING] large change in non-empty count in slice 3: 134

MaterialUsageEstimator:  [QUIET WARNING] large change in non-empty count in slice 4: 138

PrintJobVoxelizer:  runs 16:5:16

PrintJobVoxelizer: setting up slices
PrintJobVoxelizer: rasterizing objects
PrintJobVoxelizer: creating rasterizer
PrintJobVoxelizer: rasterizing object 1
PrintJobVoxelizer: rasterizing object 2
Rasterizer::rasterize:
	4 trials
	total = 2.62637 s
	mean  = 0.656592 s
	var   = 0.312692 s^2, std = 0.559189 s
	min   = 0.195638 s
	max   = 1.33645 s


PrintJobVoxelizer: voxelizing objects
Object 1 ROI: [0 0 0] --> [946 303 50]
GWNSampleFloodVoxelizer: number of samples: 228
GWNSampleFloodVoxelizer: samples evaluated
GWNSampleFloodVoxelizer: adaptive threshold = 0.498039
GWNSampleFloodVoxelizer: flooding complete
Voxelization: solid angle evaluations per voxel: 0.374116

Object 2 ROI: [0 314 0] --> [946 617 50]
GWNSampleFloodVoxelizer: number of samples: 226
GWNSampleFloodVoxelizer: samples evaluated
GWNSampleFloodVoxelizer: adaptive threshold = 0.498039
GWNSampleFloodVoxelizer: flooding complete
Voxelization: solid angle evaluations per voxel: 0.74482

GWNSampleFloodVoxelizer::voxelize:
	4 trials
	total = 6.99271 s
	mean  = 1.74818 s
	var   = 0.0199642 s^2, std = 0.141295 s
	min   = 1.59364 s
	max   = 1.93338 s

GWNSampleFloodVoxelizer::initIndicator:
	4 trials
	total = 0.866828 s
	mean  = 0.216707 s
	var   = 0.00290545 s^2, std = 0.0539022 s
	min   = 0.173623 s
	max   = 0.285203 s

GWNSampleFloodVoxelizer::selectSamples:
	4 trials
	total = 0.429993 s
	mean  = 0.107498 s
	var   = 0.000856243 s^2, std = 0.0292616 s
	min   = 0.088564 s
	max   = 0.151108 s

GWNSampleFloodVoxelizer::evaluateSamples:
	4 trials
	total = 0.550851 s
	mean  = 0.137713 s
	var   = 0.00917872 s^2, std = 0.0958056 s
	min   = 0.050035 s
	max   = 0.240672 s

GWNSampleFloodVoxelizer::flood:
	4 trials
	total = 4.99794 s
	mean  = 1.24948 s
	var   = 0.000681527 s^2, std = 0.0261061 s
	min   = 1.22037 s
	max   = 1.27879 s


PrintJobVoxelizer: finalizing surfaces
PrintJobVoxelizer: 244226 surface voxels
PrintJobVoxelizer: getting output subset
PrintJobVoxelizer: updating slice indices
SliceDebugger:  runs 16:5:22
slices [49, 99):
	channel 0: occupancy (dense)
	channel 1: opticalFeature (sparse)

TonalValueCalculator:  runs 16:5:25
slices [49, 99):
	channel 0: occupancy (dense)
	channel 1: opticalFeature (sparse)

SurfaceDistanceOrderedTransfer:  runs 16:5:25
slices [23, 99):
	channel 0: occupancy (dense)
	channel 1: surfaceDist (dense)

SurfaceDistanceOrderedTransfer: 23 49 73
SliceDebugger:  runs 16:5:27
slices [23, 73):
	channel 0: occupancy (dense)
	channel 1: surfaceDist (dense)

LayerExtractor:  runs 16:5:34
slices [21, 73):
	channel 0: occupancy (dense)
	channel 1: surfaceDist (dense)
	channel 2: layer_000 (sparse)
	channel 3: layer_001 (sparse)
	channel 4: layer_002 (sparse)
	channel 5: layer_003 (sparse)
	channel 6: layer_004 (sparse)
	channel 7: layer_005 (sparse)
	channel 8: layer_006 (sparse)
	channel 9: layer_007 (sparse)

TonalLinearizer:  runs 16:5:34
slices [22, 72):
	channel 0: occupancy (dense)
	channel 1: surfaceDist (dense)
	channel 2: layer_000 (sparse)
	channel 3: layer_001 (sparse)
	channel 4: layer_002 (sparse)
	channel 5: layer_003 (sparse)
	channel 6: layer_004 (sparse)
	channel 7: layer_005 (sparse)
	channel 8: layer_006 (sparse)
	channel 9: layer_007 (sparse)

VectorLayerHalftoner: VectorLayerHalftoner error: no tonal values available

VectorLayerHalftoner:  runs 16:5:34
slices [10, 72):
	channel 0: occupancy (dense)
	channel 1: surfaceDist (dense)
	channel 2: layer_000 (sparse)
	channel 3: layer_001 (sparse)
	channel 4: layer_002 (sparse)
	channel 5: layer_003 (sparse)
	channel 6: layer_004 (sparse)
	channel 7: layer_005 (sparse)
	channel 8: layer_006 (sparse)
	channel 9: layer_007 (sparse)
	channel 10: intermedTonal_0 (sparse)
	channel 11: intermedTonal_1 (sparse)
	channel 12: intermedTonal_2 (sparse)
	channel 13: intermedTonal_3 (sparse)
	channel 14: intermedTonal_4 (sparse)
	channel 15: intermedTonal_5 (sparse)
	channel 16: intermedTonal_6 (sparse)
	channel 17: intermedTonal_7 (sparse)
	channel 18: quantizedTonal (sparse)
	channel 19: errorDiffInfo2 (sparse)
	channel 20: distanceToEmpty (sparse)
	channel 21: errorDiffInfo3 (sparse)
	channel 22: errorDiffInfo4 (sparse)
	channel 23: errorDiffInfo5 (sparse)
	channel 24: errorDiffInfo6 (sparse)
	channel 25: errorDiffInfo7 (sparse)
	channel 26: errorDiffInfo8 (sparse)
	channel 27: errorDiffInfo9 (sparse)

SliceDebugger:  runs 16:5:37
slices [10, 60):
	channel 0: material (dense)
	channel 1: occupancy (dense)

MaterialUsageEstimator:  runs 16:5:38
slices [10, 60):
	channel 0: material (dense)
	channel 1: occupancy (dense)

PrintJobVoxelizer:  runs 16:5:38

PrintJobVoxelizer: setting up slices
PrintJobVoxelizer: rasterizing objects
PrintJobVoxelizer: creating rasterizer
PrintJobVoxelizer: rasterizing object 1
PrintJobVoxelizer: rasterizing object 2
Rasterizer::rasterize:
	6 trials
	total = 4.15798 s
	mean  = 0.692997 s
	var   = 0.190799 s^2, std = 0.436805 s
	min   = 0.195638 s
	max   = 1.33645 s


PrintJobVoxelizer: voxelizing objects
Object 1 ROI: [0 0 0] --> [946 303 50]
GWNSampleFloodVoxelizer: number of samples: 366
GWNSampleFloodVoxelizer: samples evaluated
GWNSampleFloodVoxelizer: adaptive threshold = 0.498039
GWNSampleFloodVoxelizer: flooding complete
Voxelization: solid angle evaluations per voxel: 0.631734

Object 2 ROI: [0 314 0] --> [946 617 50]
GWNSampleFloodVoxelizer: number of samples: 362
GWNSampleFloodVoxelizer: samples evaluated
GWNSampleFloodVoxelizer: adaptive threshold = 0.498039
GWNSampleFloodVoxelizer: flooding complete
Voxelization: solid angle evaluations per voxel: 1.25691

GWNSampleFloodVoxelizer::voxelize:
	6 trials
	total = 11.1125 s
	mean  = 1.85208 s
	var   = 0.103559 s^2, std = 0.321805 s
	min   = 1.59364 s
	max   = 2.46506 s

GWNSampleFloodVoxelizer::initIndicator:
	6 trials
	total = 1.31197 s
	mean  = 0.218662 s
	var   = 0.00205347 s^2, std = 0.0453152 s
	min   = 0.173623 s
	max   = 0.285203 s

GWNSampleFloodVoxelizer::selectSamples:
	6 trials
	total = 0.646444 s
	mean  = 0.107741 s
	var   = 0.000514416 s^2, std = 0.0226807 s
	min   = 0.088564 s
	max   = 0.151108 s

GWNSampleFloodVoxelizer::evaluateSamples:
	6 trials
	total = 1.18749 s
	mean  = 0.197915 s
	var   = 0.0146989 s^2, std = 0.121239 s
	min   = 0.050035 s
	max   = 0.353437 s

GWNSampleFloodVoxelizer::flood:
	6 trials
	total = 7.72338 s
	mean  = 1.28723 s
	var   = 0.0480471 s^2, std = 0.219196 s
	min   = 1.03024 s
	max   = 1.69521 s


PrintJobVoxelizer: finalizing surfaces
PrintJobVoxelizer: 561382 surface voxels
PrintJobVoxelizer: getting output subset
PrintJobVoxelizer: updating slice indices
SliceDebugger:  runs 16:5:44
slices [99, 149):
	channel 0: occupancy (dense)
	channel 1: opticalFeature (sparse)

TonalValueCalculator:  runs 16:5:47
slices [99, 149):
	channel 0: occupancy (dense)
	channel 1: opticalFeature (sparse)

SurfaceDistanceOrderedTransfer:  runs 16:5:47
slices [73, 149):
	channel 0: occupancy (dense)
	channel 1: surfaceDist (dense)

SurfaceDistanceOrderedTransfer: 73 99 123
SliceDebugger:  runs 16:5:49
slices [73, 123):
	channel 0: occupancy (dense)
	channel 1: surfaceDist (dense)

LayerExtractor:  runs 16:5:54
slices [71, 123):
	channel 0: occupancy (dense)
	channel 1: surfaceDist (dense)
	channel 2: layer_000 (sparse)
	channel 3: layer_001 (sparse)
	channel 4: layer_002 (sparse)
	channel 5: layer_003 (sparse)
	channel 6: layer_004 (sparse)
	channel 7: layer_005 (sparse)
	channel 8: layer_006 (sparse)
	channel 9: layer_007 (sparse)

TonalLinearizer:  runs 16:5:56
slices [72, 122):
	channel 0: occupancy (dense)
	channel 1: surfaceDist (dense)
	channel 2: layer_000 (sparse)
	channel 3: layer_001 (sparse)
	channel 4: layer_002 (sparse)
	channel 5: layer_003 (sparse)
	channel 6: layer_004 (sparse)
	channel 7: layer_005 (sparse)
	channel 8: layer_006 (sparse)
	channel 9: layer_007 (sparse)

VectorLayerHalftoner: VectorLayerHalftoner error: no tonal values available

VectorLayerHalftoner:  runs 16:5:57
slices [60, 122):
	channel 0: occupancy (dense)
	channel 1: surfaceDist (dense)
	channel 2: layer_000 (sparse)
	channel 3: layer_001 (sparse)
	channel 4: layer_002 (sparse)
	channel 5: layer_003 (sparse)
	channel 6: layer_004 (sparse)
	channel 7: layer_005 (sparse)
	channel 8: layer_006 (sparse)
	channel 9: layer_007 (sparse)
	channel 10: intermedTonal_0 (sparse)
	channel 11: intermedTonal_1 (sparse)
	channel 12: intermedTonal_2 (sparse)
	channel 13: intermedTonal_3 (sparse)
	channel 14: intermedTonal_4 (sparse)
	channel 15: intermedTonal_5 (sparse)
	channel 16: intermedTonal_6 (sparse)
	channel 17: intermedTonal_7 (sparse)
	channel 18: quantizedTonal (sparse)
	channel 19: errorDiffInfo2 (sparse)
	channel 20: distanceToEmpty (sparse)
	channel 21: errorDiffInfo3 (sparse)
	channel 22: errorDiffInfo4 (sparse)
	channel 23: errorDiffInfo5 (sparse)
	channel 24: errorDiffInfo6 (sparse)
	channel 25: errorDiffInfo7 (sparse)
	channel 26: errorDiffInfo8 (sparse)
	channel 27: errorDiffInfo9 (sparse)

SliceDebugger:  runs 16:6:7
slices [60, 110):
	channel 0: material (dense)
	channel 1: occupancy (dense)

MaterialUsageEstimator:  runs 16:6:8
slices [60, 110):
	channel 0: material (dense)
	channel 1: occupancy (dense)

PrintJobVoxelizer:  runs 16:6:8

PrintJobVoxelizer: setting up slices
PrintJobVoxelizer: rasterizing objects
PrintJobVoxelizer: creating rasterizer
PrintJobVoxelizer: rasterizing object 1
PrintJobVoxelizer: rasterizing object 2
Rasterizer::rasterize:
	8 trials
	total = 5.69357 s
	mean  = 0.711697 s
	var   = 0.137983 s^2, std = 0.37146 s
	min   = 0.195638 s
	max   = 1.33645 s


PrintJobVoxelizer: voxelizing objects
Object 1 ROI: [0 0 0] --> [946 303 50]
GWNSampleFloodVoxelizer: number of samples: 235
GWNSampleFloodVoxelizer: samples evaluated
GWNSampleFloodVoxelizer: adaptive threshold = 0.498039
GWNSampleFloodVoxelizer: flooding complete
Voxelization: solid angle evaluations per voxel: 0.325852

Object 2 ROI: [0 314 0] --> [946 617 50]
GWNSampleFloodVoxelizer: number of samples: 236
GWNSampleFloodVoxelizer: samples evaluated
GWNSampleFloodVoxelizer: adaptive threshold = 0.498039
GWNSampleFloodVoxelizer: flooding complete
Voxelization: solid angle evaluations per voxel: 0.65112

GWNSampleFloodVoxelizer::voxelize:
	8 trials
	total = 14.5773 s
	mean  = 1.82217 s
	var   = 0.086484 s^2, std = 0.294082 s
	min   = 1.55061 s
	max   = 2.46506 s

GWNSampleFloodVoxelizer::initIndicator:
	8 trials
	total = 1.72209 s
	mean  = 0.215261 s
	var   = 0.00208357 s^2, std = 0.0456462 s
	min   = 0.160114 s
	max   = 0.285203 s

GWNSampleFloodVoxelizer::selectSamples:
	8 trials
	total = 0.901923 s
	mean  = 0.11274 s
	var   = 0.000549502 s^2, std = 0.0234415 s
	min   = 0.088564 s
	max   = 0.151108 s

GWNSampleFloodVoxelizer::evaluateSamples:
	8 trials
	total = 1.55053 s
	mean  = 0.193816 s
	var   = 0.0105629 s^2, std = 0.102776 s
	min   = 0.050035 s
	max   = 0.353437 s

GWNSampleFloodVoxelizer::flood:
	8 trials
	total = 10.0796 s
	mean  = 1.25994 s
	var   = 0.0440371 s^2, std = 0.20985 s
	min   = 1.01973 s
	max   = 1.69521 s


PrintJobVoxelizer: finalizing surfaces
PrintJobVoxelizer: 861738 surface voxels
PrintJobVoxelizer: getting output subset
PrintJobVoxelizer: updating slice indices
SliceDebugger:  runs 16:6:13
slices [149, 199):
	channel 0: occupancy (dense)
	channel 1: opticalFeature (sparse)

TonalValueCalculator:  runs 16:6:16
slices [149, 199):
	channel 0: occupancy (dense)
	channel 1: opticalFeature (sparse)

SurfaceDistanceOrderedTransfer:  runs 16:6:16
slices [123, 199):
	channel 0: occupancy (dense)
	channel 1: surfaceDist (dense)

SurfaceDistanceOrderedTransfer: 123 149 173
SliceDebugger:  runs 16:6:18
slices [123, 173):
	channel 0: occupancy (dense)
	channel 1: surfaceDist (dense)

LayerExtractor:  runs 16:6:21
slices [121, 173):
	channel 0: occupancy (dense)
	channel 1: surfaceDist (dense)
	channel 2: layer_000 (sparse)
	channel 3: layer_001 (sparse)
	channel 4: layer_002 (sparse)
	channel 5: layer_003 (sparse)
	channel 6: layer_004 (sparse)
	channel 7: layer_005 (sparse)
	channel 8: layer_006 (sparse)
	channel 9: layer_007 (sparse)

TonalLinearizer:  runs 16:6:22
slices [122, 172):
	channel 0: occupancy (dense)
	channel 1: surfaceDist (dense)
	channel 2: layer_000 (sparse)
	channel 3: layer_001 (sparse)
	channel 4: layer_002 (sparse)
	channel 5: layer_003 (sparse)
	channel 6: layer_004 (sparse)
	channel 7: layer_005 (sparse)
	channel 8: layer_006 (sparse)
	channel 9: layer_007 (sparse)

VectorLayerHalftoner: VectorLayerHalftoner error: no tonal values available

VectorLayerHalftoner:  runs 16:6:22
slices [110, 172):
	channel 0: occupancy (dense)
	channel 1: surfaceDist (dense)
	channel 2: layer_000 (sparse)
	channel 3: layer_001 (sparse)
	channel 4: layer_002 (sparse)
	channel 5: layer_003 (sparse)
	channel 6: layer_004 (sparse)
	channel 7: layer_005 (sparse)
	channel 8: layer_006 (sparse)
	channel 9: layer_007 (sparse)
	channel 10: intermedTonal_0 (sparse)
	channel 11: intermedTonal_1 (sparse)
	channel 12: intermedTonal_2 (sparse)
	channel 13: intermedTonal_3 (sparse)
	channel 14: intermedTonal_4 (sparse)
	channel 15: intermedTonal_5 (sparse)
	channel 16: intermedTonal_6 (sparse)
	channel 17: intermedTonal_7 (sparse)
	channel 18: quantizedTonal (sparse)
	channel 19: errorDiffInfo2 (sparse)
	channel 20: distanceToEmpty (sparse)
	channel 21: errorDiffInfo3 (sparse)
	channel 22: errorDiffInfo4 (sparse)
	channel 23: errorDiffInfo5 (sparse)
	channel 24: errorDiffInfo6 (sparse)
	channel 25: errorDiffInfo7 (sparse)
	channel 26: errorDiffInfo8 (sparse)
	channel 27: errorDiffInfo9 (sparse)

SliceDebugger:  runs 16:6:31
slices [110, 160):
	channel 0: material (dense)
	channel 1: occupancy (dense)

MaterialUsageEstimator:  runs 16:6:36
slices [110, 160):
	channel 0: material (dense)
	channel 1: occupancy (dense)

PrintJobVoxelizer:  runs 16:6:37

PrintJobVoxelizer: setting up slices
PrintJobVoxelizer: rasterizing objects
PrintJobVoxelizer: creating rasterizer
PrintJobVoxelizer: rasterizing object 1
PrintJobVoxelizer: rasterizing object 2
Rasterizer::rasterize:
	10 trials
	total = 8.05226 s
	mean  = 0.805226 s
	var   = 0.201722 s^2, std = 0.449134 s
	min   = 0.195638 s
	max   = 1.6792 s


PrintJobVoxelizer: voxelizing objects
Object 1 ROI: [0 0 0] --> [946 303 50]
GWNSampleFloodVoxelizer: number of samples: 208
GWNSampleFloodVoxelizer: samples evaluated
GWNSampleFloodVoxelizer: adaptive threshold = 0.498039
GWNSampleFloodVoxelizer: flooding complete
Voxelization: solid angle evaluations per voxel: 0.269566

Object 2 ROI: [0 314 0] --> [946 617 50]
GWNSampleFloodVoxelizer: number of samples: 207
GWNSampleFloodVoxelizer: samples evaluated
GWNSampleFloodVoxelizer: adaptive threshold = 0.498039
GWNSampleFloodVoxelizer: flooding complete
Voxelization: solid angle evaluations per voxel: 0.536962

GWNSampleFloodVoxelizer::voxelize:
	10 trials
	total = 17.8551 s
	mean  = 1.78551 s
	var   = 0.0964849 s^2, std = 0.31062 s
	min   = 1.31544 s
	max   = 2.46506 s

GWNSampleFloodVoxelizer::initIndicator:
	10 trials
	total = 2.09607 s
	mean  = 0.209607 s
	var   = 0.00226173 s^2, std = 0.0475576 s
	min   = 0.139599 s
	max   = 0.285203 s

GWNSampleFloodVoxelizer::selectSamples:
	10 trials
	total = 1.12138 s
	mean  = 0.112138 s
	var   = 0.000429032 s^2, std = 0.0207131 s
	min   = 0.088564 s
	max   = 0.151108 s

GWNSampleFloodVoxelizer::evaluateSamples:
	10 trials
	total = 1.79661 s
	mean  = 0.179661 s
	var   = 0.00910686 s^2, std = 0.0954299 s
	min   = 0.050035 s
	max   = 0.353437 s

GWNSampleFloodVoxelizer::flood:
	10 trials
	total = 12.4382 s
	mean  = 1.24382 s
	var   = 0.0519307 s^2, std = 0.227883 s
	min   = 0.906646 s
	max   = 1.69521 s


PrintJobVoxelizer: finalizing surfaces
PrintJobVoxelizer: 1154424 surface voxels
PrintJobVoxelizer: getting output subset
PrintJobVoxelizer: updating slice indices
SliceDebugger:  runs 16:6:43
slices [199, 249):
	channel 0: occupancy (dense)
	channel 1: opticalFeature (sparse)

TonalValueCalculator:  runs 16:6:46
slices [199, 249):
	channel 0: occupancy (dense)
	channel 1: opticalFeature (sparse)

SurfaceDistanceOrderedTransfer:  runs 16:6:46
slices [173, 249):
	channel 0: occupancy (dense)
	channel 1: surfaceDist (dense)

SurfaceDistanceOrderedTransfer: 173 199 223
SliceDebugger:  runs 16:6:50
slices [173, 223):
	channel 0: occupancy (dense)
	channel 1: surfaceDist (dense)

LayerExtractor:  runs 16:6:55
slices [171, 223):
	channel 0: occupancy (dense)
	channel 1: surfaceDist (dense)
	channel 2: layer_000 (sparse)
	channel 3: layer_001 (sparse)
	channel 4: layer_002 (sparse)
	channel 5: layer_003 (sparse)
	channel 6: layer_004 (sparse)
	channel 7: layer_005 (sparse)
	channel 8: layer_006 (sparse)
	channel 9: layer_007 (sparse)

TonalLinearizer:  runs 16:6:56
slices [172, 222):
	channel 0: occupancy (dense)
	channel 1: surfaceDist (dense)
	channel 2: layer_000 (sparse)
	channel 3: layer_001 (sparse)
	channel 4: layer_002 (sparse)
	channel 5: layer_003 (sparse)
	channel 6: layer_004 (sparse)
	channel 7: layer_005 (sparse)
	channel 8: layer_006 (sparse)
	channel 9: layer_007 (sparse)

VectorLayerHalftoner: VectorLayerHalftoner error: no tonal values available

VectorLayerHalftoner:  runs 16:6:57
slices [160, 222):
	channel 0: occupancy (dense)
	channel 1: surfaceDist (dense)
	channel 2: layer_000 (sparse)
	channel 3: layer_001 (sparse)
	channel 4: layer_002 (sparse)
	channel 5: layer_003 (sparse)
	channel 6: layer_004 (sparse)
	channel 7: layer_005 (sparse)
	channel 8: layer_006 (sparse)
	channel 9: layer_007 (sparse)
	channel 10: intermedTonal_0 (sparse)
	channel 11: intermedTonal_1 (sparse)
	channel 12: intermedTonal_2 (sparse)
	channel 13: intermedTonal_3 (sparse)
	channel 14: intermedTonal_4 (sparse)
	channel 15: intermedTonal_5 (sparse)
	channel 16: intermedTonal_6 (sparse)
	channel 17: intermedTonal_7 (sparse)
	channel 18: quantizedTonal (sparse)
	channel 19: errorDiffInfo2 (sparse)
	channel 20: distanceToEmpty (sparse)
	channel 21: errorDiffInfo3 (sparse)
	channel 22: errorDiffInfo4 (sparse)
	channel 23: errorDiffInfo5 (sparse)
	channel 24: errorDiffInfo6 (sparse)
	channel 25: errorDiffInfo7 (sparse)
	channel 26: errorDiffInfo8 (sparse)
	channel 27: errorDiffInfo9 (sparse)

SliceDebugger:  runs 16:7:6
slices [160, 210):
	channel 0: material (dense)
	channel 1: occupancy (dense)

MaterialUsageEstimator:  runs 16:7:6
slices [160, 210):
	channel 0: material (dense)
	channel 1: occupancy (dense)

PrintJobVoxelizer:  runs 16:7:7

PrintJobVoxelizer: setting up slices
PrintJobVoxelizer: rasterizing objects
PrintJobVoxelizer: creating rasterizer
PrintJobVoxelizer: rasterizing object 1
PrintJobVoxelizer: rasterizing object 2
Rasterizer::rasterize:
	12 trials
	total = 9.32016 s
	mean  = 0.77668 s
	var   = 0.169514 s^2, std = 0.41172 s
	min   = 0.195638 s
	max   = 1.6792 s


PrintJobVoxelizer: voxelizing objects
Object 1 ROI: [0 0 0] --> [946 303 50]
GWNSampleFloodVoxelizer: number of samples: 185
GWNSampleFloodVoxelizer: samples evaluated
GWNSampleFloodVoxelizer: adaptive threshold = 0.498039
GWNSampleFloodVoxelizer: flooding complete
Voxelization: solid angle evaluations per voxel: 0.218196

Object 2 ROI: [0 314 0] --> [946 617 50]
GWNSampleFloodVoxelizer: number of samples: 184
GWNSampleFloodVoxelizer: samples evaluated
GWNSampleFloodVoxelizer: adaptive threshold = 0.498039
GWNSampleFloodVoxelizer: flooding complete
Voxelization: solid angle evaluations per voxel: 0.433945

GWNSampleFloodVoxelizer::voxelize:
	12 trials
	total = 22.128 s
	mean  = 1.844 s
	var   = 0.103015 s^2, std = 0.320959 s
	min   = 1.31544 s
	max   = 2.46506 s

GWNSampleFloodVoxelizer::initIndicator:
	12 trials
	total = 2.60093 s
	mean  = 0.216744 s
	var   = 0.00245338 s^2, std = 0.0495316 s
	min   = 0.139599 s
	max   = 0.29471 s

GWNSampleFloodVoxelizer::selectSamples:
	12 trials
	total = 1.38156 s
	mean  = 0.11513 s
	var   = 0.000476394 s^2, std = 0.0218264 s
	min   = 0.088564 s
	max   = 0.151108 s

GWNSampleFloodVoxelizer::evaluateSamples:
	12 trials
	total = 2.06331 s
	mean  = 0.171942 s
	var   = 0.00789218 s^2, std = 0.088838 s
	min   = 0.050035 s
	max   = 0.353437 s

GWNSampleFloodVoxelizer::flood:
	12 trials
	total = 15.5016 s
	mean  = 1.2918 s
	var   = 0.0561953 s^2, std = 0.237055 s
	min   = 0.906646 s
	max   = 1.69521 s


PrintJobVoxelizer: finalizing surfaces
PrintJobVoxelizer: 1441484 surface voxels
PrintJobVoxelizer: getting output subset
PrintJobVoxelizer: updating slice indices
SliceDebugger:  runs 16:7:13
slices [249, 299):
	channel 0: occupancy (dense)
	channel 1: opticalFeature (sparse)

TonalValueCalculator:  runs 16:7:25
slices [249, 299):
	channel 0: occupancy (dense)
	channel 1: opticalFeature (sparse)

SurfaceDistanceOrderedTransfer:  runs 16:7:25
slices [223, 299):
	channel 0: occupancy (dense)
	channel 1: surfaceDist (dense)

SurfaceDistanceOrderedTransfer: 223 249 273
SliceDebugger:  runs 16:7:28
slices [223, 273):
	channel 0: occupancy (dense)
	channel 1: surfaceDist (dense)

LayerExtractor:  runs 16:7:30
slices [221, 273):
	channel 0: occupancy (dense)
	channel 1: surfaceDist (dense)
	channel 2: layer_000 (sparse)
	channel 3: layer_001 (sparse)
	channel 4: layer_002 (sparse)
	channel 5: layer_003 (sparse)
	channel 6: layer_004 (sparse)
	channel 7: layer_005 (sparse)
	channel 8: layer_006 (sparse)
	channel 9: layer_007 (sparse)

TonalLinearizer:  runs 16:7:31
slices [222, 272):
	channel 0: occupancy (dense)
	channel 1: surfaceDist (dense)
	channel 2: layer_000 (sparse)
	channel 3: layer_001 (sparse)
	channel 4: layer_002 (sparse)
	channel 5: layer_003 (sparse)
	channel 6: layer_004 (sparse)
	channel 7: layer_005 (sparse)
	channel 8: layer_006 (sparse)
	channel 9: layer_007 (sparse)

VectorLayerHalftoner: VectorLayerHalftoner error: no tonal values available

VectorLayerHalftoner:  runs 16:7:32
slices [210, 272):
	channel 0: occupancy (dense)
	channel 1: surfaceDist (dense)
	channel 2: layer_000 (sparse)
	channel 3: layer_001 (sparse)
	channel 4: layer_002 (sparse)
	channel 5: layer_003 (sparse)
	channel 6: layer_004 (sparse)
	channel 7: layer_005 (sparse)
	channel 8: layer_006 (sparse)
	channel 9: layer_007 (sparse)
	channel 10: intermedTonal_0 (sparse)
	channel 11: intermedTonal_1 (sparse)
	channel 12: intermedTonal_2 (sparse)
	channel 13: intermedTonal_3 (sparse)
	channel 14: intermedTonal_4 (sparse)
	channel 15: intermedTonal_5 (sparse)
	channel 16: intermedTonal_6 (sparse)
	channel 17: intermedTonal_7 (sparse)
	channel 18: quantizedTonal (sparse)
	channel 19: errorDiffInfo2 (sparse)
	channel 20: distanceToEmpty (sparse)
	channel 21: errorDiffInfo3 (sparse)
	channel 22: errorDiffInfo4 (sparse)
	channel 23: errorDiffInfo5 (sparse)
	channel 24: errorDiffInfo6 (sparse)
	channel 25: errorDiffInfo7 (sparse)
	channel 26: errorDiffInfo8 (sparse)
	channel 27: errorDiffInfo9 (sparse)

SliceDebugger:  runs 16:7:40
slices [210, 260):
	channel 0: material (dense)
	channel 1: occupancy (dense)

MaterialUsageEstimator:  runs 16:7:41
slices [210, 260):
	channel 0: material (dense)
	channel 1: occupancy (dense)

PrintJobVoxelizer:  runs 16:7:41

PrintJobVoxelizer: setting up slices
PrintJobVoxelizer: rasterizing objects
PrintJobVoxelizer: creating rasterizer
PrintJobVoxelizer: rasterizing object 1
PrintJobVoxelizer: rasterizing object 2
Rasterizer::rasterize:
	14 trials
	total = 10.6701 s
	mean  = 0.762153 s
	var   = 0.144808 s^2, std = 0.380537 s
	min   = 0.195638 s
	max   = 1.6792 s


PrintJobVoxelizer: voxelizing objects
Object 1 ROI: [0 0 0] --> [946 303 50]
GWNSampleFloodVoxelizer: number of samples: 191
GWNSampleFloodVoxelizer: samples evaluated
GWNSampleFloodVoxelizer: adaptive threshold = 0.498039
GWNSampleFloodVoxelizer: flooding complete
Voxelization: solid angle evaluations per voxel: 0.241409

Object 2 ROI: [0 314 0] --> [946 617 50]
GWNSampleFloodVoxelizer: number of samples: 191
GWNSampleFloodVoxelizer: samples evaluated
GWNSampleFloodVoxelizer: adaptive threshold = 0.498039
GWNSampleFloodVoxelizer: flooding complete
Voxelization: solid angle evaluations per voxel: 0.486638

GWNSampleFloodVoxelizer::voxelize:
	14 trials
	total = 25.1231 s
	mean  = 1.79451 s
	var   = 0.107846 s^2, std = 0.3284 s
	min   = 1.31544 s
	max   = 2.46506 s

GWNSampleFloodVoxelizer::initIndicator:
	14 trials
	total = 2.92964 s
	mean  = 0.20926 s
	var   = 0.00251064 s^2, std = 0.0501063 s
	min   = 0.139599 s
	max   = 0.29471 s

GWNSampleFloodVoxelizer::selectSamples:
	14 trials
	total = 1.59172 s
	mean  = 0.113694 s
	var   = 0.000416588 s^2, std = 0.0204105 s
	min   = 0.088564 s
	max   = 0.151108 s

GWNSampleFloodVoxelizer::evaluateSamples:
	14 trials
	total = 2.31899 s
	mean  = 0.165642 s
	var   = 0.00696799 s^2, std = 0.0834745 s
	min   = 0.050035 s
	max   = 0.353437 s

GWNSampleFloodVoxelizer::flood:
	14 trials
	total = 17.6221 s
	mean  = 1.25872 s
	var   = 0.0577919 s^2, std = 0.2404 s
	min   = 0.906646 s
	max   = 1.69521 s


PrintJobVoxelizer: finalizing surfaces
PrintJobVoxelizer: 1738609 surface voxels
PrintJobVoxelizer: getting output subset
PrintJobVoxelizer: updating slice indices
SliceDebugger:  runs 16:7:46
slices [299, 349):
	channel 0: occupancy (dense)
	channel 1: opticalFeature (sparse)

TonalValueCalculator:  runs 16:7:53
slices [299, 349):
	channel 0: occupancy (dense)
	channel 1: opticalFeature (sparse)

SurfaceDistanceOrderedTransfer:  runs 16:7:53
slices [273, 349):
	channel 0: occupancy (dense)
	channel 1: surfaceDist (dense)

SurfaceDistanceOrderedTransfer: 273 299 323
SliceDebugger:  runs 16:7:56
slices [273, 323):
	channel 0: occupancy (dense)
	channel 1: surfaceDist (dense)

LayerExtractor:  runs 16:8:0
slices [271, 323):
	channel 0: occupancy (dense)
	channel 1: surfaceDist (dense)
	channel 2: layer_000 (sparse)
	channel 3: layer_001 (sparse)
	channel 4: layer_002 (sparse)
	channel 5: layer_003 (sparse)
	channel 6: layer_004 (sparse)
	channel 7: layer_005 (sparse)
	channel 8: layer_006 (sparse)
	channel 9: layer_007 (sparse)

TonalLinearizer:  runs 16:8:1
slices [272, 322):
	channel 0: occupancy (dense)
	channel 1: surfaceDist (dense)
	channel 2: layer_000 (sparse)
	channel 3: layer_001 (sparse)
	channel 4: layer_002 (sparse)
	channel 5: layer_003 (sparse)
	channel 6: layer_004 (sparse)
	channel 7: layer_005 (sparse)
	channel 8: layer_006 (sparse)
	channel 9: layer_007 (sparse)

VectorLayerHalftoner: VectorLayerHalftoner error: no tonal values available

VectorLayerHalftoner:  runs 16:8:1
slices [260, 322):
	channel 0: occupancy (dense)
	channel 1: surfaceDist (dense)
	channel 2: layer_000 (sparse)
	channel 3: layer_001 (sparse)
	channel 4: layer_002 (sparse)
	channel 5: layer_003 (sparse)
	channel 6: layer_004 (sparse)
	channel 7: layer_005 (sparse)
	channel 8: layer_006 (sparse)
	channel 9: layer_007 (sparse)
	channel 10: intermedTonal_0 (sparse)
	channel 11: intermedTonal_1 (sparse)
	channel 12: intermedTonal_2 (sparse)
	channel 13: intermedTonal_3 (sparse)
	channel 14: intermedTonal_4 (sparse)
	channel 15: intermedTonal_5 (sparse)
	channel 16: intermedTonal_6 (sparse)
	channel 17: intermedTonal_7 (sparse)
	channel 18: quantizedTonal (sparse)
	channel 19: errorDiffInfo2 (sparse)
	channel 20: distanceToEmpty (sparse)
	channel 21: errorDiffInfo3 (sparse)
	channel 22: errorDiffInfo4 (sparse)
	channel 23: errorDiffInfo5 (sparse)
	channel 24: errorDiffInfo6 (sparse)
	channel 25: errorDiffInfo7 (sparse)
	channel 26: errorDiffInfo8 (sparse)
	channel 27: errorDiffInfo9 (sparse)

SliceDebugger:  runs 16:8:12
slices [260, 310):
	channel 0: material (dense)
	channel 1: occupancy (dense)

MaterialUsageEstimator:  runs 16:8:15
slices [260, 310):
	channel 0: material (dense)
	channel 1: occupancy (dense)

PrintJobVoxelizer:  runs 16:8:15

PrintJobVoxelizer: setting up slices
PrintJobVoxelizer: rasterizing objects
PrintJobVoxelizer: creating rasterizer
PrintJobVoxelizer: rasterizing object 1
PrintJobVoxelizer: rasterizing object 2
Rasterizer::rasterize:
	16 trials
	total = 11.914 s
	mean  = 0.744627 s
	var   = 0.127813 s^2, std = 0.35751 s
	min   = 0.195638 s
	max   = 1.6792 s


PrintJobVoxelizer: voxelizing objects
Object 1 ROI: [0 0 0] --> [946 303 50]
GWNSampleFloodVoxelizer: number of samples: 165
GWNSampleFloodVoxelizer: samples evaluated
GWNSampleFloodVoxelizer: adaptive threshold = 0.498039
GWNSampleFloodVoxelizer: flooding complete
Voxelization: solid angle evaluations per voxel: 0.204192

Object 2 ROI: [0 314 0] --> [946 617 50]
GWNSampleFloodVoxelizer: number of samples: 163
GWNSampleFloodVoxelizer: samples evaluated
GWNSampleFloodVoxelizer: adaptive threshold = 0.498039
GWNSampleFloodVoxelizer: flooding complete
Voxelization: solid angle evaluations per voxel: 0.407408

GWNSampleFloodVoxelizer::voxelize:
	16 trials
	total = 28.0153 s
	mean  = 1.75096 s
	var   = 0.110117 s^2, std = 0.331839 s
	min   = 1.30943 s
	max   = 2.46506 s

GWNSampleFloodVoxelizer::initIndicator:
	16 trials
	total = 3.2971 s
	mean  = 0.206069 s
	var   = 0.00259378 s^2, std = 0.0509292 s
	min   = 0.133094 s
	max   = 0.29471 s

GWNSampleFloodVoxelizer::selectSamples:
	16 trials
	total = 1.77904 s
	mean  = 0.11119 s
	var   = 0.00040787 s^2, std = 0.0201958 s
	min   = 0.088564 s
	max   = 0.151108 s

GWNSampleFloodVoxelizer::evaluateSamples:
	16 trials
	total = 2.50781 s
	mean  = 0.156738 s
	var   = 0.00663096 s^2, std = 0.0814307 s
	min   = 0.050035 s
	max   = 0.353437 s

GWNSampleFloodVoxelizer::flood:
	16 trials
	total = 19.6907 s
	mean  = 1.23067 s
	var   = 0.056928 s^2, std = 0.238596 s
	min   = 0.906646 s
	max   = 1.69521 s


PrintJobVoxelizer: finalizing surfaces
PrintJobVoxelizer: 2023087 surface voxels
PrintJobVoxelizer: getting output subset
PrintJobVoxelizer: updating slice indices
SliceDebugger:  runs 16:8:20
slices [349, 399):
	channel 0: occupancy (dense)
	channel 1: opticalFeature (sparse)

TonalValueCalculator:  runs 16:8:22
slices [349, 399):
	channel 0: occupancy (dense)
	channel 1: opticalFeature (sparse)

SurfaceDistanceOrderedTransfer:  runs 16:8:22
slices [323, 399):
	channel 0: occupancy (dense)
	channel 1: surfaceDist (dense)

SurfaceDistanceOrderedTransfer: 323 349 373
SliceDebugger:  runs 16:8:24
slices [323, 373):
	channel 0: occupancy (dense)
	channel 1: surfaceDist (dense)

LayerExtractor:  runs 16:8:27
slices [321, 373):
	channel 0: occupancy (dense)
	channel 1: surfaceDist (dense)
	channel 2: layer_000 (sparse)
	channel 3: layer_001 (sparse)
	channel 4: layer_002 (sparse)
	channel 5: layer_003 (sparse)
	channel 6: layer_004 (sparse)
	channel 7: layer_005 (sparse)
	channel 8: layer_006 (sparse)
	channel 9: layer_007 (sparse)

TonalLinearizer:  runs 16:8:28
slices [322, 372):
	channel 0: occupancy (dense)
	channel 1: surfaceDist (dense)
	channel 2: layer_000 (sparse)
	channel 3: layer_001 (sparse)
	channel 4: layer_002 (sparse)
	channel 5: layer_003 (sparse)
	channel 6: layer_004 (sparse)
	channel 7: layer_005 (sparse)
	channel 8: layer_006 (sparse)
	channel 9: layer_007 (sparse)

VectorLayerHalftoner: VectorLayerHalftoner error: no tonal values available

VectorLayerHalftoner:  runs 16:8:29
slices [310, 372):
	channel 0: occupancy (dense)
	channel 1: surfaceDist (dense)
	channel 2: layer_000 (sparse)
	channel 3: layer_001 (sparse)
	channel 4: layer_002 (sparse)
	channel 5: layer_003 (sparse)
	channel 6: layer_004 (sparse)
	channel 7: layer_005 (sparse)
	channel 8: layer_006 (sparse)
	channel 9: layer_007 (sparse)
	channel 10: intermedTonal_0 (sparse)
	channel 11: intermedTonal_1 (sparse)
	channel 12: intermedTonal_2 (sparse)
	channel 13: intermedTonal_3 (sparse)
	channel 14: intermedTonal_4 (sparse)
	channel 15: intermedTonal_5 (sparse)
	channel 16: intermedTonal_6 (sparse)
	channel 17: intermedTonal_7 (sparse)
	channel 18: quantizedTonal (sparse)
	channel 19: errorDiffInfo2 (sparse)
	channel 20: distanceToEmpty (sparse)
	channel 21: errorDiffInfo3 (sparse)
	channel 22: errorDiffInfo4 (sparse)
	channel 23: errorDiffInfo5 (sparse)
	channel 24: errorDiffInfo6 (sparse)
	channel 25: errorDiffInfo7 (sparse)
	channel 26: errorDiffInfo8 (sparse)
	channel 27: errorDiffInfo9 (sparse)

SliceDebugger:  runs 16:8:44
slices [310, 360):
	channel 0: material (dense)
	channel 1: occupancy (dense)

MaterialUsageEstimator:  runs 16:8:47
slices [310, 360):
	channel 0: material (dense)
	channel 1: occupancy (dense)

PrintJobVoxelizer:  runs 16:8:48

PrintJobVoxelizer: setting up slices
PrintJobVoxelizer: rasterizing objects
PrintJobVoxelizer: creating rasterizer
PrintJobVoxelizer: rasterizing object 1
PrintJobVoxelizer: rasterizing object 2
Rasterizer::rasterize:
	18 trials
	total = 13.5292 s
	mean  = 0.751621 s
	var   = 0.113681 s^2, std = 0.337166 s
	min   = 0.195638 s
	max   = 1.6792 s


PrintJobVoxelizer: voxelizing objects
Object 1 ROI: [0 0 0] --> [946 303 50]
GWNSampleFloodVoxelizer: number of samples: 142
GWNSampleFloodVoxelizer: samples evaluated
GWNSampleFloodVoxelizer: adaptive threshold = 0.498039
GWNSampleFloodVoxelizer: flooding complete
Voxelization: solid angle evaluations per voxel: 0.198372

Object 2 ROI: [0 314 0] --> [946 617 50]
GWNSampleFloodVoxelizer: number of samples: 143
GWNSampleFloodVoxelizer: samples evaluated
GWNSampleFloodVoxelizer: adaptive threshold = 0.498039
GWNSampleFloodVoxelizer: flooding complete
Voxelization: solid angle evaluations per voxel: 0.398627

GWNSampleFloodVoxelizer::voxelize:
	18 trials
	total = 31.0395 s
	mean  = 1.72442 s
	var   = 0.108057 s^2, std = 0.32872 s
	min   = 1.30743 s
	max   = 2.46506 s

GWNSampleFloodVoxelizer::initIndicator:
	18 trials
	total = 3.6902 s
	mean  = 0.205011 s
	var   = 0.00263421 s^2, std = 0.0513246 s
	min   = 0.133094 s
	max   = 0.29471 s

GWNSampleFloodVoxelizer::selectSamples:
	18 trials
	total = 2.00149 s
	mean  = 0.111194 s
	var   = 0.000360289 s^2, std = 0.0189813 s
	min   = 0.088564 s
	max   = 0.151108 s

GWNSampleFloodVoxelizer::evaluateSamples:
	18 trials
	total = 2.71834 s
	mean  = 0.151019 s
	var   = 0.0061317 s^2, std = 0.0783052 s
	min   = 0.050035 s
	max   = 0.353437 s

GWNSampleFloodVoxelizer::flood:
	18 trials
	total = 21.8077 s
	mean  = 1.21154 s
	var   = 0.0558158 s^2, std = 0.236254 s
	min   = 0.906646 s
	max   = 1.69521 s


PrintJobVoxelizer: finalizing surfaces
PrintJobVoxelizer: 2312087 surface voxels
PrintJobVoxelizer: getting output subset
PrintJobVoxelizer: updating slice indices
SliceDebugger:  runs 16:8:53
slices [399, 449):
	channel 0: occupancy (dense)
	channel 1: opticalFeature (sparse)

TonalValueCalculator:  runs 16:8:55
slices [399, 449):
	channel 0: occupancy (dense)
	channel 1: opticalFeature (sparse)

SurfaceDistanceOrderedTransfer:  runs 16:8:55
slices [373, 449):
	channel 0: occupancy (dense)
	channel 1: surfaceDist (dense)

SurfaceDistanceOrderedTransfer: 373 399 423
SliceDebugger:  runs 16:8:57
slices [373, 423):
	channel 0: occupancy (dense)
	channel 1: surfaceDist (dense)

LayerExtractor:  runs 16:9:0
slices [371, 423):
	channel 0: occupancy (dense)
	channel 1: surfaceDist (dense)
	channel 2: layer_000 (sparse)
	channel 3: layer_001 (sparse)
	channel 4: layer_002 (sparse)
	channel 5: layer_003 (sparse)
	channel 6: layer_004 (sparse)
	channel 7: layer_005 (sparse)
	channel 8: layer_006 (sparse)
	channel 9: layer_007 (sparse)

TonalLinearizer:  runs 16:9:1
slices [372, 422):
	channel 0: occupancy (dense)
	channel 1: surfaceDist (dense)
	channel 2: layer_000 (sparse)
	channel 3: layer_001 (sparse)
	channel 4: layer_002 (sparse)
	channel 5: layer_003 (sparse)
	channel 6: layer_004 (sparse)
	channel 7: layer_005 (sparse)
	channel 8: layer_006 (sparse)
	channel 9: layer_007 (sparse)

VectorLayerHalftoner: VectorLayerHalftoner error: no tonal values available

VectorLayerHalftoner:  runs 16:9:1
slices [360, 422):
	channel 0: occupancy (dense)
	channel 1: surfaceDist (dense)
	channel 2: layer_000 (sparse)
	channel 3: layer_001 (sparse)
	channel 4: layer_002 (sparse)
	channel 5: layer_003 (sparse)
	channel 6: layer_004 (sparse)
	channel 7: layer_005 (sparse)
	channel 8: layer_006 (sparse)
	channel 9: layer_007 (sparse)
	channel 10: intermedTonal_0 (sparse)
	channel 11: intermedTonal_1 (sparse)
	channel 12: intermedTonal_2 (sparse)
	channel 13: intermedTonal_3 (sparse)
	channel 14: intermedTonal_4 (sparse)
	channel 15: intermedTonal_5 (sparse)
	channel 16: intermedTonal_6 (sparse)
	channel 17: intermedTonal_7 (sparse)
	channel 18: quantizedTonal (sparse)
	channel 19: errorDiffInfo2 (sparse)
	channel 20: distanceToEmpty (sparse)
	channel 21: errorDiffInfo3 (sparse)
	channel 22: errorDiffInfo4 (sparse)
	channel 23: errorDiffInfo5 (sparse)
	channel 24: errorDiffInfo6 (sparse)
	channel 25: errorDiffInfo7 (sparse)
	channel 26: errorDiffInfo8 (sparse)
	channel 27: errorDiffInfo9 (sparse)

SliceDebugger:  runs 16:9:14
slices [360, 410):
	channel 0: material (dense)
	channel 1: occupancy (dense)

MaterialUsageEstimator:  runs 16:9:17
slices [360, 410):
	channel 0: material (dense)
	channel 1: occupancy (dense)

PrintJobVoxelizer:  runs 16:9:17

PrintJobVoxelizer: setting up slices
PrintJobVoxelizer: rasterizing objects
PrintJobVoxelizer: creating rasterizer
PrintJobVoxelizer: rasterizing object 1
PrintJobVoxelizer: rasterizing object 2
Rasterizer::rasterize:
	20 trials
	total = 15.0488 s
	mean  = 0.752438 s
	var   = 0.102078 s^2, std = 0.319497 s
	min   = 0.195638 s
	max   = 1.6792 s


PrintJobVoxelizer: voxelizing objects
Object 1 ROI: [0 0 0] --> [946 303 50]
GWNSampleFloodVoxelizer: number of samples: 163
GWNSampleFloodVoxelizer: samples evaluated
GWNSampleFloodVoxelizer: adaptive threshold = 0.498039
GWNSampleFloodVoxelizer: flooding complete
Voxelization: solid angle evaluations per voxel: 0.212661

Object 2 ROI: [0 314 0] --> [946 617 50]
GWNSampleFloodVoxelizer: number of samples: 164
GWNSampleFloodVoxelizer: samples evaluated
GWNSampleFloodVoxelizer: adaptive threshold = 0.498039
GWNSampleFloodVoxelizer: flooding complete
Voxelization: solid angle evaluations per voxel: 0.427295

GWNSampleFloodVoxelizer::voxelize:
	20 trials
	total = 34.0251 s
	mean  = 1.70125 s
	var   = 0.10552 s^2, std = 0.324838 s
	min   = 1.30393 s
	max   = 2.46506 s

GWNSampleFloodVoxelizer::initIndicator:
	20 trials
	total = 4.06118 s
	mean  = 0.203059 s
	var   = 0.00264465 s^2, std = 0.0514261 s
	min   = 0.133094 s
	max   = 0.29471 s

GWNSampleFloodVoxelizer::selectSamples:
	20 trials
	total = 2.21645 s
	mean  = 0.110822 s
	var   = 0.000324053 s^2, std = 0.0180015 s
	min   = 0.088564 s
	max   = 0.151108 s

GWNSampleFloodVoxelizer::evaluateSamples:
	20 trials
	total = 2.90416 s
	mean  = 0.145208 s
	var   = 0.00580625 s^2, std = 0.0761987 s
	min   = 0.050035 s
	max   = 0.353437 s

GWNSampleFloodVoxelizer::flood:
	20 trials
	total = 23.9399 s
	mean  = 1.197 s
	var   = 0.053861 s^2, std = 0.23208 s
	min   = 0.906646 s
	max   = 1.69521 s


PrintJobVoxelizer: finalizing surfaces
PrintJobVoxelizer: 2588057 surface voxels
PrintJobVoxelizer: getting output subset
PrintJobVoxelizer: updating slice indices
SliceDebugger:  runs 16:9:22
slices [449, 499):
	channel 0: occupancy (dense)
	channel 1: opticalFeature (sparse)

TonalValueCalculator:  runs 16:9:25
slices [449, 499):
	channel 0: occupancy (dense)
	channel 1: opticalFeature (sparse)

SurfaceDistanceOrderedTransfer:  runs 16:9:25
slices [423, 499):
	channel 0: occupancy (dense)
	channel 1: surfaceDist (dense)

SurfaceDistanceOrderedTransfer: 423 449 473
SliceDebugger:  runs 16:9:28
slices [423, 473):
	channel 0: occupancy (dense)
	channel 1: surfaceDist (dense)

LayerExtractor:  runs 16:9:35
slices [421, 473):
	channel 0: occupancy (dense)
	channel 1: surfaceDist (dense)
	channel 2: layer_000 (sparse)
	channel 3: layer_001 (sparse)
	channel 4: layer_002 (sparse)
	channel 5: layer_003 (sparse)
	channel 6: layer_004 (sparse)
	channel 7: layer_005 (sparse)
	channel 8: layer_006 (sparse)
	channel 9: layer_007 (sparse)

TonalLinearizer:  runs 16:9:36
slices [422, 472):
	channel 0: occupancy (dense)
	channel 1: surfaceDist (dense)
	channel 2: layer_000 (sparse)
	channel 3: layer_001 (sparse)
	channel 4: layer_002 (sparse)
	channel 5: layer_003 (sparse)
	channel 6: layer_004 (sparse)
	channel 7: layer_005 (sparse)
	channel 8: layer_006 (sparse)
	channel 9: layer_007 (sparse)

VectorLayerHalftoner: VectorLayerHalftoner error: no tonal values available

VectorLayerHalftoner:  runs 16:9:36
slices [410, 472):
	channel 0: occupancy (dense)
	channel 1: surfaceDist (dense)
	channel 2: layer_000 (sparse)
	channel 3: layer_001 (sparse)
	channel 4: layer_002 (sparse)
	channel 5: layer_003 (sparse)
	channel 6: layer_004 (sparse)
	channel 7: layer_005 (sparse)
	channel 8: layer_006 (sparse)
	channel 9: layer_007 (sparse)
	channel 10: intermedTonal_0 (sparse)
	channel 11: intermedTonal_1 (sparse)
	channel 12: intermedTonal_2 (sparse)
	channel 13: intermedTonal_3 (sparse)
	channel 14: intermedTonal_4 (sparse)
	channel 15: intermedTonal_5 (sparse)
	channel 16: intermedTonal_6 (sparse)
	channel 17: intermedTonal_7 (sparse)
	channel 18: quantizedTonal (sparse)
	channel 19: errorDiffInfo2 (sparse)
	channel 20: distanceToEmpty (sparse)
	channel 21: errorDiffInfo3 (sparse)
	channel 22: errorDiffInfo4 (sparse)
	channel 23: errorDiffInfo5 (sparse)
	channel 24: errorDiffInfo6 (sparse)
	channel 25: errorDiffInfo7 (sparse)
	channel 26: errorDiffInfo8 (sparse)
	channel 27: errorDiffInfo9 (sparse)

SliceDebugger:  runs 16:9:45
slices [410, 460):
	channel 0: material (dense)
	channel 1: occupancy (dense)

MaterialUsageEstimator:  runs 16:9:46
slices [410, 460):
	channel 0: material (dense)
	channel 1: occupancy (dense)

PrintJobVoxelizer:  runs 16:9:46

PrintJobVoxelizer: setting up slices
PrintJobVoxelizer: rasterizing objects
PrintJobVoxelizer: creating rasterizer
PrintJobVoxelizer: rasterizing object 1
PrintJobVoxelizer: rasterizing object 2
Rasterizer::rasterize:
	22 trials
	total = 16.2906 s
	mean  = 0.740484 s
	var   = 0.0938546 s^2, std = 0.306357 s
	min   = 0.195638 s
	max   = 1.6792 s


PrintJobVoxelizer: voxelizing objects
Object 1 ROI: [0 0 0] --> [946 303 50]
GWNSampleFloodVoxelizer: number of samples: 182
GWNSampleFloodVoxelizer: samples evaluated
GWNSampleFloodVoxelizer: adaptive threshold = 0.498039
GWNSampleFloodVoxelizer: flooding complete
Voxelization: solid angle evaluations per voxel: 0.264532

Object 2 ROI: [0 314 0] --> [946 617 50]
GWNSampleFloodVoxelizer: number of samples: 182
GWNSampleFloodVoxelizer: samples evaluated
GWNSampleFloodVoxelizer: adaptive threshold = 0.498039
GWNSampleFloodVoxelizer: flooding complete
Voxelization: solid angle evaluations per voxel: 0.530732

GWNSampleFloodVoxelizer::voxelize:
	22 trials
	total = 38.4832 s
	mean  = 1.74924 s
	var   = 0.119612 s^2, std = 0.34585 s
	min   = 1.30393 s
	max   = 2.46506 s

GWNSampleFloodVoxelizer::initIndicator:
	22 trials
	total = 4.56236 s
	mean  = 0.20738 s
	var   = 0.00258842 s^2, std = 0.0508765 s
	min   = 0.133094 s
	max   = 0.29471 s

GWNSampleFloodVoxelizer::selectSamples:
	22 trials
	total = 2.46442 s
	mean  = 0.112019 s
	var   = 0.00032853 s^2, std = 0.0181254 s
	min   = 0.088564 s
	max   = 0.151108 s

GWNSampleFloodVoxelizer::evaluateSamples:
	22 trials
	total = 3.26617 s
	mean  = 0.148462 s
	var   = 0.00537216 s^2, std = 0.0732951 s
	min   = 0.050035 s
	max   = 0.353437 s

GWNSampleFloodVoxelizer::flood:
	22 trials
	total = 27.1286 s
	mean  = 1.23312 s
	var   = 0.0624576 s^2, std = 0.249915 s
	min   = 0.906646 s
	max   = 1.69521 s


PrintJobVoxelizer: finalizing surfaces
PrintJobVoxelizer: 2865585 surface voxels
PrintJobVoxelizer: getting output subset
PrintJobVoxelizer: updating slice indices
SliceDebugger:  runs 16:9:52
slices [499, 549):
	channel 0: occupancy (dense)
	channel 1: opticalFeature (sparse)

TonalValueCalculator:  runs 16:10:2
slices [499, 549):
	channel 0: occupancy (dense)
	channel 1: opticalFeature (sparse)

SurfaceDistanceOrderedTransfer:  runs 16:10:2
slices [473, 549):
	channel 0: occupancy (dense)
	channel 1: surfaceDist (dense)

SurfaceDistanceOrderedTransfer: 473 499 523
SliceDebugger:  runs 16:10:4
slices [473, 523):
	channel 0: occupancy (dense)
	channel 1: surfaceDist (dense)

LayerExtractor:  runs 16:10:7
slices [471, 523):
	channel 0: occupancy (dense)
	channel 1: surfaceDist (dense)
	channel 2: layer_000 (sparse)
	channel 3: layer_001 (sparse)
	channel 4: layer_002 (sparse)
	channel 5: layer_003 (sparse)
	channel 6: layer_004 (sparse)
	channel 7: layer_005 (sparse)
	channel 8: layer_006 (sparse)
	channel 9: layer_007 (sparse)

TonalLinearizer:  runs 16:10:8
slices [472, 522):
	channel 0: occupancy (dense)
	channel 1: surfaceDist (dense)
	channel 2: layer_000 (sparse)
	channel 3: layer_001 (sparse)
	channel 4: layer_002 (sparse)
	channel 5: layer_003 (sparse)
	channel 6: layer_004 (sparse)
	channel 7: layer_005 (sparse)
	channel 8: layer_006 (sparse)
	channel 9: layer_007 (sparse)

VectorLayerHalftoner: VectorLayerHalftoner error: no tonal values available

VectorLayerHalftoner:  runs 16:10:8
slices [460, 522):
	channel 0: occupancy (dense)
	channel 1: surfaceDist (dense)
	channel 2: layer_000 (sparse)
	channel 3: layer_001 (sparse)
	channel 4: layer_002 (sparse)
	channel 5: layer_003 (sparse)
	channel 6: layer_004 (sparse)
	channel 7: layer_005 (sparse)
	channel 8: layer_006 (sparse)
	channel 9: layer_007 (sparse)
	channel 10: intermedTonal_0 (sparse)
	channel 11: intermedTonal_1 (sparse)
	channel 12: intermedTonal_2 (sparse)
	channel 13: intermedTonal_3 (sparse)
	channel 14: intermedTonal_4 (sparse)
	channel 15: intermedTonal_5 (sparse)
	channel 16: intermedTonal_6 (sparse)
	channel 17: intermedTonal_7 (sparse)
	channel 18: quantizedTonal (sparse)
	channel 19: errorDiffInfo2 (sparse)
	channel 20: distanceToEmpty (sparse)
	channel 21: errorDiffInfo3 (sparse)
	channel 22: errorDiffInfo4 (sparse)
	channel 23: errorDiffInfo5 (sparse)
	channel 24: errorDiffInfo6 (sparse)
	channel 25: errorDiffInfo7 (sparse)
	channel 26: errorDiffInfo8 (sparse)
	channel 27: errorDiffInfo9 (sparse)

SliceDebugger:  runs 16:10:15
slices [460, 510):
	channel 0: material (dense)
	channel 1: occupancy (dense)

MaterialUsageEstimator:  runs 16:10:19
slices [460, 510):
	channel 0: material (dense)
	channel 1: occupancy (dense)

PrintJobVoxelizer:  runs 16:10:20

PrintJobVoxelizer: setting up slices
PrintJobVoxelizer: rasterizing objects
PrintJobVoxelizer: creating rasterizer
PrintJobVoxelizer: rasterizing object 1
PrintJobVoxelizer: rasterizing object 2
Rasterizer::rasterize:
	24 trials
	total = 19.9878 s
	mean  = 0.832824 s
	var   = 0.200636 s^2, std = 0.447924 s
	min   = 0.195638 s
	max   = 2.29163 s


PrintJobVoxelizer: voxelizing objects
Object 1 ROI: [0 0 0] --> [946 303 50]
GWNSampleFloodVoxelizer: number of samples: 227
GWNSampleFloodVoxelizer: samples evaluated
GWNSampleFloodVoxelizer: adaptive threshold = 0.498039
GWNSampleFloodVoxelizer: flooding complete
Voxelization: solid angle evaluations per voxel: 0.35145

Object 2 ROI: [0 314 0] --> [946 617 50]
GWNSampleFloodVoxelizer: number of samples: 227
GWNSampleFloodVoxelizer: samples evaluated
GWNSampleFloodVoxelizer: adaptive threshold = 0.498039
GWNSampleFloodVoxelizer: flooding complete
Voxelization: solid angle evaluations per voxel: 0.703841

GWNSampleFloodVoxelizer::voxelize:
	24 trials
	total = 43.0565 s
	mean  = 1.79402 s
	var   = 0.140173 s^2, std = 0.374397 s
	min   = 1.30393 s
	max   = 2.58884 s

GWNSampleFloodVoxelizer::initIndicator:
	24 trials
	total = 5.13827 s
	mean  = 0.214095 s
	var   = 0.00291834 s^2, std = 0.0540217 s
	min   = 0.133094 s
	max   = 0.30872 s

GWNSampleFloodVoxelizer::selectSamples:
	24 trials
	total = 2.96178 s
	mean  = 0.123407 s
	var   = 0.00326025 s^2, std = 0.0570986 s
	min   = 0.088564 s
	max   = 0.37877 s

GWNSampleFloodVoxelizer::evaluateSamples:
	24 trials
	total = 3.83958 s
	mean  = 0.159983 s
	var   = 0.00711812 s^2, std = 0.084369 s
	min   = 0.050035 s
	max   = 0.375768 s

GWNSampleFloodVoxelizer::flood:
	24 trials
	total = 29.9181 s
	mean  = 1.24659 s
	var   = 0.0594682 s^2, std = 0.243861 s
	min   = 0.906646 s
	max   = 1.69521 s


PrintJobVoxelizer: finalizing surfaces
PrintJobVoxelizer: 3147432 surface voxels
PrintJobVoxelizer: getting output subset
PrintJobVoxelizer: updating slice indices
SliceDebugger:  runs 16:10:29
slices [549, 599):
	channel 0: occupancy (dense)
	channel 1: opticalFeature (sparse)

TonalValueCalculator:  runs 16:10:31
slices [549, 599):
	channel 0: occupancy (dense)
	channel 1: opticalFeature (sparse)

SurfaceDistanceOrderedTransfer:  runs 16:10:32
slices [523, 599):
	channel 0: occupancy (dense)
	channel 1: surfaceDist (dense)

SurfaceDistanceOrderedTransfer: 523 549 573
SliceDebugger:  runs 16:10:33
slices [523, 573):
	channel 0: occupancy (dense)
	channel 1: surfaceDist (dense)

LayerExtractor:  runs 16:10:39
slices [521, 573):
	channel 0: occupancy (dense)
	channel 1: surfaceDist (dense)
	channel 2: layer_000 (sparse)
	channel 3: layer_001 (sparse)
	channel 4: layer_002 (sparse)
	channel 5: layer_003 (sparse)
	channel 6: layer_004 (sparse)
	channel 7: layer_005 (sparse)
	channel 8: layer_006 (sparse)
	channel 9: layer_007 (sparse)

TonalLinearizer:  runs 16:10:42
slices [522, 572):
	channel 0: occupancy (dense)
	channel 1: surfaceDist (dense)
	channel 2: layer_000 (sparse)
	channel 3: layer_001 (sparse)
	channel 4: layer_002 (sparse)
	channel 5: layer_003 (sparse)
	channel 6: layer_004 (sparse)
	channel 7: layer_005 (sparse)
	channel 8: layer_006 (sparse)
	channel 9: layer_007 (sparse)

VectorLayerHalftoner: VectorLayerHalftoner error: no tonal values available

VectorLayerHalftoner:  runs 16:10:42
slices [510, 572):
	channel 0: occupancy (dense)
	channel 1: surfaceDist (dense)
	channel 2: layer_000 (sparse)
	channel 3: layer_001 (sparse)
	channel 4: layer_002 (sparse)
	channel 5: layer_003 (sparse)
	channel 6: layer_004 (sparse)
	channel 7: layer_005 (sparse)
	channel 8: layer_006 (sparse)
	channel 9: layer_007 (sparse)
	channel 10: intermedTonal_0 (sparse)
	channel 11: intermedTonal_1 (sparse)
	channel 12: intermedTonal_2 (sparse)
	channel 13: intermedTonal_3 (sparse)
	channel 14: intermedTonal_4 (sparse)
	channel 15: intermedTonal_5 (sparse)
	channel 16: intermedTonal_6 (sparse)
	channel 17: intermedTonal_7 (sparse)
	channel 18: quantizedTonal (sparse)
	channel 19: errorDiffInfo2 (sparse)
	channel 20: distanceToEmpty (sparse)
	channel 21: errorDiffInfo3 (sparse)
	channel 22: errorDiffInfo4 (sparse)
	channel 23: errorDiffInfo5 (sparse)
	channel 24: errorDiffInfo6 (sparse)
	channel 25: errorDiffInfo7 (sparse)
	channel 26: errorDiffInfo8 (sparse)
	channel 27: errorDiffInfo9 (sparse)

SliceDebugger:  runs 16:10:49
slices [510, 560):
	channel 0: material (dense)
	channel 1: occupancy (dense)

MaterialUsageEstimator:  runs 16:10:50
slices [510, 560):
	channel 0: material (dense)
	channel 1: occupancy (dense)

PrintJobVoxelizer:  runs 16:10:51

PrintJobVoxelizer: setting up slices
PrintJobVoxelizer: rasterizing objects
PrintJobVoxelizer: creating rasterizer
PrintJobVoxelizer: rasterizing object 1
PrintJobVoxelizer: rasterizing object 2
Rasterizer::rasterize:
	26 trials
	total = 21.4573 s
	mean  = 0.825282 s
	var   = 0.185302 s^2, std = 0.430468 s
	min   = 0.195638 s
	max   = 2.29163 s


PrintJobVoxelizer: voxelizing objects
Object 1 ROI: [0 0 0] --> [946 303 50]
GWNSampleFloodVoxelizer: number of samples: 294
GWNSampleFloodVoxelizer: samples evaluated
GWNSampleFloodVoxelizer: adaptive threshold = 0.498039
GWNSampleFloodVoxelizer: flooding complete
Voxelization: solid angle evaluations per voxel: 0.534269

Object 2 ROI: [0 314 0] --> [946 617 50]
GWNSampleFloodVoxelizer: number of samples: 294
GWNSampleFloodVoxelizer: samples evaluated
GWNSampleFloodVoxelizer: adaptive threshold = 0.498039
GWNSampleFloodVoxelizer: flooding complete
Voxelization: solid angle evaluations per voxel: 1.0675

GWNSampleFloodVoxelizer::voxelize:
	26 trials
	total = 47.0006 s
	mean  = 1.80771 s
	var   = 0.146227 s^2, std = 0.382397 s
	min   = 1.30393 s
	max   = 2.58884 s

GWNSampleFloodVoxelizer::initIndicator:
	26 trials
	total = 5.5579 s
	mean  = 0.213765 s
	var   = 0.00281545 s^2, std = 0.0530608 s
	min   = 0.133094 s
	max   = 0.30872 s

GWNSampleFloodVoxelizer::selectSamples:
	26 trials
	total = 3.23411 s
	mean  = 0.124389 s
	var   = 0.00304372 s^2, std = 0.05517 s
	min   = 0.088564 s
	max   = 0.37877 s

GWNSampleFloodVoxelizer::evaluateSamples:
	26 trials
	total = 4.44236 s
	mean  = 0.17086 s
	var   = 0.00821902 s^2, std = 0.0906588 s
	min   = 0.050035 s
	max   = 0.375768 s

GWNSampleFloodVoxelizer::flood:
	26 trials
	total = 32.4889 s
	mean  = 1.24957 s
	var   = 0.0631028 s^2, std = 0.251203 s
	min   = 0.906646 s
	max   = 1.69521 s


PrintJobVoxelizer: finalizing surfaces
PrintJobVoxelizer: 3458098 surface voxels
PrintJobVoxelizer: getting output subset
PrintJobVoxelizer: updating slice indices
SliceDebugger:  runs 16:10:56
slices [599, 649):
	channel 0: occupancy (dense)
	channel 1: opticalFeature (sparse)

TonalValueCalculator:  runs 16:10:59
slices [599, 649):
	channel 0: occupancy (dense)
	channel 1: opticalFeature (sparse)

SurfaceDistanceOrderedTransfer:  runs 16:10:59
slices [573, 649):
	channel 0: occupancy (dense)
	channel 1: surfaceDist (dense)

SurfaceDistanceOrderedTransfer: 573 599 623
SliceDebugger:  runs 16:11:1
slices [573, 623):
	channel 0: occupancy (dense)
	channel 1: surfaceDist (dense)

LayerExtractor:  runs 16:11:5
slices [571, 623):
	channel 0: occupancy (dense)
	channel 1: surfaceDist (dense)
	channel 2: layer_000 (sparse)
	channel 3: layer_001 (sparse)
	channel 4: layer_002 (sparse)
	channel 5: layer_003 (sparse)
	channel 6: layer_004 (sparse)
	channel 7: layer_005 (sparse)
	channel 8: layer_006 (sparse)
	channel 9: layer_007 (sparse)

TonalLinearizer:  runs 16:11:7
slices [572, 622):
	channel 0: occupancy (dense)
	channel 1: surfaceDist (dense)
	channel 2: layer_000 (sparse)
	channel 3: layer_001 (sparse)
	channel 4: layer_002 (sparse)
	channel 5: layer_003 (sparse)
	channel 6: layer_004 (sparse)
	channel 7: layer_005 (sparse)
	channel 8: layer_006 (sparse)
	channel 9: layer_007 (sparse)

VectorLayerHalftoner: VectorLayerHalftoner error: no tonal values available

VectorLayerHalftoner:  runs 16:11:8
slices [560, 622):
	channel 0: occupancy (dense)
	channel 1: surfaceDist (dense)
	channel 2: layer_000 (sparse)
	channel 3: layer_001 (sparse)
	channel 4: layer_002 (sparse)
	channel 5: layer_003 (sparse)
	channel 6: layer_004 (sparse)
	channel 7: layer_005 (sparse)
	channel 8: layer_006 (sparse)
	channel 9: layer_007 (sparse)
	channel 10: intermedTonal_0 (sparse)
	channel 11: intermedTonal_1 (sparse)
	channel 12: intermedTonal_2 (sparse)
	channel 13: intermedTonal_3 (sparse)
	channel 14: intermedTonal_4 (sparse)
	channel 15: intermedTonal_5 (sparse)
	channel 16: intermedTonal_6 (sparse)
	channel 17: intermedTonal_7 (sparse)
	channel 18: quantizedTonal (sparse)
	channel 19: errorDiffInfo2 (sparse)
	channel 20: distanceToEmpty (sparse)
	channel 21: errorDiffInfo3 (sparse)
	channel 22: errorDiffInfo4 (sparse)
	channel 23: errorDiffInfo5 (sparse)
	channel 24: errorDiffInfo6 (sparse)
	channel 25: errorDiffInfo7 (sparse)
	channel 26: errorDiffInfo8 (sparse)
	channel 27: errorDiffInfo9 (sparse)

SliceDebugger:  runs 16:11:20
slices [560, 610):
	channel 0: material (dense)
	channel 1: occupancy (dense)

MaterialUsageEstimator:  runs 16:11:21
slices [560, 610):
	channel 0: material (dense)
	channel 1: occupancy (dense)

PrintJobVoxelizer:  runs 16:11:21

PrintJobVoxelizer: setting up slices
PrintJobVoxelizer: rasterizing objects
PrintJobVoxelizer: creating rasterizer
PrintJobVoxelizer: rasterizing object 1
PrintJobVoxelizer: rasterizing object 2
Rasterizer::rasterize:
	28 trials
	total = 22.7653 s
	mean  = 0.813045 s
	var   = 0.173595 s^2, std = 0.416647 s
	min   = 0.195638 s
	max   = 2.29163 s


PrintJobVoxelizer: voxelizing objects
Object 1 ROI: [0 0 0] --> [946 303 50]
GWNSampleFloodVoxelizer: number of samples: 248
GWNSampleFloodVoxelizer: samples evaluated
GWNSampleFloodVoxelizer: adaptive threshold = 0.498039
GWNSampleFloodVoxelizer: flooding complete
Voxelization: solid angle evaluations per voxel: 0.415449

Object 2 ROI: [0 314 0] --> [946 617 50]
GWNSampleFloodVoxelizer: number of samples: 245
GWNSampleFloodVoxelizer: samples evaluated
GWNSampleFloodVoxelizer: adaptive threshold = 0.498039
GWNSampleFloodVoxelizer: flooding complete
Voxelization: solid angle evaluations per voxel: 0.826595

GWNSampleFloodVoxelizer::voxelize:
	28 trials
	total = 50.4589 s
	mean  = 1.8021 s
	var   = 0.135853 s^2, std = 0.368582 s
	min   = 1.30393 s
	max   = 2.58884 s

GWNSampleFloodVoxelizer::initIndicator:
	28 trials
	total = 5.95878 s
	mean  = 0.212814 s
	var   = 0.00264395 s^2, std = 0.0514193 s
	min   = 0.133094 s
	max   = 0.30872 s

GWNSampleFloodVoxelizer::selectSamples:
	28 trials
	total = 3.4605 s
	mean  = 0.123589 s
	var   = 0.00282707 s^2, std = 0.0531702 s
	min   = 0.088564 s
	max   = 0.37877 s

GWNSampleFloodVoxelizer::evaluateSamples:
	28 trials
	total = 4.85766 s
	mean  = 0.173488 s
	var   = 0.00771681 s^2, std = 0.0878454 s
	min   = 0.050035 s
	max   = 0.375768 s

GWNSampleFloodVoxelizer::flood:
	28 trials
	total = 34.8231 s
	mean  = 1.24368 s
	var   = 0.0589077 s^2, std = 0.242709 s
	min   = 0.906646 s
	max   = 1.69521 s


PrintJobVoxelizer: finalizing surfaces
PrintJobVoxelizer: 3701946 surface voxels
PrintJobVoxelizer: getting output subset
PrintJobVoxelizer: updating slice indices
SliceDebugger:  runs 16:11:26
slices [649, 699):
	channel 0: occupancy (dense)
	channel 1: opticalFeature (sparse)

TonalValueCalculator:  runs 16:11:29
slices [649, 699):
	channel 0: occupancy (dense)
	channel 1: opticalFeature (sparse)

SurfaceDistanceOrderedTransfer:  runs 16:11:29
slices [623, 699):
	channel 0: occupancy (dense)
	channel 1: surfaceDist (dense)

SurfaceDistanceOrderedTransfer: 623 649 673
SliceDebugger:  runs 16:11:32
slices [623, 673):
	channel 0: occupancy (dense)
	channel 1: surfaceDist (dense)

LayerExtractor:  runs 16:11:38
slices [621, 673):
	channel 0: occupancy (dense)
	channel 1: surfaceDist (dense)
	channel 2: layer_000 (sparse)
	channel 3: layer_001 (sparse)
	channel 4: layer_002 (sparse)
	channel 5: layer_003 (sparse)
	channel 6: layer_004 (sparse)
	channel 7: layer_005 (sparse)
	channel 8: layer_006 (sparse)
	channel 9: layer_007 (sparse)

TonalLinearizer:  runs 16:11:40
slices [622, 672):
	channel 0: occupancy (dense)
	channel 1: surfaceDist (dense)
	channel 2: layer_000 (sparse)
	channel 3: layer_001 (sparse)
	channel 4: layer_002 (sparse)
	channel 5: layer_003 (sparse)
	channel 6: layer_004 (sparse)
	channel 7: layer_005 (sparse)
	channel 8: layer_006 (sparse)
	channel 9: layer_007 (sparse)

VectorLayerHalftoner: VectorLayerHalftoner error: no tonal values available

VectorLayerHalftoner:  runs 16:11:40
slices [610, 672):
	channel 0: occupancy (dense)
	channel 1: surfaceDist (dense)
	channel 2: layer_000 (sparse)
	channel 3: layer_001 (sparse)
	channel 4: layer_002 (sparse)
	channel 5: layer_003 (sparse)
	channel 6: layer_004 (sparse)
	channel 7: layer_005 (sparse)
	channel 8: layer_006 (sparse)
	channel 9: layer_007 (sparse)
	channel 10: intermedTonal_0 (sparse)
	channel 11: intermedTonal_1 (sparse)
	channel 12: intermedTonal_2 (sparse)
	channel 13: intermedTonal_3 (sparse)
	channel 14: intermedTonal_4 (sparse)
	channel 15: intermedTonal_5 (sparse)
	channel 16: intermedTonal_6 (sparse)
	channel 17: intermedTonal_7 (sparse)
	channel 18: quantizedTonal (sparse)
	channel 19: errorDiffInfo2 (sparse)
	channel 20: distanceToEmpty (sparse)
	channel 21: errorDiffInfo3 (sparse)
	channel 22: errorDiffInfo4 (sparse)
	channel 23: errorDiffInfo5 (sparse)
	channel 24: errorDiffInfo6 (sparse)
	channel 25: errorDiffInfo7 (sparse)
	channel 26: errorDiffInfo8 (sparse)
	channel 27: errorDiffInfo9 (sparse)

SliceDebugger:  runs 16:11:49
slices [610, 660):
	channel 0: material (dense)
	channel 1: occupancy (dense)

MaterialUsageEstimator:  runs 16:11:49
slices [610, 660):
	channel 0: material (dense)
	channel 1: occupancy (dense)

PrintJobVoxelizer:  runs 16:11:50

PrintJobVoxelizer: setting up slices
PrintJobVoxelizer: rasterizing objects
PrintJobVoxelizer: creating rasterizer
PrintJobVoxelizer: rasterizing object 1
PrintJobVoxelizer: rasterizing object 2
Rasterizer::rasterize:
	30 trials
	total = 23.4152 s
	mean  = 0.780508 s
	var   = 0.176956 s^2, std = 0.420662 s
	min   = 0.195638 s
	max   = 2.29163 s


PrintJobVoxelizer: voxelizing objects
Object 1 ROI: [0 0 0] --> [946 303 50]
GWNSampleFloodVoxelizer: number of samples: 123
GWNSampleFloodVoxelizer: samples evaluated
GWNSampleFloodVoxelizer: adaptive threshold = 0.498039
GWNSampleFloodVoxelizer: flooding complete
Voxelization: solid angle evaluations per voxel: 0.137961

Object 2 ROI: [0 314 0] --> [946 617 50]
GWNSampleFloodVoxelizer: number of samples: 124
GWNSampleFloodVoxelizer: samples evaluated
GWNSampleFloodVoxelizer: adaptive threshold = 0.498039
GWNSampleFloodVoxelizer: flooding complete
Voxelization: solid angle evaluations per voxel: 0.276387

GWNSampleFloodVoxelizer::voxelize:
	30 trials
	total = 55.8445 s
	mean  = 1.86148 s
	var   = 0.180717 s^2, std = 0.425109 s
	min   = 1.30393 s
	max   = 2.90707 s

GWNSampleFloodVoxelizer::initIndicator:
	30 trials
	total = 6.58305 s
	mean  = 0.219435 s
	var   = 0.00336282 s^2, std = 0.0579898 s
	min   = 0.133094 s
	max   = 0.374267 s

GWNSampleFloodVoxelizer::selectSamples:
	30 trials
	total = 3.82318 s
	mean  = 0.127439 s
	var   = 0.00306561 s^2, std = 0.055368 s
	min   = 0.088564 s
	max   = 0.37877 s

GWNSampleFloodVoxelizer::evaluateSamples:
	30 trials
	total = 5.09278 s
	mean  = 0.169759 s
	var   = 0.00759501 s^2, std = 0.0871494 s
	min   = 0.050035 s
	max   = 0.375768 s

GWNSampleFloodVoxelizer::flood:
	30 trials
	total = 38.084 s
	mean  = 1.26947 s
	var   = 0.0646485 s^2, std = 0.254261 s
	min   = 0.906646 s
	max   = 1.69521 s


PrintJobVoxelizer: finalizing surfaces
PrintJobVoxelizer: 3787663 surface voxels
PrintJobVoxelizer: getting output subset
PrintJobVoxelizer: updating slice indices
SliceDebugger:  runs 16:11:56
slices [699, 749):
	channel 0: occupancy (dense)
	channel 1: opticalFeature (sparse)

TonalValueCalculator:  runs 16:12:2
slices [699, 749):
	channel 0: occupancy (dense)
	channel 1: opticalFeature (sparse)

SurfaceDistanceOrderedTransfer:  runs 16:12:2
slices [673, 749):
	channel 0: occupancy (dense)
	channel 1: surfaceDist (dense)

SurfaceDistanceOrderedTransfer: 673 699 723
SliceDebugger:  runs 16:12:4
slices [673, 723):
	channel 0: occupancy (dense)
	channel 1: surfaceDist (dense)

LayerExtractor:  runs 16:12:7
slices [671, 723):
	channel 0: occupancy (dense)
	channel 1: surfaceDist (dense)
	channel 2: layer_000 (sparse)
	channel 3: layer_001 (sparse)
	channel 4: layer_002 (sparse)
	channel 5: layer_003 (sparse)
	channel 6: layer_004 (sparse)
	channel 7: layer_005 (sparse)
	channel 8: layer_006 (sparse)
	channel 9: layer_007 (sparse)

TonalLinearizer:  runs 16:12:7
slices [672, 722):
	channel 0: occupancy (dense)
	channel 1: surfaceDist (dense)
	channel 2: layer_000 (sparse)
	channel 3: layer_001 (sparse)
	channel 4: layer_002 (sparse)
	channel 5: layer_003 (sparse)
	channel 6: layer_004 (sparse)
	channel 7: layer_005 (sparse)
	channel 8: laTonalLinearizer:  runs 16:12:9
slices [572, 622):
	channel 0: occupancy (dense)
	channel 1: surfaceDist (dense)
	channel 2: layer_000 (sparse)
	channel 3: layer_001 (sparse)
	channel 4: layer_002 (sparse)
	channel 5: layer_003 (sparse)
	channel 6: layer_004 (sparse)
	channel 7: layer_005 (sparse)
	channel 8: layer_006 (sparse)
	channel 9: layer_007 (sparse)

VectorLayerHalftoner: VectorLayerHalftoner error: no tonal values available

VectorLayerHalftoner:  runs 16:12:10
slices [560, 622):
	channel 0: occupancy (dense)
	channel 1: surfaceDist (dense)
	channel 2: layer_000 (sparse)
	channel 3: layer_001 (sparse)
	channel 4: layer_002 (sparse)
	channel 5: layer_003 (sparse)
	channel 6: layer_004 (sparse)
	channel 7: layer_005 (sparse)
	channel 8: layer_006 (sparse)
	channel 9: layer_007 (sparse)
	channel 10: intermedTonal_0 (sparse)
	channel 11: intermedTonal_1 (sparse)
	channel 12: intermedTonal_2 (sparse)
	channel 13: intermedTonal_3 (sparse)
	channel 14: intermedTonal_4 (sparse)
	channel 15: intermedTonal_5 (sparse)
	channel 16: intermedTonal_6 (sparse)
	channel 17: intermedTonal_7 (sparse)
	channel 18: quantizedTonal (sparse)
	channel 19: errorDiffSliceDebugger:  runs 16:12:12
slices [660, 710):
	channel 0: material (dense)
	channel 1: occupancy (dense)

MaterialUsageEstimator:  runs 16:12:13
slices [660, 710):
	channel 0: material (dense)
	channel 1: occupancy (dense)

PrintJobVoxelizer:  runs 16:12:13

PrintJobVoxelizer: setting up slices
PrintJobVoxSliceDebugger:  runs 16:12:34
slices [560, 610):
	channel 0: material (dense)
	channel 1: occupancy (dense)

MaterialUsageEstimator:  runs 16:12:36
slices [560, 610):
	channel 0: material (dense)
	channel 1: occupancy (dense)

0.189654 s^2, std = 0.435493 s
	min   = 0.147088 s
	max   = 2.29163 s


PrintJobVoxelizer: voxelizing objects
Object 1 ROI: [0 0 0] --> [946 303 27]
GWNSampleFloodVoxelizer: number of samples: 113
GWNSampleFloodVoxelizer: samples evaluated
GWNSampleFloodVoxelizer: adaptive threshold = 0.498039
GWNSampleFloodVoxelizer: flooding complete
Voxelization: solid angle evaluations per voxel: 0.0998763

Object 2 ROI: [0 314 0] --> [946 617 27]
GWNSampleFloodVoxelizer: number of samples: 113
GWNSampleFloodVoxelizer: samples evaluated
GWNSampleFloodVoxelizer: adaptive threshold = 0.498039
GWNSampleFloodVoxelizer: flooding complete
Voxelization: solid angle evaluations per voxel: 0.199753

GWNSampleFloodVoxelizer::voxelize:
	32 trials
	total = 57.8247 s
	mean  = 1.80702 s
	var   = 0.214998 s^2, std = 0.463679 s
	min   = 0.975474 s
	max   = 2.90707 s

GWNSampleFloodVoxelizer::initIndicator:
	32 trials
	total = 6.81267 s
	mean  = 0.212896 s
	var   = 0.00381843 s^2, std = 0.0617934 s
	min   = 0.102073 s
	max   = 0.374267 s

GWNSampleFloodVoxelizer::selectSamples:
	32 trials
	total = 3.95873 s
	mean  = 0.12371 s
	var   = 0.00308493 s^2, std = 0.0555421 s
	min   = 0.062501 s
	max   = 0.37877 s

GWNSampleFloodVoxelizer::evaluateSamples:
	32 trials
	total = 5.15556 s
	mean  = 0.161111 s
	var   = 0.00826309 s^2, std = 0.0909016 s
	min   = 0.031251 s
	max   = 0.375768 s

GWNSampleFloodVoxelizer::flood:
	32 trials
	total = 39.5912 s
	mean  = 1.23723 s
	var   = 0.0766014 s^2, std = 0.27677 s
	min   = 0.732663 s
	max   = 1.69521 s


PrintJobVoxelizer: finalizing surfaces
PrintJobVoxelizer: 3799147 surface voxels
PrintJobVoxelizer: getting output subset
PrintJobVoxelizer: updating slice indices
SliceDebugger:  runs 16:12:16
slices [749, 777):
	channel 0: occupancy (dense)
	channel 1: opticalFeature (sparse)

TonalValueCalculator:  runs 16:12:17
slices [749, 777):
	channel 0: occupancy (dense)
	channel 1: opticalFeature (sparse)

SurfaceDistanceOrderedTransfer:  runs 16:12:17
slices [723, 777):
	channel 0: occupancy (dense)
	channel 1: surfaceDist (dense)

SurfaceDistanceOrderedTransfer: 723 749 777
SliceDebugger:  runs 16:12:20
slices [723, 777):
	channel 0: occupancy (dense)
	channel 1: surfaceDist (dense)

LayerExtractor:  runs 16:12:31
slices [721, 777):
	channel 0: occupancy (dense)
	channel 1: surfaceDist (dense)
	channel 2: layer_000 (sparse)
	channel 3: layer_001 (sparse)
	channel 4: layer_002 (sparse)
	channel 5: layer_003 (sparse)
	channel 6: layer_004 (sparse)
	channel 7: layer_005 (sparse)
	channel 8: layer_006 (sparse)
	channel 9: layer_007 (sparse)

TonalLinearizer:  runs 16:12:31
slices [722, 777):
	channel 0: occupancy (dense)
	channel 1: surfaceDist (dense)
	channel 2: layer_000 (sparse)
	channel 3: layer_001 (sparse)
	channel 4: layer_002 (sparse)
	channel 5: layer_003 (sparse)
	channel 6: layer_004 (sparse)
	channel 7: layer_005 (sparse)
	channel 8: layer_006 (sparse)
	channel 9: layer_007 (sparse)

VectorLayerHalftoner: VectorLayerHalftoner error: no tonal values available

VectorLayerHalftoner:  runs 16:12:31
slices [710, 777):
	channel 0: occupancy (dense)
	channel 1: surfaceDist (dense)
	channel 2: layer_000 (sparse)
	channel 3: layer_001 (sparse)
	channel 4: layer_002 (sparse)
	channel 5: layer_003 (sparse)
	channel 6: layer_004 (sparse)
	channel 7: layer_005 (sparse)
	channel 8: layer_006 (sparse)
	channel 9: layer_007 (sparse)
	channel 10: intermedTonal_0 (sparse)
	channel 11: intermedTonal_1 (sparse)
	channel 12: intermedTonal_2 (sparse)
	channel 13: intermedTonal_3 (sparse)
	channel 14: intermedTonal_4 (sparse)
	channel 15: intermedTonal_5 (sparse)
	channel 16: intermedTonal_6 (sparse)
	channel 17: intermedTonal_7 (sparse)
	channel 18: quantizedTonal (sparse)
	channel 19: errorDiffInfo2 (sparse)
	channel 20: distanceToEmpty (sparse)
	channel 21: errorDiffInfo3 (sparse)
	channel 22: errorDiffInfo4 (sparse)
	channel 23: errorDiffInfo5 (sparse)
	channel 24: errorDiffInfo6 (sparse)
	channel 25: errorDiffInfo7 (sparse)
	channel 26: errorDiffInfo8 (sparse)
	channel 27: errorDiffInfo9 (sparse)

SliceDebugger:  runs 16:12:34
slices [710, 777):
	channel 0: material (dense)
	channel 1: occupancy (dense)

MaterialUsageEstimator:  runs 16:12:35
slices [710, 777):
	channel 0: material (dense)
	channel 1: occupancy (dense)

MaterialUsageEstimator:  [QUIET WARNING] large change in non-empty count in slice 773: -130

MaterialUsageEstimator:  [QUIET WARNING] large change in non-empty count in slice 774: -115

MaterialUsageEstimator:  [QUIET WARNING] large change in non-empty count in slice 775: -121

MaterialUsageEstimator:  [QUIET WARNING] large change in non-empty count in slice 776: -98

MaterialUsageEstimator: print job uses:
	0.0949102ml of VeroCyan
	103.553ml of VeroWhite
	2.8481ml of VeroMagenta
	13.3358ml of VeroYellow
	0.146794ml of VeroBlack
	0ml of Support
print job uses:
154850405 voxels assigned a material (non-empty)

Computation finished 

Status: success
Total execution time in seconds 470.68

