SlavePrintingSoftware::startUp:
	1 trials
	total = 0.281212 s
	mean  = 0.281212 s
	var   = 0 s^2, std = 0 s
	min   = 0.281212 s
	max   = 0.281212 s

PrintingSoftware::execute:
	1 trials
	total = 226.952 s
	mean  = 226.952 s
	var   = 0 s^2, std = 0 s
	min   = 226.952 s
	max   = 226.952 s

SlavePrintingSoftware::communicateData:
	7 trials
	total = 0.031197 s
	mean  = 0.00445671 s
	var   = 0.000139036 s^2, std = 0.0117914 s
	min   = 0 s
	max   = 0.031197 s

SlavePJCollector::deserialize:
	3 trials
	total = 0.078126 s
	mean  = 0.026042 s
	var   = 0.000325417 s^2, std = 0.0180393 s
	min   = 0.015627 s
	max   = 0.046872 s

SlavePJCollector::Receive:
	11 trials
	total = 24.205 s
	mean  = 2.20046 s
	var   = 29.8221 s^2, std = 5.46096 s
	min   = 0 s
	max   = 18.392 s

PrintJobOrganizer::setInput:
	1 trials
	total = 0 s
	mean  = 0 s
	var   = 0 s^2, std = 0 s
	min   = 0 s
	max   = 0 s

PrintJobOrganizer::runInternal:
	1 trials
	total = 0.421916 s
	mean  = 0.421916 s
	var   = 0 s^2, std = 0 s
	min   = 0.421916 s
	max   = 0.421916 s

PrintJobPreprocessor::setInput:
	1 trials
	total = 0 s
	mean  = 0 s
	var   = 0 s^2, std = 0 s
	min   = 0 s
	max   = 0 s

PrintJobPreprocessor::runInternal:
	1 trials
	total = 1.78136 s
	mean  = 1.78136 s
	var   = 0 s^2, std = 0 s
	min   = 1.78136 s
	max   = 1.78136 s

PrintJobVoxelizer::setInput:
	16 trials
	total = 0 s
	mean  = 0 s
	var   = 0 s^2, std = 0 s
	min   = 0 s
	max   = 0 s

PrintJobVoxelizer::runInternal:
	16 trials
	total = 64.7067 s
	mean  = 4.04417 s
	var   = 0.392994 s^2, std = 0.626893 s
	min   = 2.01571 s
	max   = 4.82839 s

PrintJobVoxelizer::rasterizeObjects:
	16 trials
	total = 18.3762 s
	mean  = 1.14851 s
	var   = 0.1176 s^2, std = 0.342928 s
	min   = 0.343738 s
	max   = 1.57822 s

PrintJobVoxelizer::voxelizeObjects:
	16 trials
	total = 44.2838 s
	mean  = 2.76774 s
	var   = 0.115078 s^2, std = 0.339232 s
	min   = 1.60947 s
	max   = 3.12516 s

PrintJobVoxelizer::finalizeSurfaces:
	16 trials
	total = 0.687264 s
	mean  = 0.042954 s
	var   = 8.13221e-005 s^2, std = 0.00901788 s
	min   = 0.015625 s
	max   = 0.046879 s

TonalValueCalculator::setInput:
	16 trials
	total = 0 s
	mean  = 0 s
	var   = 0 s^2, std = 0 s
	min   = 0 s
	max   = 0 s

TonalValueCalculator::runInternal:
	16 trials
	total = 0.406022 s
	mean  = 0.0253764 s
	var   = 0.00012602 s^2, std = 0.0112259 s
	min   = 0 s
	max   = 0.031253 s

SurfaceDistanceOrderedTransfer::setInput:
	16 trials
	total = 0 s
	mean  = 0 s
	var   = 0 s^2, std = 0 s
	min   = 0 s
	max   = 0 s

SurfaceDistanceOrderedTransfer::runInternal:
	16 trials
	total = 27.0176 s
	mean  = 1.6886 s
	var   = 0.0636349 s^2, std = 0.25226 s
	min   = 0.812519 s
	max   = 1.92199 s

SurfaceDistanceOrderedTransfer::buildOrderedSurfaceData:
	16 trials
	total = 0.609473 s
	mean  = 0.0380921 s
	var   = 0.0028317 s^2, std = 0.0532137 s
	min   = 0 s
	max   = 0.234404 s

SurfaceDistanceOrderedTransfer::fillDistanceChannel:
	16 trials
	total = 2.03177 s
	mean  = 0.126986 s
	var   = 0.000354081 s^2, std = 0.0188171 s
	min   = 0.062523 s
	max   = 0.140672 s

SurfaceDistanceOrderedTransfer::transfer:
	16 trials
	total = 22.9073 s
	mean  = 1.4317 s
	var   = 0.0753 s^2, std = 0.274408 s
	min   = 0.468745 s
	max   = 1.67194 s

SurfaceDistanceOrderedTransfer::mergeDistances:
	32 trials
	total = 2.89106 s
	mean  = 0.0903457 s
	var   = 0.000247964 s^2, std = 0.0157469 s
	min   = 0.03125 s
	max   = 0.109414 s

SurfaceDistanceOrderedTransfer::applySqrt:
	16 trials
	total = 1.43786 s
	mean  = 0.089866 s
	var   = 0.000244318 s^2, std = 0.0156307 s
	min   = 0.031251 s
	max   = 0.09379 s

LayerExtractor::setInput:
	16 trials
	total = 0 s
	mean  = 0 s
	var   = 0 s^2, std = 0 s
	min   = 0 s
	max   = 0 s

LayerExtractor::runInternal:
	16 trials
	total = 11.4227 s
	mean  = 0.713917 s
	var   = 0.0666672 s^2, std = 0.2582 s
	min   = 0.125008 s
	max   = 0.984437 s

VectorLayerHalftoner::setInput:
	16 trials
	total = 0.015625 s
	mean  = 0.000976563 s
	var   = 1.52588e-005 s^2, std = 0.00390625 s
	min   = 0 s
	max   = 0.015625 s

VectorLayerHalftoner::runInternal:
	16 trials
	total = 85.9587 s
	mean  = 5.37242 s
	var   = 4.19905 s^2, std = 2.04916 s
	min   = 0.765706 s
	max   = 8.00052 s

VectorLayerHalftoner(0)::setupOutputContainerSlaveReporter::serializeSlice:
	777 trials
	total = 2.49995 s
	mean  = 0.00321744 s
	var   = 3.9971e-005 s^2, std = 0.00632226 s
	min   = 0 s
	max   = 0.015662 s

SlaveReporter::Send:
	2351 trials
	total = 2.9378 s
	mean  = 0.0012496 s
	var   = 1.81809e-005 s^2, std = 0.0042639 s
	min   = 0 s
	max   = 0.031249 s

SlaveReporter::CompressData:
	777 trials
	total = 4.85967 s
	mean  = 0.0062544 s
	var   = 5.86889e-005 s^2, std = 0.00766087 s
	min   = 0 s
	max   = 0.015661 s

