SlavePrintingSoftware::startUp:
	1 trials
	total = 0.26561 s
	mean  = 0.26561 s
	var   = 0 s^2, std = 0 s
	min   = 0.26561 s
	max   = 0.26561 s

PrintingSoftware::execute:
	1 trials
	total = 567.49 s
	mean  = 567.49 s
	var   = 0 s^2, std = 0 s
	min   = 567.49 s
	max   = 567.49 s

SlavePrintingSoftware::communicateData:
	7 trials
	total = 0.015655 s
	mean  = 0.00223643 s
	var   = 3.50113e-005 s^2, std = 0.00591703 s
	min   = 0 s
	max   = 0.015655 s

SlavePJCollector::deserialize:
	2 trials
	total = 0.062501 s
	mean  = 0.0312505 s
	var   = 5e-013 s^2, std = 7.07107e-007 s
	min   = 0.03125 s
	max   = 0.031251 s

SlavePJCollector::Receive:
	7 trials
	total = 25.3597 s
	mean  = 3.62281 s
	var   = 72.3032 s^2, std = 8.50313 s
	min   = 0 s
	max   = 22.8596 s

PrintJobOrganizer::setInput:
	1 trials
	total = 0 s
	mean  = 0 s
	var   = 0 s^2, std = 0 s
	min   = 0 s
	max   = 0 s

PrintJobOrganizer::runInternal:
	1 trials
	total = 0.390611 s
	mean  = 0.390611 s
	var   = 0 s^2, std = 0 s
	min   = 0.390611 s
	max   = 0.390611 s

PrintJobPreprocessor::setInput:
	1 trials
	total = 0 s
	mean  = 0 s
	var   = 0 s^2, std = 0 s
	min   = 0 s
	max   = 0 s

PrintJobPreprocessor::runInternal:
	1 trials
	total = 1.01565 s
	mean  = 1.01565 s
	var   = 0 s^2, std = 0 s
	min   = 1.01565 s
	max   = 1.01565 s

PrintJobVoxelizer::setInput:
	32 trials
	total = 0 s
	mean  = 0 s
	var   = 0 s^2, std = 0 s
	min   = 0 s
	max   = 0 s

PrintJobVoxelizer::runInternal:
	32 trials
	total = 146.615 s
	mean  = 4.58173 s
	var   = 0.646631 s^2, std = 0.804134 s
	min   = 0.49999 s
	max   = 5.13414 s

PrintJobVoxelizer::rasterizeObjects:
	32 trials
	total = 28.128 s
	mean  = 0.878999 s
	var   = 0.0703277 s^2, std = 0.265194 s
	min   = 0.250002 s
	max   = 1.14065 s

PrintJobVoxelizer::voxelizeObjects:
	32 trials
	total = 110.342 s
	mean  = 3.4482 s
	var   = 0.358414 s^2, std = 0.598677 s
	min   = 0.218752 s
	max   = 3.82163 s

PrintJobVoxelizer::finalizeSurfaces:
	32 trials
	total = 2.40751 s
	mean  = 0.0752346 s
	var   = 0.000176227 s^2, std = 0.0132751 s
	min   = 0.015625 s
	max   = 0.095026 s

TonalValueCalculator::setInput:
	32 trials
	total = 0 s
	mean  = 0 s
	var   = 0 s^2, std = 0 s
	min   = 0 s
	max   = 0 s

TonalValueCalculator::runInternal:
	32 trials
	total = 0.901128 s
	mean  = 0.0281602 s
	var   = 0.000131348 s^2, std = 0.0114607 s
	min   = 0 s
	max   = 0.046877 s

SurfaceDistanceOrderedTransfer::setInput:
	32 trials
	total = 0.001 s
	mean  = 3.125e-005 s
	var   = 3.125e-008 s^2, std = 0.000176777 s
	min   = 0 s
	max   = 0.001 s

SurfaceDistanceOrderedTransfer::runInternal:
	32 trials
	total = 51.094 s
	mean  = 1.59669 s
	var   = 0.0276723 s^2, std = 0.16635 s
	min   = 1.06812 s
	max   = 1.81966 s

SurfaceDistanceOrderedTransfer::buildOrderedSurfaceData:
	32 trials
	total = 1.2847 s
	mean  = 0.0401467 s
	var   = 0.00818852 s^2, std = 0.0904904 s
	min   = 0 s
	max   = 0.531269 s

SurfaceDistanceOrderedTransfer::fillDistanceChannel:
	32 trials
	total = 4.78424 s
	mean  = 0.149507 s
	var   = 0.000329647 s^2, std = 0.0181562 s
	min   = 0.062501 s
	max   = 0.17189 s

SurfaceDistanceOrderedTransfer::transfer:
	32 trials
	total = 43.4924 s
	mean  = 1.35914 s
	var   = 0.0392403 s^2, std = 0.198092 s
	min   = 0.515619 s
	max   = 1.56452 s

SurfaceDistanceOrderedTransfer::mergeDistances:
	32 trials
	total = 0 s
	mean  = 0 s
	var   = 0 s^2, std = 0 s
	min   = 0 s
	max   = 0 s

SurfaceDistanceOrderedTransfer::applySqrt:
	32 trials
	total = 1.52957 s
	mean  = 0.0477991 s
	var   = 0.00019941 s^2, std = 0.0141213 s
	min   = 0.015005 s
	max   = 0.080163 s

LayerExtractor::setInput:
	32 trials
	total = 0 s
	mean  = 0 s
	var   = 0 s^2, std = 0 s
	min   = 0 s
	max   = 0 s

LayerExtractor::runInternal:
	32 trials
	total = 37.3938 s
	mean  = 1.16856 s
	var   = 0.104268 s^2, std = 0.322905 s
	min   = 0.265646 s
	max   = 1.58742 s

VectorLayerHalftoner::setInput:
	32 trials
	total = 0.001162 s
	mean  = 3.63125e-005 s
	var   = 3.35396e-008 s^2, std = 0.000183138 s
	min   = 0 s
	max   = 0.001032 s

VectorLayerHalftoner::runInternal:
	32 trials
	total = 277.844 s
	mean  = 8.68263 s
	var   = 5.80853 s^2, std = 2.41009 s
	min   = 1.85232 s
	max   = 11.9225 s

VectorLayerHalftoner(0)::setupOutputContainerSlaveReporter::serializeSlice:
	1552 trials
	total = 14.8901 s
	mean  = 0.00959416 s
	var   = 7.53492e-005 s^2, std = 0.00868039 s
	min   = 0 s
	max   = 0.062501 s

SlaveReporter::Send:
	4692 trials
	total = 4.49382 s
	mean  = 0.000957761 s
	var   = 2.2293e-005 s^2, std = 0.00472154 s
	min   = 0 s
	max   = 0.062501 s

SlaveReporter::CompressData:
	1552 trials
	total = 21.896 s
	mean  = 0.0141082 s
	var   = 4.99883e-005 s^2, std = 0.00707024 s
	min   = 0 s
	max   = 0.034287 s

