Warning:json file inside profile could not be parsed 

GL version: 4.4.0

Warning: there is no json file embedded inside profile 

FileParserPJ: initializing
PrintJobOrganizer: initializing
MasterPJDistributor: initializing
MasterMerger: initializing
SliceDebugger: initializing
FileParserPJ:  runs 6:30:41

FileParserPJ: loading OBJ file

244921 vertices
489840 faces

FileParserPJ: 245383 texture coordinates

FileParserPJ: 245383 vertices after duplication

FileParserPJ: //filer-igd2.igd.fraunhofer.de/igd-3dt/shared/3DModels/Head/HeadMTL/Head_Level3.obj parsed: 245383 vertices and 489840 faces

FileParserPJ: loading jpg file

FileParserPJ: loading OBJ file

244921 vertices
489840 faces

FileParserPJ: 245383 texture coordinates

FileParserPJ: 245383 vertices after duplication

FileParserPJ: //filer-igd2.igd.fraunhofer.de/igd-3dt/shared/3DModels/Head/HeadMTL/Head_Level3.obj parsed: 245383 vertices and 489840 faces

FileParserPJ: loading jpg file

FileParserPJ: loading OBJ file

244921 vertices
489840 faces

FileParserPJ: 245383 texture coordinates

FileParserPJ: 245383 vertices after duplication

FileParserPJ: //filer-igd2.igd.fraunhofer.de/igd-3dt/shared/3DModels/Head/HeadMTL/Head_Level3.obj parsed: 245383 vertices and 489840 faces

FileParserPJ: loading jpg file

FileParserPJ: loading OBJ file

244921 vertices
489840 faces

FileParserPJ: 245383 texture coordinates

FileParserPJ: 245383 vertices after duplication

FileParserPJ: //filer-igd2.igd.fraunhofer.de/igd-3dt/shared/3DModels/Head/HeadMTL/Head_Level3.obj parsed: 245383 vertices and 489840 faces

FileParserPJ: loading jpg file

FileParserPJ: loading OBJ file

244921 vertices
489840 faces

FileParserPJ: 245383 texture coordinates

FileParserPJ: 245383 vertices after duplication

FileParserPJ: //filer-igd2.igd.fraunhofer.de/igd-3dt/shared/3DModels/Head/HeadMTL/Head_Level3.obj parsed: 245383 vertices and 489840 faces

FileParserPJ: loading jpg file

FileParserPJ: Input files parsed

PrintJobOrganizer:  runs 6:30:57

centering objects at origin
optimizing rotation for height
scaling objects
optimizing rotation for support use
PrintJobOrganizer: support cost         = 203.98
support cost flipped = 183.304

PrintJobOrganizer: support cost         = 203.98
support cost flipped = 183.304

PrintJobOrganizer: support cost         = 203.98
support cost flipped = 183.304

PrintJobOrganizer: support cost         = 203.98
support cost flipped = 183.304

PrintJobOrganizer: support cost         = 203.98
support cost flipped = 183.304

arranging objects in 2D
validating object placement
PrintJobOrganizer: print object 1 print-space bounding box: (0.00211667, 0.00423333, 0.00135106), (16.0021, 10.2397, 8.38734)
PrintJobOrganizer: print object 2 print-space bounding box: (0.00211667, 10.4397, 0.00135106), (16.0021, 20.6751, 8.38734)
PrintJobOrganizer: print object 3 print-space bounding box: (0.00211667, 20.8751, 0.00135106), (16.0021, 31.1106, 8.38734)
PrintJobOrganizer: print object 4 print-space bounding box: (16.2021, 0.00423333, 0.00135106), (32.2021, 10.2397, 8.38734)
PrintJobOrganizer: print object 5 print-space bounding box: (16.2021, 10.4397, 0.00135106), (32.2021, 20.6751, 8.38734)
saving transforms to file
MasterPJDistributor:  runs 6:30:58

MasterPJDistributor::runInternal
MasterMerger:  runs 6:31:11

MasterMerger::runInternal
MasterMerger: metadata for thread : 1

MasterMerger: received height : 1221

MasterMerger: received width : 1891

MasterMerger: received num of slices : 1552

MasterMerger: received chunk size : 10

MasterMerger: received path : 

MasterMerger: metadata for thread : 2

MasterMerger: received height : 605

MasterMerger: received width : 1891

MasterMerger: received num of slices : 1552

MasterMerger: received chunk size : 10

MasterMerger: received path : 

MasterMerger: metadata for thread : 3

MasterMerger: received height : 605

MasterMerger: received width : 1891

MasterMerger: received num of slices : 1552

MasterMerger: received chunk size : 10

MasterMerger: received path : 

MasterMerger: metadata for thread : 4

MasterMerger: received height : 605

MasterMerger: received width : 1891

MasterMerger: received num of slices : 1552

MasterMerger: received chunk size : 10

MasterMerger: received path : 

MasterMerger: Print Volume x:  5905.51

MasterMerger: Print Volume y:  2362.2

MasterMerger: Node id:  1

MasterMerger: Offset x : 0

MasterMerger: Offset y : 0

MasterMerger: Node id:  2

MasterMerger: Offset x : 0

MasterMerger: Offset y : 1232.81

MasterMerger: Node id:  3

MasterMerger: Offset x : 1914.62

MasterMerger: Offset y : 0

MasterMerger: Node id:  4

MasterMerger: Offset x : 1914.62

MasterMerger: Offset y : 1232.81

MasterMerger: Added height is:1221after adding height of slave 1

MasterMerger: Added height is:1826after adding height of slave 2

MasterMerger: Added height is:2431after adding height of slave 3

MasterMerger: Max height reached after adding slave 3 so first list index is 2

MasterMerger: Added height is:1210after adding height of slave 4

MasterMerger: m_fullSliceHt : 2362

MasterMerger: Sum of heights has crossed the print bed height

MasterMerger: Start Index0

MasterMerger: End Index2

MasterMerger: Maximum Current Width is0

MasterMerger: Maximum Current Width is1891

MasterMerger: Total current width1891

MasterMerger: Start Index2

MasterMerger: End Index4

MasterMerger: Maximum Current Width is0

MasterMerger: Maximum Current Width is1891

MasterMerger: Total current width3782

MasterMerger: m_fullSliceWidth : 3830

MasterMerger: m_numSlices : 1552

MasterMerger: m_chunkSize : 10

SliceDebugger:  runs 6:31:27
slices [0, 10):
	channel 0: material (dense)

MasterMerger:  runs 6:31:29

SliceDebugger:  runs 6:31:57
slices [10, 20):
	channel 0: material (dense)

MasterMerger:  runs 6:31:58

SliceDebugger:  runs 6:32:25
slices [20, 30):
	channel 0: material (dense)

MasterMerger:  runs 6:32:26

SliceDebugger:  runs 6:32:59
slices [30, 40):
	channel 0: material (dense)

MasterMerger:  runs 6:33:1

SliceDebugger:  runs 6:33:42
slices [40, 50):
	channel 0: material (dense)

MasterMerger:  runs 6:33:43

SliceDebugger:  runs 6:34:30
slices [50, 60):
	channel 0: material (dense)

MasterMerger:  runs 6:34:32

SliceDebugger:  runs 6:35:19
slices [60, 70):
	channel 0: material (dense)

MasterMerger:  runs 6:35:20

SliceDebugger:  runs 6:36:8
slices [70, 80):
	channel 0: material (dense)

MasterMerger:  runs 6:36:9

SliceDebugger:  runs 6:36:57
slices [80, 90):
	channel 0: material (dense)

MasterMerger:  runs 6:36:58

SliceDebugger:  runs 6:37:47
slices [90, 100):
	channel 0: material (dense)

MasterMerger:  runs 6:37:48

SliceDebugger:  runs 6:38:38
slices [100, 110):
	channel 0: material (dense)

MasterMerger:  runs 6:38:40

SliceDebugger:  runs 6:39:29
slices [110, 120):
	channel 0: material (dense)

MasterMerger:  runs 6:39:30

SliceDebugger:  runs 6:40:21
slices [120, 130):
	channel 0: material (dense)

MasterMerger:  runs 6:40:23

SliceDebugger:  runs 6:41:16
slices [130, 140):
	channel 0: material (dense)

MasterMerger:  runs 6:41:17

SliceDebugger:  runs 6:42:11
slices [140, 150):
	channel 0: material (dense)

MasterMerger:  runs 6:42:12

SliceDebugger:  runs 6:43:8
slices [150, 160):
	channel 0: material (dense)

MasterMerger:  runs 6:43:10

SliceDebugger:  runs 6:44:6
slices [160, 170):
	channel 0: material (dense)

MasterMerger:  runs 6:44:7

SliceDebugger:  runs 6:45:0
slices [170, 180):
	channel 0: material (dense)

MasterMerger:  runs 6:45:1

SliceDebugger:  runs 6:45:51
slices [180, 190):
	channel 0: material (dense)

MasterMerger:  runs 6:45:52

SliceDebugger:  runs 6:46:39
slices [190, 200):
	channel 0: material (dense)

MasterMerger:  runs 6:46:41

SliceDebugger:  runs 6:47:28
slices [200, 210):
	channel 0: material (dense)

MasterMerger:  runs 6:47:29

SliceDebugger:  runs 6:48:16
slices [210, 220):
	channel 0: material (dense)

MasterMerger:  runs 6:48:18

SliceDebugger:  runs 6:49:5
slices [220, 230):
	channel 0: material (dense)

MasterMerger:  runs 6:49:7

SliceDebugger:  runs 6:49:55
slices [230, 240):
	channel 0: material (dense)

MasterMerger:  runs 6:49:57

SliceDebugger:  runs 6:50:45
slices [240, 250):
	channel 0: material (dense)

MasterMerger:  runs 6:50:47

SliceDebugger:  runs 6:51:37
slices [250, 260):
	channel 0: material (dense)

MasterMerger:  runs 6:51:39

SliceDebugger:  runs 6:52:27
slices [260, 270):
	channel 0: material (dense)

MasterMerger:  runs 6:52:29

SliceDebugger:  runs 6:53:12
slices [270, 280):
	channel 0: material (dense)

MasterMerger:  runs 6:53:14

SliceDebugger:  runs 6:53:48
slices [280, 290):
	channel 0: material (dense)

MasterMerger:  runs 6:53:49

SliceDebugger:  runs 6:54:18
slices [290, 300):
	channel 0: material (dense)

MasterMerger:  runs 6:54:20

SliceDebugger:  runs 6:54:50
slices [300, 310):
	channel 0: material (dense)

MasterMerger:  runs 6:54:51

SliceDebugger:  runs 6:55:1
slices [310, 320):
	channel 0: material (dense)

MasterMerger:  runs 6:55:2

SliceDebugger:  runs 6:55:3
slices [320, 330):
	channel 0: material (dense)

MasterMerger:  runs 6:55:5

SliceDebugger:  runs 6:55:6
slices [330, 340):
	channel 0: material (dense)

MasterMerger:  runs 6:55:7

SliceDebugger:  runs 6:55:16
slices [340, 350):
	channel 0: material (dense)

MasterMerger:  runs 6:55:17

SliceDebugger:  runs 6:55:23
slices [350, 360):
	channel 0: material (dense)

MasterMerger:  runs 6:55:24

SliceDebugger:  runs 6:55:33
slices [360, 370):
	channel 0: material (dense)

MasterMerger:  runs 6:55:35

SliceDebugger:  runs 6:55:36
slices [370, 380):
	channel 0: material (dense)

MasterMerger:  runs 6:55:37

SliceDebugger:  runs 6:55:47
slices [380, 390):
	channel 0: material (dense)

MasterMerger:  runs 6:55:49

SliceDebugger:  runs 6:55:50
slices [390, 400):
	channel 0: material (dense)

MasterMerger:  runs 6:55:51

SliceDebugger:  runs 6:55:56
slices [400, 410):
	channel 0: material (dense)

MasterMerger:  runs 6:55:57

SliceDebugger:  runs 6:56:8
slices [410, 420):
	channel 0: material (dense)

MasterMerger:  runs 6:56:10

SliceDebugger:  runs 6:56:12
slices [420, 430):
	channel 0: material (dense)

MasterMerger:  runs 6:56:13

SliceDebugger:  runs 6:56:32
slices [430, 440):
	channel 0: material (dense)

MasterMerger:  runs 6:56:34

SliceDebugger:  runs 6:56:35
slices [440, 450):
	channel 0: material (dense)

MasterMerger:  runs 6:56:36

SliceDebugger:  runs 6:56:43
slices [450, 460):
	channel 0: material (dense)

MasterMerger:  runs 6:56:44

SliceDebugger:  runs 6:56:49
slices [460, 470):
	channel 0: material (dense)

MasterMerger:  runs 6:56:50

SliceDebugger:  runs 6:57:6
slices [470, 480):
	channel 0: material (dense)

MasterMerger:  runs 6:57:8

SliceDebugger:  runs 6:57:9
slices [480, 490):
	channel 0: material (dense)

MasterMerger:  runs 6:57:10

SliceDebugger:  runs 6:57:18
slices [490, 500):
	channel 0: material (dense)

MasterMerger:  runs 6:57:19

SliceDebugger:  runs 6:57:25
slices [500, 510):
	channel 0: material (dense)

MasterMerger:  runs 6:57:27

SliceDebugger:  runs 6:57:32
slices [510, 520):
	channel 0: material (dense)

MasterMerger:  runs 6:57:33

SliceDebugger:  runs 6:57:45
slices [520, 530):
	channel 0: material (dense)

MasterMerger:  runs 6:57:46

SliceDebugger:  runs 6:57:50
slices [530, 540):
	channel 0: material (dense)

MasterMerger:  runs 6:57:51

SliceDebugger:  runs 6:57:52
slices [540, 550):
	channel 0: material (dense)

MasterMerger:  runs 6:57:54

SliceDebugger:  runs 6:58:12
slices [550, 560):
	channel 0: material (dense)

MasterMerger:  runs 6:58:14

SliceDebugger:  runs 6:58:14
slices [560, 570):
	channel 0: material (dense)

MasterMerger:  runs 6:58:16

SliceDebugger:  runs 6:58:22
slices [570, 580):
	channel 0: material (dense)

MasterMerger:  runs 6:58:23

SliceDebugger:  runs 6:58:34
slices [580, 590):
	channel 0: material (dense)

MasterMerger:  runs 6:58:35

SliceDebugger:  runs 6:58:36
slices [590, 600):
	channel 0: material (dense)

MasterMerger:  runs 6:58:37

SliceDebugger:  runs 6:58:51
slices [600, 610):
	channel 0: material (dense)

MasterMerger:  runs 6:58:52

SliceDebugger:  runs 6:58:56
slices [610, 620):
	channel 0: material (dense)

MasterMerger:  runs 6:58:57

SliceDebugger:  runs 6:59:0
slices [620, 630):
	channel 0: material (dense)

MasterMerger:  runs 6:59:2

SliceDebugger:  runs 6:59:18
slices [630, 640):
	channel 0: material (dense)

MasterMerger:  runs 6:59:20

SliceDebugger:  runs 6:59:21
slices [640, 650):
	channel 0: material (dense)

MasterMerger:  runs 6:59:22

SliceDebugger:  runs 6:59:31
slices [650, 660):
	channel 0: material (dense)

MasterMerger:  runs 6:59:33

SliceDebugger:  runs 6:59:35
slices [660, 670):
	channel 0: material (dense)

MasterMerger:  runs 6:59:37

SliceDebugger:  runs 6:59:41
slices [670, 680):
	channel 0: material (dense)

MasterMerger:  runs 6:59:42

SliceDebugger:  runs 6:59:50
slices [680, 690):
	channel 0: material (dense)

MasterMerger:  runs 6:59:52

SliceDebugger:  runs 6:59:57
slices [690, 700):
	channel 0: material (dense)

MasterMerger:  runs 6:59:58

SliceDebugger:  runs 7:0:12
slices [700, 710):
	channel 0: material (dense)

MasterMerger:  runs 7:0:13

SliceDebugger:  runs 7:0:14
slices [710, 720):
	channel 0: material (dense)

MasterMerger:  runs 7:0:15

SliceDebugger:  runs 7:0:29
slices [720, 730):
	channel 0: material (dense)

MasterMerger:  runs 7:0:30

SliceDebugger:  runs 7:0:31
slices [730, 740):
	channel 0: material (dense)

MasterMerger:  runs 7:0:33

SliceDebugger:  runs 7:0:36
slices [740, 750):
	channel 0: material (dense)

MasterMerger:  runs 7:0:37

SliceDebugger:  runs 7:0:46
slices [750, 760):
	channel 0: material (dense)

MasterMerger:  runs 7:0:47

SliceDebugger:  runs 7:0:56
slices [760, 770):
	channel 0: material (dense)

MasterMerger:  runs 7:0:57

SliceDebugger:  runs 7:0:59
slices [770, 780):
	channel 0: material (dense)

MasterMerger:  runs 7:1:0

SliceDebugger:  runs 7:1:7
slices [780, 790):
	channel 0: material (dense)

MasterMerger:  runs 7:1:8

SliceDebugger:  runs 7:1:13
slices [790, 800):
	channel 0: material (dense)

MasterMerger:  runs 7:1:14

SliceDebugger:  runs 7:1:16
slices [800, 810):
	channel 0: material (dense)

MasterMerger:  runs 7:1:18

SliceDebugger:  runs 7:1:26
slices [810, 820):
	channel 0: material (dense)

MasterMerger:  runs 7:1:27

SliceDebugger:  runs 7:1:30
slices [820, 830):
	channel 0: material (dense)

MasterMerger:  runs 7:1:31

SliceDebugger:  runs 7:1:41
slices [830, 840):
	channel 0: material (dense)

MasterMerger:  runs 7:1:43

SliceDebugger:  runs 7:1:44
slices [840, 850):
	channel 0: material (dense)

MasterMerger:  runs 7:1:45

SliceDebugger:  runs 7:1:53
slices [850, 860):
	channel 0: material (dense)

MasterMerger:  runs 7:1:55

SliceDebugger:  runs 7:2:1
slices [860, 870):
	channel 0: material (dense)

MasterMerger:  runs 7:2:2

SliceDebugger:  runs 7:2:5
slices [870, 880):
	channel 0: material (dense)

MasterMerger:  runs 7:2:6

SliceDebugger:  runs 7:2:13
slices [880, 890):
	channel 0: material (dense)

MasterMerger:  runs 7:2:14

SliceDebugger:  runs 7:2:16
slices [890, 900):
	channel 0: material (dense)

MasterMerger:  runs 7:2:17

SliceDebugger:  runs 7:2:26
slices [900, 910):
	channel 0: material (dense)

MasterMerger:  runs 7:2:27

SliceDebugger:  runs 7:2:29
slices [910, 920):
	channel 0: material (dense)

MasterMerger:  runs 7:2:30

SliceDebugger:  runs 7:2:32
slices [920, 930):
	channel 0: material (dense)

MasterMerger:  runs 7:2:34

SliceDebugger:  runs 7:2:38
slices [930, 940):
	channel 0: material (dense)

MasterMerger:  runs 7:2:40

SliceDebugger:  runs 7:2:43
slices [940, 950):
	channel 0: material (dense)

MasterMerger:  runs 7:2:44

SliceDebugger:  runs 7:2:50
slices [950, 960):
	channel 0: material (dense)

MasterMerger:  runs 7:2:52

SliceDebugger:  runs 7:2:54
slices [960, 970):
	channel 0: material (dense)

MasterMerger:  runs 7:2:56

SliceDebugger:  runs 7:2:57
slices [970, 980):
	channel 0: material (dense)

MasterMerger:  runs 7:2:58

SliceDebugger:  runs 7:3:3
slices [980, 990):
	channel 0: material (dense)

MasterMerger:  runs 7:3:5

SliceDebugger:  runs 7:3:7
slices [990, 1000):
	channel 0: material (dense)

MasterMerger:  runs 7:3:8

SliceDebugger:  runs 7:3:11
slices [1000, 1010):
	channel 0: material (dense)

MasterMerger:  runs 7:3:12

SliceDebugger:  runs 7:3:16
slices [1010, 1020):
	channel 0: material (dense)

MasterMerger:  runs 7:3:18

SliceDebugger:  runs 7:3:19
slices [1020, 1030):
	channel 0: material (dense)

MasterMerger:  runs 7:3:20

SliceDebugger:  runs 7:3:23
slices [1030, 1040):
	channel 0: material (dense)

MasterMerger:  runs 7:3:25

SliceDebugger:  runs 7:3:26
slices [1040, 1050):
	channel 0: material (dense)

MasterMerger:  runs 7:3:27

SliceDebugger:  runs 7:3:29
slices [1050, 1060):
	channel 0: material (dense)

MasterMerger:  runs 7:3:30

SliceDebugger:  runs 7:3:32
slices [1060, 1070):
	channel 0: material (dense)

MasterMerger:  runs 7:3:34

SliceDebugger:  runs 7:3:35
slices [1070, 1080):
	channel 0: material (dense)

MasterMerger:  runs 7:3:37

SliceDebugger:  runs 7:3:37
slices [1080, 1090):
	channel 0: material (dense)

MasterMerger:  runs 7:3:39

SliceDebugger:  runs 7:3:40
slices [1090, 1100):
	channel 0: material (dense)

MasterMerger:  runs 7:3:41

SliceDebugger:  runs 7:3:42
slices [1100, 1110):
	channel 0: material (dense)

MasterMerger:  runs 7:3:44

SliceDebugger:  runs 7:3:45
slices [1110, 1120):
	channel 0: material (dense)

MasterMerger:  runs 7:3:46

SliceDebugger:  runs 7:3:47
slices [1120, 1130):
	channel 0: material (dense)

MasterMerger:  runs 7:3:49

SliceDebugger:  runs 7:3:50
slices [1130, 1140):
	channel 0: material (dense)

MasterMerger:  runs 7:3:51

SliceDebugger:  runs 7:3:52
slices [1140, 1150):
	channel 0: material (dense)

MasterMerger:  runs 7:3:53

SliceDebugger:  runs 7:3:54
slices [1150, 1160):
	channel 0: material (dense)

MasterMerger:  runs 7:3:56

SliceDebugger:  runs 7:3:57
slices [1160, 1170):
	channel 0: material (dense)

MasterMerger:  runs 7:3:58

SliceDebugger:  runs 7:3:59
slices [1170, 1180):
	channel 0: material (dense)

MasterMerger:  runs 7:4:1

SliceDebugger:  runs 7:4:1
slices [1180, 1190):
	channel 0: material (dense)

MasterMerger:  runs 7:4:3

SliceDebugger:  runs 7:4:4
slices [1190, 1200):
	channel 0: material (dense)

MasterMerger:  runs 7:4:5

SliceDebugger:  runs 7:4:6
slices [1200, 1210):
	channel 0: material (dense)

MasterMerger:  runs 7:4:7

SliceDebugger:  runs 7:4:8
slices [1210, 1220):
	channel 0: material (dense)

MasterMerger:  runs 7:4:10

SliceDebugger:  runs 7:4:11
slices [1220, 1230):
	channel 0: material (dense)

MasterMerger:  runs 7:4:12

SliceDebugger:  runs 7:4:13
slices [1230, 1240):
	channel 0: material (dense)

MasterMerger:  runs 7:4:14

SliceDebugger:  runs 7:4:15
slices [1240, 1250):
	channel 0: material (dense)

MasterMerger:  runs 7:4:16

SliceDebugger:  runs 7:4:17
slices [1250, 1260):
	channel 0: material (dense)

MasterMerger:  runs 7:4:19

SliceDebugger:  runs 7:4:19
slices [1260, 1270):
	channel 0: material (dense)

MasterMerger:  runs 7:4:21

SliceDebugger:  runs 7:4:22
slices [1270, 1280):
	channel 0: material (dense)

MasterMerger:  runs 7:4:23

SliceDebugger:  runs 7:4:24
slices [1280, 1290):
	channel 0: material (dense)

MasterMerger:  runs 7:4:25

SliceDebugger:  runs 7:4:26
slices [1290, 1300):
	channel 0: material (dense)

MasterMerger:  runs 7:4:28

SliceDebugger:  runs 7:4:28
slices [1300, 1310):
	channel 0: material (dense)

MasterMerger:  runs 7:4:30

SliceDebugger:  runs 7:4:31
slices [1310, 1320):
	channel 0: material (dense)

MasterMerger:  runs 7:4:32

SliceDebugger:  runs 7:4:33
slices [1320, 1330):
	channel 0: material (dense)

MasterMerger:  runs 7:4:34

SliceDebugger:  runs 7:4:35
slices [1330, 1340):
	channel 0: material (dense)

MasterMerger:  runs 7:4:36

SliceDebugger:  runs 7:4:37
slices [1340, 1350):
	channel 0: material (dense)

MasterMerger:  runs 7:4:38

SliceDebugger:  runs 7:4:39
slices [1350, 1360):
	channel 0: material (dense)

MasterMerger:  runs 7:4:40

SliceDebugger:  runs 7:4:41
slices [1360, 1370):
	channel 0: material (dense)

MasterMerger:  runs 7:4:42

SliceDebugger:  runs 7:4:43
slices [1370, 1380):
	channel 0: material (dense)

MasterMerger:  runs 7:4:45

SliceDebugger:  runs 7:4:45
slices [1380, 1390):
	channel 0: material (dense)

MasterMerger:  runs 7:4:47

SliceDebugger:  runs 7:4:47
slices [1390, 1400):
	channel 0: material (dense)

MasterMerger:  runs 7:4:49

SliceDebugger:  runs 7:4:49
slices [1400, 1410):
	channel 0: material (dense)

MasterMerger:  runs 7:4:51

SliceDebugger:  runs 7:4:51
slices [1410, 1420):
	channel 0: material (dense)

MasterMerger:  runs 7:4:53

SliceDebugger:  runs 7:4:53
slices [1420, 1430):
	channel 0: material (dense)

MasterMerger:  runs 7:4:55

SliceDebugger:  runs 7:4:55
slices [1430, 1440):
	channel 0: material (dense)

MasterMerger:  runs 7:4:57

SliceDebugger:  runs 7:4:57
slices [1440, 1450):
	channel 0: material (dense)

MasterMerger:  runs 7:4:58

SliceDebugger:  runs 7:4:59
slices [1450, 1460):
	channel 0: material (dense)

MasterMerger:  runs 7:5:0

SliceDebugger:  runs 7:5:1
slices [1460, 1470):
	channel 0: material (dense)

MasterMerger:  runs 7:5:2

SliceDebugger:  runs 7:5:2
slices [1470, 1480):
	channel 0: material (dense)

MasterMerger:  runs 7:5:4

SliceDebugger:  runs 7:5:4
slices [1480, 1490):
	channel 0: material (dense)

MasterMerger:  runs 7:5:6

SliceDebugger:  runs 7:5:6
slices [1490, 1500):
	channel 0: material (dense)

MasterMerger:  runs 7:5:7

SliceDebugger:  runs 7:5:8
slices [1500, 1510):
	channel 0: material (dense)

MasterMerger:  runs 7:5:9

SliceDebugger:  runs 7:5:9
slices [1510, 1520):
	channel 0: material (dense)

MasterMerger:  runs 7:5:11

SliceDebugger:  runs 7:5:11
slices [1520, 1530):
	channel 0: material (dense)

MasterMerger:  runs 7:5:13

SliceDebugger:  runs 7:5:13
slices [1530, 1540):
	channel 0: material (dense)

MasterMerger:  runs 7:5:14

SliceDebugger:  runs 7:5:14
slices [1540, 1550):
	channel 0: material (dense)

MasterMerger:  runs 7:5:16

SliceDebugger:  runs 7:5:16
slices [1550, 1552):
	channel 0: material (dense)

Computation finished 

Status: success
PrintingSoftware::execute:
	1 trials
	total = 2075.65 s
	mean  = 2075.65 s
	var   = 0 s^2, std = 0 s
	min   = 2075.65 s
	max   = 2075.65 s

MasterPrintingSoftware::startUp:
	1 trials
	total = 0.249999 s
	mean  = 0.249999 s
	var   = 0 s^2, std = 0 s
	min   = 0.249999 s
	max   = 0.249999 s

MasterPrintingSoftware::Send:
	28 trials
	total = 0.031239 s
	mean  = 0.00111568 s
	var   = 1.67809e-005 s^2, std = 0.00409645 s
	min   = 0 s
	max   = 0.015626 s

FileParserPJ::setInput:
	1 trials
	total = 0 s
	mean  = 0 s
	var   = 0 s^2, std = 0 s
	min   = 0 s
	max   = 0 s

FileParserPJ::runInternal:
	1 trials
	total = 16.344 s
	mean  = 16.344 s
	var   = 0 s^2, std = 0 s
	min   = 16.344 s
	max   = 16.344 s

PrintJobOrganizer::setInput:
	1 trials
	total = 0 s
	mean  = 0 s
	var   = 0 s^2, std = 0 s
	min   = 0 s
	max   = 0 s

PrintJobOrganizer::runInternal:
	1 trials
	total = 1.03126 s
	mean  = 1.03126 s
	var   = 0 s^2, std = 0 s
	min   = 1.03126 s
	max   = 1.03126 s

MasterPJDistributor::serializeImgData:
	5 trials
	total = 0.406209 s
	mean  = 0.0812418 s
	var   = 4.87672e-005 s^2, std = 0.00698335 s
	min   = 0.078109 s
	max   = 0.093734 s

MasterPJDistributor::serializePJ:
	4 trials
	total = 0.468767 s
	mean  = 0.117192 s
	var   = 0.00219706 s^2, std = 0.0468728 s
	min   = 0.09375 s
	max   = 0.187501 s

MasterPJDistributor::Send:
	32 trials
	total = 11.1719 s
	mean  = 0.349121 s
	var   = 0.266334 s^2, std = 0.516075 s
	min   = 0 s
	max   = 2.01564 s


PrintingSoftware::execute:
	1 trials
	total = 2075.65 s
	mean  = 2075.65 s
	var   = 0 s^2, std = 0 s
	min   = 2075.65 s
	max   = 2075.65 s

MasterPrintingSoftware::startUp:
	1 trials
	total = 0.249999 s
	mean  = 0.249999 s
	var   = 0 s^2, std = 0 s
	min   = 0.249999 s
	max   = 0.249999 s

MasterPrintingSoftware::Send:
	28 trials
	total = 0.031239 s
	mean  = 0.00111568 s
	var   = 1.67809e-005 s^2, std = 0.00409645 s
	min   = 0 s
	max   = 0.015626 s

FileParserPJ::setInput:
	1 trials
	total = 0 s
	mean  = 0 s
	var   = 0 s^2, std = 0 s
	min   = 0 s
	max   = 0 s

FileParserPJ::runInternal:
	1 trials
	total = 16.344 s
	mean  = 16.344 s
	var   = 0 s^2, std = 0 s
	min   = 16.344 s
	max   = 16.344 s

PrintJobOrganizer::setInput:
	1 trials
	total = 0 s
	mean  = 0 s
	var   = 0 s^2, std = 0 s
	min   = 0 s
	max   = 0 s

PrintJobOrganizer::runInternal:
	1 trials
	total = 1.03126 s
	mean  = 1.03126 s
	var   = 0 s^2, std = 0 s
	min   = 1.03126 s
	max   = 1.03126 s

MasterPJDistributor::serializeImgData:
	5 trials
	total = 0.406209 s
	mean  = 0.0812418 s
	var   = 4.87672e-005 s^2, std = 0.00698335 s
	min   = 0.078109 s
	max   = 0.093734 s

MasterPJDistributor::serializePJ:
	4 trials
	total = 0.468767 s
	mean  = 0.117192 s
	var   = 0.00219706 s^2, std = 0.0468728 s
	min   = 0.09375 s
	max   = 0.187501 s

MasterPJDistributor::Send:
	32 trials
	total = 11.1719 s
	mean  = 0.349121 s
	var   = 0.266334 s^2, std = 0.516075 s
	min   = 0 s
	max   = 2.01564 s

 !¨H
Master Node  0 :Total execution time in seconds 2076

