Warning:json file inside profile could not be parsed 

GL version: 4.4.0

Warning: there is no json file embedded inside profile 

FileParserPJ: initializing
PrintJobOrganizer: initializing
MasterPJDistributor: initializing
MasterMerger: initializing
SliceDebugger: initializing
FileParserPJ:  runs 16:4:16

FileParserPJ: loading OBJ file

244921 vertices
489840 faces

FileParserPJ: 245383 texture coordinates

FileParserPJ: 245383 vertices after duplication

FileParserPJ: //filer-igd2.igd.fraunhofer.de/igd-3dt/shared/3DModels/Head/HeadMTL/Head_Level3.obj parsed: 245383 vertices and 489840 faces

FileParserPJ: loading jpg file

FileParserPJ: loading OBJ file

244921 vertices
489840 faces

FileParserPJ: 245383 texture coordinates

FileParserPJ: 245383 vertices after duplication

FileParserPJ: //filer-igd2.igd.fraunhofer.de/igd-3dt/shared/3DModels/Head/HeadMTL/Head_Level3.obj parsed: 245383 vertices and 489840 faces

FileParserPJ: loading jpg file

FileParserPJ: loading OBJ file

244921 vertices
489840 faces

FileParserPJ: 245383 texture coordinates

FileParserPJ: 245383 vertices after duplication

FileParserPJ: //filer-igd2.igd.fraunhofer.de/igd-3dt/shared/3DModels/Head/HeadMTL/Head_Level3.obj parsed: 245383 vertices and 489840 faces

FileParserPJ: loading jpg file

FileParserPJ: loading OBJ file

244921 vertices
489840 faces

FileParserPJ: 245383 texture coordinates

FileParserPJ: 245383 vertices after duplication

FileParserPJ: //filer-igd2.igd.fraunhofer.de/igd-3dt/shared/3DModels/Head/HeadMTL/Head_Level3.obj parsed: 245383 vertices and 489840 faces

FileParserPJ: loading jpg file

FileParserPJ: loading OBJ file

244921 vertices
489840 faces

FileParserPJ: 245383 texture coordinates

FileParserPJ: 245383 vertices after duplication

FileParserPJ: //filer-igd2.igd.fraunhofer.de/igd-3dt/shared/3DModels/Head/HeadMTL/Head_Level3.obj parsed: 245383 vertices and 489840 faces

FileParserPJ: loading jpg file

FileParserPJ: loading OBJ file

244921 vertices
489840 faces

FileParserPJ: 245383 texture coordinates

FileParserPJ: 245383 vertices after duplication

FileParserPJ: //filer-igd2.igd.fraunhofer.de/igd-3dt/shared/3DModels/Head/HeadMTL/Head_Level3.obj parsed: 245383 vertices and 489840 faces

FileParserPJ: loading jpg file

FileParserPJ: loading OBJ file

244921 vertices
489840 faces

FileParserPJ: 245383 texture coordinates

FileParserPJ: 245383 vertices after duplication

FileParserPJ: //filer-igd2.igd.fraunhofer.de/igd-3dt/shared/3DModels/Head/HeadMTL/Head_Level3.obj parsed: 245383 vertices and 489840 faces

FileParserPJ: loading jpg file

FileParserPJ: loading OBJ file

244921 vertices
489840 faces

FileParserPJ: 245383 texture coordinates

FileParserPJ: 245383 vertices after duplication

FileParserPJ: //filer-igd2.igd.fraunhofer.de/igd-3dt/shared/3DModels/Head/HeadMTL/Head_Level3.obj parsed: 245383 vertices and 489840 faces

FileParserPJ: loading jpg file

FileParserPJ: loading OBJ file

244921 vertices
489840 faces

FileParserPJ: 245383 texture coordinates

FileParserPJ: 245383 vertices after duplication

FileParserPJ: //filer-igd2.igd.fraunhofer.de/igd-3dt/shared/3DModels/Head/HeadMTL/Head_Level3.obj parsed: 245383 vertices and 489840 faces

FileParserPJ: loading jpg file

FileParserPJ: loading OBJ file

244921 vertices
489840 faces

FileParserPJ: 245383 texture coordinates

FileParserPJ: 245383 vertices after duplication

FileParserPJ: //filer-igd2.igd.fraunhofer.de/igd-3dt/shared/3DModels/Head/HeadMTL/Head_Level3.obj parsed: 245383 vertices and 489840 faces

FileParserPJ: loading jpg file

FileParserPJ: Input files parsed

PrintJobOrganizer:  runs 16:4:51

centering objects at origin
optimizing rotation for height
scaling objects
optimizing rotation for support use
PrintJobOrganizer: support cost         = 25.4851
support cost flipped = 22.9004

PrintJobOrganizer: support cost         = 25.4851
support cost flipped = 22.9004

PrintJobOrganizer: support cost         = 25.4851
support cost flipped = 22.9004

PrintJobOrganizer: support cost         = 25.4851
support cost flipped = 22.9004

PrintJobOrganizer: support cost         = 25.4851
support cost flipped = 22.9004

PrintJobOrganizer: support cost         = 25.4851
support cost flipped = 22.9004

PrintJobOrganizer: support cost         = 25.4851
support cost flipped = 22.9004

PrintJobOrganizer: support cost         = 25.4851
support cost flipped = 22.9004

PrintJobOrganizer: support cost         = 25.4851
support cost flipped = 22.9004

PrintJobOrganizer: support cost         = 25.4851
support cost flipped = 22.9004

arranging objects in 2D
validating object placement
PrintJobOrganizer: print object 1 print-space bounding box: (0.00211667, 0.00423333, 0.00135106), (8.00212, 5.12195, 4.19435)
PrintJobOrganizer: print object 2 print-space bounding box: (0.00211667, 5.32195, 0.00135106), (8.00212, 10.4397, 4.19435)
PrintJobOrganizer: print object 3 print-space bounding box: (0.00211667, 10.6397, 0.00135106), (8.00212, 15.7574, 4.19435)
PrintJobOrganizer: print object 4 print-space bounding box: (0.00211667, 15.9574, 0.00135106), (8.00212, 21.0751, 4.19435)
PrintJobOrganizer: print object 5 print-space bounding box: (0.00211667, 21.2751, 0.00135106), (8.00212, 26.3928, 4.19435)
PrintJobOrganizer: print object 6 print-space bounding box: (0.00211667, 26.5928, 0.00135106), (8.00212, 31.7106, 4.19435)
PrintJobOrganizer: print object 7 print-space bounding box: (0.00211667, 31.9106, 0.00135106), (8.00212, 37.0283, 4.19435)
PrintJobOrganizer: print object 8 print-space bounding box: (8.20212, 0.00423333, 0.00135106), (16.2021, 5.12195, 4.19435)
PrintJobOrganizer: print object 9 print-space bounding box: (8.20212, 5.32195, 0.00135106), (16.2021, 10.4397, 4.19435)
PrintJobOrganizer: print object 10 print-space bounding box: (8.20212, 10.6397, 0.00135106), (16.2021, 15.7574, 4.19435)
saving transforms to file
MasterPJDistributor:  runs 16:4:53

MasterPJDistributor::runInternal
MasterMerger:  runs 16:5:22

MasterMerger::runInternal
MasterMerger: metadata for thread : 1

MasterMerger: received height : 1559

MasterMerger: received width : 946

MasterMerger: received num of slices : 777

MasterMerger: received chunk size : 10

MasterMerger: received path : 

MasterMerger: metadata for thread : 2

MasterMerger: received height : 1559

MasterMerger: received width : 946

MasterMerger: received num of slices : 777

MasterMerger: received chunk size : 10

MasterMerger: received path : 

MasterMerger: Print Volume x:  5905.51

MasterMerger: Print Volume y:  2362.2

MasterMerger: Node id:  1

MasterMerger: Offset x : 0

MasterMerger: Offset y : 0

MasterMerger: Node id:  2

MasterMerger: Offset x : 969.622

MasterMerger: Offset y : 0

MasterMerger: Added height is:1559after adding height of slave 1

MasterMerger: Added height is:3118after adding height of slave 2

MasterMerger: Max height reached after adding slave 2 so first list index is 1

MasterMerger: m_fullSliceHt : 2362

MasterMerger: Sum of heights has crossed the print bed height

MasterMerger: Start Index0

MasterMerger: End Index1

MasterMerger: Maximum Current Width is0

MasterMerger: Total current width946

MasterMerger: Start Index1

MasterMerger: End Index2

MasterMerger: Maximum Current Width is0

MasterMerger: Total current width1892

MasterMerger: m_fullSliceWidth : 1916

MasterMerger: m_numSlices : 777

MasterMerger: m_chunkSize : 10

SliceDebugger:  runs 16:5:51
slices [0, 10):
	channel 0: material (dense)

MasterMerger:  runs 16:5:52
slices [0, 10):
	channel 0: material (dense)

SliceDebugger:  runs 16:6:26
slices [10, 20):
	channel 0: material (dense)

MasterMerger:  runs 16:6:26
slices [10, 20):
	channel 0: material (dense)

SliceDebugger:  runs 16:7:13
slices [20, 30):
	channel 0: material (dense)

MasterMerger:  runs 16:7:13
slices [20, 30):
	channel 0: material (dense)

SliceDebugger:  runs 16:8:13
slices [30, 40):
	channel 0: material (dense)

MasterMerger:  runs 16:8:13
slices [30, 40):
	channel 0: material (dense)

SliceDebugger:  runs 16:9:12
slices [40, 50):
	channel 0: material (dense)

MasterMerger:  runs 16:9:12
slices [40, 50):
	channel 0: material (dense)

SliceDebugger:  runs 16:10:13
slices [50, 60):
	channel 0: material (dense)

MasterMerger:  runs 16:10:14
slices [50, 60):
	channel 0: material (dense)

SliceDebugger:  runs 16:11:17
slices [60, 70):
	channel 0: material (dense)

MasterMerger:  runs 16:11:18
slices [60, 70):
	channel 0: material (dense)

SliceDebugger:  runs 16:12:28
slices [70, 80):
	channel 0: material (dense)

MasterMerger:  runs 16:12:29
slices [70, 80):
	channel 0: material (dense)

SliceDebugger:  runs 16:13:48
slices [80, 90):
	channel 0: material (dense)

MasterMerger:  runs 16:13:49
slices [80, 90):
	channel 0: material (dense)

SliceDebugger:  runs 16:14:52
slices [90, 100):
	channel 0: material (dense)

MasterMerger:  runs 16:14:53
slices [90, 100):
	channel 0: material (dense)

SliceDebugger:  runs 16:15:50
slices [100, 110):
	channel 0: material (dense)

MasterMerger:  runs 16:15:50
slices [100, 110):
	channel 0: material (dense)

SliceDebugger:  runs 16:16:48
slices [110, 120):
	channel 0: material (dense)

MasterMerger:  runs 16:16:49
slices [110, 120):
	channel 0: material (dense)

SliceDebugger:  runs 16:17:51
slices [120, 130):
	channel 0: material (dense)

MasterMerger:  runs 16:17:52
slices [120, 130):
	channel 0: material (dense)

SliceDebugger:  runs 16:18:58
slices [130, 140):
	channel 0: material (dense)

MasterMerger:  runs 16:18:59
slices [130, 140):
	channel 0: material (dense)

SliceDebugger:  runs 16:19:44
slices [140, 150):
	channel 0: material (dense)

MasterMerger:  runs 16:19:45
slices [140, 150):
	channel 0: material (dense)

SliceDebugger:  runs 16:20:15
slices [150, 160):
	channel 0: material (dense)

MasterMerger:  runs 16:20:16
slices [150, 160):
	channel 0: material (dense)

SliceDebugger:  runs 16:20:16
slices [160, 170):
	channel 0: material (dense)

MasterMerger:  runs 16:20:17
slices [160, 170):
	channel 0: material (dense)

SliceDebugger:  runs 16:20:17
slices [170, 180):
	channel 0: material (dense)

MasterMerger:  runs 16:20:17
slices [170, 180):
	channel 0: material (dense)

SliceDebugger:  runs 16:20:17
slices [180, 190):
	channel 0: material (dense)

MasterMerger:  runs 16:20:18
slices [180, 190):
	channel 0: material (dense)

SliceDebugger:  runs 16:20:18
slices [190, 200):
	channel 0: material (dense)

MasterMerger:  runs 16:20:19
slices [190, 200):
	channel 0: material (dense)

SliceDebugger:  runs 16:20:19
slices [200, 210):
	channel 0: material (dense)

MasterMerger:  runs 16:20:20
slices [200, 210):
	channel 0: material (dense)

SliceDebugger:  runs 16:20:20
slices [210, 220):
	channel 0: material (dense)

MasterMerger:  runs 16:20:21
slices [210, 220):
	channel 0: material (dense)

SliceDebugger:  runs 16:20:21
slices [220, 230):
	channel 0: material (dense)

MasterMerger:  runs 16:20:22
slices [220, 230):
	channel 0: material (dense)

SliceDebugger:  runs 16:20:22
slices [230, 240):
	channel 0: material (dense)

MasterMerger:  runs 16:20:23
slices [230, 240):
	channel 0: material (dense)

SliceDebugger:  runs 16:20:23
slices [240, 250):
	channel 0: material (dense)

MasterMerger:  runs 16:20:24
slices [240, 250):
	channel 0: material (dense)

SliceDebugger:  runs 16:20:24
slices [250, 260):
	channel 0: material (dense)

MasterMerger:  runs 16:20:24
slices [250, 260):
	channel 0: material (dense)

SliceDebugger:  runs 16:20:24
slices [260, 270):
	channel 0: material (dense)

MasterMerger:  runs 16:20:25
slices [260, 270):
	channel 0: material (dense)

SliceDebugger:  runs 16:20:25
slices [270, 280):
	channel 0: material (dense)

MasterMerger:  runs 16:20:26
slices [270, 280):
	channel 0: material (dense)

SliceDebugger:  runs 16:20:26
slices [280, 290):
	channel 0: material (dense)

MasterMerger:  runs 16:20:27
slices [280, 290):
	channel 0: material (dense)

SliceDebugger:  runs 16:20:27
slices [290, 300):
	channel 0: material (dense)

MasterMerger:  runs 16:20:28
slices [290, 300):
	channel 0: material (dense)

SliceDebugger:  runs 16:20:28
slices [300, 310):
	channel 0: material (dense)

MasterMerger:  runs 16:20:29
slices [300, 310):
	channel 0: material (dense)

SliceDebugger:  runs 16:20:29
slices [310, 320):
	channel 0: material (dense)

MasterMerger:  runs 16:20:30
slices [310, 320):
	channel 0: material (dense)

SliceDebugger:  runs 16:20:30
slices [320, 330):
	channel 0: material (dense)

MasterMerger:  runs 16:20:30
slices [320, 330):
	channel 0: material (dense)

SliceDebugger:  runs 16:20:30
slices [330, 340):
	channel 0: material (dense)

MasterMerger:  runs 16:20:31
slices [330, 340):
	channel 0: material (dense)

SliceDebugger:  runs 16:20:31
slices [340, 350):
	channel 0: material (dense)

MasterMerger:  runs 16:20:32
slices [340, 350):
	channel 0: material (dense)

SliceDebugger:  runs 16:20:32
slices [350, 360):
	channel 0: material (dense)

MasterMerger:  runs 16:20:33
slices [350, 360):
	channel 0: material (dense)

SliceDebugger:  runs 16:20:33
slices [360, 370):
	channel 0: material (dense)

MasterMerger:  runs 16:20:34
slices [360, 370):
	channel 0: material (dense)

SliceDebugger:  runs 16:20:34
slices [370, 380):
	channel 0: material (dense)

MasterMerger:  runs 16:20:35
slices [370, 380):
	channel 0: material (dense)

SliceDebugger:  runs 16:20:35
slices [380, 390):
	channel 0: material (dense)

MasterMerger:  runs 16:20:36
slices [380, 390):
	channel 0: material (dense)

SliceDebugger:  runs 16:20:36
slices [390, 400):
	channel 0: material (dense)

MasterMerger:  runs 16:20:36
slices [390, 400):
	channel 0: material (dense)

SliceDebugger:  runs 16:20:37
slices [400, 410):
	channel 0: material (dense)

MasterMerger:  runs 16:20:37
slices [400, 410):
	channel 0: material (dense)

SliceDebugger:  runs 16:20:37
slices [410, 420):
	channel 0: material (dense)

MasterMerger:  runs 16:20:38
slices [410, 420):
	channel 0: material (dense)

SliceDebugger:  runs 16:20:38
slices [420, 430):
	channel 0: material (dense)

MasterMerger:  runs 16:20:39
slices [420, 430):
	channel 0: material (dense)

SliceDebugger:  runs 16:20:39
slices [430, 440):
	channel 0: material (dense)

MasterMerger:  runs 16:20:40
slices [430, 440):
	channel 0: material (dense)

SliceDebugger:  runs 16:20:40
slices [440, 450):
	channel 0: material (dense)

MasterMerger:  runs 16:20:41
slices [440, 450):
	channel 0: material (dense)

SliceDebugger:  runs 16:20:41
slices [450, 460):
	channel 0: material (dense)

MasterMerger:  runs 16:20:42
slices [450, 460):
	channel 0: material (dense)

SliceDebugger:  runs 16:20:42
slices [460, 470):
	channel 0: material (dense)

MasterMerger:  runs 16:20:42
slices [460, 470):
	channel 0: material (dense)

SliceDebugger:  runs 16:20:43
slices [470, 480):
	channel 0: material (dense)

MasterMerger:  runs 16:20:43
slices [470, 480):
	channel 0: material (dense)

SliceDebugger:  runs 16:20:43
slices [480, 490):
	channel 0: material (dense)

MasterMerger:  runs 16:20:44
slices [480, 490):
	channel 0: material (dense)

SliceDebugger:  runs 16:20:44
slices [490, 500):
	channel 0: material (dense)

MasterMerger:  runs 16:20:45
slices [490, 500):
	channel 0: material (dense)

SliceDebugger:  runs 16:20:45
slices [500, 510):
	channel 0: material (dense)

MasterMerger:  runs 16:20:46
slices [500, 510):
	channel 0: material (dense)

SliceDebugger:  runs 16:20:46
slices [510, 520):
	channel 0: material (dense)

MasterMerger:  runs 16:20:47
slices [510, 520):
	channel 0: material (dense)

SliceDebugger:  runs 16:20:47
slices [520, 530):
	channel 0: material (dense)

MasterMerger:  runs 16:20:48
slices [520, 530):
	channel 0: material (dense)

SliceDebugger:  runs 16:20:48
slices [530, 540):
	channel 0: material (dense)

MasterMerger:  runs 16:20:48
slices [530, 540):
	channel 0: material (dense)

SliceDebugger:  runs 16:20:49
slices [540, 550):
	channel 0: material (dense)

MasterMerger:  runs 16:20:49
slices [540, 550):
	channel 0: material (dense)

SliceDebugger:  runs 16:20:49
slices [550, 560):
	channel 0: material (dense)

MasterMerger:  runs 16:20:50
slices [550, 560):
	channel 0: material (dense)

SliceDebugger:  runs 16:20:50
slices [560, 570):
	channel 0: material (dense)

MasterMerger:  runs 16:20:51
slices [560, 570):
	channel 0: material (dense)

SliceDebugger:  runs 16:20:51
slices [570, 580):
	channel 0: material (dense)

MasterMerger:  runs 16:20:52
slices [570, 580):
	channel 0: material (dense)

SliceDebugger:  runs 16:20:52
slices [580, 590):
	channel 0: material (dense)

MasterMerger:  runs 16:20:53
slices [580, 590):
	channel 0: material (dense)

SliceDebugger:  runs 16:20:53
slices [590, 600):
	channel 0: material (dense)

MasterMerger:  runs 16:20:54
slices [590, 600):
	channel 0: material (dense)

SliceDebugger:  runs 16:20:54
slices [600, 610):
	channel 0: material (dense)

MasterMerger:  runs 16:20:55
slices [600, 610):
	channel 0: material (dense)

SliceDebugger:  runs 16:20:55
slices [610, 620):
	channel 0: material (dense)

MasterMerger:  runs 16:20:55
slices [610, 620):
	channel 0: material (dense)

SliceDebugger:  runs 16:20:55
slices [620, 630):
	channel 0: material (dense)

MasterMerger:  runs 16:20:56
slices [620, 630):
	channel 0: material (dense)

SliceDebugger:  runs 16:20:56
slices [630, 640):
	channel 0: material (dense)

MasterMerger:  runs 16:20:57
slices [630, 640):
	channel 0: material (dense)

SliceDebugger:  runs 16:20:57
slices [640, 650):
	channel 0: material (dense)

MasterMerger:  runs 16:20:58
slices [640, 650):
	channel 0: material (dense)

SliceDebugger:  runs 16:20:58
slices [650, 660):
	channel 0: material (dense)

MasterMerger:  runs 16:20:59
slices [650, 660):
	channel 0: material (dense)

SliceDebugger:  runs 16:20:59
slices [660, 670):
	channel 0: material (dense)

MasterMerger:  runs 16:21:0
slices [660, 670):
	channel 0: material (dense)

SliceDebugger:  runs 16:21:0
slices [670, 680):
	channel 0: material (dense)

MasterMerger:  runs 16:21:1
slices [670, 680):
	channel 0: material (dense)

SliceDebugger:  runs 16:21:1
slices [680, 690):
	channel 0: material (dense)

MasterMerger:  runs 16:21:1
slices [680, 690):
	channel 0: material (dense)

SliceDebugger:  runs 16:21:1
slices [690, 700):
	channel 0: material (dense)

MasterMerger:  runs 16:21:2
slices [690, 700):
	channel 0: material (dense)

SliceDebugger:  runs 16:21:2
slices [700, 710):
	channel 0: material (dense)

MasterMerger:  runs 16:21:3
slices [700, 710):
	channel 0: material (dense)

SliceDebugger:  runs 16:21:3
slices [710, 720):
	channel 0: material (dense)

MasterMerger:  runs 16:21:4
slices [710, 720):
	channel 0: material (dense)

SliceDebugger:  runs 16:21:4
slices [720, 730):
	channel 0: material (dense)

MasterMerger:  runs 16:21:5
slices [720, 730):
	channel 0: material (dense)

SliceDebugger:  runs 16:21:5
slices [730, 740):
	channel 0: material (dense)

MasterMerger:  runs 16:21:5
slices [730, 740):
	channel 0: material (dense)

SliceDebugger:  runs 16:21:6
slices [740, 750):
	channel 0: material (dense)

MasterMerger:  runs 16:21:6
slices [740, 750):
	channel 0: material (dense)

SliceDebugger:  runs 16:21:6
slices [750, 760):
	channel 0: material (dense)

MasterMerger:  runs 16:21:7
slices [750, 760):
	channel 0: material (dense)

SliceDebugger:  runs 16:21:7
slices [760, 770):
	channel 0: material (dense)

MasterMerger:  runs 16:21:8
slices [760, 770):
	channel 0: material (dense)

SliceDebugger:  runs 16:21:8
slices [770, 777):
	channel 0: material (dense)

Computation finished 

Status: success
Master Node  0 :Total execution time in seconds 1013.19

