SlavePrintingSoftware::startUp:
	1 trials
	total = 0.315785 s
	mean  = 0.315785 s
	var   = 0 s^2, std = 0 s
	min   = 0.315785 s
	max   = 0.315785 s

PrintingSoftware::execute:
	1 trials
	total = 443.834 s
	mean  = 443.834 s
	var   = 0 s^2, std = 0 s
	min   = 443.834 s
	max   = 443.834 s

DistributedComputingInitiator::Receive:
	1 trials
	total = 36.0686 s
	mean  = 36.0686 s
	var   = 0 s^2, std = 0 s
	min   = 36.0686 s
	max   = 36.0686 s

FileParserPJ::setInput:
	1 trials
	total = 0 s
	mean  = 0 s
	var   = 0 s^2, std = 0 s
	min   = 0 s
	max   = 0 s

FileParserPJ::runInternal:
	1 trials
	total = 6.96529 s
	mean  = 6.96529 s
	var   = 0 s^2, std = 0 s
	min   = 6.96529 s
	max   = 6.96529 s

PrintJobOrganizer::setInput:
	1 trials
	total = 0.002211 s
	mean  = 0.002211 s
	var   = 0 s^2, std = 0 s
	min   = 0.002211 s
	max   = 0.002211 s

PrintJobOrganizer::runInternal:
	1 trials
	total = 0.448071 s
	mean  = 0.448071 s
	var   = 0 s^2, std = 0 s
	min   = 0.448071 s
	max   = 0.448071 s

PrintJobPreprocessor::setInput:
	1 trials
	total = 0 s
	mean  = 0 s
	var   = 0 s^2, std = 0 s
	min   = 0 s
	max   = 0 s

PrintJobPreprocessor::runInternal:
	1 trials
	total = 1.94057 s
	mean  = 1.94057 s
	var   = 0 s^2, std = 0 s
	min   = 1.94057 s
	max   = 1.94057 s

PrintJobVoxelizer::setInput:
	16 trials
	total = 0.001009 s
	mean  = 6.30625e-005 s
	var   = 2.96957e-008 s^2, std = 0.000172324 s
	min   = 0 s
	max   = 0.000508 s

PrintJobVoxelizer::runInternal:
	16 trials
	total = 62.6807 s
	mean  = 3.91754 s
	var   = 0.414872 s^2, std = 0.644105 s
	min   = 1.93431 s
	max   = 4.68922 s

PrintJobVoxelizer::rasterizeObjects:
	16 trials
	total = 19.8534 s
	mean  = 1.24084 s
	var   = 0.14928 s^2, std = 0.386368 s
	min   = 0.328983 s
	max   = 1.70284 s

PrintJobVoxelizer::voxelizeObjects:
	16 trials
	total = 40.7818 s
	mean  = 2.54886 s
	var   = 0.0957551 s^2, std = 0.309443 s
	min   = 1.53304 s
	max   = 2.93355 s

PrintJobVoxelizer::finalizeSurfaces:
	16 trials
	total = 0.649284 s
	mean  = 0.0405803 s
	var   = 0.000128202 s^2, std = 0.0113226 s
	min   = 0.007019 s
	max   = 0.053381 s

TonalValueCalculator::setInput:
	16 trials
	total = 0 s
	mean  = 0 s
	var   = 0 s^2, std = 0 s
	min   = 0 s
	max   = 0 s

TonalValueCalculator::runInternal:
	16 trials
	total = 0.463624 s
	mean  = 0.0289765 s
	var   = 0.000227149 s^2, std = 0.0150715 s
	min   = 0 s
	max   = 0.04688 s

SurfaceDistanceOrderedTransfer::setInput:
	16 trials
	total = 0 s
	mean  = 0 s
	var   = 0 s^2, std = 0 s
	min   = 0 s
	max   = 0 s

SurfaceDistanceOrderedTransfer::runInternal:
	16 trials
	total = 25.9493 s
	mean  = 1.62183 s
	var   = 0.054618 s^2, std = 0.233705 s
	min   = 0.844879 s
	max   = 1.85913 s

SurfaceDistanceOrderedTransfer::buildOrderedSurfaceData:
	16 trials
	total = 0.660385 s
	mean  = 0.0412741 s
	var   = 0.00341398 s^2, std = 0.0584292 s
	min   = 0 s
	max   = 0.254442 s

SurfaceDistanceOrderedTransfer::fillDistanceChannel:
	16 trials
	total = 2.27437 s
	mean  = 0.142148 s
	var   = 0.000675985 s^2, std = 0.0259997 s
	min   = 0.04892 s
	max   = 0.164361 s

SurfaceDistanceOrderedTransfer::transfer:
	16 trials
	total = 22.1538 s
	mean  = 1.38461 s
	var   = 0.066134 s^2, std = 0.257165 s
	min   = 0.494632 s
	max   = 1.60414 s

SurfaceDistanceOrderedTransfer::mergeDistances:
	32 trials
	total = 1.70608 s
	mean  = 0.0533151 s
	var   = 0.000179369 s^2, std = 0.0133929 s
	min   = 0.01905 s
	max   = 0.078543 s

SurfaceDistanceOrderedTransfer::applySqrt:
	16 trials
	total = 0.841765 s
	mean  = 0.0526103 s
	var   = 0.000648381 s^2, std = 0.0254633 s
	min   = 0.011534 s
	max   = 0.095414 s

LayerExtractor::setInput:
	16 trials
	total = 0 s
	mean  = 0 s
	var   = 0 s^2, std = 0 s
	min   = 0 s
	max   = 0 s

LayerExtractor::runInternal:
	16 trials
	total = 12.9957 s
	mean  = 0.812234 s
	var   = 0.0893808 s^2, std = 0.298966 s
	min   = 0.115467 s
	max   = 1.10809 s

VectorLayerHalftoner::setInput:
	16 trials
	total = 0.023859 s
	mean  = 0.00149119 s
	var   = 1.44355e-005 s^2, std = 0.0037994 s
	min   = 0 s
	max   = 0.015626 s

VectorLayerHalftoner::runInternal:
	16 trials
	total = 91.7534 s
	mean  = 5.73459 s
	var   = 4.78683 s^2, std = 2.18788 s
	min   = 0.817186 s
	max   = 8.51828 s

VectorLayerHalftoner(0)::setupOutputContainerSlaveReporter::serializeSlice:
	777 trials
	total = 412.178 s
	mean  = 0.530473 s
	var   = 0.198618 s^2, std = 0.445666 s
	min   = 0.273226 s
	max   = 3.63572 s

SlaveReporter::Send:
	22 trials
	total = 0 s
	mean  = 0 s
	var   = 0 s^2, std = 0 s
	min   = 0 s
	max   = 0 s

