SlavePrintingSoftware::startUp:
	1 trials
	total = 0.300898 s
	mean  = 0.300898 s
	var   = 0 s^2, std = 0 s
	min   = 0.300898 s
	max   = 0.300898 s

PrintingSoftware::execute:
	1 trials
	total = 180.325 s
	mean  = 180.325 s
	var   = 0 s^2, std = 0 s
	min   = 180.325 s
	max   = 180.325 s

DistributedComputingInitiator::Receive:
	1 trials
	total = 5.87037 s
	mean  = 5.87037 s
	var   = 0 s^2, std = 0 s
	min   = 5.87037 s
	max   = 5.87037 s

FileParserPJ::setInput:
	1 trials
	total = 0 s
	mean  = 0 s
	var   = 0 s^2, std = 0 s
	min   = 0 s
	max   = 0 s

FileParserPJ::runInternal:
	1 trials
	total = 3.6844 s
	mean  = 3.6844 s
	var   = 0 s^2, std = 0 s
	min   = 3.6844 s
	max   = 3.6844 s

PrintJobOrganizer::setInput:
	1 trials
	total = 0.001825 s
	mean  = 0.001825 s
	var   = 0 s^2, std = 0 s
	min   = 0.001825 s
	max   = 0.001825 s

PrintJobOrganizer::runInternal:
	1 trials
	total = 0.246807 s
	mean  = 0.246807 s
	var   = 0 s^2, std = 0 s
	min   = 0.246807 s
	max   = 0.246807 s

PrintJobPreprocessor::setInput:
	1 trials
	total = 0 s
	mean  = 0 s
	var   = 0 s^2, std = 0 s
	min   = 0 s
	max   = 0 s

PrintJobPreprocessor::runInternal:
	1 trials
	total = 0.95624 s
	mean  = 0.95624 s
	var   = 0 s^2, std = 0 s
	min   = 0.95624 s
	max   = 0.95624 s

PrintJobVoxelizer::setInput:
	16 trials
	total = 0 s
	mean  = 0 s
	var   = 0 s^2, std = 0 s
	min   = 0 s
	max   = 0 s

PrintJobVoxelizer::runInternal:
	16 trials
	total = 25.0433 s
	mean  = 1.56521 s
	var   = 0.0959819 s^2, std = 0.309809 s
	min   = 0.688961 s
	max   = 1.92438 s

PrintJobVoxelizer::rasterizeObjects:
	16 trials
	total = 10.1288 s
	mean  = 0.63305 s
	var   = 0.0323777 s^2, std = 0.179938 s
	min   = 0.201027 s
	max   = 0.845112 s

PrintJobVoxelizer::voxelizeObjects:
	16 trials
	total = 13.8673 s
	mean  = 0.866708 s
	var   = 0.0165711 s^2, std = 0.128729 s
	min   = 0.472286 s
	max   = 1.06508 s

PrintJobVoxelizer::finalizeSurfaces:
	16 trials
	total = 0.25941 s
	mean  = 0.0162131 s
	var   = 6.10236e-005 s^2, std = 0.00781176 s
	min   = 0 s
	max   = 0.03125 s

TonalValueCalculator::setInput:
	16 trials
	total = 0 s
	mean  = 0 s
	var   = 0 s^2, std = 0 s
	min   = 0 s
	max   = 0 s

TonalValueCalculator::runInternal:
	16 trials
	total = 0.236732 s
	mean  = 0.0147958 s
	var   = 8.10043e-005 s^2, std = 0.00900024 s
	min   = 0 s
	max   = 0.031247 s

SurfaceDistanceOrderedTransfer::setInput:
	16 trials
	total = 0 s
	mean  = 0 s
	var   = 0 s^2, std = 0 s
	min   = 0 s
	max   = 0 s

SurfaceDistanceOrderedTransfer::runInternal:
	16 trials
	total = 6.50647 s
	mean  = 0.406654 s
	var   = 0.00242953 s^2, std = 0.0492902 s
	min   = 0.264985 s
	max   = 0.484536 s

SurfaceDistanceOrderedTransfer::buildOrderedSurfaceData:
	16 trials
	total = 0.354151 s
	mean  = 0.0221344 s
	var   = 0.000944035 s^2, std = 0.0307251 s
	min   = 0 s
	max   = 0.131532 s

SurfaceDistanceOrderedTransfer::fillDistanceChannel:
	16 trials
	total = 0.510588 s
	mean  = 0.0319118 s
	var   = 0.000100587 s^2, std = 0.0100293 s
	min   = 0 s
	max   = 0.046872 s

SurfaceDistanceOrderedTransfer::transfer:
	16 trials
	total = 5.28786 s
	mean  = 0.330491 s
	var   = 0.00420524 s^2, std = 0.0648478 s
	min   = 0.115845 s
	max   = 0.407499 s

SurfaceDistanceOrderedTransfer::mergeDistances:
	16 trials
	total = 0 s
	mean  = 0 s
	var   = 0 s^2, std = 0 s
	min   = 0 s
	max   = 0 s

SurfaceDistanceOrderedTransfer::applySqrt:
	16 trials
	total = 0.352777 s
	mean  = 0.0220486 s
	var   = 0.000122321 s^2, std = 0.0110599 s
	min   = 0.007018 s
	max   = 0.053372 s

LayerExtractor::setInput:
	16 trials
	total = 0.000501 s
	mean  = 3.13125e-005 s
	var   = 1.56876e-008 s^2, std = 0.00012525 s
	min   = 0 s
	max   = 0.000501 s

LayerExtractor::runInternal:
	16 trials
	total = 6.08072 s
	mean  = 0.380045 s
	var   = 0.0190829 s^2, std = 0.138141 s
	min   = 0.049426 s
	max   = 0.520466 s

VectorLayerHalftoner::setInput:
	16 trials
	total = 0.027001 s
	mean  = 0.00168756 s
	var   = 1.56975e-005 s^2, std = 0.003962 s
	min   = 0 s
	max   = 0.016441 s

VectorLayerHalftoner::runInternal:
	16 trials
	total = 37.7301 s
	mean  = 2.35813 s
	var   = 0.579943 s^2, std = 0.76154 s
	min   = 0.402456 s
	max   = 3.18146 s

VectorLayerHalftoner(0)::setupOutputContainerSlaveReporter::serializeSlice:
	777 trials
	total = 170.228 s
	mean  = 0.219084 s
	var   = 0.025077 s^2, std = 0.158357 s
	min   = 0.124151 s
	max   = 1.45885 s

SlaveReporter::Send:
	22 trials
	total = 0 s
	mean  = 0 s
	var   = 0 s^2, std = 0 s
	min   = 0 s
	max   = 0 s

