SlavePrintingSoftware::startUp:
	1 trials
	total = 0.388712 s
	mean  = 0.388712 s
	var   = 0 s^2, std = 0 s
	min   = 0.388712 s
	max   = 0.388712 s

PrintingSoftware::execute:
	1 trials
	total = 1368.76 s
	mean  = 1368.76 s
	var   = 0 s^2, std = 0 s
	min   = 1368.76 s
	max   = 1368.76 s

DistributedComputingInitiator::Receive:
	1 trials
	total = 147.249 s
	mean  = 147.249 s
	var   = 0 s^2, std = 0 s
	min   = 147.249 s
	max   = 147.249 s

FileParserPJ::setInput:
	1 trials
	total = 0 s
	mean  = 0 s
	var   = 0 s^2, std = 0 s
	min   = 0 s
	max   = 0 s

FileParserPJ::runInternal:
	1 trials
	total = 3.68806 s
	mean  = 3.68806 s
	var   = 0 s^2, std = 0 s
	min   = 3.68806 s
	max   = 3.68806 s

PrintJobOrganizer::setInput:
	1 trials
	total = 0.002027 s
	mean  = 0.002027 s
	var   = 0 s^2, std = 0 s
	min   = 0.002027 s
	max   = 0.002027 s

PrintJobOrganizer::runInternal:
	1 trials
	total = 0.324324 s
	mean  = 0.324324 s
	var   = 0 s^2, std = 0 s
	min   = 0.324324 s
	max   = 0.324324 s

PrintJobPreprocessor::setInput:
	1 trials
	total = 0 s
	mean  = 0 s
	var   = 0 s^2, std = 0 s
	min   = 0 s
	max   = 0 s

PrintJobPreprocessor::runInternal:
	1 trials
	total = 1.06292 s
	mean  = 1.06292 s
	var   = 0 s^2, std = 0 s
	min   = 1.06292 s
	max   = 1.06292 s

PrintJobVoxelizer::setInput:
	32 trials
	total = 0 s
	mean  = 0 s
	var   = 0 s^2, std = 0 s
	min   = 0 s
	max   = 0 s

PrintJobVoxelizer::runInternal:
	32 trials
	total = 142.001 s
	mean  = 4.43754 s
	var   = 0.632326 s^2, std = 0.795189 s
	min   = 0.447019 s
	max   = 5.03193 s

PrintJobVoxelizer::rasterizeObjects:
	32 trials
	total = 26.6331 s
	mean  = 0.832283 s
	var   = 0.062183 s^2, std = 0.249365 s
	min   = 0.221433 s
	max   = 1.12439 s

PrintJobVoxelizer::voxelizeObjects:
	32 trials
	total = 107.806 s
	mean  = 3.36894 s
	var   = 0.349024 s^2, std = 0.590783 s
	min   = 0.207013 s
	max   = 3.80845 s

PrintJobVoxelizer::finalizeSurfaces:
	32 trials
	total = 2.38811 s
	mean  = 0.0746284 s
	var   = 0.000182724 s^2, std = 0.0135175 s
	min   = 0.006091 s
	max   = 0.086056 s

TonalValueCalculator::setInput:
	32 trials
	total = 0 s
	mean  = 0 s
	var   = 0 s^2, std = 0 s
	min   = 0 s
	max   = 0 s

TonalValueCalculator::runInternal:
	32 trials
	total = 0.93921 s
	mean  = 0.0293503 s
	var   = 0.000165364 s^2, std = 0.0128594 s
	min   = 0 s
	max   = 0.048915 s

SurfaceDistanceOrderedTransfer::setInput:
	32 trials
	total = 0.001017 s
	mean  = 3.17813e-005 s
	var   = 3.23215e-008 s^2, std = 0.000179782 s
	min   = 0 s
	max   = 0.001017 s

SurfaceDistanceOrderedTransfer::runInternal:
	32 trials
	total = 51.5178 s
	mean  = 1.60993 s
	var   = 0.0355839 s^2, std = 0.188637 s
	min   = 0.937441 s
	max   = 1.83866 s

SurfaceDistanceOrderedTransfer::buildOrderedSurfaceData:
	32 trials
	total = 1.34118 s
	mean  = 0.041912 s
	var   = 0.00803006 s^2, std = 0.0896106 s
	min   = 0 s
	max   = 0.528799 s

SurfaceDistanceOrderedTransfer::fillDistanceChannel:
	32 trials
	total = 4.82632 s
	mean  = 0.150822 s
	var   = 0.000297392 s^2, std = 0.017245 s
	min   = 0.084433 s
	max   = 0.173037 s

SurfaceDistanceOrderedTransfer::transfer:
	32 trials
	total = 43.9464 s
	mean  = 1.37332 s
	var   = 0.0457744 s^2, std = 0.21395 s
	min   = 0.522613 s
	max   = 1.57754 s

SurfaceDistanceOrderedTransfer::mergeDistances:
	32 trials
	total = 0 s
	mean  = 0 s
	var   = 0 s^2, std = 0 s
	min   = 0 s
	max   = 0 s

SurfaceDistanceOrderedTransfer::applySqrt:
	32 trials
	total = 1.38168 s
	mean  = 0.0431775 s
	var   = 0.000147409 s^2, std = 0.0121412 s
	min   = 0.009322 s
	max   = 0.061825 s

LayerExtractor::setInput:
	32 trials
	total = 0.004043 s
	mean  = 0.000126344 s
	var   = 1.15348e-007 s^2, std = 0.00033963 s
	min   = 0 s
	max   = 0.001016 s

LayerExtractor::runInternal:
	32 trials
	total = 41.8846 s
	mean  = 1.30889 s
	var   = 0.135355 s^2, std = 0.367907 s
	min   = 0.297176 s
	max   = 1.7792 s

VectorLayerHalftoner::setInput:
	32 trials
	total = 0.030488 s
	mean  = 0.00095275 s
	var   = 6.25083e-008 s^2, std = 0.000250017 s
	min   = 0 s
	max   = 0.00109 s

VectorLayerHalftoner::runInternal:
	32 trials
	total = 291.118 s
	mean  = 9.09744 s
	var   = 6.68196 s^2, std = 2.58495 s
	min   = 1.76358 s
	max   = 12.6709 s

VectorLayerHalftoner(0)::setupOutputContainerSlaveReporter::serializeSlice:
	1552 trials
	total = 1307.55 s
	mean  = 0.842495 s
	var   = 0.209853 s^2, std = 0.458097 s
	min   = 0.510882 s
	max   = 3.65943 s

SlaveReporter::Send:
	38 trials
	total = 0 s
	mean  = 0 s
	var   = 0 s^2, std = 0 s
	min   = 0 s
	max   = 0 s

