Warning:json file inside profile could not be parsed 

GL version: 4.5.0 NVIDIA 362.00

Warning: there is no json file embedded inside profile 

LayerExtractor: distance needed for layers: 0.135467

FileParserPJ: initializing
PrintJobOrganizer: initializing
PrintJobPreprocessor: initializing
PrintJobVoxelizer: initializing
TonalValueCalculator: initializing
TonalValueCalculator: Using rendering intent RELATIVE_COLORIMETRIC

SurfaceDistanceOrderedTransfer: initializing
TonalLinearizer: initializing
VectorLayerHalftoner: initializing
SlaveReporter: initializing
FileParserPJ:  runs 8:44:48

FileParserPJ: loading OBJ file

244921 vertices
489840 faces

FileParserPJ: 245383 texture coordinates

FileParserPJ: 245383 vertices after duplication

FileParserPJ: //filer-igd2.igd.fraunhofer.de/igd-3dt/shared/3DModels/Head/HeadMTL/Head_Level3.obj parsed: 245383 vertices and 489840 faces

FileParserPJ: loading jpg file

FileParserPJ: loading OBJ file

244921 vertices
489840 faces

FileParserPJ: 245383 texture coordinates

FileParserPJ: 245383 vertices after duplication

FileParserPJ: //filer-igd2.igd.fraunhofer.de/igd-3dt/shared/3DModels/Head/HeadMTL/Head_Level3.obj parsed: 245383 vertices and 489840 faces

FileParserPJ: loading jpg file

FileParserPJ: loading OBJ file

244921 vertices
489840 faces

FileParserPJ: 245383 texture coordinates

FileParserPJ: 245383 vertices after duplication

FileParserPJ: //filer-igd2.igd.fraunhofer.de/igd-3dt/shared/3DModels/Head/HeadMTL/Head_Level3.obj parsed: 245383 vertices and 489840 faces

FileParserPJ: loading jpg file

FileParserPJ: Input files parsed

PrintJobOrganizer:  runs 8:44:58

centering objects at origin
optimizing rotation for height
scaling objects
optimizing rotation for support use
PrintJobOrganizer: support cost         = 25.4851
support cost flipped = 22.9004

PrintJobOrganizer: support cost         = 25.4851
support cost flipped = 22.9004

PrintJobOrganizer: support cost         = 25.4851
support cost flipped = 22.9004

arranging objects in 2D
validating object placement
PrintJobOrganizer: print object 1 print-space bounding box: (0.00211667, 0.00423333, 0.00135106), (8.00212, 5.12195, 4.19435)
PrintJobOrganizer: print object 2 print-space bounding box: (0.00211667, 5.32195, 0.00135106), (8.00212, 10.4397, 4.19435)
PrintJobOrganizer: print object 3 print-space bounding box: (0.00211667, 10.6397, 0.00135106), (8.00212, 15.7574, 4.19435)
saving transforms to file
PrintJobPreprocessor:  runs 8:44:58

PrintJobPreprocessor: flatten
PrintJobPreprocessor: prioritize
PrintJobPreprocessor: segment-hierarchy
PrintJobPreprocessor: boundingBox
PrintJobPreprocessor: uniformAppearanceTextures
PrintJobVoxelizer:  runs 8:45:1

PrintJobVoxelizer: 
number of slices to print: 777 (4.19435 cm)
width of slices to print:  946 (8.00212 cm)
height of slices to print: 931 (15.7574 cm)
chunk size:                50 (0.270213 cm)

PrintJobVoxelizer: setting up slices
PrintJobVoxelizer: rasterizing objects
PrintJobVoxelizer: creating rasterizer
PrintJobVoxelizer: rasterizing object 1
PrintJobVoxelizer: rasterizing object 2
PrintJobVoxelizer: rasterizing object 3
Rasterizer::rasterize:
	3 trials
	total = 0.578125 s
	mean  = 0.192708 s
	var   = 8.13021e-005 s^2, std = 0.00901677 s
	min   = 0.187496 s
	max   = 0.20312 s


PrintJobVoxelizer: voxelizing objects
Object 1 ROI: [0 0 0] --> [946 303 50]
GWNSampleFloodVoxelizer: number of samples: 89
GWNSampleFloodVoxelizer: samples evaluated
GWNSampleFloodVoxelizer: adaptive threshold = 0.498039
GWNSampleFloodVoxelizer: flooding complete
Voxelization: solid angle evaluations per voxel: 0.0489561

Object 2 ROI: [0 314 0] --> [946 617 50]
GWNSampleFloodVoxelizer: number of samples: 88
GWNSampleFloodVoxelizer: samples evaluated
GWNSampleFloodVoxelizer: adaptive threshold = 0.498039
GWNSampleFloodVoxelizer: flooding complete
Voxelization: solid angle evaluations per voxel: 0.096554

Object 3 ROI: [0 628 0] --> [946 931 50]
GWNSampleFloodVoxelizer: number of samples: 87
GWNSampleFloodVoxelizer: samples evaluated
GWNSampleFloodVoxelizer: adaptive threshold = 0.498039
GWNSampleFloodVoxelizer: flooding complete
Voxelization: solid angle evaluations per voxel: 0.143508

GWNSampleFloodVoxelizer::voxelize:
	3 trials
	total = 5.82793 s
	mean  = 1.94264 s
	var   = 0.0108194 s^2, std = 0.104016 s
	min   = 1.87495 s
	max   = 2.06241 s

GWNSampleFloodVoxelizer::initIndicator:
	3 trials
	total = 0.796854 s
	mean  = 0.265618 s
	var   = 3e-012 s^2, std = 1.73205e-006 s
	min   = 0.265617 s
	max   = 0.26562 s

GWNSampleFloodVoxelizer::selectSamples:
	3 trials
	total = 0.28121 s
	mean  = 0.0937367 s
	var   = 3.52333e-010 s^2, std = 1.87705e-005 s
	min   = 0.093715 s
	max   = 0.093748 s

GWNSampleFloodVoxelizer::evaluateSamples:
	3 trials
	total = 0.109374 s
	mean  = 0.036458 s
	var   = 8.13698e-005 s^2, std = 0.00902052 s
	min   = 0.03125 s
	max   = 0.046874 s

GWNSampleFloodVoxelizer::flood:
	3 trials
	total = 4.35925 s
	mean  = 1.45308 s
	var   = 0.00903292 s^2, std = 0.0950417 s
	min   = 1.39058 s
	max   = 1.56246 s


PrintJobVoxelizer: finalizing surfaces
PrintJobVoxelizer: 56110 surface voxels
PrintJobVoxelizer: getting output subset
PrintJobVoxelizer: updating slice indices
TonalValueCalculator:  runs 8:45:8
slices [0, 49):
	channel 0: occupancy (dense)
	channel 1: opticalFeature (sparse)

SurfaceDistanceOrderedTransfer:  runs 8:45:8
slices [0, 49):
	channel 0: occupancy (dense)
	channel 1: surfaceDist (dense)

SurfaceDistanceOrderedTransfer: 0 0 23
LayerExtractor:  runs 8:45:9
slices [0, 23):
	channel 0: occupancy (dense)
	channel 1: surfaceDist (dense)
	channel 2: layer_000 (sparse)
	channel 3: layer_001 (sparse)
	channel 4: layer_002 (sparse)
	channel 5: layer_003 (sparse)
	channel 6: layer_004 (sparse)
	channel 7: layer_005 (sparse)
	channel 8: layer_006 (sparse)
	channel 9: layer_007 (sparse)

TonalLinearizer:  runs 8:45:10
slices [0, 22):
	channel 0: occupancy (dense)
	channel 1: surfaceDist (dense)
	channel 2: layer_000 (sparse)
	channel 3: layer_001 (sparse)
	channel 4: layer_002 (sparse)
	channel 5: layer_003 (sparse)
	channel 6: layer_004 (sparse)
	channel 7: layer_005 (sparse)
	channel 8: layer_006 (sparse)
	channel 9: layer_007 (sparse)

VectorLayerHalftoner: VectorLayerHalftoner error: no tonal values available

VectorLayerHalftoner:  runs 8:45:10
slices [0, 22):
	channel 0: occupancy (dense)
	channel 1: surfaceDist (dense)
	channel 2: layer_000 (sparse)
	channel 3: layer_001 (sparse)
	channel 4: layer_002 (sparse)
	channel 5: layer_003 (sparse)
	channel 6: layer_004 (sparse)
	channel 7: layer_005 (sparse)
	channel 8: layer_006 (sparse)
	channel 9: layer_007 (sparse)
	channel 10: intermedTonal_0 (sparse)
	channel 11: intermedTonal_1 (sparse)
	channel 12: intermedTonal_2 (sparse)
	channel 13: intermedTonal_3 (sparse)
	channel 14: intermedTonal_4 (sparse)
	channel 15: intermedTonal_5 (sparse)
	channel 16: intermedTonal_6 (sparse)
	channel 17: intermedTonal_7 (sparse)
	channel 18: quantizedTonal (sparse)

SlaveReporter:  runs 8:45:11
slices [0, 10):
	channel 0: material (dense)
	channel 1: occupancy (dense)

SlaveReporter::runInternal
PrintJobVoxelizer:  runs 8:45:11

PrintJobVoxelizer: setting up slices
PrintJobVoxelizer: rasterizing objects
PrintJobVoxelizer: creating rasterizer
PrintJobVoxelizer: rasterizing object 1
PrintJobVoxelizer: rasterizing object 2
PrintJobVoxelizer: rasterizing object 3
Rasterizer::rasterize:
	6 trials
	total = 2.2968 s
	mean  = 0.3828 s
	var   = 0.0434265 s^2, std = 0.20839 s
	min   = 0.187496 s
	max   = 0.578086 s


PrintJobVoxelizer: voxelizing objects
Object 1 ROI: [0 0 0] --> [946 303 50]
GWNSampleFloodVoxelizer: number of samples: 207
GWNSampleFloodVoxelizer: samples evaluated
GWNSampleFloodVoxelizer: adaptive threshold = 0.498039
GWNSampleFloodVoxelizer: flooding complete
Voxelization: solid angle evaluations per voxel: 0.212833

Object 2 ROI: [0 314 0] --> [946 617 50]
GWNSampleFloodVoxelizer: number of samples: 206
GWNSampleFloodVoxelizer: samples evaluated
GWNSampleFloodVoxelizer: adaptive threshold = 0.498039
GWNSampleFloodVoxelizer: flooding complete
Voxelization: solid angle evaluations per voxel: 0.425476

Object 3 ROI: [0 628 0] --> [946 931 50]
GWNSampleFloodVoxelizer: number of samples: 206
GWNSampleFloodVoxelizer: samples evaluated
GWNSampleFloodVoxelizer: adaptive threshold = 0.498039
GWNSampleFloodVoxelizer: flooding complete
Voxelization: solid angle evaluations per voxel: 0.637708

GWNSampleFloodVoxelizer::voxelize:
	6 trials
	total = 11.6246 s
	mean  = 1.93744 s
	var   = 0.00595549 s^2, std = 0.0771718 s
	min   = 1.87492 s
	max   = 2.06241 s

GWNSampleFloodVoxelizer::initIndicator:
	6 trials
	total = 1.59368 s
	mean  = 0.265613 s
	var   = 1.10167e-010 s^2, std = 1.0496e-005 s
	min   = 0.265592 s
	max   = 0.26562 s

GWNSampleFloodVoxelizer::selectSamples:
	6 trials
	total = 0.562451 s
	mean  = 0.0937418 s
	var   = 1.72967e-010 s^2, std = 1.31517e-005 s
	min   = 0.093715 s
	max   = 0.093748 s

GWNSampleFloodVoxelizer::evaluateSamples:
	6 trials
	total = 0.484365 s
	mean  = 0.0807275 s
	var   = 0.00238429 s^2, std = 0.0488292 s
	min   = 0.03125 s
	max   = 0.124997 s

GWNSampleFloodVoxelizer::flood:
	6 trials
	total = 8.40604 s
	mean  = 1.40101 s
	var   = 0.00807184 s^2, std = 0.0898434 s
	min   = 1.29684 s
	max   = 1.56246 s


PrintJobVoxelizer: finalizing surfaces
PrintJobVoxelizer: 366367 surface voxels
PrintJobVoxelizer: getting output subset
PrintJobVoxelizer: updating slice indices
TonalValueCalculator:  runs 8:45:19
slices [49, 99):
	channel 0: occupancy (dense)
	channel 1: opticalFeature (sparse)

SurfaceDistanceOrderedTransfer:  runs 8:45:19
slices [23, 99):
	channel 0: occupancy (dense)
	channel 1: surfaceDist (dense)

SurfaceDistanceOrderedTransfer: 23 49 73
LayerExtractor:  runs 8:45:22
slices [21, 73):
	channel 0: occupancy (dense)
	channel 1: surfaceDist (dense)
	channel 2: layer_000 (sparse)
	channel 3: layer_001 (sparse)
	channel 4: layer_002 (sparse)
	channel 5: layer_003 (sparse)
	channel 6: layer_004 (sparse)
	channel 7: layer_005 (sparse)
	channel 8: layer_006 (sparse)
	channel 9: layer_007 (sparse)

TonalLinearizer:  runs 8:45:22
slices [22, 72):
	channel 0: occupancy (dense)
	channel 1: surfaceDist (dense)
	channel 2: layer_000 (sparse)
	channel 3: layer_001 (sparse)
	channel 4: layer_002 (sparse)
	channel 5: layer_003 (sparse)
	channel 6: layer_004 (sparse)
	channel 7: layer_005 (sparse)
	channel 8: layer_006 (sparse)
	channel 9: layer_007 (sparse)

VectorLayerHalftoner: VectorLayerHalftoner error: no tonal values available

VectorLayerHalftoner:  runs 8:45:22
slices [10, 72):
	channel 0: occupancy (dense)
	channel 1: surfaceDist (dense)
	channel 2: layer_000 (sparse)
	channel 3: layer_001 (sparse)
	channel 4: layer_002 (sparse)
	channel 5: layer_003 (sparse)
	channel 6: layer_004 (sparse)
	channel 7: layer_005 (sparse)
	channel 8: layer_006 (sparse)
	channel 9: layer_007 (sparse)
	channel 10: intermedTonal_0 (sparse)
	channel 11: intermedTonal_1 (sparse)
	channel 12: intermedTonal_2 (sparse)
	channel 13: intermedTonal_3 (sparse)
	channel 14: intermedTonal_4 (sparse)
	channel 15: intermedTonal_5 (sparse)
	channel 16: intermedTonal_6 (sparse)
	channel 17: intermedTonal_7 (sparse)
	channel 18: quantizedTonal (sparse)
	channel 19: errorDiffInfo2 (sparse)
	channel 20: distanceToEmpty (sparse)
	channel 21: errorDiffInfo3 (sparse)
	channel 22: errorDiffInfo4 (sparse)
	channel 23: errorDiffInfo5 (sparse)
	channel 24: errorDiffInfo6 (sparse)
	channel 25: errorDiffInfo7 (sparse)
	channel 26: errorDiffInfo8 (sparse)
	channel 27: errorDiffInfo9 (sparse)

SlaveReporter:  runs 8:45:26
slices [10, 60):
	channel 0: material (dense)
	channel 1: occupancy (dense)

SlaveReporter::runInternal
PrintJobVoxelizer:  runs 8:45:26

PrintJobVoxelizer: setting up slices
PrintJobVoxelizer: rasterizing objects
PrintJobVoxelizer: creating rasterizer
PrintJobVoxelizer: rasterizing object 1
PrintJobVoxelizer: rasterizing object 2
PrintJobVoxelizer: rasterizing object 3
Rasterizer::rasterize:
	9 trials
	total = 4.64039 s
	mean  = 0.515599 s
	var   = 0.0668827 s^2, std = 0.258617 s
	min   = 0.187496 s
	max   = 0.796819 s


PrintJobVoxelizer: voxelizing objects
Object 1 ROI: [0 0 0] --> [946 303 50]
GWNSampleFloodVoxelizer: number of samples: 343
GWNSampleFloodVoxelizer: samples evaluated
GWNSampleFloodVoxelizer: adaptive threshold = 0.498039
GWNSampleFloodVoxelizer: flooding complete
Voxelization: solid angle evaluations per voxel: 0.336893

Object 2 ROI: [0 314 0] --> [946 617 50]
GWNSampleFloodVoxelizer: number of samples: 341
GWNSampleFloodVoxelizer: samples evaluated
GWNSampleFloodVoxelizer: adaptive threshold = 0.498039
GWNSampleFloodVoxelizer: flooding complete
Voxelization: solid angle evaluations per voxel: 0.671825

Object 3 ROI: [0 628 0] --> [946 931 50]
GWNSampleFloodVoxelizer: number of samples: 343
GWNSampleFloodVoxelizer: samples evaluated
GWNSampleFloodVoxelizer: adaptive threshold = 0.498039
GWNSampleFloodVoxelizer: flooding complete
Voxelization: solid angle evaluations per voxel: 1.00872

GWNSampleFloodVoxelizer::voxelize:
	9 trials
	total = 17.7651 s
	mean  = 1.9739 s
	var   = 0.00787166 s^2, std = 0.0887224 s
	min   = 1.87492 s
	max   = 2.09366 s

GWNSampleFloodVoxelizer::initIndicator:
	9 trials
	total = 2.35922 s
	mean  = 0.262136 s
	var   = 4.7515e-005 s^2, std = 0.00689311 s
	min   = 0.249963 s
	max   = 0.26562 s

GWNSampleFloodVoxelizer::selectSamples:
	9 trials
	total = 0.859317 s
	mean  = 0.0954797 s
	var   = 2.71403e-005 s^2, std = 0.00520964 s
	min   = 0.093715 s
	max   = 0.109372 s

GWNSampleFloodVoxelizer::evaluateSamples:
	9 trials
	total = 1.09372 s
	mean  = 0.121525 s
	var   = 0.00523516 s^2, std = 0.0723544 s
	min   = 0.03125 s
	max   = 0.20312 s

GWNSampleFloodVoxelizer::flood:
	9 trials
	total = 12.5778 s
	mean  = 1.39753 s
	var   = 0.00623162 s^2, std = 0.0789406 s
	min   = 1.29684 s
	max   = 1.56246 s


PrintJobVoxelizer: finalizing surfaces
PrintJobVoxelizer: 842139 surface voxels
PrintJobVoxelizer: getting output subset
PrintJobVoxelizer: updating slice indices
TonalValueCalculator:  runs 8:45:35
slices [99, 149):
	channel 0: occupancy (dense)
	channel 1: opticalFeature (sparse)

SurfaceDistanceOrderedTransfer:  runs 8:45:35
slices [73, 149):
	channel 0: occupancy (dense)
	channel 1: surfaceDist (dense)

SurfaceDistanceOrderedTransfer: 73 99 123
LayerExtractor:  runs 8:45:39
slices [71, 123):
	channel 0: occupancy (dense)
	channel 1: surfaceDist (dense)
	channel 2: layer_000 (sparse)
	channel 3: layer_001 (sparse)
	channel 4: layer_002 (sparse)
	channel 5: layer_003 (sparse)
	channel 6: layer_004 (sparse)
	channel 7: layer_005 (sparse)
	channel 8: layer_006 (sparse)
	channel 9: layer_007 (sparse)

TonalLinearizer:  runs 8:45:40
slices [72, 122):
	channel 0: occupancy (dense)
	channel 1: surfaceDist (dense)
	channel 2: layer_000 (sparse)
	channel 3: layer_001 (sparse)
	channel 4: layer_002 (sparse)
	channel 5: layer_003 (sparse)
	channel 6: layer_004 (sparse)
	channel 7: layer_005 (sparse)
	channel 8: layer_006 (sparse)
	channel 9: layer_007 (sparse)

VectorLayerHalftoner: VectorLayerHalftoner error: no tonal values available

VectorLayerHalftoner:  runs 8:45:40
slices [60, 122):
	channel 0: occupancy (dense)
	channel 1: surfaceDist (dense)
	channel 2: layer_000 (sparse)
	channel 3: layer_001 (sparse)
	channel 4: layer_002 (sparse)
	channel 5: layer_003 (sparse)
	channel 6: layer_004 (sparse)
	channel 7: layer_005 (sparse)
	channel 8: layer_006 (sparse)
	channel 9: layer_007 (sparse)
	channel 10: intermedTonal_0 (sparse)
	channel 11: intermedTonal_1 (sparse)
	channel 12: intermedTonal_2 (sparse)
	channel 13: intermedTonal_3 (sparse)
	channel 14: intermedTonal_4 (sparse)
	channel 15: intermedTonal_5 (sparse)
	channel 16: intermedTonal_6 (sparse)
	channel 17: intermedTonal_7 (sparse)
	channel 18: quantizedTonal (sparse)
	channel 19: errorDiffInfo2 (sparse)
	channel 20: distanceToEmpty (sparse)
	channel 21: errorDiffInfo3 (sparse)
	channel 22: errorDiffInfo4 (sparse)
	channel 23: errorDiffInfo5 (sparse)
	channel 24: errorDiffInfo6 (sparse)
	channel 25: errorDiffInfo7 (sparse)
	channel 26: errorDiffInfo8 (sparse)
	channel 27: errorDiffInfo9 (sparse)

SlaveReporter:  runs 8:45:49
slices [60, 110):
	channel 0: material (dense)
	channel 1: occupancy (dense)

SlaveReporter::runInternal
PrintJobVoxelizer:  runs 8:45:49

PrintJobVoxelizer: setting up slices
PrintJobVoxelizer: rasterizing objects
PrintJobVoxelizer: creating rasterizer
PrintJobVoxelizer: rasterizing object 1
PrintJobVoxelizer: rasterizing object 2
PrintJobVoxelizer: rasterizing object 3
Rasterizer::rasterize:
	12 trials
	total = 6.71846 s
	mean  = 0.559871 s
	var   = 0.0550715 s^2, std = 0.234673 s
	min   = 0.187496 s
	max   = 0.796819 s


PrintJobVoxelizer: voxelizing objects
Object 1 ROI: [0 0 0] --> [946 303 50]
GWNSampleFloodVoxelizer: number of samples: 209
GWNSampleFloodVoxelizer: samples evaluated
GWNSampleFloodVoxelizer: adaptive threshold = 0.498039
GWNSampleFloodVoxelizer: flooding complete
Voxelization: solid angle evaluations per voxel: 0.187365

Object 2 ROI: [0 314 0] --> [946 617 50]
GWNSampleFloodVoxelizer: number of samples: 213
GWNSampleFloodVoxelizer: samples evaluated
GWNSampleFloodVoxelizer: adaptive threshold = 0.498039
GWNSampleFloodVoxelizer: flooding complete
Voxelization: solid angle evaluations per voxel: 0.378591

Object 3 ROI: [0 628 0] --> [946 931 50]
GWNSampleFloodVoxelizer: number of samples: 211
GWNSampleFloodVoxelizer: samples evaluated
GWNSampleFloodVoxelizer: adaptive threshold = 0.498039
GWNSampleFloodVoxelizer: flooding complete
Voxelization: solid angle evaluations per voxel: 0.567535

GWNSampleFloodVoxelizer::voxelize:
	12 trials
	total = 23.4211 s
	mean  = 1.95176 s
	var   = 0.0116479 s^2, std = 0.107926 s
	min   = 1.7812 s
	max   = 2.09366 s

GWNSampleFloodVoxelizer::initIndicator:
	12 trials
	total = 3.15605 s
	mean  = 0.263004 s
	var   = 8.13288e-005 s^2, std = 0.00901825 s
	min   = 0.249963 s
	max   = 0.281213 s

GWNSampleFloodVoxelizer::selectSamples:
	12 trials
	total = 1.14056 s
	mean  = 0.0950467 s
	var   = 2.03518e-005 s^2, std = 0.00451129 s
	min   = 0.093715 s
	max   = 0.109372 s

GWNSampleFloodVoxelizer::evaluateSamples:
	12 trials
	total = 1.48435 s
	mean  = 0.123696 s
	var   = 0.0038376 s^2, std = 0.0619484 s
	min   = 0.03125 s
	max   = 0.20312 s

GWNSampleFloodVoxelizer::flood:
	12 trials
	total = 16.4839 s
	mean  = 1.37366 s
	var   = 0.0103624 s^2, std = 0.101796 s
	min   = 1.18746 s
	max   = 1.56246 s


PrintJobVoxelizer: finalizing surfaces
PrintJobVoxelizer: 1292666 surface voxels
PrintJobVoxelizer: getting output subset
PrintJobVoxelizer: updating slice indices
TonalValueCalculator:  runs 8:45:57
slices [149, 199):
	channel 0: occupancy (dense)
	channel 1: opticalFeature (sparse)

SurfaceDistanceOrderedTransfer:  runs 8:45:57
slices [123, 199):
	channel 0: occupancy (dense)
	channel 1: surfaceDist (dense)

SurfaceDistanceOrderedTransfer: 123 149 173
LayerExtractor:  runs 8:46:1
slices [121, 173):
	channel 0: occupancy (dense)
	channel 1: surfaceDist (dense)
	channel 2: layer_000 (sparse)
	channel 3: layer_001 (sparse)
	channel 4: layer_002 (sparse)
	channel 5: layer_003 (sparse)
	channel 6: layer_004 (sparse)
	channel 7: layer_005 (sparse)
	channel 8: layer_006 (sparse)
	channel 9: layer_007 (sparse)

TonalLinearizer:  runs 8:46:3
slices [122, 172):
	channel 0: occupancy (dense)
	channel 1: surfaceDist (dense)
	channel 2: layer_000 (sparse)
	channel 3: layer_001 (sparse)
	channel 4: layer_002 (sparse)
	channel 5: layer_003 (sparse)
	channel 6: layer_004 (sparse)
	channel 7: layer_005 (sparse)
	channel 8: layer_006 (sparse)
	channel 9: layer_007 (sparse)

VectorLayerHalftoner: VectorLayerHalftoner error: no tonal values available

VectorLayerHalftoner:  runs 8:46:3
slices [110, 172):
	channel 0: occupancy (dense)
	channel 1: surfaceDist (dense)
	channel 2: layer_000 (sparse)
	channel 3: layer_001 (sparse)
	channel 4: layer_002 (sparse)
	channel 5: layer_003 (sparse)
	channel 6: layer_004 (sparse)
	channel 7: layer_005 (sparse)
	channel 8: layer_006 (sparse)
	channel 9: layer_007 (sparse)
	channel 10: intermedTonal_0 (sparse)
	channel 11: intermedTonal_1 (sparse)
	channel 12: intermedTonal_2 (sparse)
	channel 13: intermedTonal_3 (sparse)
	channel 14: intermedTonal_4 (sparse)
	channel 15: intermedTonal_5 (sparse)
	channel 16: intermedTonal_6 (sparse)
	channel 17: intermedTonal_7 (sparse)
	channel 18: quantizedTonal (sparse)
	channel 19: errorDiffInfo2 (sparse)
	channel 20: distanceToEmpty (sparse)
	channel 21: errorDiffInfo3 (sparse)
	channel 22: errorDiffInfo4 (sparse)
	channel 23: errorDiffInfo5 (sparse)
	channel 24: errorDiffInfo6 (sparse)
	channel 25: errorDiffInfo7 (sparse)
	channel 26: errorDiffInfo8 (sparse)
	channel 27: errorDiffInfo9 (sparse)

SlaveReporter:  runs 8:46:17
slices [110, 160):
	channel 0: material (dense)
	channel 1: occupancy (dense)

SlaveReporter::runInternal
PrintJobVoxelizer:  runs 8:46:17

PrintJobVoxelizer: setting up slices
PrintJobVoxelizer: rasterizing objects
PrintJobVoxelizer: creating rasterizer
PrintJobVoxelizer: rasterizing object 1
PrintJobVoxelizer: rasterizing object 2
PrintJobVoxelizer: rasterizing object 3
Rasterizer::rasterize:
	15 trials
	total = 8.74961 s
	mean  = 0.583308 s
	var   = 0.045636 s^2, std = 0.213626 s
	min   = 0.187496 s
	max   = 0.796819 s


PrintJobVoxelizer: voxelizing objects
Object 1 ROI: [0 0 0] --> [946 303 50]
GWNSampleFloodVoxelizer: number of samples: 193
GWNSampleFloodVoxelizer: samples evaluated
GWNSampleFloodVoxelizer: adaptive threshold = 0.498039
GWNSampleFloodVoxelizer: flooding complete
Voxelization: solid angle evaluations per voxel: 0.154395

Object 2 ROI: [0 314 0] --> [946 617 50]
GWNSampleFloodVoxelizer: number of samples: 191
GWNSampleFloodVoxelizer: samples evaluated
GWNSampleFloodVoxelizer: adaptive threshold = 0.498039
GWNSampleFloodVoxelizer: flooding complete
Voxelization: solid angle evaluations per voxel: 0.306273

Object 3 ROI: [0 628 0] --> [946 931 50]
GWNSampleFloodVoxelizer: number of samples: 188
GWNSampleFloodVoxelizer: samples evaluated
GWNSampleFloodVoxelizer: adaptive threshold = 0.498039
GWNSampleFloodVoxelizer: flooding complete
Voxelization: solid angle evaluations per voxel: 0.456396

GWNSampleFloodVoxelizer::voxelize:
	15 trials
	total = 29.1553 s
	mean  = 1.94369 s
	var   = 0.0197664 s^2, std = 0.140593 s
	min   = 1.7187 s
	max   = 2.21868 s

GWNSampleFloodVoxelizer::initIndicator:
	15 trials
	total = 3.90597 s
	mean  = 0.260398 s
	var   = 0.000232294 s^2, std = 0.0152412 s
	min   = 0.218756 s
	max   = 0.281213 s

GWNSampleFloodVoxelizer::selectSamples:
	15 trials
	total = 1.43742 s
	mean  = 0.0958279 s
	var   = 3.0238e-005 s^2, std = 0.00549891 s
	min   = 0.093715 s
	max   = 0.109372 s

GWNSampleFloodVoxelizer::evaluateSamples:
	15 trials
	total = 1.81246 s
	mean  = 0.120831 s
	var   = 0.00305043 s^2, std = 0.0552307 s
	min   = 0.03125 s
	max   = 0.20312 s

GWNSampleFloodVoxelizer::flood:
	15 trials
	total = 20.562 s
	mean  = 1.3708 s
	var   = 0.0158139 s^2, std = 0.125753 s
	min   = 1.18746 s
	max   = 1.62495 s


PrintJobVoxelizer: finalizing surfaces
PrintJobVoxelizer: 1731661 surface voxels
PrintJobVoxelizer: getting output subset
PrintJobVoxelizer: updating slice indices
TonalValueCalculator:  runs 8:46:25
slices [199, 249):
	channel 0: occupancy (dense)
	channel 1: opticalFeature (sparse)

SurfaceDistanceOrderedTransfer:  runs 8:46:25
slices [173, 249):
	channel 0: occupancy (dense)
	channel 1: surfaceDist (dense)

SurfaceDistanceOrderedTransfer: 173 199 223
LayerExtractor:  runs 8:46:29
slices [171, 223):
	channel 0: occupancy (dense)
	channel 1: surfaceDist (dense)
	channel 2: layer_000 (sparse)
	channel 3: layer_001 (sparse)
	channel 4: layer_002 (sparse)
	channel 5: layer_003 (sparse)
	channel 6: layer_004 (sparse)
	channel 7: layer_005 (sparse)
	channel 8: layer_006 (sparse)
	channel 9: layer_007 (sparse)

TonalLinearizer:  runs 8:46:30
slices [172, 222):
	channel 0: occupancy (dense)
	channel 1: surfaceDist (dense)
	channel 2: layer_000 (sparse)
	channel 3: layer_001 (sparse)
	channel 4: layer_002 (sparse)
	channel 5: layer_003 (sparse)
	channel 6: layer_004 (sparse)
	channel 7: layer_005 (sparse)
	channel 8: layer_006 (sparse)
	channel 9: layer_007 (sparse)

VectorLayerHalftoner: VectorLayerHalftoner error: no tonal values available

VectorLayerHalftoner:  runs 8:46:31
slices [160, 222):
	channel 0: occupancy (dense)
	channel 1: surfaceDist (dense)
	channel 2: layer_000 (sparse)
	channel 3: layer_001 (sparse)
	channel 4: layer_002 (sparse)
	channel 5: layer_003 (sparse)
	channel 6: layer_004 (sparse)
	channel 7: layer_005 (sparse)
	channel 8: layer_006 (sparse)
	channel 9: layer_007 (sparse)
	channel 10: intermedTonal_0 (sparse)
	channel 11: intermedTonal_1 (sparse)
	channel 12: intermedTonal_2 (sparse)
	channel 13: intermedTonal_3 (sparse)
	channel 14: intermedTonal_4 (sparse)
	channel 15: intermedTonal_5 (sparse)
	channel 16: intermedTonal_6 (sparse)
	channel 17: intermedTonal_7 (sparse)
	channel 18: quantizedTonal (sparse)
	channel 19: errorDiffInfo2 (sparse)
	channel 20: distanceToEmpty (sparse)
	channel 21: errorDiffInfo3 (sparse)
	channel 22: errorDiffInfo4 (sparse)
	channel 23: errorDiffInfo5 (sparse)
	channel 24: errorDiffInfo6 (sparse)
	channel 25: errorDiffInfo7 (sparse)
	channel 26: errorDiffInfo8 (sparse)
	channel 27: errorDiffInfo9 (sparse)

SlaveReporter:  runs 8:46:45
slices [160, 210):
	channel 0: material (dense)
	channel 1: occupancy (dense)

SlaveReporter::runInternal
PrintJobVoxelizer:  runs 8:46:45

PrintJobVoxelizer: setting up slices
PrintJobVoxelizer: rasterizing objects
PrintJobVoxelizer: creating rasterizer
PrintJobVoxelizer: rasterizing object 1
PrintJobVoxelizer: rasterizing object 2
PrintJobVoxelizer: rasterizing object 3
Rasterizer::rasterize:
	18 trials
	total = 10.5621 s
	mean  = 0.586781 s
	var   = 0.037656 s^2, std = 0.194051 s
	min   = 0.187496 s
	max   = 0.796819 s


PrintJobVoxelizer: voxelizing objects
Object 1 ROI: [0 0 0] --> [946 303 50]
GWNSampleFloodVoxelizer: number of samples: 167
GWNSampleFloodVoxelizer: samples evaluated
GWNSampleFloodVoxelizer: adaptive threshold = 0.498039
GWNSampleFloodVoxelizer: flooding complete
Voxelization: solid angle evaluations per voxel: 0.145001

Object 2 ROI: [0 314 0] --> [946 617 50]
GWNSampleFloodVoxelizer: number of samples: 167
GWNSampleFloodVoxelizer: samples evaluated
GWNSampleFloodVoxelizer: adaptive threshold = 0.498039
GWNSampleFloodVoxelizer: flooding complete
Voxelization: solid angle evaluations per voxel: 0.288879

Object 3 ROI: [0 628 0] --> [946 931 50]
GWNSampleFloodVoxelizer: number of samples: 167
GWNSampleFloodVoxelizer: samples evaluated
GWNSampleFloodVoxelizer: adaptive threshold = 0.498039
GWNSampleFloodVoxelizer: flooding complete
Voxelization: solid angle evaluations per voxel: 0.433212

GWNSampleFloodVoxelizer::voxelize:
	18 trials
	total = 34.6551 s
	mean  = 1.92529 s
	var   = 0.0272703 s^2, std = 0.165137 s
	min   = 1.5937 s
	max   = 2.21868 s

GWNSampleFloodVoxelizer::initIndicator:
	18 trials
	total = 4.68717 s
	mean  = 0.260398 s
	var   = 0.000258244 s^2, std = 0.01607 s
	min   = 0.218756 s
	max   = 0.281213 s

GWNSampleFloodVoxelizer::selectSamples:
	18 trials
	total = 1.73429 s
	mean  = 0.0963492 s
	var   = 3.59138e-005 s^2, std = 0.00599281 s
	min   = 0.093715 s
	max   = 0.109372 s

GWNSampleFloodVoxelizer::evaluateSamples:
	18 trials
	total = 2.07808 s
	mean  = 0.115449 s
	var   = 0.00267504 s^2, std = 0.0517208 s
	min   = 0.03125 s
	max   = 0.20312 s

GWNSampleFloodVoxelizer::flood:
	18 trials
	total = 24.4369 s
	mean  = 1.3576 s
	var   = 0.0217665 s^2, std = 0.147535 s
	min   = 1.0781 s
	max   = 1.62495 s


PrintJobVoxelizer: finalizing surfaces
PrintJobVoxelizer: 2162250 surface voxels
PrintJobVoxelizer: getting output subset
PrintJobVoxelizer: updating slice indices
TonalValueCalculator:  runs 8:46:53
slices [249, 299):
	channel 0: occupancy (dense)
	channel 1: opticalFeature (sparse)

SurfaceDistanceOrderedTransfer:  runs 8:46:53
slices [223, 299):
	channel 0: occupancy (dense)
	channel 1: surfaceDist (dense)

SurfaceDistanceOrderedTransfer: 223 249 273
LayerExtractor:  runs 8:46:56
slices [221, 273):
	channel 0: occupancy (dense)
	channel 1: surfaceDist (dense)
	channel 2: layer_000 (sparse)
	channel 3: layer_001 (sparse)
	channel 4: layer_002 (sparse)
	channel 5: layer_003 (sparse)
	channel 6: layer_004 (sparse)
	channel 7: layer_005 (sparse)
	channel 8: layer_006 (sparse)
	channel 9: layer_007 (sparse)

TonalLinearizer:  runs 8:46:58
slices [222, 272):
	channel 0: occupancy (dense)
	channel 1: surfaceDist (dense)
	channel 2: layer_000 (sparse)
	channel 3: layer_001 (sparse)
	channel 4: layer_002 (sparse)
	channel 5: layer_003 (sparse)
	channel 6: layer_004 (sparse)
	channel 7: layer_005 (sparse)
	channel 8: layer_006 (sparse)
	channel 9: layer_007 (sparse)

VectorLayerHalftoner: VectorLayerHalftoner error: no tonal values available

VectorLayerHalftoner:  runs 8:46:58
slices [210, 272):
	channel 0: occupancy (dense)
	channel 1: surfaceDist (dense)
	channel 2: layer_000 (sparse)
	channel 3: layer_001 (sparse)
	channel 4: layer_002 (sparse)
	channel 5: layer_003 (sparse)
	channel 6: layer_004 (sparse)
	channel 7: layer_005 (sparse)
	channel 8: layer_006 (sparse)
	channel 9: layer_007 (sparse)
	channel 10: intermedTonal_0 (sparse)
	channel 11: intermedTonal_1 (sparse)
	channel 12: intermedTonal_2 (sparse)
	channel 13: intermedTonal_3 (sparse)
	channel 14: intermedTonal_4 (sparse)
	channel 15: intermedTonal_5 (sparse)
	channel 16: intermedTonal_6 (sparse)
	channel 17: intermedTonal_7 (sparse)
	channel 18: quantizedTonal (sparse)
	channel 19: errorDiffInfo2 (sparse)
	channel 20: distanceToEmpty (sparse)
	channel 21: errorDiffInfo3 (sparse)
	channel 22: errorDiffInfo4 (sparse)
	channel 23: errorDiffInfo5 (sparse)
	channel 24: errorDiffInfo6 (sparse)
	channel 25: errorDiffInfo7 (sparse)
	channel 26: errorDiffInfo8 (sparse)
	channel 27: errorDiffInfo9 (sparse)

SlaveReporter:  runs 8:47:13
slices [210, 260):
	channel 0: material (dense)
	channel 1: occupancy (dense)

SlaveReporter::runInternal
PrintJobVoxelizer:  runs 8:47:13

PrintJobVoxelizer: setting up slices
PrintJobVoxelizer: rasterizing objects
PrintJobVoxelizer: creating rasterizer
PrintJobVoxelizer: rasterizing object 1
PrintJobVoxelizer: rasterizing object 2
PrintJobVoxelizer: rasterizing object 3
Rasterizer::rasterize:
	21 trials
	total = 12.4682 s
	mean  = 0.593725 s
	var   = 0.0323683 s^2, std = 0.179912 s
	min   = 0.187496 s
	max   = 0.796819 s


PrintJobVoxelizer: voxelizing objects
Object 1 ROI: [0 0 0] --> [946 303 50]
GWNSampleFloodVoxelizer: number of samples: 168
GWNSampleFloodVoxelizer: samples evaluated
GWNSampleFloodVoxelizer: adaptive threshold = 0.498039
GWNSampleFloodVoxelizer: flooding complete
Voxelization: solid angle evaluations per voxel: 0.146029

Object 2 ROI: [0 314 0] --> [946 617 50]
GWNSampleFloodVoxelizer: number of samples: 168
GWNSampleFloodVoxelizer: samples evaluated
GWNSampleFloodVoxelizer: adaptive threshold = 0.498039
GWNSampleFloodVoxelizer: flooding complete
Voxelization: solid angle evaluations per voxel: 0.294588

Object 3 ROI: [0 628 0] --> [946 931 50]
GWNSampleFloodVoxelizer: number of samples: 169
GWNSampleFloodVoxelizer: samples evaluated
GWNSampleFloodVoxelizer: adaptive threshold = 0.498039
GWNSampleFloodVoxelizer: flooding complete
Voxelization: solid angle evaluations per voxel: 0.446507

GWNSampleFloodVoxelizer::voxelize:
	21 trials
	total = 40.3737 s
	mean  = 1.92256 s
	var   = 0.0395596 s^2, std = 0.198896 s
	min   = 1.5468 s
	max   = 2.34368 s

GWNSampleFloodVoxelizer::initIndicator:
	21 trials
	total = 5.43711 s
	mean  = 0.25891 s
	var   = 0.000453319 s^2, std = 0.0212913 s
	min   = 0.203087 s
	max   = 0.296866 s

GWNSampleFloodVoxelizer::selectSamples:
	21 trials
	total = 2.03115 s
	mean  = 0.0967216 s
	var   = 3.95374e-005 s^2, std = 0.00628788 s
	min   = 0.093715 s
	max   = 0.109372 s

GWNSampleFloodVoxelizer::evaluateSamples:
	21 trials
	total = 2.3437 s
	mean  = 0.111605 s
	var   = 0.00237502 s^2, std = 0.0487342 s
	min   = 0.03125 s
	max   = 0.20312 s

GWNSampleFloodVoxelizer::flood:
	21 trials
	total = 28.5618 s
	mean  = 1.36008 s
	var   = 0.0317481 s^2, std = 0.17818 s
	min   = 1.04684 s
	max   = 1.76559 s


PrintJobVoxelizer: finalizing surfaces
PrintJobVoxelizer: 2607934 surface voxels
PrintJobVoxelizer: getting output subset
PrintJobVoxelizer: updating slice indices
TonalValueCalculator:  runs 8:47:21
slices [299, 349):
	channel 0: occupancy (dense)
	channel 1: opticalFeature (sparse)

SurfaceDistanceOrderedTransfer:  runs 8:47:21
slices [273, 349):
	channel 0: occupancy (dense)
	channel 1: surfaceDist (dense)

SurfaceDistanceOrderedTransfer: 273 299 323
LayerExtractor:  runs 8:47:25
slices [271, 323):
	channel 0: occupancy (dense)
	channel 1: surfaceDist (dense)
	channel 2: layer_000 (sparse)
	channel 3: layer_001 (sparse)
	channel 4: layer_002 (sparse)
	channel 5: layer_003 (sparse)
	channel 6: layer_004 (sparse)
	channel 7: layer_005 (sparse)
	channel 8: layer_006 (sparse)
	channel 9: layer_007 (sparse)

TonalLinearizer:  runs 8:47:26
slices [272, 322):
	channel 0: occupancy (dense)
	channel 1: surfaceDist (dense)
	channel 2: layer_000 (sparse)
	channel 3: layer_001 (sparse)
	channel 4: layer_002 (sparse)
	channel 5: layer_003 (sparse)
	channel 6: layer_004 (sparse)
	channel 7: layer_005 (sparse)
	channel 8: layer_006 (sparse)
	channel 9: layer_007 (sparse)

VectorLayerHalftoner: VectorLayerHalftoner error: no tonal values available

VectorLayerHalftoner:  runs 8:47:27
slices [260, 322):
	channel 0: occupancy (dense)
	channel 1: surfaceDist (dense)
	channel 2: layer_000 (sparse)
	channel 3: layer_001 (sparse)
	channel 4: layer_002 (sparse)
	channel 5: layer_003 (sparse)
	channel 6: layer_004 (sparse)
	channel 7: layer_005 (sparse)
	channel 8: layer_006 (sparse)
	channel 9: layer_007 (sparse)
	channel 10: intermedTonal_0 (sparse)
	channel 11: intermedTonal_1 (sparse)
	channel 12: intermedTonal_2 (sparse)
	channel 13: intermedTonal_3 (sparse)
	channel 14: intermedTonal_4 (sparse)
	channel 15: intermedTonal_5 (sparse)
	channel 16: intermedTonal_6 (sparse)
	channel 17: intermedTonal_7 (sparse)
	channel 18: quantizedTonal (sparse)
	channel 19: errorDiffInfo2 (sparse)
	channel 20: distanceToEmpty (sparse)
	channel 21: errorDiffInfo3 (sparse)
	channel 22: errorDiffInfo4 (sparse)
	channel 23: errorDiffInfo5 (sparse)
	channel 24: errorDiffInfo6 (sparse)
	channel 25: errorDiffInfo7 (sparse)
	channel 26: errorDiffInfo8 (sparse)
	channel 27: errorDiffInfo9 (sparse)

SlaveReporter:  runs 8:47:42
slices [260, 310):
	channel 0: material (dense)
	channel 1: occupancy (dense)

SlaveReporter::runInternal
PrintJobVoxelizer:  runs 8:47:42

PrintJobVoxelizer: setting up slices
PrintJobVoxelizer: rasterizing objects
PrintJobVoxelizer: creating rasterizer
PrintJobVoxelizer: rasterizing object 1
PrintJobVoxelizer: rasterizing object 2
PrintJobVoxelizer: rasterizing object 3
Rasterizer::rasterize:
	24 trials
	total = 14.2338 s
	mean  = 0.593074 s
	var   = 0.0281565 s^2, std = 0.167799 s
	min   = 0.187496 s
	max   = 0.796819 s


PrintJobVoxelizer: voxelizing objects
Object 1 ROI: [0 0 0] --> [946 303 50]
GWNSampleFloodVoxelizer: number of samples: 147
GWNSampleFloodVoxelizer: samples evaluated
GWNSampleFloodVoxelizer: adaptive threshold = 0.498039
GWNSampleFloodVoxelizer: flooding complete
Voxelization: solid angle evaluations per voxel: 0.129904

Object 2 ROI: [0 314 0] --> [946 617 50]
GWNSampleFloodVoxelizer: number of samples: 142
GWNSampleFloodVoxelizer: samples evaluated
GWNSampleFloodVoxelizer: adaptive threshold = 0.498039
GWNSampleFloodVoxelizer: flooding complete
Voxelization: solid angle evaluations per voxel: 0.255623

Object 3 ROI: [0 628 0] --> [946 931 50]
GWNSampleFloodVoxelizer: number of samples: 142
GWNSampleFloodVoxelizer: samples evaluated
GWNSampleFloodVoxelizer: adaptive threshold = 0.498039
GWNSampleFloodVoxelizer: flooding complete
Voxelization: solid angle evaluations per voxel: 0.383381

GWNSampleFloodVoxelizer::voxelize:
	24 trials
	total = 45.9361 s
	mean  = 1.914 s
	var   = 0.0430502 s^2, std = 0.207485 s
	min   = 1.5468 s
	max   = 2.34368 s

GWNSampleFloodVoxelizer::initIndicator:
	24 trials
	total = 6.17141 s
	mean  = 0.257142 s
	var   = 0.000551379 s^2, std = 0.0234815 s
	min   = 0.203087 s
	max   = 0.296866 s

GWNSampleFloodVoxelizer::selectSamples:
	24 trials
	total = 2.34365 s
	mean  = 0.0976519 s
	var   = 6.90075e-005 s^2, std = 0.00830708 s
	min   = 0.093715 s
	max   = 0.124997 s

GWNSampleFloodVoxelizer::evaluateSamples:
	24 trials
	total = 2.64056 s
	mean  = 0.110023 s
	var   = 0.00209057 s^2, std = 0.0457228 s
	min   = 0.03125 s
	max   = 0.20312 s

GWNSampleFloodVoxelizer::flood:
	24 trials
	total = 32.4679 s
	mean  = 1.35283 s
	var   = 0.0345794 s^2, std = 0.185955 s
	min   = 1.04684 s
	max   = 1.76559 s


PrintJobVoxelizer: finalizing surfaces
PrintJobVoxelizer: 3034621 surface voxels
PrintJobVoxelizer: getting output subset
PrintJobVoxelizer: updating slice indices
TonalValueCalculator:  runs 8:47:50
slices [349, 399):
	channel 0: occupancy (dense)
	channel 1: opticalFeature (sparse)

SurfaceDistanceOrderedTransfer:  runs 8:47:50
slices [323, 399):
	channel 0: occupancy (dense)
	channel 1: surfaceDist (dense)

SurfaceDistanceOrderedTransfer: 323 349 373
LayerExtractor:  runs 8:47:54
slices [321, 373):
	channel 0: occupancy (dense)
	channel 1: surfaceDist (dense)
	channel 2: layer_000 (sparse)
	channel 3: layer_001 (sparse)
	channel 4: layer_002 (sparse)
	channel 5: layer_003 (sparse)
	channel 6: layer_004 (sparse)
	channel 7: layer_005 (sparse)
	channel 8: layer_006 (sparse)
	channel 9: layer_007 (sparse)

TonalLinearizer:  runs 8:47:55
slices [322, 372):
	channel 0: occupancy (dense)
	channel 1: surfaceDist (dense)
	channel 2: layer_000 (sparse)
	channel 3: layer_001 (sparse)
	channel 4: layer_002 (sparse)
	channel 5: layer_003 (sparse)
	channel 6: layer_004 (sparse)
	channel 7: layer_005 (sparse)
	channel 8: layer_006 (sparse)
	channel 9: layer_007 (sparse)

VectorLayerHalftoner: VectorLayerHalftoner error: no tonal values available

VectorLayerHalftoner:  runs 8:47:56
slices [310, 372):
	channel 0: occupancy (dense)
	channel 1: surfaceDist (dense)
	channel 2: layer_000 (sparse)
	channel 3: layer_001 (sparse)
	channel 4: layer_002 (sparse)
	channel 5: layer_003 (sparse)
	channel 6: layer_004 (sparse)
	channel 7: layer_005 (sparse)
	channel 8: layer_006 (sparse)
	channel 9: layer_007 (sparse)
	channel 10: intermedTonal_0 (sparse)
	channel 11: intermedTonal_1 (sparse)
	channel 12: intermedTonal_2 (sparse)
	channel 13: intermedTonal_3 (sparse)
	channel 14: intermedTonal_4 (sparse)
	channel 15: intermedTonal_5 (sparse)
	channel 16: intermedTonal_6 (sparse)
	channel 17: intermedTonal_7 (sparse)
	channel 18: quantizedTonal (sparse)
	channel 19: errorDiffInfo2 (sparse)
	channel 20: distanceToEmpty (sparse)
	channel 21: errorDiffInfo3 (sparse)
	channel 22: errorDiffInfo4 (sparse)
	channel 23: errorDiffInfo5 (sparse)
	channel 24: errorDiffInfo6 (sparse)
	channel 25: errorDiffInfo7 (sparse)
	channel 26: errorDiffInfo8 (sparse)
	channel 27: errorDiffInfo9 (sparse)

SlaveReporter:  runs 8:48:13
slices [310, 360):
	channel 0: material (dense)
	channel 1: occupancy (dense)

SlaveReporter::runInternal
PrintJobVoxelizer:  runs 8:48:13

PrintJobVoxelizer: setting up slices
PrintJobVoxelizer: rasterizing objects
PrintJobVoxelizer: creating rasterizer
PrintJobVoxelizer: rasterizing object 1
PrintJobVoxelizer: rasterizing object 2
PrintJobVoxelizer: rasterizing object 3
Rasterizer::rasterize:
	27 trials
	total = 16.0618 s
	mean  = 0.594882 s
	var   = 0.0249348 s^2, std = 0.157908 s
	min   = 0.187496 s
	max   = 0.796819 s


PrintJobVoxelizer: voxelizing objects
Object 1 ROI: [0 0 0] --> [946 303 50]
GWNSampleFloodVoxelizer: number of samples: 125
GWNSampleFloodVoxelizer: samples evaluated
GWNSampleFloodVoxelizer: adaptive threshold = 0.498039
GWNSampleFloodVoxelizer: flooding complete
Voxelization: solid angle evaluations per voxel: 0.126512

Object 2 ROI: [0 314 0] --> [946 617 50]
GWNSampleFloodVoxelizer: number of samples: 126
GWNSampleFloodVoxelizer: samples evaluated
GWNSampleFloodVoxelizer: adaptive threshold = 0.498039
GWNSampleFloodVoxelizer: flooding complete
Voxelization: solid angle evaluations per voxel: 0.254128

Object 3 ROI: [0 628 0] --> [946 931 50]
GWNSampleFloodVoxelizer: number of samples: 126
GWNSampleFloodVoxelizer: samples evaluated
GWNSampleFloodVoxelizer: adaptive threshold = 0.498039
GWNSampleFloodVoxelizer: flooding complete
Voxelization: solid angle evaluations per voxel: 0.380825

GWNSampleFloodVoxelizer::voxelize:
	27 trials
	total = 51.4515 s
	mean  = 1.90561 s
	var   = 0.045377 s^2, std = 0.213019 s
	min   = 1.5468 s
	max   = 2.34368 s

GWNSampleFloodVoxelizer::initIndicator:
	27 trials
	total = 6.92135 s
	mean  = 0.256346 s
	var   = 0.000568061 s^2, std = 0.023834 s
	min   = 0.203087 s
	max   = 0.296866 s

GWNSampleFloodVoxelizer::selectSamples:
	27 trials
	total = 2.62489 s
	mean  = 0.097218 s
	var   = 6.26087e-005 s^2, std = 0.00791257 s
	min   = 0.093715 s
	max   = 0.124997 s

GWNSampleFloodVoxelizer::evaluateSamples:
	27 trials
	total = 2.85931 s
	mean  = 0.1059 s
	var   = 0.00199684 s^2, std = 0.0446861 s
	min   = 0.03125 s
	max   = 0.20312 s

GWNSampleFloodVoxelizer::flood:
	27 trials
	total = 36.4365 s
	mean  = 1.3495 s
	var   = 0.0361148 s^2, std = 0.190039 s
	min   = 1.04684 s
	max   = 1.76559 s


PrintJobVoxelizer: finalizing surfaces
PrintJobVoxelizer: 3468119 surface voxels
PrintJobVoxelizer: getting output subset
PrintJobVoxelizer: updating slice indices
TonalValueCalculator:  runs 8:48:21
slices [399, 449):
	channel 0: occupancy (dense)
	channel 1: opticalFeature (sparse)

SurfaceDistanceOrderedTransfer:  runs 8:48:21
slices [373, 449):
	channel 0: occupancy (dense)
	channel 1: surfaceDist (dense)

SurfaceDistanceOrderedTransfer: 373 399 423
LayerExtractor:  runs 8:48:25
slices [371, 423):
	channel 0: occupancy (dense)
	channel 1: surfaceDist (dense)
	channel 2: layer_000 (sparse)
	channel 3: layer_001 (sparse)
	channel 4: layer_002 (sparse)
	channel 5: layer_003 (sparse)
	channel 6: layer_004 (sparse)
	channel 7: layer_005 (sparse)
	channel 8: layer_006 (sparse)
	channel 9: layer_007 (sparse)

TonalLinearizer:  runs 8:48:26
slices [372, 422):
	channel 0: occupancy (dense)
	channel 1: surfaceDist (dense)
	channel 2: layer_000 (sparse)
	channel 3: layer_001 (sparse)
	channel 4: layer_002 (sparse)
	channel 5: layer_003 (sparse)
	channel 6: layer_004 (sparse)
	channel 7: layer_005 (sparse)
	channel 8: layer_006 (sparse)
	channel 9: layer_007 (sparse)

VectorLayerHalftoner: VectorLayerHalftoner error: no tonal values available

VectorLayerHalftoner:  runs 8:48:26
slices [360, 422):
	channel 0: occupancy (dense)
	channel 1: surfaceDist (dense)
	channel 2: layer_000 (sparse)
	channel 3: layer_001 (sparse)
	channel 4: layer_002 (sparse)
	channel 5: layer_003 (sparse)
	channel 6: layer_004 (sparse)
	channel 7: layer_005 (sparse)
	channel 8: layer_006 (sparse)
	channel 9: layer_007 (sparse)
	channel 10: intermedTonal_0 (sparse)
	channel 11: intermedTonal_1 (sparse)
	channel 12: intermedTonal_2 (sparse)
	channel 13: intermedTonal_3 (sparse)
	channel 14: intermedTonal_4 (sparse)
	channel 15: intermedTonal_5 (sparse)
	channel 16: intermedTonal_6 (sparse)
	channel 17: intermedTonal_7 (sparse)
	channel 18: quantizedTonal (sparse)
	channel 19: errorDiffInfo2 (sparse)
	channel 20: distanceToEmpty (sparse)
	channel 21: errorDiffInfo3 (sparse)
	channel 22: errorDiffInfo4 (sparse)
	channel 23: errorDiffInfo5 (sparse)
	channel 24: errorDiffInfo6 (sparse)
	channel 25: errorDiffInfo7 (sparse)
	channel 26: errorDiffInfo8 (sparse)
	channel 27: errorDiffInfo9 (sparse)

SlaveReporter:  runs 8:48:44
slices [360, 410):
	channel 0: material (dense)
	channel 1: occupancy (dense)

SlaveReporter::runInternal
PrintJobVoxelizer:  runs 8:48:44

PrintJobVoxelizer: setting up slices
PrintJobVoxelizer: rasterizing objects
PrintJobVoxelizer: creating rasterizer
PrintJobVoxelizer: rasterizing object 1
PrintJobVoxelizer: rasterizing object 2
PrintJobVoxelizer: rasterizing object 3
Rasterizer::rasterize:
	30 trials
	total = 17.7962 s
	mean  = 0.593207 s
	var   = 0.0223815 s^2, std = 0.149605 s
	min   = 0.187496 s
	max   = 0.796819 s


PrintJobVoxelizer: voxelizing objects
Object 1 ROI: [0 0 0] --> [946 303 50]
GWNSampleFloodVoxelizer: number of samples: 144
GWNSampleFloodVoxelizer: samples evaluated
GWNSampleFloodVoxelizer: adaptive threshold = 0.498039
GWNSampleFloodVoxelizer: flooding complete
Voxelization: solid angle evaluations per voxel: 0.131883

Object 2 ROI: [0 314 0] --> [946 617 50]
GWNSampleFloodVoxelizer: number of samples: 146
GWNSampleFloodVoxelizer: samples evaluated
GWNSampleFloodVoxelizer: adaptive threshold = 0.498039
GWNSampleFloodVoxelizer: flooding complete
Voxelization: solid angle evaluations per voxel: 0.266177

Object 3 ROI: [0 628 0] --> [946 931 50]
GWNSampleFloodVoxelizer: number of samples: 150
GWNSampleFloodVoxelizer: samples evaluated
GWNSampleFloodVoxelizer: adaptive threshold = 0.498039
GWNSampleFloodVoxelizer: flooding complete
Voxelization: solid angle evaluations per voxel: 0.405919

GWNSampleFloodVoxelizer::voxelize:
	30 trials
	total = 56.608 s
	mean  = 1.88693 s
	var   = 0.0486284 s^2, std = 0.220518 s
	min   = 1.48446 s
	max   = 2.34368 s

GWNSampleFloodVoxelizer::initIndicator:
	30 trials
	total = 7.62447 s
	mean  = 0.254149 s
	var   = 0.000621528 s^2, std = 0.0249305 s
	min   = 0.203087 s
	max   = 0.296866 s

GWNSampleFloodVoxelizer::selectSamples:
	30 trials
	total = 2.90615 s
	mean  = 0.0968716 s
	var   = 5.72492e-005 s^2, std = 0.00756632 s
	min   = 0.093715 s
	max   = 0.124997 s

GWNSampleFloodVoxelizer::evaluateSamples:
	30 trials
	total = 3.09369 s
	mean  = 0.103123 s
	var   = 0.00187892 s^2, std = 0.0433465 s
	min   = 0.03125 s
	max   = 0.20312 s

GWNSampleFloodVoxelizer::flood:
	30 trials
	total = 40.0617 s
	mean  = 1.33539 s
	var   = 0.037842 s^2, std = 0.19453 s
	min   = 1.00004 s
	max   = 1.76559 s


PrintJobVoxelizer: finalizing surfaces
PrintJobVoxelizer: 3882093 surface voxels
PrintJobVoxelizer: getting output subset
PrintJobVoxelizer: updating slice indices
TonalValueCalculator:  runs 8:48:52
slices [449, 499):
	channel 0: occupancy (dense)
	channel 1: opticalFeature (sparse)

SurfaceDistanceOrderedTransfer:  runs 8:48:52
slices [423, 499):
	channel 0: occupancy (dense)
	channel 1: surfaceDist (dense)

SurfaceDistanceOrderedTransfer: 423 449 473
LayerExtractor:  runs 8:48:55
slices [421, 473):
	channel 0: occupancy (dense)
	channel 1: surfaceDist (dense)
	channel 2: layer_000 (sparse)
	channel 3: layer_001 (sparse)
	channel 4: layer_002 (sparse)
	channel 5: layer_003 (sparse)
	channel 6: layer_004 (sparse)
	channel 7: layer_005 (sparse)
	channel 8: layer_006 (sparse)
	channel 9: layer_007 (sparse)

TonalLinearizer:  runs 8:48:57
slices [422, 472):
	channel 0: occupancy (dense)
	channel 1: surfaceDist (dense)
	channel 2: layer_000 (sparse)
	channel 3: layer_001 (sparse)
	channel 4: layer_002 (sparse)
	channel 5: layer_003 (sparse)
	channel 6: layer_004 (sparse)
	channel 7: layer_005 (sparse)
	channel 8: layer_006 (sparse)
	channel 9: layer_007 (sparse)

VectorLayerHalftoner: VectorLayerHalftoner error: no tonal values available

VectorLayerHalftoner:  runs 8:48:57
slices [410, 472):
	channel 0: occupancy (dense)
	channel 1: surfaceDist (dense)
	channel 2: layer_000 (sparse)
	channel 3: layer_001 (sparse)
	channel 4: layer_002 (sparse)
	channel 5: layer_003 (sparse)
	channel 6: layer_004 (sparse)
	channel 7: layer_005 (sparse)
	channel 8: layer_006 (sparse)
	channel 9: layer_007 (sparse)
	channel 10: intermedTonal_0 (sparse)
	channel 11: intermedTonal_1 (sparse)
	channel 12: intermedTonal_2 (sparse)
	channel 13: intermedTonal_3 (sparse)
	channel 14: intermedTonal_4 (sparse)
	channel 15: intermedTonal_5 (sparse)
	channel 16: intermedTonal_6 (sparse)
	channel 17: intermedTonal_7 (sparse)
	channel 18: quantizedTonal (sparse)
	channel 19: errorDiffInfo2 (sparse)
	channel 20: distanceToEmpty (sparse)
	channel 21: errorDiffInfo3 (sparse)
	channel 22: errorDiffInfo4 (sparse)
	channel 23: errorDiffInfo5 (sparse)
	channel 24: errorDiffInfo6 (sparse)
	channel 25: errorDiffInfo7 (sparse)
	channel 26: errorDiffInfo8 (sparse)
	channel 27: errorDiffInfo9 (sparse)

SlaveReporter:  runs 8:49:12
slices [410, 460):
	channel 0: material (dense)
	channel 1: occupancy (dense)

SlaveReporter::runInternal
PrintJobVoxelizer:  runs 8:49:12

PrintJobVoxelizer: setting up slices
PrintJobVoxelizer: rasterizing objects
PrintJobVoxelizer: creating rasterizer
PrintJobVoxelizer: rasterizing object 1
PrintJobVoxelizer: rasterizing object 2
PrintJobVoxelizer: rasterizing object 3
Rasterizer::rasterize:
	33 trials
	total = 19.6244 s
	mean  = 0.594679 s
	var   = 0.0203208 s^2, std = 0.142551 s
	min   = 0.187496 s
	max   = 0.796819 s


PrintJobVoxelizer: voxelizing objects
Object 1 ROI: [0 0 0] --> [946 303 50]
GWNSampleFloodVoxelizer: number of samples: 167
GWNSampleFloodVoxelizer: samples evaluated
GWNSampleFloodVoxelizer: adaptive threshold = 0.498039
GWNSampleFloodVoxelizer: flooding complete
Voxelization: solid angle evaluations per voxel: 0.166277

Object 2 ROI: [0 314 0] --> [946 617 50]
GWNSampleFloodVoxelizer: number of samples: 165
GWNSampleFloodVoxelizer: samples evaluated
GWNSampleFloodVoxelizer: adaptive threshold = 0.498039
GWNSampleFloodVoxelizer: flooding complete
Voxelization: solid angle evaluations per voxel: 0.330606

Object 3 ROI: [0 628 0] --> [946 931 50]
GWNSampleFloodVoxelizer: number of samples: 165
GWNSampleFloodVoxelizer: samples evaluated
GWNSampleFloodVoxelizer: adaptive threshold = 0.498039
GWNSampleFloodVoxelizer: flooding complete
Voxelization: solid angle evaluations per voxel: 0.494511

GWNSampleFloodVoxelizer::voxelize:
	33 trials
	total = 62.0769 s
	mean  = 1.88112 s
	var   = 0.047872 s^2, std = 0.218797 s
	min   = 1.48446 s
	max   = 2.34368 s

GWNSampleFloodVoxelizer::initIndicator:
	33 trials
	total = 8.40569 s
	mean  = 0.254718 s
	var   = 0.000648016 s^2, std = 0.0254562 s
	min   = 0.203087 s
	max   = 0.296866 s

GWNSampleFloodVoxelizer::selectSamples:
	33 trials
	total = 3.23429 s
	mean  = 0.0980087 s
	var   = 8.04757e-005 s^2, std = 0.00897083 s
	min   = 0.093715 s
	max   = 0.125005 s

GWNSampleFloodVoxelizer::evaluateSamples:
	33 trials
	total = 3.37496 s
	mean  = 0.102271 s
	var   = 0.00172551 s^2, std = 0.0415393 s
	min   = 0.03125 s
	max   = 0.20312 s

GWNSampleFloodVoxelizer::flood:
	33 trials
	total = 43.8587 s
	mean  = 1.32905 s
	var   = 0.037333 s^2, std = 0.193217 s
	min   = 1.00004 s
	max   = 1.76559 s


PrintJobVoxelizer: finalizing surfaces
PrintJobVoxelizer: 4298363 surface voxels
PrintJobVoxelizer: getting output subset
PrintJobVoxelizer: updating slice indices
TonalValueCalculator:  runs 8:49:19
slices [499, 549):
	channel 0: occupancy (dense)
	channel 1: opticalFeature (sparse)

SurfaceDistanceOrderedTransfer:  runs 8:49:20
slices [473, 549):
	channel 0: occupancy (dense)
	channel 1: surfaceDist (dense)

SurfaceDistanceOrderedTransfer: 473 499 523
LayerExtractor:  runs 8:49:23
slices [471, 523):
	channel 0: occupancy (dense)
	channel 1: surfaceDist (dense)
	channel 2: layer_000 (sparse)
	channel 3: layer_001 (sparse)
	channel 4: layer_002 (sparse)
	channel 5: layer_003 (sparse)
	channel 6: layer_004 (sparse)
	channel 7: layer_005 (sparse)
	channel 8: layer_006 (sparse)
	channel 9: layer_007 (sparse)

TonalLinearizer:  runs 8:49:25
slices [472, 522):
	channel 0: occupancy (dense)
	channel 1: surfaceDist (dense)
	channel 2: layer_000 (sparse)
	channel 3: layer_001 (sparse)
	channel 4: layer_002 (sparse)
	channel 5: layer_003 (sparse)
	channel 6: layer_004 (sparse)
	channel 7: layer_005 (sparse)
	channel 8: layer_006 (sparse)
	channel 9: layer_007 (sparse)

VectorLayerHalftoner: VectorLayerHalftoner error: no tonal values available

VectorLayerHalftoner:  runs 8:49:25
slices [460, 522):
	channel 0: occupancy (dense)
	channel 1: surfaceDist (dense)
	channel 2: layer_000 (sparse)
	channel 3: layer_001 (sparse)
	channel 4: layer_002 (sparse)
	channel 5: layer_003 (sparse)
	channel 6: layer_004 (sparse)
	channel 7: layer_005 (sparse)
	channel 8: layer_006 (sparse)
	channel 9: layer_007 (sparse)
	channel 10: intermedTonal_0 (sparse)
	channel 11: intermedTonal_1 (sparse)
	channel 12: intermedTonal_2 (sparse)
	channel 13: intermedTonal_3 (sparse)
	channel 14: intermedTonal_4 (sparse)
	channel 15: intermedTonal_5 (sparse)
	channel 16: intermedTonal_6 (sparse)
	channel 17: intermedTonal_7 (sparse)
	channel 18: quantizedTonal (sparse)
	channel 19: errorDiffInfo2 (sparse)
	channel 20: distanceToEmpty (sparse)
	channel 21: errorDiffInfo3 (sparse)
	channel 22: errorDiffInfo4 (sparse)
	channel 23: errorDiffInfo5 (sparse)
	channel 24: errorDiffInfo6 (sparse)
	channel 25: errorDiffInfo7 (sparse)
	channel 26: errorDiffInfo8 (sparse)
	channel 27: errorDiffInfo9 (sparse)

SlaveReporter:  runs 8:49:38
slices [460, 510):
	channel 0: material (dense)
	channel 1: occupancy (dense)

SlaveReporter::runInternal
PrintJobVoxelizer:  runs 8:49:38

PrintJobVoxelizer: setting up slices
PrintJobVoxelizer: rasterizing objects
PrintJobVoxelizer: creating rasterizer
PrintJobVoxelizer: rasterizing object 1
PrintJobVoxelizer: rasterizing object 2
PrintJobVoxelizer: rasterizing object 3
Rasterizer::rasterize:
	36 trials
	total = 21.5151 s
	mean  = 0.59764 s
	var   = 0.0186829 s^2, std = 0.136686 s
	min   = 0.187496 s
	max   = 0.796819 s


PrintJobVoxelizer: voxelizing objects
Object 1 ROI: [0 0 0] --> [946 303 50]
GWNSampleFloodVoxelizer: number of samples: 208
GWNSampleFloodVoxelizer: samples evaluated
GWNSampleFloodVoxelizer: adaptive threshold = 0.498039
GWNSampleFloodVoxelizer: flooding complete
Voxelization: solid angle evaluations per voxel: 0.208719

Object 2 ROI: [0 314 0] --> [946 617 50]
GWNSampleFloodVoxelizer: number of samples: 208
GWNSampleFloodVoxelizer: samples evaluated
GWNSampleFloodVoxelizer: adaptive threshold = 0.498039
GWNSampleFloodVoxelizer: flooding complete
Voxelization: solid angle evaluations per voxel: 0.418061

Object 3 ROI: [0 628 0] --> [946 931 50]
GWNSampleFloodVoxelizer: number of samples: 206
GWNSampleFloodVoxelizer: samples evaluated
GWNSampleFloodVoxelizer: adaptive threshold = 0.498039
GWNSampleFloodVoxelizer: flooding complete
Voxelization: solid angle evaluations per voxel: 0.624873

GWNSampleFloodVoxelizer::voxelize:
	36 trials
	total = 68.0303 s
	mean  = 1.88973 s
	var   = 0.0465464 s^2, std = 0.215746 s
	min   = 1.48446 s
	max   = 2.34368 s

GWNSampleFloodVoxelizer::initIndicator:
	36 trials
	total = 9.17129 s
	mean  = 0.254758 s
	var   = 0.000625037 s^2, std = 0.0250007 s
	min   = 0.203087 s
	max   = 0.296866 s

GWNSampleFloodVoxelizer::selectSamples:
	36 trials
	total = 3.51555 s
	mean  = 0.0976542 s
	var   = 7.50002e-005 s^2, std = 0.00866026 s
	min   = 0.093715 s
	max   = 0.125005 s

GWNSampleFloodVoxelizer::evaluateSamples:
	36 trials
	total = 3.73436 s
	mean  = 0.103732 s
	var   = 0.00160641 s^2, std = 0.04008 s
	min   = 0.03125 s
	max   = 0.20312 s

GWNSampleFloodVoxelizer::flood:
	36 trials
	total = 48.1089 s
	mean  = 1.33636 s
	var   = 0.0366111 s^2, std = 0.19134 s
	min   = 1.00004 s
	max   = 1.76559 s


PrintJobVoxelizer: finalizing surfaces
PrintJobVoxelizer: 4721100 surface voxels
PrintJobVoxelizer: getting output subset
PrintJobVoxelizer: updating slice indices
TonalValueCalculator:  runs 8:49:46
slices [549, 599):
	channel 0: occupancy (dense)
	channel 1: opticalFeature (sparse)

SurfaceDistanceOrderedTransfer:  runs 8:49:46
slices [523, 599):
	channel 0: occupancy (dense)
	channel 1: surfaceDist (dense)

SurfaceDistanceOrderedTransfer: 523 549 573
LayerExtractor:  runs 8:49:50
slices [521, 573):
	channel 0: occupancy (dense)
	channel 1: surfaceDist (dense)
	channel 2: layer_000 (sparse)
	channel 3: layer_001 (sparse)
	channel 4: layer_002 (sparse)
	channel 5: layer_003 (sparse)
	channel 6: layer_004 (sparse)
	channel 7: layer_005 (sparse)
	channel 8: layer_006 (sparse)
	channel 9: layer_007 (sparse)

TonalLinearizer:  runs 8:49:51
slices [522, 572):
	channel 0: occupancy (dense)
	channel 1: surfaceDist (dense)
	channel 2: layer_000 (sparse)
	channel 3: layer_001 (sparse)
	channel 4: layer_002 (sparse)
	channel 5: layer_003 (sparse)
	channel 6: layer_004 (sparse)
	channel 7: layer_005 (sparse)
	channel 8: layer_006 (sparse)
	channel 9: layer_007 (sparse)

VectorLayerHalftoner: VectorLayerHalftoner error: no tonal values available

VectorLayerHalftoner:  runs 8:49:52
slices [510, 572):
	channel 0: occupancy (dense)
	channel 1: surfaceDist (dense)
	channel 2: layer_000 (sparse)
	channel 3: layer_001 (sparse)
	channel 4: layer_002 (sparse)
	channel 5: layer_003 (sparse)
	channel 6: layer_004 (sparse)
	channel 7: layer_005 (sparse)
	channel 8: layer_006 (sparse)
	channel 9: layer_007 (sparse)
	channel 10: intermedTonal_0 (sparse)
	channel 11: intermedTonal_1 (sparse)
	channel 12: intermedTonal_2 (sparse)
	channel 13: intermedTonal_3 (sparse)
	channel 14: intermedTonal_4 (sparse)
	channel 15: intermedTonal_5 (sparse)
	channel 16: intermedTonal_6 (sparse)
	channel 17: intermedTonal_7 (sparse)
	channel 18: quantizedTonal (sparse)
	channel 19: errorDiffInfo2 (sparse)
	channel 20: distanceToEmpty (sparse)
	channel 21: errorDiffInfo3 (sparse)
	channel 22: errorDiffInfo4 (sparse)
	channel 23: errorDiffInfo5 (sparse)
	channel 24: errorDiffInfo6 (sparse)
	channel 25: errorDiffInfo7 (sparse)
	channel 26: errorDiffInfo8 (sparse)
	channel 27: errorDiffInfo9 (sparse)

SlaveReporter:  runs 8:50:4
slices [510, 560):
	channel 0: material (dense)
	channel 1: occupancy (dense)

SlaveReporter::runInternal
PrintJobVoxelizer:  runs 8:50:4

PrintJobVoxelizer: setting up slices
PrintJobVoxelizer: rasterizing objects
PrintJobVoxelizer: creating rasterizer
PrintJobVoxelizer: rasterizing object 1
PrintJobVoxelizer: rasterizing object 2
PrintJobVoxelizer: rasterizing object 3
Rasterizer::rasterize:
	39 trials
	total = 23.812 s
	mean  = 0.610565 s
	var   = 0.0195095 s^2, std = 0.139676 s
	min   = 0.187496 s
	max   = 0.843796 s


PrintJobVoxelizer: voxelizing objects
Object 1 ROI: [0 0 0] --> [946 303 50]
GWNSampleFloodVoxelizer: number of samples: 271
GWNSampleFloodVoxelizer: samples evaluated
GWNSampleFloodVoxelizer: adaptive threshold = 0.498039
GWNSampleFloodVoxelizer: flooding complete
Voxelization: solid angle evaluations per voxel: 0.317737

Object 2 ROI: [0 314 0] --> [946 617 50]
GWNSampleFloodVoxelizer: number of samples: 271
GWNSampleFloodVoxelizer: samples evaluated
GWNSampleFloodVoxelizer: adaptive threshold = 0.498039
GWNSampleFloodVoxelizer: flooding complete
Voxelization: solid angle evaluations per voxel: 0.634785

Object 3 ROI: [0 628 0] --> [946 931 50]
GWNSampleFloodVoxelizer: number of samples: 270
GWNSampleFloodVoxelizer: samples evaluated
GWNSampleFloodVoxelizer: adaptive threshold = 0.498039
GWNSampleFloodVoxelizer: flooding complete
Voxelization: solid angle evaluations per voxel: 0.950728

GWNSampleFloodVoxelizer::voxelize:
	39 trials
	total = 73.7961 s
	mean  = 1.89221 s
	var   = 0.0436797 s^2, std = 0.208997 s
	min   = 1.48446 s
	max   = 2.34368 s

GWNSampleFloodVoxelizer::initIndicator:
	39 trials
	total = 9.96814 s
	mean  = 0.255593 s
	var   = 0.000597136 s^2, std = 0.0244364 s
	min   = 0.203087 s
	max   = 0.296866 s

GWNSampleFloodVoxelizer::selectSamples:
	39 trials
	total = 3.81245 s
	mean  = 0.0977551 s
	var   = 7.34941e-005 s^2, std = 0.00857287 s
	min   = 0.093715 s
	max   = 0.125005 s

GWNSampleFloodVoxelizer::evaluateSamples:
	39 trials
	total = 4.23437 s
	mean  = 0.108574 s
	var   = 0.00177254 s^2, std = 0.0421016 s
	min   = 0.03125 s
	max   = 0.20312 s

GWNSampleFloodVoxelizer::flood:
	39 trials
	total = 51.9997 s
	mean  = 1.33333 s
	var   = 0.0343867 s^2, std = 0.185436 s
	min   = 1.00004 s
	max   = 1.76559 s


PrintJobVoxelizer: finalizing surfaces
PrintJobVoxelizer: 5187077 surface voxels
PrintJobVoxelizer: getting output subset
PrintJobVoxelizer: updating slice indices
TonalValueCalculator:  runs 8:50:13
slices [599, 649):
	channel 0: occupancy (dense)
	channel 1: opticalFeature (sparse)

SurfaceDistanceOrderedTransfer:  runs 8:50:13
slices [573, 649):
	channel 0: occupancy (dense)
	channel 1: surfaceDist (dense)

SurfaceDistanceOrderedTransfer: 573 599 623
LayerExtractor:  runs 8:50:17
slices [571, 623):
	channel 0: occupancy (dense)
	channel 1: surfaceDist (dense)
	channel 2: layer_000 (sparse)
	channel 3: layer_001 (sparse)
	channel 4: layer_002 (sparse)
	channel 5: layer_003 (sparse)
	channel 6: layer_004 (sparse)
	channel 7: layer_005 (sparse)
	channel 8: layer_006 (sparse)
	channel 9: layer_007 (sparse)

TonalLinearizer:  runs 8:50:19
slices [572, 622):
	channel 0: occupancy (dense)
	channel 1: surfaceDist (dense)
	channel 2: layer_000 (sparse)
	channel 3: layer_001 (sparse)
	channel 4: layer_002 (sparse)
	channel 5: layer_003 (sparse)
	channel 6: layer_004 (sparse)
	channel 7: layer_005 (sparse)
	channel 8: layer_006 (sparse)
	channel 9: layer_007 (sparse)

VectorLayerHalftoner: VectorLayerHalftoner error: no tonal values available

VectorLayerHalftoner:  runs 8:50:19
slices [560, 622):
	channel 0: occupancy (dense)
	channel 1: surfaceDist (dense)
	channel 2: layer_000 (sparse)
	channel 3: layer_001 (sparse)
	channel 4: layer_002 (sparse)
	channel 5: layer_003 (sparse)
	channel 6: layer_004 (sparse)
	channel 7: layer_005 (sparse)
	channel 8: layer_006 (sparse)
	channel 9: layer_007 (sparse)
	channel 10: intermedTonal_0 (sparse)
	channel 11: intermedTonal_1 (sparse)
	channel 12: intermedTonal_2 (sparse)
	channel 13: intermedTonal_3 (sparse)
	channel 14: intermedTonal_4 (sparse)
	channel 15: intermedTonal_5 (sparse)
	channel 16: intermedTonal_6 (sparse)
	channel 17: intermedTonal_7 (sparse)
	channel 18: quantizedTonal (sparse)
	channel 19: errorDiffInfo2 (sparse)
	channel 20: distanceToEmpty (sparse)
	channel 21: errorDiffInfo3 (sparse)
	channel 22: errorDiffInfo4 (sparse)
	channel 23: errorDiffInfo5 (sparse)
	channel 24: errorDiffInfo6 (sparse)
	channel 25: errorDiffInfo7 (sparse)
	channel 26: errorDiffInfo8 (sparse)
	channel 27: errorDiffInfo9 (sparse)

SlaveReporter:  runs 8:50:33
slices [560, 610):
	channel 0: material (dense)
	channel 1: occupancy (dense)

SlaveReporter::runInternal
PrintJobVoxelizer:  runs 8:50:33

PrintJobVoxelizer: setting up slices
PrintJobVoxelizer: rasterizing objects
PrintJobVoxelizer: creating rasterizer
PrintJobVoxelizer: rasterizing object 1
PrintJobVoxelizer: rasterizing object 2
PrintJobVoxelizer: rasterizing object 3
Rasterizer::rasterize:
	42 trials
	total = 25.6871 s
	mean  = 0.611597 s
	var   = 0.0180962 s^2, std = 0.134522 s
	min   = 0.187496 s
	max   = 0.843796 s


PrintJobVoxelizer: voxelizing objects
Object 1 ROI: [0 0 0] --> [946 303 50]
GWNSampleFloodVoxelizer: number of samples: 222
GWNSampleFloodVoxelizer: samples evaluated
GWNSampleFloodVoxelizer: adaptive threshold = 0.498039
GWNSampleFloodVoxelizer: flooding complete
Voxelization: solid angle evaluations per voxel: 0.250234

Object 2 ROI: [0 314 0] --> [946 617 50]
GWNSampleFloodVoxelizer: number of samples: 218
GWNSampleFloodVoxelizer: samples evaluated
GWNSampleFloodVoxelizer: adaptive threshold = 0.498039
GWNSampleFloodVoxelizer: flooding complete
Voxelization: solid angle evaluations per voxel: 0.496244

Object 3 ROI: [0 628 0] --> [946 931 50]
GWNSampleFloodVoxelizer: number of samples: 218
GWNSampleFloodVoxelizer: samples evaluated
GWNSampleFloodVoxelizer: adaptive threshold = 0.498039
GWNSampleFloodVoxelizer: flooding complete
Voxelization: solid angle evaluations per voxel: 0.741363

GWNSampleFloodVoxelizer::voxelize:
	42 trials
	total = 79.7963 s
	mean  = 1.89991 s
	var   = 0.0415719 s^2, std = 0.203892 s
	min   = 1.48446 s
	max   = 2.34368 s

GWNSampleFloodVoxelizer::initIndicator:
	42 trials
	total = 10.8588 s
	mean  = 0.258542 s
	var   = 0.000681155 s^2, std = 0.0260989 s
	min   = 0.203087 s
	max   = 0.312513 s

GWNSampleFloodVoxelizer::selectSamples:
	42 trials
	total = 4.1406 s
	mean  = 0.0985857 s
	var   = 8.92154e-005 s^2, std = 0.00944539 s
	min   = 0.093715 s
	max   = 0.125009 s

GWNSampleFloodVoxelizer::evaluateSamples:
	42 trials
	total = 4.70313 s
	mean  = 0.111979 s
	var   = 0.00179731 s^2, std = 0.0423947 s
	min   = 0.03125 s
	max   = 0.20312 s

GWNSampleFloodVoxelizer::flood:
	42 trials
	total = 56.0311 s
	mean  = 1.33407 s
	var   = 0.0320329 s^2, std = 0.178977 s
	min   = 1.00004 s
	max   = 1.76559 s


PrintJobVoxelizer: finalizing surfaces
PrintJobVoxelizer: 5552791 surface voxels
PrintJobVoxelizer: getting output subset
PrintJobVoxelizer: updating slice indices
TonalValueCalculator:  runs 8:50:41
slices [649, 699):
	channel 0: occupancy (dense)
	channel 1: opticalFeature (sparse)

SurfaceDistanceOrderedTransfer:  runs 8:50:41
slices [623, 699):
	channel 0: occupancy (dense)
	channel 1: surfaceDist (dense)

SurfaceDistanceOrderedTransfer: 623 649 673
LayerExtractor:  runs 8:50:45
slices [621, 673):
	channel 0: occupancy (dense)
	channel 1: surfaceDist (dense)
	channel 2: layer_000 (sparse)
	channel 3: layer_001 (sparse)
	channel 4: layer_002 (sparse)
	channel 5: layer_003 (sparse)
	channel 6: layer_004 (sparse)
	channel 7: layer_005 (sparse)
	channel 8: layer_006 (sparse)
	channel 9: layer_007 (sparse)

TonalLinearizer:  runs 8:50:47
slices [622, 672):
	channel 0: occupancy (dense)
	channel 1: surfaceDist (dense)
	channel 2: layer_000 (sparse)
	channel 3: layer_001 (sparse)
	channel 4: layer_002 (sparse)
	channel 5: layer_003 (sparse)
	channel 6: layer_004 (sparse)
	channel 7: layer_005 (sparse)
	channel 8: layer_006 (sparse)
	channel 9: layer_007 (sparse)

VectorLayerHalftoner: VectorLayerHalftoner error: no tonal values available

VectorLayerHalftoner:  runs 8:50:47
slices [610, 672):
	channel 0: occupancy (dense)
	channel 1: surfaceDist (dense)
	channel 2: layer_000 (sparse)
	channel 3: layer_001 (sparse)
	channel 4: layer_002 (sparse)
	channel 5: layer_003 (sparse)
	channel 6: layer_004 (sparse)
	channel 7: layer_005 (sparse)
	channel 8: layer_006 (sparse)
	channel 9: layer_007 (sparse)
	channel 10: intermedTonal_0 (sparse)
	channel 11: intermedTonal_1 (sparse)
	channel 12: intermedTonal_2 (sparse)
	channel 13: intermedTonal_3 (sparse)
	channel 14: intermedTonal_4 (sparse)
	channel 15: intermedTonal_5 (sparse)
	channel 16: intermedTonal_6 (sparse)
	channel 17: intermedTonal_7 (sparse)
	channel 18: quantizedTonal (sparse)
	channel 19: errorDiffInfo2 (sparse)
	channel 20: distanceToEmpty (sparse)
	channel 21: errorDiffInfo3 (sparse)
	channel 22: errorDiffInfo4 (sparse)
	channel 23: errorDiffInfo5 (sparse)
	channel 24: errorDiffInfo6 (sparse)
	channel 25: errorDiffInfo7 (sparse)
	channel 26: errorDiffInfo8 (sparse)
	channel 27: errorDiffInfo9 (sparse)

SlaveReporter:  runs 8:51:0
slices [610, 660):
	channel 0: material (dense)
	channel 1: occupancy (dense)

SlaveReporter::runInternal
PrintJobVoxelizer:  runs 8:51:0

PrintJobVoxelizer: setting up slices
PrintJobVoxelizer: rasterizing objects
PrintJobVoxelizer: creating rasterizer
PrintJobVoxelizer: rasterizing object 1
PrintJobVoxelizer: rasterizing object 2
PrintJobVoxelizer: rasterizing object 3
Rasterizer::rasterize:
	45 trials
	total = 26.7183 s
	mean  = 0.593741 s
	var   = 0.0215719 s^2, std = 0.146874 s
	min   = 0.187496 s
	max   = 0.843796 s


PrintJobVoxelizer: voxelizing objects
Object 1 ROI: [0 0 0] --> [946 303 50]
GWNSampleFloodVoxelizer: number of samples: 103
GWNSampleFloodVoxelizer: samples evaluated
GWNSampleFloodVoxelizer: adaptive threshold = 0.498039
GWNSampleFloodVoxelizer: flooding complete
Voxelization: solid angle evaluations per voxel: 0.0749645

Object 2 ROI: [0 314 0] --> [946 617 50]
GWNSampleFloodVoxelizer: number of samples: 104
GWNSampleFloodVoxelizer: samples evaluated
GWNSampleFloodVoxelizer: adaptive threshold = 0.498039
GWNSampleFloodVoxelizer: flooding complete
Voxelization: solid angle evaluations per voxel: 0.150237

Object 3 ROI: [0 628 0] --> [946 931 50]
GWNSampleFloodVoxelizer: number of samples: 106
GWNSampleFloodVoxelizer: samples evaluated
GWNSampleFloodVoxelizer: adaptive threshold = 0.498039
GWNSampleFloodVoxelizer: flooding complete
Voxelization: solid angle evaluations per voxel: 0.227546

GWNSampleFloodVoxelizer::voxelize:
	45 trials
	total = 85.6559 s
	mean  = 1.90346 s
	var   = 0.0390514 s^2, std = 0.197614 s
	min   = 1.48446 s
	max   = 2.34368 s

GWNSampleFloodVoxelizer::initIndicator:
	45 trials
	total = 11.6712 s
	mean  = 0.259361 s
	var   = 0.000648004 s^2, std = 0.0254559 s
	min   = 0.203087 s
	max   = 0.312513 s

GWNSampleFloodVoxelizer::selectSamples:
	45 trials
	total = 4.45311 s
	mean  = 0.0989581 s
	var   = 8.88173e-005 s^2, std = 0.00942429 s
	min   = 0.093715 s
	max   = 0.125009 s

GWNSampleFloodVoxelizer::evaluateSamples:
	45 trials
	total = 4.84377 s
	mean  = 0.107639 s
	var   = 0.00194445 s^2, std = 0.044096 s
	min   = 0.03125 s
	max   = 0.20312 s

GWNSampleFloodVoxelizer::flood:
	45 trials
	total = 60.3438 s
	mean  = 1.34097 s
	var   = 0.0306747 s^2, std = 0.175142 s
	min   = 1.00004 s
	max   = 1.76559 s


PrintJobVoxelizer: finalizing surfaces
PrintJobVoxelizer: 5681378 surface voxels
PrintJobVoxelizer: getting output subset
PrintJobVoxelizer: updating slice indices
TonalValueCalculator:  runs 8:51:7
slices [699, 749):
	channel 0: occupancy (dense)
	channel 1: opticalFeature (sparse)

SurfaceDistanceOrderedTransfer:  runs 8:51:7
slices [673, 749):
	channel 0: occupancy (dense)
	channel 1: surfaceDist (dense)

SurfaceDistanceOrderedTransfer: 673 699 723
LayerExtractor:  runs 8:51:11
slices [671, 723):
	channel 0: occupancy (dense)
	channel 1: surfaceDist (dense)
	channel 2: layer_000 (sparse)
	channel 3: layer_001 (sparse)
	channel 4: layer_002 (sparse)
	channel 5: layer_003 (sparse)
	channel 6: layer_004 (sparse)
	channel 7: layer_005 (sparse)
	channel 8: layer_006 (sparse)
	channel 9: layer_007 (sparse)

TonalLinearizer:  runs 8:51:12
slices [672, 722):
	channel 0: occupancy (dense)
	channel 1: surfaceDist (dense)
	channel 2: layer_000 (sparse)
	channel 3: layer_001 (sparse)
	channel 4: layer_002 (sparse)
	channel 5: layer_003 (sparse)
	channel 6: layer_004 (sparse)
	channel 7: layer_005 (sparse)
	channel 8: layer_006 (sparse)
	channel 9: layer_007 (sparse)

VectorLayerHalftoner: VectorLayerHalftoner error: no tonal values available

VectorLayerHalftoner:  runs 8:51:12
slices [660, 722):
	channel 0: occupancy (dense)
	channel 1: surfaceDist (dense)
	channel 2: layer_000 (sparse)
	channel 3: layer_001 (sparse)
	channel 4: layer_002 (sparse)
	channel 5: layer_003 (sparse)
	channel 6: layer_004 (sparse)
	channel 7: layer_005 (sparse)
	channel 8: layer_006 (sparse)
	channel 9: layer_007 (sparse)
	channel 10: intermedTonal_0 (sparse)
	channel 11: intermedTonal_1 (sparse)
	channel 12: intermedTonal_2 (sparse)
	channel 13: intermedTonal_3 (sparse)
	channel 14: intermedTonal_4 (sparse)
	channel 15: intermedTonal_5 (sparse)
	channel 16: intermedTonal_6 (sparse)
	channel 17: intermedTonal_7 (sparse)
	channel 18: quantizedTonal (sparse)
	channel 19: errorDiffInfo2 (sparse)
	channel 20: distanceToEmpty (sparse)
	channel 21: errorDiffInfo3 (sparse)
	channel 22: errorDiffInfo4 (sparse)
	channel 23: errorDiffInfo5 (sparse)
	channel 24: errorDiffInfo6 (sparse)
	channel 25: errorDiffInfo7 (sparse)
	channel 26: errorDiffInfo8 (sparse)
	channel 27: errorDiffInfo9 (sparse)

SlaveReporter:  runs 8:51:19
slices [660, 710):
	channel 0: material (dense)
	channel 1: occupancy (dense)

SlaveReporter::runInternal
PrintJobVoxelizer:  runs 8:51:19

PrintJobVoxelizer: setting up slices
PrintJobVoxelizer: rasterizing objects
PrintJobVoxelizer: creating rasterizer
PrintJobVoxelizer: rasterizing object 1
PrintJobVoxelizer: rasterizing object 2
PrintJobVoxelizer: rasterizing object 3
Rasterizer::rasterize:
	48 trials
	total = 27.1246 s
	mean  = 0.565097 s
	var   = 0.0327679 s^2, std = 0.181019 s
	min   = 0.125001 s
	max   = 0.843796 s


PrintJobVoxelizer: voxelizing objects
Object 1 ROI: [0 0 0] --> [946 303 27]
GWNSampleFloodVoxelizer: number of samples: 86
GWNSampleFloodVoxelizer: samples evaluated
GWNSampleFloodVoxelizer: adaptive threshold = 0.498039
GWNSampleFloodVoxelizer: flooding complete
Voxelization: solid angle evaluations per voxel: 0.0493976

Object 2 ROI: [0 314 0] --> [946 617 27]
GWNSampleFloodVoxelizer: number of samples: 86
GWNSampleFloodVoxelizer: samples evaluated
GWNSampleFloodVoxelizer: adaptive threshold = 0.498039
GWNSampleFloodVoxelizer: flooding complete
Voxelization: solid angle evaluations per voxel: 0.0987953

Object 3 ROI: [0 628 0] --> [946 931 27]
GWNSampleFloodVoxelizer: number of samples: 86
GWNSampleFloodVoxelizer: samples evaluated
GWNSampleFloodVoxelizer: adaptive threshold = 0.498039
GWNSampleFloodVoxelizer: flooding complete
Voxelization: solid angle evaluations per voxel: 0.148193

GWNSampleFloodVoxelizer::voxelize:
	48 trials
	total = 88.9217 s
	mean  = 1.85254 s
	var   = 0.0764427 s^2, std = 0.276483 s
	min   = 1.04689 s
	max   = 2.34368 s

GWNSampleFloodVoxelizer::initIndicator:
	48 trials
	total = 12.1244 s
	mean  = 0.252591 s
	var   = 0.00131217 s^2, std = 0.0362239 s
	min   = 0.140605 s
	max   = 0.312513 s

GWNSampleFloodVoxelizer::selectSamples:
	48 trials
	total = 4.64059 s
	mean  = 0.096679 s
	var   = 0.000162718 s^2, std = 0.0127561 s
	min   = 0.062474 s
	max   = 0.125009 s

GWNSampleFloodVoxelizer::evaluateSamples:
	48 trials
	total = 4.90627 s
	mean  = 0.102214 s
	var   = 0.00227471 s^2, std = 0.0476939 s
	min   = 0.015625 s
	max   = 0.20312 s

GWNSampleFloodVoxelizer::flood:
	48 trials
	total = 62.7658 s
	mean  = 1.30762 s
	var   = 0.045907 s^2, std = 0.214259 s
	min   = 0.765658 s
	max   = 1.76559 s


PrintJobVoxelizer: finalizing surfaces
PrintJobVoxelizer: 5698620 surface voxels
PrintJobVoxelizer: getting output subset
PrintJobVoxelizer: updating slice indices
TonalValueCalculator:  runs 8:51:23
slices [749, 777):
	channel 0: occupancy (dense)
	channel 1: opticalFeature (sparse)

SurfaceDistanceOrderedTransfer:  runs 8:51:23
slices [723, 777):
	channel 0: occupancy (dense)
	channel 1: surfaceDist (dense)

SurfaceDistanceOrderedTransfer: 723 749 777
LayerExtractor:  runs 8:51:27
slices [721, 777):
	channel 0: occupancy (dense)
	channel 1: surfaceDist (dense)
	channel 2: layer_000 (sparse)
	channel 3: layer_001 (sparse)
	channel 4: layer_002 (sparse)
	channel 5: layer_003 (sparse)
	channel 6: layer_004 (sparse)
	channel 7: layer_005 (sparse)
	channel 8: layer_006 (sparse)
	channel 9: layer_007 (sparse)

TonalLinearizer:  runs 8:51:27
slices [722, 777):
	channel 0: occupancy (dense)
	channel 1: surfaceDist (dense)
	channel 2: layer_000 (sparse)
	channel 3: layer_001 (sparse)
	channel 4: layer_002 (sparse)
	channel 5: layer_003 (sparse)
	channel 6: layer_004 (sparse)
	channel 7: layer_005 (sparse)
	channel 8: layer_006 (sparse)
	channel 9: layer_007 (sparse)

VectorLayerHalftoner: VectorLayerHalftoner error: no tonal values available

VectorLayerHalftoner:  runs 8:51:27
slices [710, 777):
	channel 0: occupancy (dense)
	channel 1: surfaceDist (dense)
	channel 2: layer_000 (sparse)
	channel 3: layer_001 (sparse)
	channel 4: layer_002 (sparse)
	channel 5: layer_003 (sparse)
	channel 6: layer_004 (sparse)
	channel 7: layer_005 (sparse)
	channel 8: layer_006 (sparse)
	channel 9: layer_007 (sparse)
	channel 10: intermedTonal_0 (sparse)
	channel 11: intermedTonal_1 (sparse)
	channel 12: intermedTonal_2 (sparse)
	channel 13: intermedTonal_3 (sparse)
	channel 14: intermedTonal_4 (sparse)
	channel 15: intermedTonal_5 (sparse)
	channel 16: intermedTonal_6 (sparse)
	channel 17: intermedTonal_7 (sparse)
	channel 18: quantizedTonal (sparse)
	channel 19: errorDiffInfo2 (sparse)
	channel 20: distanceToEmpty (sparse)
	channel 21: errorDiffInfo3 (sparse)
	channel 22: errorDiffInfo4 (sparse)
	channel 23: errorDiffInfo5 (sparse)
	channel 24: errorDiffInfo6 (sparse)
	channel 25: errorDiffInfo7 (sparse)
	channel 26: errorDiffInfo8 (sparse)
	channel 27: errorDiffInfo9 (sparse)

SlaveReporter:  runs 8:51:32
slices [710, 777):
	channel 0: material (dense)
	channel 1: occupancy (dense)

SlaveReporter::runInternal
Computation finished 

Status: success
Slave Node  2 :Total execution time in seconds 473.833

