SlavePrintingSoftware::startUp:
	1 trials
	total = 0.312596 s
	mean  = 0.312596 s
	var   = 0 s^2, std = 0 s
	min   = 0.312596 s
	max   = 0.312596 s

PrintingSoftware::execute:
	1 trials
	total = 460.609 s
	mean  = 460.609 s
	var   = 0 s^2, std = 0 s
	min   = 460.609 s
	max   = 460.609 s

DistributedComputingInitiator::Receive:
	1 trials
	total = 19.1895 s
	mean  = 19.1895 s
	var   = 0 s^2, std = 0 s
	min   = 19.1895 s
	max   = 19.1895 s

FileParserPJ::setInput:
	1 trials
	total = 0 s
	mean  = 0 s
	var   = 0 s^2, std = 0 s
	min   = 0 s
	max   = 0 s

FileParserPJ::runInternal:
	1 trials
	total = 3.15647 s
	mean  = 3.15647 s
	var   = 0 s^2, std = 0 s
	min   = 3.15647 s
	max   = 3.15647 s

PrintJobOrganizer::setInput:
	1 trials
	total = 0.015624 s
	mean  = 0.015624 s
	var   = 0 s^2, std = 0 s
	min   = 0.015624 s
	max   = 0.015624 s

PrintJobOrganizer::runInternal:
	1 trials
	total = 0.328159 s
	mean  = 0.328159 s
	var   = 0 s^2, std = 0 s
	min   = 0.328159 s
	max   = 0.328159 s

PrintJobPreprocessor::setInput:
	1 trials
	total = 0 s
	mean  = 0 s
	var   = 0 s^2, std = 0 s
	min   = 0 s
	max   = 0 s

PrintJobPreprocessor::runInternal:
	1 trials
	total = 0.859461 s
	mean  = 0.859461 s
	var   = 0 s^2, std = 0 s
	min   = 0.859461 s
	max   = 0.859461 s

PrintJobVoxelizer::setInput:
	24 trials
	total = 0 s
	mean  = 0 s
	var   = 0 s^2, std = 0 s
	min   = 0 s
	max   = 0 s

PrintJobVoxelizer::runInternal:
	24 trials
	total = 64.7405 s
	mean  = 2.69752 s
	var   = 0.221315 s^2, std = 0.470441 s
	min   = 0.828181 s
	max   = 3.2503 s

PrintJobVoxelizer::rasterizeObjects:
	24 trials
	total = 16.7205 s
	mean  = 0.696688 s
	var   = 0.0432964 s^2, std = 0.208078 s
	min   = 0.2344 s
	max   = 0.953263 s

PrintJobVoxelizer::voxelizeObjects:
	24 trials
	total = 44.5357 s
	mean  = 1.85565 s
	var   = 0.0850682 s^2, std = 0.291665 s
	min   = 0.546929 s
	max   = 2.14087 s

PrintJobVoxelizer::finalizeSurfaces:
	24 trials
	total = 1.07805 s
	mean  = 0.0449188 s
	var   = 7.03542e-005 s^2, std = 0.00838774 s
	min   = 0.015626 s
	max   = 0.062507 s

TonalValueCalculator::setInput:
	24 trials
	total = 0 s
	mean  = 0 s
	var   = 0 s^2, std = 0 s
	min   = 0 s
	max   = 0 s

TonalValueCalculator::runInternal:
	24 trials
	total = 0.562487 s
	mean  = 0.023437 s
	var   = 0.000127362 s^2, std = 0.0112855 s
	min   = 0 s
	max   = 0.031255 s

SurfaceDistanceOrderedTransfer::setInput:
	24 trials
	total = 0.015627 s
	mean  = 0.000651125 s
	var   = 1.01751e-005 s^2, std = 0.00318985 s
	min   = 0 s
	max   = 0.015627 s

SurfaceDistanceOrderedTransfer::runInternal:
	24 trials
	total = 21.69 s
	mean  = 0.903748 s
	var   = 0.0113531 s^2, std = 0.106551 s
	min   = 0.546929 s
	max   = 1.01573 s

SurfaceDistanceOrderedTransfer::buildOrderedSurfaceData:
	24 trials
	total = 0.703298 s
	mean  = 0.0293041 s
	var   = 0.00232176 s^2, std = 0.0481846 s
	min   = 0 s
	max   = 0.250058 s

SurfaceDistanceOrderedTransfer::fillDistanceChannel:
	24 trials
	total = 1.82846 s
	mean  = 0.0761857 s
	var   = 0.000134213 s^2, std = 0.011585 s
	min   = 0.031221 s
	max   = 0.093769 s

SurfaceDistanceOrderedTransfer::transfer:
	24 trials
	total = 16.9389 s
	mean  = 0.705788 s
	var   = 0.0146437 s^2, std = 0.121011 s
	min   = 0.234397 s
	max   = 0.828181 s

SurfaceDistanceOrderedTransfer::mergeDistances:
	24 trials
	total = 0 s
	mean  = 0 s
	var   = 0 s^2, std = 0 s
	min   = 0 s
	max   = 0 s

SurfaceDistanceOrderedTransfer::applySqrt:
	24 trials
	total = 2.18803 s
	mean  = 0.0911681 s
	var   = 0.000184134 s^2, std = 0.0135696 s
	min   = 0.031253 s
	max   = 0.109418 s

LayerExtractor::setInput:
	24 trials
	total = 0 s
	mean  = 0 s
	var   = 0 s^2, std = 0 s
	min   = 0 s
	max   = 0 s

LayerExtractor::runInternal:
	24 trials
	total = 16.611 s
	mean  = 0.692124 s
	var   = 0.0488046 s^2, std = 0.220918 s
	min   = 0.125043 s
	max   = 0.984475 s

VectorLayerHalftoner::setInput:
	24 trials
	total = 0.015625 s
	mean  = 0.000651042 s
	var   = 1.01725e-005 s^2, std = 0.00318944 s
	min   = 0 s
	max   = 0.015625 s

VectorLayerHalftoner::runInternal:
	24 trials
	total = 112.84 s
	mean  = 4.70165 s
	var   = 2.02996 s^2, std = 1.42477 s
	min   = 0.82818 s
	max   = 6.61004 s

VectorLayerHalftoner(0)::setupOutputContainerSlaveReporter::serializeSlice:
	1165 trials
	total = 447.201 s
	mean  = 0.383864 s
	var   = 0.0548402 s^2, std = 0.23418 s
	min   = 0.296871 s
	max   = 2.21897 s

SlaveReporter::Send:
	30 trials
	total = 0 s
	mean  = 0 s
	var   = 0 s^2, std = 0 s
	min   = 0 s
	max   = 0 s

