Warning:json file inside profile could not be parsed 

GL version: 4.4.0

Warning: there is no json file embedded inside profile 

LayerExtractor: distance needed for layers: 0.135467

FileParserPJ: initializing
PrintJobOrganizer: initializing
PrintJobPreprocessor: initializing
PrintJobVoxelizer: initializing
TonalValueCalculator: initializing
TonalValueCalculator: Using rendering intent RELATIVE_COLORIMETRIC

SurfaceDistanceOrderedTransfer: initializing
TonalLinearizer: initializing
VectorLayerHalftoner: initializing
SlaveReporter: initializing
FileParserPJ:  runs 11:15:32

FileParserPJ: loading OBJ file

244921 vertices
489840 faces

FileParserPJ: 245383 texture coordinates

FileParserPJ: 245383 vertices after duplication

FileParserPJ: //filer-igd2.igd.fraunhofer.de/igd-3dt/shared/3DModels/Head/HeadMTL/Head_Level3.obj parsed: 245383 vertices and 489840 faces

FileParserPJ: loading jpg file

FileParserPJ: Input files parsed

PrintJobOrganizer:  runs 11:15:36

centering objects at origin
optimizing rotation for height
scaling objects
optimizing rotation for support use
PrintJobOrganizer: support cost         = 3.18654
support cost flipped = 2.86348

arranging objects in 2D
validating object placement
PrintJobOrganizer: print object 1 print-space bounding box: (0.00211667, 0.00423333, 0.00135106), (4.00212, 2.56309, 2.09785)
saving transforms to file
PrintJobPreprocessor:  runs 11:15:37

PrintJobPreprocessor: flatten
PrintJobPreprocessor: prioritize
PrintJobPreprocessor: segment-hierarchy
PrintJobPreprocessor: boundingBox
PrintJobPreprocessor: uniformAppearanceTextures
PrintJobVoxelizer:  runs 11:15:38

PrintJobVoxelizer: 
number of slices to print: 389 (2.09785 cm)
width of slices to print:  473 (4.00212 cm)
height of slices to print: 152 (2.56309 cm)
chunk size:                50 (0.270213 cm)

PrintJobVoxelizer: setting up slices
PrintJobVoxelizer: rasterizing objects
PrintJobVoxelizer: creating rasterizer
PrintJobVoxelizer: rasterizing object 1
Rasterizer::rasterize:
	1 trials
	total = 0.40626 s
	mean  = 0.40626 s
	var   = 0 s^2, std = 0 s
	min   = 0.40626 s
	max   = 0.40626 s


PrintJobVoxelizer: voxelizing objects
Object 1 ROI: [0 0 0] --> [473 152 50]
GWNSampleFloodVoxelizer: number of samples: 239
GWNSampleFloodVoxelizer: samples evaluated
GWNSampleFloodVoxelizer: adaptive threshold = 0.498039
GWNSampleFloodVoxelizer: flooding complete
Voxelization: solid angle evaluations per voxel: 2.28989

GWNSampleFloodVoxelizer::voxelize:
	1 trials
	total = 1.01564 s
	mean  = 1.01564 s
	var   = 0 s^2, std = 0 s
	min   = 1.01564 s
	max   = 1.01564 s

GWNSampleFloodVoxelizer::initIndicator:
	1 trials
	total = 0.375005 s
	mean  = 0.375005 s
	var   = 0 s^2, std = 0 s
	min   = 0.375005 s
	max   = 0.375005 s

GWNSampleFloodVoxelizer::selectSamples:
	1 trials
	total = 0.03124 s
	mean  = 0.03124 s
	var   = 0 s^2, std = 0 s
	min   = 0.03124 s
	max   = 0.03124 s

GWNSampleFloodVoxelizer::evaluateSamples:
	1 trials
	total = 0.218753 s
	mean  = 0.218753 s
	var   = 0 s^2, std = 0 s
	min   = 0.218753 s
	max   = 0.218753 s

GWNSampleFloodVoxelizer::flood:
	1 trials
	total = 0.203128 s
	mean  = 0.203128 s
	var   = 0 s^2, std = 0 s
	min   = 0.203128 s
	max   = 0.203128 s


PrintJobVoxelizer: finalizing surfaces
PrintJobVoxelizer: 29651 surface voxels
PrintJobVoxelizer: getting output subset
PrintJobVoxelizer: updating slice indices
TonalValueCalculator:  runs 11:15:40
slices [0, 49):
	channel 0: occupancy (dense)
	channel 1: opticalFeature (sparse)

SurfaceDistanceOrderedTransfer:  runs 11:15:40
slices [0, 49):
	channel 0: occupancy (dense)
	channel 1: surfaceDist (dense)

SurfaceDistanceOrderedTransfer: 0 0 23
LayerExtractor:  runs 11:15:40
slices [0, 23):
	channel 0: occupancy (dense)
	channel 1: surfaceDist (dense)
	channel 2: layer_000 (sparse)
	channel 3: layer_001 (sparse)
	channel 4: layer_002 (sparse)
	channel 5: layer_003 (sparse)
	channel 6: layer_004 (sparse)
	channel 7: layer_005 (sparse)
	channel 8: layer_006 (sparse)
	channel 9: layer_007 (sparse)

TonalLinearizer:  runs 11:15:40
slices [0, 22):
	channel 0: occupancy (dense)
	channel 1: surfaceDist (dense)
	channel 2: layer_000 (sparse)
	channel 3: layer_001 (sparse)
	channel 4: layer_002 (sparse)
	channel 5: layer_003 (sparse)
	channel 6: layer_004 (sparse)
	channel 7: layer_005 (sparse)
	channel 8: layer_006 (sparse)
	channel 9: layer_007 (sparse)

VectorLayerHalftoner: VectorLayerHalftoner error: no tonal values available

VectorLayerHalftoner:  runs 11:15:40
slices [0, 22):
	channel 0: occupancy (dense)
	channel 1: surfaceDist (dense)
	channel 2: layer_000 (sparse)
	channel 3: layer_001 (sparse)
	channel 4: layer_002 (sparse)
	channel 5: layer_003 (sparse)
	channel 6: layer_004 (sparse)
	channel 7: layer_005 (sparse)
	channel 8: layer_006 (sparse)
	channel 9: layer_007 (sparse)
	channel 10: intermedTonal_0 (sparse)
	channel 11: intermedTonal_1 (sparse)
	channel 12: intermedTonal_2 (sparse)
	channel 13: intermedTonal_3 (sparse)
	channel 14: intermedTonal_4 (sparse)
	channel 15: intermedTonal_5 (sparse)
	channel 16: intermedTonal_6 (sparse)
	channel 17: intermedTonal_7 (sparse)
	channel 18: quantizedTonal (sparse)

SlaveReporter:  runs 11:15:40
slices [0, 10):
	channel 0: material (dense)
	channel 1: occupancy (dense)

PrintJobVoxelizer:  runs 11:15:40

PrintJobVoxelizer: setting up slices
PrintJobVoxelizer: rasterizing objects
PrintJobVoxelizer: creating rasterizer
PrintJobVoxelizer: rasterizing object 1
Rasterizer::rasterize:
	2 trials
	total = 1.25002 s
	mean  = 0.625011 s
	var   = 0.0957036 s^2, std = 0.30936 s
	min   = 0.40626 s
	max   = 0.843761 s


PrintJobVoxelizer: voxelizing objects
Object 1 ROI: [0 0 0] --> [473 152 50]
GWNSampleFloodVoxelizer: number of samples: 381
GWNSampleFloodVoxelizer: samples evaluated
GWNSampleFloodVoxelizer: adaptive threshold = 0.498039
GWNSampleFloodVoxelizer: flooding complete
Voxelization: solid angle evaluations per voxel: 5.21522

GWNSampleFloodVoxelizer::voxelize:
	2 trials
	total = 2.21879 s
	mean  = 1.1094 s
	var   = 0.0175806 s^2, std = 0.132592 s
	min   = 1.01564 s
	max   = 1.20315 s

GWNSampleFloodVoxelizer::initIndicator:
	2 trials
	total = 0.750021 s
	mean  = 0.37501 s
	var   = 6.05e-011 s^2, std = 7.77817e-006 s
	min   = 0.375005 s
	max   = 0.375016 s

GWNSampleFloodVoxelizer::selectSamples:
	2 trials
	total = 0.062481 s
	mean  = 0.0312405 s
	var   = 5e-013 s^2, std = 7.07107e-007 s
	min   = 0.03124 s
	max   = 0.031241 s

GWNSampleFloodVoxelizer::evaluateSamples:
	2 trials
	total = 0.625009 s
	mean  = 0.312504 s
	var   = 0.0175787 s^2, std = 0.132585 s
	min   = 0.218753 s
	max   = 0.406256 s

GWNSampleFloodVoxelizer::flood:
	2 trials
	total = 0.406255 s
	mean  = 0.203128 s
	var   = 5e-013 s^2, std = 7.07107e-007 s
	min   = 0.203127 s
	max   = 0.203128 s


PrintJobVoxelizer: finalizing surfaces
PrintJobVoxelizer: 106888 surface voxels
PrintJobVoxelizer: getting output subset
PrintJobVoxelizer: updating slice indices
TonalValueCalculator:  runs 11:15:42
slices [49, 99):
	channel 0: occupancy (dense)
	channel 1: opticalFeature (sparse)

SurfaceDistanceOrderedTransfer:  runs 11:15:42
slices [23, 99):
	channel 0: occupancy (dense)
	channel 1: surfaceDist (dense)

SurfaceDistanceOrderedTransfer: 23 49 73
LayerExtractor:  runs 11:15:43
slices [21, 73):
	channel 0: occupancy (dense)
	channel 1: surfaceDist (dense)
	channel 2: layer_000 (sparse)
	channel 3: layer_001 (sparse)
	channel 4: layer_002 (sparse)
	channel 5: layer_003 (sparse)
	channel 6: layer_004 (sparse)
	channel 7: layer_005 (sparse)
	channel 8: layer_006 (sparse)
	channel 9: layer_007 (sparse)

TonalLinearizer:  runs 11:15:43
slices [22, 72):
	channel 0: occupancy (dense)
	channel 1: surfaceDist (dense)
	channel 2: layer_000 (sparse)
	channel 3: layer_001 (sparse)
	channel 4: layer_002 (sparse)
	channel 5: layer_003 (sparse)
	channel 6: layer_004 (sparse)
	channel 7: layer_005 (sparse)
	channel 8: layer_006 (sparse)
	channel 9: layer_007 (sparse)

VectorLayerHalftoner: VectorLayerHalftoner error: no tonal values available

VectorLayerHalftoner:  runs 11:15:43
slices [10, 72):
	channel 0: occupancy (dense)
	channel 1: surfaceDist (dense)
	channel 2: layer_000 (sparse)
	channel 3: layer_001 (sparse)
	channel 4: layer_002 (sparse)
	channel 5: layer_003 (sparse)
	channel 6: layer_004 (sparse)
	channel 7: layer_005 (sparse)
	channel 8: layer_006 (sparse)
	channel 9: layer_007 (sparse)
	channel 10: intermedTonal_0 (sparse)
	channel 11: intermedTonal_1 (sparse)
	channel 12: intermedTonal_2 (sparse)
	channel 13: intermedTonal_3 (sparse)
	channel 14: intermedTonal_4 (sparse)
	channel 15: intermedTonal_5 (sparse)
	channel 16: intermedTonal_6 (sparse)
	channel 17: intermedTonal_7 (sparse)
	channel 18: quantizedTonal (sparse)
	channel 19: errorDiffInfo2 (sparse)
	channel 20: distanceToEmpty (sparse)
	channel 21: errorDiffInfo3 (sparse)
	channel 22: errorDiffInfo4 (sparse)
	channel 23: errorDiffInfo5 (sparse)
	channel 24: errorDiffInfo6 (sparse)
	channel 25: errorDiffInfo7 (sparse)
	channel 26: errorDiffInfo8 (sparse)
	channel 27: errorDiffInfo9 (sparse)

SlaveReporter:  runs 11:15:44
slices [10, 60):
	channel 0: material (dense)
	channel 1: occupancy (dense)

PrintJobVoxelizer:  runs 11:15:44

PrintJobVoxelizer: setting up slices
PrintJobVoxelizer: rasterizing objects
PrintJobVoxelizer: creating rasterizer
PrintJobVoxelizer: rasterizing object 1
Rasterizer::rasterize:
	3 trials
	total = 1.98442 s
	mean  = 0.661474 s
	var   = 0.0518405 s^2, std = 0.227685 s
	min   = 0.40626 s
	max   = 0.843761 s


PrintJobVoxelizer: voxelizing objects
Object 1 ROI: [0 0 0] --> [473 152 50]
GWNSampleFloodVoxelizer: number of samples: 289
GWNSampleFloodVoxelizer: samples evaluated
GWNSampleFloodVoxelizer: adaptive threshold = 0.498039
GWNSampleFloodVoxelizer: flooding complete
Voxelization: solid angle evaluations per voxel: 3.53748

GWNSampleFloodVoxelizer::voxelize:
	3 trials
	total = 3.31257 s
	mean  = 1.10419 s
	var   = 0.00887161 s^2, std = 0.0941892 s
	min   = 1.01564 s
	max   = 1.20315 s

GWNSampleFloodVoxelizer::initIndicator:
	3 trials
	total = 1.12504 s
	mean  = 0.375012 s
	var   = 4.03333e-011 s^2, std = 6.35085e-006 s
	min   = 0.375005 s
	max   = 0.375016 s

GWNSampleFloodVoxelizer::selectSamples:
	3 trials
	total = 0.093721 s
	mean  = 0.0312403 s
	var   = 3.33333e-013 s^2, std = 5.7735e-007 s
	min   = 0.03124 s
	max   = 0.031241 s

GWNSampleFloodVoxelizer::evaluateSamples:
	3 trials
	total = 0.937513 s
	mean  = 0.312504 s
	var   = 0.00878934 s^2, std = 0.0937515 s
	min   = 0.218753 s
	max   = 0.406256 s

GWNSampleFloodVoxelizer::flood:
	3 trials
	total = 0.593759 s
	mean  = 0.19792 s
	var   = 8.13646e-005 s^2, std = 0.00902023 s
	min   = 0.187504 s
	max   = 0.203128 s


PrintJobVoxelizer: finalizing surfaces
PrintJobVoxelizer: 179423 surface voxels
PrintJobVoxelizer: getting output subset
PrintJobVoxelizer: updating slice indices
TonalValueCalculator:  runs 11:15:46
slices [99, 149):
	channel 0: occupancy (dense)
	channel 1: opticalFeature (sparse)

SurfaceDistanceOrderedTransfer:  runs 11:15:46
slices [73, 149):
	channel 0: occupancy (dense)
	channel 1: surfaceDist (dense)

SurfaceDistanceOrderedTransfer: 73 99 123
LayerExtractor:  runs 11:15:47
slices [71, 123):
	channel 0: occupancy (dense)
	channel 1: surfaceDist (dense)
	channel 2: layer_000 (sparse)
	channel 3: layer_001 (sparse)
	channel 4: layer_002 (sparse)
	channel 5: layer_003 (sparse)
	channel 6: layer_004 (sparse)
	channel 7: layer_005 (sparse)
	channel 8: layer_006 (sparse)
	channel 9: layer_007 (sparse)

TonalLinearizer:  runs 11:15:47
slices [72, 122):
	channel 0: occupancy (dense)
	channel 1: surfaceDist (dense)
	channel 2: layer_000 (sparse)
	channel 3: layer_001 (sparse)
	channel 4: layer_002 (sparse)
	channel 5: layer_003 (sparse)
	channel 6: layer_004 (sparse)
	channel 7: layer_005 (sparse)
	channel 8: layer_006 (sparse)
	channel 9: layer_007 (sparse)

VectorLayerHalftoner: VectorLayerHalftoner error: no tonal values available

VectorLayerHalftoner:  runs 11:15:47
slices [60, 122):
	channel 0: occupancy (dense)
	channel 1: surfaceDist (dense)
	channel 2: layer_000 (sparse)
	channel 3: layer_001 (sparse)
	channel 4: layer_002 (sparse)
	channel 5: layer_003 (sparse)
	channel 6: layer_004 (sparse)
	channel 7: layer_005 (sparse)
	channel 8: layer_006 (sparse)
	channel 9: layer_007 (sparse)
	channel 10: intermedTonal_0 (sparse)
	channel 11: intermedTonal_1 (sparse)
	channel 12: intermedTonal_2 (sparse)
	channel 13: intermedTonal_3 (sparse)
	channel 14: intermedTonal_4 (sparse)
	channel 15: intermedTonal_5 (sparse)
	channel 16: intermedTonal_6 (sparse)
	channel 17: intermedTonal_7 (sparse)
	channel 18: quantizedTonal (sparse)
	channel 19: errorDiffInfo2 (sparse)
	channel 20: distanceToEmpty (sparse)
	channel 21: errorDiffInfo3 (sparse)
	channel 22: errorDiffInfo4 (sparse)
	channel 23: errorDiffInfo5 (sparse)
	channel 24: errorDiffInfo6 (sparse)
	channel 25: errorDiffInfo7 (sparse)
	channel 26: errorDiffInfo8 (sparse)
	channel 27: errorDiffInfo9 (sparse)

