SlavePrintingSoftware::startUp:
	1 trials
	total = 0.300005 s
	mean  = 0.300005 s
	var   = 0 s^2, std = 0 s
	min   = 0.300005 s
	max   = 0.300005 s

PrintingSoftware::execute:
	1 trials
	total = 539.669 s
	mean  = 539.669 s
	var   = 0 s^2, std = 0 s
	min   = 539.669 s
	max   = 539.669 s

DistributedComputingInitiator::Receive:
	1 trials
	total = 24.0121 s
	mean  = 24.0121 s
	var   = 0 s^2, std = 0 s
	min   = 24.0121 s
	max   = 24.0121 s

FileParserPJ::setInput:
	1 trials
	total = 0 s
	mean  = 0 s
	var   = 0 s^2, std = 0 s
	min   = 0 s
	max   = 0 s

FileParserPJ::runInternal:
	1 trials
	total = 10.0196 s
	mean  = 10.0196 s
	var   = 0 s^2, std = 0 s
	min   = 10.0196 s
	max   = 10.0196 s

PrintJobOrganizer::setInput:
	1 trials
	total = 0.001582 s
	mean  = 0.001582 s
	var   = 0 s^2, std = 0 s
	min   = 0.001582 s
	max   = 0.001582 s

PrintJobOrganizer::runInternal:
	1 trials
	total = 0.619428 s
	mean  = 0.619428 s
	var   = 0 s^2, std = 0 s
	min   = 0.619428 s
	max   = 0.619428 s

PrintJobPreprocessor::setInput:
	1 trials
	total = 0 s
	mean  = 0 s
	var   = 0 s^2, std = 0 s
	min   = 0 s
	max   = 0 s

PrintJobPreprocessor::runInternal:
	1 trials
	total = 2.77233 s
	mean  = 2.77233 s
	var   = 0 s^2, std = 0 s
	min   = 2.77233 s
	max   = 2.77233 s

PrintJobVoxelizer::setInput:
	16 trials
	total = 0 s
	mean  = 0 s
	var   = 0 s^2, std = 0 s
	min   = 0 s
	max   = 0 s

PrintJobVoxelizer::runInternal:
	16 trials
	total = 118.631 s
	mean  = 7.41443 s
	var   = 1.17212 s^2, std = 1.08265 s
	min   = 3.81684 s
	max   = 8.61816 s

PrintJobVoxelizer::rasterizeObjects:
	16 trials
	total = 29.1467 s
	mean  = 1.82167 s
	var   = 0.319532 s^2, std = 0.565272 s
	min   = 0.55182 s
	max   = 2.53757 s

PrintJobVoxelizer::voxelizeObjects:
	16 trials
	total = 86.3709 s
	mean  = 5.39818 s
	var   = 0.428653 s^2, std = 0.654716 s
	min   = 3.17582 s
	max   = 5.99304 s

PrintJobVoxelizer::finalizeSurfaces:
	16 trials
	total = 0.988889 s
	mean  = 0.0618056 s
	var   = 0.000200893 s^2, std = 0.0141737 s
	min   = 0.018634 s
	max   = 0.078299 s

TonalValueCalculator::setInput:
	16 trials
	total = 0 s
	mean  = 0 s
	var   = 0 s^2, std = 0 s
	min   = 0 s
	max   = 0 s

TonalValueCalculator::runInternal:
	16 trials
	total = 0.701594 s
	mean  = 0.0438496 s
	var   = 0.00051583 s^2, std = 0.0227119 s
	min   = 0 s
	max   = 0.089738 s

SurfaceDistanceOrderedTransfer::setInput:
	16 trials
	total = 0 s
	mean  = 0 s
	var   = 0 s^2, std = 0 s
	min   = 0 s
	max   = 0 s

SurfaceDistanceOrderedTransfer::runInternal:
	16 trials
	total = 54.7974 s
	mean  = 3.42484 s
	var   = 0.265215 s^2, std = 0.514991 s
	min   = 1.64656 s
	max   = 3.88049 s

SurfaceDistanceOrderedTransfer::buildOrderedSurfaceData:
	16 trials
	total = 1.01806 s
	mean  = 0.0636284 s
	var   = 0.00871231 s^2, std = 0.0933398 s
	min   = 0 s
	max   = 0.408178 s

SurfaceDistanceOrderedTransfer::fillDistanceChannel:
	16 trials
	total = 3.5656 s
	mean  = 0.22285 s
	var   = 0.000883374 s^2, std = 0.0297216 s
	min   = 0.115922 s
	max   = 0.254217 s

SurfaceDistanceOrderedTransfer::transfer:
	16 trials
	total = 49.4224 s
	mean  = 3.0889 s
	var   = 0.317405 s^2, std = 0.563387 s
	min   = 1.11544 s
	max   = 3.54546 s

SurfaceDistanceOrderedTransfer::mergeDistances:
	48 trials
	total = 3.52789 s
	mean  = 0.0734976 s
	var   = 0.000115526 s^2, std = 0.0107483 s
	min   = 0.035596 s
	max   = 0.08673 s

SurfaceDistanceOrderedTransfer::applySqrt:
	16 trials
	total = 0.787322 s
	mean  = 0.0492076 s
	var   = 0.00051052 s^2, std = 0.0225947 s
	min   = 0.007018 s
	max   = 0.097922 s

LayerExtractor::setInput:
	16 trials
	total = 0.000502 s
	mean  = 3.1375e-005 s
	var   = 1.57502e-008 s^2, std = 0.0001255 s
	min   = 0 s
	max   = 0.000502 s

LayerExtractor::runInternal:
	16 trials
	total = 20.1767 s
	mean  = 1.26105 s
	var   = 0.223239 s^2, std = 0.472481 s
	min   = 0.193828 s
	max   = 1.75274 s

VectorLayerHalftoner::setInput:
	16 trials
	total = 0.004853 s
	mean  = 0.000303312 s
	var   = 2.69936e-007 s^2, std = 0.000519553 s
	min   = 0 s
	max   = 0.001504 s

VectorLayerHalftoner::runInternal:
	16 trials
	total = 168.133 s
	mean  = 10.5083 s
	var   = 19.7885 s^2, std = 4.44843 s
	min   = 1.24686 s
	max   = 16.6738 s

VectorLayerHalftoner(0)::setupOutputContainerSlaveReporter::serializeSlice:
	777 trials
	total = 508.3 s
	mean  = 0.654183 s
	var   = 0.372016 s^2, std = 0.609931 s
	min   = 0.409082 s
	max   = 5.89276 s

SlaveReporter::Send:
	22 trials
	total = 0.000504 s
	mean  = 2.29091e-005 s
	var   = 1.15462e-008 s^2, std = 0.000107453 s
	min   = 0 s
	max   = 0.000504 s

