Warning:json file inside profile could not be parsed 

GL version: 4.4.0

Warning: there is no json file embedded inside profile 

LayerExtractor: distance needed for layers: 0.135467

FileParserPJ: initializing
PrintJobOrganizer: initializing
PrintJobPreprocessor: initializing
PrintJobVoxelizer: initializing
TonalValueCalculator: initializing
TonalValueCalculator: Using rendering intent RELATIVE_COLORIMETRIC

SurfaceDistanceOrderedTransfer: initializing
TonalLinearizer: initializing
VectorLayerHalftoner: initializing
SlaveReporter: initializing
FileParserPJ:  runs 12:2:29

FileParserPJ: loading OBJ file

244921 vertices
489840 faces

FileParserPJ: 245383 texture coordinates

FileParserPJ: 245383 vertices after duplication

FileParserPJ: //filer-igd2.igd.fraunhofer.de/igd-3dt/shared/3DModels/Head/HeadMTL/Head_Level3.obj parsed: 245383 vertices and 489840 faces

FileParserPJ: loading jpg file

FileParserPJ: Input files parsed

PrintJobOrganizer:  runs 12:2:33

centering objects at origin
optimizing rotation for height
scaling objects
optimizing rotation for support use
PrintJobOrganizer: support cost         = 86.0668
support cost flipped = 77.3424

arranging objects in 2D
validating object placement
PrintJobOrganizer: print object 1 print-space bounding box: (0.00211667, 0.00423333, 0.00135106), (12.0021, 7.68081, 6.29084)
saving transforms to file
PrintJobPreprocessor:  runs 12:2:34

PrintJobPreprocessor: flatten
PrintJobPreprocessor: prioritize
PrintJobPreprocessor: segment-hierarchy
PrintJobPreprocessor: boundingBox
PrintJobPreprocessor: uniformAppearanceTextures
PrintJobVoxelizer:  runs 12:2:35

PrintJobVoxelizer: 
number of slices to print: 1165 (6.29084 cm)
width of slices to print:  1418 (12.0021 cm)
height of slices to print: 454 (7.68081 cm)
chunk size:                50 (0.270213 cm)

PrintJobVoxelizer: setting up slices
PrintJobVoxelizer: rasterizing objects
PrintJobVoxelizer: creating rasterizer
PrintJobVoxelizer: rasterizing object 1
Rasterizer::rasterize:
	1 trials
	total = 0.187506 s
	mean  = 0.187506 s
	var   = 0 s^2, std = 0 s
	min   = 0.187506 s
	max   = 0.187506 s


PrintJobVoxelizer: voxelizing objects
Object 1 ROI: [0 0 0] --> [1418 454 50]
GWNSampleFloodVoxelizer: number of samples: 172
GWNSampleFloodVoxelizer: samples evaluated
GWNSampleFloodVoxelizer: adaptive threshold = 0.498039
GWNSampleFloodVoxelizer: flooding complete
Voxelization: solid angle evaluations per voxel: 0.0908602

GWNSampleFloodVoxelizer::voxelize:
	1 trials
	total = 3.04692 s
	mean  = 3.04692 s
	var   = 0 s^2, std = 0 s
	min   = 3.04692 s
	max   = 3.04692 s

GWNSampleFloodVoxelizer::initIndicator:
	1 trials
	total = 0.374995 s
	mean  = 0.374995 s
	var   = 0 s^2, std = 0 s
	min   = 0.374995 s
	max   = 0.374995 s

GWNSampleFloodVoxelizer::selectSamples:
	1 trials
	total = 0.312504 s
	mean  = 0.312504 s
	var   = 0 s^2, std = 0 s
	min   = 0.312504 s
	max   = 0.312504 s

GWNSampleFloodVoxelizer::evaluateSamples:
	1 trials
	total = 0.062501 s
	mean  = 0.062501 s
	var   = 0 s^2, std = 0 s
	min   = 0.062501 s
	max   = 0.062501 s

GWNSampleFloodVoxelizer::flood:
	1 trials
	total = 2.10941 s
	mean  = 2.10941 s
	var   = 0 s^2, std = 0 s
	min   = 2.10941 s
	max   = 2.10941 s


PrintJobVoxelizer: finalizing surfaces
PrintJobVoxelizer: 18693 surface voxels
PrintJobVoxelizer: getting output subset
PrintJobVoxelizer: updating slice indices
TonalValueCalculator:  runs 12:2:38
slices [0, 49):
	channel 0: occupancy (dense)
	channel 1: opticalFeature (sparse)

SurfaceDistanceOrderedTransfer:  runs 12:2:38
slices [0, 49):
	channel 0: occupancy (dense)
	channel 1: surfaceDist (dense)

SurfaceDistanceOrderedTransfer: 0 0 23
LayerExtractor:  runs 12:2:39
slices [0, 23):
	channel 0: occupancy (dense)
	channel 1: surfaceDist (dense)
	channel 2: layer_000 (sparse)
	channel 3: layer_001 (sparse)
	channel 4: layer_002 (sparse)
	channel 5: layer_003 (sparse)
	channel 6: layer_004 (sparse)
	channel 7: layer_005 (sparse)
	channel 8: layer_006 (sparse)
	channel 9: layer_007 (sparse)

TonalLinearizer:  runs 12:2:39
slices [0, 22):
	channel 0: occupancy (dense)
	channel 1: surfaceDist (dense)
	channel 2: layer_000 (sparse)
	channel 3: layer_001 (sparse)
	channel 4: layer_002 (sparse)
	channel 5: layer_003 (sparse)
	channel 6: layer_004 (sparse)
	channel 7: layer_005 (sparse)
	channel 8: layer_006 (sparse)
	channel 9: layer_007 (sparse)

VectorLayerHalftoner: VectorLayerHalftoner error: no tonal values available

VectorLayerHalftoner:  runs 12:2:39
slices [0, 22):
	channel 0: occupancy (dense)
	channel 1: surfaceDist (dense)
	channel 2: layer_000 (sparse)
	channel 3: layer_001 (sparse)
	channel 4: layer_002 (sparse)
	channel 5: layer_003 (sparse)
	channel 6: layer_004 (sparse)
	channel 7: layer_005 (sparse)
	channel 8: layer_006 (sparse)
	channel 9: layer_007 (sparse)
	channel 10: intermedTonal_0 (sparse)
	channel 11: intermedTonal_1 (sparse)
	channel 12: intermedTonal_2 (sparse)
	channel 13: intermedTonal_3 (sparse)
	channel 14: intermedTonal_4 (sparse)
	channel 15: intermedTonal_5 (sparse)
	channel 16: intermedTonal_6 (sparse)
	channel 17: intermedTonal_7 (sparse)
	channel 18: quantizedTonal (sparse)

SlaveReporter:  runs 12:2:40
slices [0, 10):
	channel 0: material (dense)
	channel 1: occupancy (dense)

PrintJobVoxelizer:  runs 12:2:41

PrintJobVoxelizer: setting up slices
PrintJobVoxelizer: rasterizing objects
PrintJobVoxelizer: creating rasterizer
PrintJobVoxelizer: rasterizing object 1
Rasterizer::rasterize:
	2 trials
	total = 0.593735 s
	mean  = 0.296868 s
	var   = 0.0239199 s^2, std = 0.154661 s
	min   = 0.187506 s
	max   = 0.406229 s


PrintJobVoxelizer: voxelizing objects
Object 1 ROI: [0 0 0] --> [1418 454 50]
GWNSampleFloodVoxelizer: number of samples: 249
GWNSampleFloodVoxelizer: samples evaluated
GWNSampleFloodVoxelizer: adaptive threshold = 0.498039
GWNSampleFloodVoxelizer: flooding complete
Voxelization: solid angle evaluations per voxel: 0.256583

GWNSampleFloodVoxelizer::voxelize:
	2 trials
	total = 6.23446 s
	mean  = 3.11723 s
	var   = 0.00988798 s^2, std = 0.0994383 s
	min   = 3.04692 s
	max   = 3.18754 s

GWNSampleFloodVoxelizer::initIndicator:
	2 trials
	total = 0.749984 s
	mean  = 0.374992 s
	var   = 1.8e-011 s^2, std = 4.24264e-006 s
	min   = 0.374989 s
	max   = 0.374995 s

GWNSampleFloodVoxelizer::selectSamples:
	2 trials
	total = 0.640633 s
	mean  = 0.320317 s
	var   = 0.00012207 s^2, std = 0.0110485 s
	min   = 0.312504 s
	max   = 0.328129 s

GWNSampleFloodVoxelizer::evaluateSamples:
	2 trials
	total = 0.250004 s
	mean  = 0.125002 s
	var   = 0.00781275 s^2, std = 0.0883898 s
	min   = 0.062501 s
	max   = 0.187503 s

GWNSampleFloodVoxelizer::flood:
	2 trials
	total = 4.21881 s
	mean  = 2.10941 s
	var   = 5e-013 s^2, std = 7.07107e-007 s
	min   = 2.1094 s
	max   = 2.10941 s


PrintJobVoxelizer: finalizing surfaces
PrintJobVoxelizer: 84536 surface voxels
PrintJobVoxelizer: getting output subset
PrintJobVoxelizer: updating slice indices
TonalValueCalculator:  runs 12:2:45
slices [49, 99):
	channel 0: occupancy (dense)
	channel 1: opticalFeature (sparse)

SurfaceDistanceOrderedTransfer:  runs 12:2:45
slices [23, 99):
	channel 0: occupancy (dense)
	channel 1: surfaceDist (dense)

SurfaceDistanceOrderedTransfer: 23 49 73
LayerExtractor:  runs 12:2:46
slices [21, 73):
	channel 0: occupancy (dense)
	channel 1: surfaceDist (dense)
	channel 2: layer_000 (sparse)
	channel 3: layer_001 (sparse)
	channel 4: layer_002 (sparse)
	channel 5: layer_003 (sparse)
	channel 6: layer_004 (sparse)
	channel 7: layer_005 (sparse)
	channel 8: layer_006 (sparse)
	channel 9: layer_007 (sparse)

TonalLinearizer:  runs 12:2:46
slices [22, 72):
	channel 0: occupancy (dense)
	channel 1: surfaceDist (dense)
	channel 2: layer_000 (sparse)
	channel 3: layer_001 (sparse)
	channel 4: layer_002 (sparse)
	channel 5: layer_003 (sparse)
	channel 6: layer_004 (sparse)
	channel 7: layer_005 (sparse)
	channel 8: layer_006 (sparse)
	channel 9: layer_007 (sparse)

VectorLayerHalftoner: VectorLayerHalftoner error: no tonal values available

VectorLayerHalftoner:  runs 12:2:46
slices [10, 72):
	channel 0: occupancy (dense)
	channel 1: surfaceDist (dense)
	channel 2: layer_000 (sparse)
	channel 3: layer_001 (sparse)
	channel 4: layer_002 (sparse)
	channel 5: layer_003 (sparse)
	channel 6: layer_004 (sparse)
	channel 7: layer_005 (sparse)
	channel 8: layer_006 (sparse)
	channel 9: layer_007 (sparse)
	channel 10: intermedTonal_0 (sparse)
	channel 11: intermedTonal_1 (sparse)
	channel 12: intermedTonal_2 (sparse)
	channel 13: intermedTonal_3 (sparse)
	channel 14: intermedTonal_4 (sparse)
	channel 15: intermedTonal_5 (sparse)
	channel 16: intermedTonal_6 (sparse)
	channel 17: intermedTonal_7 (sparse)
	channel 18: quantizedTonal (sparse)
	channel 19: errorDiffInfo2 (sparse)
	channel 20: distanceToEmpty (sparse)
	channel 21: errorDiffInfo3 (sparse)
	channel 22: errorDiffInfo4 (sparse)
	channel 23: errorDiffInfo5 (sparse)
	channel 24: errorDiffInfo6 (sparse)
	channel 25: errorDiffInfo7 (sparse)
	channel 26: errorDiffInfo8 (sparse)
	channel 27: errorDiffInfo9 (sparse)

SlaveReporter:  runs 12:2:49
slices [10, 60):
	channel 0: material (dense)
	channel 1: occupancy (dense)

PrintJobVoxelizer:  runs 12:2:49

PrintJobVoxelizer: setting up slices
PrintJobVoxelizer: rasterizing objects
PrintJobVoxelizer: creating rasterizer
PrintJobVoxelizer: rasterizing object 1
Rasterizer::rasterize:
	3 trials
	total = 1.49998 s
	mean  = 0.499994 s
	var   = 0.135741 s^2, std = 0.36843 s
	min   = 0.187506 s
	max   = 0.906246 s


PrintJobVoxelizer: voxelizing objects
Object 1 ROI: [0 0 0] --> [1418 454 50]
GWNSampleFloodVoxelizer: number of samples: 374
