SlavePrintingSoftware::startUp:
	1 trials
	total = 0.189018 s
	mean  = 0.189018 s
	var   = 0 s^2, std = 0 s
	min   = 0.189018 s
	max   = 0.189018 s

PrintingSoftware::execute:
	1 trials
	total = 1387.14 s
	mean  = 1387.14 s
	var   = 0 s^2, std = 0 s
	min   = 1387.14 s
	max   = 1387.14 s

DistributedComputingInitiator::Receive:
	1 trials
	total = 146.653 s
	mean  = 146.653 s
	var   = 0 s^2, std = 0 s
	min   = 146.653 s
	max   = 146.653 s

¬7OŒÿÿaveReporter::serializeSlice:
	1552 trials
	total = 1330.82 s
	mean  = 0.857485 s
	var   = 0.612907 s^2, std = 0.782884 s
	min   = 0.494049 s
	max   = 5.76858 s

SlaveReporter::Send:
	38 trials
	total = 0.002 s
	mean  = 5.26316e-005 s
	var   = 5.12091e-008 s^2, std = 0.000226294 s
	min   = 0 s
	max   = 0.001 s

