Warning:json file inside profile could not be parsed 

GL version: 4.4.0

Warning: there is no json file embedded inside profile 

FileParserPJ: initializing
PrintJobOrganizer: initializing
MasterPJDistributor: initializing
MasterMerger: initializing
SliceDebugger: initializing
FileParserPJ:  runs 18:20:39

FileParserPJ: loading OBJ file

244921 vertices
489840 faces

FileParserPJ: 245383 texture coordinates

FileParserPJ: 245383 vertices after duplication

FileParserPJ: //filer-igd2.igd.fraunhofer.de/igd-3dt/shared/3DModels/Head/HeadMTL/Head_Level3.obj parsed: 245383 vertices and 489840 faces

FileParserPJ: loading jpg file

FileParserPJ: loading OBJ file

9992 vertices
18312 faces

FileParserPJ: 9437 texture coordinates

FileParserPJ: //filer-igd2.igd.fraunhofer.de/igd-3dt/shared/3DModels/Dame/Dame.obj parsed: 9992 vertices and 18312 faces

FileParserPJ: loading jpg file

FileParserPJ: loading OBJ file

244921 vertices
489840 faces

FileParserPJ: 245383 texture coordinates

FileParserPJ: 245383 vertices after duplication

FileParserPJ: //filer-igd2.igd.fraunhofer.de/igd-3dt/shared/3DModels/Head/HeadMTL/Head_Level3.obj parsed: 245383 vertices and 489840 faces

FileParserPJ: loading jpg file

FileParserPJ: loading OBJ file

9992 vertices
18312 faces

FileParserPJ: 9437 texture coordinates

FileParserPJ: //filer-igd2.igd.fraunhofer.de/igd-3dt/shared/3DModels/Dame/Dame.obj parsed: 9992 vertices and 18312 faces

FileParserPJ: loading jpg file

FileParserPJ: Input files parsed

PrintJobOrganizer:  runs 18:20:47

centering objects at origin
optimizing rotation for height
scaling objects
optimizing rotation for support use
PrintJobOrganizer: support cost         = 25.4851
support cost flipped = 22.9004

PrintJobOrganizer: support cost         = 10.7798
support cost flipped = 10.8551

PrintJobOrganizer: support cost         = 25.4851
support cost flipped = 22.9004

PrintJobOrganizer: support cost         = 10.7798
support cost flipped = 10.8551

arranging objects in 2D
validating object placement
PrintJobOrganizer: print object 1 print-space bounding box: (0.00211667, 0.00423333, 0.00135106), (8.00212, 5.12195, 4.19435)
PrintJobOrganizer: print object 2 print-space bounding box: (0.00211667, 5.32195, 0.00135106), (8.00212, 8.58807, 3.26645)
PrintJobOrganizer: print object 3 print-space bounding box: (0.00211667, 8.78807, 0.00135106), (8.00212, 13.9058, 4.19435)
PrintJobOrganizer: print object 4 print-space bounding box: (0.00211667, 14.1058, 0.00135106), (8.00212, 17.3719, 3.26645)
saving transforms to file
MasterPJDistributor:  runs 18:20:47

MasterPJDistributor::runInternal
MasterMerger:  runs 18:20:54

MasterMerger::runInternal
MasterMerger: metadata for thread : 1

MasterMerger: received height : 508

MasterMerger: received width : 946

MasterMerger: received num of slices : 777

MasterMerger: received chunk size : 10

MasterMerger: received path : 

MasterMerger: metadata for thread : 2

MasterMerger: received height : 1026

MasterMerger: received width : 946

MasterMerger: received num of slices : 777

MasterMerger: received chunk size : 10

MasterMerger: received path : 

MasterMerger: m_fullSliceHt : 1026

MasterMerger: m_fullSliceWidth : 946

MasterMerger: m_numSlices : 777

MasterMerger: m_chunkSize : 10

SliceDebugger:  runs 18:21:4
slices [0, 10):
	channel 0: material (dense)

MasterMerger:  runs 18:21:4

SliceDebugger:  runs 18:21:18
slices [10, 20):
	channel 0: material (dense)

MasterMerger:  runs 18:21:18

SliceDebugger:  runs 18:21:34
slices [20, 30):
	channel 0: material (dense)

MasterMerger:  runs 18:21:34

SliceDebugger:  runs 18:21:51
slices [30, 40):
	channel 0: material (dense)

MasterMerger:  runs 18:21:52

SliceDebugger:  runs 18:22:11
slices [40, 50):
	channel 0: material (dense)

MasterMerger:  runs 18:22:11

SliceDebugger:  runs 18:22:31
slices [50, 60):
	channel 0: material (dense)

MasterMerger:  runs 18:22:31

SliceDebugger:  runs 18:22:51
slices [60, 70):
	channel 0: material (dense)

MasterMerger:  runs 18:22:51

SliceDebugger:  runs 18:23:11
slices [70, 80):
	channel 0: material (dense)

MasterMerger:  runs 18:23:11

SliceDebugger:  runs 18:23:31
slices [80, 90):
	channel 0: material (dense)

MasterMerger:  runs 18:23:31

SliceDebugger:  runs 18:23:48
slices [90, 100):
	channel 0: material (dense)

MasterMerger:  runs 18:23:48

SliceDebugger:  runs 18:24:4
slices [100, 110):
	channel 0: material (dense)

MasterMerger:  runs 18:24:4

SliceDebugger:  runs 18:24:20
slices [110, 120):
	channel 0: material (dense)

MasterMerger:  runs 18:24:20

SliceDebugger:  runs 18:24:35
slices [120, 130):
	channel 0: material (dense)

MasterMerger:  runs 18:24:35

SliceDebugger:  runs 18:24:48
slices [130, 140):
	channel 0: material (dense)

MasterMerger:  runs 18:24:49

SliceDebugger:  runs 18:25:0
slices [140, 150):
	channel 0: material (dense)

MasterMerger:  runs 18:25:0

SliceDebugger:  runs 18:25:10
slices [150, 160):
	channel 0: material (dense)

MasterMerger:  runs 18:25:10

SliceDebugger:  runs 18:25:10
slices [160, 170):
	channel 0: material (dense)

MasterMerger:  runs 18:25:11

SliceDebugger:  runs 18:25:11
slices [170, 180):
	channel 0: material (dense)

MasterMerger:  runs 18:25:11

SliceDebugger:  runs 18:25:11
slices [180, 190):
	channel 0: material (dense)

MasterMerger:  runs 18:25:11

SliceDebugger:  runs 18:25:11
slices [190, 200):
	channel 0: material (dense)

MasterMerger:  runs 18:25:11

SliceDebugger:  runs 18:25:11
slices [200, 210):
	channel 0: material (dense)

MasterMerger:  runs 18:25:11

SliceDebugger:  runs 18:25:11
slices [210, 220):
	channel 0: material (dense)

MasterMerger:  runs 18:25:12

SliceDebugger:  runs 18:25:12
slices [220, 230):
	channel 0: material (dense)

MasterMerger:  runs 18:25:12

SliceDebugger:  runs 18:25:12
slices [230, 240):
	channel 0: material (dense)

MasterMerger:  runs 18:25:12

SliceDebugger:  runs 18:25:12
slices [240, 250):
	channel 0: material (dense)

MasterMerger:  runs 18:25:12

SliceDebugger:  runs 18:25:12
slices [250, 260):
	channel 0: material (dense)

MasterMerger:  runs 18:25:13

SliceDebugger:  runs 18:25:13
slices [260, 270):
	channel 0: material (dense)

MasterMerger:  runs 18:25:13

SliceDebugger:  runs 18:25:13
slices [270, 280):
	channel 0: material (dense)

MasterMerger:  runs 18:25:13

SliceDebugger:  runs 18:25:13
slices [280, 290):
	channel 0: material (dense)

MasterMerger:  runs 18:25:13

SliceDebugger:  runs 18:25:13
slices [290, 300):
	channel 0: material (dense)

MasterMerger:  runs 18:25:14

SliceDebugger:  runs 18:25:14
slices [300, 310):
	channel 0: material (dense)

MasterMerger:  runs 18:25:14

SliceDebugger:  runs 18:25:14
slices [310, 320):
	channel 0: material (dense)

MasterMerger:  runs 18:25:14

SliceDebugger:  runs 18:25:14
slices [320, 330):
	channel 0: material (dense)

MasterMerger:  runs 18:25:14

SliceDebugger:  runs 18:25:14
slices [330, 340):
	channel 0: material (dense)

MasterMerger:  runs 18:25:14

SliceDebugger:  runs 18:25:14
slices [340, 350):
	channel 0: material (dense)

MasterMerger:  runs 18:25:15

SliceDebugger:  runs 18:25:15
slices [350, 360):
	channel 0: material (dense)

MasterMerger:  runs 18:25:15

SliceDebugger:  runs 18:25:15
slices [360, 370):
	channel 0: material (dense)

MasterMerger:  runs 18:25:15

SliceDebugger:  runs 18:25:15
slices [370, 380):
	channel 0: material (dense)

MasterMerger:  runs 18:25:15

SliceDebugger:  runs 18:25:15
slices [380, 390):
	channel 0: material (dense)

MasterMerger:  runs 18:25:16

SliceDebugger:  runs 18:25:16
slices [390, 400):
	channel 0: material (dense)

MasterMerger:  runs 18:25:16

SliceDebugger:  runs 18:25:16
slices [400, 410):
	channel 0: material (dense)

MasterMerger:  runs 18:25:16

SliceDebugger:  runs 18:25:16
slices [410, 420):
	channel 0: material (dense)

MasterMerger:  runs 18:25:16

SliceDebugger:  runs 18:25:16
slices [420, 430):
	channel 0: material (dense)

MasterMerger:  runs 18:25:17

SliceDebugger:  runs 18:25:17
slices [430, 440):
	channel 0: material (dense)

MasterMerger:  runs 18:25:17

SliceDebugger:  runs 18:25:17
slices [440, 450):
	channel 0: material (dense)

MasterMerger:  runs 18:25:17

SliceDebugger:  runs 18:25:17
slices [450, 460):
	channel 0: material (dense)

MasterMerger:  runs 18:25:17

SliceDebugger:  runs 18:25:17
slices [460, 470):
	channel 0: material (dense)

MasterMerger:  runs 18:25:17

SliceDebugger:  runs 18:25:17
slices [470, 480):
	channel 0: material (dense)

MasterMerger:  runs 18:25:18

SliceDebugger:  runs 18:25:18
slices [480, 490):
	channel 0: material (dense)

MasterMerger:  runs 18:25:18

SliceDebugger:  runs 18:25:18
slices [490, 500):
	channel 0: material (dense)

MasterMerger:  runs 18:25:18

SliceDebugger:  runs 18:25:18
slices [500, 510):
	channel 0: material (dense)

MasterMerger:  runs 18:25:18

SliceDebugger:  runs 18:25:18
slices [510, 520):
	channel 0: material (dense)

MasterMerger:  runs 18:25:19

SliceDebugger:  runs 18:25:19
slices [520, 530):
	channel 0: material (dense)

MasterMerger:  runs 18:25:19

SliceDebugger:  runs 18:25:19
slices [530, 540):
	channel 0: material (dense)

MasterMerger:  runs 18:25:19

SliceDebugger:  runs 18:25:19
slices [540, 550):
	channel 0: material (dense)

MasterMerger:  runs 18:25:19

SliceDebugger:  runs 18:25:19
slices [550, 560):
	channel 0: material (dense)

MasterMerger:  runs 18:25:19

SliceDebugger:  runs 18:25:19
slices [560, 570):
	channel 0: material (dense)

MasterMerger:  runs 18:25:20

SliceDebugger:  runs 18:25:20
slices [570, 580):
	channel 0: material (dense)

MasterMerger:  runs 18:25:20

SliceDebugger:  runs 18:25:20
slices [580, 590):
	channel 0: material (dense)

MasterMerger:  runs 18:25:20

SliceDebugger:  runs 18:25:20
slices [590, 600):
	channel 0: material (dense)

MasterMerger:  runs 18:25:20

SliceDebugger:  runs 18:25:20
slices [600, 610):
	channel 0: material (dense)

MasterMerger:  runs 18:25:21

SliceDebugger:  runs 18:25:21
slices [610, 620):
	channel 0: material (dense)

MasterMerger:  runs 18:25:21

SliceDebugger:  runs 18:25:21
slices [620, 630):
	channel 0: material (dense)

MasterMerger:  runs 18:25:21

SliceDebugger:  runs 18:25:21
slices [630, 640):
	channel 0: material (dense)

MasterMerger:  runs 18:25:21

SliceDebugger:  runs 18:25:21
slices [640, 650):
	channel 0: material (dense)

MasterMerger:  runs 18:25:21

SliceDebugger:  runs 18:25:21
slices [650, 660):
	channel 0: material (dense)

MasterMerger:  runs 18:25:22

SliceDebugger:  runs 18:25:22
slices [660, 670):
	channel 0: material (dense)

MasterMerger:  runs 18:25:22

SliceDebugger:  runs 18:25:22
slices [670, 680):
	channel 0: material (dense)

MasterMerger:  runs 18:25:22

SliceDebugger:  runs 18:25:22
slices [680, 690):
	channel 0: material (dense)

MasterMerger:  runs 18:25:22

SliceDebugger:  runs 18:25:22
slices [690, 700):
	channel 0: material (dense)

MasterMerger:  runs 18:25:22

SliceDebugger:  runs 18:25:22
slices [700, 710):
	channel 0: material (dense)

MasterMerger:  runs 18:25:23

SliceDebugger:  runs 18:25:23
slices [710, 720):
	channel 0: material (dense)

MasterMerger:  runs 18:25:23

SliceDebugger:  runs 18:25:23
slices [720, 730):
	channel 0: material (dense)

MasterMerger:  runs 18:25:23

SliceDebugger:  runs 18:25:23
slices [730, 740):
	channel 0: material (dense)

MasterMerger:  runs 18:25:23

SliceDebugger:  runs 18:25:23
slices [740, 750):
	channel 0: material (dense)

MasterMerger:  runs 18:25:23

SliceDebugger:  runs 18:25:23
slices [750, 760):
	channel 0: material (dense)

MasterMerger:  runs 18:25:24

SliceDebugger:  runs 18:25:24
slices [760, 770):
	channel 0: material (dense)

MasterMerger:  runs 18:25:24

SliceDebugger:  runs 18:25:24
slices [770, 777):
	channel 0: material (dense)

Computation finished 

Status: success
Master Node  0 :Total execution time in seconds 286.114

