Warning:json file inside profile could not be parsed 

GL version: 4.4.0

Warning: there is no json file embedded inside profile 

FileParserPJ: initializing
PrintJobOrganizer: initializing
MasterDistributor: initializing
MasterMerger: initializing
SliceDebugger: initializing
FileParserPJ:  runs 16:47:4

FileParserPJ: loading OBJ file

244921 vertices
489840 faces

FileParserPJ: 245383 texture coordinates

FileParserPJ: 245383 vertices after duplication

FileParserPJ: //filer-igd2.igd.fraunhofer.de/igd-3dt/shared/3DModels/Head/HeadMTL/Head_Level3.obj parsed: 245383 vertices and 489840 faces

FileParserPJ: loading jpg file

FileParserPJ: loading OBJ file

244921 vertices
489840 faces

FileParserPJ: 245383 texture coordinates

FileParserPJ: 245383 vertices after duplication

FileParserPJ: //filer-igd2.igd.fraunhofer.de/igd-3dt/shared/3DModels/Head/HeadMTL/Head_Level3.obj parsed: 245383 vertices and 489840 faces

FileParserPJ: loading jpg file

FileParserPJ: loading OBJ file

244921 vertices
489840 faces

FileParserPJ: 245383 texture coordinates

FileParserPJ: 245383 vertices after duplication

FileParserPJ: //filer-igd2.igd.fraunhofer.de/igd-3dt/shared/3DModels/Head/HeadMTL/Head_Level3.obj parsed: 245383 vertices and 489840 faces

FileParserPJ: loading jpg file

FileParserPJ: loading OBJ file

244921 vertices
489840 faces

FileParserPJ: 245383 texture coordinates

FileParserPJ: 245383 vertices after duplication

FileParserPJ: //filer-igd2.igd.fraunhofer.de/igd-3dt/shared/3DModels/Head/HeadMTL/Head_Level3.obj parsed: 245383 vertices and 489840 faces

FileParserPJ: loading jpg file

FileParserPJ: loading OBJ file

244921 vertices
489840 faces

FileParserPJ: 245383 texture coordinates

FileParserPJ: 245383 vertices after duplication

FileParserPJ: //filer-igd2.igd.fraunhofer.de/igd-3dt/shared/3DModels/Head/HeadMTL/Head_Level3.obj parsed: 245383 vertices and 489840 faces

FileParserPJ: loading jpg file

FileParserPJ: Input files parsed

PrintJobOrganizer:  runs 16:47:21

centering objects at origin
optimizing rotation for height
scaling objects
optimizing rotation for support use
PrintJobOrganizer: support cost         = 203.98
support cost flipped = 183.304

PrintJobOrganizer: support cost         = 203.98
support cost flipped = 183.304

PrintJobOrganizer: support cost         = 203.98
support cost flipped = 183.304

PrintJobOrganizer: support cost         = 203.98
support cost flipped = 183.304

PrintJobOrganizer: support cost         = 203.98
support cost flipped = 183.304

arranging objects in 2D
validating object placement
PrintJobOrganizer: print object 1 print-space bounding box: (0.00211667, 0.00423333, 0.00135106), (16.0021, 10.2397, 8.38734)
PrintJobOrganizer: print object 2 print-space bounding box: (0.00211667, 10.4397, 0.00135106), (16.0021, 20.6751, 8.38734)
PrintJobOrganizer: print object 3 print-space bounding box: (0.00211667, 20.8751, 0.00135106), (16.0021, 31.1106, 8.38734)
PrintJobOrganizer: print object 4 print-space bounding box: (16.2021, 0.00423333, 0.00135106), (32.2021, 10.2397, 8.38734)
PrintJobOrganizer: print object 5 print-space bounding box: (16.2021, 10.4397, 0.00135106), (32.2021, 20.6751, 8.38734)
saving transforms to file
MasterDistributor:  runs 16:47:22

MasterDistributor::runInternal
MasterMerger:  runs 16:49:31

MasterMerger::runInternal
MasterMerger: metadata for thread : 1

MasterMerger: received height : 1221

MasterMerger: received width : 1891

MasterMerger: received num of slices : 1552

MasterMerger: received chunk size : 10

MasterMerger: received path : //pc2215/SharedFolder/MasterThesis/Documentation/ThesisDocumentation/Results/ScenarioIII-SameModels/ProtoI/Run4/DistributedComputing/Node_1/Node_1_ReportedSlices/

MasterMerger: metadata for thread : 2

MasterMerger: received height : 605

MasterMerger: received width : 1891

MasterMerger: received num of slices : 1552

MasterMerger: received chunk size : 10

MasterMerger: received path : //pc2215/SharedFolder/MasterThesis/Documentation/ThesisDocumentation/Results/ScenarioIII-SameModels/ProtoI/Run4/DistributedComputing/Node_2/Node_2_ReportedSlices/

MasterMerger: metadata for thread : 3

MasterMerger: received height : 605

MasterMerger: received width : 1891

MasterMerger: received num of slices : 1552

MasterMerger: received chunk size : 10

MasterMerger: received path : //pc2215/SharedFolder/MasterThesis/Documentation/ThesisDocumentation/Results/ScenarioIII-SameModels/ProtoI/Run4/DistributedComputing/Node_3/Node_3_ReportedSlices/

MasterMerger: metadata for thread : 4

MasterMerger: received height : 605

MasterMerger: received width : 1891

MasterMerger: received num of slices : 1552

MasterMerger: received chunk size : 10

MasterMerger: received path : //pc2215/SharedFolder/MasterThesis/Documentation/ThesisDocumentation/Results/ScenarioIII-SameModels/ProtoI/Run4/DistributedComputing/Node_4/Node_4_ReportedSlices/

MasterMerger: Print Volume x:  5905.51

MasterMerger: Print Volume y:  2362.2

MasterMerger: Node id:  1

MasterMerger: Offset x : 0

MasterMerger: Offset y : 0

MasterMerger: Node id:  2

MasterMerger: Offset x : 0

MasterMerger: Offset y : 1232.81

MasterMerger: Node id:  3

MasterMerger: Offset x : 1914.62

MasterMerger: Offset y : 0

MasterMerger: Node id:  4

MasterMerger: Offset x : 1914.62

MasterMerger: Offset y : 1232.81

MasterMerger: Added height is:1221after adding height of slave 1

MasterMerger: Added height is:1826after adding height of slave 2

MasterMerger: Added height is:2431after adding height of slave 3

MasterMerger: Max height reached after adding slave 3 so first list index is 2

MasterMerger: Added height is:1210after adding height of slave 4

MasterMerger: m_fullSliceHt : 2362

MasterMerger: Sum of heights has crossed the print bed height

MasterMerger: Start Index0

MasterMerger: End Index2

MasterMerger: Maximum Current Width is0

MasterMerger: Maximum Current Width is1891

MasterMerger: Total current width1891

MasterMerger: Start Index2

MasterMerger: End Index4

MasterMerger: Maximum Current Width is0

MasterMerger: Maximum Current Width is1891

MasterMerger: Total current width3782

MasterMerger: m_fullSliceWidth : 3830

MasterMerger: m_numSlices : 1552

MasterMerger: m_chunkSize : 10

MasterMerger::addSlice called

SliceDebugger:  runs 16:50:38
slices [0, 10):
	channel 0: material (dense)

MasterMerger:  runs 16:50:40

SliceDebugger:  runs 16:52:1
slices [10, 20):
	channel 0: material (dense)

MasterMerger:  runs 16:52:3

SliceDebugger:  runs 16:52:3
slices [20, 30):
	channel 0: material (dense)

MasterMerger:  runs 16:52:4

SliceDebugger:  runs 16:54:10
slices [30, 40):
	channel 0: material (dense)

MasterMerger:  runs 16:54:12

SliceDebugger:  runs 16:54:12
slices [40, 50):
	channel 0: material (dense)

MasterMerger:  runs 16:54:14

SliceDebugger:  runs 16:55:37
slices [50, 60):
	channel 0: material (dense)

MasterMerger:  runs 16:55:39

SliceDebugger:  runs 16:57:4
slices [60, 70):
	channel 0: material (dense)

MasterMerger:  runs 16:57:5

SliceDebugger:  runs 16:58:29
slices [70, 80):
	channel 0: material (dense)

MasterMerger:  runs 16:58:30

SliceDebugger:  runs 17:0:1
slices [80, 90):
	channel 0: material (dense)

MasterMerger:  runs 17:0:3

SliceDebugger:  runs 17:1:39
slices [90, 100):
	channel 0: material (dense)

MasterMerger:  runs 17:1:42

SliceDebugger:  runs 17:3:25
slices [100, 110):
	channel 0: material (dense)

MasterMerger:  runs 17:3:28

SliceDebugger:  runs 17:5:8
slices [110, 120):
	channel 0: material (dense)

MasterMerger:  runs 17:5:10

SliceDebugger:  runs 17:7:8
slices [120, 130):
	channel 0: material (dense)

MasterMerger:  runs 17:7:10

SliceDebugger:  runs 17:16:10
slices [130, 140):
	channel 0: material (dense)

MasterMerger:  runs 17:16:12

SliceDebugger:  runs 17:16:55
slices [140, 150):
	channel 0: material (dense)

MasterMerger:  runs 17:16:57

SliceDebugger:  runs 17:17:45
slices [150, 160):
	channel 0: material (dense)

MasterMerger:  runs 17:17:47

SliceDebugger:  runs 17:18:36
slices [160, 170):
	channel 0: material (dense)

MasterMerger:  runs 17:18:38

SliceDebugger:  runs 17:19:15
slices [170, 180):
	channel 0: material (dense)

MasterMerger:  runs 17:19:17

SliceDebugger:  runs 17:19:53
slices [180, 190):
	channel 0: material (dense)

MasterMerger:  runs 17:19:54

SliceDebugger:  runs 17:20:28
slices [190, 200):
	channel 0: material (dense)

MasterMerger:  runs 17:20:29

SliceDebugger:  runs 17:21:31
slices [200, 210):
	channel 0: material (dense)

MasterMerger:  runs 17:21:33

SliceDebugger:  runs 17:22:57
slices [210, 220):
	channel 0: material (dense)

MasterMerger:  runs 17:22:59

SliceDebugger:  runs 17:24:24
slices [220, 230):
	channel 0: material (dense)

MasterMerger:  runs 17:24:25

SliceDebugger:  runs 17:25:49
slices [230, 240):
	channel 0: material (dense)

MasterMerger:  runs 17:25:51

SliceDebugger:  runs 17:27:12
slices [240, 250):
	channel 0: material (dense)

MasterMerger:  runs 17:27:14

SliceDebugger:  runs 17:28:36
slices [250, 260):
	channel 0: material (dense)

MasterMerger:  runs 17:28:41

SliceDebugger:  runs 17:29:54
slices [260, 270):
	channel 0: material (dense)

MasterMerger:  runs 17:29:56

SliceDebugger:  runs 17:31:15
slices [270, 280):
	channel 0: material (dense)

MasterMerger:  runs 17:31:16

SliceDebugger:  runs 17:32:30
slices [280, 290):
	channel 0: material (dense)

MasterMerger:  runs 17:32:32

SliceDebugger:  runs 17:33:46
slices [290, 300):
	channel 0: material (dense)

MasterMerger:  runs 17:33:48

SliceDebugger:  runs 17:35:2
slices [300, 310):
	channel 0: material (dense)

MasterMerger:  runs 17:35:3

SliceDebugger:  runs 17:36:4
slices [310, 320):
	channel 0: material (dense)

MasterMerger:  runs 17:36:5

SliceDebugger:  runs 17:36:6
slices [320, 330):
	channel 0: material (dense)

MasterMerger:  runs 17:36:8

SliceDebugger:  runs 17:36:9
slices [330, 340):
	channel 0: material (dense)

MasterMerger:  runs 17:36:10

SliceDebugger:  runs 17:36:11
slices [340, 350):
	channel 0: material (dense)

MasterMerger:  runs 17:36:12

SliceDebugger:  runs 17:36:13
slices [350, 360):
	channel 0: material (dense)

MasterMerger:  runs 17:36:15

SliceDebugger:  runs 17:36:16
slices [360, 370):
	channel 0: material (dense)

MasterMerger:  runs 17:36:17

SliceDebugger:  runs 17:36:18
slices [370, 380):
	channel 0: material (dense)

MasterMerger:  runs 17:36:19

SliceDebugger:  runs 17:36:20
slices [380, 390):
	channel 0: material (dense)

MasterMerger:  runs 17:36:22

SliceDebugger:  runs 17:36:23
slices [390, 400):
	channel 0: material (dense)

MasterMerger:  runs 17:36:24

SliceDebugger:  runs 17:36:25
slices [400, 410):
	channel 0: material (dense)

MasterMerger:  runs 17:36:27

SliceDebugger:  runs 17:36:28
slices [410, 420):
	channel 0: material (dense)

MasterMerger:  runs 17:36:29

SliceDebugger:  runs 17:36:30
slices [420, 430):
	channel 0: material (dense)

MasterMerger:  runs 17:36:31

SliceDebugger:  runs 17:36:32
slices [430, 440):
	channel 0: material (dense)

MasterMerger:  runs 17:36:34

SliceDebugger:  runs 17:36:35
slices [440, 450):
	channel 0: material (dense)

MasterMerger:  runs 17:36:36

SliceDebugger:  runs 17:36:37
slices [450, 460):
	channel 0: material (dense)

MasterMerger:  runs 17:36:39

SliceDebugger:  runs 17:36:40
slices [460, 470):
	channel 0: material (dense)

MasterMerger:  runs 17:36:41

SliceDebugger:  runs 17:36:42
slices [470, 480):
	channel 0: material (dense)

MasterMerger:  runs 17:36:44

SliceDebugger:  runs 17:36:45
slices [480, 490):
	channel 0: material (dense)

MasterMerger:  runs 17:36:46

SliceDebugger:  runs 17:36:47
slices [490, 500):
	channel 0: material (dense)

MasterMerger:  runs 17:36:49

SliceDebugger:  runs 17:36:50
slices [500, 510):
	channel 0: material (dense)

MasterMerger:  runs 17:36:51

SliceDebugger:  runs 17:36:52
slices [510, 520):
	channel 0: material (dense)

MasterMerger:  runs 17:36:54

SliceDebugger:  runs 17:36:55
slices [520, 530):
	channel 0: material (dense)

MasterMerger:  runs 17:36:57

SliceDebugger:  runs 17:36:58
slices [530, 540):
	channel 0: material (dense)

MasterMerger:  runs 17:36:59

SliceDebugger:  runs 17:37:0
slices [540, 550):
	channel 0: material (dense)

MasterMerger:  runs 17:37:2

SliceDebugger:  runs 17:37:3
slices [550, 560):
	channel 0: material (dense)

MasterMerger:  runs 17:37:4

SliceDebugger:  runs 17:37:5
slices [560, 570):
	channel 0: material (dense)

MasterMerger:  runs 17:37:7

SliceDebugger:  runs 17:37:8
slices [570, 580):
	channel 0: material (dense)

MasterMerger:  runs 17:37:9

SliceDebugger:  runs 17:37:10
slices [580, 590):
	channel 0: material (dense)

MasterMerger:  runs 17:37:12

SliceDebugger:  runs 17:37:13
slices [590, 600):
	channel 0: material (dense)

MasterMerger:  runs 17:37:14

SliceDebugger:  runs 17:37:16
slices [600, 610):
	channel 0: material (dense)

MasterMerger:  runs 17:37:17

SliceDebugger:  runs 17:37:18
slices [610, 620):
	channel 0: material (dense)

MasterMerger:  runs 17:37:20

SliceDebugger:  runs 17:37:21
slices [620, 630):
	channel 0: material (dense)

MasterMerger:  runs 17:37:22

SliceDebugger:  runs 17:37:23
slices [630, 640):
	channel 0: material (dense)

MasterMerger:  runs 17:37:25

SliceDebugger:  runs 17:37:26
slices [640, 650):
	channel 0: material (dense)

MasterMerger:  runs 17:37:28

SliceDebugger:  runs 17:37:29
slices [650, 660):
	channel 0: material (dense)

MasterMerger:  runs 17:37:30

SliceDebugger:  runs 17:37:31
slices [660, 670):
	channel 0: material (dense)

MasterMerger:  runs 17:37:33

SliceDebugger:  runs 17:37:34
slices [670, 680):
	channel 0: material (dense)

MasterMerger:  runs 17:37:36

SliceDebugger:  runs 17:37:37
slices [680, 690):
	channel 0: material (dense)

MasterMerger:  runs 17:37:38

SliceDebugger:  runs 17:37:39
slices [690, 700):
	channel 0: material (dense)

MasterMerger:  runs 17:37:41

SliceDebugger:  runs 17:37:42
slices [700, 710):
	channel 0: material (dense)

MasterMerger:  runs 17:37:44

SliceDebugger:  runs 17:37:45
slices [710, 720):
	channel 0: material (dense)

MasterMerger:  runs 17:37:46

SliceDebugger:  runs 17:37:47
slices [720, 730):
	channel 0: material (dense)

MasterMerger:  runs 17:37:49

SliceDebugger:  runs 17:37:50
slices [730, 740):
	channel 0: material (dense)

MasterMerger:  runs 17:37:52

SliceDebugger:  runs 17:37:53
slices [740, 750):
	channel 0: material (dense)

MasterMerger:  runs 17:37:55

SliceDebugger:  runs 17:37:56
slices [750, 760):
	channel 0: material (dense)

MasterMerger:  runs 17:37:58

SliceDebugger:  runs 17:38:0
slices [760, 770):
	channel 0: material (dense)

MasterMerger:  runs 17:38:2

SliceDebugger:  runs 17:38:3
slices [770, 780):
	channel 0: material (dense)

MasterMerger:  runs 17:38:5

SliceDebugger:  runs 17:38:7
slices [780, 790):
	channel 0: material (dense)

MasterMerger:  runs 17:38:10

SliceDebugger:  runs 17:38:16
slices [790, 800):
	channel 0: material (dense)

MasterMerger:  runs 17:38:18

SliceDebugger:  runs 17:38:30
slices [800, 810):
	channel 0: material (dense)

MasterMerger:  runs 17:38:32

SliceDebugger:  runs 17:38:40
slices [810, 820):
	channel 0: material (dense)

MasterMerger:  runs 17:38:41

SliceDebugger:  runs 17:38:43
slices [820, 830):
	channel 0: material (dense)

MasterMerger:  runs 17:38:44

SliceDebugger:  runs 17:38:53
slices [830, 840):
	channel 0: material (dense)

MasterMerger:  runs 17:38:55

SliceDebugger:  runs 17:39:10
slices [840, 850):
	channel 0: material (dense)

MasterMerger:  runs 17:39:11

SliceDebugger:  runs 17:39:13
slices [850, 860):
	channel 0: material (dense)

MasterMerger:  runs 17:39:15

SliceDebugger:  runs 17:39:32
slices [860, 870):
	channel 0: material (dense)

MasterMerger:  runs 17:39:33

SliceDebugger:  runs 17:39:40
slices [870, 880):
	channel 0: material (dense)

MasterMerger:  runs 17:39:41

SliceDebugger:  runs 17:39:43
slices [880, 890):
	channel 0: material (dense)

MasterMerger:  runs 17:39:45

SliceDebugger:  runs 17:39:55
slices [890, 900):
	channel 0: material (dense)

MasterMerger:  runs 17:39:56

SliceDebugger:  runs 17:39:57
slices [900, 910):
	channel 0: material (dense)

MasterMerger:  runs 17:39:59

SliceDebugger:  runs 17:40:2
slices [910, 920):
	channel 0: material (dense)

MasterMerger:  runs 17:40:3

SliceDebugger:  runs 17:40:8
slices [920, 930):
	channel 0: material (dense)

MasterMerger:  runs 17:40:9

SliceDebugger:  runs 17:40:11
slices [930, 940):
	channel 0: material (dense)

MasterMerger:  runs 17:40:13

SliceDebugger:  runs 17:40:14
slices [940, 950):
	channel 0: material (dense)

MasterMerger:  runs 17:40:16

SliceDebugger:  runs 17:40:19
slices [950, 960):
	channel 0: material (dense)

MasterMerger:  runs 17:40:20

SliceDebugger:  runs 17:40:21
slices [960, 970):
	channel 0: material (dense)

MasterMerger:  runs 17:40:22

SliceDebugger:  runs 17:40:23
slices [970, 980):
	channel 0: material (dense)

MasterMerger:  runs 17:40:25

SliceDebugger:  runs 17:40:26
slices [980, 990):
	channel 0: material (dense)

MasterMerger:  runs 17:40:27

SliceDebugger:  runs 17:40:28
slices [990, 1000):
	channel 0: material (dense)

MasterMerger:  runs 17:40:30

SliceDebugger:  runs 17:40:31
slices [1000, 1010):
	channel 0: material (dense)

MasterMerger:  runs 17:40:32

SliceDebugger:  runs 17:40:33
slices [1010, 1020):
	channel 0: material (dense)

MasterMerger:  runs 17:40:34

SliceDebugger:  runs 17:40:35
slices [1020, 1030):
	channel 0: material (dense)

MasterMerger:  runs 17:40:37

SliceDebugger:  runs 17:40:38
slices [1030, 1040):
	channel 0: material (dense)

MasterMerger:  runs 17:40:40

SliceDebugger:  runs 17:40:42
slices [1040, 1050):
	channel 0: material (dense)

MasterMerger:  runs 17:40:44

SliceDebugger:  runs 17:40:45
slices [1050, 1060):
	channel 0: material (dense)

MasterMerger:  runs 17:40:46

SliceDebugger:  runs 17:40:47
slices [1060, 1070):
	channel 0: material (dense)

MasterMerger:  runs 17:40:48

SliceDebugger:  runs 17:40:49
slices [1070, 1080):
	channel 0: material (dense)

MasterMerger:  runs 17:40:50

SliceDebugger:  runs 17:40:51
slices [1080, 1090):
	channel 0: material (dense)

MasterMerger:  runs 17:40:52

SliceDebugger:  runs 17:40:53
slices [1090, 1100):
	channel 0: material (dense)

MasterMerger:  runs 17:40:54

SliceDebugger:  runs 17:40:55
slices [1100, 1110):
	channel 0: material (dense)

MasterMerger:  runs 17:40:56

SliceDebugger:  runs 17:40:57
slices [1110, 1120):
	channel 0: material (dense)

MasterMerger:  runs 17:40:58

SliceDebugger:  runs 17:40:59
slices [1120, 1130):
	channel 0: material (dense)

MasterMerger:  runs 17:41:1

SliceDebugger:  runs 17:41:1
slices [1130, 1140):
	channel 0: material (dense)

MasterMerger:  runs 17:41:3

SliceDebugger:  runs 17:41:3
slices [1140, 1150):
	channel 0: material (dense)

MasterMerger:  runs 17:41:5

SliceDebugger:  runs 17:41:5
slices [1150, 1160):
	channel 0: material (dense)

MasterMerger:  runs 17:41:7

SliceDebugger:  runs 17:41:7
slices [1160, 1170):
	channel 0: material (dense)

MasterMerger:  runs 17:41:8

SliceDebugger:  runs 17:41:8
slices [1170, 1180):
	channel 0: material (dense)

MasterMerger:  runs 17:41:10

SliceDebugger:  runs 17:41:10
slices [1180, 1190):
	channel 0: material (dense)

MasterMerger:  runs 17:41:11

SliceDebugger:  runs 17:41:12
slices [1190, 1200):
	channel 0: material (dense)

MasterMerger:  runs 17:41:13

SliceDebugger:  runs 17:41:13
slices [1200, 1210):
	channel 0: material (dense)

MasterMerger:  runs 17:41:15

SliceDebugger:  runs 17:41:15
slices [1210, 1220):
	channel 0: material (dense)

MasterMerger:  runs 17:41:16

SliceDebugger:  runs 17:41:16
slices [1220, 1230):
	channel 0: material (dense)

MasterMerger:  runs 17:41:18

SliceDebugger:  runs 17:41:18
slices [1230, 1240):
	channel 0: material (dense)

MasterMerger:  runs 17:41:19

SliceDebugger:  runs 17:41:20
slices [1240, 1250):
	channel 0: material (dense)

MasterMerger:  runs 17:41:21

SliceDebugger:  runs 17:41:21
slices [1250, 1260):
	channel 0: material (dense)

MasterMerger:  runs 17:41:23

SliceDebugger:  runs 17:41:23
slices [1260, 1270):
	channel 0: material (dense)

MasterMerger:  runs 17:41:24

SliceDebugger:  runs 17:41:24
slices [1270, 1280):
	channel 0: material (dense)

MasterMerger:  runs 17:41:26

SliceDebugger:  runs 17:41:26
slices [1280, 1290):
	channel 0: material (dense)

MasterMerger:  runs 17:41:28

SliceDebugger:  runs 17:41:28
slices [1290, 1300):
	channel 0: material (dense)

MasterMerger:  runs 17:41:29

SliceDebugger:  runs 17:41:30
slices [1300, 1310):
	channel 0: material (dense)

MasterMerger:  runs 17:41:31

SliceDebugger:  runs 17:41:31
slices [1310, 1320):
	channel 0: material (dense)

MasterMerger:  runs 17:41:33

SliceDebugger:  runs 17:41:33
slices [1320, 1330):
	channel 0: material (dense)

MasterMerger:  runs 17:41:34

SliceDebugger:  runs 17:41:35
slices [1330, 1340):
	channel 0: material (dense)

MasterMerger:  runs 17:41:36

SliceDebugger:  runs 17:41:37
slices [1340, 1350):
	channel 0: material (dense)

MasterMerger:  runs 17:41:38

SliceDebugger:  runs 17:41:38
slices [1350, 1360):
	channel 0: material (dense)

MasterMerger:  runs 17:41:40

SliceDebugger:  runs 17:41:40
slices [1360, 1370):
	channel 0: material (dense)

MasterMerger:  runs 17:41:41

SliceDebugger:  runs 17:41:42
slices [1370, 1380):
	channel 0: material (dense)

MasterMerger:  runs 17:41:43

SliceDebugger:  runs 17:41:43
slices [1380, 1390):
	channel 0: material (dense)

MasterMerger:  runs 17:41:45

SliceDebugger:  runs 17:41:45
slices [1390, 1400):
	channel 0: material (dense)

MasterMerger:  runs 17:41:46

SliceDebugger:  runs 17:41:47
slices [1400, 1410):
	channel 0: material (dense)

MasterMerger:  runs 17:41:48

SliceDebugger:  runs 17:41:48
slices [1410, 1420):
	channel 0: material (dense)

MasterMerger:  runs 17:41:50

SliceDebugger:  runs 17:41:50
slices [1420, 1430):
	channel 0: material (dense)

MasterMerger:  runs 17:41:51

SliceDebugger:  runs 17:41:52
slices [1430, 1440):
	channel 0: material (dense)

MasterMerger:  runs 17:41:53

SliceDebugger:  runs 17:41:53
slices [1440, 1450):
	channel 0: material (dense)

MasterMerger:  runs 17:41:55

SliceDebugger:  runs 17:41:55
slices [1450, 1460):
	channel 0: material (dense)

MasterMerger:  runs 17:41:57

SliceDebugger:  runs 17:41:57
slices [1460, 1470):
	channel 0: material (dense)

MasterMerger:  runs 17:41:59

SliceDebugger:  runs 17:41:59
slices [1470, 1480):
	channel 0: material (dense)

MasterMerger:  runs 17:42:2

SliceDebugger:  runs 17:42:3
slices [1480, 1490):
	channel 0: material (dense)

MasterMerger:  runs 17:42:5

SliceDebugger:  runs 17:42:5
slices [1490, 1500):
	channel 0: material (dense)

MasterMerger:  runs 17:42:8

SliceDebugger:  runs 17:42:9
slices [1500, 1510):
	channel 0: material (dense)

MasterMerger:  runs 17:42:11

SliceDebugger:  runs 17:42:11
slices [1510, 1520):
	channel 0: material (dense)

MasterMerger:  runs 17:42:12

SliceDebugger:  runs 17:42:12
slices [1520, 1530):
	channel 0: material (dense)

MasterMerger:  runs 17:42:14

SliceDebugger:  runs 17:42:14
slices [1530, 1540):
	channel 0: material (dense)

MasterMerger:  runs 17:42:15

SliceDebugger:  runs 17:42:16
slices [1540, 1550):
	channel 0: material (dense)

MasterMerger:  runs 17:42:17

SliceDebugger:  runs 17:42:17
slices [1550, 1552):
	channel 0: material (dense)

Computation finished 

Status: success
Master Node  0 :Total execution time in seconds 3314.81

