PrintingSoftware::execute:
	1 trials
	total = 315.805 s
	mean  = 315.805 s
	var   = 0 s^2, std = 0 s
	min   = 315.805 s
	max   = 315.805 s

MasterPrintingSoftware::startUp:
	1 trials
	total = 0.55131 s
	mean  = 0.55131 s
	var   = 0 s^2, std = 0 s
	min   = 0.55131 s
	max   = 0.55131 s

MasterPrintingSoftware::Send:
	35 trials
	total = 0.017106 s
	mean  = 0.000488743 s
	var   = 7.97751e-007 s^2, std = 0.000893169 s
	min   = 0 s
	max   = 0.003027 s

FileParserPJ::setInput:
	1 trials
	total = 0 s
	mean  = 0 s
	var   = 0 s^2, std = 0 s
	min   = 0 s
	max   = 0 s

FileParserPJ::runInternal:
	1 trials
	total = 19.3333 s
	mean  = 19.3333 s
	var   = 0 s^2, std = 0 s
	min   = 19.3333 s
	max   = 19.3333 s

PrintJobOrganizer::setInput:
	1 trials
	total = 0.008007 s
	mean  = 0.008007 s
	var   = 0 s^2, std = 0 s
	min   = 0.008007 s
	max   = 0.008007 s

PrintJobOrganizer::runInternal:
	1 trials
	total = 1.02425 s
	mean  = 1.02425 s
	var   = 0 s^2, std = 0 s
	min   = 1.02425 s
	max   = 1.02425 s

MasterPJDistributor::serializeImgData:
	10 trials
	total = 0.493095 s
	mean  = 0.0493095 s
	var   = 0.00135862 s^2, std = 0.0368594 s
	min   = 0.011003 s
	max   = 0.087018 s

MasterPJDistributor::serializePJ:
	5 trials
	total = 0.505124 s
	mean  = 0.101025 s
	var   = 0.000125523 s^2, std = 0.0112037 s
	min   = 0.08703 s
	max   = 0.111037 s

MasterPJDistributor::Send:
	55 trials
	total = 13.6355 s
	mean  = 0.247918 s
	var   = 0.137653 s^2, std = 0.371017 s
	min   = 0 s
	max   = 1.17911 s

€š-¸3SliceDebugger::setInput:
	78 trials
	total = 0 s
	mean  = 0 s
	var   = 0 s^2, std = 0 s
	min   = 0 s
	max   = 0 s

SliceDebugger::runInternal:
	78 trials
	total = 58.6496 s
	mean  = 0.751918 s
	var   = 0.00129953 s^2, std = 0.036049 s
	min   = 0.493871 s
	max   = 0.814172 s

