SlavePrintingSoftware::startUp:
	1 trials
	total = 0.281279 s
	mean  = 0.281279 s
	var   = 0 s^2, std = 0 s
	min   = 0.281279 s
	max   = 0.281279 s

PrintingSoftware::execute:
	1 trials
	total = 320.167 s
	mean  = 320.167 s
	var   = 0 s^2, std = 0 s
	min   = 320.167 s
	max   = 320.167 s

DistributedComputingInitiator::Receive:
	1 trials
	total = 21.5335 s
	mean  = 21.5335 s
	var   = 0 s^2, std = 0 s
	min   = 21.5335 s
	max   = 21.5335 s

FileParserPJ::setInput:
	1 trials
	total = 0 s
	mean  = 0 s
	var   = 0 s^2, std = 0 s
	min   = 0 s
	max   = 0 s

FileParserPJ::runInternal:
	1 trials
	total = 4.56299 s
	mean  = 4.56299 s
	var   = 0 s^2, std = 0 s
	min   = 4.56299 s
	max   = 4.56299 s

PrintJobOrganizer::setInput:
	1 trials
	total = 0 s
	mean  = 0 s
	var   = 0 s^2, std = 0 s
	min   = 0 s
	max   = 0 s

PrintJobOrganizer::runInternal:
	1 trials
	total = 0.218748 s
	mean  = 0.218748 s
	var   = 0 s^2, std = 0 s
	min   = 0.218748 s
	max   = 0.218748 s

PrintJobPreprocessor::setInput:
	1 trials
	total = 0 s
	mean  = 0 s
	var   = 0 s^2, std = 0 s
	min   = 0 s
	max   = 0 s

PrintJobPreprocessor::runInternal:
	1 trials
	total = 1.07824 s
	mean  = 1.07824 s
	var   = 0 s^2, std = 0 s
	min   = 1.07824 s
	max   = 1.07824 s

PrintJobVoxelizer::setInput:
	16 trials
	total = 0 s
	mean  = 0 s
	var   = 0 s^2, std = 0 s
	min   = 0 s
	max   = 0 s

PrintJobVoxelizer::runInternal:
	16 trials
	total = 55.9913 s
	mean  = 3.49946 s
	var   = 0.672391 s^2, std = 0.819994 s
	min   = 1.23626 s
	max   = 4.60983 s

PrintJobVoxelizer::rasterizeObjects:
	16 trials
	total = 15.5019 s
	mean  = 0.968869 s
	var   = 0.0896747 s^2, std = 0.299457 s
	min   = 0.296898 s
	max   = 1.29701 s

PrintJobVoxelizer::voxelizeObjects:
	16 trials
	total = 38.5606 s
	mean  = 2.41004 s
	var   = 0.315476 s^2, std = 0.561672 s
	min   = 0.873417 s
	max   = 3.32847 s

PrintJobVoxelizer::finalizeSurfaces:
	16 trials
	total = 0.656842 s
	mean  = 0.0410526 s
	var   = 9.23789e-005 s^2, std = 0.00961139 s
	min   = 0.016043 s
	max   = 0.047126 s

TonalValueCalculator::setInput:
	16 trials
	total = 0 s
	mean  = 0 s
	var   = 0 s^2, std = 0 s
	min   = 0 s
	max   = 0 s

TonalValueCalculator::runInternal:
	16 trials
	total = 0.321337 s
	mean  = 0.0200836 s
	var   = 0.000192602 s^2, std = 0.0138781 s
	min   = 0 s
	max   = 0.046879 s

SurfaceDistanceOrderedTransfer::setInput:
	16 trials
	total = 0.016659 s
	mean  = 0.00104119 s
	var   = 1.52514e-005 s^2, std = 0.00390531 s
	min   = 0 s
	max   = 0.015656 s

SurfaceDistanceOrderedTransfer::runInternal:
	16 trials
	total = 24.4203 s
	mean  = 1.52627 s
	var   = 0.0478963 s^2, std = 0.218852 s
	min   = 0.781301 s
	max   = 1.70334 s

SurfaceDistanceOrderedTransfer::buildOrderedSurfaceData:
	16 trials
	total = 0.602318 s
	mean  = 0.0376449 s
	var   = 0.00385054 s^2, std = 0.0620527 s
	min   = 0 s
	max   = 0.265651 s

SurfaceDistanceOrderedTransfer::fillDistanceChannel:
	16 trials
	total = 2.37752 s
	mean  = 0.148595 s
	var   = 0.00226869 s^2, std = 0.0476308 s
	min   = 0.062491 s
	max   = 0.250026 s

SurfaceDistanceOrderedTransfer::transfer:
	16 trials
	total = 20.0664 s
	mean  = 1.25415 s
	var   = 0.0551529 s^2, std = 0.234847 s
	min   = 0.421907 s
	max   = 1.39077 s

SurfaceDistanceOrderedTransfer::mergeDistances:
	32 trials
	total = 2.78566 s
	mean  = 0.0870517 s
	var   = 0.000392322 s^2, std = 0.0198071 s
	min   = 0.031253 s
	max   = 0.109386 s

SurfaceDistanceOrderedTransfer::applySqrt:
	16 trials
	total = 1.37213 s
	mean  = 0.085758 s
	var   = 0.000479835 s^2, std = 0.0219051 s
	min   = 0.028073 s
	max   = 0.093793 s

LayerExtractor::setInput:
	16 trials
	total = 0 s
	mean  = 0 s
	var   = 0 s^2, std = 0 s
	min   = 0 s
	max   = 0 s

LayerExtractor::runInternal:
	16 trials
	total = 11.1473 s
	mean  = 0.696708 s
	var   = 0.0749771 s^2, std = 0.273819 s
	min   = 0.125015 s
	max   = 1.07825 s

VectorLayerHalftoner::setInput:
	16 trials
	total = 0.01663 s
	mean  = 0.00103937 s
	var   = 1.5195e-005 s^2, std = 0.00389807 s
	min   = 0 s
	max   = 0.015627 s

VectorLayerHalftoner::runInternal:
	16 trials
	total = 75.2932 s
	mean  = 4.70583 s
	var   = 3.8887 s^2, std = 1.97198 s
	min   = 0.937598 s
	max   = 7.51642 s

VectorLayerHalftoner(0)::setupOutputContainerSlaveReporter::serializeSlice:
	777 trials
	total = 295.841 s
	mean  = 0.380748 s
	var   = 4.72495 s^2, std = 2.17369 s
	min   = 0.218742 s
	max   = 60.5693 s

SlaveReporter::Send:
	22 trials
	total = 0 s
	mean  = 0 s
	var   = 0 s^2, std = 0 s
	min   = 0 s
	max   = 0 s

