SlavePrintingSoftware::startUp:
	1 trials
	total = 0.322559 s
	mean  = 0.322559 s
	var   = 0 s^2, std = 0 s
	min   = 0.322559 s
	max   = 0.322559 s

PrintingSoftware::execute:
	1 trials
	total = 199.388 s
	mean  = 199.388 s
	var   = 0 s^2, std = 0 s
	min   = 199.388 s
	max   = 199.388 s

SlavePrintingSoftware::communicateData:
	7 trials
	total = 0.034627 s
	mean  = 0.00494671 s
	var   = 7.74441e-005 s^2, std = 0.00880024 s
	min   = 0 s
	max   = 0.021582 s

SlavePJCollector::deserialize:
	3 trials
	total = 0.047008 s
	mean  = 0.0156693 s
	var   = 0.000121384 s^2, std = 0.0110174 s
	min   = 0.003 s
	max   = 0.023004 s

SlavePJCollector::Receive:
	11 trials
	total = 33.2404 s
	mean  = 3.02185 s
	var   = 83.7194 s^2, std = 9.14983 s
	min   = 0 s
	max   = 30.5701 s

PrintJobOrganizer::setInput:
	1 trials
	total = 0.001 s
	mean  = 0.001 s
	var   = 0 s^2, std = 0 s
	min   = 0.001 s
	max   = 0.001 s

PrintJobOrganizer::runInternal:
	1 trials
	total = 0.247782 s
	mean  = 0.247782 s
	var   = 0 s^2, std = 0 s
	min   = 0.247782 s
	max   = 0.247782 s

PrintJobPreprocessor::setInput:
	1 trials
	total = 0 s
	mean  = 0 s
	var   = 0 s^2, std = 0 s
	min   = 0 s
	max   = 0 s

PrintJobPreprocessor::runInternal:
	1 trials
	total = 1.04337 s
	mean  = 1.04337 s
	var   = 0 s^2, std = 0 s
	min   = 1.04337 s
	max   = 1.04337 s

PrintJobVoxelizer::setInput:
	16 trials
	total = 0 s
	mean  = 0 s
	var   = 0 s^2, std = 0 s
	min   = 0 s
	max   = 0 s

PrintJobVoxelizer::runInternal:
	16 trials
	total = 51.045 s
	mean  = 3.19031 s
	var   = 0.453975 s^2, std = 0.673777 s
	min   = 1.25187 s
	max   = 3.71772 s

PrintJobVoxelizer::rasterizeObjects:
	16 trials
	total = 14.7137 s
	mean  = 0.919608 s
	var   = 0.0734544 s^2, std = 0.271025 s
	min   = 0.335059 s
	max   = 1.26722 s

PrintJobVoxelizer::voxelizeObjects:
	16 trials
	total = 34.5254 s
	mean  = 2.15784 s
	var   = 0.203205 s^2, std = 0.450782 s
	min   = 0.858356 s
	max   = 2.55565 s

PrintJobVoxelizer::finalizeSurfaces:
	16 trials
	total = 0.598124 s
	mean  = 0.0373828 s
	var   = 6.69368e-005 s^2, std = 0.00818149 s
	min   = 0.01547 s
	max   = 0.053912 s

TonalValueCalculator::setInput:
	16 trials
	total = 0.001001 s
	mean  = 6.25625e-005 s
	var   = 6.26251e-008 s^2, std = 0.00025025 s
	min   = 0 s
	max   = 0.001001 s

TonalValueCalculator::runInternal:
	16 trials
	total = 0.343799 s
	mean  = 0.0214874 s
	var   = 0.00010108 s^2, std = 0.0100538 s
	min   = 0.001 s
	max   = 0.033006 s

SurfaceDistanceOrderedTransfer::setInput:
	16 trials
	total = 0.000391 s
	mean  = 2.44375e-005 s
	var   = 9.55506e-009 s^2, std = 9.775e-005 s
	min   = 0 s
	max   = 0.000391 s

SurfaceDistanceOrderedTransfer::runInternal:
	16 trials
	total = 22.4481 s
	mean  = 1.40301 s
	var   = 0.0288122 s^2, std = 0.169742 s
	min   = 0.827279 s
	max   = 1.53327 s

SurfaceDistanceOrderedTransfer::buildOrderedSurfaceData:
	16 trials
	total = 0.548106 s
	mean  = 0.0342566 s
	var   = 0.00353586 s^2, std = 0.0594631 s
	min   = 0 s
	max   = 0.255046 s

SurfaceDistanceOrderedTransfer::fillDistanceChannel:
	16 trials
	total = 1.84154 s
	mean  = 0.115096 s
	var   = 0.000170538 s^2, std = 0.013059 s
	min   = 0.068024 s
	max   = 0.13004 s

SurfaceDistanceOrderedTransfer::transfer:
	16 trials
	total = 19.7243 s
	mean  = 1.23277 s
	var   = 0.0437324 s^2, std = 0.209123 s
	min   = 0.497077 s
	max   = 1.37924 s

SurfaceDistanceOrderedTransfer::mergeDistances:
	32 trials
	total = 1.72633 s
	mean  = 0.0539479 s
	var   = 6.21447e-005 s^2, std = 0.00788319 s
	min   = 0.026007 s
	max   = 0.063012 s

SurfaceDistanceOrderedTransfer::applySqrt:
	16 trials
	total = 0.332053 s
	mean  = 0.0207533 s
	var   = 5.83499e-005 s^2, std = 0.00763871 s
	min   = 0.006 s
	max   = 0.032006 s

LayerExtractor::setInput:
	16 trials
	total = 0 s
	mean  = 0 s
	var   = 0 s^2, std = 0 s
	min   = 0 s
	max   = 0 s

LayerExtractor::runInternal:
	16 trials
	total = 10.9091 s
	mean  = 0.681818 s
	var   = 0.0700581 s^2, std = 0.264685 s
	min   = 0.12904 s
	max   = 1.11321 s

VectorLayerHalftoner::setInput:
	16 trials
	total = 0.008885 s
	mean  = 0.000555313 s
	var   = 3.28351e-007 s^2, std = 0.00057302 s
	min   = 0 s
	max   = 0.002001 s

VectorLayerHalftoner::runInternal:
	16 trials
	total = 71.6643 s
	mean  = 4.47902 s
	var   = 3.54632 s^2, std = 1.88317 s
	min   = 0.766651 s
	max   = 6.99009 s

VectorLayerHalftoner(0)::setupOutputContainerSlaveReporter::serializeSlice:
	777 trials
	total = 2.05173 s
	mean  = 0.00264058 s
	var   = 7.24726e-006 s^2, std = 0.00269207 s
	min   = 0.000996 s
	max   = 0.053009 s

SlaveReporter::Send:
	2351 trials
	total = 0.426626 s
	mean  = 0.000181466 s
	var   = 7.75505e-007 s^2, std = 0.000880628 s
	min   = 0 s
	max   = 0.026004 s

SlaveReporter::CompressData:
	777 trials
	total = 4.42313 s
	mean  = 0.00569257 s
	var   = 7.27294e-007 s^2, std = 0.000852815 s
	min   = 0.003995 s
	max   = 0.012001 s

