SlavePrintingSoftware::startUp:
	1 trials
	total = 0.165016 s
	mean  = 0.165016 s
	var   = 0 s^2, std = 0 s
	min   = 0.165016 s
	max   = 0.165016 s

PrintingSoftware::execute:
	1 trials
	total = 232.06 s
	mean  = 232.06 s
	var   = 0 s^2, std = 0 s
	min   = 232.06 s
	max   = 232.06 s

SlavePrintingSoftware::communicateData:
	7 trials
	total = 0.039003 s
	mean  = 0.00557186 s
	var   = 9.13001e-005 s^2, std = 0.00955511 s
	min   = 0 s
	max   = 0.021002 s

,intJobVoxelizer::setInput:
	16 trials
	total = 0 s
	mean  = 0 s
	var   = 0 s^2, std = 0 s
	min   = 0 s
	max   = 0 s

PrintJobVoxelizer::runInternal:
	16 trials
	total = 64.9255 s
	mean  = 4.05784 s
	var   = 0.736818 s^2, std = 0.858381 s
	min   = 1.52415 s
	max   = 4.9775 s

PrintJobVoxelizer::rasterizeObjects:
	16 trials
	total = 16.5197 s
	mean  = 1.03248 s
	var   = 0.0779984 s^2, std = 0.279282 s
	min   = 0.357035 s
	max   = 1.28013 s

PrintJobVoxelizer::voxelizeObjects:
	16 trials
	total = 46.5547 s
	mean  = 2.90967 s
	var   = 0.398435 s^2, std = 0.631217 s
	min   = 1.10311 s
	max   = 3.81938 s

PrintJobVoxelizer::finalizeSurfaces:
	16 trials
	total = 0.642065 s
	mean  = 0.0401291 s
	var   = 6.54629e-005 s^2, std = 0.00809092 s
	min   = 0.018002 s
	max   = 0.050005 s

>S.Œ"