SlavePrintingSoftware::startUp:
	1 trials
	total = 0.359384 s
	mean  = 0.359384 s
	var   = 0 s^2, std = 0 s
	min   = 0.359384 s
	max   = 0.359384 s

PrintingSoftware::execute:
	1 trials
	total = 1010.37 s
	mean  = 1010.37 s
	var   = 0 s^2, std = 0 s
	min   = 1010.37 s
	max   = 1010.37 s

DistributedComputingInitiator::Receive:
	1 trials
	total = 8.21963 s
	mean  = 8.21963 s
	var   = 0 s^2, std = 0 s
	min   = 8.21963 s
	max   = 8.21963 s

FileParserPJ::setInput:
	1 trials
	total = 0 s
	mean  = 0 s
	var   = 0 s^2, std = 0 s
	min   = 0 s
	max   = 0 s

FileParserPJ::runInternal:
	1 trials
	total = 4.07856 s
	mean  = 4.07856 s
	var   = 0 s^2, std = 0 s
	min   = 4.07856 s
	max   = 4.07856 s

PrintJobOrganizer::setInput:
	1 trials
	total = 0 s
	mean  = 0 s
	var   = 0 s^2, std = 0 s
	min   = 0 s
	max   = 0 s

PrintJobOrganizer::runInternal:
	1 trials
	total = 0.312531 s
	mean  = 0.312531 s
	var   = 0 s^2, std = 0 s
	min   = 0.312531 s
	max   = 0.312531 s

PrintJobPreprocessor::setInput:
	1 trials
	total = 0 s
	mean  = 0 s
	var   = 0 s^2, std = 0 s
	min   = 0 s
	max   = 0 s

PrintJobPreprocessor::runInternal:
	1 trials
	total = 0.869231 s
	mean  = 0.869231 s
	var   = 0 s^2, std = 0 s
	min   = 0.869231 s
	max   = 0.869231 s

PrintJobVoxelizer::setInput:
	32 trials
	total = 0 s
	mean  = 0 s
	var   = 0 s^2, std = 0 s
	min   = 0 s
	max   = 0 s

PrintJobVoxelizer::runInternal:
	32 trials
	total = 120.52 s
	mean  = 3.76625 s
	var   = 0.477986 s^2, std = 0.691366 s
	min   = 0.265652 s
	max   = 4.25045 s

PrintJobVoxelizer::rasterizeObjects:
	32 trials
	total = 23.4884 s
	mean  = 0.734013 s
	var   = 0.0473535 s^2, std = 0.217609 s
	min   = 0.218805 s
	max   = 1.01573 s

PrintJobVoxelizer::voxelizeObjects:
	32 trials
	total = 90.0882 s
	mean  = 2.81526 s
	var   = 0.265556 s^2, std = 0.515322 s
	min   = 0.03122 s
	max   = 3.20347 s

PrintJobVoxelizer::finalizeSurfaces:
	32 trials
	total = 2.09395 s
	mean  = 0.0654358 s
	var   = 0.000164441 s^2, std = 0.0128234 s
	min   = 0.015627 s
	max   = 0.09376 s

TonalValueCalculator::setInput:
	32 trials
	total = 0 s
	mean  = 0 s
	var   = 0 s^2, std = 0 s
	min   = 0 s
	max   = 0 s

TonalValueCalculator::runInternal:
	32 trials
	total = 0.687554 s
	mean  = 0.0214861 s
	var   = 0.00012209 s^2, std = 0.0110494 s
	min   = 0 s
	max   = 0.031254 s

SurfaceDistanceOrderedTransfer::setInput:
	32 trials
	total = 0 s
	mean  = 0 s
	var   = 0 s^2, std = 0 s
	min   = 0 s
	max   = 0 s

SurfaceDistanceOrderedTransfer::runInternal:
	32 trials
	total = 43.5254 s
	mean  = 1.36017 s
	var   = 0.0275014 s^2, std = 0.165835 s
	min   = 0.796961 s
	max   = 1.5627 s

SurfaceDistanceOrderedTransfer::buildOrderedSurfaceData:
	32 trials
	total = 1.25013 s
	mean  = 0.0390665 s
	var   = 0.00723132 s^2, std = 0.0850371 s
	min   = 0 s
	max   = 0.500055 s

SurfaceDistanceOrderedTransfer::fillDistanceChannel:
	32 trials
	total = 4.15704 s
	mean  = 0.129907 s
	var   = 0.000321992 s^2, std = 0.0179441 s
	min   = 0.062536 s
	max   = 0.156266 s

SurfaceDistanceOrderedTransfer::transfer:
	32 trials
	total = 35.6842 s
	mean  = 1.11513 s
	var   = 0.0358603 s^2, std = 0.189368 s
	min   = 0.390637 s
	max   = 1.29699 s

SurfaceDistanceOrderedTransfer::mergeDistances:
	32 trials
	total = 0 s
	mean  = 0 s
	var   = 0 s^2, std = 0 s
	min   = 0 s
	max   = 0 s

SurfaceDistanceOrderedTransfer::applySqrt:
	32 trials
	total = 2.43408 s
	mean  = 0.0760648 s
	var   = 0.000129698 s^2, std = 0.0113885 s
	min   = 0.031253 s
	max   = 0.09379 s

LayerExtractor::setInput:
	32 trials
	total = 0.015626 s
	mean  = 0.000488312 s
	var   = 7.63037e-006 s^2, std = 0.00276231 s
	min   = 0 s
	max   = 0.015626 s

LayerExtractor::runInternal:
	32 trials
	total = 31.1694 s
	mean  = 0.974045 s
	var   = 0.0766279 s^2, std = 0.276817 s
	min   = 0.218774 s
	max   = 1.28632 s

VectorLayerHalftoner::setInput:
	32 trials
	total = 0.015627 s
	mean  = 0.000488344 s
	var   = 7.63135e-006 s^2, std = 0.00276249 s
	min   = 0 s
	max   = 0.015627 s

VectorLayerHalftoner::runInternal:
	32 trials
	total = 229.844 s
	mean  = 7.18264 s
	var   = 4.27743 s^2, std = 2.06819 s
	min   = 1.34392 s
	max   = 10.1011 s

VectorLayerHalftoner(0)::setupOutputContainerSlaveReporter::serializeSlice:
	1396 trials
	total = 994.418 s
	mean  = 0.712334 s
	var   = 0.12326 s^2, std = 0.351084 s
	min   = 0.51568 s
	max   = 3.27318 s

SlaveReporter::Send:
	38 trials
	total = 0 s
	mean  = 0 s
	var   = 0 s^2, std = 0 s
	min   = 0 s
	max   = 0 s

