SlavePrintingSoftware::startUp:
	1 trials
	total = 0.562556 s
	mean  = 0.562556 s
	var   = 0 s^2, std = 0 s
	min   = 0.562556 s
	max   = 0.562556 s

PrintingSoftware::execute:
	1 trials
	total = 328.908 s
	mean  = 328.908 s
	var   = 0 s^2, std = 0 s
	min   = 328.908 s
	max   = 328.908 s

DistributedComputingInitiator::Receive:
	1 trials
	total = 18.8456 s
	mean  = 18.8456 s
	var   = 0 s^2, std = 0 s
	min   = 18.8456 s
	max   = 18.8456 s

FileParserPJ::setInput:
	1 trials
	total = 0 s
	mean  = 0 s
	var   = 0 s^2, std = 0 s
	min   = 0 s
	max   = 0 s

FileParserPJ::runInternal:
	1 trials
	total = 10.5792 s
	mean  = 10.5792 s
	var   = 0 s^2, std = 0 s
	min   = 10.5792 s
	max   = 10.5792 s

PrintJobOrganizer::setInput:
	1 trials
	total = 0 s
	mean  = 0 s
	var   = 0 s^2, std = 0 s
	min   = 0 s
	max   = 0 s

PrintJobOrganizer::runInternal:
	1 trials
	total = 0.546929 s
	mean  = 0.546929 s
	var   = 0 s^2, std = 0 s
	min   = 0.546929 s
	max   = 0.546929 s

PrintJobPreprocessor::setInput:
	1 trials
	total = 0 s
	mean  = 0 s
	var   = 0 s^2, std = 0 s
	min   = 0 s
	max   = 0 s

PrintJobPreprocessor::runInternal:
	1 trials
	total = 3.06281 s
	mean  = 3.06281 s
	var   = 0 s^2, std = 0 s
	min   = 3.06281 s
	max   = 3.06281 s

PrintJobVoxelizer::setInput:
	16 trials
	total = 0 s
	mean  = 0 s
	var   = 0 s^2, std = 0 s
	min   = 0 s
	max   = 0 s

PrintJobVoxelizer::runInternal:
	16 trials
	total = 79.9298 s
	mean  = 4.99561 s
	var   = 0.684828 s^2, std = 0.827543 s
	min   = 2.48462 s
	max   = 6.07873 s

PrintJobVoxelizer::rasterizeObjects:
	16 trials
	total = 27.159 s
	mean  = 1.69743 s
	var   = 0.282702 s^2, std = 0.531697 s
	min   = 0.515677 s
	max   = 2.40649 s

PrintJobVoxelizer::voxelizeObjects:
	16 trials
	total = 49.5674 s
	mean  = 3.09796 s
	var   = 0.141549 s^2, std = 0.376229 s
	min   = 1.85956 s
	max   = 3.50035 s

PrintJobVoxelizer::finalizeSurfaces:
	16 trials
	total = 0.718819 s
	mean  = 0.0449262 s
	var   = 9.36031e-005 s^2, std = 0.00967487 s
	min   = 0.031253 s
	max   = 0.062506 s

TonalValueCalculator::setInput:
	16 trials
	total = 0 s
	mean  = 0 s
	var   = 0 s^2, std = 0 s
	min   = 0 s
	max   = 0 s

TonalValueCalculator::runInternal:
	16 trials
	total = 0.562554 s
	mean  = 0.0351596 s
	var   = 0.000244198 s^2, std = 0.0156268 s
	min   = 0 s
	max   = 0.04688 s

SurfaceDistanceOrderedTransfer::setInput:
	16 trials
	total = 0 s
	mean  = 0 s
	var   = 0 s^2, std = 0 s
	min   = 0 s
	max   = 0 s

SurfaceDistanceOrderedTransfer::runInternal:
	16 trials
	total = 30.0186 s
	mean  = 1.87616 s
	var   = 0.0511321 s^2, std = 0.226124 s
	min   = 1.10949 s
	max   = 2.10959 s

SurfaceDistanceOrderedTransfer::buildOrderedSurfaceData:
	16 trials
	total = 1.15637 s
	mean  = 0.0722731 s
	var   = 0.0100566 s^2, std = 0.100283 s
	min   = 0 s
	max   = 0.437545 s

SurfaceDistanceOrderedTransfer::fillDistanceChannel:
	16 trials
	total = 3.0003 s
	mean  = 0.187519 s
	var   = 0.00126979 s^2, std = 0.0356341 s
	min   = 0.078133 s
	max   = 0.234399 s

SurfaceDistanceOrderedTransfer::transfer:
	16 trials
	total = 24.4243 s
	mean  = 1.52652 s
	var   = 0.0742245 s^2, std = 0.272442 s
	min   = 0.562555 s
	max   = 1.7658 s

SurfaceDistanceOrderedTransfer::mergeDistances:
	32 trials
	total = 2.87529 s
	mean  = 0.0898528 s
	var   = 0.000236314 s^2, std = 0.0153725 s
	min   = 0.031253 s
	max   = 0.093761 s

SurfaceDistanceOrderedTransfer::applySqrt:
	16 trials
	total = 1.43764 s
	mean  = 0.0898528 s
	var   = 0.000244182 s^2, std = 0.0156263 s
	min   = 0.031254 s
	max   = 0.09376 s

LayerExtractor::setInput:
	16 trials
	total = 0 s
	mean  = 0 s
	var   = 0 s^2, std = 0 s
	min   = 0 s
	max   = 0 s

LayerExtractor::runInternal:
	16 trials
	total = 22.3147 s
	mean  = 1.39467 s
	var   = 0.275983 s^2, std = 0.525341 s
	min   = 0.218771 s
	max   = 2.03145 s

VectorLayerHalftoner::setInput:
	16 trials
	total = 0 s
	mean  = 0 s
	var   = 0 s^2, std = 0 s
	min   = 0 s
	max   = 0 s

VectorLayerHalftoner::runInternal:
	16 trials
	total = 116.527 s
	mean  = 7.28295 s
	var   = 5.95221 s^2, std = 2.43971 s
	min   = 1.32826 s
	max   = 10.6104 s

VectorLayerHalftoner(0)::setupOutputContainerSlaveReporter::serializeSlice:
	777 trials
	total = 296.951 s
	mean  = 0.382177 s
	var   = 0.136622 s^2, std = 0.369624 s
	min   = 0.26565 s
	max   = 3.93789 s

SlaveReporter::Send:
	22 trials
	total = 0 s
	mean  = 0 s
	var   = 0 s^2, std = 0 s
	min   = 0 s
	max   = 0 s

