SlavePrintingSoftware::startUp:
	1 trials
	total = 0.343748 s
	mean  = 0.343748 s
	var   = 0 s^2, std = 0 s
	min   = 0.343748 s
	max   = 0.343748 s

PrintingSoftware::execute:
	1 trials
	total = 70.6017 s
	mean  = 70.6017 s
	var   = 0 s^2, std = 0 s
	min   = 70.6017 s
	max   = 70.6017 s

DistributedComputingInitiator::Receive:
	1 trials
	total = 5.89121 s
	mean  = 5.89121 s
	var   = 0 s^2, std = 0 s
	min   = 5.89121 s
	max   = 5.89121 s

FileParserPJ::setInput:
	1 trials
	total = 0 s
	mean  = 0 s
	var   = 0 s^2, std = 0 s
	min   = 0 s
	max   = 0 s

FileParserPJ::runInternal:
	1 trials
	total = 0.718823 s
	mean  = 0.718823 s
	var   = 0 s^2, std = 0 s
	min   = 0.718823 s
	max   = 0.718823 s

PrintJobOrganizer::setInput:
	1 trials
	total = 0 s
	mean  = 0 s
	var   = 0 s^2, std = 0 s
	min   = 0 s
	max   = 0 s

PrintJobOrganizer::runInternal:
	1 trials
	total = 0.078128 s
	mean  = 0.078128 s
	var   = 0 s^2, std = 0 s
	min   = 0.078128 s
	max   = 0.078128 s

PrintJobPreprocessor::setInput:
	1 trials
	total = 0 s
	mean  = 0 s
	var   = 0 s^2, std = 0 s
	min   = 0 s
	max   = 0 s

PrintJobPreprocessor::runInternal:
	1 trials
	total = 0 s
	mean  = 0 s
	var   = 0 s^2, std = 0 s
	min   = 0 s
	max   = 0 s

PrintJobVoxelizer::setInput:
	13 trials
	total = 0 s
	mean  = 0 s
	var   = 0 s^2, std = 0 s
	min   = 0 s
	max   = 0 s

PrintJobVoxelizer::runInternal:
	13 trials
	total = 14.3535 s
	mean  = 1.10412 s
	var   = 0.0760652 s^2, std = 0.275799 s
	min   = 0.265649 s
	max   = 1.35951 s

PrintJobVoxelizer::rasterizeObjects:
	13 trials
	total = 4.12019 s
	mean  = 0.316938 s
	var   = 0.0128004 s^2, std = 0.113139 s
	min   = 0.156265 s
	max   = 0.515643 s

PrintJobVoxelizer::voxelizeObjects:
	13 trials
	total = 9.61047 s
	mean  = 0.739267 s
	var   = 0.039372 s^2, std = 0.198424 s
	min   = 0.109384 s
	max   = 0.984472 s

PrintJobVoxelizer::finalizeSurfaces:
	13 trials
	total = 0.202914 s
	mean  = 0.0156088 s
	var   = 4.06981e-005 s^2, std = 0.00637951 s
	min   = 0 s
	max   = 0.031253 s

TonalValueCalculator::setInput:
	13 trials
	total = 0 s
	mean  = 0 s
	var   = 0 s^2, std = 0 s
	min   = 0 s
	max   = 0 s

TonalValueCalculator::runInternal:
	13 trials
	total = 0.109402 s
	mean  = 0.00841554 s
	var   = 6.57626e-005 s^2, std = 0.00810942 s
	min   = 0 s
	max   = 0.015643 s

SurfaceDistanceOrderedTransfer::setInput:
	13 trials
	total = 0 s
	mean  = 0 s
	var   = 0 s^2, std = 0 s
	min   = 0 s
	max   = 0 s

SurfaceDistanceOrderedTransfer::runInternal:
	13 trials
	total = 3.93802 s
	mean  = 0.302925 s
	var   = 0.00372612 s^2, std = 0.0610419 s
	min   = 0.171892 s
	max   = 0.359417 s

SurfaceDistanceOrderedTransfer::buildOrderedSurfaceData:
	13 trials
	total = 0.15635 s
	mean  = 0.0120269 s
	var   = 0.000454339 s^2, std = 0.0213152 s
	min   = 0 s
	max   = 0.078166 s

SurfaceDistanceOrderedTransfer::fillDistanceChannel:
	13 trials
	total = 0.250016 s
	mean  = 0.019232 s
	var   = 8.78237e-005 s^2, std = 0.00937143 s
	min   = 0 s
	max   = 0.031284 s

SurfaceDistanceOrderedTransfer::transfer:
	13 trials
	total = 2.39078 s
	mean  = 0.183906 s
	var   = 0.00236576 s^2, std = 0.0486391 s
	min   = 0.062538 s
	max   = 0.234366 s

SurfaceDistanceOrderedTransfer::mergeDistances:
	13 trials
	total = 0 s
	mean  = 0 s
	var   = 0 s^2, std = 0 s
	min   = 0 s
	max   = 0 s

SurfaceDistanceOrderedTransfer::applySqrt:
	13 trials
	total = 1.10959 s
	mean  = 0.0853533 s
	var   = 0.000432528 s^2, std = 0.0207973 s
	min   = 0.03122 s
	max   = 0.09379 s

LayerExtractor::setInput:
	13 trials
	total = 0 s
	mean  = 0 s
	var   = 0 s^2, std = 0 s
	min   = 0 s
	max   = 0 s

LayerExtractor::runInternal:
	13 trials
	total = 3.03157 s
	mean  = 0.233197 s
	var   = 0.0124319 s^2, std = 0.111498 s
	min   = 0.04688 s
	max   = 0.375061 s

VectorLayerHalftoner::setInput:
	13 trials
	total = 0 s
	mean  = 0 s
	var   = 0 s^2, std = 0 s
	min   = 0 s
	max   = 0 s

VectorLayerHalftoner::runInternal:
	13 trials
	total = 18.4168 s
	mean  = 1.41668 s
	var   = 0.419896 s^2, std = 0.647994 s
	min   = 0.265651 s
	max   = 2.25022 s

VectorLayerHalftoner(0)::setupOutputContainerSlaveReporter::serializeSlice:
	605 trials
	total = 65.1175 s
	mean  = 0.107632 s
	var   = 0.00137205 s^2, std = 0.0370412 s
	min   = 0.078099 s
	max   = 0.843834 s

SlaveReporter::Send:
	19 trials
	total = 0 s
	mean  = 0 s
	var   = 0 s^2, std = 0 s
	min   = 0 s
	max   = 0 s

