SlavePrintingSoftware::startUp:
	1 trials
	total = 0.178018 s
	mean  = 0.178018 s
	var   = 0 s^2, std = 0 s
	min   = 0.178018 s
	max   = 0.178018 s

PrintingSoftware::execute:
	1 trials
	total = 447.985 s
	mean  = 447.985 s
	var   = 0 s^2, std = 0 s
	min   = 447.985 s
	max   = 447.985 s

DistributedComputingInitiator::Receive:
	1 trials
	total = 36.1386 s
	mean  = 36.1386 s
	var   = 0 s^2, std = 0 s
	min   = 36.1386 s
	max   = 36.1386 s

PrintJobOrganizer::setInput:
	1 trials
	total = 0.002 s
	mean  = 0.002 s
	var   = 0 s^2, std = 0 s
	min   = 0.002 s
	max   = 0.002 s

PrintJobOrganizer::runInternal:
	1 trials
	total = 0.433043 s
	mean  = 0.433043 s
	var   = 0 s^2, std = 0 s
	min   = 0.433043 s
	max   = 0.433043 s

‘=intJobVoxelizer::setInput:
	16 trials
	total = 0 s
	mean  = 0 s
	var   = 0 s^2, std = 0 s
	min   = 0 s
	max   = 0 s

PrintJobVoxelizer::runInternal:
	16 trials
	total = 87.1327 s
	mean  = 5.44579 s
	var   = 0.479773 s^2, std = 0.692656 s
	min   = 3.36734 s
	max   = 6.29063 s

PrintJobVoxelizer::rasterizeObjects:
	16 trials
	total = 22.9753 s
	mean  = 1.43596 s
	var   = 0.133298 s^2, std = 0.3651 s
	min   = 0.60806 s
	max   = 1.89719 s

PrintJobVoxelizer::voxelizeObjects:
	16 trials
	total = 61.9862 s
	mean  = 3.87414 s
	var   = 0.213095 s^2, std = 0.461623 s
	min   = 2.68727 s
	max   = 4.78748 s

PrintJobVoxelizer::finalizeSurfaces:
	16 trials
	total = 0.79008 s
	mean  = 0.04938 s
	var   = 9.04035e-005 s^2, std = 0.00950807 s
	min   = 0.022002 s
	max   = 0.065007 s

TonalValueCalculator::setInput:
	16 trials
	total = 0 s
	mean  = 0 s
	var   = 0 s^2, std = 0 s
	min   = 0 s
	max   = 0 s

TonalValueCalculator::runInternal:
	16 trials
	total = 0.490049 s
	mean  = 0.0306281 s
	var   = 0.000151746 s^2, std = 0.0123185 s
	min   = 0.002 s
	max   = 0.040004 s

SŒ