SlavePrintingSoftware::startUp:
	1 trials
	total = 0.299972 s
	mean  = 0.299972 s
	var   = 0 s^2, std = 0 s
	min   = 0.299972 s
	max   = 0.299972 s

PrintingSoftware::execute:
	1 trials
	total = 290.938 s
	mean  = 290.938 s
	var   = 0 s^2, std = 0 s
	min   = 290.938 s
	max   = 290.938 s

DistributedComputingInitiator::Receive:
	1 trials
	total = 10.3195 s
	mean  = 10.3195 s
	var   = 0 s^2, std = 0 s
	min   = 10.3195 s
	max   = 10.3195 s

FileParserPJ::setInput:
	1 trials
	total = 0 s
	mean  = 0 s
	var   = 0 s^2, std = 0 s
	min   = 0 s
	max   = 0 s

FileParserPJ::runInternal:
	1 trials
	total = 6.19519 s
	mean  = 6.19519 s
	var   = 0 s^2, std = 0 s
	min   = 6.19519 s
	max   = 6.19519 s

PrintJobOrganizer::setInput:
	1 trials
	total = 0.002566 s
	mean  = 0.002566 s
	var   = 0 s^2, std = 0 s
	min   = 0.002566 s
	max   = 0.002566 s

PrintJobOrganizer::runInternal:
	1 trials
	total = 0.251215 s
	mean  = 0.251215 s
	var   = 0 s^2, std = 0 s
	min   = 0.251215 s
	max   = 0.251215 s

PrintJobPreprocessor::setInput:
	1 trials
	total = 0 s
	mean  = 0 s
	var   = 0 s^2, std = 0 s
	min   = 0 s
	max   = 0 s

PrintJobPreprocessor::runInternal:
	1 trials
	total = 0.964658 s
	mean  = 0.964658 s
	var   = 0 s^2, std = 0 s
	min   = 0.964658 s
	max   = 0.964658 s

PrintJobVoxelizer::setInput:
	16 trials
	total = 0 s
	mean  = 0 s
	var   = 0 s^2, std = 0 s
	min   = 0 s
	max   = 0 s

PrintJobVoxelizer::runInternal:
	16 trials
	total = 45.8287 s
	mean  = 2.8643 s
	var   = 0.350807 s^2, std = 0.59229 s
	min   = 1.15774 s
	max   = 3.39409 s

PrintJobVoxelizer::rasterizeObjects:
	16 trials
	total = 13.4298 s
	mean  = 0.839362 s
	var   = 0.0676367 s^2, std = 0.260071 s
	min   = 0.256668 s
	max   = 1.10259 s

PrintJobVoxelizer::voxelizeObjects:
	16 trials
	total = 30.6565 s
	mean  = 1.91603 s
	var   = 0.144728 s^2, std = 0.380431 s
	min   = 0.84915 s
	max   = 2.36232 s

PrintJobVoxelizer::finalizeSurfaces:
	16 trials
	total = 0.514278 s
	mean  = 0.0321424 s
	var   = 6.30989e-005 s^2, std = 0.00794348 s
	min   = 0.015626 s
	max   = 0.04688 s

TonalValueCalculator::setInput:
	16 trials
	total = 0 s
	mean  = 0 s
	var   = 0 s^2, std = 0 s
	min   = 0 s
	max   = 0 s

TonalValueCalculator::runInternal:
	16 trials
	total = 0.482871 s
	mean  = 0.0301794 s
	var   = 0.000293145 s^2, std = 0.0171215 s
	min   = 0.004011 s
	max   = 0.069024 s

SurfaceDistanceOrderedTransfer::setInput:
	16 trials
	total = 0.000501 s
	mean  = 3.13125e-005 s
	var   = 1.56876e-008 s^2, std = 0.00012525 s
	min   = 0 s
	max   = 0.000501 s

SurfaceDistanceOrderedTransfer::runInternal:
	16 trials
	total = 21.4097 s
	mean  = 1.33811 s
	var   = 0.0341841 s^2, std = 0.184889 s
	min   = 0.721039 s
	max   = 1.46645 s

SurfaceDistanceOrderedTransfer::buildOrderedSurfaceData:
	16 trials
	total = 0.473329 s
	mean  = 0.0295831 s
	var   = 0.00274653 s^2, std = 0.0524073 s
	min   = 0 s
	max   = 0.223487 s

SurfaceDistanceOrderedTransfer::fillDistanceChannel:
	16 trials
	total = 1.90394 s
	mean  = 0.118996 s
	var   = 0.000408888 s^2, std = 0.020221 s
	min   = 0.046881 s
	max   = 0.132528 s

SurfaceDistanceOrderedTransfer::transfer:
	16 trials
	total = 18.1683 s
	mean  = 1.13552 s
	var   = 0.0426707 s^2, std = 0.206569 s
	min   = 0.416764 s
	max   = 1.26186 s

SurfaceDistanceOrderedTransfer::mergeDistances:
	32 trials
	total = 1.83925 s
	mean  = 0.0574765 s
	var   = 0.000178787 s^2, std = 0.0133711 s
	min   = 0.031251 s
	max   = 0.076637 s

SurfaceDistanceOrderedTransfer::applySqrt:
	16 trials
	total = 0.828921 s
	mean  = 0.0518076 s
	var   = 0.000542097 s^2, std = 0.023283 s
	min   = 0.008522 s
	max   = 0.08415 s

LayerExtractor::setInput:
	16 trials
	total = 0 s
	mean  = 0 s
	var   = 0 s^2, std = 0 s
	min   = 0 s
	max   = 0 s

LayerExtractor::runInternal:
	16 trials
	total = 9.90178 s
	mean  = 0.618861 s
	var   = 0.0532604 s^2, std = 0.230782 s
	min   = 0.100342 s
	max   = 0.875819 s

VectorLayerHalftoner::setInput:
	16 trials
	total = 0.012254 s
	mean  = 0.000765875 s
	var   = 2.72401e-007 s^2, std = 0.00052192 s
	min   = 0 s
	max   = 0.001637 s

VectorLayerHalftoner::runInternal:
	16 trials
	total = 67.798 s
	mean  = 4.23738 s
	var   = 3.1661 s^2, std = 1.77935 s
	min   = 0.717283 s
	max   = 6.59974 s

VectorLayerHalftoner(0)::setupOutputContainerSlaveReporter::serializeSlice:
	777 trials
	total = 275.088 s
	mean  = 0.354038 s
	var   = 0.0675527 s^2, std = 0.259909 s
	min   = 0.217202 s
	max   = 3.11374 s

SlaveReporter::Send:
	22 trials
	total = 0 s
	mean  = 0 s
	var   = 0 s^2, std = 0 s
	min   = 0 s
	max   = 0 s

