Warning:json file inside profile could not be parsed 

GL version: 4.5.0 NVIDIA 372.54

Warning: there is no json file embedded inside profile 

LayerExtractor: distance needed for layers: 0.135467

FileParserPJ: initializing
PrintJobOrganizer: initializing
PrintJobPreprocessor: initializing
PrintJobVoxelizer: initializing
TonalValueCalculator: initializing
TonalValueCalculator: Using rendering intent RELATIVE_COLORIMETRIC

SurfaceDistanceOrderedTransfer: initializing
TonalLinearizer: initializing
VectorLayerHalftoner: initializing
SlaveReporter: initializing
FileParserPJ:  runs 14:48:32

FileParserPJ: loading OBJ file

244921 vertices
489840 faces

FileParserPJ: 245383 texture coordinates

FileParserPJ: 245383 vertices after duplication

FileParserPJ: //filer-igd2.igd.fraunhofer.de/igd-3dt/shared/3DModels/Head/HeadMTL/Head_Level3.obj parsed: 245383 vertices and 489840 faces

FileParserPJ: loading jpg file

FileParserPJ: loading OBJ file

9992 vertices
18312 faces

FileParserPJ: 9437 texture coordinates

FileParserPJ: //filer-igd2.igd.fraunhofer.de/igd-3dt/shared/3DModels/Dame/Dame.obj parsed: 9992 vertices and 18312 faces

FileParserPJ: loading jpg file

FileParserPJ: Input files parsed

PrintJobOrganizer:  runs 14:48:38

centering objects at origin
optimizing rotation for height
scaling objects
optimizing rotation for support use
PrintJobOrganizer: support cost         = 25.4851
support cost flipped = 22.9004

PrintJobOrganizer: support cost         = 10.7798
support cost flipped = 10.8551

arranging objects in 2D
validating object placement
PrintJobOrganizer: print object 1 print-space bounding box: (0.00211667, 0.00423333, 0.00135106), (8.00212, 5.12195, 4.19435)
PrintJobOrganizer: print object 2 print-space bounding box: (0.00211667, 5.32195, 0.00135106), (8.00212, 8.58807, 3.26645)
saving transforms to file
PrintJobPreprocessor:  runs 14:48:38

PrintJobPreprocessor: flatten
PrintJobPreprocessor: prioritize
PrintJobPreprocessor: segment-hierarchy
PrintJobPreprocessor: boundingBox
PrintJobPreprocessor: uniformAppearanceTextures
PrintJobVoxelizer:  runs 14:48:39

PrintJobVoxelizer: 
number of slices to print: 777 (4.19435 cm)
width of slices to print:  946 (8.00212 cm)
height of slices to print: 508 (8.58807 cm)
chunk size:                50 (0.270213 cm)

PrintJobVoxelizer: setting up slices
PrintJobVoxelizer: rasterizing objects
PrintJobVoxelizer: creating rasterizer
PrintJobVoxelizer: rasterizing object 1
PrintJobVoxelizer: rasterizing object 2
Rasterizer::rasterize:
	2 trials
	total = 0.313528 s
	mean  = 0.156764 s
	var   = 0.00333859 s^2, std = 0.0577805 s
	min   = 0.115907 s
	max   = 0.197621 s


PrintJobVoxelizer: voxelizing objects
Object 1 ROI: [0 0 0] --> [946 303 50]
GWNSampleFloodVoxelizer: number of samples: 125
GWNSampleFloodVoxelizer: samples evaluated
GWNSampleFloodVoxelizer: adaptive threshold = 0.498039
GWNSampleFloodVoxelizer: flooding complete
Voxelization: solid angle evaluations per voxel: 0.12458

Object 2 ROI: [0 314 0] --> [946 508 50]
GWNSampleFloodVoxelizer: number of samples: 123
GWNSampleFloodVoxelizer: samples evaluated
GWNSampleFloodVoxelizer: adaptive threshold = 0.498039
GWNSampleFloodVoxelizer: flooding complete
Voxelization: solid angle evaluations per voxel: 0.218318

GWNSampleFloodVoxelizer::voxelize:
	2 trials
	total = 2.26073 s
	mean  = 1.13037 s
	var   = 0.0083533 s^2, std = 0.0913964 s
	min   = 1.06574 s
	max   = 1.19499 s

GWNSampleFloodVoxelizer::initIndicator:
	2 trials
	total = 0.28876 s
	mean  = 0.14438 s
	var   = 0.00119004 s^2, std = 0.0344969 s
	min   = 0.119987 s
	max   = 0.168773 s

GWNSampleFloodVoxelizer::selectSamples:
	2 trials
	total = 0.151607 s
	mean  = 0.0758035 s
	var   = 0.000156734 s^2, std = 0.0125193 s
	min   = 0.066951 s
	max   = 0.084656 s

GWNSampleFloodVoxelizer::evaluateSamples:
	2 trials
	total = 0.078466 s
	mean  = 0.039233 s
	var   = 0.000401351 s^2, std = 0.0200337 s
	min   = 0.025067 s
	max   = 0.053399 s

GWNSampleFloodVoxelizer::flood:
	2 trials
	total = 1.68802 s
	mean  = 0.844011 s
	var   = 0.000670036 s^2, std = 0.0258851 s
	min   = 0.825707 s
	max   = 0.862314 s


PrintJobVoxelizer: finalizing surfaces
PrintJobVoxelizer: 49546 surface voxels
PrintJobVoxelizer: getting output subset
PrintJobVoxelizer: updating slice indices
TonalValueCalculator:  runs 14:48:42
slices [0, 49):
	channel 0: occupancy (dense)
	channel 1: opticalFeature (sparse)

SurfaceDistanceOrderedTransfer:  runs 14:48:42
slices [0, 49):
	channel 0: occupancy (dense)
	channel 1: surfaceDist (dense)

SurfaceDistanceOrderedTransfer: 0 0 23
LayerExtractor:  runs 14:48:43
slices [0, 23):
	channel 0: occupancy (dense)
	channel 1: surfaceDist (dense)
	channel 2: layer_000 (sparse)
	channel 3: layer_001 (sparse)
	channel 4: layer_002 (sparse)
	channel 5: layer_003 (sparse)
	channel 6: layer_004 (sparse)
	channel 7: layer_005 (sparse)
	channel 8: layer_006 (sparse)
	channel 9: layer_007 (sparse)

TonalLinearizer:  runs 14:48:43
slices [0, 22):
	channel 0: occupancy (dense)
	channel 1: surfaceDist (dense)
	channel 2: layer_000 (sparse)
	channel 3: layer_001 (sparse)
	channel 4: layer_002 (sparse)
	channel 5: layer_003 (sparse)
	channel 6: layer_004 (sparse)
	channel 7: layer_005 (sparse)
	channel 8: layer_006 (sparse)
	channel 9: layer_007 (sparse)

VectorLayerHalftoner: VectorLayerHalftoner error: no tonal values available

VectorLayerHalftoner:  runs 14:48:43
slices [0, 22):
	channel 0: occupancy (dense)
	channel 1: surfaceDist (dense)
	channel 2: layer_000 (sparse)
	channel 3: layer_001 (sparse)
	channel 4: layer_002 (sparse)
	channel 5: layer_003 (sparse)
	channel 6: layer_004 (sparse)
	channel 7: layer_005 (sparse)
	channel 8: layer_006 (sparse)
	channel 9: layer_007 (sparse)
	channel 10: intermedTonal_0 (sparse)
	channel 11: intermedTonal_1 (sparse)
	channel 12: intermedTonal_2 (sparse)
	channel 13: intermedTonal_3 (sparse)
	channel 14: intermedTonal_4 (sparse)
	channel 15: intermedTonal_5 (sparse)
	channel 16: intermedTonal_6 (sparse)
	channel 17: intermedTonal_7 (sparse)
	channel 18: quantizedTonal (sparse)

SlaveReporter:  runs 14:48:44
slices [0, 10):
	channel 0: material (dense)
	channel 1: occupancy (dense)

SlaveReporter::runInternal
PrintJobVoxelizer:  runs 14:48:44

PrintJobVoxelizer: setting up slices
PrintJobVoxelizer: rasterizing objects
PrintJobVoxelizer: creating rasterizer
PrintJobVoxelizer: rasterizing object 1
PrintJobVoxelizer: rasterizing object 2
Rasterizer::rasterize:
	4 trials
	total = 0.980691 s
	mean  = 0.245173 s
	var   = 0.0431518 s^2, std = 0.20773 s
	min   = 0.115806 s
	max   = 0.551357 s


PrintJobVoxelizer: voxelizing objects
Object 1 ROI: [0 0 0] --> [946 303 50]
GWNSampleFloodVoxelizer: number of samples: 260
GWNSampleFloodVoxelizer: samples evaluated
GWNSampleFloodVoxelizer: adaptive threshold = 0.498039
GWNSampleFloodVoxelizer: flooding complete
Voxelization: solid angle evaluations per voxel: 0.535032

Object 2 ROI: [0 314 0] --> [946 508 50]
GWNSampleFloodVoxelizer: number of samples: 109
GWNSampleFloodVoxelizer: samples evaluated
GWNSampleFloodVoxelizer: adaptive threshold = 0.498039
GWNSampleFloodVoxelizer: flooding complete
Voxelization: solid angle evaluations per voxel: 0.618101

GWNSampleFloodVoxelizer::voxelize:
	4 trials
	total = 4.39146 s
	mean  = 1.09786 s
	var   = 0.014633 s^2, std = 0.120967 s
	min   = 0.940222 s
	max   = 1.19499 s

GWNSampleFloodVoxelizer::initIndicator:
	4 trials
	total = 0.530411 s
	mean  = 0.132603 s
	var   = 0.000582562 s^2, std = 0.0241363 s
	min   = 0.119635 s
	max   = 0.168773 s

GWNSampleFloodVoxelizer::selectSamples:
	4 trials
	total = 0.300476 s
	mean  = 0.075119 s
	var   = 0.000147713 s^2, std = 0.0121537 s
	min   = 0.062507 s
	max   = 0.086362 s

GWNSampleFloodVoxelizer::evaluateSamples:
	4 trials
	total = 0.257525 s
	mean  = 0.0643813 s
	var   = 0.00461808 s^2, std = 0.0679565 s
	min   = 0.015627 s
	max   = 0.163432 s

GWNSampleFloodVoxelizer::flood:
	4 trials
	total = 3.19212 s
	mean  = 0.798029 s
	var   = 0.00390869 s^2, std = 0.0625195 s
	min   = 0.716 s
	max   = 0.862314 s


PrintJobVoxelizer: finalizing surfaces
PrintJobVoxelizer: 197063 surface voxels
PrintJobVoxelizer: getting output subset
PrintJobVoxelizer: updating slice indices
TonalValueCalculator:  runs 14:48:47
slices [49, 99):
	channel 0: occupancy (dense)
	channel 1: opticalFeature (sparse)

SurfaceDistanceOrderedTransfer:  runs 14:48:47
slices [23, 99):
	channel 0: occupancy (dense)
	channel 1: surfaceDist (dense)

SurfaceDistanceOrderedTransfer: 23 49 73
LayerExtractor:  runs 14:48:48
slices [21, 73):
	channel 0: occupancy (dense)
	channel 1: surfaceDist (dense)
	channel 2: layer_000 (sparse)
	channel 3: layer_001 (sparse)
	channel 4: layer_002 (sparse)
	channel 5: layer_003 (sparse)
	channel 6: layer_004 (sparse)
	channel 7: layer_005 (sparse)
	channel 8: layer_006 (sparse)
	channel 9: layer_007 (sparse)

TonalLinearizer:  runs 14:48:48
slices [22, 72):
	channel 0: occupancy (dense)
	channel 1: surfaceDist (dense)
	channel 2: layer_000 (sparse)
	channel 3: layer_001 (sparse)
	channel 4: layer_002 (sparse)
	channel 5: layer_003 (sparse)
	channel 6: layer_004 (sparse)
	channel 7: layer_005 (sparse)
	channel 8: layer_006 (sparse)
	channel 9: layer_007 (sparse)

VectorLayerHalftoner: VectorLayerHalftoner error: no tonal values available

VectorLayerHalftoner:  runs 14:48:48
slices [10, 72):
	channel 0: occupancy (dense)
	channel 1: surfaceDist (dense)
	channel 2: layer_000 (sparse)
	channel 3: layer_001 (sparse)
	channel 4: layer_002 (sparse)
	channel 5: layer_003 (sparse)
	channel 6: layer_004 (sparse)
	channel 7: layer_005 (sparse)
	channel 8: layer_006 (sparse)
	channel 9: layer_007 (sparse)
	channel 10: intermedTonal_0 (sparse)
	channel 11: intermedTonal_1 (sparse)
	channel 12: intermedTonal_2 (sparse)
	channel 13: intermedTonal_3 (sparse)
	channel 14: intermedTonal_4 (sparse)
	channel 15: intermedTonal_5 (sparse)
	channel 16: intermedTonal_6 (sparse)
	channel 17: intermedTonal_7 (sparse)
	channel 18: quantizedTonal (sparse)
	channel 19: errorDiffInfo2 (sparse)
	channel 20: distanceToEmpty (sparse)
	channel 21: errorDiffInfo3 (sparse)
	channel 22: errorDiffInfo4 (sparse)
	channel 23: errorDiffInfo5 (sparse)
	channel 24: errorDiffInfo6 (sparse)
	channel 25: errorDiffInfo7 (sparse)
	channel 26: errorDiffInfo8 (sparse)
	channel 27: errorDiffInfo9 (sparse)

SlaveReporter:  runs 14:48:51
slices [10, 60):
	channel 0: material (dense)
	channel 1: occupancy (dense)

SlaveReporter::runInternal
PrintJobVoxelizer:  runs 14:48:51

PrintJobVoxelizer: setting up slices
PrintJobVoxelizer: rasterizing objects
PrintJobVoxelizer: creating rasterizer
PrintJobVoxelizer: rasterizing object 1
PrintJobVoxelizer: rasterizing object 2
Rasterizer::rasterize:
	6 trials
	total = 1.89171 s
	mean  = 0.315285 s
	var   = 0.0781835 s^2, std = 0.279613 s
	min   = 0.115806 s
	max   = 0.773686 s


PrintJobVoxelizer: voxelizing objects
Object 1 ROI: [0 0 0] --> [946 303 50]
GWNSampleFloodVoxelizer: number of samples: 387
GWNSampleFloodVoxelizer: samples evaluated
GWNSampleFloodVoxelizer: adaptive threshold = 0.498039
GWNSampleFloodVoxelizer: flooding complete
Voxelization: solid angle evaluations per voxel: 0.860233

Object 2 ROI: [0 314 0] --> [946 508 50]
GWNSampleFloodVoxelizer: number of samples: 146
GWNSampleFloodVoxelizer: samples evaluated
GWNSampleFloodVoxelizer: adaptive threshold = 0.498039
GWNSampleFloodVoxelizer: flooding complete
Voxelization: solid angle evaluations per voxel: 0.9715

GWNSampleFloodVoxelizer::voxelize:
	6 trials
	total = 6.48428 s
	mean  = 1.08071 s
	var   = 0.0215617 s^2, std = 0.146839 s
	min   = 0.872661 s
	max   = 1.22017 s

GWNSampleFloodVoxelizer::initIndicator:
	6 trials
	total = 0.756358 s
	mean  = 0.12606 s
	var   = 0.000470196 s^2, std = 0.021684 s
	min   = 0.106282 s
	max   = 0.168773 s

GWNSampleFloodVoxelizer::selectSamples:
	6 trials
	total = 0.439333 s
	mean  = 0.0732222 s
	var   = 0.000197758 s^2, std = 0.0140626 s
	min   = 0.053578 s
	max   = 0.086362 s

GWNSampleFloodVoxelizer::evaluateSamples:
	6 trials
	total = 0.53944 s
	mean  = 0.0899067 s
	var   = 0.00914868 s^2, std = 0.0956487 s
	min   = 0.015627 s
	max   = 0.250663 s

GWNSampleFloodVoxelizer::flood:
	6 trials
	total = 4.58491 s
	mean  = 0.764151 s
	var   = 0.00572544 s^2, std = 0.0756666 s
	min   = 0.656844 s
	max   = 0.862314 s


PrintJobVoxelizer: finalizing surfaces
PrintJobVoxelizer: 410834 surface voxels
PrintJobVoxelizer: getting output subset
PrintJobVoxelizer: updating slice indices
TonalValueCalculator:  runs 14:48:54
slices [99, 149):
	channel 0: occupancy (dense)
	channel 1: opticalFeature (sparse)

SurfaceDistanceOrderedTransfer:  runs 14:48:54
slices [73, 149):
	channel 0: occupancy (dense)
	channel 1: surfaceDist (dense)

SurfaceDistanceOrderedTransfer: 73 99 123
LayerExtractor:  runs 14:48:55
slices [71, 123):
	channel 0: occupancy (dense)
	channel 1: surfaceDist (dense)
	channel 2: layer_000 (sparse)
	channel 3: layer_001 (sparse)
	channel 4: layer_002 (sparse)
	channel 5: layer_003 (sparse)
	channel 6: layer_004 (sparse)
	channel 7: layer_005 (sparse)
	channel 8: layer_006 (sparse)
	channel 9: layer_007 (sparse)

TonalLinearizer:  runs 14:48:56
slices [72, 122):
	channel 0: occupancy (dense)
	channel 1: surfaceDist (dense)
	channel 2: layer_000 (sparse)
	channel 3: layer_001 (sparse)
	channel 4: layer_002 (sparse)
	channel 5: layer_003 (sparse)
	channel 6: layer_004 (sparse)
	channel 7: layer_005 (sparse)
	channel 8: layer_006 (sparse)
	channel 9: layer_007 (sparse)

VectorLayerHalftoner: VectorLayerHalftoner error: no tonal values available

VectorLayerHalftoner:  runs 14:48:56
slices [60, 122):
	channel 0: occupancy (dense)
	channel 1: surfaceDist (dense)
	channel 2: layer_000 (sparse)
	channel 3: layer_001 (sparse)
	channel 4: layer_002 (sparse)
	channel 5: layer_003 (sparse)
	channel 6: layer_004 (sparse)
	channel 7: layer_005 (sparse)
	channel 8: layer_006 (sparse)
	channel 9: layer_007 (sparse)
	channel 10: intermedTonal_0 (sparse)
	channel 11: intermedTonal_1 (sparse)
	channel 12: intermedTonal_2 (sparse)
	channel 13: intermedTonal_3 (sparse)
	channel 14: intermedTonal_4 (sparse)
	channel 15: intermedTonal_5 (sparse)
	channel 16: intermedTonal_6 (sparse)
	channel 17: intermedTonal_7 (sparse)
	channel 18: quantizedTonal (sparse)
	channel 19: errorDiffInfo2 (sparse)
	channel 20: distanceToEmpty (sparse)
	channel 21: errorDiffInfo3 (sparse)
	channel 22: errorDiffInfo4 (sparse)
	channel 23: errorDiffInfo5 (sparse)
	channel 24: errorDiffInfo6 (sparse)
	channel 25: errorDiffInfo7 (sparse)
	channel 26: errorDiffInfo8 (sparse)
	channel 27: errorDiffInfo9 (sparse)

SlaveReporter:  runs 14:49:0
slices [60, 110):
	channel 0: material (dense)
	channel 1: occupancy (dense)

SlaveReporter::runInternal
PrintJobVoxelizer:  runs 14:49:0

PrintJobVoxelizer: setting up slices
PrintJobVoxelizer: rasterizing objects
PrintJobVoxelizer: creating rasterizer
PrintJobVoxelizer: rasterizing object 1
PrintJobVoxelizer: rasterizing object 2
Rasterizer::rasterize:
	8 trials
	total = 2.83058 s
	mean  = 0.353822 s
	var   = 0.072441 s^2, std = 0.269149 s
	min   = 0.115806 s
	max   = 0.773686 s


PrintJobVoxelizer: voxelizing objects
Object 1 ROI: [0 0 0] --> [946 303 50]
GWNSampleFloodVoxelizer: number of samples: 252
GWNSampleFloodVoxelizer: samples evaluated
GWNSampleFloodVoxelizer: adaptive threshold = 0.498039
GWNSampleFloodVoxelizer: flooding complete
Voxelization: solid angle evaluations per voxel: 0.525832

Object 2 ROI: [0 314 0] --> [946 508 50]
GWNSampleFloodVoxelizer: number of samples: 205
GWNSampleFloodVoxelizer: samples evaluated
GWNSampleFloodVoxelizer: adaptive threshold = 0.498039
GWNSampleFloodVoxelizer: flooding complete
Voxelization: solid angle evaluations per voxel: 0.682062

GWNSampleFloodVoxelizer::voxelize:
	8 trials
	total = 8.66033 s
	mean  = 1.08254 s
	var   = 0.0295876 s^2, std = 0.172011 s
	min   = 0.865284 s
	max   = 1.31076 s

GWNSampleFloodVoxelizer::initIndicator:
	8 trials
	total = 1.0603 s
	mean  = 0.132538 s
	var   = 0.00114346 s^2, std = 0.033815 s
	min   = 0.103775 s
	max   = 0.20017 s

GWNSampleFloodVoxelizer::selectSamples:
	8 trials
	total = 0.586934 s
	mean  = 0.0733668 s
	var   = 0.00017499 s^2, std = 0.0132284 s
	min   = 0.053578 s
	max   = 0.086362 s

GWNSampleFloodVoxelizer::evaluateSamples:
	8 trials
	total = 0.728385 s
	mean  = 0.0910481 s
	var   = 0.00787275 s^2, std = 0.0887285 s
	min   = 0.015627 s
	max   = 0.250663 s

GWNSampleFloodVoxelizer::flood:
	8 trials
	total = 6.0675 s
	mean  = 0.758438 s
	var   = 0.00673341 s^2, std = 0.0820573 s
	min   = 0.647161 s
	max   = 0.862314 s


PrintJobVoxelizer: finalizing surfaces
PrintJobVoxelizer: 665873 surface voxels
PrintJobVoxelizer: getting output subset
PrintJobVoxelizer: updating slice indices
TonalValueCalculator:  runs 14:49:3
slices [149, 199):
	channel 0: occupancy (dense)
	channel 1: opticalFeature (sparse)

SurfaceDistanceOrderedTransfer:  runs 14:49:3
slices [123, 199):
	channel 0: occupancy (dense)
	channel 1: surfaceDist (dense)

SurfaceDistanceOrderedTransfer: 123 149 173
LayerExtractor:  runs 14:49:5
slices [121, 173):
	channel 0: occupancy (dense)
	channel 1: surfaceDist (dense)
	channel 2: layer_000 (sparse)
	channel 3: layer_001 (sparse)
	channel 4: layer_002 (sparse)
	channel 5: layer_003 (sparse)
	channel 6: layer_004 (sparse)
	channel 7: layer_005 (sparse)
	channel 8: layer_006 (sparse)
	channel 9: layer_007 (sparse)

TonalLinearizer:  runs 14:49:5
slices [122, 172):
	channel 0: occupancy (dense)
	channel 1: surfaceDist (dense)
	channel 2: layer_000 (sparse)
	channel 3: layer_001 (sparse)
	channel 4: layer_002 (sparse)
	channel 5: layer_003 (sparse)
	channel 6: layer_004 (sparse)
	channel 7: layer_005 (sparse)
	channel 8: layer_006 (sparse)
	channel 9: layer_007 (sparse)

VectorLayerHalftoner: VectorLayerHalftoner error: no tonal values available

VectorLayerHalftoner:  runs 14:49:6
slices [110, 172):
	channel 0: occupancy (dense)
	channel 1: surfaceDist (dense)
	channel 2: layer_000 (sparse)
	channel 3: layer_001 (sparse)
	channel 4: layer_002 (sparse)
	channel 5: layer_003 (sparse)
	channel 6: layer_004 (sparse)
	channel 7: layer_005 (sparse)
	channel 8: layer_006 (sparse)
	channel 9: layer_007 (sparse)
	channel 10: intermedTonal_0 (sparse)
	channel 11: intermedTonal_1 (sparse)
	channel 12: intermedTonal_2 (sparse)
	channel 13: intermedTonal_3 (sparse)
	channel 14: intermedTonal_4 (sparse)
	channel 15: intermedTonal_5 (sparse)
	channel 16: intermedTonal_6 (sparse)
	channel 17: intermedTonal_7 (sparse)
	channel 18: quantizedTonal (sparse)
	channel 19: errorDiffInfo2 (sparse)
	channel 20: distanceToEmpty (sparse)
	channel 21: errorDiffInfo3 (sparse)
	channel 22: errorDiffInfo4 (sparse)
	channel 23: errorDiffInfo5 (sparse)
	channel 24: errorDiffInfo6 (sparse)
	channel 25: errorDiffInfo7 (sparse)
	channel 26: errorDiffInfo8 (sparse)
	channel 27: errorDiffInfo9 (sparse)

SlaveReporter:  runs 14:49:11
slices [110, 160):
	channel 0: material (dense)
	channel 1: occupancy (dense)

SlaveReporter::runInternal
PrintJobVoxelizer:  runs 14:49:11

PrintJobVoxelizer: setting up slices
PrintJobVoxelizer: rasterizing objects
PrintJobVoxelizer: creating rasterizer
PrintJobVoxelizer: rasterizing object 1
PrintJobVoxelizer: rasterizing object 2
Rasterizer::rasterize:
	10 trials
	total = 3.80463 s
	mean  = 0.380463 s
	var   = 0.0646201 s^2, std = 0.254205 s
	min   = 0.115806 s
	max   = 0.773686 s


PrintJobVoxelizer: voxelizing objects
Object 1 ROI: [0 0 0] --> [946 303 50]
GWNSampleFloodVoxelizer: number of samples: 247
GWNSampleFloodVoxelizer: samples evaluated
GWNSampleFloodVoxelizer: adaptive threshold = 0.498039
GWNSampleFloodVoxelizer: flooding complete
Voxelization: solid angle evaluations per voxel: 0.458462

Object 2 ROI: [0 314 0] --> [946 508 50]
GWNSampleFloodVoxelizer: number of samples: 249
GWNSampleFloodVoxelizer: samples evaluated
GWNSampleFloodVoxelizer: adaptive threshold = 0.498039
GWNSampleFloodVoxelizer: flooding complete
Voxelization: solid angle evaluations per voxel: 0.648225

GWNSampleFloodVoxelizer::voxelize:
	10 trials
	total = 10.7093 s
	mean  = 1.07093 s
	var   = 0.0310591 s^2, std = 0.176236 s
	min   = 0.841428 s
	max   = 1.31076 s

GWNSampleFloodVoxelizer::initIndicator:
	10 trials
	total = 1.34501 s
	mean  = 0.134501 s
	var   = 0.000927918 s^2, std = 0.0304617 s
	min   = 0.103775 s
	max   = 0.20017 s

GWNSampleFloodVoxelizer::selectSamples:
	10 trials
	total = 0.738445 s
	mean  = 0.0738445 s
	var   = 0.000174549 s^2, std = 0.0132117 s
	min   = 0.053578 s
	max   = 0.088734 s

GWNSampleFloodVoxelizer::evaluateSamples:
	10 trials
	total = 0.897505 s
	mean  = 0.0897505 s
	var   = 0.00661722 s^2, std = 0.0813463 s
	min   = 0.015627 s
	max   = 0.250663 s

GWNSampleFloodVoxelizer::flood:
	10 trials
	total = 7.41 s
	mean  = 0.741 s
	var   = 0.00996974 s^2, std = 0.0998486 s
	min   = 0.547899 s
	max   = 0.862314 s


PrintJobVoxelizer: finalizing surfaces
PrintJobVoxelizer: 958793 surface voxels
PrintJobVoxelizer: getting output subset
PrintJobVoxelizer: updating slice indices
TonalValueCalculator:  runs 14:49:14
slices [199, 249):
	channel 0: occupancy (dense)
	channel 1: opticalFeature (sparse)

SurfaceDistanceOrderedTransfer:  runs 14:49:14
slices [173, 249):
	channel 0: occupancy (dense)
	channel 1: surfaceDist (dense)

SurfaceDistanceOrderedTransfer: 173 199 223
LayerExtractor:  runs 14:49:15
slices [171, 223):
	channel 0: occupancy (dense)
	channel 1: surfaceDist (dense)
	channel 2: layer_000 (sparse)
	channel 3: layer_001 (sparse)
	channel 4: layer_002 (sparse)
	channel 5: layer_003 (sparse)
	channel 6: layer_004 (sparse)
	channel 7: layer_005 (sparse)
	channel 8: layer_006 (sparse)
	channel 9: layer_007 (sparse)

TonalLinearizer:  runs 14:49:16
slices [172, 222):
	channel 0: occupancy (dense)
	channel 1: surfaceDist (dense)
	channel 2: layer_000 (sparse)
	channel 3: layer_001 (sparse)
	channel 4: layer_002 (sparse)
	channel 5: layer_003 (sparse)
	channel 6: layer_004 (sparse)
	channel 7: layer_005 (sparse)
	channel 8: layer_006 (sparse)
	channel 9: layer_007 (sparse)

VectorLayerHalftoner: VectorLayerHalftoner error: no tonal values available

VectorLayerHalftoner:  runs 14:49:16
slices [160, 222):
	channel 0: occupancy (dense)
	channel 1: surfaceDist (dense)
	channel 2: layer_000 (sparse)
	channel 3: layer_001 (sparse)
	channel 4: layer_002 (sparse)
	channel 5: layer_003 (sparse)
	channel 6: layer_004 (sparse)
	channel 7: layer_005 (sparse)
	channel 8: layer_006 (sparse)
	channel 9: layer_007 (sparse)
	channel 10: intermedTonal_0 (sparse)
	channel 11: intermedTonal_1 (sparse)
	channel 12: intermedTonal_2 (sparse)
	channel 13: intermedTonal_3 (sparse)
	channel 14: intermedTonal_4 (sparse)
	channel 15: intermedTonal_5 (sparse)
	channel 16: intermedTonal_6 (sparse)
	channel 17: intermedTonal_7 (sparse)
	channel 18: quantizedTonal (sparse)
	channel 19: errorDiffInfo2 (sparse)
	channel 20: distanceToEmpty (sparse)
	channel 21: errorDiffInfo3 (sparse)
	channel 22: errorDiffInfo4 (sparse)
	channel 23: errorDiffInfo5 (sparse)
	channel 24: errorDiffInfo6 (sparse)
	channel 25: errorDiffInfo7 (sparse)
	channel 26: errorDiffInfo8 (sparse)
	channel 27: errorDiffInfo9 (sparse)

SlaveReporter:  runs 14:49:23
slices [160, 210):
	channel 0: material (dense)
	channel 1: occupancy (dense)

SlaveReporter::runInternal
PrintJobVoxelizer:  runs 14:49:23

PrintJobVoxelizer: setting up slices
PrintJobVoxelizer: rasterizing objects
PrintJobVoxelizer: creating rasterizer
PrintJobVoxelizer: rasterizing object 1
PrintJobVoxelizer: rasterizing object 2
Rasterizer::rasterize:
	12 trials
	total = 4.71792 s
	mean  = 0.39316 s
	var   = 0.0574532 s^2, std = 0.239694 s
	min   = 0.115806 s
	max   = 0.773686 s


PrintJobVoxelizer: voxelizing objects
Object 1 ROI: [0 0 0] --> [946 303 50]
GWNSampleFloodVoxelizer: number of samples: 215
GWNSampleFloodVoxelizer: samples evaluated
GWNSampleFloodVoxelizer: adaptive threshold = 0.498039
GWNSampleFloodVoxelizer: flooding complete
Voxelization: solid angle evaluations per voxel: 0.360033

Object 2 ROI: [0 314 0] --> [946 508 50]
GWNSampleFloodVoxelizer: number of samples: 174
GWNSampleFloodVoxelizer: samples evaluated
GWNSampleFloodVoxelizer: adaptive threshold = 0.498039
GWNSampleFloodVoxelizer: flooding complete
Voxelization: solid angle evaluations per voxel: 0.492638

GWNSampleFloodVoxelizer::voxelize:
	12 trials
	total = 12.6302 s
	mean  = 1.05252 s
	var   = 0.0368611 s^2, std = 0.191992 s
	min   = 0.730669 s
	max   = 1.31076 s

GWNSampleFloodVoxelizer::initIndicator:
	12 trials
	total = 1.6152 s
	mean  = 0.1346 s
	var   = 0.00115001 s^2, std = 0.0339119 s
	min   = 0.088735 s
	max   = 0.20017 s

GWNSampleFloodVoxelizer::selectSamples:
	12 trials
	total = 0.888397 s
	mean  = 0.0740331 s
	var   = 0.000159942 s^2, std = 0.0126468 s
	min   = 0.053578 s
	max   = 0.088734 s

GWNSampleFloodVoxelizer::evaluateSamples:
	12 trials
	total = 1.0465 s
	mean  = 0.0872084 s
	var   = 0.00576112 s^2, std = 0.075902 s
	min   = 0.015627 s
	max   = 0.250663 s

GWNSampleFloodVoxelizer::flood:
	12 trials
	total = 8.70604 s
	mean  = 0.725503 s
	var   = 0.0125943 s^2, std = 0.112224 s
	min   = 0.516869 s
	max   = 0.862314 s


PrintJobVoxelizer: finalizing surfaces
PrintJobVoxelizer: 1236128 surface voxels
PrintJobVoxelizer: getting output subset
PrintJobVoxelizer: updating slice indices
TonalValueCalculator:  runs 14:49:26
slices [249, 299):
	channel 0: occupancy (dense)
	channel 1: opticalFeature (sparse)

SurfaceDistanceOrderedTransfer:  runs 14:49:26
slices [223, 299):
	channel 0: occupancy (dense)
	channel 1: surfaceDist (dense)

SurfaceDistanceOrderedTransfer: 223 249 273
LayerExtractor:  runs 14:49:27
slices [221, 273):
	channel 0: occupancy (dense)
	channel 1: surfaceDist (dense)
	channel 2: layer_000 (sparse)
	channel 3: layer_001 (sparse)
	channel 4: layer_002 (sparse)
	channel 5: layer_003 (sparse)
	channel 6: layer_004 (sparse)
	channel 7: layer_005 (sparse)
	channel 8: layer_006 (sparse)
	channel 9: layer_007 (sparse)

TonalLinearizer:  runs 14:49:28
slices [222, 272):
	channel 0: occupancy (dense)
	channel 1: surfaceDist (dense)
	channel 2: layer_000 (sparse)
	channel 3: layer_001 (sparse)
	channel 4: layer_002 (sparse)
	channel 5: layer_003 (sparse)
	channel 6: layer_004 (sparse)
	channel 7: layer_005 (sparse)
	channel 8: layer_006 (sparse)
	channel 9: layer_007 (sparse)

VectorLayerHalftoner: VectorLayerHalftoner error: no tonal values available

VectorLayerHalftoner:  runs 14:49:28
slices [210, 272):
	channel 0: occupancy (dense)
	channel 1: surfaceDist (dense)
	channel 2: layer_000 (sparse)
	channel 3: layer_001 (sparse)
	channel 4: layer_002 (sparse)
	channel 5: layer_003 (sparse)
	channel 6: layer_004 (sparse)
	channel 7: layer_005 (sparse)
	channel 8: layer_006 (sparse)
	channel 9: layer_007 (sparse)
	channel 10: intermedTonal_0 (sparse)
	channel 11: intermedTonal_1 (sparse)
	channel 12: intermedTonal_2 (sparse)
	channel 13: intermedTonal_3 (sparse)
	channel 14: intermedTonal_4 (sparse)
	channel 15: intermedTonal_5 (sparse)
	channel 16: intermedTonal_6 (sparse)
	channel 17: intermedTonal_7 (sparse)
	channel 18: quantizedTonal (sparse)
	channel 19: errorDiffInfo2 (sparse)
	channel 20: distanceToEmpty (sparse)
	channel 21: errorDiffInfo3 (sparse)
	channel 22: errorDiffInfo4 (sparse)
	channel 23: errorDiffInfo5 (sparse)
	channel 24: errorDiffInfo6 (sparse)
	channel 25: errorDiffInfo7 (sparse)
	channel 26: errorDiffInfo8 (sparse)
	channel 27: errorDiffInfo9 (sparse)

SlaveReporter:  runs 14:49:35
slices [210, 260):
	channel 0: material (dense)
	channel 1: occupancy (dense)

SlaveReporter::runInternal
PrintJobVoxelizer:  runs 14:49:35

PrintJobVoxelizer: setting up slices
PrintJobVoxelizer: rasterizing objects
PrintJobVoxelizer: creating rasterizer
PrintJobVoxelizer: rasterizing object 1
PrintJobVoxelizer: rasterizing object 2
Rasterizer::rasterize:
	14 trials
	total = 5.61808 s
	mean  = 0.401291 s
	var   = 0.0518005 s^2, std = 0.227597 s
	min   = 0.115806 s
	max   = 0.773686 s


PrintJobVoxelizer: voxelizing objects
Object 1 ROI: [0 0 0] --> [946 303 50]
GWNSampleFloodVoxelizer: number of samples: 212
GWNSampleFloodVoxelizer: samples evaluated
GWNSampleFloodVoxelizer: adaptive threshold = 0.498039
GWNSampleFloodVoxelizer: flooding complete
Voxelization: solid angle evaluations per voxel: 0.342256

Object 2 ROI: [0 314 0] --> [946 508 50]
GWNSampleFloodVoxelizer: number of samples: 165
GWNSampleFloodVoxelizer: samples evaluated
GWNSampleFloodVoxelizer: adaptive threshold = 0.498039
GWNSampleFloodVoxelizer: flooding complete
Voxelization: solid angle evaluations per voxel: 0.468002

GWNSampleFloodVoxelizer::voxelize:
	14 trials
	total = 14.5732 s
	mean  = 1.04094 s
	var   = 0.0376575 s^2, std = 0.194055 s
	min   = 0.730669 s
	max   = 1.31076 s

GWNSampleFloodVoxelizer::initIndicator:
	14 trials
	total = 1.85461 s
	mean  = 0.132472 s
	var   = 0.00117473 s^2, std = 0.0342743 s
	min   = 0.08623 s
	max   = 0.20017 s

GWNSampleFloodVoxelizer::selectSamples:
	14 trials
	total = 1.04674 s
	mean  = 0.0747675 s
	var   = 0.000207367 s^2, std = 0.0144002 s
	min   = 0.053578 s
	max   = 0.100282 s

GWNSampleFloodVoxelizer::evaluateSamples:
	14 trials
	total = 1.17804 s
	mean  = 0.0841455 s
	var   = 0.0051187 s^2, std = 0.0715451 s
	min   = 0.015627 s
	max   = 0.250663 s

GWNSampleFloodVoxelizer::flood:
	14 trials
	total = 10.0645 s
	mean  = 0.718895 s
	var   = 0.0124499 s^2, std = 0.111579 s
	min   = 0.516869 s
	max   = 0.862314 s


PrintJobVoxelizer: finalizing surfaces
PrintJobVoxelizer: 1518831 surface voxels
PrintJobVoxelizer: getting output subset
PrintJobVoxelizer: updating slice indices
TonalValueCalculator:  runs 14:49:38
slices [299, 349):
	channel 0: occupancy (dense)
	channel 1: opticalFeature (sparse)

SurfaceDistanceOrderedTransfer:  runs 14:49:38
slices [273, 349):
	channel 0: occupancy (dense)
	channel 1: surfaceDist (dense)

SurfaceDistanceOrderedTransfer: 273 299 323
LayerExtractor:  runs 14:49:40
slices [271, 323):
	channel 0: occupancy (dense)
	channel 1: surfaceDist (dense)
	channel 2: layer_000 (sparse)
	channel 3: layer_001 (sparse)
	channel 4: layer_002 (sparse)
	channel 5: layer_003 (sparse)
	channel 6: layer_004 (sparse)
	channel 7: layer_005 (sparse)
	channel 8: layer_006 (sparse)
	channel 9: layer_007 (sparse)

TonalLinearizer:  runs 14:49:41
slices [272, 322):
	channel 0: occupancy (dense)
	channel 1: surfaceDist (dense)
	channel 2: layer_000 (sparse)
	channel 3: layer_001 (sparse)
	channel 4: layer_002 (sparse)
	channel 5: layer_003 (sparse)
	channel 6: layer_004 (sparse)
	channel 7: layer_005 (sparse)
	channel 8: layer_006 (sparse)
	channel 9: layer_007 (sparse)

VectorLayerHalftoner: VectorLayerHalftoner error: no tonal values available

VectorLayerHalftoner:  runs 14:49:41
slices [260, 322):
	channel 0: occupancy (dense)
	channel 1: surfaceDist (dense)
	channel 2: layer_000 (sparse)
	channel 3: layer_001 (sparse)
	channel 4: layer_002 (sparse)
	channel 5: layer_003 (sparse)
	channel 6: layer_004 (sparse)
	channel 7: layer_005 (sparse)
	channel 8: layer_006 (sparse)
	channel 9: layer_007 (sparse)
	channel 10: intermedTonal_0 (sparse)
	channel 11: intermedTonal_1 (sparse)
	channel 12: intermedTonal_2 (sparse)
	channel 13: intermedTonal_3 (sparse)
	channel 14: intermedTonal_4 (sparse)
	channel 15: intermedTonal_5 (sparse)
	channel 16: intermedTonal_6 (sparse)
	channel 17: intermedTonal_7 (sparse)
	channel 18: quantizedTonal (sparse)
	channel 19: errorDiffInfo2 (sparse)
	channel 20: distanceToEmpty (sparse)
	channel 21: errorDiffInfo3 (sparse)
	channel 22: errorDiffInfo4 (sparse)
	channel 23: errorDiffInfo5 (sparse)
	channel 24: errorDiffInfo6 (sparse)
	channel 25: errorDiffInfo7 (sparse)
	channel 26: errorDiffInfo8 (sparse)
	channel 27: errorDiffInfo9 (sparse)

SlaveReporter:  runs 14:49:48
slices [260, 310):
	channel 0: material (dense)
	channel 1: occupancy (dense)

SlaveReporter::runInternal
PrintJobVoxelizer:  runs 14:49:51

PrintJobVoxelizer: setting up slices
PrintJobVoxelizer: rasterizing objects
PrintJobVoxelizer: creating rasterizer
PrintJobVoxelizer: rasterizing object 1
PrintJobVoxelizer: rasterizing object 2
Rasterizer::rasterize:
	16 trials
	total = 6.52365 s
	mean  = 0.407728 s
	var   = 0.0474015 s^2, std = 0.217719 s
	min   = 0.115806 s
	max   = 0.773686 s


PrintJobVoxelizer: voxelizing objects
Object 1 ROI: [0 0 0] --> [946 303 50]
GWNSampleFloodVoxelizer: number of samples: 184
GWNSampleFloodVoxelizer: samples evaluated
GWNSampleFloodVoxelizer: adaptive threshold = 0.498039
GWNSampleFloodVoxelizer: flooding complete
Voxelization: solid angle evaluations per voxel: 0.31465

Object 2 ROI: [0 314 0] --> [946 508 50]
GWNSampleFloodVoxelizer: number of samples: 261
GWNSampleFloodVoxelizer: samples evaluated
GWNSampleFloodVoxelizer: adaptive threshold = 0.498039
GWNSampleFloodVoxelizer: flooding complete
Voxelization: solid angle evaluations per voxel: 0.513558

GWNSampleFloodVoxelizer::voxelize:
	16 trials
	total = 16.4852 s
	mean  = 1.03033 s
	var   = 0.0383581 s^2, std = 0.195852 s
	min   = 0.730669 s
	max   = 1.31076 s

GWNSampleFloodVoxelizer::initIndicator:
	16 trials
	total = 2.15172 s
	mean  = 0.134482 s
	var   = 0.00110323 s^2, std = 0.0332149 s
	min   = 0.08623 s
	max   = 0.20017 s

GWNSampleFloodVoxelizer::selectSamples:
	16 trials
	total = 1.19348 s
	mean  = 0.0745927 s
	var   = 0.00019568 s^2, std = 0.0139886 s
	min   = 0.053578 s
	max   = 0.100282 s

GWNSampleFloodVoxelizer::evaluateSamples:
	16 trials
	total = 1.33133 s
	mean  = 0.0832081 s
	var   = 0.00451482 s^2, std = 0.0671924 s
	min   = 0.015627 s
	max   = 0.250663 s

GWNSampleFloodVoxelizer::flood:
	16 trials
	total = 11.3257 s
	mean  = 0.707858 s
	var   = 0.0141073 s^2, std = 0.118774 s
	min   = 0.496217 s
	max   = 0.862314 s


PrintJobVoxelizer: finalizing surfaces
PrintJobVoxelizer: 1804501 surface voxels
PrintJobVoxelizer: getting output subset
PrintJobVoxelizer: updating slice indices
TonalValueCalculator:  runs 14:49:55
slices [349, 399):
	channel 0: occupancy (dense)
	channel 1: opticalFeature (sparse)

SurfaceDistanceOrderedTransfer:  runs 14:49:55
slices [323, 399):
	channel 0: occupancy (dense)
	channel 1: surfaceDist (dense)

SurfaceDistanceOrderedTransfer: 323 349 373
LayerExtractor:  runs 14:49:56
slices [321, 373):
	channel 0: occupancy (dense)
	channel 1: surfaceDist (dense)
	channel 2: layer_000 (sparse)
	channel 3: layer_001 (sparse)
	channel 4: layer_002 (sparse)
	channel 5: layer_003 (sparse)
	channel 6: layer_004 (sparse)
	channel 7: layer_005 (sparse)
	channel 8: layer_006 (sparse)
	channel 9: layer_007 (sparse)

TonalLinearizer:  runs 14:49:57
slices [322, 372):
	channel 0: occupancy (dense)
	channel 1: surfaceDist (dense)
	channel 2: layer_000 (sparse)
	channel 3: layer_001 (sparse)
	channel 4: layer_002 (sparse)
	channel 5: layer_003 (sparse)
	channel 6: layer_004 (sparse)
	channel 7: layer_005 (sparse)
	channel 8: layer_006 (sparse)
	channel 9: layer_007 (sparse)

VectorLayerHalftoner: VectorLayerHalftoner error: no tonal values available

VectorLayerHalftoner:  runs 14:49:57
slices [310, 372):
	channel 0: occupancy (dense)
	channel 1: surfaceDist (dense)
	channel 2: layer_000 (sparse)
	channel 3: layer_001 (sparse)
	channel 4: layer_002 (sparse)
	channel 5: layer_003 (sparse)
	channel 6: layer_004 (sparse)
	channel 7: layer_005 (sparse)
	channel 8: layer_006 (sparse)
	channel 9: layer_007 (sparse)
	channel 10: intermedTonal_0 (sparse)
	channel 11: intermedTonal_1 (sparse)
	channel 12: intermedTonal_2 (sparse)
	channel 13: intermedTonal_3 (sparse)
	channel 14: intermedTonal_4 (sparse)
	channel 15: intermedTonal_5 (sparse)
	channel 16: intermedTonal_6 (sparse)
	channel 17: intermedTonal_7 (sparse)
	channel 18: quantizedTonal (sparse)
	channel 19: errorDiffInfo2 (sparse)
	channel 20: distanceToEmpty (sparse)
	channel 21: errorDiffInfo3 (sparse)
	channel 22: errorDiffInfo4 (sparse)
	channel 23: errorDiffInfo5 (sparse)
	channel 24: errorDiffInfo6 (sparse)
	channel 25: errorDiffInfo7 (sparse)
	channel 26: errorDiffInfo8 (sparse)
	channel 27: errorDiffInfo9 (sparse)

SlaveReporter:  runs 14:50:4
slices [310, 360):
	channel 0: material (dense)
	channel 1: occupancy (dense)

SlaveReporter::runInternal
PrintJobVoxelizer:  runs 14:50:10

PrintJobVoxelizer: setting up slices
PrintJobVoxelizer: rasterizing objects
PrintJobVoxelizer: creating rasterizer
PrintJobVoxelizer: rasterizing object 1
PrintJobVoxelizer: rasterizing object 2
Rasterizer::rasterize:
	18 trials
	total = 7.42978 s
	mean  = 0.412765 s
	var   = 0.0443864 s^2, std = 0.210681 s
	min   = 0.115806 s
	max   = 0.773686 s


PrintJobVoxelizer: voxelizing objects
Object 1 ROI: [0 0 0] --> [946 303 50]
GWNSampleFloodVoxelizer: number of samples: 166
GWNSampleFloodVoxelizer: samples evaluated
GWNSampleFloodVoxelizer: adaptive threshold = 0.498039
GWNSampleFloodVoxelizer: flooding complete
Voxelization: solid angle evaluations per voxel: 0.307812

Object 2 ROI: [0 314 0] --> [946 508 50]
GWNSampleFloodVoxelizer: number of samples: 206
GWNSampleFloodVoxelizer: samples evaluated
GWNSampleFloodVoxelizer: adaptive threshold = 0.498039
GWNSampleFloodVoxelizer: flooding complete
Voxelization: solid angle evaluations per voxel: 0.464804

GWNSampleFloodVoxelizer::voxelize:
	18 trials
	total = 18.4039 s
	mean  = 1.02244 s
	var   = 0.040602 s^2, std = 0.201499 s
	min   = 0.72922 s
	max   = 1.31076 s

GWNSampleFloodVoxelizer::initIndicator:
	18 trials
	total = 2.42395 s
	mean  = 0.134664 s
	var   = 0.00120534 s^2, std = 0.0347181 s
	min   = 0.08623 s
	max   = 0.20017 s

GWNSampleFloodVoxelizer::selectSamples:
	18 trials
	total = 1.34535 s
	mean  = 0.0747416 s
	var   = 0.000181802 s^2, std = 0.0134834 s
	min   = 0.053578 s
	max   = 0.100282 s

GWNSampleFloodVoxelizer::evaluateSamples:
	18 trials
	total = 1.45559 s
	mean  = 0.0808661 s
	var   = 0.00408982 s^2, std = 0.0639517 s
	min   = 0.015627 s
	max   = 0.250663 s

GWNSampleFloodVoxelizer::flood:
	18 trials
	total = 12.6405 s
	mean  = 0.702249 s
	var   = 0.0154877 s^2, std = 0.12445 s
	min   = 0.496217 s
	max   = 0.862314 s


PrintJobVoxelizer: finalizing surfaces
PrintJobVoxelizer: 2060743 surface voxels
PrintJobVoxelizer: getting output subset
PrintJobVoxelizer: updating slice indices
TonalValueCalculator:  runs 14:50:13
slices [399, 449):
	channel 0: occupancy (dense)
	channel 1: opticalFeature (sparse)

SurfaceDistanceOrderedTransfer:  runs 14:50:13
slices [373, 449):
	channel 0: occupancy (dense)
	channel 1: surfaceDist (dense)

SurfaceDistanceOrderedTransfer: 373 399 423
LayerExtractor:  runs 14:50:14
slices [371, 423):
	channel 0: occupancy (dense)
	channel 1: surfaceDist (dense)
	channel 2: layer_000 (sparse)
	channel 3: layer_001 (sparse)
	channel 4: layer_002 (sparse)
	channel 5: layer_003 (sparse)
	channel 6: layer_004 (sparse)
	channel 7: layer_005 (sparse)
	channel 8: layer_006 (sparse)
	channel 9: layer_007 (sparse)

TonalLinearizer:  runs 14:50:15
slices [372, 422):
	channel 0: occupancy (dense)
	channel 1: surfaceDist (dense)
	channel 2: layer_000 (sparse)
	channel 3: layer_001 (sparse)
	channel 4: layer_002 (sparse)
	channel 5: layer_003 (sparse)
	channel 6: layer_004 (sparse)
	channel 7: layer_005 (sparse)
	channel 8: layer_006 (sparse)
	channel 9: layer_007 (sparse)

VectorLayerHalftoner: VectorLayerHalftoner error: no tonal values available

VectorLayerHalftoner:  runs 14:50:15
slices [360, 422):
	channel 0: occupancy (dense)
	channel 1: surfaceDist (dense)
	channel 2: layer_000 (sparse)
	channel 3: layer_001 (sparse)
	channel 4: layer_002 (sparse)
	channel 5: layer_003 (sparse)
	channel 6: layer_004 (sparse)
	channel 7: layer_005 (sparse)
	channel 8: layer_006 (sparse)
	channel 9: layer_007 (sparse)
	channel 10: intermedTonal_0 (sparse)
	channel 11: intermedTonal_1 (sparse)
	channel 12: intermedTonal_2 (sparse)
	channel 13: intermedTonal_3 (sparse)
	channel 14: intermedTonal_4 (sparse)
	channel 15: intermedTonal_5 (sparse)
	channel 16: intermedTonal_6 (sparse)
	channel 17: intermedTonal_7 (sparse)
	channel 18: quantizedTonal (sparse)
	channel 19: errorDiffInfo2 (sparse)
	channel 20: distanceToEmpty (sparse)
	channel 21: errorDiffInfo3 (sparse)
	channel 22: errorDiffInfo4 (sparse)
	channel 23: errorDiffInfo5 (sparse)
	channel 24: errorDiffInfo6 (sparse)
	channel 25: errorDiffInfo7 (sparse)
	channel 26: errorDiffInfo8 (sparse)
	channel 27: errorDiffInfo9 (sparse)

SlaveReporter:  runs 14:50:22
slices [360, 410):
	channel 0: material (dense)
	channel 1: occupancy (dense)

SlaveReporter::runInternal
PrintJobVoxelizer:  runs 14:50:28

PrintJobVoxelizer: setting up slices
PrintJobVoxelizer: rasterizing objects
PrintJobVoxelizer: creating rasterizer
PrintJobVoxelizer: rasterizing object 1
PrintJobVoxelizer: rasterizing object 2
Rasterizer::rasterize:
	20 trials
	total = 8.12047 s
	mean  = 0.406024 s
	var   = 0.0445452 s^2, std = 0.211057 s
	min   = 0.115806 s
	max   = 0.773686 s


PrintJobVoxelizer: voxelizing objects
Object 1 ROI: [0 0 0] --> [946 303 50]
GWNSampleFloodVoxelizer: number of samples: 187
GWNSampleFloodVoxelizer: samples evaluated
GWNSampleFloodVoxelizer: adaptive threshold = 0.498039
GWNSampleFloodVoxelizer: flooding complete
Voxelization: solid angle evaluations per voxel: 0.314036

Object 2 ROI: [0 314 0] --> [946 508 50]
GWNSampleFloodVoxelizer: number of samples: 165
GWNSampleFloodVoxelizer: samples evaluated
GWNSampleFloodVoxelizer: adaptive threshold = 0.498039
GWNSampleFloodVoxelizer: flooding complete
Voxelization: solid angle evaluations per voxel: 0.439782

GWNSampleFloodVoxelizer::voxelize:
	20 trials
	total = 20.4043 s
	mean  = 1.02021 s
	var   = 0.0411712 s^2, std = 0.202907 s
	min   = 0.72922 s
	max   = 1.31076 s

GWNSampleFloodVoxelizer::initIndicator:
	20 trials
	total = 2.74821 s
	mean  = 0.13741 s
	var   = 0.00115366 s^2, std = 0.0339655 s
	min   = 0.08623 s
	max   = 0.20017 s

GWNSampleFloodVoxelizer::selectSamples:
	20 trials
	total = 1.49301 s
	mean  = 0.0746507 s
	var   = 0.000175072 s^2, std = 0.0132315 s
	min   = 0.053578 s
	max   = 0.100282 s

GWNSampleFloodVoxelizer::evaluateSamples:
	20 trials
	total = 1.59314 s
	mean  = 0.0796572 s
	var   = 0.00377765 s^2, std = 0.0614626 s
	min   = 0.015627 s
	max   = 0.250663 s

GWNSampleFloodVoxelizer::flood:
	20 trials
	total = 13.9614 s
	mean  = 0.69807 s
	var   = 0.0169096 s^2, std = 0.130037 s
	min   = 0.494857 s
	max   = 0.862314 s


PrintJobVoxelizer: finalizing surfaces
PrintJobVoxelizer: 2256488 surface voxels
PrintJobVoxelizer: getting output subset
PrintJobVoxelizer: updating slice indices
TonalValueCalculator:  runs 14:50:31
slices [449, 499):
	channel 0: occupancy (dense)
	channel 1: opticalFeature (sparse)

SurfaceDistanceOrderedTransfer:  runs 14:50:31
slices [423, 499):
	channel 0: occupancy (dense)
	channel 1: surfaceDist (dense)

SurfaceDistanceOrderedTransfer: 423 449 473
LayerExtractor:  runs 14:50:32
slices [421, 473):
	channel 0: occupancy (dense)
	channel 1: surfaceDist (dense)
	channel 2: layer_000 (sparse)
	channel 3: layer_001 (sparse)
	channel 4: layer_002 (sparse)
	channel 5: layer_003 (sparse)
	channel 6: layer_004 (sparse)
	channel 7: layer_005 (sparse)
	channel 8: layer_006 (sparse)
	channel 9: layer_007 (sparse)

TonalLinearizer:  runs 14:50:33
slices [422, 472):
	channel 0: occupancy (dense)
	channel 1: surfaceDist (dense)
	channel 2: layer_000 (sparse)
	channel 3: layer_001 (sparse)
	channel 4: layer_002 (sparse)
	channel 5: layer_003 (sparse)
	channel 6: layer_004 (sparse)
	channel 7: layer_005 (sparse)
	channel 8: layer_006 (sparse)
	channel 9: layer_007 (sparse)

VectorLayerHalftoner: VectorLayerHalftoner error: no tonal values available

VectorLayerHalftoner:  runs 14:50:33
slices [410, 472):
	channel 0: occupancy (dense)
	channel 1: surfaceDist (dense)
	channel 2: layer_000 (sparse)
	channel 3: layer_001 (sparse)
	channel 4: layer_002 (sparse)
	channel 5: layer_003 (sparse)
	channel 6: layer_004 (sparse)
	channel 7: layer_005 (sparse)
	channel 8: layer_006 (sparse)
	channel 9: layer_007 (sparse)
	channel 10: intermedTonal_0 (sparse)
	channel 11: intermedTonal_1 (sparse)
	channel 12: intermedTonal_2 (sparse)
	channel 13: intermedTonal_3 (sparse)
	channel 14: intermedTonal_4 (sparse)
	channel 15: intermedTonal_5 (sparse)
	channel 16: intermedTonal_6 (sparse)
	channel 17: intermedTonal_7 (sparse)
	channel 18: quantizedTonal (sparse)
	channel 19: errorDiffInfo2 (sparse)
	channel 20: distanceToEmpty (sparse)
	channel 21: errorDiffInfo3 (sparse)
	channel 22: errorDiffInfo4 (sparse)
	channel 23: errorDiffInfo5 (sparse)
	channel 24: errorDiffInfo6 (sparse)
	channel 25: errorDiffInfo7 (sparse)
	channel 26: errorDiffInfo8 (sparse)
	channel 27: errorDiffInfo9 (sparse)

SlaveReporter:  runs 14:50:38
slices [410, 460):
	channel 0: material (dense)
	channel 1: occupancy (dense)

SlaveReporter::runInternal
PrintJobVoxelizer:  runs 14:50:45

PrintJobVoxelizer: setting up slices
PrintJobVoxelizer: rasterizing objects
PrintJobVoxelizer: creating rasterizer
PrintJobVoxelizer: rasterizing object 1
PrintJobVoxelizer: rasterizing object 2
Rasterizer::rasterize:
	22 trials
	total = 8.83331 s
	mean  = 0.401514 s
	var   = 0.0459839 s^2, std = 0.214439 s
	min   = 0.115806 s
	max   = 0.773686 s


PrintJobVoxelizer: voxelizing objects
Object 1 ROI: [0 0 0] --> [946 303 50]
GWNSampleFloodVoxelizer: number of samples: 221
GWNSampleFloodVoxelizer: samples evaluated
GWNSampleFloodVoxelizer: adaptive threshold = 0.498039
GWNSampleFloodVoxelizer: flooding complete
Voxelization: solid angle evaluations per voxel: 0.423557

Object 2 ROI: [0 314 0] --> [946 508 50]
GWNSampleFloodVoxelizer: number of samples: 131
GWNSampleFloodVoxelizer: samples evaluated
GWNSampleFloodVoxelizer: adaptive threshold = 0.498039
GWNSampleFloodVoxelizer: flooding complete
Voxelization: solid angle evaluations per voxel: 0.523392

GWNSampleFloodVoxelizer::voxelize:
	22 trials
	total = 22.3722 s
	mean  = 1.01692 s
	var   = 0.0429879 s^2, std = 0.207335 s
	min   = 0.72922 s
	max   = 1.31076 s

GWNSampleFloodVoxelizer::initIndicator:
	22 trials
	total = 3.00999 s
	mean  = 0.136818 s
	var   = 0.00118243 s^2, std = 0.0343865 s
	min   = 0.08623 s
	max   = 0.20017 s

GWNSampleFloodVoxelizer::selectSamples:
	22 trials
	total = 1.64436 s
	mean  = 0.0747435 s
	var   = 0.000166178 s^2, std = 0.012891 s
	min   = 0.053578 s
	max   = 0.100282 s

GWNSampleFloodVoxelizer::evaluateSamples:
	22 trials
	total = 1.75075 s
	mean  = 0.0795795 s
	var   = 0.00368277 s^2, std = 0.0606858 s
	min   = 0.015627 s
	max   = 0.250663 s

GWNSampleFloodVoxelizer::flood:
	22 trials
	total = 15.3038 s
	mean  = 0.695626 s
	var   = 0.0173034 s^2, std = 0.131542 s
	min   = 0.494857 s
	max   = 0.862314 s


PrintJobVoxelizer: finalizing surfaces
PrintJobVoxelizer: 2440432 surface voxels
PrintJobVoxelizer: getting output subset
PrintJobVoxelizer: updating slice indices
TonalValueCalculator:  runs 14:50:48
slices [499, 549):
	channel 0: occupancy (dense)
	channel 1: opticalFeature (sparse)

SurfaceDistanceOrderedTransfer:  runs 14:50:48
slices [473, 549):
	channel 0: occupancy (dense)
	channel 1: surfaceDist (dense)

SurfaceDistanceOrderedTransfer: 473 499 523
LayerExtractor:  runs 14:50:49
slices [471, 523):
	channel 0: occupancy (dense)
	channel 1: surfaceDist (dense)
	channel 2: layer_000 (sparse)
	channel 3: layer_001 (sparse)
	channel 4: layer_002 (sparse)
	channel 5: layer_003 (sparse)
	channel 6: layer_004 (sparse)
	channel 7: layer_005 (sparse)
	channel 8: layer_006 (sparse)
	channel 9: layer_007 (sparse)

TonalLinearizer:  runs 14:50:50
slices [472, 522):
	channel 0: occupancy (dense)
	channel 1: surfaceDist (dense)
	channel 2: layer_000 (sparse)
	channel 3: layer_001 (sparse)
	channel 4: layer_002 (sparse)
	channel 5: layer_003 (sparse)
	channel 6: layer_004 (sparse)
	channel 7: layer_005 (sparse)
	channel 8: layer_006 (sparse)
	channel 9: layer_007 (sparse)

VectorLayerHalftoner: VectorLayerHalftoner error: no tonal values available

VectorLayerHalftoner:  runs 14:50:50
slices [460, 522):
	channel 0: occupancy (dense)
	channel 1: surfaceDist (dense)
	channel 2: layer_000 (sparse)
	channel 3: layer_001 (sparse)
	channel 4: layer_002 (sparse)
	channel 5: layer_003 (sparse)
	channel 6: layer_004 (sparse)
	channel 7: layer_005 (sparse)
	channel 8: layer_006 (sparse)
	channel 9: layer_007 (sparse)
	channel 10: intermedTonal_0 (sparse)
	channel 11: intermedTonal_1 (sparse)
	channel 12: intermedTonal_2 (sparse)
	channel 13: intermedTonal_3 (sparse)
	channel 14: intermedTonal_4 (sparse)
	channel 15: intermedTonal_5 (sparse)
	channel 16: intermedTonal_6 (sparse)
	channel 17: intermedTonal_7 (sparse)
	channel 18: quantizedTonal (sparse)
	channel 19: errorDiffInfo2 (sparse)
	channel 20: distanceToEmpty (sparse)
	channel 21: errorDiffInfo3 (sparse)
	channel 22: errorDiffInfo4 (sparse)
	channel 23: errorDiffInfo5 (sparse)
	channel 24: errorDiffInfo6 (sparse)
	channel 25: errorDiffInfo7 (sparse)
	channel 26: errorDiffInfo8 (sparse)
	channel 27: errorDiffInfo9 (sparse)

SlaveReporter:  runs 14:50:54
slices [460, 510):
	channel 0: material (dense)
	channel 1: occupancy (dense)

SlaveReporter::runInternal
PrintJobVoxelizer:  runs 14:51:2

PrintJobVoxelizer: setting up slices
PrintJobVoxelizer: rasterizing objects
PrintJobVoxelizer: creating rasterizer
PrintJobVoxelizer: rasterizing object 1
PrintJobVoxelizer: rasterizing object 2
Rasterizer::rasterize:
	24 trials
	total = 9.56156 s
	mean  = 0.398398 s
	var   = 0.0478966 s^2, std = 0.218853 s
	min   = 0.105862 s
	max   = 0.773686 s


PrintJobVoxelizer: voxelizing objects
Object 1 ROI: [0 0 0] --> [946 303 50]
GWNSampleFloodVoxelizer: number of samples: 248
GWNSampleFloodVoxelizer: samples evaluated
GWNSampleFloodVoxelizer: adaptive threshold = 0.498039
GWNSampleFloodVoxelizer: flooding complete
Voxelization: solid angle evaluations per voxel: 0.481218

Object 2 ROI: [0 314 0] --> [946 508 50]
GWNSampleFloodVoxelizer: number of samples: 129
GWNSampleFloodVoxelizer: samples evaluated
GWNSampleFloodVoxelizer: adaptive threshold = 0.498039
GWNSampleFloodVoxelizer: flooding complete
Voxelization: solid angle evaluations per voxel: 0.579529

GWNSampleFloodVoxelizer::voxelize:
	24 trials
	total = 24.3336 s
	mean  = 1.0139 s
	var   = 0.0426238 s^2, std = 0.206455 s
	min   = 0.72922 s
	max   = 1.31076 s

GWNSampleFloodVoxelizer::initIndicator:
	24 trials
	total = 3.22857 s
	mean  = 0.134524 s
	var   = 0.00115059 s^2, std = 0.0339203 s
	min   = 0.08623 s
	max   = 0.20017 s

GWNSampleFloodVoxelizer::selectSamples:
	24 trials
	total = 1.79907 s
	mean  = 0.0749614 s
	var   = 0.000163803 s^2, std = 0.0127986 s
	min   = 0.053578 s
	max   = 0.100282 s

GWNSampleFloodVoxelizer::evaluateSamples:
	24 trials
	total = 1.9207 s
	mean  = 0.0800292 s
	var   = 0.00366147 s^2, std = 0.0605101 s
	min   = 0.015627 s
	max   = 0.250663 s

GWNSampleFloodVoxelizer::flood:
	24 trials
	total = 16.6484 s
	mean  = 0.693681 s
	var   = 0.0171011 s^2, std = 0.130771 s
	min   = 0.494857 s
	max   = 0.862314 s


PrintJobVoxelizer: finalizing surfaces
PrintJobVoxelizer: 2616512 surface voxels
PrintJobVoxelizer: getting output subset
PrintJobVoxelizer: updating slice indices
TonalValueCalculator:  runs 14:51:5
slices [549, 599):
	channel 0: occupancy (dense)
	channel 1: opticalFeature (sparse)

SurfaceDistanceOrderedTransfer:  runs 14:51:5
slices [523, 599):
	channel 0: occupancy (dense)
	channel 1: surfaceDist (dense)

SurfaceDistanceOrderedTransfer: 523 549 573
LayerExtractor:  runs 14:51:7
slices [521, 573):
	channel 0: occupancy (dense)
	channel 1: surfaceDist (dense)
	channel 2: layer_000 (sparse)
	channel 3: layer_001 (sparse)
	channel 4: layer_002 (sparse)
	channel 5: layer_003 (sparse)
	channel 6: layer_004 (sparse)
	channel 7: layer_005 (sparse)
	channel 8: layer_006 (sparse)
	channel 9: layer_007 (sparse)

TonalLinearizer:  runs 14:51:7
slices [522, 572):
	channel 0: occupancy (dense)
	channel 1: surfaceDist (dense)
	channel 2: layer_000 (sparse)
	channel 3: layer_001 (sparse)
	channel 4: layer_002 (sparse)
	channel 5: layer_003 (sparse)
	channel 6: layer_004 (sparse)
	channel 7: layer_005 (sparse)
	channel 8: layer_006 (sparse)
	channel 9: layer_007 (sparse)

VectorLayerHalftoner: VectorLayerHalftoner error: no tonal values available

VectorLayerHalftoner:  runs 14:51:7
slices [510, 572):
	channel 0: occupancy (dense)
	channel 1: surfaceDist (dense)
	channel 2: layer_000 (sparse)
	channel 3: layer_001 (sparse)
	channel 4: layer_002 (sparse)
	channel 5: layer_003 (sparse)
	channel 6: layer_004 (sparse)
	channel 7: layer_005 (sparse)
	channel 8: layer_006 (sparse)
	channel 9: layer_007 (sparse)
	channel 10: intermedTonal_0 (sparse)
	channel 11: intermedTonal_1 (sparse)
	channel 12: intermedTonal_2 (sparse)
	channel 13: intermedTonal_3 (sparse)
	channel 14: intermedTonal_4 (sparse)
	channel 15: intermedTonal_5 (sparse)
	channel 16: intermedTonal_6 (sparse)
	channel 17: intermedTonal_7 (sparse)
	channel 18: quantizedTonal (sparse)
	channel 19: errorDiffInfo2 (sparse)
	channel 20: distanceToEmpty (sparse)
	channel 21: errorDiffInfo3 (sparse)
	channel 22: errorDiffInfo4 (sparse)
	channel 23: errorDiffInfo5 (sparse)
	channel 24: errorDiffInfo6 (sparse)
	channel 25: errorDiffInfo7 (sparse)
	channel 26: errorDiffInfo8 (sparse)
	channel 27: errorDiffInfo9 (sparse)

SlaveReporter:  runs 14:51:11
slices [510, 560):
	channel 0: material (dense)
	channel 1: occupancy (dense)

SlaveReporter::runInternal
PrintJobVoxelizer:  runs 14:51:20

PrintJobVoxelizer: setting up slices
PrintJobVoxelizer: rasterizing objects
PrintJobVoxelizer: creating rasterizer
PrintJobVoxelizer: rasterizing object 1
PrintJobVoxelizer: rasterizing object 2
Rasterizer::rasterize:
	26 trials
	total = 10.3407 s
	mean  = 0.397721 s
	var   = 0.0518023 s^2, std = 0.227601 s
	min   = 0.078709 s
	max   = 0.773686 s


PrintJobVoxelizer: voxelizing objects
Object 1 ROI: [0 0 0] --> [946 303 50]
GWNSampleFloodVoxelizer: number of samples: 310
GWNSampleFloodVoxelizer: samples evaluated
GWNSampleFloodVoxelizer: adaptive threshold = 0.498039
GWNSampleFloodVoxelizer: flooding complete
Voxelization: solid angle evaluations per voxel: 0.691953

Object 2 ROI: [0 314 0] --> [946 508 5]
GWNSampleFloodVoxelizer: number of samples: 38
GWNSampleFloodVoxelizer: samples evaluated
GWNSampleFloodVoxelizer: adaptive threshold = 0.498039
GWNSampleFloodVoxelizer: flooding complete
Voxelization: solid angle evaluations per voxel: 0.720913

GWNSampleFloodVoxelizer::voxelize:
	26 trials
	total = 26.4376 s
	mean  = 1.01683 s
	var   = 0.0471837 s^2, std = 0.217218 s
	min   = 0.72922 s
	max   = 1.3655 s

GWNSampleFloodVoxelizer::initIndicator:
	26 trials
	total = 3.50165 s
	mean  = 0.134679 s
	var   = 0.00113209 s^2, std = 0.0336465 s
	min   = 0.08623 s
	max   = 0.20017 s

GWNSampleFloodVoxelizer::selectSamples:
	26 trials
	total = 1.89342 s
	mean  = 0.0728237 s
	var   = 0.000320141 s^2, std = 0.0178925 s
	min   = 0.009686 s
	max   = 0.100282 s

GWNSampleFloodVoxelizer::evaluateSamples:
	26 trials
	total = 2.18016 s
	mean  = 0.0838524 s
	var   = 0.00475563 s^2, std = 0.0689611 s
	min   = 0.007019 s
	max   = 0.252443 s

GWNSampleFloodVoxelizer::flood:
	26 trials
	total = 18.0732 s
	mean  = 0.695122 s
	var   = 0.0169266 s^2, std = 0.130102 s
	min   = 0.494857 s
	max   = 0.862314 s


PrintJobVoxelizer: finalizing surfaces
PrintJobVoxelizer: 2773129 surface voxels
PrintJobVoxelizer: getting output subset
PrintJobVoxelizer: updating slice indices
TonalValueCalculator:  runs 14:51:23
slices [599, 649):
	channel 0: occupancy (dense)
	channel 1: opticalFeature (sparse)

SurfaceDistanceOrderedTransfer:  runs 14:51:23
slices [573, 649):
	channel 0: occupancy (dense)
	channel 1: surfaceDist (dense)

SurfaceDistanceOrderedTransfer: 573 599 623
LayerExtractor:  runs 14:51:24
slices [571, 623):
	channel 0: occupancy (dense)
	channel 1: surfaceDist (dense)
	channel 2: layer_000 (sparse)
	channel 3: layer_001 (sparse)
	channel 4: layer_002 (sparse)
	channel 5: layer_003 (sparse)
	channel 6: layer_004 (sparse)
	channel 7: layer_005 (sparse)
	channel 8: layer_006 (sparse)
	channel 9: layer_007 (sparse)

TonalLinearizer:  runs 14:51:25
slices [572, 622):
	channel 0: occupancy (dense)
	channel 1: surfaceDist (dense)
	channel 2: layer_000 (sparse)
	channel 3: layer_001 (sparse)
	channel 4: layer_002 (sparse)
	channel 5: layer_003 (sparse)
	channel 6: layer_004 (sparse)
	channel 7: layer_005 (sparse)
	channel 8: layer_006 (sparse)
	channel 9: layer_007 (sparse)

VectorLayerHalftoner: VectorLayerHalftoner error: no tonal values available

VectorLayerHalftoner:  runs 14:51:25
slices [560, 622):
	channel 0: occupancy (dense)
	channel 1: surfaceDist (dense)
	channel 2: layer_000 (sparse)
	channel 3: layer_001 (sparse)
	channel 4: layer_002 (sparse)
	channel 5: layer_003 (sparse)
	channel 6: layer_004 (sparse)
	channel 7: layer_005 (sparse)
	channel 8: layer_006 (sparse)
	channel 9: layer_007 (sparse)
	channel 10: intermedTonal_0 (sparse)
	channel 11: intermedTonal_1 (sparse)
	channel 12: intermedTonal_2 (sparse)
	channel 13: intermedTonal_3 (sparse)
	channel 14: intermedTonal_4 (sparse)
	channel 15: intermedTonal_5 (sparse)
	channel 16: intermedTonal_6 (sparse)
	channel 17: intermedTonal_7 (sparse)
	channel 18: quantizedTonal (sparse)
	channel 19: errorDiffInfo2 (sparse)
	channel 20: distanceToEmpty (sparse)
	channel 21: errorDiffInfo3 (sparse)
	channel 22: errorDiffInfo4 (sparse)
	channel 23: errorDiffInfo5 (sparse)
	channel 24: errorDiffInfo6 (sparse)
	channel 25: errorDiffInfo7 (sparse)
	channel 26: errorDiffInfo8 (sparse)
	channel 27: errorDiffInfo9 (sparse)

SlaveReporter:  runs 14:51:29
slices [560, 610):
	channel 0: material (dense)
	channel 1: occupancy (dense)

SlaveReporter::runInternal
PrintJobVoxelizer:  runs 14:51:38

PrintJobVoxelizer: setting up slices
PrintJobVoxelizer: rasterizing objects
PrintJobVoxelizer: creating rasterizer
PrintJobVoxelizer: rasterizing object 1
PrintJobVoxelizer: rasterizing object 2
Rasterizer::rasterize:
	28 trials
	total = 10.9466 s
	mean  = 0.390949 s
	var   = 0.0552674 s^2, std = 0.23509 s
	min   = 0.002528 s
	max   = 0.773686 s


PrintJobVoxelizer: voxelizing objects
Object 1 ROI: [0 0 0] --> [946 303 50]
GWNSampleFloodVoxelizer: number of samples: 261
GWNSampleFloodVoxelizer: samples evaluated
GWNSampleFloodVoxelizer: adaptive threshold = 0.498039
GWNSampleFloodVoxelizer: flooding complete
Voxelization: solid angle evaluations per voxel: 0.53679

Object 2 ROI: [0 314 0] --> [946 508 0]
GWNSampleFloodVoxelizer: number of samples: 0
GWNSampleFloodVoxelizer: samples evaluated
GWNSampleFloodVoxelizer: adaptive threshold = 0.498039
GWNSampleFloodVoxelizer: flooding complete
Voxelization: solid angle evaluations per voxel: 0.53679

GWNSampleFloodVoxelizer::voxelize:
	28 trials
	total = 27.8472 s
	mean  = 0.994544 s
	var   = 0.0712406 s^2, std = 0.266909 s
	min   = 0.174202 s
	max   = 1.3655 s

GWNSampleFloodVoxelizer::initIndicator:
	28 trials
	total = 3.74179 s
	mean  = 0.133635 s
	var   = 0.00106582 s^2, std = 0.0326469 s
	min   = 0.08623 s
	max   = 0.20017 s

GWNSampleFloodVoxelizer::selectSamples:
	28 trials
	total = 1.98483 s
	mean  = 0.0708869 s
	var   = 0.000494879 s^2, std = 0.0222459 s
	min   = 0.001028 s
	max   = 0.100282 s

GWNSampleFloodVoxelizer::evaluateSamples:
	28 trials
	total = 2.3471 s
	mean  = 0.0838251 s
	var   = 0.00491947 s^2, std = 0.0701389 s
	min   = 0 s
	max   = 0.252443 s

GWNSampleFloodVoxelizer::flood:
	28 trials
	total = 18.8974 s
	mean  = 0.674906 s
	var   = 0.033762 s^2, std = 0.183744 s
	min   = 0 s
	max   = 0.862314 s


PrintJobVoxelizer: finalizing surfaces
PrintJobVoxelizer: 2895066 surface voxels
PrintJobVoxelizer: getting output subset
PrintJobVoxelizer: updating slice indices
TonalValueCalculator:  runs 14:51:40
slices [649, 699):
	channel 0: occupancy (dense)
	channel 1: opticalFeature (sparse)

SurfaceDistanceOrderedTransfer:  runs 14:51:40
slices [623, 699):
	channel 0: occupancy (dense)
	channel 1: surfaceDist (dense)

SurfaceDistanceOrderedTransfer: 623 649 673
LayerExtractor:  runs 14:51:41
slices [621, 673):
	channel 0: occupancy (dense)
	channel 1: surfaceDist (dense)
	channel 2: layer_000 (sparse)
	channel 3: layer_001 (sparse)
	channel 4: layer_002 (sparse)
	channel 5: layer_003 (sparse)
	channel 6: layer_004 (sparse)
	channel 7: layer_005 (sparse)
	channel 8: layer_006 (sparse)
	channel 9: layer_007 (sparse)

TonalLinearizer:  runs 14:51:42
slices [622, 672):
	channel 0: occupancy (dense)
	channel 1: surfaceDist (dense)
	channel 2: layer_000 (sparse)
	channel 3: layer_001 (sparse)
	channel 4: layer_002 (sparse)
	channel 5: layer_003 (sparse)
	channel 6: layer_004 (sparse)
	channel 7: layer_005 (sparse)
	channel 8: layer_006 (sparse)
	channel 9: layer_007 (sparse)

VectorLayerHalftoner: VectorLayerHalftoner error: no tonal values available

VectorLayerHalftoner:  runs 14:51:42
slices [610, 672):
	channel 0: occupancy (dense)
	channel 1: surfaceDist (dense)
	channel 2: layer_000 (sparse)
	channel 3: layer_001 (sparse)
	channel 4: layer_002 (sparse)
	channel 5: layer_003 (sparse)
	channel 6: layer_004 (sparse)
	channel 7: layer_005 (sparse)
	channel 8: layer_006 (sparse)
	channel 9: layer_007 (sparse)
	channel 10: intermedTonal_0 (sparse)
	channel 11: intermedTonal_1 (sparse)
	channel 12: intermedTonal_2 (sparse)
	channel 13: intermedTonal_3 (sparse)
	channel 14: intermedTonal_4 (sparse)
	channel 15: intermedTonal_5 (sparse)
	channel 16: intermedTonal_6 (sparse)
	channel 17: intermedTonal_7 (sparse)
	channel 18: quantizedTonal (sparse)
	channel 19: errorDiffInfo2 (sparse)
	channel 20: distanceToEmpty (sparse)
	channel 21: errorDiffInfo3 (sparse)
	channel 22: errorDiffInfo4 (sparse)
	channel 23: errorDiffInfo5 (sparse)
	channel 24: errorDiffInfo6 (sparse)
	channel 25: errorDiffInfo7 (sparse)
	channel 26: errorDiffInfo8 (sparse)
	channel 27: errorDiffInfo9 (sparse)

SlaveReporter:  runs 14:51:46
slices [610, 660):
	channel 0: material (dense)
	channel 1: occupancy (dense)

SlaveReporter::runInternal
PrintJobVoxelizer:  runs 14:51:56

PrintJobVoxelizer: setting up slices
PrintJobVoxelizer: rasterizing objects
PrintJobVoxelizer: creating rasterizer
PrintJobVoxelizer: rasterizing object 1
PrintJobVoxelizer: rasterizing object 2
Rasterizer::rasterize:
	30 trials
	total = 11.2418 s
	mean  = 0.374725 s
	var   = 0.0567192 s^2, std = 0.238158 s
	min   = 0.002527 s
	max   = 0.773686 s


PrintJobVoxelizer: voxelizing objects
Object 1 ROI: [0 0 0] --> [946 303 50]
GWNSampleFloodVoxelizer: number of samples: 151
GWNSampleFloodVoxelizer: samples evaluated
GWNSampleFloodVoxelizer: adaptive threshold = 0.498039
GWNSampleFloodVoxelizer: flooding complete
Voxelization: solid angle evaluations per voxel: 0.192536

Object 2 ROI: [0 314 0] --> [946 508 0]
GWNSampleFloodVoxelizer: number of samples: 0
GWNSampleFloodVoxelizer: samples evaluated
GWNSampleFloodVoxelizer: adaptive threshold = 0.498039
GWNSampleFloodVoxelizer: flooding complete
Voxelization: solid angle evaluations per voxel: 0.192536

GWNSampleFloodVoxelizer::voxelize:
	30 trials
	total = 29.1679 s
	mean  = 0.972262 s
	var   = 0.0891562 s^2, std = 0.29859 s
	min   = 0.174202 s
	max   = 1.3655 s

GWNSampleFloodVoxelizer::initIndicator:
	30 trials
	total = 4.06507 s
	mean  = 0.135502 s
	var   = 0.00113881 s^2, std = 0.0337463 s
	min   = 0.08623 s
	max   = 0.20017 s

GWNSampleFloodVoxelizer::selectSamples:
	30 trials
	total = 2.06481 s
	mean  = 0.0688271 s
	var   = 0.00062914 s^2, std = 0.0250827 s
	min   = 0.000611 s
	max   = 0.100282 s

GWNSampleFloodVoxelizer::evaluateSamples:
	30 trials
	total = 2.41613 s
	mean  = 0.0805377 s
	var   = 0.00481887 s^2, std = 0.0694181 s
	min   = 0 s
	max   = 0.252443 s

GWNSampleFloodVoxelizer::flood:
	30 trials
	total = 19.6607 s
	mean  = 0.655356 s
	var   = 0.0470145 s^2, std = 0.216828 s
	min   = 0 s
	max   = 0.862314 s


PrintJobVoxelizer: finalizing surfaces
PrintJobVoxelizer: 2937928 surface voxels
PrintJobVoxelizer: getting output subset
PrintJobVoxelizer: updating slice indices
TonalValueCalculator:  runs 14:51:58
slices [699, 749):
	channel 0: occupancy (dense)
	channel 1: opticalFeature (sparse)

SurfaceDistanceOrderedTransfer:  runs 14:51:58
slices [673, 749):
	channel 0: occupancy (dense)
	channel 1: surfaceDist (dense)

SurfaceDistanceOrderedTransfer: 673 699 723
LayerExtractor:  runs 14:52:0
slices [671, 723):
	channel 0: occupancy (dense)
	channel 1: surfaceDist (dense)
	channel 2: layer_000 (sparse)
	channel 3: layer_001 (sparse)
	channel 4: layer_002 (sparse)
	channel 5: layer_003 (sparse)
	channel 6: layer_004 (sparse)
	channel 7: layer_005 (sparse)
	channel 8: layer_006 (sparse)
	channel 9: layer_007 (sparse)

TonalLinearizer:  runs 14:52:0
slices [672, 722):
	channel 0: occupancy (dense)
	channel 1: surfaceDist (dense)
	channel 2: layer_000 (sparse)
	channel 3: layer_001 (sparse)
	channel 4: layer_002 (sparse)
	channel 5: layer_003 (sparse)
	channel 6: layer_004 (sparse)
	channel 7: layer_005 (sparse)
	channel 8: layer_006 (sparse)
	channel 9: layer_007 (sparse)

VectorLayerHalftoner: VectorLayerHalftoner error: no tonal values available

VectorLayerHalftoner:  runs 14:52:0
slices [660, 722):
	channel 0: occupancy (dense)
	channel 1: surfaceDist (dense)
	channel 2: layer_000 (sparse)
	channel 3: layer_001 (sparse)
	channel 4: layer_002 (sparse)
	channel 5: layer_003 (sparse)
	channel 6: layer_004 (sparse)
	channel 7: layer_005 (sparse)
	channel 8: layer_006 (sparse)
	channel 9: layer_007 (sparse)
	channel 10: intermedTonal_0 (sparse)
	channel 11: intermedTonal_1 (sparse)
	channel 12: intermedTonal_2 (sparse)
	channel 13: intermedTonal_3 (sparse)
	channel 14: intermedTonal_4 (sparse)
	channel 15: intermedTonal_5 (sparse)
	channel 16: intermedTonal_6 (sparse)
	channel 17: intermedTonal_7 (sparse)
	channel 18: quantizedTonal (sparse)
	channel 19: errorDiffInfo2 (sparse)
	channel 20: distanceToEmpty (sparse)
	channel 21: errorDiffInfo3 (sparse)
	channel 22: errorDiffInfo4 (sparse)
	channel 23: errorDiffInfo5 (sparse)
	channel 24: errorDiffInfo6 (sparse)
	channel 25: errorDiffInfo7 (sparse)
	channel 26: errorDiffInfo8 (sparse)
	channel 27: errorDiffInfo9 (sparse)

SlaveReporter:  runs 14:52:3
slices [660, 710):
	channel 0: material (dense)
	channel 1: occupancy (dense)

SlaveReporter::runInternal
PrintJobVoxelizer:  runs 14:52:12

PrintJobVoxelizer: setting up slices
PrintJobVoxelizer: rasterizing objects
PrintJobVoxelizer: creating rasterizer
PrintJobVoxelizer: rasterizing object 1
PrintJobVoxelizer: rasterizing object 2
Rasterizer::rasterize:
	32 trials
	total = 11.3436 s
	mean  = 0.354487 s
	var   = 0.0595562 s^2, std = 0.244041 s
	min   = 0.002026 s
	max   = 0.773686 s


PrintJobVoxelizer: voxelizing objects
Object 1 ROI: [0 0 0] --> [946 303 27]
GWNSampleFloodVoxelizer: number of samples: 145
GWNSampleFloodVoxelizer: samples evaluated
GWNSampleFloodVoxelizer: adaptive threshold = 0.498039
GWNSampleFloodVoxelizer: flooding complete
Voxelization: solid angle evaluations per voxel: 0.15154

Object 2 ROI: [0 314 0] --> [946 508 0]
GWNSampleFloodVoxelizer: number of samples: 0
GWNSampleFloodVoxelizer: samples evaluated
GWNSampleFloodVoxelizer: adaptive threshold = 0.498039
GWNSampleFloodVoxelizer: flooding complete
Voxelization: solid angle evaluations per voxel: 0.15154

GWNSampleFloodVoxelizer::voxelize:
	32 trials
	total = 29.9701 s
	mean  = 0.936567 s
	var   = 0.107295 s^2, std = 0.327559 s
	min   = 0.147162 s
	max   = 1.3655 s

GWNSampleFloodVoxelizer::initIndicator:
	32 trials
	total = 4.26613 s
	mean  = 0.133317 s
	var   = 0.00113932 s^2, std = 0.0337538 s
	min   = 0.08623 s
	max   = 0.20017 s

GWNSampleFloodVoxelizer::selectSamples:
	32 trials
	total = 2.13337 s
	mean  = 0.0666678 s
	var   = 0.000736552 s^2, std = 0.0271395 s
	min   = 0 s
	max   = 0.100282 s

GWNSampleFloodVoxelizer::evaluateSamples:
	32 trials
	total = 2.44738 s
	mean  = 0.0764807 s
	var   = 0.00477857 s^2, std = 0.0691272 s
	min   = 0 s
	max   = 0.252443 s

GWNSampleFloodVoxelizer::flood:
	32 trials
	total = 20.0885 s
	mean  = 0.627765 s
	var   = 0.05872 s^2, std = 0.242322 s
	min   = 0 s
	max   = 0.862314 s


PrintJobVoxelizer: finalizing surfaces
PrintJobVoxelizer: 2943659 surface voxels
PrintJobVoxelizer: getting output subset
PrintJobVoxelizer: updating slice indices
TonalValueCalculator:  runs 14:52:13
slices [749, 777):
	channel 0: occupancy (dense)
	channel 1: opticalFeature (sparse)

SurfaceDistanceOrderedTransfer:  runs 14:52:13
slices [723, 777):
	channel 0: occupancy (dense)
	channel 1: surfaceDist (dense)

SurfaceDistanceOrderedTransfer: 723 749 777
LayerExtractor:  runs 14:52:15
slices [721, 777):
	channel 0: occupancy (dense)
	channel 1: surfaceDist (dense)
	channel 2: layer_000 (sparse)
	channel 3: layer_001 (sparse)
	channel 4: layer_002 (sparse)
	channel 5: layer_003 (sparse)
	channel 6: layer_004 (sparse)
	channel 7: layer_005 (sparse)
	channel 8: layer_006 (sparse)
	channel 9: layer_007 (sparse)

TonalLinearizer:  runs 14:52:15
slices [722, 777):
	channel 0: occupancy (dense)
	channel 1: surfaceDist (dense)
	channel 2: layer_000 (sparse)
	channel 3: layer_001 (sparse)
	channel 4: layer_002 (sparse)
	channel 5: layer_003 (sparse)
	channel 6: layer_004 (sparse)
	channel 7: layer_005 (sparse)
	channel 8: layer_006 (sparse)
	channel 9: layer_007 (sparse)

VectorLayerHalftoner: VectorLayerHalftoner error: no tonal values available

VectorLayerHalftoner:  runs 14:52:15
slices [710, 777):
	channel 0: occupancy (dense)
	channel 1: surfaceDist (dense)
	channel 2: layer_000 (sparse)
	channel 3: layer_001 (sparse)
	channel 4: layer_002 (sparse)
	channel 5: layer_003 (sparse)
	channel 6: layer_004 (sparse)
	channel 7: layer_005 (sparse)
	channel 8: layer_006 (sparse)
	channel 9: layer_007 (sparse)
	channel 10: intermedTonal_0 (sparse)
	channel 11: intermedTonal_1 (sparse)
	channel 12: intermedTonal_2 (sparse)
	channel 13: intermedTonal_3 (sparse)
	channel 14: intermedTonal_4 (sparse)
	channel 15: intermedTonal_5 (sparse)
	channel 16: intermedTonal_6 (sparse)
	channel 17: intermedTonal_7 (sparse)
	channel 18: quantizedTonal (sparse)
	channel 19: errorDiffInfo2 (sparse)
	channel 20: distanceToEmpty (sparse)
	channel 21: errorDiffInfo3 (sparse)
	channel 22: errorDiffInfo4 (sparse)
	channel 23: errorDiffInfo5 (sparse)
	channel 24: errorDiffInfo6 (sparse)
	channel 25: errorDiffInfo7 (sparse)
	channel 26: errorDiffInfo8 (sparse)
	channel 27: errorDiffInfo9 (sparse)

SlaveReporter:  runs 14:52:18
slices [710, 777):
	channel 0: material (dense)
	channel 1: occupancy (dense)

SlaveReporter::runInternal
Computation finished 

Status: success
Slave Node  1 :Total execution time in seconds 291.238

