SlavePrintingSoftware::startUp:
	1 trials
	total = 0.231779 s
	mean  = 0.231779 s
	var   = 0 s^2, std = 0 s
	min   = 0.231779 s
	max   = 0.231779 s

PrintingSoftware::execute:
	1 trials
	total = 1013.81 s
	mean  = 1013.81 s
	var   = 0 s^2, std = 0 s
	min   = 1013.81 s
	max   = 1013.81 s

DistributedComputingInitiator::Receive:
	1 trials
	total = 36.8978 s
	mean  = 36.8978 s
	var   = 0 s^2, std = 0 s
	min   = 36.8978 s
	max   = 36.8978 s

FileParserPJ::setInput:
	1 trials
	total = 0 s
	mean  = 0 s
	var   = 0 s^2, std = 0 s
	min   = 0 s
	max   = 0 s

FileParserPJ::runInternal:
	1 trials
	total = 16.7244 s
	mean  = 16.7244 s
	var   = 0 s^2, std = 0 s
	min   = 16.7244 s
	max   = 16.7244 s

PrintJobOrganizer::setInput:
	1 trials
	total = 0 s
	mean  = 0 s
	var   = 0 s^2, std = 0 s
	min   = 0 s
	max   = 0 s

PrintJobOrganizer::runInternal:
	1 trials
	total = 0.986625 s
	mean  = 0.986625 s
	var   = 0 s^2, std = 0 s
	min   = 0.986625 s
	max   = 0.986625 s

PrintJobPreprocessor::setInput:
	1 trials
	total = 0 s
	mean  = 0 s
	var   = 0 s^2, std = 0 s
	min   = 0 s
	max   = 0 s

PrintJobPreprocessor::runInternal:
	1 trials
	total = 4.62815 s
	mean  = 4.62815 s
	var   = 0 s^2, std = 0 s
	min   = 4.62815 s
	max   = 4.62815 s

PrintJobVoxelizer::setInput:
	16 trials
	total = 0.000503 s
	mean  = 3.14375e-005 s
	var   = 1.58131e-008 s^2, std = 0.00012575 s
	min   = 0 s
	max   = 0.000503 s

PrintJobVoxelizer::runInternal:
	16 trials
	total = 280.777 s
	mean  = 17.5485 s
	var   = 6.89336 s^2, std = 2.62552 s
	min   = 8.76348 s
	max   = 20.1397 s

PrintJobVoxelizer::rasterizeObjects:
	16 trials
	total = 48.2784 s
	mean  = 3.0174 s
	var   = 0.892266 s^2, std = 0.944599 s
	min   = 0.84961 s
	max   = 4.159 s

PrintJobVoxelizer::voxelizeObjects:
	16 trials
	total = 227.406 s
	mean  = 14.2129 s
	var   = 4.57992 s^2, std = 2.14007 s
	min   = 7.74992 s
	max   = 17.4462 s

PrintJobVoxelizer::finalizeSurfaces:
	16 trials
	total = 1.67301 s
	mean  = 0.104563 s
	var   = 0.000402268 s^2, std = 0.0200566 s
	min   = 0.0434 s
	max   = 0.123828 s

TonalValueCalculator::setInput:
	16 trials
	total = 0 s
	mean  = 0 s
	var   = 0 s^2, std = 0 s
	min   = 0 s
	max   = 0 s

TonalValueCalculator::runInternal:
	16 trials
	total = 1.18054 s
	mean  = 0.0737836 s
	var   = 0.000975183 s^2, std = 0.0312279 s
	min   = 0 s
	max   = 0.11641 s

SurfaceDistanceOrderedTransfer::setInput:
	16 trials
	total = 0 s
	mean  = 0 s
	var   = 0 s^2, std = 0 s
	min   = 0 s
	max   = 0 s

SurfaceDistanceOrderedTransfer::runInternal:
	16 trials
	total = 145.158 s
	mean  = 9.07237 s
	var   = 2.10682 s^2, std = 1.45149 s
	min   = 4.11134 s
	max   = 10.3713 s

SurfaceDistanceOrderedTransfer::buildOrderedSurfaceData:
	16 trials
	total = 1.95832 s
	mean  = 0.122395 s
	var   = 0.0303473 s^2, std = 0.174205 s
	min   = 0 s
	max   = 0.764732 s

SurfaceDistanceOrderedTransfer::fillDistanceChannel:
	16 trials
	total = 5.89423 s
	mean  = 0.36839 s
	var   = 0.0034306 s^2, std = 0.0585714 s
	min   = 0.157104 s
	max   = 0.422277 s

SurfaceDistanceOrderedTransfer::transfer:
	16 trials
	total = 136.414 s
	mean  = 8.52589 s
	var   = 2.37014 s^2, std = 1.53953 s
	min   = 3.17796 s
	max   = 9.79559 s

SurfaceDistanceOrderedTransfer::mergeDistances:
	80 trials
	total = 9.72631 s
	mean  = 0.121579 s
	var   = 0.000324393 s^2, std = 0.0180109 s
	min   = 0.053402 s
	max   = 0.145888 s

SurfaceDistanceOrderedTransfer::applySqrt:
	16 trials
	total = 0.883863 s
	mean  = 0.0552414 s
	var   = 0.000222878 s^2, std = 0.0149291 s
	min   = 0.011029 s
	max   = 0.070674 s

LayerExtractor::setInput:
	16 trials
	total = 0.001003 s
	mean  = 6.26875e-005 s
	var   = 2.9342e-008 s^2, std = 0.000171295 s
	min   = 0 s
	max   = 0.000502 s

LayerExtractor::runInternal:
	16 trials
	total = 36.2184 s
	mean  = 2.26365 s
	var   = 0.788278 s^2, std = 0.88785 s
	min   = 0.310889 s
	max   = 3.32571 s

VectorLayerHalftoner::setInput:
	16 trials
	total = 0.004322 s
	mean  = 0.000270125 s
	var   = 1.84951e-007 s^2, std = 0.000430059 s
	min   = 0 s
	max   = 0.001024 s

VectorLayerHalftoner::runInternal:
	16 trials
	total = 371.358 s
	mean  = 23.2099 s
	var   = 124.757 s^2, std = 11.1695 s
	min   = 2.06918 s
	max   = 39.5405 s

VectorLayerHalftoner(0)::setupOutputContainerSlaveReporter::serializeSlice:
	777 trials
	total = 926.162 s
	mean  = 1.19197 s
	var   = 1.56426 s^2, std = 1.2507 s
	min   = 0.681325 s
	max   = 11.1882 s

SlaveReporter::Send:
	22 trials
	total = 0 s
	mean  = 0 s
	var   = 0 s^2, std = 0 s
	min   = 0 s
	max   = 0 s

