Warning:json file inside profile could not be parsed 

GL version: 4.4.0

Warning: there is no json file embedded inside profile 

LayerExtractor: distance needed for layers: 0.135467

FileParserPJ: initializing
PrintJobOrganizer: initializing
PrintJobPreprocessor: initializing
PrintJobVoxelizer: initializing
SliceDebugger: initializing
TonalValueCalculator: initializing
TonalValueCalculator: Using rendering intent RELATIVE_COLORIMETRIC

SurfaceDistanceOrderedTransfer: initializing
SliceDebugger: initializing
TonalLinearizer: initializing
VectorLayerHalftoner: initializing
SliceDebugger: initializing
MaterialUsageEstimator: initializing
FileParserPJ:  runs 14:53:29

FileParserPJ: loading OBJ file

244921 vertices
489840 faces

FileParserPJ: 245383 texture coordinates

FileParserPJ: 245383 vertices after duplication

FileParserPJ: //filer-igd2.igd.fraunhofer.de/igd-3dt/shared/3DModels/Head/HeadMTL/Head_Level3.obj parsed: 245383 vertices and 489840 faces

FileParserPJ: loading jpg file

FileParserPJ: loading OBJ file

9992 vertices
18312 faces

FileParserPJ: 9437 texture coordinates

FileParserPJ: //filer-igd2.igd.fraunhofer.de/igd-3dt/shared/3DModels/Dame/Dame.obj parsed: 9992 vertices and 18312 faces

FileParserPJ: loading jpg file

FileParserPJ: loading OBJ file

244921 vertices
489840 faces

FileParserPJ: 245383 texture coordinates

FileParserPJ: 245383 vertices after duplication

FileParserPJ: //filer-igd2.igd.fraunhofer.de/igd-3dt/shared/3DModels/Head/HeadMTL/Head_Level3.obj parsed: 245383 vertices and 489840 faces

FileParserPJ: loading jpg file

FileParserPJ: loading OBJ file

9992 vertices
18312 faces

FileParserPJ: 9437 texture coordinates

FileParserPJ: //filer-igd2.igd.fraunhofer.de/igd-3dt/shared/3DModels/Dame/Dame.obj parsed: 9992 vertices and 18312 faces

FileParserPJ: loading jpg file

FileParserPJ: Input files parsed

PrintJobOrganizer:  runs 14:53:37

centering objects at origin
optimizing rotation for height
scaling objects
optimizing rotation for support use
PrintJobOrganizer: support cost         = 25.4851
support cost flipped = 22.9004

PrintJobOrganizer: support cost         = 10.7798
support cost flipped = 10.8551

PrintJobOrganizer: support cost         = 25.4851
support cost flipped = 22.9004

PrintJobOrganizer: support cost         = 10.7798
support cost flipped = 10.8551

arranging objects in 2D
validating object placement
PrintJobOrganizer: print object 1 print-space bounding box: (0.00211667, 0.00423333, 0.00135106), (8.00212, 5.12195, 4.19435)
PrintJobOrganizer: print object 2 print-space bounding box: (0.00211667, 5.32195, 0.00135106), (8.00212, 8.58807, 3.26645)
PrintJobOrganizer: print object 3 print-space bounding box: (0.00211667, 8.78807, 0.00135106), (8.00212, 13.9058, 4.19435)
PrintJobOrganizer: print object 4 print-space bounding box: (0.00211667, 14.1058, 0.00135106), (8.00212, 17.3719, 3.26645)
saving transforms to file
PrintJobPreprocessor:  runs 14:53:38

PrintJobPreprocessor: flatten
PrintJobPreprocessor: prioritize
PrintJobPreprocessor: segment-hierarchy
PrintJobPreprocessor: boundingBox
PrintJobPreprocessor: uniformAppearanceTextures
PrintJobVoxelizer:  runs 14:53:40

PrintJobVoxelizer: 
number of slices to print: 777 (4.19435 cm)
width of slices to print:  946 (8.00212 cm)
height of slices to print: 1026 (17.3719 cm)
chunk size:                50 (0.270213 cm)

PrintJobVoxelizer: setting up slices
PrintJobVoxelizer: rasterizing objects
PrintJobVoxelizer: creating rasterizer
PrintJobVoxelizer: rasterizing object 1
PrintJobVoxelizer: rasterizing object 2
PrintJobVoxelizer: rasterizing object 3
PrintJobVoxelizer: rasterizing object 4
Rasterizer::rasterize:
	4 trials
	total = 0.610487 s
	mean  = 0.152622 s
	var   = 0.00252785 s^2, std = 0.0502777 s
	min   = 0.108594 s
	max   = 0.197658 s


PrintJobVoxelizer: voxelizing objects
Object 1 ROI: [0 0 0] --> [946 303 50]
GWNSampleFloodVoxelizer: number of samples: 87
GWNSampleFloodVoxelizer: samples evaluated
GWNSampleFloodVoxelizer: adaptive threshold = 0.498039
GWNSampleFloodVoxelizer: flooding complete
Voxelization: solid angle evaluations per voxel: 0.0422432

Object 2 ROI: [0 314 0] --> [946 508 50]
GWNSampleFloodVoxelizer: number of samples: 82
GWNSampleFloodVoxelizer: samples evaluated
GWNSampleFloodVoxelizer: adaptive threshold = 0.498039
GWNSampleFloodVoxelizer: flooding complete
Voxelization: solid angle evaluations per voxel: 0.0731846

Object 3 ROI: [0 518 0] --> [946 822 50]
GWNSampleFloodVoxelizer: number of samples: 86
GWNSampleFloodVoxelizer: samples evaluated
GWNSampleFloodVoxelizer: adaptive threshold = 0.498039
GWNSampleFloodVoxelizer: flooding complete
Voxelization: solid angle evaluations per voxel: 0.109165

Object 4 ROI: [0 833 0] --> [946 1026 50]
GWNSampleFloodVoxelizer: number of samples: 82
GWNSampleFloodVoxelizer: samples evaluated
GWNSampleFloodVoxelizer: adaptive threshold = 0.498039
GWNSampleFloodVoxelizer: flooding complete
Voxelization: solid angle evaluations per voxel: 0.140107

GWNSampleFloodVoxelizer::voxelize:
	4 trials
	total = 9.28016 s
	mean  = 2.32004 s
	var   = 0.0217044 s^2, std = 0.147324 s
	min   = 2.14443 s
	max   = 2.49293 s

GWNSampleFloodVoxelizer::initIndicator:
	4 trials
	total = 1.13058 s
	mean  = 0.282646 s
	var   = 0.000398398 s^2, std = 0.0199599 s
	min   = 0.270692 s
	max   = 0.312504 s

GWNSampleFloodVoxelizer::selectSamples:
	4 trials
	total = 0.418824 s
	mean  = 0.104706 s
	var   = 0.000894813 s^2, std = 0.0299134 s
	min   = 0.080056 s
	max   = 0.140626 s

GWNSampleFloodVoxelizer::evaluateSamples:
	4 trials
	total = 0.131937 s
	mean  = 0.0329842 s
	var   = 0.000111852 s^2, std = 0.010576 s
	min   = 0.024018 s
	max   = 0.046876 s

GWNSampleFloodVoxelizer::flood:
	4 trials
	total = 7.37666 s
	mean  = 1.84416 s
	var   = 0.040464 s^2, std = 0.201157 s
	min   = 1.58988 s
	max   = 2.05713 s


PrintJobVoxelizer: finalizing surfaces
PrintJobVoxelizer: 99093 surface voxels
PrintJobVoxelizer: getting output subset
PrintJobVoxelizer: updating slice indices
SliceDebugger:  runs 14:53:50
slices [0, 49):
	channel 0: occupancy (dense)
	channel 1: opticalFeature (sparse)

TonalValueCalculator:  runs 14:53:54
slices [0, 49):
	channel 0: occupancy (dense)
	channel 1: opticalFeature (sparse)

SurfaceDistanceOrderedTransfer:  runs 14:53:54
slices [0, 49):
	channel 0: occupancy (dense)
	channel 1: surfaceDist (dense)

SurfaceDistanceOrderedTransfer: 0 0 23
SliceDebugger:  runs 14:53:56
slices [0, 23):
	channel 0: occupancy (dense)
	channel 1: surfaceDist (dense)

LayerExtractor:  runs 14:53:58
slices [0, 23):
	channel 0: occupancy (dense)
	channel 1: surfaceDist (dense)
	channel 2: layer_000 (sparse)
	channel 3: layer_001 (sparse)
	channel 4: layer_002 (sparse)
	channel 5: layer_003 (sparse)
	channel 6: layer_004 (sparse)
	channel 7: layer_005 (sparse)
	channel 8: layer_006 (sparse)
	channel 9: layer_007 (sparse)

TonalLinearizer:  runs 14:53:58
slices [0, 22):
	channel 0: occupancy (dense)
	channel 1: surfaceDist (dense)
	channel 2: layer_000 (sparse)
	channel 3: layer_001 (sparse)
	channel 4: layer_002 (sparse)
	channel 5: layer_003 (sparse)
	channel 6: layer_004 (sparse)
	channel 7: layer_005 (sparse)
	channel 8: layer_006 (sparse)
	channel 9: layer_007 (sparse)

VectorLayerHalftoner: VectorLayerHalftoner error: no tonal values available

VectorLayerHalftoner:  runs 14:53:58
slices [0, 22):
	channel 0: occupancy (dense)
	channel 1: surfaceDist (dense)
	channel 2: layer_000 (sparse)
	channel 3: layer_001 (sparse)
	channel 4: layer_002 (sparse)
	channel 5: layer_003 (sparse)
	channel 6: layer_004 (sparse)
	channel 7: layer_005 (sparse)
	channel 8: layer_006 (sparse)
	channel 9: layer_007 (sparse)
	channel 10: intermedTonal_0 (sparse)
	channel 11: intermedTonal_1 (sparse)
	channel 12: intermedTonal_2 (sparse)
	channel 13: intermedTonal_3 (sparse)
	channel 14: intermedTonal_4 (sparse)
	channel 15: intermedTonal_5 (sparse)
	channel 16: intermedTonal_6 (sparse)
	channel 17: intermedTonal_7 (sparse)
	channel 18: quantizedTonal (sparse)

SliceDebugger:  runs 14:54:0
slices [0, 10):
	channel 0: material (dense)
	channel 1: occupancy (dense)

MaterialUsageEstimator:  runs 14:54:0
slices [0, 10):
	channel 0: material (dense)
	channel 1: occupancy (dense)

MaterialUsageEstimator:  [QUIET WARNING] large change in non-empty count in slice 1: 340

MaterialUsageEstimator:  [QUIET WARNING] large change in non-empty count in slice 2: 438

MaterialUsageEstimator:  [QUIET WARNING] large change in non-empty count in slice 3: 462

MaterialUsageEstimator:  [QUIET WARNING] large change in non-empty count in slice 4: 523

MaterialUsageEstimator:  [QUIET WARNING] large change in non-empty count in slice 5: 558

PrintJobVoxelizer:  runs 14:54:0

PrintJobVoxelizer: setting up slices
PrintJobVoxelizer: rasterizing objects
PrintJobVoxelizer: creating rasterizer
PrintJobVoxelizer: rasterizing object 1
PrintJobVoxelizer: rasterizing object 2
PrintJobVoxelizer: rasterizing object 3
PrintJobVoxelizer: rasterizing object 4
Rasterizer::rasterize:
	8 trials
	total = 2.0475 s
	mean  = 0.255937 s
	var   = 0.0397338 s^2, std = 0.199333 s
	min   = 0.108594 s
	max   = 0.575399 s


PrintJobVoxelizer: voxelizing objects
Object 1 ROI: [0 0 0] --> [946 303 50]
GWNSampleFloodVoxelizer: number of samples: 208
GWNSampleFloodVoxelizer: samples evaluated
GWNSampleFloodVoxelizer: adaptive threshold = 0.498039
GWNSampleFloodVoxelizer: flooding complete
Voxelization: solid angle evaluations per voxel: 0.174732

Object 2 ROI: [0 314 0] --> [946 508 50]
GWNSampleFloodVoxelizer: number of samples: 68
GWNSampleFloodVoxelizer: samples evaluated
GWNSampleFloodVoxelizer: adaptive threshold = 0.498039
GWNSampleFloodVoxelizer: flooding complete
Voxelization: solid angle evaluations per voxel: 0.200391

Object 3 ROI: [0 518 0] --> [946 822 50]
GWNSampleFloodVoxelizer: number of samples: 202
GWNSampleFloodVoxelizer: samples evaluated
GWNSampleFloodVoxelizer: adaptive threshold = 0.498039
GWNSampleFloodVoxelizer: flooding complete
Voxelization: solid angle evaluations per voxel: 0.347694

Object 4 ROI: [0 833 0] --> [946 1026 50]
GWNSampleFloodVoxelizer: number of samples: 66
GWNSampleFloodVoxelizer: samples evaluated
GWNSampleFloodVoxelizer: adaptive threshold = 0.498039
GWNSampleFloodVoxelizer: flooding complete
Voxelization: solid angle evaluations per voxel: 0.372598

GWNSampleFloodVoxelizer::voxelize:
	8 trials
	total = 18.5122 s
	mean  = 2.31402 s
	var   = 0.0171089 s^2, std = 0.130801 s
	min   = 2.14443 s
	max   = 2.50928 s

GWNSampleFloodVoxelizer::initIndicator:
	8 trials
	total = 2.27379 s
	mean  = 0.284224 s
	var   = 0.000517645 s^2, std = 0.0227518 s
	min   = 0.268191 s
	max   = 0.32813 s

GWNSampleFloodVoxelizer::selectSamples:
	8 trials
	total = 0.799392 s
	mean  = 0.099924 s
	var   = 0.000527206 s^2, std = 0.022961 s
	min   = 0.080056 s
	max   = 0.140626 s

GWNSampleFloodVoxelizer::evaluateSamples:
	8 trials
	total = 0.461816 s
	mean  = 0.057727 s
	var   = 0.00326881 s^2, std = 0.0571735 s
	min   = 0.016012 s
	max   = 0.156253 s

GWNSampleFloodVoxelizer::flood:
	8 trials
	total = 14.5324 s
	mean  = 1.81655 s
	var   = 0.025965 s^2, std = 0.161137 s
	min   = 1.58988 s
	max   = 2.05713 s


PrintJobVoxelizer: finalizing surfaces
PrintJobVoxelizer: 394170 surface voxels
PrintJobVoxelizer: getting output subset
PrintJobVoxelizer: updating slice indices
SliceDebugger:  runs 14:54:11
slices [49, 99):
	channel 0: occupancy (dense)
	channel 1: opticalFeature (sparse)

TonalValueCalculator:  runs 14:54:15
slices [49, 99):
	channel 0: occupancy (dense)
	channel 1: opticalFeature (sparse)

SurfaceDistanceOrderedTransfer:  runs 14:54:15
slices [23, 99):
	channel 0: occupancy (dense)
	channel 1: surfaceDist (dense)

SurfaceDistanceOrderedTransfer: 23 49 73
SliceDebugger:  runs 14:54:20
slices [23, 73):
	channel 0: occupancy (dense)
	channel 1: surfaceDist (dense)

LayerExtractor:  runs 14:54:23
slices [21, 73):
	channel 0: occupancy (dense)
	channel 1: surfaceDist (dense)
	channel 2: layer_000 (sparse)
	channel 3: layer_001 (sparse)
	channel 4: layer_002 (sparse)
	channel 5: layer_003 (sparse)
	channel 6: layer_004 (sparse)
	channel 7: layer_005 (sparse)
	channel 8: layer_006 (sparse)
	channel 9: layer_007 (sparse)

TonalLinearizer:  runs 14:54:24
slices [22, 72):
	channel 0: occupancy (dense)
	channel 1: surfaceDist (dense)
	channel 2: layer_000 (sparse)
	channel 3: layer_001 (sparse)
	channel 4: layer_002 (sparse)
	channel 5: layer_003 (sparse)
	channel 6: layer_004 (sparse)
	channel 7: layer_005 (sparse)
	channel 8: layer_006 (sparse)
	channel 9: layer_007 (sparse)

VectorLayerHalftoner: VectorLayerHalftoner error: no tonal values available

VectorLayerHalftoner:  runs 14:54:24
slices [10, 72):
	channel 0: occupancy (dense)
	channel 1: surfaceDist (dense)
	channel 2: layer_000 (sparse)
	channel 3: layer_001 (sparse)
	channel 4: layer_002 (sparse)
	channel 5: layer_003 (sparse)
	channel 6: layer_004 (sparse)
	channel 7: layer_005 (sparse)
	channel 8: layer_006 (sparse)
	channel 9: layer_007 (sparse)
	channel 10: intermedTonal_0 (sparse)
	channel 11: intermedTonal_1 (sparse)
	channel 12: intermedTonal_2 (sparse)
	channel 13: intermedTonal_3 (sparse)
	channel 14: intermedTonal_4 (sparse)
	channel 15: intermedTonal_5 (sparse)
	channel 16: intermedTonal_6 (sparse)
	channel 17: intermedTonal_7 (sparse)
	channel 18: quantizedTonal (sparse)
	channel 19: errorDiffInfo2 (sparse)
	channel 20: distanceToEmpty (sparse)
	channel 21: errorDiffInfo3 (sparse)
	channel 22: errorDiffInfo4 (sparse)
	channel 23: errorDiffInfo5 (sparse)
	channel 24: errorDiffInfo6 (sparse)
	channel 25: errorDiffInfo7 (sparse)
	channel 26: errorDiffInfo8 (sparse)
	channel 27: errorDiffInfo9 (sparse)

SliceDebugger:  runs 14:54:29
slices [10, 60):
	channel 0: material (dense)
	channel 1: occupancy (dense)

MaterialUsageEstimator:  runs 14:54:31
slices [10, 60):
	channel 0: material (dense)
	channel 1: occupancy (dense)

PrintJobVoxelizer:  runs 14:54:31

PrintJobVoxelizer: setting up slices
PrintJobVoxelizer: rasterizing objects
PrintJobVoxelizer: creating rasterizer
PrintJobVoxelizer: rasterizing object 1
PrintJobVoxelizer: rasterizing object 2
PrintJobVoxelizer: rasterizing object 3
PrintJobVoxelizer: rasterizing object 4
Rasterizer::rasterize:
	12 trials
	total = 3.97452 s
	mean  = 0.33121 s
	var   = 0.0743588 s^2, std = 0.272688 s
	min   = 0.108594 s
	max   = 0.801995 s


PrintJobVoxelizer: voxelizing objects
Object 1 ROI: [0 0 0] --> [946 303 50]
GWNSampleFloodVoxelizer: number of samples: 342
GWNSampleFloodVoxelizer: samples evaluated
GWNSampleFloodVoxelizer: adaptive threshold = 0.498039
GWNSampleFloodVoxelizer: flooding complete
Voxelization: solid angle evaluations per voxel: 0.285346

Object 2 ROI: [0 314 0] --> [946 508 50]
GWNSampleFloodVoxelizer: number of samples: 107
GWNSampleFloodVoxelizer: samples evaluated
GWNSampleFloodVoxelizer: adaptive threshold = 0.498039
GWNSampleFloodVoxelizer: flooding complete
Voxelization: solid angle evaluations per voxel: 0.325721

Object 3 ROI: [0 518 0] --> [946 822 50]
GWNSampleFloodVoxelizer: number of samples: 339
GWNSampleFloodVoxelizer: samples evaluated
GWNSampleFloodVoxelizer: adaptive threshold = 0.498039
GWNSampleFloodVoxelizer: flooding complete
Voxelization: solid angle evaluations per voxel: 0.574967

Object 4 ROI: [0 833 0] --> [946 1026 50]
GWNSampleFloodVoxelizer: number of samples: 107
GWNSampleFloodVoxelizer: samples evaluated
GWNSampleFloodVoxelizer: adaptive threshold = 0.498039
GWNSampleFloodVoxelizer: flooding complete
Voxelization: solid angle evaluations per voxel: 0.615342

GWNSampleFloodVoxelizer::voxelize:
	12 trials
	total = 27.8487 s
	mean  = 2.32073 s
	var   = 0.0368013 s^2, std = 0.191837 s
	min   = 2.01642 s
	max   = 2.60276 s

GWNSampleFloodVoxelizer::initIndicator:
	12 trials
	total = 3.35134 s
	mean  = 0.279278 s
	var   = 0.000627346 s^2, std = 0.0250469 s
	min   = 0.243173 s
	max   = 0.32813 s

GWNSampleFloodVoxelizer::selectSamples:
	12 trials
	total = 1.19659 s
	mean  = 0.0997156 s
	var   = 0.000493245 s^2, std = 0.0222091 s
	min   = 0.078556 s
	max   = 0.140626 s

GWNSampleFloodVoxelizer::evaluateSamples:
	12 trials
	total = 0.967856 s
	mean  = 0.0806547 s
	var   = 0.0066973 s^2, std = 0.0818371 s
	min   = 0.016012 s
	max   = 0.231846 s

GWNSampleFloodVoxelizer::flood:
	12 trials
	total = 21.6515 s
	mean  = 1.80429 s
	var   = 0.0239688 s^2, std = 0.154819 s
	min   = 1.58988 s
	max   = 2.05713 s


PrintJobVoxelizer: finalizing surfaces
PrintJobVoxelizer: 821739 surface voxels
PrintJobVoxelizer: getting output subset
PrintJobVoxelizer: updating slice indices
SliceDebugger:  runs 14:54:42
slices [99, 149):
	channel 0: occupancy (dense)
	channel 1: opticalFeature (sparse)

TonalValueCalculator:  runs 14:54:46
slices [99, 149):
	channel 0: occupancy (dense)
	channel 1: opticalFeature (sparse)

SurfaceDistanceOrderedTransfer:  runs 14:54:46
slices [73, 149):
	channel 0: occupancy (dense)
	channel 1: surfaceDist (dense)

SurfaceDistanceOrderedTransfer: 73 99 123
SliceDebugger:  runs 14:54:52
slices [73, 123):
	channel 0: occupancy (dense)
	channel 1: surfaceDist (dense)

LayerExtractor:  runs 14:54:55
slices [71, 123):
	channel 0: occupancy (dense)
	channel 1: surfaceDist (dense)
	channel 2: layer_000 (sparse)
	channel 3: layer_001 (sparse)
	channel 4: layer_002 (sparse)
	channel 5: layer_003 (sparse)
	channel 6: layer_004 (sparse)
	channel 7: layer_005 (sparse)
	channel 8: layer_006 (sparse)
	channel 9: layer_007 (sparse)

TonalLinearizer:  runs 14:54:57
slices [72, 122):
	channel 0: occupancy (dense)
	channel 1: surfaceDist (dense)
	channel 2: layer_000 (sparse)
	channel 3: layer_001 (sparse)
	channel 4: layer_002 (sparse)
	channel 5: layer_003 (sparse)
	channel 6: layer_004 (sparse)
	channel 7: layer_005 (sparse)
	channel 8: layer_006 (sparse)
	channel 9: layer_007 (sparse)

VectorLayerHalftoner: VectorLayerHalftoner error: no tonal values available

VectorLayerHalftoner:  runs 14:54:57
slices [60, 122):
	channel 0: occupancy (dense)
	channel 1: surfaceDist (dense)
	channel 2: layer_000 (sparse)
	channel 3: layer_001 (sparse)
	channel 4: layer_002 (sparse)
	channel 5: layer_003 (sparse)
	channel 6: layer_004 (sparse)
	channel 7: layer_005 (sparse)
	channel 8: layer_006 (sparse)
	channel 9: layer_007 (sparse)
	channel 10: intermedTonal_0 (sparse)
	channel 11: intermedTonal_1 (sparse)
	channel 12: intermedTonal_2 (sparse)
	channel 13: intermedTonal_3 (sparse)
	channel 14: intermedTonal_4 (sparse)
	channel 15: intermedTonal_5 (sparse)
	channel 16: intermedTonal_6 (sparse)
	channel 17: intermedTonal_7 (sparse)
	channel 18: quantizedTonal (sparse)
	channel 19: errorDiffInfo2 (sparse)
	channel 20: distanceToEmpty (sparse)
	channel 21: errorDiffInfo3 (sparse)
	channel 22: errorDiffInfo4 (sparse)
	channel 23: errorDiffInfo5 (sparse)
	channel 24: errorDiffInfo6 (sparse)
	channel 25: errorDiffInfo7 (sparse)
	channel 26: errorDiffInfo8 (sparse)
	channel 27: errorDiffInfo9 (sparse)

SliceDebugger:  runs 14:55:6
slices [60, 110):
	channel 0: material (dense)
	channel 1: occupancy (dense)

MaterialUsageEstimator:  runs 14:55:7
slices [60, 110):
	channel 0: material (dense)
	channel 1: occupancy (dense)

PrintJobVoxelizer:  runs 14:55:7

PrintJobVoxelizer: setting up slices
PrintJobVoxelizer: rasterizing objects
PrintJobVoxelizer: creating rasterizer
PrintJobVoxelizer: rasterizing object 1
PrintJobVoxelizer: rasterizing object 2
PrintJobVoxelizer: rasterizing object 3
PrintJobVoxelizer: rasterizing object 4
Rasterizer::rasterize:
	16 trials
	total = 5.93445 s
	mean  = 0.370903 s
	var   = 0.0706523 s^2, std = 0.265805 s
	min   = 0.108594 s
	max   = 0.801995 s


PrintJobVoxelizer: voxelizing objects
Object 1 ROI: [0 0 0] --> [946 303 50]
GWNSampleFloodVoxelizer: number of samples: 208
GWNSampleFloodVoxelizer: samples evaluated
GWNSampleFloodVoxelizer: adaptive threshold = 0.498039
GWNSampleFloodVoxelizer: flooding complete
Voxelization: solid angle evaluations per voxel: 0.161484

Object 2 ROI: [0 314 0] --> [946 508 50]
GWNSampleFloodVoxelizer: number of samples: 162
GWNSampleFloodVoxelizer: samples evaluated
GWNSampleFloodVoxelizer: adaptive threshold = 0.498039
GWNSampleFloodVoxelizer: flooding complete
Voxelization: solid angle evaluations per voxel: 0.222612

Object 3 ROI: [0 518 0] --> [946 822 50]
GWNSampleFloodVoxelizer: number of samples: 207
GWNSampleFloodVoxelizer: samples evaluated
GWNSampleFloodVoxelizer: adaptive threshold = 0.498039
GWNSampleFloodVoxelizer: flooding complete
Voxelization: solid angle evaluations per voxel: 0.352897

Object 4 ROI: [0 833 0] --> [946 1026 50]
GWNSampleFloodVoxelizer: number of samples: 166
GWNSampleFloodVoxelizer: samples evaluated
GWNSampleFloodVoxelizer: adaptive threshold = 0.498039
GWNSampleFloodVoxelizer: flooding complete
Voxelization: solid angle evaluations per voxel: 0.415534

GWNSampleFloodVoxelizer::voxelize:
	16 trials
	total = 36.621 s
	mean  = 2.28881 s
	var   = 0.0523457 s^2, std = 0.228792 s
	min   = 1.91536 s
	max   = 2.67398 s

GWNSampleFloodVoxelizer::initIndicator:
	16 trials
	total = 4.3542 s
	mean  = 0.272138 s
	var   = 0.000768154 s^2, std = 0.0277156 s
	min   = 0.220156 s
	max   = 0.32813 s

GWNSampleFloodVoxelizer::selectSamples:
	16 trials
	total = 1.60179 s
	mean  = 0.100112 s
	var   = 0.00048146 s^2, std = 0.0219422 s
	min   = 0.075553 s
	max   = 0.140626 s

GWNSampleFloodVoxelizer::evaluateSamples:
	16 trials
	total = 1.28699 s
	mean  = 0.0804372 s
	var   = 0.0052861 s^2, std = 0.0727056 s
	min   = 0.016012 s
	max   = 0.231846 s

GWNSampleFloodVoxelizer::flood:
	16 trials
	total = 28.4804 s
	mean  = 1.78003 s
	var   = 0.0331351 s^2, std = 0.182031 s
	min   = 1.52208 s
	max   = 2.08008 s


PrintJobVoxelizer: finalizing surfaces
PrintJobVoxelizer: 1331867 surface voxels
PrintJobVoxelizer: getting output subset
PrintJobVoxelizer: updating slice indices
SliceDebugger:  runs 14:55:18
slices [149, 199):
	channel 0: occupancy (dense)
	channel 1: opticalFeature (sparse)

TonalValueCalculator:  runs 14:55:22
slices [149, 199):
	channel 0: occupancy (dense)
	channel 1: opticalFeature (sparse)

SurfaceDistanceOrderedTransfer:  runs 14:55:22
slices [123, 199):
	channel 0: occupancy (dense)
	channel 1: surfaceDist (dense)

SurfaceDistanceOrderedTransfer: 123 149 173
SliceDebugger:  runs 14:55:28
slices [123, 173):
	channel 0: occupancy (dense)
	channel 1: surfaceDist (dense)

LayerExtractor:  runs 14:55:32
slices [121, 173):
	channel 0: occupancy (dense)
	channel 1: surfaceDist (dense)
	channel 2: layer_000 (sparse)
	channel 3: layer_001 (sparse)
	channel 4: layer_002 (sparse)
	channel 5: layer_003 (sparse)
	channel 6: layer_004 (sparse)
	channel 7: layer_005 (sparse)
	channel 8: layer_006 (sparse)
	channel 9: layer_007 (sparse)

TonalLinearizer:  runs 14:55:33
slices [122, 172):
	channel 0: occupancy (dense)
	channel 1: surfaceDist (dense)
	channel 2: layer_000 (sparse)
	channel 3: layer_001 (sparse)
	channel 4: layer_002 (sparse)
	channel 5: layer_003 (sparse)
	channel 6: layer_004 (sparse)
	channel 7: layer_005 (sparse)
	channel 8: layer_006 (sparse)
	channel 9: layer_007 (sparse)

VectorLayerHalftoner: VectorLayerHalftoner error: no tonal values available

VectorLayerHalftoner:  runs 14:55:34
slices [110, 172):
	channel 0: occupancy (dense)
	channel 1: surfaceDist (dense)
	channel 2: layer_000 (sparse)
	channel 3: layer_001 (sparse)
	channel 4: layer_002 (sparse)
	channel 5: layer_003 (sparse)
	channel 6: layer_004 (sparse)
	channel 7: layer_005 (sparse)
	channel 8: layer_006 (sparse)
	channel 9: layer_007 (sparse)
	channel 10: intermedTonal_0 (sparse)
	channel 11: intermedTonal_1 (sparse)
	channel 12: intermedTonal_2 (sparse)
	channel 13: intermedTonal_3 (sparse)
	channel 14: intermedTonal_4 (sparse)
	channel 15: intermedTonal_5 (sparse)
	channel 16: intermedTonal_6 (sparse)
	channel 17: intermedTonal_7 (sparse)
	channel 18: quantizedTonal (sparse)
	channel 19: errorDiffInfo2 (sparse)
	channel 20: distanceToEmpty (sparse)
	channel 21: errorDiffInfo3 (sparse)
	channel 22: errorDiffInfo4 (sparse)
	channel 23: errorDiffInfo5 (sparse)
	channel 24: errorDiffInfo6 (sparse)
	channel 25: errorDiffInfo7 (sparse)
	channel 26: errorDiffInfo8 (sparse)
	channel 27: errorDiffInfo9 (sparse)

SliceDebugger:  runs 14:55:47
slices [110, 160):
	channel 0: material (dense)
	channel 1: occupancy (dense)

MaterialUsageEstimator:  runs 14:55:48
slices [110, 160):
	channel 0: material (dense)
	channel 1: occupancy (dense)

PrintJobVoxelizer:  runs 14:55:49

PrintJobVoxelizer: setting up slices
PrintJobVoxelizer: rasterizing objects
PrintJobVoxelizer: creating rasterizer
PrintJobVoxelizer: rasterizing object 1
PrintJobVoxelizer: rasterizing object 2
PrintJobVoxelizer: rasterizing object 3
PrintJobVoxelizer: rasterizing object 4
Rasterizer::rasterize:
	20 trials
	total = 7.97623 s
	mean  = 0.398812 s
	var   = 0.063543 s^2, std = 0.252077 s
	min   = 0.108594 s
	max   = 0.801995 s


PrintJobVoxelizer: voxelizing objects
Object 1 ROI: [0 0 0] --> [946 303 50]
GWNSampleFloodVoxelizer: number of samples: 196
GWNSampleFloodVoxelizer: samples evaluated
GWNSampleFloodVoxelizer: adaptive threshold = 0.498039
GWNSampleFloodVoxelizer: flooding complete
Voxelization: solid angle evaluations per voxel: 0.142293

Object 2 ROI: [0 314 0] --> [946 508 50]
GWNSampleFloodVoxelizer: number of samples: 194
GWNSampleFloodVoxelizer: samples evaluated
GWNSampleFloodVoxelizer: adaptive threshold = 0.498039
GWNSampleFloodVoxelizer: flooding complete
Voxelization: solid angle evaluations per voxel: 0.215496

Object 3 ROI: [0 518 0] --> [946 822 50]
GWNSampleFloodVoxelizer: number of samples: 197
GWNSampleFloodVoxelizer: samples evaluated
GWNSampleFloodVoxelizer: adaptive threshold = 0.498039
GWNSampleFloodVoxelizer: flooding complete
Voxelization: solid angle evaluations per voxel: 0.32953

Object 4 ROI: [0 833 0] --> [946 1026 50]
GWNSampleFloodVoxelizer: number of samples: 198
GWNSampleFloodVoxelizer: samples evaluated
GWNSampleFloodVoxelizer: adaptive threshold = 0.498039
GWNSampleFloodVoxelizer: flooding complete
Voxelization: solid angle evaluations per voxel: 0.404243

GWNSampleFloodVoxelizer::voxelize:
	20 trials
	total = 45.1841 s
	mean  = 2.25921 s
	var   = 0.0785227 s^2, std = 0.280219 s
	min   = 1.60764 s
	max   = 2.7325 s

GWNSampleFloodVoxelizer::initIndicator:
	20 trials
	total = 5.38083 s
	mean  = 0.269041 s
	var   = 0.00105125 s^2, std = 0.032423 s
	min   = 0.209149 s
	max   = 0.32813 s

GWNSampleFloodVoxelizer::selectSamples:
	20 trials
	total = 2.00824 s
	mean  = 0.100412 s
	var   = 0.0004877 s^2, std = 0.0220839 s
	min   = 0.075553 s
	max   = 0.140626 s

GWNSampleFloodVoxelizer::evaluateSamples:
	20 trials
	total = 1.64725 s
	mean  = 0.0823626 s
	var   = 0.00439282 s^2, std = 0.0662784 s
	min   = 0.016012 s
	max   = 0.231846 s

GWNSampleFloodVoxelizer::flood:
	20 trials
	total = 35.0331 s
	mean  = 1.75165 s
	var   = 0.0505915 s^2, std = 0.224926 s
	min   = 1.20786 s
	max   = 2.09249 s


PrintJobVoxelizer: finalizing surfaces
PrintJobVoxelizer: 1917725 surface voxels
PrintJobVoxelizer: getting output subset
PrintJobVoxelizer: updating slice indices
SliceDebugger:  runs 14:56:0
slices [199, 249):
	channel 0: occupancy (dense)
	channel 1: opticalFeature (sparse)

TonalValueCalculator:  runs 14:56:4
slices [199, 249):
	channel 0: occupancy (dense)
	channel 1: opticalFeature (sparse)

SurfaceDistanceOrderedTransfer:  runs 14:56:4
slices [173, 249):
	channel 0: occupancy (dense)
	channel 1: surfaceDist (dense)

SurfaceDistanceOrderedTransfer: 173 199 223
SliceDebugger:  runs 14:56:9
slices [173, 223):
	channel 0: occupancy (dense)
	channel 1: surfaceDist (dense)

LayerExtractor:  runs 14:56:13
slices [171, 223):
	channel 0: occupancy (dense)
	channel 1: surfaceDist (dense)
	channel 2: layer_000 (sparse)
	channel 3: layer_001 (sparse)
	channel 4: layer_002 (sparse)
	channel 5: layer_003 (sparse)
	channel 6: layer_004 (sparse)
	channel 7: layer_005 (sparse)
	channel 8: layer_006 (sparse)
	channel 9: layer_007 (sparse)

TonalLinearizer:  runs 14:56:15
slices [172, 222):
	channel 0: occupancy (dense)
	channel 1: surfaceDist (dense)
	channel 2: layer_000 (sparse)
	channel 3: layer_001 (sparse)
	channel 4: layer_002 (sparse)
	channel 5: layer_003 (sparse)
	channel 6: layer_004 (sparse)
	channel 7: layer_005 (sparse)
	channel 8: layer_006 (sparse)
	channel 9: layer_007 (sparse)

VectorLayerHalftoner: VectorLayerHalftoner error: no tonal values available

VectorLayerHalftoner:  runs 14:56:16
slices [160, 222):
	channel 0: occupancy (dense)
	channel 1: surfaceDist (dense)
	channel 2: layer_000 (sparse)
	channel 3: layer_001 (sparse)
	channel 4: layer_002 (sparse)
	channel 5: layer_003 (sparse)
	channel 6: layer_004 (sparse)
	channel 7: layer_005 (sparse)
	channel 8: layer_006 (sparse)
	channel 9: layer_007 (sparse)
	channel 10: intermedTonal_0 (sparse)
	channel 11: intermedTonal_1 (sparse)
	channel 12: intermedTonal_2 (sparse)
	channel 13: intermedTonal_3 (sparse)
	channel 14: intermedTonal_4 (sparse)
	channel 15: intermedTonal_5 (sparse)
	channel 16: intermedTonal_6 (sparse)
	channel 17: intermedTonal_7 (sparse)
	channel 18: quantizedTonal (sparse)
	channel 19: errorDiffInfo2 (sparse)
	channel 20: distanceToEmpty (sparse)
	channel 21: errorDiffInfo3 (sparse)
	channel 22: errorDiffInfo4 (sparse)
	channel 23: errorDiffInfo5 (sparse)
	channel 24: errorDiffInfo6 (sparse)
	channel 25: errorDiffInfo7 (sparse)
	channel 26: errorDiffInfo8 (sparse)
	channel 27: errorDiffInfo9 (sparse)

SliceDebugger:  runs 14:56:35
slices [160, 210):
	channel 0: material (dense)
	channel 1: occupancy (dense)

MaterialUsageEstimator:  runs 14:56:36
slices [160, 210):
	channel 0: material (dense)
	channel 1: occupancy (dense)

PrintJobVoxelizer:  runs 14:56:36

PrintJobVoxelizer: setting up slices
PrintJobVoxelizer: rasterizing objects
PrintJobVoxelizer: creating rasterizer
PrintJobVoxelizer: rasterizing object 1
PrintJobVoxelizer: rasterizing object 2
PrintJobVoxelizer: rasterizing object 3
PrintJobVoxelizer: rasterizing object 4
Rasterizer::rasterize:
	24 trials
	total = 9.88608 s
	mean  = 0.41192 s
	var   = 0.0567597 s^2, std = 0.238243 s
	min   = 0.108594 s
	max   = 0.801995 s


PrintJobVoxelizer: voxelizing objects
Object 1 ROI: [0 0 0] --> [946 303 50]
GWNSampleFloodVoxelizer: number of samples: 170
GWNSampleFloodVoxelizer: samples evaluated
GWNSampleFloodVoxelizer: adaptive threshold = 0.498039
GWNSampleFloodVoxelizer: flooding complete
Voxelization: solid angle evaluations per voxel: 0.124417

Object 2 ROI: [0 314 0] --> [946 508 50]
GWNSampleFloodVoxelizer: number of samples: 129
GWNSampleFloodVoxelizer: samples evaluated
GWNSampleFloodVoxelizer: adaptive threshold = 0.498039
GWNSampleFloodVoxelizer: flooding complete
Voxelization: solid angle evaluations per voxel: 0.173094

Object 3 ROI: [0 518 0] --> [946 822 50]
GWNSampleFloodVoxelizer: number of samples: 172
GWNSampleFloodVoxelizer: samples evaluated
GWNSampleFloodVoxelizer: adaptive threshold = 0.498039
GWNSampleFloodVoxelizer: flooding complete
Voxelization: solid angle evaluations per voxel: 0.269148

Object 4 ROI: [0 833 0] --> [946 1026 50]
GWNSampleFloodVoxelizer: number of samples: 133
GWNSampleFloodVoxelizer: samples evaluated
GWNSampleFloodVoxelizer: adaptive threshold = 0.498039
GWNSampleFloodVoxelizer: flooding complete
Voxelization: solid angle evaluations per voxel: 0.319334

GWNSampleFloodVoxelizer::voxelize:
	24 trials
	total = 53.4254 s
	mean  = 2.22606 s
	var   = 0.0993671 s^2, std = 0.315225 s
	min   = 1.58563 s
	max   = 2.7325 s

GWNSampleFloodVoxelizer::initIndicator:
	24 trials
	total = 6.31039 s
	mean  = 0.262933 s
	var   = 0.00126561 s^2, std = 0.0355754 s
	min   = 0.185132 s
	max   = 0.32813 s

GWNSampleFloodVoxelizer::selectSamples:
	24 trials
	total = 2.41102 s
	mean  = 0.100459 s
	var   = 0.000504765 s^2, std = 0.022467 s
	min   = 0.075553 s
	max   = 0.140626 s

GWNSampleFloodVoxelizer::evaluateSamples:
	24 trials
	total = 1.92094 s
	mean  = 0.0800393 s
	var   = 0.00380523 s^2, std = 0.0616866 s
	min   = 0.016012 s
	max   = 0.231846 s

GWNSampleFloodVoxelizer::flood:
	24 trials
	total = 41.4447 s
	mean  = 1.72686 s
	var   = 0.0643071 s^2, std = 0.253588 s
	min   = 1.20786 s
	max   = 2.12605 s


PrintJobVoxelizer: finalizing surfaces
PrintJobVoxelizer: 2472561 surface voxels
PrintJobVoxelizer: getting output subset
PrintJobVoxelizer: updating slice indices
SliceDebugger:  runs 14:56:47
slices [249, 299):
	channel 0: occupancy (dense)
	channel 1: opticalFeature (sparse)

TonalValueCalculator:  runs 14:56:51
slices [249, 299):
	channel 0: occupancy (dense)
	channel 1: opticalFeature (sparse)

SurfaceDistanceOrderedTransfer:  runs 14:56:51
slices [223, 299):
	channel 0: occupancy (dense)
	channel 1: surfaceDist (dense)

SurfaceDistanceOrderedTransfer: 223 249 273
SliceDebugger:  runs 14:56:57
slices [223, 273):
	channel 0: occupancy (dense)
	channel 1: surfaceDist (dense)

LayerExtractor:  runs 14:57:1
slices [221, 273):
	channel 0: occupancy (dense)
	channel 1: surfaceDist (dense)
	channel 2: layer_000 (sparse)
	channel 3: layer_001 (sparse)
	channel 4: layer_002 (sparse)
	channel 5: layer_003 (sparse)
	channel 6: layer_004 (sparse)
	channel 7: layer_005 (sparse)
	channel 8: layer_006 (sparse)
	channel 9: layer_007 (sparse)

TonalLinearizer:  runs 14:57:2
slices [222, 272):
	channel 0: occupancy (dense)
	channel 1: surfaceDist (dense)
	channel 2: layer_000 (sparse)
	channel 3: layer_001 (sparse)
	channel 4: layer_002 (sparse)
	channel 5: layer_003 (sparse)
	channel 6: layer_004 (sparse)
	channel 7: layer_005 (sparse)
	channel 8: layer_006 (sparse)
	channel 9: layer_007 (sparse)

VectorLayerHalftoner: VectorLayerHalftoner error: no tonal values available

VectorLayerHalftoner:  runs 14:57:3
slices [210, 272):
	channel 0: occupancy (dense)
	channel 1: surfaceDist (dense)
	channel 2: layer_000 (sparse)
	channel 3: layer_001 (sparse)
	channel 4: layer_002 (sparse)
	channel 5: layer_003 (sparse)
	channel 6: layer_004 (sparse)
	channel 7: layer_005 (sparse)
	channel 8: layer_006 (sparse)
	channel 9: layer_007 (sparse)
	channel 10: intermedTonal_0 (sparse)
	channel 11: intermedTonal_1 (sparse)
	channel 12: intermedTonal_2 (sparse)
	channel 13: intermedTonal_3 (sparse)
	channel 14: intermedTonal_4 (sparse)
	channel 15: intermedTonal_5 (sparse)
	channel 16: intermedTonal_6 (sparse)
	channel 17: intermedTonal_7 (sparse)
	channel 18: quantizedTonal (sparse)
	channel 19: errorDiffInfo2 (sparse)
	channel 20: distanceToEmpty (sparse)
	channel 21: errorDiffInfo3 (sparse)
	channel 22: errorDiffInfo4 (sparse)
	channel 23: errorDiffInfo5 (sparse)
	channel 24: errorDiffInfo6 (sparse)
	channel 25: errorDiffInfo7 (sparse)
	channel 26: errorDiffInfo8 (sparse)
	channel 27: errorDiffInfo9 (sparse)

SliceDebugger:  runs 14:57:24
slices [210, 260):
	channel 0: material (dense)
	channel 1: occupancy (dense)

MaterialUsageEstimator:  runs 14:57:26
slices [210, 260):
	channel 0: material (dense)
	channel 1: occupancy (dense)

PrintJobVoxelizer:  runs 14:57:26

PrintJobVoxelizer: setting up slices
PrintJobVoxelizer: rasterizing objects
PrintJobVoxelizer: creating rasterizer
PrintJobVoxelizer: rasterizing object 1
PrintJobVoxelizer: rasterizing object 2
PrintJobVoxelizer: rasterizing object 3
PrintJobVoxelizer: rasterizing object 4
Rasterizer::rasterize:
	28 trials
	total = 11.8064 s
	mean  = 0.421659 s
	var   = 0.0518077 s^2, std = 0.227613 s
	min   = 0.108594 s
	max   = 0.801995 s


PrintJobVoxelizer: voxelizing objects
Object 1 ROI: [0 0 0] --> [946 303 50]
GWNSampleFloodVoxelizer: number of samples: 171
GWNSampleFloodVoxelizer: samples evaluated
GWNSampleFloodVoxelizer: adaptive threshold = 0.498039
GWNSampleFloodVoxelizer: flooding complete
Voxelization: solid angle evaluations per voxel: 0.125418

Object 2 ROI: [0 314 0] --> [946 508 50]
GWNSampleFloodVoxelizer: number of samples: 122
GWNSampleFloodVoxelizer: samples evaluated
GWNSampleFloodVoxelizer: adaptive threshold = 0.498039
GWNSampleFloodVoxelizer: flooding complete
Voxelization: solid angle evaluations per voxel: 0.171453

Object 3 ROI: [0 518 0] --> [946 822 50]
GWNSampleFloodVoxelizer: number of samples: 173
GWNSampleFloodVoxelizer: samples evaluated
GWNSampleFloodVoxelizer: adaptive threshold = 0.498039
GWNSampleFloodVoxelizer: flooding complete
Voxelization: solid angle evaluations per voxel: 0.266155

Object 4 ROI: [0 833 0] --> [946 1026 50]
GWNSampleFloodVoxelizer: number of samples: 124
GWNSampleFloodVoxelizer: samples evaluated
GWNSampleFloodVoxelizer: adaptive threshold = 0.498039
GWNSampleFloodVoxelizer: flooding complete
Voxelization: solid angle evaluations per voxel: 0.312944

GWNSampleFloodVoxelizer::voxelize:
	28 trials
	total = 62.8927 s
	mean  = 2.24617 s
	var   = 0.103272 s^2, std = 0.32136 s
	min   = 1.58563 s
	max   = 2.7325 s

GWNSampleFloodVoxelizer::initIndicator:
	28 trials
	total = 7.25284 s
	mean  = 0.25903 s
	var   = 0.00152096 s^2, std = 0.0389995 s
	min   = 0.18263 s
	max   = 0.32813 s

GWNSampleFloodVoxelizer::selectSamples:
	28 trials
	total = 2.83785 s
	mean  = 0.101352 s
	var   = 0.000512327 s^2, std = 0.0226346 s
	min   = 0.075553 s
	max   = 0.140626 s

GWNSampleFloodVoxelizer::evaluateSamples:
	28 trials
	total = 2.18845 s
	mean  = 0.078159 s
	var   = 0.00339741 s^2, std = 0.0582873 s
	min   = 0.016012 s
	max   = 0.231846 s

GWNSampleFloodVoxelizer::flood:
	28 trials
	total = 49.0611 s
	mean  = 1.75218 s
	var   = 0.0702887 s^2, std = 0.26512 s
	min   = 1.20786 s
	max   = 2.12605 s


PrintJobVoxelizer: finalizing surfaces
PrintJobVoxelizer: 3038024 surface voxels
PrintJobVoxelizer: getting output subset
PrintJobVoxelizer: updating slice indices
SliceDebugger:  runs 14:57:38
slices [299, 349):
	channel 0: occupancy (dense)
	channel 1: opticalFeature (sparse)

TonalValueCalculator:  runs 14:57:42
slices [299, 349):
	channel 0: occupancy (dense)
	channel 1: opticalFeature (sparse)

SurfaceDistanceOrderedTransfer:  runs 14:57:42
slices [273, 349):
	channel 0: occupancy (dense)
	channel 1: surfaceDist (dense)

SurfaceDistanceOrderedTransfer: 273 299 323
SliceDebugger:  runs 14:57:48
slices [273, 323):
	channel 0: occupancy (dense)
	channel 1: surfaceDist (dense)

LayerExtractor:  runs 14:57:51
slices [271, 323):
	channel 0: occupancy (dense)
	channel 1: surfaceDist (dense)
	channel 2: layer_000 (sparse)
	channel 3: layer_001 (sparse)
	channel 4: layer_002 (sparse)
	channel 5: layer_003 (sparse)
	channel 6: layer_004 (sparse)
	channel 7: layer_005 (sparse)
	channel 8: layer_006 (sparse)
	channel 9: layer_007 (sparse)

TonalLinearizer:  runs 14:57:53
slices [272, 322):
	channel 0: occupancy (dense)
	channel 1: surfaceDist (dense)
	channel 2: layer_000 (sparse)
	channel 3: layer_001 (sparse)
	channel 4: layer_002 (sparse)
	channel 5: layer_003 (sparse)
	channel 6: layer_004 (sparse)
	channel 7: layer_005 (sparse)
	channel 8: layer_006 (sparse)
	channel 9: layer_007 (sparse)

VectorLayerHalftoner: VectorLayerHalftoner error: no tonal values available

VectorLayerHalftoner:  runs 14:57:54
slices [260, 322):
	channel 0: occupancy (dense)
	channel 1: surfaceDist (dense)
	channel 2: layer_000 (sparse)
	channel 3: layer_001 (sparse)
	channel 4: layer_002 (sparse)
	channel 5: layer_003 (sparse)
	channel 6: layer_004 (sparse)
	channel 7: layer_005 (sparse)
	channel 8: layer_006 (sparse)
	channel 9: layer_007 (sparse)
	channel 10: intermedTonal_0 (sparse)
	channel 11: intermedTonal_1 (sparse)
	channel 12: intermedTonal_2 (sparse)
	channel 13: intermedTonal_3 (sparse)
	channel 14: intermedTonal_4 (sparse)
	channel 15: intermedTonal_5 (sparse)
	channel 16: intermedTonal_6 (sparse)
	channel 17: intermedTonal_7 (sparse)
	channel 18: quantizedTonal (sparse)
	channel 19: errorDiffInfo2 (sparse)
	channel 20: distanceToEmpty (sparse)
	channel 21: errorDiffInfo3 (sparse)
	channel 22: errorDiffInfo4 (sparse)
	channel 23: errorDiffInfo5 (sparse)
	channel 24: errorDiffInfo6 (sparse)
	channel 25: errorDiffInfo7 (sparse)
	channel 26: errorDiffInfo8 (sparse)
	channel 27: errorDiffInfo9 (sparse)

SliceDebugger:  runs 14:58:17
slices [260, 310):
	channel 0: material (dense)
	channel 1: occupancy (dense)

MaterialUsageEstimator:  runs 14:58:18
slices [260, 310):
	channel 0: material (dense)
	channel 1: occupancy (dense)

PrintJobVoxelizer:  runs 14:58:19

PrintJobVoxelizer: setting up slices
PrintJobVoxelizer: rasterizing objects
PrintJobVoxelizer: creating rasterizer
PrintJobVoxelizer: rasterizing object 1
PrintJobVoxelizer: rasterizing object 2
PrintJobVoxelizer: rasterizing object 3
PrintJobVoxelizer: rasterizing object 4
Rasterizer::rasterize:
	32 trials
	total = 13.6983 s
	mean  = 0.428071 s
	var   = 0.0474109 s^2, std = 0.21774 s
	min   = 0.108594 s
	max   = 0.801995 s


PrintJobVoxelizer: voxelizing objects
Object 1 ROI: [0 0 0] --> [946 303 50]
GWNSampleFloodVoxelizer: number of samples: 145
GWNSampleFloodVoxelizer: samples evaluated
GWNSampleFloodVoxelizer: adaptive threshold = 0.498039
GWNSampleFloodVoxelizer: flooding complete
Voxelization: solid angle evaluations per voxel: 0.114331

Object 2 ROI: [0 314 0] --> [946 508 50]
GWNSampleFloodVoxelizer: number of samples: 201
GWNSampleFloodVoxelizer: samples evaluated
GWNSampleFloodVoxelizer: adaptive threshold = 0.498039
GWNSampleFloodVoxelizer: flooding complete
Voxelization: solid angle evaluations per voxel: 0.190176

Object 3 ROI: [0 518 0] --> [946 822 50]
GWNSampleFloodVoxelizer: number of samples: 141
GWNSampleFloodVoxelizer: samples evaluated
GWNSampleFloodVoxelizer: adaptive threshold = 0.498039
GWNSampleFloodVoxelizer: flooding complete
Voxelization: solid angle evaluations per voxel: 0.293181

Object 4 ROI: [0 833 0] --> [946 1026 50]
GWNSampleFloodVoxelizer: number of samples: 202
GWNSampleFloodVoxelizer: samples evaluated
GWNSampleFloodVoxelizer: adaptive threshold = 0.498039
GWNSampleFloodVoxelizer: flooding complete
Voxelization: solid angle evaluations per voxel: 0.369402

GWNSampleFloodVoxelizer::voxelize:
	32 trials
	total = 71.8623 s
	mean  = 2.2457 s
	var   = 0.101324 s^2, std = 0.318314 s
	min   = 1.58563 s
	max   = 2.7325 s

GWNSampleFloodVoxelizer::initIndicator:
	32 trials
	total = 8.22993 s
	mean  = 0.257185 s
	var   = 0.0017035 s^2, std = 0.0412735 s
	min   = 0.18263 s
	max   = 0.32813 s

GWNSampleFloodVoxelizer::selectSamples:
	32 trials
	total = 3.21642 s
	mean  = 0.100513 s
	var   = 0.000491804 s^2, std = 0.0221766 s
	min   = 0.075553 s
	max   = 0.140626 s

GWNSampleFloodVoxelizer::evaluateSamples:
	32 trials
	total = 2.47584 s
	mean  = 0.07737 s
	var   = 0.00301781 s^2, std = 0.0549346 s
	min   = 0.016012 s
	max   = 0.231846 s

GWNSampleFloodVoxelizer::flood:
	32 trials
	total = 56.1724 s
	mean  = 1.75539 s
	var   = 0.0693636 s^2, std = 0.26337 s
	min   = 1.20786 s
	max   = 2.13232 s


PrintJobVoxelizer: finalizing surfaces
PrintJobVoxelizer: 3609229 surface voxels
PrintJobVoxelizer: getting output subset
PrintJobVoxelizer: updating slice indices
SliceDebugger:  runs 14:58:30
slices [349, 399):
	channel 0: occupancy (dense)
	channel 1: opticalFeature (sparse)

TonalValueCalculator:  runs 14:58:34
slices [349, 399):
	channel 0: occupancy (dense)
	channel 1: opticalFeature (sparse)

SurfaceDistanceOrderedTransfer:  runs 14:58:34
slices [323, 399):
	channel 0: occupancy (dense)
	channel 1: surfaceDist (dense)

SurfaceDistanceOrderedTransfer: 323 349 373
SliceDebugger:  runs 14:58:40
slices [323, 373):
	channel 0: occupancy (dense)
	channel 1: surfaceDist (dense)

LayerExtractor:  runs 14:58:44
slices [321, 373):
	channel 0: occupancy (dense)
	channel 1: surfaceDist (dense)
	channel 2: layer_000 (sparse)
	channel 3: layer_001 (sparse)
	channel 4: layer_002 (sparse)
	channel 5: layer_003 (sparse)
	channel 6: layer_004 (sparse)
	channel 7: layer_005 (sparse)
	channel 8: layer_006 (sparse)
	channel 9: layer_007 (sparse)

TonalLinearizer:  runs 14:58:46
slices [322, 372):
	channel 0: occupancy (dense)
	channel 1: surfaceDist (dense)
	channel 2: layer_000 (sparse)
	channel 3: layer_001 (sparse)
	channel 4: layer_002 (sparse)
	channel 5: layer_003 (sparse)
	channel 6: layer_004 (sparse)
	channel 7: layer_005 (sparse)
	channel 8: layer_006 (sparse)
	channel 9: layer_007 (sparse)

VectorLayerHalftoner: VectorLayerHalftoner error: no tonal values available

VectorLayerHalftoner:  runs 14:58:47
slices [310, 372):
	channel 0: occupancy (dense)
	channel 1: surfaceDist (dense)
	channel 2: layer_000 (sparse)
	channel 3: layer_001 (sparse)
	channel 4: layer_002 (sparse)
	channel 5: layer_003 (sparse)
	channel 6: layer_004 (sparse)
	channel 7: layer_005 (sparse)
	channel 8: layer_006 (sparse)
	channel 9: layer_007 (sparse)
	channel 10: intermedTonal_0 (sparse)
	channel 11: intermedTonal_1 (sparse)
	channel 12: intermedTonal_2 (sparse)
	channel 13: intermedTonal_3 (sparse)
	channel 14: intermedTonal_4 (sparse)
	channel 15: intermedTonal_5 (sparse)
	channel 16: intermedTonal_6 (sparse)
	channel 17: intermedTonal_7 (sparse)
	channel 18: quantizedTonal (sparse)
	channel 19: errorDiffInfo2 (sparse)
	channel 20: distanceToEmpty (sparse)
	channel 21: errorDiffInfo3 (sparse)
	channel 22: errorDiffInfo4 (sparse)
	channel 23: errorDiffInfo5 (sparse)
	channel 24: errorDiffInfo6 (sparse)
	channel 25: errorDiffInfo7 (sparse)
	channel 26: errorDiffInfo8 (sparse)
	channel 27: errorDiffInfo9 (sparse)

SliceDebugger:  runs 14:59:10
slices [310, 360):
	channel 0: material (dense)
	channel 1: occupancy (dense)

MaterialUsageEstimator:  runs 14:59:11
slices [310, 360):
	channel 0: material (dense)
	channel 1: occupancy (dense)

PrintJobVoxelizer:  runs 14:59:12

PrintJobVoxelizer: setting up slices
PrintJobVoxelizer: rasterizing objects
PrintJobVoxelizer: creating rasterizer
PrintJobVoxelizer: rasterizing object 1
PrintJobVoxelizer: rasterizing object 2
PrintJobVoxelizer: rasterizing object 3
PrintJobVoxelizer: rasterizing object 4
Rasterizer::rasterize:
	36 trials
	total = 15.5111 s
	mean  = 0.430863 s
	var   = 0.0450466 s^2, std = 0.212242 s
	min   = 0.108594 s
	max   = 0.801995 s


PrintJobVoxelizer: voxelizing objects
Object 1 ROI: [0 0 0] --> [946 303 50]
GWNSampleFloodVoxelizer: number of samples: 124
GWNSampleFloodVoxelizer: samples evaluated
GWNSampleFloodVoxelizer: adaptive threshold = 0.498039
GWNSampleFloodVoxelizer: flooding complete
Voxelization: solid angle evaluations per voxel: 0.112624

Object 2 ROI: [0 314 0] --> [946 508 50]
GWNSampleFloodVoxelizer: number of samples: 163
GWNSampleFloodVoxelizer: samples evaluated
GWNSampleFloodVoxelizer: adaptive threshold = 0.498039
GWNSampleFloodVoxelizer: flooding complete
Voxelization: solid angle evaluations per voxel: 0.17413

Object 3 ROI: [0 518 0] --> [946 822 50]
GWNSampleFloodVoxelizer: number of samples: 125
GWNSampleFloodVoxelizer: samples evaluated
GWNSampleFloodVoxelizer: adaptive threshold = 0.498039
GWNSampleFloodVoxelizer: flooding complete
Voxelization: solid angle evaluations per voxel: 0.280139

Object 4 ROI: [0 833 0] --> [946 1026 50]
GWNSampleFloodVoxelizer: number of samples: 160
GWNSampleFloodVoxelizer: samples evaluated
GWNSampleFloodVoxelizer: adaptive threshold = 0.498039
GWNSampleFloodVoxelizer: flooding complete
Voxelization: solid angle evaluations per voxel: 0.340512

GWNSampleFloodVoxelizer::voxelize:
	36 trials
	total = 80.641 s
	mean  = 2.24003 s
	var   = 0.104645 s^2, std = 0.323489 s
	min   = 1.58563 s
	max   = 2.78096 s

GWNSampleFloodVoxelizer::initIndicator:
	36 trials
	total = 9.21653 s
	mean  = 0.256015 s
	var   = 0.00181149 s^2, std = 0.0425616 s
	min   = 0.18263 s
	max   = 0.32813 s

GWNSampleFloodVoxelizer::selectSamples:
	36 trials
	total = 3.63113 s
	mean  = 0.100865 s
	var   = 0.00048009 s^2, std = 0.0219109 s
	min   = 0.075553 s
	max   = 0.140626 s

GWNSampleFloodVoxelizer::evaluateSamples:
	36 trials
	total = 2.7446 s
	mean  = 0.076239 s
	var   = 0.00271188 s^2, std = 0.0520757 s
	min   = 0.016012 s
	max   = 0.231846 s

GWNSampleFloodVoxelizer::flood:
	36 trials
	total = 63.0749 s
	mean  = 1.75208 s
	var   = 0.0719099 s^2, std = 0.26816 s
	min   = 1.20786 s
	max   = 2.19366 s


PrintJobVoxelizer: finalizing surfaces
PrintJobVoxelizer: 4121801 surface voxels
PrintJobVoxelizer: getting output subset
PrintJobVoxelizer: updating slice indices
SliceDebugger:  runs 14:59:23
slices [399, 449):
	channel 0: occupancy (dense)
	channel 1: opticalFeature (sparse)

TonalValueCalculator:  runs 14:59:27
slices [399, 449):
	channel 0: occupancy (dense)
	channel 1: opticalFeature (sparse)

SurfaceDistanceOrderedTransfer:  runs 14:59:27
slices [373, 449):
	channel 0: occupancy (dense)
	channel 1: surfaceDist (dense)

SurfaceDistanceOrderedTransfer: 373 399 423
SliceDebugger:  runs 14:59:32
slices [373, 423):
	channel 0: occupancy (dense)
	channel 1: surfaceDist (dense)

LayerExtractor:  runs 14:59:36
slices [371, 423):
	channel 0: occupancy (dense)
	channel 1: surfaceDist (dense)
	channel 2: layer_000 (sparse)
	channel 3: layer_001 (sparse)
	channel 4: layer_002 (sparse)
	channel 5: layer_003 (sparse)
	channel 6: layer_004 (sparse)
	channel 7: layer_005 (sparse)
	channel 8: layer_006 (sparse)
	channel 9: layer_007 (sparse)

TonalLinearizer:  runs 14:59:38
slices [372, 422):
	channel 0: occupancy (dense)
	channel 1: surfaceDist (dense)
	channel 2: layer_000 (sparse)
	channel 3: layer_001 (sparse)
	channel 4: layer_002 (sparse)
	channel 5: layer_003 (sparse)
	channel 6: layer_004 (sparse)
	channel 7: layer_005 (sparse)
	channel 8: layer_006 (sparse)
	channel 9: layer_007 (sparse)

VectorLayerHalftoner: VectorLayerHalftoner error: no tonal values available

VectorLayerHalftoner:  runs 14:59:39
slices [360, 422):
	channel 0: occupancy (dense)
	channel 1: surfaceDist (dense)
	channel 2: layer_000 (sparse)
	channel 3: layer_001 (sparse)
	channel 4: layer_002 (sparse)
	channel 5: layer_003 (sparse)
	channel 6: layer_004 (sparse)
	channel 7: layer_005 (sparse)
	channel 8: layer_006 (sparse)
	channel 9: layer_007 (sparse)
	channel 10: intermedTonal_0 (sparse)
	channel 11: intermedTonal_1 (sparse)
	channel 12: intermedTonal_2 (sparse)
	channel 13: intermedTonal_3 (sparse)
	channel 14: intermedTonal_4 (sparse)
	channel 15: intermedTonal_5 (sparse)
	channel 16: intermedTonal_6 (sparse)
	channel 17: intermedTonal_7 (sparse)
	channel 18: quantizedTonal (sparse)
	channel 19: errorDiffInfo2 (sparse)
	channel 20: distanceToEmpty (sparse)
	channel 21: errorDiffInfo3 (sparse)
	channel 22: errorDiffInfo4 (sparse)
	channel 23: errorDiffInfo5 (sparse)
	channel 24: errorDiffInfo6 (sparse)
	channel 25: errorDiffInfo7 (sparse)
	channel 26: errorDiffInfo8 (sparse)
	channel 27: errorDiffInfo9 (sparse)

SliceDebugger:  runs 15:0:3
slices [360, 410):
	channel 0: material (dense)
	channel 1: occupancy (dense)

MaterialUsageEstimator:  runs 15:0:4
slices [360, 410):
	channel 0: material (dense)
	channel 1: occupancy (dense)

PrintJobVoxelizer:  runs 15:0:4

PrintJobVoxelizer: setting up slices
PrintJobVoxelizer: rasterizing objects
PrintJobVoxelizer: creating rasterizer
PrintJobVoxelizer: rasterizing object 1
PrintJobVoxelizer: rasterizing object 2
PrintJobVoxelizer: rasterizing object 3
PrintJobVoxelizer: rasterizing object 4
Rasterizer::rasterize:
	40 trials
	total = 17.0527 s
	mean  = 0.426317 s
	var   = 0.0453964 s^2, std = 0.213064 s
	min   = 0.108594 s
	max   = 0.801995 s


PrintJobVoxelizer: voxelizing objects
Object 1 ROI: [0 0 0] --> [946 303 50]
GWNSampleFloodVoxelizer: number of samples: 145
GWNSampleFloodVoxelizer: samples evaluated
GWNSampleFloodVoxelizer: adaptive threshold = 0.498039
GWNSampleFloodVoxelizer: flooding complete
Voxelization: solid angle evaluations per voxel: 0.114078

Object 2 ROI: [0 314 0] --> [946 508 50]
GWNSampleFloodVoxelizer: number of samples: 123
GWNSampleFloodVoxelizer: samples evaluated
GWNSampleFloodVoxelizer: adaptive threshold = 0.498039
GWNSampleFloodVoxelizer: flooding complete
Voxelization: solid angle evaluations per voxel: 0.160491

Object 3 ROI: [0 518 0] --> [946 822 50]
GWNSampleFloodVoxelizer: number of samples: 145
GWNSampleFloodVoxelizer: samples evaluated
GWNSampleFloodVoxelizer: adaptive threshold = 0.498039
GWNSampleFloodVoxelizer: flooding complete
Voxelization: solid angle evaluations per voxel: 0.265675

Object 4 ROI: [0 833 0] --> [946 1026 50]
GWNSampleFloodVoxelizer: number of samples: 119
GWNSampleFloodVoxelizer: samples evaluated
GWNSampleFloodVoxelizer: adaptive threshold = 0.498039
GWNSampleFloodVoxelizer: flooding complete
Voxelization: solid angle evaluations per voxel: 0.310578

GWNSampleFloodVoxelizer::voxelize:
	40 trials
	total = 88.9736 s
	mean  = 2.22434 s
	var   = 0.104593 s^2, std = 0.323409 s
	min   = 1.58563 s
	max   = 2.78096 s

GWNSampleFloodVoxelizer::initIndicator:
	40 trials
	total = 10.188 s
	mean  = 0.2547 s
	var   = 0.00182401 s^2, std = 0.0427084 s
	min   = 0.18263 s
	max   = 0.32813 s

GWNSampleFloodVoxelizer::selectSamples:
	40 trials
	total = 4.0238 s
	mean  = 0.100595 s
	var   = 0.00048332 s^2, std = 0.0219845 s
	min   = 0.075053 s
	max   = 0.140626 s

GWNSampleFloodVoxelizer::evaluateSamples:
	40 trials
	total = 2.97376 s
	mean  = 0.0743441 s
	var   = 0.00252556 s^2, std = 0.050255 s
	min   = 0.016012 s
	max   = 0.231846 s

GWNSampleFloodVoxelizer::flood:
	40 trials
	total = 69.6001 s
	mean  = 1.74 s
	var   = 0.070063 s^2, std = 0.264694 s
	min   = 1.20786 s
	max   = 2.19366 s


PrintJobVoxelizer: finalizing surfaces
PrintJobVoxelizer: 4513264 surface voxels
PrintJobVoxelizer: getting output subset
PrintJobVoxelizer: updating slice indices
SliceDebugger:  runs 15:0:15
slices [449, 499):
	channel 0: occupancy (dense)
	channel 1: opticalFeature (sparse)

TonalValueCalculator:  runs 15:0:19
slices [449, 499):
	channel 0: occupancy (dense)
	channel 1: opticalFeature (sparse)

SurfaceDistanceOrderedTransfer:  runs 15:0:19
slices [423, 499):
	channel 0: occupancy (dense)
	channel 1: surfaceDist (dense)

SurfaceDistanceOrderedTransfer: 423 449 473
SliceDebugger:  runs 15:0:24
slices [423, 473):
	channel 0: occupancy (dense)
	channel 1: surfaceDist (dense)

LayerExtractor:  runs 15:0:28
slices [421, 473):
	channel 0: occupancy (dense)
	channel 1: surfaceDist (dense)
	channel 2: layer_000 (sparse)
	channel 3: layer_001 (sparse)
	channel 4: layer_002 (sparse)
	channel 5: layer_003 (sparse)
	channel 6: layer_004 (sparse)
	channel 7: layer_005 (sparse)
	channel 8: layer_006 (sparse)
	channel 9: layer_007 (sparse)

TonalLinearizer:  runs 15:0:30
slices [422, 472):
	channel 0: occupancy (dense)
	channel 1: surfaceDist (dense)
	channel 2: layer_000 (sparse)
	channel 3: layer_001 (sparse)
	channel 4: layer_002 (sparse)
	channel 5: layer_003 (sparse)
	channel 6: layer_004 (sparse)
	channel 7: layer_005 (sparse)
	channel 8: layer_006 (sparse)
	channel 9: layer_007 (sparse)

VectorLayerHalftoner: VectorLayerHalftoner error: no tonal values available

VectorLayerHalftoner:  runs 15:0:30
slices [410, 472):
	channel 0: occupancy (dense)
	channel 1: surfaceDist (dense)
	channel 2: layer_000 (sparse)
	channel 3: layer_001 (sparse)
	channel 4: layer_002 (sparse)
	channel 5: layer_003 (sparse)
	channel 6: layer_004 (sparse)
	channel 7: layer_005 (sparse)
	channel 8: layer_006 (sparse)
	channel 9: layer_007 (sparse)
	channel 10: intermedTonal_0 (sparse)
	channel 11: intermedTonal_1 (sparse)
	channel 12: intermedTonal_2 (sparse)
	channel 13: intermedTonal_3 (sparse)
	channel 14: intermedTonal_4 (sparse)
	channel 15: intermedTonal_5 (sparse)
	channel 16: intermedTonal_6 (sparse)
	channel 17: intermedTonal_7 (sparse)
	channel 18: quantizedTonal (sparse)
	channel 19: errorDiffInfo2 (sparse)
	channel 20: distanceToEmpty (sparse)
	channel 21: errorDiffInfo3 (sparse)
	channel 22: errorDiffInfo4 (sparse)
	channel 23: errorDiffInfo5 (sparse)
	channel 24: errorDiffInfo6 (sparse)
	channel 25: errorDiffInfo7 (sparse)
	channel 26: errorDiffInfo8 (sparse)
	channel 27: errorDiffInfo9 (sparse)

SliceDebugger:  runs 15:0:46
slices [410, 460):
	channel 0: material (dense)
	channel 1: occupancy (dense)

MaterialUsageEstimator:  runs 15:0:47
slices [410, 460):
	channel 0: material (dense)
	channel 1: occupancy (dense)

PrintJobVoxelizer:  runs 15:0:48

PrintJobVoxelizer: setting up slices
PrintJobVoxelizer: rasterizing objects
PrintJobVoxelizer: creating rasterizer
PrintJobVoxelizer: rasterizing object 1
PrintJobVoxelizer: rasterizing object 2
PrintJobVoxelizer: rasterizing object 3
PrintJobVoxelizer: rasterizing object 4
Rasterizer::rasterize:
	44 trials
	total = 18.5663 s
	mean  = 0.42196 s
	var   = 0.0463225 s^2, std = 0.215227 s
	min   = 0.108594 s
	max   = 0.801995 s


PrintJobVoxelizer: voxelizing objects
Object 1 ROI: [0 0 0] --> [946 303 50]
GWNSampleFloodVoxelizer: number of samples: 168
GWNSampleFloodVoxelizer: samples evaluated
GWNSampleFloodVoxelizer: adaptive threshold = 0.498039
GWNSampleFloodVoxelizer: flooding complete
Voxelization: solid angle evaluations per voxel: 0.153427

Object 2 ROI: [0 314 0] --> [946 508 50]
GWNSampleFloodVoxelizer: number of samples: 89
GWNSampleFloodVoxelizer: samples evaluated
GWNSampleFloodVoxelizer: adaptive threshold = 0.498039
GWNSampleFloodVoxelizer: flooding complete
Voxelization: solid angle evaluations per voxel: 0.187009

Object 3 ROI: [0 518 0] --> [946 822 50]
GWNSampleFloodVoxelizer: number of samples: 172
GWNSampleFloodVoxelizer: samples evaluated
GWNSampleFloodVoxelizer: adaptive threshold = 0.498039
GWNSampleFloodVoxelizer: flooding complete
Voxelization: solid angle evaluations per voxel: 0.338623

Object 4 ROI: [0 833 0] --> [946 1026 50]
GWNSampleFloodVoxelizer: number of samples: 89
GWNSampleFloodVoxelizer: samples evaluated
GWNSampleFloodVoxelizer: adaptive threshold = 0.498039
GWNSampleFloodVoxelizer: flooding complete
Voxelization: solid angle evaluations per voxel: 0.372206

GWNSampleFloodVoxelizer::voxelize:
	44 trials
	total = 97.5448 s
	mean  = 2.21693 s
	var   = 0.104951 s^2, std = 0.323962 s
	min   = 1.58563 s
	max   = 2.78096 s

GWNSampleFloodVoxelizer::initIndicator:
	44 trials
	total = 11.2063 s
	mean  = 0.254688 s
	var   = 0.00180585 s^2, std = 0.0424954 s
	min   = 0.18263 s
	max   = 0.32813 s

GWNSampleFloodVoxelizer::selectSamples:
	44 trials
	total = 4.38974 s
	mean  = 0.0997669 s
	var   = 0.00046297 s^2, std = 0.0215167 s
	min   = 0.075053 s
	max   = 0.140626 s

GWNSampleFloodVoxelizer::evaluateSamples:
	44 trials
	total = 3.26588 s
	mean  = 0.0742246 s
	var   = 0.0025215 s^2, std = 0.0502145 s
	min   = 0.016012 s
	max   = 0.231846 s

GWNSampleFloodVoxelizer::flood:
	44 trials
	total = 76.2803 s
	mean  = 1.73364 s
	var   = 0.0688429 s^2, std = 0.262379 s
	min   = 1.20786 s
	max   = 2.19366 s


PrintJobVoxelizer: finalizing surfaces
PrintJobVoxelizer: 4881176 surface voxels
PrintJobVoxelizer: getting output subset
PrintJobVoxelizer: updating slice indices
SliceDebugger:  runs 15:0:58
slices [499, 549):
	channel 0: occupancy (dense)
	channel 1: opticalFeature (sparse)

TonalValueCalculator:  runs 15:1:2
slices [499, 549):
	channel 0: occupancy (dense)
	channel 1: opticalFeature (sparse)

SurfaceDistanceOrderedTransfer:  runs 15:1:2
slices [473, 549):
	channel 0: occupancy (dense)
	channel 1: surfaceDist (dense)

SurfaceDistanceOrderedTransfer: 473 499 523
SliceDebugger:  runs 15:1:8
slices [473, 523):
	channel 0: occupancy (dense)
	channel 1: surfaceDist (dense)

LayerExtractor:  runs 15:1:11
slices [471, 523):
	channel 0: occupancy (dense)
	channel 1: surfaceDist (dense)
	channel 2: layer_000 (sparse)
	channel 3: layer_001 (sparse)
	channel 4: layer_002 (sparse)
	channel 5: layer_003 (sparse)
	channel 6: layer_004 (sparse)
	channel 7: layer_005 (sparse)
	channel 8: layer_006 (sparse)
	channel 9: layer_007 (sparse)

TonalLinearizer:  runs 15:1:13
slices [472, 522):
	channel 0: occupancy (dense)
	channel 1: surfaceDist (dense)
	channel 2: layer_000 (sparse)
	channel 3: layer_001 (sparse)
	channel 4: layer_002 (sparse)
	channel 5: layer_003 (sparse)
	channel 6: layer_004 (sparse)
	channel 7: layer_005 (sparse)
	channel 8: layer_006 (sparse)
	channel 9: layer_007 (sparse)

VectorLayerHalftoner: VectorLayerHalftoner error: no tonal values available

VectorLayerHalftoner:  runs 15:1:13
slices [460, 522):
	channel 0: occupancy (dense)
	channel 1: surfaceDist (dense)
	channel 2: layer_000 (sparse)
	channel 3: layer_001 (sparse)
	channel 4: layer_002 (sparse)
	channel 5: layer_003 (sparse)
	channel 6: layer_004 (sparse)
	channel 7: layer_005 (sparse)
	channel 8: layer_006 (sparse)
	channel 9: layer_007 (sparse)
	channel 10: intermedTonal_0 (sparse)
	channel 11: intermedTonal_1 (sparse)
	channel 12: intermedTonal_2 (sparse)
	channel 13: intermedTonal_3 (sparse)
	channel 14: intermedTonal_4 (sparse)
	channel 15: intermedTonal_5 (sparse)
	channel 16: intermedTonal_6 (sparse)
	channel 17: intermedTonal_7 (sparse)
	channel 18: quantizedTonal (sparse)
	channel 19: errorDiffInfo2 (sparse)
	channel 20: distanceToEmpty (sparse)
	channel 21: errorDiffInfo3 (sparse)
	channel 22: errorDiffInfo4 (sparse)
	channel 23: errorDiffInfo5 (sparse)
	channel 24: errorDiffInfo6 (sparse)
	channel 25: errorDiffInfo7 (sparse)
	channel 26: errorDiffInfo8 (sparse)
	channel 27: errorDiffInfo9 (sparse)

SliceDebugger:  runs 15:1:25
slices [460, 510):
	channel 0: material (dense)
	channel 1: occupancy (dense)

MaterialUsageEstimator:  runs 15:1:26
slices [460, 510):
	channel 0: material (dense)
	channel 1: occupancy (dense)

PrintJobVoxelizer:  runs 15:1:26

PrintJobVoxelizer: setting up slices
PrintJobVoxelizer: rasterizing objects
PrintJobVoxelizer: creating rasterizer
PrintJobVoxelizer: rasterizing object 1
PrintJobVoxelizer: rasterizing object 2
PrintJobVoxelizer: rasterizing object 3
PrintJobVoxelizer: rasterizing object 4
Rasterizer::rasterize:
	48 trials
	total = 20.1274 s
	mean  = 0.41932 s
	var   = 0.0479384 s^2, std = 0.218948 s
	min   = 0.108594 s
	max   = 0.801995 s


PrintJobVoxelizer: voxelizing objects
Object 1 ROI: [0 0 0] --> [946 303 50]
GWNSampleFloodVoxelizer: number of samples: 207
GWNSampleFloodVoxelizer: samples evaluated
GWNSampleFloodVoxelizer: adaptive threshold = 0.498039
GWNSampleFloodVoxelizer: flooding complete
Voxelization: solid angle evaluations per voxel: 0.191741

Object 2 ROI: [0 314 0] --> [946 508 50]
GWNSampleFloodVoxelizer: number of samples: 83
GWNSampleFloodVoxelizer: samples evaluated
GWNSampleFloodVoxelizer: adaptive threshold = 0.498039
GWNSampleFloodVoxelizer: flooding complete
Voxelization: solid angle evaluations per voxel: 0.22306

Object 3 ROI: [0 518 0] --> [946 822 50]
GWNSampleFloodVoxelizer: number of samples: 200
GWNSampleFloodVoxelizer: samples evaluated
GWNSampleFloodVoxelizer: adaptive threshold = 0.498039
GWNSampleFloodVoxelizer: flooding complete
Voxelization: solid angle evaluations per voxel: 0.401007

Object 4 ROI: [0 833 0] --> [946 1026 50]
GWNSampleFloodVoxelizer: number of samples: 84
GWNSampleFloodVoxelizer: samples evaluated
GWNSampleFloodVoxelizer: adaptive threshold = 0.498039
GWNSampleFloodVoxelizer: flooding complete
Voxelization: solid angle evaluations per voxel: 0.432703

GWNSampleFloodVoxelizer::voxelize:
	48 trials
	total = 106.56 s
	mean  = 2.22001 s
	var   = 0.100627 s^2, std = 0.317218 s
	min   = 1.58563 s
	max   = 2.78096 s

GWNSampleFloodVoxelizer::initIndicator:
	48 trials
	total = 12.2398 s
	mean  = 0.254996 s
	var   = 0.00174999 s^2, std = 0.0418329 s
	min   = 0.18263 s
	max   = 0.32813 s

GWNSampleFloodVoxelizer::selectSamples:
	48 trials
	total = 4.76831 s
	mean  = 0.0993398 s
	var   = 0.000448464 s^2, std = 0.021177 s
	min   = 0.075053 s
	max   = 0.140626 s

GWNSampleFloodVoxelizer::evaluateSamples:
	48 trials
	total = 3.62689 s
	mean  = 0.0755603 s
	var   = 0.00272351 s^2, std = 0.0521873 s
	min   = 0.016012 s
	max   = 0.231846 s

GWNSampleFloodVoxelizer::flood:
	48 trials
	total = 83.3081 s
	mean  = 1.73558 s
	var   = 0.0644463 s^2, std = 0.253863 s
	min   = 1.20786 s
	max   = 2.19366 s


PrintJobVoxelizer: finalizing surfaces
PrintJobVoxelizer: 5233295 surface voxels
PrintJobVoxelizer: getting output subset
PrintJobVoxelizer: updating slice indices
SliceDebugger:  runs 15:1:37
slices [549, 599):
	channel 0: occupancy (dense)
	channel 1: opticalFeature (sparse)

TonalValueCalculator:  runs 15:1:41
slices [549, 599):
	channel 0: occupancy (dense)
	channel 1: opticalFeature (sparse)

SurfaceDistanceOrderedTransfer:  runs 15:1:41
slices [523, 599):
	channel 0: occupancy (dense)
	channel 1: surfaceDist (dense)

SurfaceDistanceOrderedTransfer: 523 549 573
SliceDebugger:  runs 15:1:47
slices [523, 573):
	channel 0: occupancy (dense)
	channel 1: surfaceDist (dense)

LayerExtractor:  runs 15:1:51
slices [521, 573):
	channel 0: occupancy (dense)
	channel 1: surfaceDist (dense)
	channel 2: layer_000 (sparse)
	channel 3: layer_001 (sparse)
	channel 4: layer_002 (sparse)
	channel 5: layer_003 (sparse)
	channel 6: layer_004 (sparse)
	channel 7: layer_005 (sparse)
	channel 8: layer_006 (sparse)
	channel 9: layer_007 (sparse)

TonalLinearizer:  runs 15:1:52
slices [522, 572):
	channel 0: occupancy (dense)
	channel 1: surfaceDist (dense)
	channel 2: layer_000 (sparse)
	channel 3: layer_001 (sparse)
	channel 4: layer_002 (sparse)
	channel 5: layer_003 (sparse)
	channel 6: layer_004 (sparse)
	channel 7: layer_005 (sparse)
	channel 8: layer_006 (sparse)
	channel 9: layer_007 (sparse)

VectorLayerHalftoner: VectorLayerHalftoner error: no tonal values available

VectorLayerHalftoner:  runs 15:1:52
slices [510, 572):
	channel 0: occupancy (dense)
	channel 1: surfaceDist (dense)
	channel 2: layer_000 (sparse)
	channel 3: layer_001 (sparse)
	channel 4: layer_002 (sparse)
	channel 5: layer_003 (sparse)
	channel 6: layer_004 (sparse)
	channel 7: layer_005 (sparse)
	channel 8: layer_006 (sparse)
	channel 9: layer_007 (sparse)
	channel 10: intermedTonal_0 (sparse)
	channel 11: intermedTonal_1 (sparse)
	channel 12: intermedTonal_2 (sparse)
	channel 13: intermedTonal_3 (sparse)
	channel 14: intermedTonal_4 (sparse)
	channel 15: intermedTonal_5 (sparse)
	channel 16: intermedTonal_6 (sparse)
	channel 17: intermedTonal_7 (sparse)
	channel 18: quantizedTonal (sparse)
	channel 19: errorDiffInfo2 (sparse)
	channel 20: distanceToEmpty (sparse)
	channel 21: errorDiffInfo3 (sparse)
	channel 22: errorDiffInfo4 (sparse)
	channel 23: errorDiffInfo5 (sparse)
	channel 24: errorDiffInfo6 (sparse)
	channel 25: errorDiffInfo7 (sparse)
	channel 26: errorDiffInfo8 (sparse)
	channel 27: errorDiffInfo9 (sparse)

SliceDebugger:  runs 15:2:4
slices [510, 560):
	channel 0: material (dense)
	channel 1: occupancy (dense)

MaterialUsageEstimator:  runs 15:2:5
slices [510, 560):
	channel 0: material (dense)
	channel 1: occupancy (dense)

PrintJobVoxelizer:  runs 15:2:5

PrintJobVoxelizer: setting up slices
PrintJobVoxelizer: rasterizing objects
PrintJobVoxelizer: creating rasterizer
PrintJobVoxelizer: rasterizing object 1
PrintJobVoxelizer: rasterizing object 2
PrintJobVoxelizer: rasterizing object 3
PrintJobVoxelizer: rasterizing object 4
Rasterizer::rasterize:
	52 trials
	total = 21.6634 s
	mean  = 0.416605 s
	var   = 0.0522614 s^2, std = 0.228607 s
	min   = 0.064546 s
	max   = 0.801995 s


PrintJobVoxelizer: voxelizing objects
Object 1 ROI: [0 0 0] --> [946 303 50]
GWNSampleFloodVoxelizer: number of samples: 267
GWNSampleFloodVoxelizer: samples evaluated
GWNSampleFloodVoxelizer: adaptive threshold = 0.498039
GWNSampleFloodVoxelizer: flooding complete
Voxelization: solid angle evaluations per voxel: 0.293888

Object 2 ROI: [0 314 0] --> [946 508 5]
GWNSampleFloodVoxelizer: number of samples: 20
GWNSampleFloodVoxelizer: samples evaluated
GWNSampleFloodVoxelizer: adaptive threshold = 0.498039
GWNSampleFloodVoxelizer: flooding complete
Voxelization: solid angle evaluations per voxel: 0.301435

Object 3 ROI: [0 518 0] --> [946 822 50]
GWNSampleFloodVoxelizer: number of samples: 269
GWNSampleFloodVoxelizer: samples evaluated
GWNSampleFloodVoxelizer: adaptive threshold = 0.498039
GWNSampleFloodVoxelizer: flooding complete
Voxelization: solid angle evaluations per voxel: 0.588479

Object 4 ROI: [0 833 0] --> [946 1026 5]
GWNSampleFloodVoxelizer: number of samples: 20
GWNSampleFloodVoxelizer: samples evaluated
GWNSampleFloodVoxelizer: adaptive threshold = 0.498039
GWNSampleFloodVoxelizer: flooding complete
Voxelization: solid angle evaluations per voxel: 0.596026

GWNSampleFloodVoxelizer::voxelize:
	52 trials
	total = 116.098 s
	mean  = 2.23265 s
	var   = 0.0970297 s^2, std = 0.311496 s
	min   = 1.58563 s
	max   = 2.78096 s

GWNSampleFloodVoxelizer::initIndicator:
	52 trials
	total = 13.2915 s
	mean  = 0.255606 s
	var   = 0.00168383 s^2, std = 0.0410345 s
	min   = 0.18263 s
	max   = 0.32813 s

GWNSampleFloodVoxelizer::selectSamples:
	52 trials
	total = 5.03417 s
	mean  = 0.096811 s
	var   = 0.000707358 s^2, std = 0.0265962 s
	min   = 0.008507 s
	max   = 0.140626 s

GWNSampleFloodVoxelizer::evaluateSamples:
	52 trials
	total = 4.08422 s
	mean  = 0.0785426 s
	var   = 0.00354955 s^2, std = 0.0595781 s
	min   = 0.005503 s
	max   = 0.231846 s

GWNSampleFloodVoxelizer::flood:
	52 trials
	total = 90.8581 s
	mean  = 1.74727 s
	var   = 0.0615379 s^2, std = 0.248068 s
	min   = 1.20786 s
	max   = 2.19366 s


PrintJobVoxelizer: finalizing surfaces
PrintJobVoxelizer: 5546496 surface voxels
PrintJobVoxelizer: getting output subset
PrintJobVoxelizer: updating slice indices
SliceDebugger:  runs 15:2:17
slices [599, 649):
	channel 0: occupancy (dense)
	channel 1: opticalFeature (sparse)

TonalValueCalculator:  runs 15:2:21
slices [599, 649):
	channel 0: occupancy (dense)
	channel 1: opticalFeature (sparse)

SurfaceDistanceOrderedTransfer:  runs 15:2:21
slices [573, 649):
	channel 0: occupancy (dense)
	channel 1: surfaceDist (dense)

SurfaceDistanceOrderedTransfer: 573 599 623
SliceDebugger:  runs 15:2:26
slices [573, 623):
	channel 0: occupancy (dense)
	channel 1: surfaceDist (dense)

LayerExtractor:  runs 15:2:30
slices [571, 623):
	channel 0: occupancy (dense)
	channel 1: surfaceDist (dense)
	channel 2: layer_000 (sparse)
	channel 3: layer_001 (sparse)
	channel 4: layer_002 (sparse)
	channel 5: layer_003 (sparse)
	channel 6: layer_004 (sparse)
	channel 7: layer_005 (sparse)
	channel 8: layer_006 (sparse)
	channel 9: layer_007 (sparse)

TonalLinearizer:  runs 15:2:31
slices [572, 622):
	channel 0: occupancy (dense)
	channel 1: surfaceDist (dense)
	channel 2: layer_000 (sparse)
	channel 3: layer_001 (sparse)
	channel 4: layer_002 (sparse)
	channel 5: layer_003 (sparse)
	channel 6: layer_004 (sparse)
	channel 7: layer_005 (sparse)
	channel 8: layer_006 (sparse)
	channel 9: layer_007 (sparse)

VectorLayerHalftoner: VectorLayerHalftoner error: no tonal values available

VectorLayerHalftoner:  runs 15:2:32
slices [560, 622):
	channel 0: occupancy (dense)
	channel 1: surfaceDist (dense)
	channel 2: layer_000 (sparse)
	channel 3: layer_001 (sparse)
	channel 4: layer_002 (sparse)
	channel 5: layer_003 (sparse)
	channel 6: layer_004 (sparse)
	channel 7: layer_005 (sparse)
	channel 8: layer_006 (sparse)
	channel 9: layer_007 (sparse)
	channel 10: intermedTonal_0 (sparse)
	channel 11: intermedTonal_1 (sparse)
	channel 12: intermedTonal_2 (sparse)
	channel 13: intermedTonal_3 (sparse)
	channel 14: intermedTonal_4 (sparse)
	channel 15: intermedTonal_5 (sparse)
	channel 16: intermedTonal_6 (sparse)
	channel 17: intermedTonal_7 (sparse)
	channel 18: quantizedTonal (sparse)
	channel 19: errorDiffInfo2 (sparse)
	channel 20: distanceToEmpty (sparse)
	channel 21: errorDiffInfo3 (sparse)
	channel 22: errorDiffInfo4 (sparse)
	channel 23: errorDiffInfo5 (sparse)
	channel 24: errorDiffInfo6 (sparse)
	channel 25: errorDiffInfo7 (sparse)
	channel 26: errorDiffInfo8 (sparse)
	channel 27: errorDiffInfo9 (sparse)

SliceDebugger:  runs 15:2:42
slices [560, 610):
	channel 0: material (dense)
	channel 1: occupancy (dense)

MaterialUsageEstimator:  runs 15:2:43
slices [560, 610):
	channel 0: material (dense)
	channel 1: occupancy (dense)

PrintJobVoxelizer:  runs 15:2:43

PrintJobVoxelizer: setting up slices
PrintJobVoxelizer: rasterizing objects
PrintJobVoxelizer: creating rasterizer
PrintJobVoxelizer: rasterizing object 1
PrintJobVoxelizer: rasterizing object 2
PrintJobVoxelizer: rasterizing object 3
PrintJobVoxelizer: rasterizing object 4
Rasterizer::rasterize:
	56 trials
	total = 22.9058 s
	mean  = 0.409033 s
	var   = 0.0561006 s^2, std = 0.236856 s
	min   = 0.003002 s
	max   = 0.801995 s


PrintJobVoxelizer: voxelizing objects
Object 1 ROI: [0 0 0] --> [946 303 50]
GWNSampleFloodVoxelizer: number of samples: 216
GWNSampleFloodVoxelizer: samples evaluated
GWNSampleFloodVoxelizer: adaptive threshold = 0.498039
GWNSampleFloodVoxelizer: flooding complete
Voxelization: solid angle evaluations per voxel: 0.229212

Object 2 ROI: [0 314 0] --> [946 508 0]
GWNSampleFloodVoxelizer: number of samples: 0
GWNSampleFloodVoxelizer: samples evaluated
GWNSampleFloodVoxelizer: adaptive threshold = 0.498039
GWNSampleFloodVoxelizer: flooding complete
Voxelization: solid angle evaluations per voxel: 0.229212

Object 3 ROI: [0 518 0] --> [946 822 50]
GWNSampleFloodVoxelizer: number of samples: 213
GWNSampleFloodVoxelizer: samples evaluated
GWNSampleFloodVoxelizer: adaptive threshold = 0.498039
GWNSampleFloodVoxelizer: flooding complete
Voxelization: solid angle evaluations per voxel: 0.448078

Object 4 ROI: [0 833 0] --> [946 1026 0]
GWNSampleFloodVoxelizer: number of samples: 0
GWNSampleFloodVoxelizer: samples evaluated
GWNSampleFloodVoxelizer: adaptive threshold = 0.498039
GWNSampleFloodVoxelizer: flooding complete
Voxelization: solid angle evaluations per voxel: 0.448078

GWNSampleFloodVoxelizer::voxelize:
	56 trials
	total = 121.566 s
	mean  = 2.17083 s
	var   = 0.221731 s^2, std = 0.470883 s
	min   = 0.303716 s
	max   = 2.78096 s

GWNSampleFloodVoxelizer::initIndicator:
	56 trials
	total = 14.358 s
	mean  = 0.256393 s
	var   = 0.00157885 s^2, std = 0.0397347 s
	min   = 0.18263 s
	max   = 0.32813 s

GWNSampleFloodVoxelizer::selectSamples:
	56 trials
	total = 5.25613 s
	mean  = 0.0938594 s
	var   = 0.000995248 s^2, std = 0.0315476 s
	min   = 0 s
	max   = 0.140626 s

GWNSampleFloodVoxelizer::evaluateSamples:
	56 trials
	total = 4.44434 s
	mean  = 0.0793633 s
	var   = 0.00389184 s^2, std = 0.0623846 s
	min   = 0 s
	max   = 0.231846 s

GWNSampleFloodVoxelizer::flood:
	56 trials
	total = 94.4619 s
	mean  = 1.68682 s
	var   = 0.16447 s^2, std = 0.405549 s
	min   = 0 s
	max   = 2.19366 s


PrintJobVoxelizer: finalizing surfaces
PrintJobVoxelizer: 5790279 surface voxels
PrintJobVoxelizer: getting output subset
PrintJobVoxelizer: updating slice indices
SliceDebugger:  runs 15:2:50
slices [649, 699):
	channel 0: occupancy (dense)
	channel 1: opticalFeature (sparse)

TonalValueCalculator:  runs 15:2:54
slices [649, 699):
	channel 0: occupancy (dense)
	channel 1: opticalFeature (sparse)

SurfaceDistanceOrderedTransfer:  runs 15:2:54
slices [623, 699):
	channel 0: occupancy (dense)
	channel 1: surfaceDist (dense)

SurfaceDistanceOrderedTransfer: 623 649 673
SliceDebugger:  runs 15:3:0
slices [623, 673):
	channel 0: occupancy (dense)
	channel 1: surfaceDist (dense)

LayerExtractor:  runs 15:3:4
slices [621, 673):
	channel 0: occupancy (dense)
	channel 1: surfaceDist (dense)
	channel 2: layer_000 (sparse)
	channel 3: layer_001 (sparse)
	channel 4: layer_002 (sparse)
	channel 5: layer_003 (sparse)
	channel 6: layer_004 (sparse)
	channel 7: layer_005 (sparse)
	channel 8: layer_006 (sparse)
	channel 9: layer_007 (sparse)

TonalLinearizer:  runs 15:3:5
slices [622, 672):
	channel 0: occupancy (dense)
	channel 1: surfaceDist (dense)
	channel 2: layer_000 (sparse)
	channel 3: layer_001 (sparse)
	channel 4: layer_002 (sparse)
	channel 5: layer_003 (sparse)
	channel 6: layer_004 (sparse)
	channel 7: layer_005 (sparse)
	channel 8: layer_006 (sparse)
	channel 9: layer_007 (sparse)

VectorLayerHalftoner: VectorLayerHalftoner error: no tonal values available

VectorLayerHalftoner:  runs 15:3:5
slices [610, 672):
	channel 0: occupancy (dense)
	channel 1: surfaceDist (dense)
	channel 2: layer_000 (sparse)
	channel 3: layer_001 (sparse)
	channel 4: layer_002 (sparse)
	channel 5: layer_003 (sparse)
	channel 6: layer_004 (sparse)
	channel 7: layer_005 (sparse)
	channel 8: layer_006 (sparse)
	channel 9: layer_007 (sparse)
	channel 10: intermedTonal_0 (sparse)
	channel 11: intermedTonal_1 (sparse)
	channel 12: intermedTonal_2 (sparse)
	channel 13: intermedTonal_3 (sparse)
	channel 14: intermedTonal_4 (sparse)
	channel 15: intermedTonal_5 (sparse)
	channel 16: intermedTonal_6 (sparse)
	channel 17: intermedTonal_7 (sparse)
	channel 18: quantizedTonal (sparse)
	channel 19: errorDiffInfo2 (sparse)
	channel 20: distanceToEmpty (sparse)
	channel 21: errorDiffInfo3 (sparse)
	channel 22: errorDiffInfo4 (sparse)
	channel 23: errorDiffInfo5 (sparse)
	channel 24: errorDiffInfo6 (sparse)
	channel 25: errorDiffInfo7 (sparse)
	channel 26: errorDiffInfo8 (sparse)
	channel 27: errorDiffInfo9 (sparse)

SliceDebugger:  runs 15:3:14
slices [610, 660):
	channel 0: material (dense)
	channel 1: occupancy (dense)

MaterialUsageEstimator:  runs 15:3:15
slices [610, 660):
	channel 0: material (dense)
	channel 1: occupancy (dense)

PrintJobVoxelizer:  runs 15:3:15

PrintJobVoxelizer: setting up slices
PrintJobVoxelizer: rasterizing objects
PrintJobVoxelizer: creating rasterizer
PrintJobVoxelizer: rasterizing object 1
PrintJobVoxelizer: rasterizing object 2
PrintJobVoxelizer: rasterizing object 3
PrintJobVoxelizer: rasterizing object 4
Rasterizer::rasterize:
	60 trials
	total = 23.5278 s
	mean  = 0.392129 s
	var   = 0.0579466 s^2, std = 0.240721 s
	min   = 0.002501 s
	max   = 0.801995 s


PrintJobVoxelizer: voxelizing objects
Object 1 ROI: [0 0 0] --> [946 303 50]
GWNSampleFloodVoxelizer: number of samples: 103
GWNSampleFloodVoxelizer: samples evaluated
GWNSampleFloodVoxelizer: adaptive threshold = 0.498039
GWNSampleFloodVoxelizer: flooding complete
Voxelization: solid angle evaluations per voxel: 0.0691552

Object 2 ROI: [0 314 0] --> [946 508 0]
GWNSampleFloodVoxelizer: number of samples: 0
GWNSampleFloodVoxelizer: samples evaluated
GWNSampleFloodVoxelizer: adaptive threshold = 0.498039
GWNSampleFloodVoxelizer: flooding complete
Voxelization: solid angle evaluations per voxel: 0.0691552

Object 3 ROI: [0 518 0] --> [946 822 50]
GWNSampleFloodVoxelizer: number of samples: 108
GWNSampleFloodVoxelizer: samples evaluated
GWNSampleFloodVoxelizer: adaptive threshold = 0.498039
GWNSampleFloodVoxelizer: flooding complete
Voxelization: solid angle evaluations per voxel: 0.136949

Object 4 ROI: [0 833 0] --> [946 1026 0]
GWNSampleFloodVoxelizer: number of samples: 0
GWNSampleFloodVoxelizer: samples evaluated
GWNSampleFloodVoxelizer: adaptive threshold = 0.498039
GWNSampleFloodVoxelizer: flooding complete
Voxelization: solid angle evaluations per voxel: 0.136949

GWNSampleFloodVoxelizer::voxelize:
	60 trials
	total = 127.201 s
	mean  = 2.12001 s
	var   = 0.319146 s^2, std = 0.56493 s
	min   = 0.303716 s
	max   = 2.78096 s

GWNSampleFloodVoxelizer::initIndicator:
	60 trials
	total = 15.5062 s
	mean  = 0.258436 s
	var   = 0.00154914 s^2, std = 0.0393591 s
	min   = 0.18263 s
	max   = 0.32813 s

GWNSampleFloodVoxelizer::selectSamples:
	60 trials
	total = 5.4961 s
	mean  = 0.0916016 s
	var   = 0.00124817 s^2, std = 0.0353295 s
	min   = 0 s
	max   = 0.140626 s

GWNSampleFloodVoxelizer::evaluateSamples:
	60 trials
	total = 4.57039 s
	mean  = 0.0761732 s
	var   = 0.0038402 s^2, std = 0.0619694 s
	min   = 0 s
	max   = 0.231846 s

GWNSampleFloodVoxelizer::flood:
	60 trials
	total = 98.3265 s
	mean  = 1.63877 s
	var   = 0.249977 s^2, std = 0.499977 s
	min   = 0 s
	max   = 2.19366 s


PrintJobVoxelizer: finalizing surfaces
PrintJobVoxelizer: 5876099 surface voxels
PrintJobVoxelizer: getting output subset
PrintJobVoxelizer: updating slice indices
SliceDebugger:  runs 15:3:22
slices [699, 749):
	channel 0: occupancy (dense)
	channel 1: opticalFeature (sparse)

TonalValueCalculator:  runs 15:3:26
slices [699, 749):
	channel 0: occupancy (dense)
	channel 1: opticalFeature (sparse)

SurfaceDistanceOrderedTransfer:  runs 15:3:26
slices [673, 749):
	channel 0: occupancy (dense)
	channel 1: surfaceDist (dense)

SurfaceDistanceOrderedTransfer: 673 699 723
SliceDebugger:  runs 15:3:32
slices [673, 723):
	channel 0: occupancy (dense)
	channel 1: surfaceDist (dense)

LayerExtractor:  runs 15:3:35
slices [671, 723):
	channel 0: occupancy (dense)
	channel 1: surfaceDist (dense)
	channel 2: layer_000 (sparse)
	channel 3: layer_001 (sparse)
	channel 4: layer_002 (sparse)
	channel 5: layer_003 (sparse)
	channel 6: layer_004 (sparse)
	channel 7: layer_005 (sparse)
	channel 8: layer_006 (sparse)
	channel 9: layer_007 (sparse)

TonalLinearizer:  runs 15:3:36
slices [672, 722):
	channel 0: occupancy (dense)
	channel 1: surfaceDist (dense)
	channel 2: layer_000 (sparse)
	channel 3: layer_001 (sparse)
	channel 4: layer_002 (sparse)
	channel 5: layer_003 (sparse)
	channel 6: layer_004 (sparse)
	channel 7: layer_005 (sparse)
	channel 8: layer_006 (sparse)
	channel 9: layer_007 (sparse)

VectorLayerHalftoner: VectorLayerHalftoner error: no tonal values available

VectorLayerHalftoner:  runs 15:3:36
slices [660, 722):
	channel 0: occupancy (dense)
	channel 1: surfaceDist (dense)
	channel 2: layer_000 (sparse)
	channel 3: layer_001 (sparse)
	channel 4: layer_002 (sparse)
	channel 5: layer_003 (sparse)
	channel 6: layer_004 (sparse)
	channel 7: layer_005 (sparse)
	channel 8: layer_006 (sparse)
	channel 9: layer_007 (sparse)
	channel 10: intermedTonal_0 (sparse)
	channel 11: intermedTonal_1 (sparse)
	channel 12: intermedTonal_2 (sparse)
	channel 13: intermedTonal_3 (sparse)
	channel 14: intermedTonal_4 (sparse)
	channel 15: intermedTonal_5 (sparse)
	channel 16: intermedTonal_6 (sparse)
	channel 17: intermedTonal_7 (sparse)
	channel 18: quantizedTonal (sparse)
	channel 19: errorDiffInfo2 (sparse)
	channel 20: distanceToEmpty (sparse)
	channel 21: errorDiffInfo3 (sparse)
	channel 22: errorDiffInfo4 (sparse)
	channel 23: errorDiffInfo5 (sparse)
	channel 24: errorDiffInfo6 (sparse)
	channel 25: errorDiffInfo7 (sparse)
	channel 26: errorDiffInfo8 (sparse)
	channel 27: errorDiffInfo9 (sparse)

SliceDebugger:  runs 15:3:42
slices [660, 710):
	channel 0: material (dense)
	channel 1: occupancy (dense)

MaterialUsageEstimator:  runs 15:3:43
slices [660, 710):
	channel 0: material (dense)
	channel 1: occupancy (dense)

PrintJobVoxelizer:  runs 15:3:43

PrintJobVoxelizer: setting up slices
PrintJobVoxelizer: rasterizing objects
PrintJobVoxelizer: creating rasterizer
PrintJobVoxelizer: rasterizing object 1
PrintJobVoxelizer: rasterizing object 2
PrintJobVoxelizer: rasterizing object 3
PrintJobVoxelizer: rasterizing object 4
Rasterizer::rasterize:
	64 trials
	total = 23.8185 s
	mean  = 0.372164 s
	var   = 0.0606524 s^2, std = 0.246277 s
	min   = 0.002501 s
	max   = 0.801995 s


PrintJobVoxelizer: voxelizing objects
Object 1 ROI: [0 0 0] --> [946 303 27]
GWNSampleFloodVoxelizer: number of samples: 86
GWNSampleFloodVoxelizer: samples evaluated
GWNSampleFloodVoxelizer: adaptive threshold = 0.498039
GWNSampleFloodVoxelizer: flooding complete
Voxelization: solid angle evaluations per voxel: 0.0448238

Object 2 ROI: [0 314 0] --> [946 508 0]
GWNSampleFloodVoxelizer: number of samples: 0
GWNSampleFloodVoxelizer: samples evaluated
GWNSampleFloodVoxelizer: adaptive threshold = 0.498039
GWNSampleFloodVoxelizer: flooding complete
Voxelization: solid angle evaluations per voxel: 0.0448238

Object 3 ROI: [0 518 0] --> [946 822 27]
GWNSampleFloodVoxelizer: number of samples: 86
GWNSampleFloodVoxelizer: samples evaluated
GWNSampleFloodVoxelizer: adaptive threshold = 0.498039
GWNSampleFloodVoxelizer: flooding complete
Voxelization: solid angle evaluations per voxel: 0.0788501

Object 4 ROI: [0 833 0] --> [946 1026 0]
GWNSampleFloodVoxelizer: number of samples: 0
GWNSampleFloodVoxelizer: samples evaluated
GWNSampleFloodVoxelizer: adaptive threshold = 0.498039
GWNSampleFloodVoxelizer: flooding complete
Voxelization: solid angle evaluations per voxel: 0.0788501

GWNSampleFloodVoxelizer::voxelize:
	64 trials
	total = 130.469 s
	mean  = 2.03858 s
	var   = 0.425547 s^2, std = 0.65234 s
	min   = 0.18513 s
	max   = 2.78096 s

GWNSampleFloodVoxelizer::initIndicator:
	64 trials
	total = 16.1449 s
	mean  = 0.252264 s
	var   = 0.00203455 s^2, std = 0.045106 s
	min   = 0.154108 s
	max   = 0.32813 s

GWNSampleFloodVoxelizer::selectSamples:
	64 trials
	total = 5.64477 s
	mean  = 0.0881996 s
	var   = 0.00143235 s^2, std = 0.0378464 s
	min   = 0 s
	max   = 0.140626 s

GWNSampleFloodVoxelizer::evaluateSamples:
	64 trials
	total = 4.62466 s
	mean  = 0.0722603 s
	var   = 0.00384191 s^2, std = 0.0619832 s
	min   = 0 s
	max   = 0.231846 s

GWNSampleFloodVoxelizer::flood:
	64 trials
	total = 100.629 s
	mean  = 1.57233 s
	var   = 0.322688 s^2, std = 0.568056 s
	min   = 0 s
	max   = 2.19366 s


PrintJobVoxelizer: finalizing surfaces
PrintJobVoxelizer: 5887543 surface voxels
PrintJobVoxelizer: getting output subset
PrintJobVoxelizer: updating slice indices
SliceDebugger:  runs 15:3:47
slices [749, 777):
	channel 0: occupancy (dense)
	channel 1: opticalFeature (sparse)

TonalValueCalculator:  runs 15:3:49
slices [749, 777):
	channel 0: occupancy (dense)
	channel 1: opticalFeature (sparse)

SurfaceDistanceOrderedTransfer:  runs 15:3:49
slices [723, 777):
	channel 0: occupancy (dense)
	channel 1: surfaceDist (dense)

SurfaceDistanceOrderedTransfer: 723 749 777
SliceDebugger:  runs 15:3:55
slices [723, 777):
	channel 0: occupancy (dense)
	channel 1: surfaceDist (dense)

LayerExtractor:  runs 15:3:59
slices [721, 777):
	channel 0: occupancy (dense)
	channel 1: surfaceDist (dense)
	channel 2: layer_000 (sparse)
	channel 3: layer_001 (sparse)
	channel 4: layer_002 (sparse)
	channel 5: layer_003 (sparse)
	channel 6: layer_004 (sparse)
	channel 7: layer_005 (sparse)
	channel 8: layer_006 (sparse)
	channel 9: layer_007 (sparse)

TonalLinearizer:  runs 15:3:59
slices [722, 777):
	channel 0: occupancy (dense)
	channel 1: surfaceDist (dense)
	channel 2: layer_000 (sparse)
	channel 3: layer_001 (sparse)
	channel 4: layer_002 (sparse)
	channel 5: layer_003 (sparse)
	channel 6: layer_004 (sparse)
	channel 7: layer_005 (sparse)
	channel 8: layer_006 (sparse)
	channel 9: layer_007 (sparse)

VectorLayerHalftoner: VectorLayerHalftoner error: no tonal values available

VectorLayerHalftoner:  runs 15:3:59
slices [710, 777):
	channel 0: occupancy (dense)
	channel 1: surfaceDist (dense)
	channel 2: layer_000 (sparse)
	channel 3: layer_001 (sparse)
	channel 4: layer_002 (sparse)
	channel 5: layer_003 (sparse)
	channel 6: layer_004 (sparse)
	channel 7: layer_005 (sparse)
	channel 8: layer_006 (sparse)
	channel 9: layer_007 (sparse)
	channel 10: intermedTonal_0 (sparse)
	channel 11: intermedTonal_1 (sparse)
	channel 12: intermedTonal_2 (sparse)
	channel 13: intermedTonal_3 (sparse)
	channel 14: intermedTonal_4 (sparse)
	channel 15: intermedTonal_5 (sparse)
	channel 16: intermedTonal_6 (sparse)
	channel 17: intermedTonal_7 (sparse)
	channel 18: quantizedTonal (sparse)
	channel 19: errorDiffInfo2 (sparse)
	channel 20: distanceToEmpty (sparse)
	channel 21: errorDiffInfo3 (sparse)
	channel 22: errorDiffInfo4 (sparse)
	channel 23: errorDiffInfo5 (sparse)
	channel 24: errorDiffInfo6 (sparse)
	channel 25: errorDiffInfo7 (sparse)
	channel 26: errorDiffInfo8 (sparse)
	channel 27: errorDiffInfo9 (sparse)

SliceDebugger:  runs 15:4:4
slices [710, 777):
	channel 0: material (dense)
	channel 1: occupancy (dense)

MaterialUsageEstimator:  runs 15:4:6
slices [710, 777):
	channel 0: material (dense)
	channel 1: occupancy (dense)

MaterialUsageEstimator:  [QUIET WARNING] large change in non-empty count in slice 773: -129

MaterialUsageEstimator:  [QUIET WARNING] large change in non-empty count in slice 774: -123

MaterialUsageEstimator:  [QUIET WARNING] large change in non-empty count in slice 775: -121

MaterialUsageEstimator:  [QUIET WARNING] large change in non-empty count in slice 776: -98

MaterialUsageEstimator: print job uses:
	2.12249ml of VeroCyan
	137.558ml of VeroWhite
	3.58712ml of VeroMagenta
	13.8538ml of VeroYellow
	1.10167ml of VeroBlack
	0ml of Support
print job uses:
204210677 voxels assigned a material (non-empty)

Computation finished 

Status: success
Total execution time in seconds 637.693

