SlavePrintingSoftware::startUp:
	1 trials
	total = 0.285105 s
	mean  = 0.285105 s
	var   = 0 s^2, std = 0 s
	min   = 0.285105 s
	max   = 0.285105 s

PrintingSoftware::execute:
	1 trials
	total = 173.855 s
	mean  = 173.855 s
	var   = 0 s^2, std = 0 s
	min   = 173.855 s
	max   = 173.855 s

SlavePrintingSoftware::communicateData:
	7 trials
	total = 0.031255 s
	mean  = 0.004465 s
	var   = 5.81473e-005 s^2, std = 0.00762544 s
	min   = 0 s
	max   = 0.015629 s

SlavePJCollector::deserialize:
	3 trials
	total = 0.044118 s
	mean  = 0.014706 s
	var   = 0.00010364 s^2, std = 0.0101804 s
	min   = 0.003008 s
	max   = 0.021559 s

SlavePJCollector::Receive:
	11 trials
	total = 23.5825 s
	mean  = 2.14387 s
	var   = 38.6262 s^2, std = 6.215 s
	min   = 0 s
	max   = 20.8192 s

PrintJobOrganizer::setInput:
	1 trials
	total = 0 s
	mean  = 0 s
	var   = 0 s^2, std = 0 s
	min   = 0 s
	max   = 0 s

PrintJobOrganizer::runInternal:
	1 trials
	total = 0.200062 s
	mean  = 0.200062 s
	var   = 0 s^2, std = 0 s
	min   = 0.200062 s
	max   = 0.200062 s

PrintJobPreprocessor::setInput:
	1 trials
	total = 0 s
	mean  = 0 s
	var   = 0 s^2, std = 0 s
	min   = 0 s
	max   = 0 s

PrintJobPreprocessor::runInternal:
	1 trials
	total = 0.962954 s
	mean  = 0.962954 s
	var   = 0 s^2, std = 0 s
	min   = 0.962954 s
	max   = 0.962954 s

PrintJobVoxelizer::setInput:
	16 trials
	total = 0 s
	mean  = 0 s
	var   = 0 s^2, std = 0 s
	min   = 0 s
	max   = 0 s

PrintJobVoxelizer::runInternal:
	16 trials
	total = 44.4523 s
	mean  = 2.77827 s
	var   = 0.348963 s^2, std = 0.590731 s
	min   = 1.10997 s
	max   = 3.24026 s

PrintJobVoxelizer::rasterizeObjects:
	16 trials
	total = 12.8881 s
	mean  = 0.805505 s
	var   = 0.0585843 s^2, std = 0.242042 s
	min   = 0.249161 s
	max   = 1.0455 s

PrintJobVoxelizer::voxelizeObjects:
	16 trials
	total = 29.9087 s
	mean  = 1.8693 s
	var   = 0.145991 s^2, std = 0.382088 s
	min   = 0.805073 s
	max   = 2.1695 s

PrintJobVoxelizer::finalizeSurfaces:
	16 trials
	total = 0.493957 s
	mean  = 0.0308723 s
	var   = 4.69977e-005 s^2, std = 0.00685549 s
	min   = 0.015628 s
	max   = 0.039605 s

TonalValueCalculator::setInput:
	16 trials
	total = 0 s
	mean  = 0 s
	var   = 0 s^2, std = 0 s
	min   = 0 s
	max   = 0 s

TonalValueCalculator::runInternal:
	16 trials
	total = 0.356515 s
	mean  = 0.0222822 s
	var   = 0.000149431 s^2, std = 0.0122242 s
	min   = 0 s
	max   = 0.042613 s

SurfaceDistanceOrderedTransfer::setInput:
	16 trials
	total = 0.001003 s
	mean  = 6.26875e-005 s
	var   = 2.9342e-008 s^2, std = 0.000171295 s
	min   = 0 s
	max   = 0.000502 s

SurfaceDistanceOrderedTransfer::runInternal:
	16 trials
	total = 20.9214 s
	mean  = 1.30759 s
	var   = 0.0326438 s^2, std = 0.180676 s
	min   = 0.72089 s
	max   = 1.4295 s

SurfaceDistanceOrderedTransfer::buildOrderedSurfaceData:
	16 trials
	total = 0.471426 s
	mean  = 0.0294641 s
	var   = 0.00264581 s^2, std = 0.0514374 s
	min   = 0 s
	max   = 0.218465 s

SurfaceDistanceOrderedTransfer::fillDistanceChannel:
	16 trials
	total = 1.78642 s
	mean  = 0.111651 s
	var   = 0.000300475 s^2, std = 0.0173342 s
	min   = 0.048423 s
	max   = 0.124408 s

SurfaceDistanceOrderedTransfer::transfer:
	16 trials
	total = 17.9309 s
	mean  = 1.12068 s
	var   = 0.0389233 s^2, std = 0.19729 s
	min   = 0.449994 s
	max   = 1.26897 s

SurfaceDistanceOrderedTransfer::mergeDistances:
	32 trials
	total = 1.68994 s
	mean  = 0.0528107 s
	var   = 0.000191892 s^2, std = 0.0138525 s
	min   = 0.031254 s
	max   = 0.076049 s

SurfaceDistanceOrderedTransfer::applySqrt:
	16 trials
	total = 0.729306 s
	mean  = 0.0455816 s
	var   = 0.000709545 s^2, std = 0.0266373 s
	min   = 0.004008 s
	max   = 0.095831 s

LayerExtractor::setInput:
	16 trials
	total = 0.001002 s
	mean  = 6.2625e-005 s
	var   = 2.92835e-008 s^2, std = 0.000171124 s
	min   = 0 s
	max   = 0.000501 s

LayerExtractor::runInternal:
	16 trials
	total = 9.17933 s
	mean  = 0.573708 s
	var   = 0.0455041 s^2, std = 0.213317 s
	min   = 0.100458 s
	max   = 0.810065 s

VectorLayerHalftoner::setInput:
	16 trials
	total = 0.022903 s
	mean  = 0.00143144 s
	var   = 1.44869e-005 s^2, std = 0.00380617 s
	min   = 0 s
	max   = 0.015627 s

VectorLayerHalftoner::runInternal:
	16 trials
	total = 66.4748 s
	mean  = 4.15467 s
	var   = 3.09371 s^2, std = 1.75889 s
	min   = 0.729699 s
	max   = 6.59128 s

VectorLayerHalftoner(0)::setupOutputContainerSlaveReporter::serializeSlice:
	777 trials
	total = 1.91208 s
	mean  = 0.00246085 s
	var   = 6.1189e-006 s^2, std = 0.00247364 s
	min   = 0 s
	max   = 0.017138 s

SlaveReporter::Send:
	2351 trials
	total = 0.369067 s
	mean  = 0.000156983 s
	var   = 5.28132e-007 s^2, std = 0.000726727 s
	min   = 0 s
	max   = 0.015697 s

SlaveReporter::CompressData:
	777 trials
	total = 4.25307 s
	mean  = 0.0054737 s
	var   = 8.56002e-006 s^2, std = 0.00292575 s
	min   = 0 s
	max   = 0.019669 s

