Warning:json file inside profile could not be parsed 

GL version: 4.4.0

Warning: there is no json file embedded inside profile 

FileParserPJ: initializing
PrintJobOrganizer: initializing
MasterPJDistributor: initializing
MasterMerger: initializing
SliceDebugger: initializing
FileParserPJ:  runs 15:28:7

FileParserPJ: loading OBJ file

244921 vertices
489840 faces

FileParserPJ: 245383 texture coordinates

FileParserPJ: 245383 vertices after duplication

FileParserPJ: //filer-igd2.igd.fraunhofer.de/igd-3dt/shared/3DModels/Head/HeadMTL/Head_Level3.obj parsed: 245383 vertices and 489840 faces

FileParserPJ: loading jpg file

FileParserPJ: loading OBJ file

9992 vertices
18312 faces

FileParserPJ: 9437 texture coordinates

FileParserPJ: //filer-igd2.igd.fraunhofer.de/igd-3dt/shared/3DModels/Dame/Dame.obj parsed: 9992 vertices and 18312 faces

FileParserPJ: loading jpg file

FileParserPJ: loading OBJ file

244921 vertices
489840 faces

FileParserPJ: 245383 texture coordinates

FileParserPJ: 245383 vertices after duplication

FileParserPJ: //filer-igd2.igd.fraunhofer.de/igd-3dt/shared/3DModels/Head/HeadMTL/Head_Level3.obj parsed: 245383 vertices and 489840 faces

FileParserPJ: loading jpg file

FileParserPJ: loading OBJ file

9992 vertices
18312 faces

FileParserPJ: 9437 texture coordinates

FileParserPJ: //filer-igd2.igd.fraunhofer.de/igd-3dt/shared/3DModels/Dame/Dame.obj parsed: 9992 vertices and 18312 faces

FileParserPJ: loading jpg file

FileParserPJ: loading OBJ file

244921 vertices
489840 faces

FileParserPJ: 245383 texture coordinates

FileParserPJ: 245383 vertices after duplication

FileParserPJ: //filer-igd2.igd.fraunhofer.de/igd-3dt/shared/3DModels/Head/HeadMTL/Head_Level3.obj parsed: 245383 vertices and 489840 faces

FileParserPJ: loading jpg file

FileParserPJ: loading OBJ file

9992 vertices
18312 faces

FileParserPJ: 9437 texture coordinates

FileParserPJ: //filer-igd2.igd.fraunhofer.de/igd-3dt/shared/3DModels/Dame/Dame.obj parsed: 9992 vertices and 18312 faces

FileParserPJ: loading jpg file

FileParserPJ: loading OBJ file

244921 vertices
489840 faces

FileParserPJ: 245383 texture coordinates

FileParserPJ: 245383 vertices after duplication

FileParserPJ: //filer-igd2.igd.fraunhofer.de/igd-3dt/shared/3DModels/Head/HeadMTL/Head_Level3.obj parsed: 245383 vertices and 489840 faces

FileParserPJ: loading jpg file

FileParserPJ: loading OBJ file

9992 vertices
18312 faces

FileParserPJ: 9437 texture coordinates

FileParserPJ: //filer-igd2.igd.fraunhofer.de/igd-3dt/shared/3DModels/Dame/Dame.obj parsed: 9992 vertices and 18312 faces

FileParserPJ: loading jpg file

FileParserPJ: loading OBJ file

244921 vertices
489840 faces

FileParserPJ: 245383 texture coordinates

FileParserPJ: 245383 vertices after duplication

FileParserPJ: //filer-igd2.igd.fraunhofer.de/igd-3dt/shared/3DModels/Head/HeadMTL/Head_Level3.obj parsed: 245383 vertices and 489840 faces

FileParserPJ: loading jpg file

FileParserPJ: loading OBJ file

9992 vertices
18312 faces

FileParserPJ: 9437 texture coordinates

FileParserPJ: //filer-igd2.igd.fraunhofer.de/igd-3dt/shared/3DModels/Dame/Dame.obj parsed: 9992 vertices and 18312 faces

FileParserPJ: loading jpg file

FileParserPJ: Input files parsed

PrintJobOrganizer:  runs 15:28:26

centering objects at origin
optimizing rotation for height
scaling objects
optimizing rotation for support use
PrintJobOrganizer: support cost         = 25.4851
support cost flipped = 22.9004

PrintJobOrganizer: support cost         = 10.7798
support cost flipped = 10.8551

PrintJobOrganizer: support cost         = 25.4851
support cost flipped = 22.9004

PrintJobOrganizer: support cost         = 10.7798
support cost flipped = 10.8551

PrintJobOrganizer: support cost         = 25.4851
support cost flipped = 22.9004

PrintJobOrganizer: support cost         = 10.7798
support cost flipped = 10.8551

PrintJobOrganizer: support cost         = 25.4851
support cost flipped = 22.9004

PrintJobOrganizer: support cost         = 10.7798
support cost flipped = 10.8551

PrintJobOrganizer: support cost         = 25.4851
support cost flipped = 22.9004

PrintJobOrganizer: support cost         = 10.7798
support cost flipped = 10.8551

arranging objects in 2D
validating object placement
PrintJobOrganizer: print object 1 print-space bounding box: (0.00211667, 0.00423333, 0.00135106), (8.00212, 5.12195, 4.19435)
PrintJobOrganizer: print object 2 print-space bounding box: (0.00211667, 5.32195, 0.00135106), (8.00212, 8.58807, 3.26645)
PrintJobOrganizer: print object 3 print-space bounding box: (0.00211667, 8.78807, 0.00135106), (8.00212, 13.9058, 4.19435)
PrintJobOrganizer: print object 4 print-space bounding box: (0.00211667, 14.1058, 0.00135106), (8.00212, 17.3719, 3.26645)
PrintJobOrganizer: print object 5 print-space bounding box: (0.00211667, 17.5719, 0.00135106), (8.00212, 22.6896, 4.19435)
PrintJobOrganizer: print object 6 print-space bounding box: (0.00211667, 22.8896, 0.00135106), (8.00212, 26.1557, 3.26645)
PrintJobOrganizer: print object 7 print-space bounding box: (0.00211667, 26.3557, 0.00135106), (8.00212, 31.4735, 4.19435)
PrintJobOrganizer: print object 8 print-space bounding box: (0.00211667, 31.6735, 0.00135106), (8.00212, 34.9396, 3.26645)
PrintJobOrganizer: print object 9 print-space bounding box: (8.20212, 0.00423333, 0.00135106), (16.2021, 5.12195, 4.19435)
PrintJobOrganizer: print object 10 print-space bounding box: (0.00211667, 35.1396, 0.00135106), (8.00212, 38.4057, 3.26645)
saving transforms to file
MasterPJDistributor:  runs 15:28:27

MasterPJDistributor::runInternal
MasterMerger:  runs 15:28:42

MasterMerger::runInternal
MasterMerger: metadata for thread : 1

MasterMerger: received height : 508

MasterMerger: received width : 946

MasterMerger: received num of slices : 777

MasterMerger: received chunk size : 10

MasterMerger: received path : 

MasterMerger: metadata for thread : 2

MasterMerger: received height : 508

MasterMerger: received width : 946

MasterMerger: received num of slices : 777

MasterMerger: received chunk size : 10

MasterMerger: received path : 

MasterMerger: metadata for thread : 3

MasterMerger: received height : 508

MasterMerger: received width : 946

MasterMerger: received num of slices : 777

MasterMerger: received chunk size : 10

MasterMerger: received path : 

MasterMerger: metadata for thread : 4

MasterMerger: received height : 508

MasterMerger: received width : 946

MasterMerger: received num of slices : 777

MasterMerger: received chunk size : 10

MasterMerger: received path : 

MasterMerger: metadata for thread : 5

MasterMerger: received height : 508

MasterMerger: received width : 946

MasterMerger: received num of slices : 777

MasterMerger: received chunk size : 10

MasterMerger: received path : 

MasterMerger: Print Volume x:  5905.51

MasterMerger: Print Volume y:  2362.2

MasterMerger: Node id:  1

MasterMerger: Offset x : 0

MasterMerger: Offset y : 0

MasterMerger: Node id:  2

MasterMerger: Offset x : 0

MasterMerger: Offset y : 519.811

MasterMerger: Node id:  3

MasterMerger: Offset x : 0

MasterMerger: Offset y : 1039.62

MasterMerger: Node id:  4

MasterMerger: Offset x : 0

MasterMerger: Offset y : 1559.43

MasterMerger: Node id:  5

MasterMerger: Offset x : 969.622

MasterMerger: Offset y : 0

MasterMerger: Added height is:508after adding height of slave 1

MasterMerger: Added height is:1016after adding height of slave 2

MasterMerger: Added height is:1524after adding height of slave 3

MasterMerger: Added height is:2032after adding height of slave 4

MasterMerger: Added height is:2540after adding height of slave 5

MasterMerger: Max height reached after adding slave 5 so first list index is 4

MasterMerger: m_fullSliceHt : 2362

MasterMerger: Sum of heights has crossed the print bed height

MasterMerger: Start Index0

MasterMerger: End Index4

MasterMerger: Maximum Current Width is0

MasterMerger: Maximum Current Width is946

MasterMerger: Maximum Current Width is946

MasterMerger: Maximum Current Width is946

MasterMerger: Total current width946

MasterMerger: Start Index4

MasterMerger: End Index5

MasterMerger: Maximum Current Width is0

MasterMerger: Total current width1892

MasterMerger: m_fullSliceWidth : 1952

MasterMerger: m_numSlices : 777

MasterMerger: m_chunkSize : 10

SliceDebugger:  runs 15:28:50
slices [0, 10):
	channel 0: material (dense)

MasterMerger:  runs 15:28:50

SliceDebugger:  runs 15:29:5
slices [10, 20):
	channel 0: material (dense)

MasterMerger:  runs 15:29:5

SliceDebugger:  runs 15:29:12
slices [20, 30):
	channel 0: material (dense)

MasterMerger:  runs 15:29:13

SliceDebugger:  runs 15:29:29
slices [30, 40):
	channel 0: material (dense)

MasterMerger:  runs 15:29:30

SliceDebugger:  runs 15:29:46
slices [40, 50):
	channel 0: material (dense)

MasterMerger:  runs 15:29:47

SliceDebugger:  runs 15:30:5
slices [50, 60):
	channel 0: material (dense)

MasterMerger:  runs 15:30:5

SliceDebugger:  runs 15:30:24
slices [60, 70):
	channel 0: material (dense)

MasterMerger:  runs 15:30:24

SliceDebugger:  runs 15:30:43
slices [70, 80):
	channel 0: material (dense)

MasterMerger:  runs 15:30:43

SliceDebugger:  runs 15:31:2
slices [80, 90):
	channel 0: material (dense)

MasterMerger:  runs 15:31:2

SliceDebugger:  runs 15:31:18
slices [90, 100):
	channel 0: material (dense)

MasterMerger:  runs 15:31:19

SliceDebugger:  runs 15:31:32
slices [100, 110):
	channel 0: material (dense)

MasterMerger:  runs 15:31:33

SliceDebugger:  runs 15:31:47
slices [110, 120):
	channel 0: material (dense)

MasterMerger:  runs 15:31:47

SliceDebugger:  runs 15:32:0
slices [120, 130):
	channel 0: material (dense)

MasterMerger:  runs 15:32:1

SliceDebugger:  runs 15:32:13
slices [130, 140):
	channel 0: material (dense)

MasterMerger:  runs 15:32:14

SliceDebugger:  runs 15:32:23
slices [140, 150):
	channel 0: material (dense)

MasterMerger:  runs 15:32:24

SliceDebugger:  runs 15:32:31
slices [150, 160):
	channel 0: material (dense)

MasterMerger:  runs 15:32:31

SliceDebugger:  runs 15:32:32
slices [160, 170):
	channel 0: material (dense)

MasterMerger:  runs 15:32:32

SliceDebugger:  runs 15:32:32
slices [170, 180):
	channel 0: material (dense)

MasterMerger:  runs 15:32:33

SliceDebugger:  runs 15:32:33
slices [180, 190):
	channel 0: material (dense)

MasterMerger:  runs 15:32:34

SliceDebugger:  runs 15:32:34
slices [190, 200):
	channel 0: material (dense)

MasterMerger:  runs 15:32:35

SliceDebugger:  runs 15:32:35
slices [200, 210):
	channel 0: material (dense)

MasterMerger:  runs 15:32:36

SliceDebugger:  runs 15:32:36
slices [210, 220):
	channel 0: material (dense)

MasterMerger:  runs 15:32:36

SliceDebugger:  runs 15:32:37
slices [220, 230):
	channel 0: material (dense)

MasterMerger:  runs 15:32:37

SliceDebugger:  runs 15:32:37
slices [230, 240):
	channel 0: material (dense)

MasterMerger:  runs 15:32:38

SliceDebugger:  runs 15:32:38
slices [240, 250):
	channel 0: material (dense)

MasterMerger:  runs 15:32:39

SliceDebugger:  runs 15:32:39
slices [250, 260):
	channel 0: material (dense)

MasterMerger:  runs 15:32:40

SliceDebugger:  runs 15:32:40
slices [260, 270):
	channel 0: material (dense)

MasterMerger:  runs 15:32:41

SliceDebugger:  runs 15:32:41
slices [270, 280):
	channel 0: material (dense)

MasterMerger:  runs 15:32:41

SliceDebugger:  runs 15:32:41
slices [280, 290):
	channel 0: material (dense)

MasterMerger:  runs 15:32:42

SliceDebugger:  runs 15:32:42
slices [290, 300):
	channel 0: material (dense)

MasterMerger:  runs 15:32:43

SliceDebugger:  runs 15:32:43
slices [300, 310):
	channel 0: material (dense)

MasterMerger:  runs 15:32:44

SliceDebugger:  runs 15:32:44
slices [310, 320):
	channel 0: material (dense)

MasterMerger:  runs 15:32:45

SliceDebugger:  runs 15:32:45
slices [320, 330):
	channel 0: material (dense)

MasterMerger:  runs 15:32:46

SliceDebugger:  runs 15:32:46
slices [330, 340):
	channel 0: material (dense)

MasterMerger:  runs 15:32:46

SliceDebugger:  runs 15:32:46
slices [340, 350):
	channel 0: material (dense)

MasterMerger:  runs 15:32:47

SliceDebugger:  runs 15:32:47
slices [350, 360):
	channel 0: material (dense)

MasterMerger:  runs 15:32:48

SliceDebugger:  runs 15:32:48
slices [360, 370):
	channel 0: material (dense)

MasterMerger:  runs 15:32:49

SliceDebugger:  runs 15:32:49
slices [370, 380):
	channel 0: material (dense)

MasterMerger:  runs 15:32:50

SliceDebugger:  runs 15:32:50
slices [380, 390):
	channel 0: material (dense)

MasterMerger:  runs 15:32:50

SliceDebugger:  runs 15:32:51
slices [390, 400):
	channel 0: material (dense)

MasterMerger:  runs 15:32:51

SliceDebugger:  runs 15:32:51
slices [400, 410):
	channel 0: material (dense)

MasterMerger:  runs 15:32:52

SliceDebugger:  runs 15:32:52
slices [410, 420):
	channel 0: material (dense)

MasterMerger:  runs 15:32:53

SliceDebugger:  runs 15:32:53
slices [420, 430):
	channel 0: material (dense)

MasterMerger:  runs 15:32:54

SliceDebugger:  runs 15:32:54
slices [430, 440):
	channel 0: material (dense)

MasterMerger:  runs 15:32:55

SliceDebugger:  runs 15:32:55
slices [440, 450):
	channel 0: material (dense)

MasterMerger:  runs 15:32:55

SliceDebugger:  runs 15:32:55
slices [450, 460):
	channel 0: material (dense)

MasterMerger:  runs 15:32:56

SliceDebugger:  runs 15:32:56
slices [460, 470):
	channel 0: material (dense)

MasterMerger:  runs 15:32:57

SliceDebugger:  runs 15:32:57
slices [470, 480):
	channel 0: material (dense)

MasterMerger:  runs 15:32:58

SliceDebugger:  runs 15:32:58
slices [480, 490):
	channel 0: material (dense)

MasterMerger:  runs 15:32:59

SliceDebugger:  runs 15:32:59
slices [490, 500):
	channel 0: material (dense)

MasterMerger:  runs 15:32:59

SliceDebugger:  runs 15:32:59
slices [500, 510):
	channel 0: material (dense)

MasterMerger:  runs 15:33:1

SliceDebugger:  runs 15:33:1
slices [510, 520):
	channel 0: material (dense)

MasterMerger:  runs 15:33:1

SliceDebugger:  runs 15:33:1
slices [520, 530):
	channel 0: material (dense)

MasterMerger:  runs 15:33:2

SliceDebugger:  runs 15:33:2
slices [530, 540):
	channel 0: material (dense)

MasterMerger:  runs 15:33:3

SliceDebugger:  runs 15:33:3
slices [540, 550):
	channel 0: material (dense)

MasterMerger:  runs 15:33:4

SliceDebugger:  runs 15:33:4
slices [550, 560):
	channel 0: material (dense)

MasterMerger:  runs 15:33:5

SliceDebugger:  runs 15:33:5
slices [560, 570):
	channel 0: material (dense)

MasterMerger:  runs 15:33:5

SliceDebugger:  runs 15:33:5
slices [570, 580):
	channel 0: material (dense)

MasterMerger:  runs 15:33:6

SliceDebugger:  runs 15:33:6
slices [580, 590):
	channel 0: material (dense)

MasterMerger:  runs 15:33:7

SliceDebugger:  runs 15:33:7
slices [590, 600):
	channel 0: material (dense)

MasterMerger:  runs 15:33:8

SliceDebugger:  runs 15:33:8
slices [600, 610):
	channel 0: material (dense)

MasterMerger:  runs 15:33:9

SliceDebugger:  runs 15:33:9
slices [610, 620):
	channel 0: material (dense)

MasterMerger:  runs 15:33:9

SliceDebugger:  runs 15:33:9
slices [620, 630):
	channel 0: material (dense)

MasterMerger:  runs 15:33:10

SliceDebugger:  runs 15:33:10
slices [630, 640):
	channel 0: material (dense)

MasterMerger:  runs 15:33:11

SliceDebugger:  runs 15:33:11
slices [640, 650):
	channel 0: material (dense)

MasterMerger:  runs 15:33:12

SliceDebugger:  runs 15:33:12
slices [650, 660):
	channel 0: material (dense)

MasterMerger:  runs 15:33:12

SliceDebugger:  runs 15:33:13
slices [660, 670):
	channel 0: material (dense)

MasterMerger:  runs 15:33:13

SliceDebugger:  runs 15:33:13
slices [670, 680):
	channel 0: material (dense)

MasterMerger:  runs 15:33:14

SliceDebugger:  runs 15:33:14
slices [680, 690):
	channel 0: material (dense)

MasterMerger:  runs 15:33:15

SliceDebugger:  runs 15:33:15
slices [690, 700):
	channel 0: material (dense)

MasterMerger:  runs 15:33:16

SliceDebugger:  runs 15:33:16
slices [700, 710):
	channel 0: material (dense)

MasterMerger:  runs 15:33:16

SliceDebugger:  runs 15:33:16
slices [710, 720):
	channel 0: material (dense)

MasterMerger:  runs 15:33:17

SliceDebugger:  runs 15:33:17
slices [720, 730):
	channel 0: material (dense)

MasterMerger:  runs 15:33:18

SliceDebugger:  runs 15:33:18
slices [730, 740):
	channel 0: material (dense)

MasterMerger:  runs 15:33:19

SliceDebugger:  runs 15:33:19
slices [740, 750):
	channel 0: material (dense)

MasterMerger:  runs 15:33:19

SliceDebugger:  runs 15:33:20
slices [750, 760):
	channel 0: material (dense)

MasterMerger:  runs 15:33:20

SliceDebugger:  runs 15:33:20
slices [760, 770):
	channel 0: material (dense)

MasterMerger:  runs 15:33:21

SliceDebugger:  runs 15:33:21
slices [770, 777):
	channel 0: material (dense)

Computation finished 

Status: success
PrintingSoftware::execute:
	1 trials
	total = 314.843 s
	mean  = 314.843 s
	var   = 0 s^2, std = 0 s
	min   = 314.843 s
	max   = 314.843 s

MasterPrintingSoftware::startUp:
	1 trials
	total = 0.767391 s
	mean  = 0.767391 s
	var   = 0 s^2, std = 0 s
	min   = 0.767391 s
	max   = 0.767391 s

MasterPrintingSoftware::Send:
	35 trials
	total = 0.031219 s
	mean  = 0.000891971 s
	var   = 1.35137e-005 s^2, std = 0.0036761 s
	min   = 0 s
	max   = 0.015624 s

FileParserPJ::setInput:
	1 trials
	total = 0 s
	mean  = 0 s
	var   = 0 s^2, std = 0 s
	min   = 0 s
	max   = 0 s

FileParserPJ::runInternal:
	1 trials
	total = 19.2137 s
	mean  = 19.2137 s
	var   = 0 s^2, std = 0 s
	min   = 19.2137 s
	max   = 19.2137 s

PrintJobOrganizer::setInput:
	1 trials
	total = 0 s
	mean  = 0 s
	var   = 0 s^2, std = 0 s
	min   = 0 s
	max   = 0 s

PrintJobOrganizer::runInternal:
	1 trials
	total = 0.990091 s
	mean  = 0.990091 s
	var   = 0 s^2, std = 0 s
	min   = 0.990091 s
	max   = 0.990091 s

MasterPJDistributor::serializeImgData:
	10 trials
	total = 0.48433 s
	mean  = 0.048433 s
	var   = 0.00121811 s^2, std = 0.0349014 s
	min   = 0.0156 s
	max   = 0.09377 s

MasterPJDistributor::serializePJ:
	5 trials
	total = 0.543855 s
	mean  = 0.108771 s
	var   = 0.000174918 s^2, std = 0.0132256 s
	min   = 0.088074 s
	max   = 0.125002 s

MasterPJDistributor::Send:
	55 trials
	total = 13.0085 s
	mean  = 0.236518 s
	var   = 0.1312 s^2, std = 0.362215 s
	min   = 0 s
	max   = 1.18752 s


PrintingSoftware::execute:
	1 trials
	total = 314.843 s
	mean  = 314.843 s
	var   = 0 s^2, std = 0 s
	min   = 314.843 s
	max   = 314.843 s

MasterPrintingSoftware::startUp:
	1 trials
	total = 0.767391 s
	mean  = 0.767391 s
	var   = 0 s^2, std = 0 s
	min   = 0.767391 s
	max   = 0.767391 s

MasterPrintingSoftware::Send:
	35 trials
	total = 0.031219 s
	mean  = 0.000891971 s
	var   = 1.35137e-005 s^2, std = 0.0036761 s
	min   = 0 s
	max   = 0.015624 s

FileParserPJ::setInput:
	1 trials
	total = 0 s
	mean  = 0 s
	var   = 0 s^2, std = 0 s
	min   = 0 s
	max   = 0 s

FileParserPJ::runInternal:
	1 trials
	total = 19.2137 s
	mean  = 19.2137 s
	var   = 0 s^2, std = 0 s
	min   = 19.2137 s
	max   = 19.2137 s

PrintJobOrganizer::setInput:
	1 trials
	total = 0 s
	mean  = 0 s
	var   = 0 s^2, std = 0 s
	min   = 0 s
	max   = 0 s

PrintJobOrganizer::runInternal:
	1 trials
	total = 0.990091 s
	mean  = 0.990091 s
	var   = 0 s^2, std = 0 s
	min   = 0.990091 s
	max   = 0.990091 s

MasterPJDistributor::serializeImgData:
	10 trials
	total = 0.48433 s
	mean  = 0.048433 s
	var   = 0.00121811 s^2, std = 0.0349014 s
	min   = 0.0156 s
	max   = 0.09377 s

MasterPJDistributor::serializePJ:
	5 trials
	total = 0.543855 s
	mean  = 0.108771 s
	var   = 0.000174918 s^2, std = 0.0132256 s
	min   = 0.088074 s
	max   = 0.125002 s

MasterPJDistributor::Send:
	55 trials
	total = 13.0085 s
	mean  = 0.236518 s
	var   = 0.1312 s^2, std = 0.362215 s
	min   = 0 s
	max   = 1.18752 s

0ÿ*
Master Node  0 :Total execution time in seconds 315.626

