Warning:json file inside profile could not be parsed 

GL version: 4.4.0

Warning: there is no json file embedded inside profile 

FileParserPJ: initializing
PrintJobOrganizer: initializing
MasterDistributor: initializing
MasterMerger: initializing
SliceDebugger: initializing
FileParserPJ:  runs 11:17:34

FileParserPJ: loading OBJ file

244921 vertices
489840 faces

FileParserPJ: 245383 texture coordinates

FileParserPJ: 245383 vertices after duplication

FileParserPJ: //filer-igd2.igd.fraunhofer.de/igd-3dt/shared/3DModels/Head/HeadMTL/Head_Level3.obj parsed: 245383 vertices and 489840 faces

FileParserPJ: loading jpg file

FileParserPJ: loading OBJ file

244921 vertices
489840 faces

FileParserPJ: 245383 texture coordinates

FileParserPJ: 245383 vertices after duplication

FileParserPJ: //filer-igd2.igd.fraunhofer.de/igd-3dt/shared/3DModels/Head/HeadMTL/Head_Level3.obj parsed: 245383 vertices and 489840 faces

FileParserPJ: loading jpg file

FileParserPJ: loading OBJ file

244921 vertices
489840 faces

FileParserPJ: 245383 texture coordinates

FileParserPJ: 245383 vertices after duplication

FileParserPJ: //filer-igd2.igd.fraunhofer.de/igd-3dt/shared/3DModels/Head/HeadMTL/Head_Level3.obj parsed: 245383 vertices and 489840 faces

FileParserPJ: loading jpg file

FileParserPJ: loading OBJ file

244921 vertices
489840 faces

FileParserPJ: 245383 texture coordinates

FileParserPJ: 245383 vertices after duplication

FileParserPJ: //filer-igd2.igd.fraunhofer.de/igd-3dt/shared/3DModels/Head/HeadMTL/Head_Level3.obj parsed: 245383 vertices and 489840 faces

FileParserPJ: loading jpg file

FileParserPJ: loading OBJ file

244921 vertices
489840 faces

FileParserPJ: 245383 texture coordinates

FileParserPJ: 245383 vertices after duplication

FileParserPJ: //filer-igd2.igd.fraunhofer.de/igd-3dt/shared/3DModels/Head/HeadMTL/Head_Level3.obj parsed: 245383 vertices and 489840 faces

FileParserPJ: loading jpg file

FileParserPJ: Input files parsed

PrintJobOrganizer:  runs 11:17:59

centering objects at origin
optimizing rotation for height
scaling objects
optimizing rotation for support use
PrintJobOrganizer: support cost         = 3.18654
support cost flipped = 2.86348

PrintJobOrganizer: support cost         = 3.18654
support cost flipped = 2.86348

PrintJobOrganizer: support cost         = 3.18654
support cost flipped = 2.86348

PrintJobOrganizer: support cost         = 3.18654
support cost flipped = 2.86348

PrintJobOrganizer: support cost         = 3.18654
support cost flipped = 2.86348

arranging objects in 2D
validating object placement
PrintJobOrganizer: print object 1 print-space bounding box: (0.00211667, 0.00423333, 0.00135106), (4.00212, 2.56309, 2.09785)
PrintJobOrganizer: print object 2 print-space bounding box: (0.00211667, 2.76309, 0.00135106), (4.00212, 5.32195, 2.09785)
PrintJobOrganizer: print object 3 print-space bounding box: (0.00211667, 5.52195, 0.00135106), (4.00212, 8.08081, 2.09785)
PrintJobOrganizer: print object 4 print-space bounding box: (0.00211667, 8.28081, 0.00135106), (4.00212, 10.8397, 2.09785)
PrintJobOrganizer: print object 5 print-space bounding box: (0.00211667, 11.0397, 0.00135106), (4.00212, 13.5985, 2.09785)
saving transforms to file
MasterDistributor:  runs 11:18:1

MasterDistributor::runInternal
MasterMerger:  runs 11:18:1

MasterMerger::runInternal
