Warning:json file inside profile could not be parsed 

GL version: 4.5.0 NVIDIA 353.90

Warning: there is no json file embedded inside profile 

LayerExtractor: distance needed for layers: 0.135467

FileParserPJ: initializing
PrintJobOrganizer: initializing
PrintJobPreprocessor: initializing
PrintJobVoxelizer: initializing
TonalValueCalculator: initializing
TonalValueCalculator: Using rendering intent RELATIVE_COLORIMETRIC

SurfaceDistanceOrderedTransfer: initializing
TonalLinearizer: initializing
VectorLayerHalftoner: initializing
SlaveReporter: initializing
FileParserPJ:  runs 12:51:1

FileParserPJ: loading OBJ file

244921 vertices
489840 faces

FileParserPJ: 245383 texture coordinates

FileParserPJ: 245383 vertices after duplication

FileParserPJ: //filer-igd2.igd.fraunhofer.de/igd-3dt/shared/3DModels/Head/HeadMTL/Head_Level3.obj parsed: 245383 vertices and 489840 faces

FileParserPJ: loading jpg file

FileParserPJ: Input files parsed

PrintJobOrganizer:  runs 12:51:5

centering objects at origin
optimizing rotation for height
scaling objects
optimizing rotation for support use
PrintJobOrganizer: support cost         = 3.18654
support cost flipped = 2.86348

arranging objects in 2D
validating object placement
PrintJobOrganizer: print object 1 print-space bounding box: (0.00211667, 0.00423333, 0.00135106), (4.00212, 2.56309, 2.09785)
saving transforms to file
PrintJobPreprocessor:  runs 12:51:5

PrintJobPreprocessor: flatten
PrintJobPreprocessor: prioritize
PrintJobPreprocessor: segment-hierarchy
PrintJobPreprocessor: boundingBox
PrintJobPreprocessor: uniformAppearanceTextures
PrintJobVoxelizer:  runs 12:51:6

PrintJobVoxelizer: 
number of slices to print: 389 (2.09785 cm)
width of slices to print:  473 (4.00212 cm)
height of slices to print: 152 (2.56309 cm)
chunk size:                50 (0.270213 cm)

PrintJobVoxelizer: setting up slices
PrintJobVoxelizer: rasterizing objects
PrintJobVoxelizer: creating rasterizer
PrintJobVoxelizer: rasterizing object 1
Rasterizer::rasterize:
	1 trials
	total = 0.39632 s
	mean  = 0.39632 s
	var   = 0 s^2, std = 0 s
	min   = 0.39632 s
	max   = 0.39632 s


PrintJobVoxelizer: voxelizing objects
Object 1 ROI: [0 0 0] --> [473 152 50]
GWNSampleFloodVoxelizer: number of samples: 239
GWNSampleFloodVoxelizer: samples evaluated
GWNSampleFloodVoxelizer: adaptive threshold = 0.498039
GWNSampleFloodVoxelizer: flooding complete
Voxelization: solid angle evaluations per voxel: 2.28989

GWNSampleFloodVoxelizer::voxelize:
	1 trials
	total = 0.31715 s
	mean  = 0.31715 s
	var   = 0 s^2, std = 0 s
	min   = 0.31715 s
	max   = 0.31715 s

GWNSampleFloodVoxelizer::initIndicator:
	1 trials
	total = 0.022325 s
	mean  = 0.022325 s
	var   = 0 s^2, std = 0 s
	min   = 0.022325 s
	max   = 0.022325 s

GWNSampleFloodVoxelizer::selectSamples:
	1 trials
	total = 0.023346 s
	mean  = 0.023346 s
	var   = 0 s^2, std = 0 s
	min   = 0.023346 s
	max   = 0.023346 s

GWNSampleFloodVoxelizer::evaluateSamples:
	1 trials
	total = 0.137823 s
	mean  = 0.137823 s
	var   = 0 s^2, std = 0 s
	min   = 0.137823 s
	max   = 0.137823 s

GWNSampleFloodVoxelizer::flood:
	1 trials
	total = 0.122453 s
	mean  = 0.122453 s
	var   = 0 s^2, std = 0 s
	min   = 0.122453 s
	max   = 0.122453 s


PrintJobVoxelizer: finalizing surfaces
PrintJobVoxelizer: 29651 surface voxels
PrintJobVoxelizer: getting output subset
PrintJobVoxelizer: updating slice indices
TonalValueCalculator:  runs 12:51:7
slices [0, 49):
	channel 0: occupancy (dense)
	channel 1: opticalFeature (sparse)

SurfaceDistanceOrderedTransfer:  runs 12:51:7
slices [0, 49):
	channel 0: occupancy (dense)
	channel 1: surfaceDist (dense)

SurfaceDistanceOrderedTransfer: 0 0 23
LayerExtractor:  runs 12:51:7
slices [0, 23):
	channel 0: occupancy (dense)
	channel 1: surfaceDist (dense)
	channel 2: layer_000 (sparse)
	channel 3: layer_001 (sparse)
	channel 4: layer_002 (sparse)
	channel 5: layer_003 (sparse)
	channel 6: layer_004 (sparse)
	channel 7: layer_005 (sparse)
	channel 8: layer_006 (sparse)
	channel 9: layer_007 (sparse)

TonalLinearizer:  runs 12:51:7
slices [0, 22):
	channel 0: occupancy (dense)
	channel 1: surfaceDist (dense)
	channel 2: layer_000 (sparse)
	channel 3: layer_001 (sparse)
	channel 4: layer_002 (sparse)
	channel 5: layer_003 (sparse)
	channel 6: layer_004 (sparse)
	channel 7: layer_005 (sparse)
	channel 8: layer_006 (sparse)
	channel 9: layer_007 (sparse)

VectorLayerHalftoner: VectorLayerHalftoner error: no tonal values available

VectorLayerHalftoner:  runs 12:51:7
slices [0, 22):
	channel 0: occupancy (dense)
	channel 1: surfaceDist (dense)
	channel 2: layer_000 (sparse)
	channel 3: layer_001 (sparse)
	channel 4: layer_002 (sparse)
	channel 5: layer_003 (sparse)
	channel 6: layer_004 (sparse)
	channel 7: layer_005 (sparse)
	channel 8: layer_006 (sparse)
	channel 9: layer_007 (sparse)
	channel 10: intermedTonal_0 (sparse)
	channel 11: intermedTonal_1 (sparse)
	channel 12: intermedTonal_2 (sparse)
	channel 13: intermedTonal_3 (sparse)
	channel 14: intermedTonal_4 (sparse)
	channel 15: intermedTonal_5 (sparse)
	channel 16: intermedTonal_6 (sparse)
	channel 17: intermedTonal_7 (sparse)
	channel 18: quantizedTonal (sparse)

SlaveReporter:  runs 12:51:7
slices [0, 10):
	channel 0: material (dense)
	channel 1: occupancy (dense)

PrintJobVoxelizer:  runs 12:51:7

PrintJobVoxelizer: setting up slices
PrintJobVoxelizer: rasterizing objects
PrintJobVoxelizer: creating rasterizer
PrintJobVoxelizer: rasterizing object 1
Rasterizer::rasterize:
	2 trials
	total = 1.14637 s
	mean  = 0.573184 s
	var   = 0.0625617 s^2, std = 0.250123 s
	min   = 0.39632 s
	max   = 0.750048 s


PrintJobVoxelizer: voxelizing objects
Object 1 ROI: [0 0 0] --> [473 152 50]
GWNSampleFloodVoxelizer: number of samples: 381
GWNSampleFloodVoxelizer: samples evaluated
GWNSampleFloodVoxelizer: adaptive threshold = 0.498039
GWNSampleFloodVoxelizer: flooding complete
Voxelization: solid angle evaluations per voxel: 5.21522

GWNSampleFloodVoxelizer::voxelize:
	2 trials
	total = 0.784238 s
	mean  = 0.392119 s
	var   = 0.0112407 s^2, std = 0.106022 s
	min   = 0.31715 s
	max   = 0.467088 s

GWNSampleFloodVoxelizer::initIndicator:
	2 trials
	total = 0.044627 s
	mean  = 0.0223135 s
	var   = 2.645e-010 s^2, std = 1.62635e-005 s
	min   = 0.022302 s
	max   = 0.022325 s

GWNSampleFloodVoxelizer::selectSamples:
	2 trials
	total = 0.046695 s
	mean  = 0.0233475 s
	var   = 4.5e-012 s^2, std = 2.12132e-006 s
	min   = 0.023346 s
	max   = 0.023349 s

GWNSampleFloodVoxelizer::evaluateSamples:
	2 trials
	total = 0.42822 s
	mean  = 0.21411 s
	var   = 0.0116394 s^2, std = 0.107886 s
	min   = 0.137823 s
	max   = 0.290397 s

GWNSampleFloodVoxelizer::flood:
	2 trials
	total = 0.242483 s
	mean  = 0.121241 s
	var   = 2.93546e-006 s^2, std = 0.00171332 s
	min   = 0.12003 s
	max   = 0.122453 s


PrintJobVoxelizer: finalizing surfaces
PrintJobVoxelizer: 106888 surface voxels
PrintJobVoxelizer: getting output subset
PrintJobVoxelizer: updating slice indices
TonalValueCalculator:  runs 12:51:9
slices [49, 99):
	channel 0: occupancy (dense)
	channel 1: opticalFeature (sparse)

SurfaceDistanceOrderedTransfer:  runs 12:51:9
slices [23, 99):
	channel 0: occupancy (dense)
	channel 1: surfaceDist (dense)

SurfaceDistanceOrderedTransfer: 23 49 73
LayerExtractor:  runs 12:51:9
slices [21, 73):
	channel 0: occupancy (dense)
	channel 1: surfaceDist (dense)
	channel 2: layer_000 (sparse)
	channel 3: layer_001 (sparse)
	channel 4: layer_002 (sparse)
	channel 5: layer_003 (sparse)
	channel 6: layer_004 (sparse)
	channel 7: layer_005 (sparse)
	channel 8: layer_006 (sparse)
	channel 9: layer_007 (sparse)

TonalLinearizer:  runs 12:51:9
slices [22, 72):
	channel 0: occupancy (dense)
	channel 1: surfaceDist (dense)
	channel 2: layer_000 (sparse)
	channel 3: layer_001 (sparse)
	channel 4: layer_002 (sparse)
	channel 5: layer_003 (sparse)
	channel 6: layer_004 (sparse)
	channel 7: layer_005 (sparse)
	channel 8: layer_006 (sparse)
	channel 9: layer_007 (sparse)

VectorLayerHalftoner: VectorLayerHalftoner error: no tonal values available

VectorLayerHalftoner:  runs 12:51:9
slices [10, 72):
	channel 0: occupancy (dense)
	channel 1: surfaceDist (dense)
	channel 2: layer_000 (sparse)
	channel 3: layer_001 (sparse)
	channel 4: layer_002 (sparse)
	channel 5: layer_003 (sparse)
	channel 6: layer_004 (sparse)
	channel 7: layer_005 (sparse)
	channel 8: layer_006 (sparse)
	channel 9: layer_007 (sparse)
	channel 10: intermedTonal_0 (sparse)
	channel 11: intermedTonal_1 (sparse)
	channel 12: intermedTonal_2 (sparse)
	channel 13: intermedTonal_3 (sparse)
	channel 14: intermedTonal_4 (sparse)
	channel 15: intermedTonal_5 (sparse)
	channel 16: intermedTonal_6 (sparse)
	channel 17: intermedTonal_7 (sparse)
	channel 18: quantizedTonal (sparse)
	channel 19: errorDiffInfo2 (sparse)
	channel 20: distanceToEmpty (sparse)
	channel 21: errorDiffInfo3 (sparse)
	channel 22: errorDiffInfo4 (sparse)
	channel 23: errorDiffInfo5 (sparse)
	channel 24: errorDiffInfo6 (sparse)
	channel 25: errorDiffInfo7 (sparse)
	channel 26: errorDiffInfo8 (sparse)
	channel 27: errorDiffInfo9 (sparse)

SlaveReporter:  runs 12:51:10
slices [10, 60):
	channel 0: material (dense)
	channel 1: occupancy (dense)

PrintJobVoxelizer:  runs 12:51:10

PrintJobVoxelizer: setting up slices
PrintJobVoxelizer: rasterizing objects
PrintJobVoxelizer: creating rasterizer
PrintJobVoxelizer: rasterizing object 1
Rasterizer::rasterize:
	3 trials
	total = 1.7979 s
	mean  = 0.5993 s
	var   = 0.033327 s^2, std = 0.182557 s
	min   = 0.39632 s
	max   = 0.750048 s


PrintJobVoxelizer: voxelizing objects
Object 1 ROI: [0 0 0] --> [473 152 50]
GWNSampleFloodVoxelizer: number of samples: 289
GWNSampleFloodVoxelizer: samples evaluated
GWNSampleFloodVoxelizer: adaptive threshold = 0.498039
GWNSampleFloodVoxelizer: flooding complete
Voxelization: solid angle evaluations per voxel: 3.53748

GWNSampleFloodVoxelizer::voxelize:
	3 trials
	total = 1.14722 s
	mean  = 0.382406 s
	var   = 0.0059034 s^2, std = 0.0768336 s
	min   = 0.31715 s
	max   = 0.467088 s

GWNSampleFloodVoxelizer::initIndicator:
	3 trials
	total = 0.066956 s
	mean  = 0.0223187 s
	var   = 2.12333e-010 s^2, std = 1.45717e-005 s
	min   = 0.022302 s
	max   = 0.022329 s

GWNSampleFloodVoxelizer::selectSamples:
	3 trials
	total = 0.070021 s
	mean  = 0.0233403 s
	var   = 1.56333e-010 s^2, std = 1.25033e-005 s
	min   = 0.023326 s
	max   = 0.023349 s

GWNSampleFloodVoxelizer::evaluateSamples:
	3 trials
	total = 0.61696 s
	mean  = 0.205653 s
	var   = 0.00603425 s^2, std = 0.0776804 s
	min   = 0.137823 s
	max   = 0.290397 s

GWNSampleFloodVoxelizer::flood:
	3 trials
	total = 0.360926 s
	mean  = 0.120309 s
	var   = 4.07827e-006 s^2, std = 0.00201947 s
	min   = 0.118443 s
	max   = 0.122453 s


PrintJobVoxelizer: finalizing surfaces
PrintJobVoxelizer: 179423 surface voxels
PrintJobVoxelizer: getting output subset
PrintJobVoxelizer: updating slice indices
TonalValueCalculator:  runs 12:51:11
slices [99, 149):
	channel 0: occupancy (dense)
	channel 1: opticalFeature (sparse)

SurfaceDistanceOrderedTransfer:  runs 12:51:11
slices [73, 149):
	channel 0: occupancy (dense)
	channel 1: surfaceDist (dense)

SurfaceDistanceOrderedTransfer: 73 99 123
LayerExtractor:  runs 12:51:11
slices [71, 123):
	channel 0: occupancy (dense)
	channel 1: surfaceDist (dense)
	channel 2: layer_000 (sparse)
	channel 3: layer_001 (sparse)
	channel 4: layer_002 (sparse)
	channel 5: layer_003 (sparse)
	channel 6: layer_004 (sparse)
	channel 7: layer_005 (sparse)
	channel 8: layer_006 (sparse)
	channel 9: layer_007 (sparse)

TonalLinearizer:  runs 12:51:11
slices [72, 122):
	channel 0: occupancy (dense)
	channel 1: surfaceDist (dense)
	channel 2: layer_000 (sparse)
	channel 3: layer_001 (sparse)
	channel 4: layer_002 (sparse)
	channel 5: layer_003 (sparse)
	channel 6: layer_004 (sparse)
	channel 7: layer_005 (sparse)
	channel 8: layer_006 (sparse)
	channel 9: layer_007 (sparse)

VectorLayerHalftoner: VectorLayerHalftoner error: no tonal values available

VectorLayerHalftoner:  runs 12:51:11
slices [60, 122):
	channel 0: occupancy (dense)
	channel 1: surfaceDist (dense)
	channel 2: layer_000 (sparse)
	channel 3: layer_001 (sparse)
	channel 4: layer_002 (sparse)
	channel 5: layer_003 (sparse)
	channel 6: layer_004 (sparse)
	channel 7: layer_005 (sparse)
	channel 8: layer_006 (sparse)
	channel 9: layer_007 (sparse)
	channel 10: intermedTonal_0 (sparse)
	channel 11: intermedTonal_1 (sparse)
	channel 12: intermedTonal_2 (sparse)
	channel 13: intermedTonal_3 (sparse)
	channel 14: intermedTonal_4 (sparse)
	channel 15: intermedTonal_5 (sparse)
	channel 16: intermedTonal_6 (sparse)
	channel 17: intermedTonal_7 (sparse)
	channel 18: quantizedTonal (sparse)
	channel 19: errorDiffInfo2 (sparse)
	channel 20: distanceToEmpty (sparse)
	channel 21: errorDiffInfo3 (sparse)
	channel 22: errorDiffInfo4 (sparse)
	channel 23: errorDiffInfo5 (sparse)
	channel 24: errorDiffInfo6 (sparse)
	channel 25: errorDiffInfo7 (sparse)
	channel 26: errorDiffInfo8 (sparse)
	channel 27: errorDiffInfo9 (sparse)

SlaveReporter:  runs 12:51:12
slices [60, 110):
	channel 0: material (dense)
	channel 1: occupancy (dense)

PrintJobVoxelizer:  runs 12:51:12

PrintJobVoxelizer: setting up slices
PrintJobVoxelizer: rasterizing objects
PrintJobVoxelizer: creating rasterizer
PrintJobVoxelizer: rasterizing object 1
Rasterizer::rasterize:
	4 trials
	total = 2.3978 s
	mean  = 0.599449 s
	var   = 0.0222181 s^2, std = 0.149057 s
	min   = 0.39632 s
	max   = 0.750048 s


PrintJobVoxelizer: voxelizing objects
Object 1 ROI: [0 0 0] --> [473 152 50]
GWNSampleFloodVoxelizer: number of samples: 271
GWNSampleFloodVoxelizer: samples evaluated
GWNSampleFloodVoxelizer: adaptive threshold = 0.498039
GWNSampleFloodVoxelizer: flooding complete
Voxelization: solid angle evaluations per voxel: 3.03338

GWNSampleFloodVoxelizer::voxelize:
	4 trials
	total = 1.48695 s
	mean  = 0.371736 s
	var   = 0.00439094 s^2, std = 0.0662642 s
	min   = 0.31715 s
	max   = 0.467088 s

GWNSampleFloodVoxelizer::initIndicator:
	4 trials
	total = 0.089232 s
	mean  = 0.022308 s
	var   = 5.96667e-010 s^2, std = 2.44268e-005 s
	min   = 0.022276 s
	max   = 0.022329 s

GWNSampleFloodVoxelizer::selectSamples:
	4 trials
	total = 0.094304 s
	mean  = 0.023576 s
	var   = 2.22259e-007 s^2, std = 0.000471444 s
	min   = 0.023326 s
	max   = 0.024283 s

GWNSampleFloodVoxelizer::evaluateSamples:
	4 trials
	total = 0.779393 s
	mean  = 0.194848 s
	var   = 0.00448983 s^2, std = 0.0670062 s
	min   = 0.137823 s
	max   = 0.290397 s

GWNSampleFloodVoxelizer::flood:
	4 trials
	total = 0.482535 s
	mean  = 0.120634 s
	var   = 3.14156e-006 s^2, std = 0.00177244 s
	min   = 0.118443 s
	max   = 0.122453 s


PrintJobVoxelizer: finalizing surfaces
PrintJobVoxelizer: 252234 surface voxels
PrintJobVoxelizer: getting output subset
PrintJobVoxelizer: updating slice indices
TonalValueCalculator:  runs 12:51:13
slices [149, 199):
	channel 0: occupancy (dense)
	channel 1: opticalFeature (sparse)

SurfaceDistanceOrderedTransfer:  runs 12:51:13
slices [123, 199):
	channel 0: occupancy (dense)
	channel 1: surfaceDist (dense)

SurfaceDistanceOrderedTransfer: 123 149 173
LayerExtractor:  runs 12:51:13
slices [121, 173):
	channel 0: occupancy (dense)
	channel 1: surfaceDist (dense)
	channel 2: layer_000 (sparse)
	channel 3: layer_001 (sparse)
	channel 4: layer_002 (sparse)
	channel 5: layer_003 (sparse)
	channel 6: layer_004 (sparse)
	channel 7: layer_005 (sparse)
	channel 8: layer_006 (sparse)
	channel 9: layer_007 (sparse)

TonalLinearizer:  runs 12:51:14
slices [122, 172):
	channel 0: occupancy (dense)
	channel 1: surfaceDist (dense)
	channel 2: layer_000 (sparse)
	channel 3: layer_001 (sparse)
	channel 4: layer_002 (sparse)
	channel 5: layer_003 (sparse)
	channel 6: layer_004 (sparse)
	channel 7: layer_005 (sparse)
	channel 8: layer_006 (sparse)
	channel 9: layer_007 (sparse)

VectorLayerHalftoner: VectorLayerHalftoner error: no tonal values available

VectorLayerHalftoner:  runs 12:51:14
slices [110, 172):
	channel 0: occupancy (dense)
	channel 1: surfaceDist (dense)
	channel 2: layer_000 (sparse)
	channel 3: layer_001 (sparse)
	channel 4: layer_002 (sparse)
	channel 5: layer_003 (sparse)
	channel 6: layer_004 (sparse)
	channel 7: layer_005 (sparse)
	channel 8: layer_006 (sparse)
	channel 9: layer_007 (sparse)
	channel 10: intermedTonal_0 (sparse)
	channel 11: intermedTonal_1 (sparse)
	channel 12: intermedTonal_2 (sparse)
	channel 13: intermedTonal_3 (sparse)
	channel 14: intermedTonal_4 (sparse)
	channel 15: intermedTonal_5 (sparse)
	channel 16: intermedTonal_6 (sparse)
	channel 17: intermedTonal_7 (sparse)
	channel 18: quantizedTonal (sparse)
	channel 19: errorDiffInfo2 (sparse)
	channel 20: distanceToEmpty (sparse)
	channel 21: errorDiffInfo3 (sparse)
	channel 22: errorDiffInfo4 (sparse)
	channel 23: errorDiffInfo5 (sparse)
	channel 24: errorDiffInfo6 (sparse)
	channel 25: errorDiffInfo7 (sparse)
	channel 26: errorDiffInfo8 (sparse)
	channel 27: errorDiffInfo9 (sparse)

SlaveReporter:  runs 12:51:15
slices [110, 160):
	channel 0: material (dense)
	channel 1: occupancy (dense)

PrintJobVoxelizer:  runs 12:51:15

PrintJobVoxelizer: setting up slices
PrintJobVoxelizer: rasterizing objects
PrintJobVoxelizer: creating rasterizer
PrintJobVoxelizer: rasterizing object 1
Rasterizer::rasterize:
	5 trials
	total = 2.99848 s
	mean  = 0.599697 s
	var   = 0.0166639 s^2, std = 0.129089 s
	min   = 0.39632 s
	max   = 0.750048 s


PrintJobVoxelizer: voxelizing objects
Object 1 ROI: [0 0 0] --> [473 152 50]
GWNSampleFloodVoxelizer: number of samples: 253
GWNSampleFloodVoxelizer: samples evaluated
GWNSampleFloodVoxelizer: adaptive threshold = 0.498039
GWNSampleFloodVoxelizer: flooding complete
Voxelization: solid angle evaluations per voxel: 2.9192

GWNSampleFloodVoxelizer::voxelize:
	5 trials
	total = 1.8195 s
	mean  = 0.363901 s
	var   = 0.0036002 s^2, std = 0.0600016 s
	min   = 0.31715 s
	max   = 0.467088 s

GWNSampleFloodVoxelizer::initIndicator:
	5 trials
	total = 0.113571 s
	mean  = 0.0227142 s
	var   = 8.2544e-007 s^2, std = 0.000908537 s
	min   = 0.022276 s
	max   = 0.024339 s

GWNSampleFloodVoxelizer::selectSamples:
	5 trials
	total = 0.117624 s
	mean  = 0.0235248 s
	var   = 1.79802e-007 s^2, std = 0.00042403 s
	min   = 0.02332 s
	max   = 0.024283 s

GWNSampleFloodVoxelizer::evaluateSamples:
	5 trials
	total = 0.927417 s
	mean  = 0.185483 s
	var   = 0.00380588 s^2, std = 0.0616918 s
	min   = 0.137823 s
	max   = 0.290397 s

GWNSampleFloodVoxelizer::flood:
	5 trials
	total = 0.609238 s
	mean  = 0.121848 s
	var   = 9.72333e-006 s^2, std = 0.00311823 s
	min   = 0.118443 s
	max   = 0.126703 s


PrintJobVoxelizer: finalizing surfaces
PrintJobVoxelizer: 323002 surface voxels
PrintJobVoxelizer: getting output subset
PrintJobVoxelizer: updating slice indices
TonalValueCalculator:  runs 12:51:16
slices [199, 249):
	channel 0: occupancy (dense)
	channel 1: opticalFeature (sparse)

SurfaceDistanceOrderedTransfer:  runs 12:51:16
slices [173, 249):
	channel 0: occupancy (dense)
	channel 1: surfaceDist (dense)

SurfaceDistanceOrderedTransfer: 173 199 223
LayerExtractor:  runs 12:51:16
slices [171, 223):
	channel 0: occupancy (dense)
	channel 1: surfaceDist (dense)
	channel 2: layer_000 (sparse)
	channel 3: layer_001 (sparse)
	channel 4: layer_002 (sparse)
	channel 5: layer_003 (sparse)
	channel 6: layer_004 (sparse)
	channel 7: layer_005 (sparse)
	channel 8: layer_006 (sparse)
	channel 9: layer_007 (sparse)

TonalLinearizer:  runs 12:51:16
slices [172, 222):
	channel 0: occupancy (dense)
	channel 1: surfaceDist (dense)
	channel 2: layer_000 (sparse)
	channel 3: layer_001 (sparse)
	channel 4: layer_002 (sparse)
	channel 5: layer_003 (sparse)
	channel 6: layer_004 (sparse)
	channel 7: layer_005 (sparse)
	channel 8: layer_006 (sparse)
	channel 9: layer_007 (sparse)

VectorLayerHalftoner: VectorLayerHalftoner error: no tonal values available

VectorLayerHalftoner:  runs 12:51:16
slices [160, 222):
	channel 0: occupancy (dense)
	channel 1: surfaceDist (dense)
	channel 2: layer_000 (sparse)
	channel 3: layer_001 (sparse)
	channel 4: layer_002 (sparse)
	channel 5: layer_003 (sparse)
	channel 6: layer_004 (sparse)
	channel 7: layer_005 (sparse)
	channel 8: layer_006 (sparse)
	channel 9: layer_007 (sparse)
	channel 10: intermedTonal_0 (sparse)
	channel 11: intermedTonal_1 (sparse)
	channel 12: intermedTonal_2 (sparse)
	channel 13: intermedTonal_3 (sparse)
	channel 14: intermedTonal_4 (sparse)
	channel 15: intermedTonal_5 (sparse)
	channel 16: intermedTonal_6 (sparse)
	channel 17: intermedTonal_7 (sparse)
	channel 18: quantizedTonal (sparse)
	channel 19: errorDiffInfo2 (sparse)
	channel 20: distanceToEmpty (sparse)
	channel 21: errorDiffInfo3 (sparse)
	channel 22: errorDiffInfo4 (sparse)
	channel 23: errorDiffInfo5 (sparse)
	channel 24: errorDiffInfo6 (sparse)
	channel 25: errorDiffInfo7 (sparse)
	channel 26: errorDiffInfo8 (sparse)
	channel 27: errorDiffInfo9 (sparse)

SlaveReporter:  runs 12:51:17
slices [160, 210):
	channel 0: material (dense)
	channel 1: occupancy (dense)

PrintJobVoxelizer:  runs 12:51:17

PrintJobVoxelizer: setting up slices
PrintJobVoxelizer: rasterizing objects
PrintJobVoxelizer: creating rasterizer
PrintJobVoxelizer: rasterizing object 1
Rasterizer::rasterize:
	6 trials
	total = 3.63484 s
	mean  = 0.605807 s
	var   = 0.0135551 s^2, std = 0.116426 s
	min   = 0.39632 s
	max   = 0.750048 s


PrintJobVoxelizer: voxelizing objects
Object 1 ROI: [0 0 0] --> [473 152 50]
GWNSampleFloodVoxelizer: number of samples: 291
GWNSampleFloodVoxelizer: samples evaluated
GWNSampleFloodVoxelizer: adaptive threshold = 0.498039
GWNSampleFloodVoxelizer: flooding complete
Voxelization: solid angle evaluations per voxel: 3.47159

GWNSampleFloodVoxelizer::voxelize:
	6 trials
	total = 2.22301 s
	mean  = 0.370502 s
	var   = 0.00314163 s^2, std = 0.0560502 s
	min   = 0.31715 s
	max   = 0.467088 s

GWNSampleFloodVoxelizer::initIndicator:
	6 trials
	total = 0.137008 s
	mean  = 0.0228347 s
	var   = 7.47425e-007 s^2, std = 0.000864537 s
	min   = 0.022276 s
	max   = 0.024339 s

GWNSampleFloodVoxelizer::selectSamples:
	6 trials
	total = 0.140887 s
	mean  = 0.0234812 s
	var   = 1.55265e-007 s^2, std = 0.000394036 s
	min   = 0.023263 s
	max   = 0.024283 s

GWNSampleFloodVoxelizer::evaluateSamples:
	6 trials
	total = 1.14639 s
	mean  = 0.191064 s
	var   = 0.00323159 s^2, std = 0.0568471 s
	min   = 0.137823 s
	max   = 0.290397 s

GWNSampleFloodVoxelizer::flood:
	6 trials
	total = 0.736906 s
	mean  = 0.122818 s
	var   = 1.34248e-005 s^2, std = 0.00366399 s
	min   = 0.118443 s
	max   = 0.127668 s


PrintJobVoxelizer: finalizing surfaces
PrintJobVoxelizer: 392918 surface voxels
PrintJobVoxelizer: getting output subset
PrintJobVoxelizer: updating slice indices
TonalValueCalculator:  runs 12:51:19
slices [249, 299):
	channel 0: occupancy (dense)
	channel 1: opticalFeature (sparse)

SurfaceDistanceOrderedTransfer:  runs 12:51:19
slices [223, 299):
	channel 0: occupancy (dense)
	channel 1: surfaceDist (dense)

SurfaceDistanceOrderedTransfer: 223 249 273
LayerExtractor:  runs 12:51:19
slices [221, 273):
	channel 0: occupancy (dense)
	channel 1: surfaceDist (dense)
	channel 2: layer_000 (sparse)
	channel 3: layer_001 (sparse)
	channel 4: layer_002 (sparse)
	channel 5: layer_003 (sparse)
	channel 6: layer_004 (sparse)
	channel 7: layer_005 (sparse)
	channel 8: layer_006 (sparse)
	channel 9: layer_007 (sparse)

TonalLinearizer:  runs 12:51:19
slices [222, 272):
	channel 0: occupancy (dense)
	channel 1: surfaceDist (dense)
	channel 2: layer_000 (sparse)
	channel 3: layer_001 (sparse)
	channel 4: layer_002 (sparse)
	channel 5: layer_003 (sparse)
	channel 6: layer_004 (sparse)
	channel 7: layer_005 (sparse)
	channel 8: layer_006 (sparse)
	channel 9: layer_007 (sparse)

VectorLayerHalftoner: VectorLayerHalftoner error: no tonal values available

VectorLayerHalftoner:  runs 12:51:19
slices [210, 272):
	channel 0: occupancy (dense)
	channel 1: surfaceDist (dense)
	channel 2: layer_000 (sparse)
	channel 3: layer_001 (sparse)
	channel 4: layer_002 (sparse)
	channel 5: layer_003 (sparse)
	channel 6: layer_004 (sparse)
	channel 7: layer_005 (sparse)
	channel 8: layer_006 (sparse)
	channel 9: layer_007 (sparse)
	channel 10: intermedTonal_0 (sparse)
	channel 11: intermedTonal_1 (sparse)
	channel 12: intermedTonal_2 (sparse)
	channel 13: intermedTonal_3 (sparse)
	channel 14: intermedTonal_4 (sparse)
	channel 15: intermedTonal_5 (sparse)
	channel 16: intermedTonal_6 (sparse)
	channel 17: intermedTonal_7 (sparse)
	channel 18: quantizedTonal (sparse)
	channel 19: errorDiffInfo2 (sparse)
	channel 20: distanceToEmpty (sparse)
	channel 21: errorDiffInfo3 (sparse)
	channel 22: errorDiffInfo4 (sparse)
	channel 23: errorDiffInfo5 (sparse)
	channel 24: errorDiffInfo6 (sparse)
	channel 25: errorDiffInfo7 (sparse)
	channel 26: errorDiffInfo8 (sparse)
	channel 27: errorDiffInfo9 (sparse)

SlaveReporter:  runs 12:51:20
slices [210, 260):
	channel 0: material (dense)
	channel 1: occupancy (dense)

PrintJobVoxelizer:  runs 12:51:20

PrintJobVoxelizer: setting up slices
PrintJobVoxelizer: rasterizing objects
PrintJobVoxelizer: creating rasterizer
PrintJobVoxelizer: rasterizing object 1
Rasterizer::rasterize:
	7 trials
	total = 4.37133 s
	mean  = 0.624475 s
	var   = 0.0137355 s^2, std = 0.117198 s
	min   = 0.39632 s
	max   = 0.750048 s


PrintJobVoxelizer: voxelizing objects
Object 1 ROI: [0 0 0] --> [473 152 50]
GWNSampleFloodVoxelizer: number of samples: 351
GWNSampleFloodVoxelizer: samples evaluated
GWNSampleFloodVoxelizer: adaptive threshold = 0.498039
GWNSampleFloodVoxelizer: flooding complete
Voxelization: solid angle evaluations per voxel: 4.8835

GWNSampleFloodVoxelizer::voxelize:
	7 trials
	total = 2.67431 s
	mean  = 0.382044 s
	var   = 0.0035505 s^2, std = 0.0595861 s
	min   = 0.31715 s
	max   = 0.467088 s

GWNSampleFloodVoxelizer::initIndicator:
	7 trials
	total = 0.161346 s
	mean  = 0.0230494 s
	var   = 9.45713e-007 s^2, std = 0.000972478 s
	min   = 0.022276 s
	max   = 0.024339 s

GWNSampleFloodVoxelizer::selectSamples:
	7 trials
	total = 0.164153 s
	mean  = 0.0234504 s
	var   = 1.36001e-007 s^2, std = 0.000368783 s
	min   = 0.023263 s
	max   = 0.024283 s

GWNSampleFloodVoxelizer::evaluateSamples:
	7 trials
	total = 1.41628 s
	mean  = 0.202326 s
	var   = 0.00358077 s^2, std = 0.0598395 s
	min   = 0.137823 s
	max   = 0.290397 s

GWNSampleFloodVoxelizer::flood:
	7 trials
	total = 0.862566 s
	mean  = 0.123224 s
	var   = 1.23415e-005 s^2, std = 0.00351305 s
	min   = 0.118443 s
	max   = 0.127668 s


PrintJobVoxelizer: finalizing surfaces
PrintJobVoxelizer: 462803 surface voxels
PrintJobVoxelizer: getting output subset
PrintJobVoxelizer: updating slice indices
TonalValueCalculator:  runs 12:51:21
slices [299, 349):
	channel 0: occupancy (dense)
	channel 1: opticalFeature (sparse)

SurfaceDistanceOrderedTransfer:  runs 12:51:21
slices [273, 349):
	channel 0: occupancy (dense)
	channel 1: surfaceDist (dense)

SurfaceDistanceOrderedTransfer: 273 299 323
LayerExtractor:  runs 12:51:22
slices [271, 323):
	channel 0: occupancy (dense)
	channel 1: surfaceDist (dense)
	channel 2: layer_000 (sparse)
	channel 3: layer_001 (sparse)
	channel 4: layer_002 (sparse)
	channel 5: layer_003 (sparse)
	channel 6: layer_004 (sparse)
	channel 7: layer_005 (sparse)
	channel 8: layer_006 (sparse)
	channel 9: layer_007 (sparse)

TonalLinearizer:  runs 12:51:22
slices [272, 322):
	channel 0: occupancy (dense)
	channel 1: surfaceDist (dense)
	channel 2: layer_000 (sparse)
	channel 3: layer_001 (sparse)
	channel 4: layer_002 (sparse)
	channel 5: layer_003 (sparse)
	channel 6: layer_004 (sparse)
	channel 7: layer_005 (sparse)
	channel 8: layer_006 (sparse)
	channel 9: layer_007 (sparse)

VectorLayerHalftoner: VectorLayerHalftoner error: no tonal values available

VectorLayerHalftoner:  runs 12:51:22
slices [260, 322):
	channel 0: occupancy (dense)
	channel 1: surfaceDist (dense)
	channel 2: layer_000 (sparse)
	channel 3: layer_001 (sparse)
	channel 4: layer_002 (sparse)
	channel 5: layer_003 (sparse)
	channel 6: layer_004 (sparse)
	channel 7: layer_005 (sparse)
	channel 8: layer_006 (sparse)
	channel 9: layer_007 (sparse)
	channel 10: intermedTonal_0 (sparse)
	channel 11: intermedTonal_1 (sparse)
	channel 12: intermedTonal_2 (sparse)
	channel 13: intermedTonal_3 (sparse)
	channel 14: intermedTonal_4 (sparse)
	channel 15: intermedTonal_5 (sparse)
	channel 16: intermedTonal_6 (sparse)
	channel 17: intermedTonal_7 (sparse)
	channel 18: quantizedTonal (sparse)
	channel 19: errorDiffInfo2 (sparse)
	channel 20: distanceToEmpty (sparse)
	channel 21: errorDiffInfo3 (sparse)
	channel 22: errorDiffInfo4 (sparse)
	channel 23: errorDiffInfo5 (sparse)
	channel 24: errorDiffInfo6 (sparse)
	channel 25: errorDiffInfo7 (sparse)
	channel 26: errorDiffInfo8 (sparse)
	channel 27: errorDiffInfo9 (sparse)

SlaveReporter:  runs 12:51:23
slices [260, 310):
	channel 0: material (dense)
	channel 1: occupancy (dense)

PrintJobVoxelizer:  runs 12:51:23

PrintJobVoxelizer: setting up slices
PrintJobVoxelizer: rasterizing objects
PrintJobVoxelizer: creating rasterizer
PrintJobVoxelizer: rasterizing object 1
Rasterizer::rasterize:
	8 trials
	total = 4.6152 s
	mean  = 0.5769 s
	var   = 0.0298805 s^2, std = 0.17286 s
	min   = 0.243873 s
	max   = 0.750048 s


PrintJobVoxelizer: voxelizing objects
Object 1 ROI: [0 0 0] --> [473 152 39]
GWNSampleFloodVoxelizer: number of samples: 260
GWNSampleFloodVoxelizer: samples evaluated
GWNSampleFloodVoxelizer: adaptive threshold = 0.498039
GWNSampleFloodVoxelizer: flooding complete
Voxelization: solid angle evaluations per voxel: 1.94837

GWNSampleFloodVoxelizer::voxelize:
	8 trials
	total = 2.93082 s
	mean  = 0.366352 s
	var   = 0.00501306 s^2, std = 0.070803 s
	min   = 0.256512 s
	max   = 0.467088 s

GWNSampleFloodVoxelizer::initIndicator:
	8 trials
	total = 0.179606 s
	mean  = 0.0224507 s
	var   = 3.67794e-006 s^2, std = 0.0019178 s
	min   = 0.01826 s
	max   = 0.024339 s

GWNSampleFloodVoxelizer::selectSamples:
	8 trials
	total = 0.18966 s
	mean  = 0.0237075 s
	var   = 6.45258e-007 s^2, std = 0.00080328 s
	min   = 0.023263 s
	max   = 0.025507 s

GWNSampleFloodVoxelizer::evaluateSamples:
	8 trials
	total = 1.52091 s
	mean  = 0.190113 s
	var   = 0.00426247 s^2, std = 0.0652876 s
	min   = 0.104623 s
	max   = 0.290397 s

GWNSampleFloodVoxelizer::flood:
	8 trials
	total = 0.962571 s
	mean  = 0.120321 s
	var   = 7.7967e-005 s^2, std = 0.00882989 s
	min   = 0.100005 s
	max   = 0.127668 s


PrintJobVoxelizer: finalizing surfaces
PrintJobVoxelizer: 475499 surface voxels
PrintJobVoxelizer: getting output subset
PrintJobVoxelizer: updating slice indices
TonalValueCalculator:  runs 12:51:24
slices [349, 389):
	channel 0: occupancy (dense)
	channel 1: opticalFeature (sparse)

SurfaceDistanceOrderedTransfer:  runs 12:51:24
slices [323, 389):
	channel 0: occupancy (dense)
	channel 1: surfaceDist (dense)

SurfaceDistanceOrderedTransfer: 323 349 389
LayerExtractor:  runs 12:51:24
slices [321, 389):
	channel 0: occupancy (dense)
	channel 1: surfaceDist (dense)
	channel 2: layer_000 (sparse)
	channel 3: layer_001 (sparse)
	channel 4: layer_002 (sparse)
	channel 5: layer_003 (sparse)
	channel 6: layer_004 (sparse)
	channel 7: layer_005 (sparse)
	channel 8: layer_006 (sparse)
	channel 9: layer_007 (sparse)

TonalLinearizer:  runs 12:51:24
slices [322, 389):
	channel 0: occupancy (dense)
	channel 1: surfaceDist (dense)
	channel 2: layer_000 (sparse)
	channel 3: layer_001 (sparse)
	channel 4: layer_002 (sparse)
	channel 5: layer_003 (sparse)
	channel 6: layer_004 (sparse)
	channel 7: layer_005 (sparse)
	channel 8: layer_006 (sparse)
	channel 9: layer_007 (sparse)

VectorLayerHalftoner: VectorLayerHalftoner error: no tonal values available

VectorLayerHalftoner:  runs 12:51:24
slices [310, 389):
	channel 0: occupancy (dense)
	channel 1: surfaceDist (dense)
	channel 2: layer_000 (sparse)
	channel 3: layer_001 (sparse)
	channel 4: layer_002 (sparse)
	channel 5: layer_003 (sparse)
	channel 6: layer_004 (sparse)
	channel 7: layer_005 (sparse)
	channel 8: layer_006 (sparse)
	channel 9: layer_007 (sparse)
	channel 10: intermedTonal_0 (sparse)
	channel 11: intermedTonal_1 (sparse)
	channel 12: intermedTonal_2 (sparse)
	channel 13: intermedTonal_3 (sparse)
	channel 14: intermedTonal_4 (sparse)
	channel 15: intermedTonal_5 (sparse)
	channel 16: intermedTonal_6 (sparse)
	channel 17: intermedTonal_7 (sparse)
	channel 18: quantizedTonal (sparse)
	channel 19: errorDiffInfo2 (sparse)
	channel 20: distanceToEmpty (sparse)
	channel 21: errorDiffInfo3 (sparse)
	channel 22: errorDiffInfo4 (sparse)
	channel 23: errorDiffInfo5 (sparse)
	channel 24: errorDiffInfo6 (sparse)
	channel 25: errorDiffInfo7 (sparse)
	channel 26: errorDiffInfo8 (sparse)
	channel 27: errorDiffInfo9 (sparse)

SlaveReporter:  runs 12:51:25
slices [310, 389):
	channel 0: material (dense)
	channel 1: occupancy (dense)

Computation finished 

Status: success
Slave Node  2 :Total execution time in seconds 27.5849

