SlavePrintingSoftware::startUp:
	1 trials
	total = 0.19602 s
	mean  = 0.19602 s
	var   = 0 s^2, std = 0 s
	min   = 0.19602 s
	max   = 0.19602 s

PrintingSoftware::execute:
	1 trials
	total = 309.429 s
	mean  = 309.429 s
	var   = 0 s^2, std = 0 s
	min   = 309.429 s
	max   = 309.429 s

DistributedComputingInitiator::Receive:
	1 trials
	total = 149.388 s
	mean  = 149.388 s
	var   = 0 s^2, std = 0 s
	min   = 149.388 s
	max   = 149.388 s

5PrintJobOrganizer::setInput:
	1 trials
	total = 0.001 s
	mean  = 0.001 s
	var   = 0 s^2, std = 0 s
	min   = 0.001 s
	max   = 0.001 s

PrintJobOrganizer::runInternal:
	1 trials
	total = 0.260026 s
	mean  = 0.260026 s
	var   = 0 s^2, std = 0 s
	min   = 0.260026 s
	max   = 0.260026 s

ãintJobVoxelizer::setInput:
	16 trials
	total = 0 s
	mean  = 0 s
	var   = 0 s^2, std = 0 s
	min   = 0 s
	max   = 0 s

PrintJobVoxelizer::runInternal:
	16 trials
	total = 63.2423 s
	mean  = 3.95265 s
	var   = 0.683987 s^2, std = 0.827035 s
	min   = 1.49915 s
	max   = 4.80448 s

PrintJobVoxelizer::rasterizeObjects:
	16 trials
	total = 16.2056 s
	mean  = 1.01285 s
	var   = 0.0770091 s^2, std = 0.277505 s
	min   = 0.376038 s
	max   = 1.25813 s

PrintJobVoxelizer::voxelizeObjects:
	16 trials
	total = 45.2355 s
	mean  = 2.82722 s
	var   = 0.368258 s^2, std = 0.606842 s
	min   = 1.06411 s
	max   = 3.72437 s

PrintJobVoxelizer::finalizeSurfaces:
	16 trials
	total = 0.641068 s
	mean  = 0.0400668 s
	var   = 6.00751e-005 s^2, std = 0.00775082 s
	min   = 0.018002 s
	max   = 0.048005 s

SÿÿyerExtractor::setInput:
	16 trials
	total = 0.002002 s
	mean  = 0.000125125 s
	var   = 1.169e-007 s^2, std = 0.000341907 s
	min   = 0 s
	max   = 0.001001 s

LayerExtractor::runInternal:
	16 trials
	total = 11.1931 s
	mean  = 0.69957 s
	var   = 0.0654243 s^2, std = 0.255782 s
	min   = 0.130013 s
	max   = 1.0431 s

Œ