SlavePrintingSoftware::startUp:
	1 trials
	total = 0.312502 s
	mean  = 0.312502 s
	var   = 0 s^2, std = 0 s
	min   = 0.312502 s
	max   = 0.312502 s

PrintingSoftware::execute:
	1 trials
	total = 413.847 s
	mean  = 413.847 s
	var   = 0 s^2, std = 0 s
	min   = 413.847 s
	max   = 413.847 s

SlavePrintingSoftware::communicateData:
	7 trials
	total = 0.046855 s
	mean  = 0.00669357 s
	var   = 0.000151091 s^2, std = 0.0122919 s
	min   = 0 s
	max   = 0.031253 s

SlavePJCollector::deserialize:
	4 trials
	total = 0.093756 s
	mean  = 0.023439 s
	var   = 0.000244109 s^2, std = 0.015624 s
	min   = 0.015625 s
	max   = 0.046875 s

SlavePJCollector::Receive:
	15 trials
	total = 39.7536 s
	mean  = 2.65024 s
	var   = 61.4286 s^2, std = 7.83764 s
	min   = 0 s
	max   = 30.581 s

PrintJobOrganizer::setInput:
	1 trials
	total = 0 s
	mean  = 0 s
	var   = 0 s^2, std = 0 s
	min   = 0 s
	max   = 0 s

PrintJobOrganizer::runInternal:
	1 trials
	total = 0.593762 s
	mean  = 0.593762 s
	var   = 0 s^2, std = 0 s
	min   = 0.593762 s
	max   = 0.593762 s

PrintJobPreprocessor::setInput:
	1 trials
	total = 0 s
	mean  = 0 s
	var   = 0 s^2, std = 0 s
	min   = 0 s
	max   = 0 s

PrintJobPreprocessor::runInternal:
	1 trials
	total = 2.62528 s
	mean  = 2.62528 s
	var   = 0 s^2, std = 0 s
	min   = 2.62528 s
	max   = 2.62528 s

PrintJobVoxelizer::setInput:
	16 trials
	total = 0 s
	mean  = 0 s
	var   = 0 s^2, std = 0 s
	min   = 0 s
	max   = 0 s

PrintJobVoxelizer::runInternal:
	16 trials
	total = 119.447 s
	mean  = 7.46545 s
	var   = 1.10441 s^2, std = 1.05091 s
	min   = 3.93788 s
	max   = 8.68816 s

PrintJobVoxelizer::rasterizeObjects:
	16 trials
	total = 28.518 s
	mean  = 1.78237 s
	var   = 0.26328 s^2, std = 0.513108 s
	min   = 0.671908 s
	max   = 2.42214 s

PrintJobVoxelizer::voxelizeObjects:
	16 trials
	total = 87.6633 s
	mean  = 5.47896 s
	var   = 0.447875 s^2, std = 0.669234 s
	min   = 3.15655 s
	max   = 6.14109 s

PrintJobVoxelizer::finalizeSurfaces:
	16 trials
	total = 1.0469 s
	mean  = 0.0654311 s
	var   = 0.000365294 s^2, std = 0.0191127 s
	min   = 0.031253 s
	max   = 0.125012 s

TonalValueCalculator::setInput:
	16 trials
	total = 0 s
	mean  = 0 s
	var   = 0 s^2, std = 0 s
	min   = 0 s
	max   = 0 s

TonalValueCalculator::runInternal:
	16 trials
	total = 0.65619 s
	mean  = 0.0410119 s
	var   = 0.000288786 s^2, std = 0.0169937 s
	min   = 0 s
	max   = 0.062506 s

SurfaceDistanceOrderedTransfer::setInput:
	16 trials
	total = 0 s
	mean  = 0 s
	var   = 0 s^2, std = 0 s
	min   = 0 s
	max   = 0 s

SurfaceDistanceOrderedTransfer::runInternal:
	16 trials
	total = 55.1923 s
	mean  = 3.44952 s
	var   = 0.293927 s^2, std = 0.54215 s
	min   = 1.59387 s
	max   = 3.90662 s

SurfaceDistanceOrderedTransfer::buildOrderedSurfaceData:
	16 trials
	total = 1.01573 s
	mean  = 0.0634832 s
	var   = 0.00789526 s^2, std = 0.0888553 s
	min   = 0 s
	max   = 0.390682 s

SurfaceDistanceOrderedTransfer::fillDistanceChannel:
	16 trials
	total = 3.14113 s
	mean  = 0.196321 s
	var   = 0.00192041 s^2, std = 0.0438225 s
	min   = 0.078138 s
	max   = 0.312563 s

SurfaceDistanceOrderedTransfer::transfer:
	16 trials
	total = 49.5977 s
	mean  = 3.09986 s
	var   = 0.330108 s^2, std = 0.57455 s
	min   = 1.09381 s
	max   = 3.5628 s

SurfaceDistanceOrderedTransfer::mergeDistances:
	48 trials
	total = 4.33715 s
	mean  = 0.0903572 s
	var   = 0.000222373 s^2, std = 0.0149122 s
	min   = 0.031252 s
	max   = 0.109385 s

SurfaceDistanceOrderedTransfer::applySqrt:
	16 trials
	total = 1.43777 s
	mean  = 0.0898604 s
	var   = 0.00024433 s^2, std = 0.0156311 s
	min   = 0.031244 s
	max   = 0.093788 s

LayerExtractor::setInput:
	16 trials
	total = 0 s
	mean  = 0 s
	var   = 0 s^2, std = 0 s
	min   = 0 s
	max   = 0 s

LayerExtractor::runInternal:
	16 trials
	total = 17.189 s
	mean  = 1.07431 s
	var   = 0.157727 s^2, std = 0.397148 s
	min   = 0.171917 s
	max   = 1.50018 s

VectorLayerHalftoner::setInput:
	16 trials
	total = 0.046877 s
	mean  = 0.00292981 s
	var   = 3.96762e-005 s^2, std = 0.00629891 s
	min   = 0 s
	max   = 0.015627 s

VectorLayerHalftoner::runInternal:
	16 trials
	total = 154.299 s
	mean  = 9.64367 s
	var   = 17.092 s^2, std = 4.13424 s
	min   = 1.14071 s
	max   = 15.3449 s

VectorLayerHalftoner(0)::setupOutputContainerSlaveReporter::serializeSlice:
	777 trials
	total = 4.57838 s
	mean  = 0.00589238 s
	var   = 5.93153e-005 s^2, std = 0.00770164 s
	min   = 0 s
	max   = 0.031252 s

SlaveReporter::Send:
	3146 trials
	total = 0.751167 s
	mean  = 0.000238769 s
	var   = 3.99242e-006 s^2, std = 0.0019981 s
	min   = 0 s
	max   = 0.031362 s

SlaveReporter::CompressData:
	777 trials
	total = 8.34383 s
	mean  = 0.0107385 s
	var   = 5.31722e-005 s^2, std = 0.00729193 s
	min   = 0 s
	max   = 0.031252 s

