SlavePrintingSoftware::startUp:
	1 trials
	total = 0.265612 s
	mean  = 0.265612 s
	var   = 0 s^2, std = 0 s
	min   = 0.265612 s
	max   = 0.265612 s

PrintingSoftware::execute:
	1 trials
	total = 703.467 s
	mean  = 703.467 s
	var   = 0 s^2, std = 0 s
	min   = 703.467 s
	max   = 703.467 s

DistributedComputingInitiator::Receive:
	1 trials
	total = 29.9868 s
	mean  = 29.9868 s
	var   = 0 s^2, std = 0 s
	min   = 29.9868 s
	max   = 29.9868 s

FileParserPJ::setInput:
	1 trials
	total = 0 s
	mean  = 0 s
	var   = 0 s^2, std = 0 s
	min   = 0 s
	max   = 0 s

FileParserPJ::runInternal:
	1 trials
	total = 12.3923 s
	mean  = 12.3923 s
	var   = 0 s^2, std = 0 s
	min   = 12.3923 s
	max   = 12.3923 s

PrintJobOrganizer::setInput:
	1 trials
	total = 0 s
	mean  = 0 s
	var   = 0 s^2, std = 0 s
	min   = 0 s
	max   = 0 s

PrintJobOrganizer::runInternal:
	1 trials
	total = 0.781284 s
	mean  = 0.781284 s
	var   = 0 s^2, std = 0 s
	min   = 0.781284 s
	max   = 0.781284 s

PrintJobPreprocessor::setInput:
	1 trials
	total = 0 s
	mean  = 0 s
	var   = 0 s^2, std = 0 s
	min   = 0 s
	max   = 0 s

PrintJobPreprocessor::runInternal:
	1 trials
	total = 3.43781 s
	mean  = 3.43781 s
	var   = 0 s^2, std = 0 s
	min   = 3.43781 s
	max   = 3.43781 s

PrintJobVoxelizer::setInput:
	16 trials
	total = 0 s
	mean  = 0 s
	var   = 0 s^2, std = 0 s
	min   = 0 s
	max   = 0 s

PrintJobVoxelizer::runInternal:
	16 trials
	total = 196.095 s
	mean  = 12.2559 s
	var   = 3.54797 s^2, std = 1.88361 s
	min   = 6.10987 s
	max   = 14.173 s

PrintJobVoxelizer::rasterizeObjects:
	16 trials
	total = 39.9856 s
	mean  = 2.4991 s
	var   = 0.604148 s^2, std = 0.77727 s
	min   = 0.765687 s
	max   = 3.32837 s

PrintJobVoxelizer::voxelizeObjects:
	16 trials
	total = 151.639 s
	mean  = 9.47744 s
	var   = 1.8714 s^2, std = 1.36799 s
	min   = 5.2348 s
	max   = 10.6415 s

PrintJobVoxelizer::finalizeSurfaces:
	16 trials
	total = 1.35941 s
	mean  = 0.0849631 s
	var   = 0.000291918 s^2, std = 0.0170856 s
	min   = 0.031252 s
	max   = 0.093771 s

TonalValueCalculator::setInput:
	16 trials
	total = 0 s
	mean  = 0 s
	var   = 0 s^2, std = 0 s
	min   = 0 s
	max   = 0 s

TonalValueCalculator::runInternal:
	16 trials
	total = 0.906322 s
	mean  = 0.0566451 s
	var   = 0.000614514 s^2, std = 0.0247894 s
	min   = 0 s
	max   = 0.093757 s

SurfaceDistanceOrderedTransfer::setInput:
	16 trials
	total = 0 s
	mean  = 0 s
	var   = 0 s^2, std = 0 s
	min   = 0 s
	max   = 0 s

SurfaceDistanceOrderedTransfer::runInternal:
	16 trials
	total = 93.415 s
	mean  = 5.83844 s
	var   = 0.862055 s^2, std = 0.928469 s
	min   = 2.62521 s
	max   = 6.53236 s

SurfaceDistanceOrderedTransfer::buildOrderedSurfaceData:
	16 trials
	total = 1.41469 s
	mean  = 0.0884183 s
	var   = 0.0135811 s^2, std = 0.116538 s
	min   = 0 s
	max   = 0.515667 s

SurfaceDistanceOrderedTransfer::fillDistanceChannel:
	16 trials
	total = 4.34158 s
	mean  = 0.271349 s
	var   = 0.00204347 s^2, std = 0.0452048 s
	min   = 0.109417 s
	max   = 0.312525 s

SurfaceDistanceOrderedTransfer::transfer:
	16 trials
	total = 86.2411 s
	mean  = 5.39007 s
	var   = 0.955266 s^2, std = 0.977377 s
	min   = 1.96888 s
	max   = 6.09918 s

SurfaceDistanceOrderedTransfer::mergeDistances:
	64 trials
	total = 6.20575 s
	mean  = 0.0969648 s
	var   = 0.000204807 s^2, std = 0.0143111 s
	min   = 0.046879 s
	max   = 0.116307 s

SurfaceDistanceOrderedTransfer::applySqrt:
	16 trials
	total = 1.4176 s
	mean  = 0.0885997 s
	var   = 0.000332877 s^2, std = 0.0182449 s
	min   = 0.031251 s
	max   = 0.10938 s

LayerExtractor::setInput:
	16 trials
	total = 0 s
	mean  = 0 s
	var   = 0 s^2, std = 0 s
	min   = 0 s
	max   = 0 s

LayerExtractor::runInternal:
	16 trials
	total = 27.6378 s
	mean  = 1.72736 s
	var   = 0.453226 s^2, std = 0.67322 s
	min   = 0.234424 s
	max   = 2.43771 s

VectorLayerHalftoner::setInput:
	16 trials
	total = 0.015627 s
	mean  = 0.000976687 s
	var   = 1.52627e-005 s^2, std = 0.00390675 s
	min   = 0 s
	max   = 0.015627 s

VectorLayerHalftoner::runInternal:
	16 trials
	total = 261.21 s
	mean  = 16.3256 s
	var   = 56.1687 s^2, std = 7.49458 s
	min   = 1.53134 s
	max   = 27.0178 s

VectorLayerHalftoner(0)::setupOutputContainerSlaveReporter::serializeSlice:
	777 trials
	total = 616.245 s
	mean  = 0.793108 s
	var   = 0.529817 s^2, std = 0.727885 s
	min   = 0.531062 s
	max   = 7.86001 s

SlaveReporter::Send:
	22 trials
	total = 0 s
	mean  = 0 s
	var   = 0 s^2, std = 0 s
	min   = 0 s
	max   = 0 s

