Warning:json file inside profile could not be parsed 

GL version: 4.4.0

Warning: there is no json file embedded inside profile 

FileParserPJ: initializing
PrintJobOrganizer: initializing
MasterDistributor: initializing
MasterMerger: initializing
SliceDebugger: initializing
FileParserPJ:  runs 14:12:38

FileParserPJ: loading OBJ file

244921 vertices
489840 faces

FileParserPJ: 245383 texture coordinates

FileParserPJ: 245383 vertices after duplication

FileParserPJ: //filer-igd2.igd.fraunhofer.de/igd-3dt/shared/3DModels/Head/HeadMTL/Head_Level3.obj parsed: 245383 vertices and 489840 faces

FileParserPJ: loading jpg file

FileParserPJ: loading OBJ file

244921 vertices
489840 faces

FileParserPJ: 245383 texture coordinates

FileParserPJ: 245383 vertices after duplication

FileParserPJ: //filer-igd2.igd.fraunhofer.de/igd-3dt/shared/3DModels/Head/HeadMTL/Head_Level3.obj parsed: 245383 vertices and 489840 faces

FileParserPJ: loading jpg file

FileParserPJ: Input files parsed

PrintJobOrganizer:  runs 14:12:46

centering objects at origin
optimizing rotation for height
scaling objects
optimizing rotation for support use
PrintJobOrganizer: support cost         = 25.4975
support cost flipped = 22.913

PrintJobOrganizer: support cost         = 25.4975
support cost flipped = 22.913

arranging objects in 2D
validating object placement
PrintJobOrganizer: print object 1 print-space bounding box: (0.00105833, 0.00211667, 0.000751479), (8.00106, 5.11984, 4.19375)
PrintJobOrganizer: print object 2 print-space bounding box: (0.00105833, 5.31984, 0.000751479), (8.00106, 10.4376, 4.19375)
saving transforms to file
MasterDistributor:  runs 14:12:46

MasterDistributor::runInternal
MasterMerger:  runs 14:12:46

MasterMerger::runInternal
MasterMerger: metadata for thread : 1

MasterMerger: received height : 605

MasterMerger: received width : 1891

MasterMerger: received num of slices : 1396

MasterMerger: received chunk size : 10

MasterMerger: received path : //pc2215/SharedFolder/MRepo/3DPrinterDriver/DistributedComputing/Node_1/Node_1_ReportedSlices/

MasterMerger: metadata for thread : 2

MasterMerger: received height : 605

MasterMerger: received width : 1891

MasterMerger: received num of slices : 1396

MasterMerger: received chunk size : 10

MasterMerger: received path : //pc2215/SharedFolder/MRepo/3DPrinterDriver/DistributedComputing/Node_2/Node_2_ReportedSlices/

MasterMerger: Print Volume x:  11811

MasterMerger: Print Volume y:  4724.41

MasterMerger: Node id:  1

MasterMerger: Offset x : 0

MasterMerger: Offset y : 0

MasterMerger: Node id:  2

MasterMerger: Offset x : 0

MasterMerger: Offset y : 628.622

MasterMerger: Added height is:605after adding height of slave 1

MasterMerger: Added height is:1210after adding height of slave 2

MasterMerger: m_fullSliceHt : 1258

MasterMerger: m_fullSliceWidth : 1891

MasterMerger: m_numSlices : 1396

MasterMerger: m_chunkSize : 10

SliceDebugger:  runs 14:14:14
slices [0, 10):
	channel 0: material (dense)

MasterMerger:  runs 14:14:15
slices [0, 10):
	channel 0: material (dense)

SliceDebugger:  runs 14:14:15
slices [10, 20):
	channel 0: material (dense)

MasterMerger:  runs 14:14:15
slices [10, 20):
	channel 0: material (dense)

SliceDebugger:  runs 14:14:49
slices [20, 30):
	channel 0: material (dense)

MasterMerger:  runs 14:14:49
slices [20, 30):
	channel 0: material (dense)

SliceDebugger:  runs 14:14:49
slices [30, 40):
	channel 0: material (dense)

MasterMerger:  runs 14:14:49
slices [30, 40):
	channel 0: material (dense)

SliceDebugger:  runs 14:16:23
slices [40, 50):
	channel 0: material (dense)

MasterMerger:  runs 14:16:23
slices [40, 50):
	channel 0: material (dense)

SliceDebugger:  runs 14:16:24
slices [50, 60):
	channel 0: material (dense)

MasterMerger:  runs 14:16:24
slices [50, 60):
	channel 0: material (dense)

SliceDebugger:  runs 14:16:57
slices [60, 70):
	channel 0: material (dense)

MasterMerger:  runs 14:16:58
slices [60, 70):
	channel 0: material (dense)

SliceDebugger:  runs 14:16:58
slices [70, 80):
	channel 0: material (dense)

MasterMerger:  runs 14:16:59
slices [70, 80):
	channel 0: material (dense)

SliceDebugger:  runs 14:18:27
slices [80, 90):
	channel 0: material (dense)

MasterMerger:  runs 14:18:28
slices [80, 90):
	channel 0: material (dense)

SliceDebugger:  runs 14:18:28
slices [90, 100):
	channel 0: material (dense)

MasterMerger:  runs 14:18:28
slices [90, 100):
	channel 0: material (dense)

SliceDebugger:  runs 14:19:2
slices [100, 110):
	channel 0: material (dense)

MasterMerger:  runs 14:19:2
slices [100, 110):
	channel 0: material (dense)

SliceDebugger:  runs 14:19:3
slices [110, 120):
	channel 0: material (dense)

MasterMerger:  runs 14:19:3
slices [110, 120):
	channel 0: material (dense)

SliceDebugger:  runs 14:20:16
slices [120, 130):
	channel 0: material (dense)

MasterMerger:  runs 14:20:17
slices [120, 130):
	channel 0: material (dense)

SliceDebugger:  runs 14:20:17
slices [130, 140):
	channel 0: material (dense)

MasterMerger:  runs 14:20:17
slices [130, 140):
	channel 0: material (dense)

SliceDebugger:  runs 14:22:5
slices [140, 150):
	channel 0: material (dense)

MasterMerger:  runs 14:22:5
slices [140, 150):
	channel 0: material (dense)

SliceDebugger:  runs 14:22:5
slices [150, 160):
	channel 0: material (dense)

MasterMerger:  runs 14:22:6
slices [150, 160):
	channel 0: material (dense)

SliceDebugger:  runs 14:22:46
slices [160, 170):
	channel 0: material (dense)

MasterMerger:  runs 14:22:47
slices [160, 170):
	channel 0: material (dense)

SliceDebugger:  runs 14:22:47
slices [170, 180):
	channel 0: material (dense)

MasterMerger:  runs 14:22:47
slices [170, 180):
	channel 0: material (dense)

SliceDebugger:  runs 14:24:25
slices [180, 190):
	channel 0: material (dense)

MasterMerger:  runs 14:24:25
slices [180, 190):
	channel 0: material (dense)

SliceDebugger:  runs 14:24:25
slices [190, 200):
	channel 0: material (dense)

MasterMerger:  runs 14:24:26
slices [190, 200):
	channel 0: material (dense)

SliceDebugger:  runs 14:25:15
slices [200, 210):
	channel 0: material (dense)

MasterMerger:  runs 14:25:16
slices [200, 210):
	channel 0: material (dense)

SliceDebugger:  runs 14:25:16
slices [210, 220):
	channel 0: material (dense)

MasterMerger:  runs 14:25:16
slices [210, 220):
	channel 0: material (dense)

SliceDebugger:  runs 14:26:44
slices [220, 230):
	channel 0: material (dense)

MasterMerger:  runs 14:26:44
slices [220, 230):
	channel 0: material (dense)

SliceDebugger:  runs 14:26:45
slices [230, 240):
	channel 0: material (dense)

MasterMerger:  runs 14:26:45
slices [230, 240):
	channel 0: material (dense)

SliceDebugger:  runs 14:27:27
slices [240, 250):
	channel 0: material (dense)

MasterMerger:  runs 14:27:27
slices [240, 250):
	channel 0: material (dense)

SliceDebugger:  runs 14:27:28
slices [250, 260):
	channel 0: material (dense)

MasterMerger:  runs 14:27:28
slices [250, 260):
	channel 0: material (dense)

SliceDebugger:  runs 14:28:53
slices [260, 270):
	channel 0: material (dense)

MasterMerger:  runs 14:28:53
slices [260, 270):
	channel 0: material (dense)

SliceDebugger:  runs 14:28:53
slices [270, 280):
	channel 0: material (dense)

MasterMerger:  runs 14:28:54
slices [270, 280):
	channel 0: material (dense)

SliceDebugger:  runs 14:29:24
slices [280, 290):
	channel 0: material (dense)

MasterMerger:  runs 14:29:25
slices [280, 290):
	channel 0: material (dense)

SliceDebugger:  runs 14:29:25
slices [290, 300):
	channel 0: material (dense)

MasterMerger:  runs 14:29:25
slices [290, 300):
	channel 0: material (dense)

SliceDebugger:  runs 14:30:10
slices [300, 310):
	channel 0: material (dense)

MasterMerger:  runs 14:30:11
slices [300, 310):
	channel 0: material (dense)

SliceDebugger:  runs 14:30:11
slices [310, 320):
	channel 0: material (dense)

MasterMerger:  runs 14:30:11
slices [310, 320):
	channel 0: material (dense)

SliceDebugger:  runs 14:30:11
slices [320, 330):
	channel 0: material (dense)

MasterMerger:  runs 14:30:12
slices [320, 330):
	channel 0: material (dense)

SliceDebugger:  runs 14:30:12
slices [330, 340):
	channel 0: material (dense)

MasterMerger:  runs 14:30:12
slices [330, 340):
	channel 0: material (dense)

SliceDebugger:  runs 14:30:12
slices [340, 350):
	channel 0: material (dense)

MasterMerger:  runs 14:30:13
slices [340, 350):
	channel 0: material (dense)

SliceDebugger:  runs 14:30:13
slices [350, 360):
	channel 0: material (dense)

MasterMerger:  runs 14:30:13
slices [350, 360):
	channel 0: material (dense)

SliceDebugger:  runs 14:30:13
slices [360, 370):
	channel 0: material (dense)

MasterMerger:  runs 14:30:14
slices [360, 370):
	channel 0: material (dense)

SliceDebugger:  runs 14:30:14
slices [370, 380):
	channel 0: material (dense)

MasterMerger:  runs 14:30:14
slices [370, 380):
	channel 0: material (dense)

SliceDebugger:  runs 14:30:14
slices [380, 390):
	channel 0: material (dense)

MasterMerger:  runs 14:30:15
slices [380, 390):
	channel 0: material (dense)

SliceDebugger:  runs 14:30:15
slices [390, 400):
	channel 0: material (dense)

MasterMerger:  runs 14:30:15
slices [390, 400):
	channel 0: material (dense)

SliceDebugger:  runs 14:30:15
slices [400, 410):
	channel 0: material (dense)

MasterMerger:  runs 14:30:16
slices [400, 410):
	channel 0: material (dense)

SliceDebugger:  runs 14:30:16
slices [410, 420):
	channel 0: material (dense)

MasterMerger:  runs 14:30:16
slices [410, 420):
	channel 0: material (dense)

SliceDebugger:  runs 14:30:16
slices [420, 430):
	channel 0: material (dense)

MasterMerger:  runs 14:30:16
slices [420, 430):
	channel 0: material (dense)

SliceDebugger:  runs 14:30:17
slices [430, 440):
	channel 0: material (dense)

MasterMerger:  runs 14:30:17
slices [430, 440):
	channel 0: material (dense)

SliceDebugger:  runs 14:30:17
slices [440, 450):
	channel 0: material (dense)

MasterMerger:  runs 14:30:17
slices [440, 450):
	channel 0: material (dense)

SliceDebugger:  runs 14:30:18
slices [450, 460):
	channel 0: material (dense)

MasterMerger:  runs 14:30:18
slices [450, 460):
	channel 0: material (dense)

SliceDebugger:  runs 14:30:18
slices [460, 470):
	channel 0: material (dense)

MasterMerger:  runs 14:30:18
slices [460, 470):
	channel 0: material (dense)

SliceDebugger:  runs 14:30:18
slices [470, 480):
	channel 0: material (dense)

MasterMerger:  runs 14:30:19
slices [470, 480):
	channel 0: material (dense)

SliceDebugger:  runs 14:30:19
slices [480, 490):
	channel 0: material (dense)

MasterMerger:  runs 14:30:19
slices [480, 490):
	channel 0: material (dense)

SliceDebugger:  runs 14:30:19
slices [490, 500):
	channel 0: material (dense)

MasterMerger:  runs 14:30:20
slices [490, 500):
	channel 0: material (dense)

SliceDebugger:  runs 14:30:20
slices [500, 510):
	channel 0: material (dense)

MasterMerger:  runs 14:30:20
slices [500, 510):
	channel 0: material (dense)

SliceDebugger:  runs 14:30:20
slices [510, 520):
	channel 0: material (dense)

MasterMerger:  runs 14:30:21
slices [510, 520):
	channel 0: material (dense)

SliceDebugger:  runs 14:30:21
slices [520, 530):
	channel 0: material (dense)

MasterMerger:  runs 14:30:21
slices [520, 530):
	channel 0: material (dense)

SliceDebugger:  runs 14:30:21
slices [530, 540):
	channel 0: material (dense)

MasterMerger:  runs 14:30:22
slices [530, 540):
	channel 0: material (dense)

SliceDebugger:  runs 14:30:22
slices [540, 550):
	channel 0: material (dense)

MasterMerger:  runs 14:30:22
slices [540, 550):
	channel 0: material (dense)

SliceDebugger:  runs 14:30:22
slices [550, 560):
	channel 0: material (dense)

MasterMerger:  runs 14:30:23
slices [550, 560):
	channel 0: material (dense)

SliceDebugger:  runs 14:30:23
slices [560, 570):
	channel 0: material (dense)

MasterMerger:  runs 14:30:23
slices [560, 570):
	channel 0: material (dense)

SliceDebugger:  runs 14:30:23
slices [570, 580):
	channel 0: material (dense)

MasterMerger:  runs 14:30:24
slices [570, 580):
	channel 0: material (dense)

SliceDebugger:  runs 14:30:24
slices [580, 590):
	channel 0: material (dense)

MasterMerger:  runs 14:30:24
slices [580, 590):
	channel 0: material (dense)

SliceDebugger:  runs 14:30:24
slices [590, 600):
	channel 0: material (dense)

MasterMerger:  runs 14:30:25
slices [590, 600):
	channel 0: material (dense)

SliceDebugger:  runs 14:30:25
slices [600, 610):
	channel 0: material (dense)

MasterMerger:  runs 14:30:25
slices [600, 610):
	channel 0: material (dense)

SliceDebugger:  runs 14:30:25
slices [610, 620):
	channel 0: material (dense)

MasterMerger:  runs 14:30:26
slices [610, 620):
	channel 0: material (dense)

SliceDebugger:  runs 14:30:26
slices [620, 630):
	channel 0: material (dense)

MasterMerger:  runs 14:30:26
slices [620, 630):
	channel 0: material (dense)

SliceDebugger:  runs 14:30:26
slices [630, 640):
	channel 0: material (dense)

MasterMerger:  runs 14:30:27
slices [630, 640):
	channel 0: material (dense)

SliceDebugger:  runs 14:30:27
slices [640, 650):
	channel 0: material (dense)

MasterMerger:  runs 14:30:27
slices [640, 650):
	channel 0: material (dense)

SliceDebugger:  runs 14:30:27
slices [650, 660):
	channel 0: material (dense)

MasterMerger:  runs 14:30:28
slices [650, 660):
	channel 0: material (dense)

SliceDebugger:  runs 14:30:28
slices [660, 670):
	channel 0: material (dense)

MasterMerger:  runs 14:30:28
slices [660, 670):
	channel 0: material (dense)

SliceDebugger:  runs 14:30:28
slices [670, 680):
	channel 0: material (dense)

MasterMerger:  runs 14:30:29
slices [670, 680):
	channel 0: material (dense)

SliceDebugger:  runs 14:30:29
slices [680, 690):
	channel 0: material (dense)

MasterMerger:  runs 14:30:29
slices [680, 690):
	channel 0: material (dense)

SliceDebugger:  runs 14:30:29
slices [690, 700):
	channel 0: material (dense)

MasterMerger:  runs 14:30:30
slices [690, 700):
	channel 0: material (dense)

SliceDebugger:  runs 14:30:30
slices [700, 710):
	channel 0: material (dense)

MasterMerger:  runs 14:30:30
slices [700, 710):
	channel 0: material (dense)

SliceDebugger:  runs 14:30:30
slices [710, 720):
	channel 0: material (dense)

MasterMerger:  runs 14:30:30
slices [710, 720):
	channel 0: material (dense)

SliceDebugger:  runs 14:30:31
slices [720, 730):
	channel 0: material (dense)

MasterMerger:  runs 14:30:31
slices [720, 730):
	channel 0: material (dense)

SliceDebugger:  runs 14:30:31
slices [730, 740):
	channel 0: material (dense)

MasterMerger:  runs 14:30:31
slices [730, 740):
	channel 0: material (dense)

SliceDebugger:  runs 14:30:31
slices [740, 750):
	channel 0: material (dense)

MasterMerger:  runs 14:30:32
slices [740, 750):
	channel 0: material (dense)

SliceDebugger:  runs 14:30:32
slices [750, 760):
	channel 0: material (dense)

MasterMerger:  runs 14:30:32
slices [750, 760):
	channel 0: material (dense)

SliceDebugger:  runs 14:30:32
slices [760, 770):
	channel 0: material (dense)

MasterMerger:  runs 14:30:33
slices [760, 770):
	channel 0: material (dense)

SliceDebugger:  runs 14:30:33
slices [770, 780):
	channel 0: material (dense)

MasterMerger:  runs 14:30:33
slices [770, 780):
	channel 0: material (dense)

SliceDebugger:  runs 14:30:33
slices [780, 790):
	channel 0: material (dense)

MasterMerger:  runs 14:30:34
slices [780, 790):
	channel 0: material (dense)

SliceDebugger:  runs 14:30:34
slices [790, 800):
	channel 0: material (dense)

MasterMerger:  runs 14:30:34
slices [790, 800):
	channel 0: material (dense)

SliceDebugger:  runs 14:30:34
slices [800, 810):
	channel 0: material (dense)

MasterMerger:  runs 14:30:35
slices [800, 810):
	channel 0: material (dense)

SliceDebugger:  runs 14:30:35
slices [810, 820):
	channel 0: material (dense)

MasterMerger:  runs 14:30:35
slices [810, 820):
	channel 0: material (dense)

SliceDebugger:  runs 14:30:35
slices [820, 830):
	channel 0: material (dense)

MasterMerger:  runs 14:30:36
slices [820, 830):
	channel 0: material (dense)

SliceDebugger:  runs 14:30:36
slices [830, 840):
	channel 0: material (dense)

MasterMerger:  runs 14:30:36
slices [830, 840):
	channel 0: material (dense)

SliceDebugger:  runs 14:30:36
slices [840, 850):
	channel 0: material (dense)

MasterMerger:  runs 14:30:37
slices [840, 850):
	channel 0: material (dense)

SliceDebugger:  runs 14:30:37
slices [850, 860):
	channel 0: material (dense)

MasterMerger:  runs 14:30:37
slices [850, 860):
	channel 0: material (dense)

SliceDebugger:  runs 14:30:37
slices [860, 870):
	channel 0: material (dense)

MasterMerger:  runs 14:30:37
slices [860, 870):
	channel 0: material (dense)

SliceDebugger:  runs 14:30:38
slices [870, 880):
	channel 0: material (dense)

MasterMerger:  runs 14:30:38
slices [870, 880):
	channel 0: material (dense)

SliceDebugger:  runs 14:30:38
slices [880, 890):
	channel 0: material (dense)

MasterMerger:  runs 14:30:38
slices [880, 890):
	channel 0: material (dense)

SliceDebugger:  runs 14:30:38
slices [890, 900):
	channel 0: material (dense)

MasterMerger:  runs 14:30:39
slices [890, 900):
	channel 0: material (dense)

SliceDebugger:  runs 14:30:39
slices [900, 910):
	channel 0: material (dense)

MasterMerger:  runs 14:30:39
slices [900, 910):
	channel 0: material (dense)

SliceDebugger:  runs 14:30:39
slices [910, 920):
	channel 0: material (dense)

MasterMerger:  runs 14:30:40
slices [910, 920):
	channel 0: material (dense)

SliceDebugger:  runs 14:30:40
slices [920, 930):
	channel 0: material (dense)

MasterMerger:  runs 14:30:40
slices [920, 930):
	channel 0: material (dense)

SliceDebugger:  runs 14:30:40
slices [930, 940):
	channel 0: material (dense)

MasterMerger:  runs 14:30:41
slices [930, 940):
	channel 0: material (dense)

SliceDebugger:  runs 14:30:41
slices [940, 950):
	channel 0: material (dense)

MasterMerger:  runs 14:30:41
slices [940, 950):
	channel 0: material (dense)

SliceDebugger:  runs 14:30:41
slices [950, 960):
	channel 0: material (dense)

MasterMerger:  runs 14:30:42
slices [950, 960):
	channel 0: material (dense)

SliceDebugger:  runs 14:30:42
slices [960, 970):
	channel 0: material (dense)

MasterMerger:  runs 14:30:42
slices [960, 970):
	channel 0: material (dense)

SliceDebugger:  runs 14:30:42
slices [970, 980):
	channel 0: material (dense)

MasterMerger:  runs 14:30:43
slices [970, 980):
	channel 0: material (dense)

SliceDebugger:  runs 14:30:43
slices [980, 990):
	channel 0: material (dense)

MasterMerger:  runs 14:30:43
slices [980, 990):
	channel 0: material (dense)

SliceDebugger:  runs 14:30:43
slices [990, 1000):
	channel 0: material (dense)

MasterMerger:  runs 14:30:44
slices [990, 1000):
	channel 0: material (dense)

SliceDebugger:  runs 14:30:44
slices [1000, 1010):
	channel 0: material (dense)

MasterMerger:  runs 14:30:44
slices [1000, 1010):
	channel 0: material (dense)

SliceDebugger:  runs 14:30:44
slices [1010, 1020):
	channel 0: material (dense)

MasterMerger:  runs 14:30:44
slices [1010, 1020):
	channel 0: material (dense)

SliceDebugger:  runs 14:30:45
slices [1020, 1030):
	channel 0: material (dense)

MasterMerger:  runs 14:30:45
slices [1020, 1030):
	channel 0: material (dense)

SliceDebugger:  runs 14:30:45
slices [1030, 1040):
	channel 0: material (dense)

MasterMerger:  runs 14:30:45
slices [1030, 1040):
	channel 0: material (dense)

SliceDebugger:  runs 14:30:45
slices [1040, 1050):
	channel 0: material (dense)

MasterMerger:  runs 14:30:46
slices [1040, 1050):
	channel 0: material (dense)

SliceDebugger:  runs 14:30:46
slices [1050, 1060):
	channel 0: material (dense)

MasterMerger:  runs 14:30:46
slices [1050, 1060):
	channel 0: material (dense)

SliceDebugger:  runs 14:30:46
slices [1060, 1070):
	channel 0: material (dense)

MasterMerger:  runs 14:30:47
slices [1060, 1070):
	channel 0: material (dense)

SliceDebugger:  runs 14:30:47
slices [1070, 1080):
	channel 0: material (dense)

MasterMerger:  runs 14:30:47
slices [1070, 1080):
	channel 0: material (dense)

SliceDebugger:  runs 14:30:47
slices [1080, 1090):
	channel 0: material (dense)

MasterMerger:  runs 14:30:48
slices [1080, 1090):
	channel 0: material (dense)

SliceDebugger:  runs 14:30:48
slices [1090, 1100):
	channel 0: material (dense)

MasterMerger:  runs 14:30:48
slices [1090, 1100):
	channel 0: material (dense)

SliceDebugger:  runs 14:30:48
slices [1100, 1110):
	channel 0: material (dense)

MasterMerger:  runs 14:30:49
slices [1100, 1110):
	channel 0: material (dense)

SliceDebugger:  runs 14:30:49
slices [1110, 1120):
	channel 0: material (dense)

MasterMerger:  runs 14:30:49
slices [1110, 1120):
	channel 0: material (dense)

SliceDebugger:  runs 14:30:49
slices [1120, 1130):
	channel 0: material (dense)

MasterMerger:  runs 14:30:50
slices [1120, 1130):
	channel 0: material (dense)

SliceDebugger:  runs 14:30:50
slices [1130, 1140):
	channel 0: material (dense)

MasterMerger:  runs 14:30:50
slices [1130, 1140):
	channel 0: material (dense)

SliceDebugger:  runs 14:30:50
slices [1140, 1150):
	channel 0: material (dense)

MasterMerger:  runs 14:30:51
slices [1140, 1150):
	channel 0: material (dense)

SliceDebugger:  runs 14:30:51
slices [1150, 1160):
	channel 0: material (dense)

MasterMerger:  runs 14:30:51
slices [1150, 1160):
	channel 0: material (dense)

SliceDebugger:  runs 14:30:51
slices [1160, 1170):
	channel 0: material (dense)

MasterMerger:  runs 14:30:52
slices [1160, 1170):
	channel 0: material (dense)

SliceDebugger:  runs 14:30:52
slices [1170, 1180):
	channel 0: material (dense)

MasterMerger:  runs 14:30:52
slices [1170, 1180):
	channel 0: material (dense)

SliceDebugger:  runs 14:30:52
slices [1180, 1190):
	channel 0: material (dense)

MasterMerger:  runs 14:30:52
slices [1180, 1190):
	channel 0: material (dense)

SliceDebugger:  runs 14:30:53
slices [1190, 1200):
	channel 0: material (dense)

MasterMerger:  runs 14:30:53
slices [1190, 1200):
	channel 0: material (dense)

SliceDebugger:  runs 14:30:53
slices [1200, 1210):
	channel 0: material (dense)

MasterMerger:  runs 14:30:53
slices [1200, 1210):
	channel 0: material (dense)

SliceDebugger:  runs 14:30:53
slices [1210, 1220):
	channel 0: material (dense)

MasterMerger:  runs 14:30:54
slices [1210, 1220):
	channel 0: material (dense)

SliceDebugger:  runs 14:30:54
slices [1220, 1230):
	channel 0: material (dense)

MasterMerger:  runs 14:30:54
slices [1220, 1230):
	channel 0: material (dense)

SliceDebugger:  runs 14:30:54
slices [1230, 1240):
	channel 0: material (dense)

MasterMerger:  runs 14:30:55
slices [1230, 1240):
	channel 0: material (dense)

SliceDebugger:  runs 14:30:55
slices [1240, 1250):
	channel 0: material (dense)

MasterMerger:  runs 14:30:55
slices [1240, 1250):
	channel 0: material (dense)

SliceDebugger:  runs 14:30:55
slices [1250, 1260):
	channel 0: material (dense)

MasterMerger:  runs 14:30:56
slices [1250, 1260):
	channel 0: material (dense)

SliceDebugger:  runs 14:30:56
slices [1260, 1270):
	channel 0: material (dense)

MasterMerger:  runs 14:30:56
slices [1260, 1270):
	channel 0: material (dense)

SliceDebugger:  runs 14:30:56
slices [1270, 1280):
	channel 0: material (dense)

MasterMerger:  runs 14:30:57
slices [1270, 1280):
	channel 0: material (dense)

SliceDebugger:  runs 14:30:57
slices [1280, 1290):
	channel 0: material (dense)

MasterMerger:  runs 14:30:57
slices [1280, 1290):
	channel 0: material (dense)

SliceDebugger:  runs 14:30:57
slices [1290, 1300):
	channel 0: material (dense)

MasterMerger:  runs 14:30:58
slices [1290, 1300):
	channel 0: material (dense)

SliceDebugger:  runs 14:30:58
slices [1300, 1310):
	channel 0: material (dense)

MasterMerger:  runs 14:30:58
slices [1300, 1310):
	channel 0: material (dense)

SliceDebugger:  runs 14:30:58
slices [1310, 1320):
	channel 0: material (dense)

MasterMerger:  runs 14:30:58
slices [1310, 1320):
	channel 0: material (dense)

SliceDebugger:  runs 14:30:58
slices [1320, 1330):
	channel 0: material (dense)

MasterMerger:  runs 14:30:59
slices [1320, 1330):
	channel 0: material (dense)

SliceDebugger:  runs 14:30:59
slices [1330, 1340):
	channel 0: material (dense)

MasterMerger:  runs 14:30:59
slices [1330, 1340):
	channel 0: material (dense)

SliceDebugger:  runs 14:30:59
slices [1340, 1350):
	channel 0: material (dense)

MasterMerger:  runs 14:31:0
slices [1340, 1350):
	channel 0: material (dense)

SliceDebugger:  runs 14:31:0
slices [1350, 1360):
	channel 0: material (dense)

MasterMerger:  runs 14:31:0
slices [1350, 1360):
	channel 0: material (dense)

SliceDebugger:  runs 14:31:0
slices [1360, 1370):
	channel 0: material (dense)

MasterMerger:  runs 14:31:1
slices [1360, 1370):
	channel 0: material (dense)

SliceDebugger:  runs 14:31:1
slices [1370, 1380):
	channel 0: material (dense)

MasterMerger:  runs 14:31:1
slices [1370, 1380):
	channel 0: material (dense)

SliceDebugger:  runs 14:31:1
slices [1380, 1390):
	channel 0: material (dense)

MasterMerger:  runs 14:31:2
slices [1380, 1390):
	channel 0: material (dense)

SliceDebugger:  runs 14:31:2
slices [1390, 1396):
	channel 0: material (dense)

Computation finished 

Status: success
Master Node  0 :Total execution time in seconds 1104.37

