Warning:json file inside profile could not be parsed 

GL version: 4.5.0 NVIDIA 372.54

Warning: there is no json file embedded inside profile 

LayerExtractor: distance needed for layers: 0.135467

FileParserPJ: initializing
PrintJobOrganizer: initializing
PrintJobPreprocessor: initializing
PrintJobVoxelizer: initializing
TonalValueCalculator: initializing
TonalValueCalculator: Using rendering intent RELATIVE_COLORIMETRIC

SurfaceDistanceOrderedTransfer: initializing
TonalLinearizer: initializing
VectorLayerHalftoner: initializing
SlaveReporter: initializing
FileParserPJ:  runs 16:11:23

FileParserPJ: loading OBJ file

244921 vertices
489840 faces

FileParserPJ: 245383 texture coordinates

FileParserPJ: 245383 vertices after duplication

FileParserPJ: //filer-igd2.igd.fraunhofer.de/igd-3dt/shared/3DModels/Head/HeadMTL/Head_Level3.obj parsed: 245383 vertices and 489840 faces

FileParserPJ: loading jpg file

FileParserPJ: loading OBJ file

244921 vertices
489840 faces

FileParserPJ: 245383 texture coordinates

FileParserPJ: 245383 vertices after duplication

FileParserPJ: //filer-igd2.igd.fraunhofer.de/igd-3dt/shared/3DModels/Head/HeadMTL/Head_Level3.obj parsed: 245383 vertices and 489840 faces

FileParserPJ: loading jpg file

FileParserPJ: Input files parsed

PrintJobOrganizer:  runs 16:11:30

centering objects at origin
optimizing rotation for height
scaling objects
optimizing rotation for support use
PrintJobOrganizer: support cost         = 25.4851
support cost flipped = 22.9004

PrintJobOrganizer: support cost         = 25.4851
support cost flipped = 22.9004

arranging objects in 2D
validating object placement
PrintJobOrganizer: print object 1 print-space bounding box: (0.00211667, 0.00423333, 0.00135106), (8.00212, 5.12195, 4.19435)
PrintJobOrganizer: print object 2 print-space bounding box: (0.00211667, 5.32195, 0.00135106), (8.00212, 10.4397, 4.19435)
saving transforms to file
PrintJobPreprocessor:  runs 16:11:31

PrintJobPreprocessor: flatten
PrintJobPreprocessor: prioritize
PrintJobPreprocessor: segment-hierarchy
PrintJobPreprocessor: boundingBox
PrintJobPreprocessor: uniformAppearanceTextures
PrintJobVoxelizer:  runs 16:11:33

PrintJobVoxelizer: 
number of slices to print: 777 (4.19435 cm)
width of slices to print:  946 (8.00212 cm)
height of slices to print: 617 (10.4397 cm)
chunk size:                50 (0.270213 cm)

PrintJobVoxelizer: setting up slices
PrintJobVoxelizer: rasterizing objects
PrintJobVoxelizer: creating rasterizer
PrintJobVoxelizer: rasterizing object 1
PrintJobVoxelizer: rasterizing object 2
Rasterizer::rasterize:
	2 trials
	total = 0.390031 s
	mean  = 0.195016 s
	var   = 8.56871e-005 s^2, std = 0.00925673 s
	min   = 0.18847 s
	max   = 0.201561 s


PrintJobVoxelizer: voxelizing objects
Object 1 ROI: [0 0 0] --> [946 303 50]
GWNSampleFloodVoxelizer: number of samples: 107
GWNSampleFloodVoxelizer: samples evaluated
GWNSampleFloodVoxelizer: adaptive threshold = 0.498039
GWNSampleFloodVoxelizer: flooding complete
Voxelization: solid angle evaluations per voxel: 0.0835662

Object 2 ROI: [0 314 0] --> [946 617 50]
GWNSampleFloodVoxelizer: number of samples: 106
GWNSampleFloodVoxelizer: samples evaluated
GWNSampleFloodVoxelizer: adaptive threshold = 0.498039
GWNSampleFloodVoxelizer: flooding complete
Voxelization: solid angle evaluations per voxel: 0.165083

GWNSampleFloodVoxelizer::voxelize:
	2 trials
	total = 2.72017 s
	mean  = 1.36009 s
	var   = 0.00568103 s^2, std = 0.0753726 s
	min   = 1.30679 s
	max   = 1.41338 s

GWNSampleFloodVoxelizer::initIndicator:
	2 trials
	total = 0.400611 s
	mean  = 0.200305 s
	var   = 4.89845e-008 s^2, std = 0.000221324 s
	min   = 0.200149 s
	max   = 0.200462 s

GWNSampleFloodVoxelizer::selectSamples:
	2 trials
	total = 0.16931 s
	mean  = 0.084655 s
	var   = 2e-012 s^2, std = 1.41421e-006 s
	min   = 0.084654 s
	max   = 0.084656 s

GWNSampleFloodVoxelizer::evaluateSamples:
	2 trials
	total = 0.062512 s
	mean  = 0.031256 s
	var   = 0 s^2, std = 0 s
	min   = 0.031256 s
	max   = 0.031256 s

GWNSampleFloodVoxelizer::flood:
	2 trials
	total = 2.02161 s
	mean  = 1.01081 s
	var   = 0.00528156 s^2, std = 0.0726743 s
	min   = 0.959419 s
	max   = 1.0622 s


PrintJobVoxelizer: finalizing surfaces
PrintJobVoxelizer: 37407 surface voxels
PrintJobVoxelizer: getting output subset
PrintJobVoxelizer: updating slice indices
TonalValueCalculator:  runs 16:11:36
slices [0, 49):
	channel 0: occupancy (dense)
	channel 1: opticalFeature (sparse)

SurfaceDistanceOrderedTransfer:  runs 16:11:36
slices [0, 49):
	channel 0: occupancy (dense)
	channel 1: surfaceDist (dense)

SurfaceDistanceOrderedTransfer: 0 0 23
LayerExtractor:  runs 16:11:37
slices [0, 23):
	channel 0: occupancy (dense)
	channel 1: surfaceDist (dense)
	channel 2: layer_000 (sparse)
	channel 3: layer_001 (sparse)
	channel 4: layer_002 (sparse)
	channel 5: layer_003 (sparse)
	channel 6: layer_004 (sparse)
	channel 7: layer_005 (sparse)
	channel 8: layer_006 (sparse)
	channel 9: layer_007 (sparse)

TonalLinearizer:  runs 16:11:37
slices [0, 22):
	channel 0: occupancy (dense)
	channel 1: surfaceDist (dense)
	channel 2: layer_000 (sparse)
	channel 3: layer_001 (sparse)
	channel 4: layer_002 (sparse)
	channel 5: layer_003 (sparse)
	channel 6: layer_004 (sparse)
	channel 7: layer_005 (sparse)
	channel 8: layer_006 (sparse)
	channel 9: layer_007 (sparse)

VectorLayerHalftoner: VectorLayerHalftoner error: no tonal values available

VectorLayerHalftoner:  runs 16:11:37
slices [0, 22):
	channel 0: occupancy (dense)
	channel 1: surfaceDist (dense)
	channel 2: layer_000 (sparse)
	channel 3: layer_001 (sparse)
	channel 4: layer_002 (sparse)
	channel 5: layer_003 (sparse)
	channel 6: layer_004 (sparse)
	channel 7: layer_005 (sparse)
	channel 8: layer_006 (sparse)
	channel 9: layer_007 (sparse)
	channel 10: intermedTonal_0 (sparse)
	channel 11: intermedTonal_1 (sparse)
	channel 12: intermedTonal_2 (sparse)
	channel 13: intermedTonal_3 (sparse)
	channel 14: intermedTonal_4 (sparse)
	channel 15: intermedTonal_5 (sparse)
	channel 16: intermedTonal_6 (sparse)
	channel 17: intermedTonal_7 (sparse)
	channel 18: quantizedTonal (sparse)

SlaveReporter:  runs 16:11:38
slices [0, 10):
	channel 0: material (dense)
	channel 1: occupancy (dense)

PrintJobVoxelizer:  runs 16:11:38

PrintJobVoxelizer: setting up slices
PrintJobVoxelizer: rasterizing objects
PrintJobVoxelizer: creating rasterizer
PrintJobVoxelizer: rasterizing object 1
PrintJobVoxelizer: rasterizing object 2
Rasterizer::rasterize:
	4 trials
	total = 1.53161 s
	mean  = 0.382904 s
	var   = 0.0475272 s^2, std = 0.218007 s
	min   = 0.18847 s
	max   = 0.596173 s


PrintJobVoxelizer: voxelizing objects
Object 1 ROI: [0 0 0] --> [946 303 50]
GWNSampleFloodVoxelizer: number of samples: 228
GWNSampleFloodVoxelizer: samples evaluated
GWNSampleFloodVoxelizer: adaptive threshold = 0.498039
GWNSampleFloodVoxelizer: flooding complete
Voxelization: solid angle evaluations per voxel: 0.374116

Object 2 ROI: [0 314 0] --> [946 617 50]
GWNSampleFloodVoxelizer: number of samples: 226
GWNSampleFloodVoxelizer: samples evaluated
GWNSampleFloodVoxelizer: adaptive threshold = 0.498039
GWNSampleFloodVoxelizer: flooding complete
Voxelization: solid angle evaluations per voxel: 0.74482

GWNSampleFloodVoxelizer::voxelize:
	4 trials
	total = 5.5963 s
	mean  = 1.39907 s
	var   = 0.0073286 s^2, std = 0.0856072 s
	min   = 1.30679 s
	max   = 1.50956 s

GWNSampleFloodVoxelizer::initIndicator:
	4 trials
	total = 0.718805 s
	mean  = 0.179701 s
	var   = 0.000691555 s^2, std = 0.0262974 s
	min   = 0.145377 s
	max   = 0.200462 s

GWNSampleFloodVoxelizer::selectSamples:
	4 trials
	total = 0.336319 s
	mean  = 0.0840797 s
	var   = 1.3298e-006 s^2, std = 0.00115317 s
	min   = 0.08235 s
	max   = 0.084659 s

GWNSampleFloodVoxelizer::evaluateSamples:
	4 trials
	total = 0.363591 s
	mean  = 0.0908977 s
	var   = 0.00474751 s^2, std = 0.0689022 s
	min   = 0.031256 s
	max   = 0.153183 s

GWNSampleFloodVoxelizer::flood:
	4 trials
	total = 4.04874 s
	mean  = 1.01218 s
	var   = 0.0037792 s^2, std = 0.0614752 s
	min   = 0.958568 s
	max   = 1.06855 s


PrintJobVoxelizer: finalizing surfaces
PrintJobVoxelizer: 244226 surface voxels
PrintJobVoxelizer: getting output subset
PrintJobVoxelizer: updating slice indices
TonalValueCalculator:  runs 16:11:42
slices [49, 99):
	channel 0: occupancy (dense)
	channel 1: opticalFeature (sparse)

SurfaceDistanceOrderedTransfer:  runs 16:11:42
slices [23, 99):
	channel 0: occupancy (dense)
	channel 1: surfaceDist (dense)

SurfaceDistanceOrderedTransfer: 23 49 73
LayerExtractor:  runs 16:11:44
slices [21, 73):
	channel 0: occupancy (dense)
	channel 1: surfaceDist (dense)
	channel 2: layer_000 (sparse)
	channel 3: layer_001 (sparse)
	channel 4: layer_002 (sparse)
	channel 5: layer_003 (sparse)
	channel 6: layer_004 (sparse)
	channel 7: layer_005 (sparse)
	channel 8: layer_006 (sparse)
	channel 9: layer_007 (sparse)

TonalLinearizer:  runs 16:11:44
slices [22, 72):
	channel 0: occupancy (dense)
	channel 1: surfaceDist (dense)
	channel 2: layer_000 (sparse)
	channel 3: layer_001 (sparse)
	channel 4: layer_002 (sparse)
	channel 5: layer_003 (sparse)
	channel 6: layer_004 (sparse)
	channel 7: layer_005 (sparse)
	channel 8: layer_006 (sparse)
	channel 9: layer_007 (sparse)

VectorLayerHalftoner: VectorLayerHalftoner error: no tonal values available

VectorLayerHalftoner:  runs 16:11:44
slices [10, 72):
	channel 0: occupancy (dense)
	channel 1: surfaceDist (dense)
	channel 2: layer_000 (sparse)
	channel 3: layer_001 (sparse)
	channel 4: layer_002 (sparse)
	channel 5: layer_003 (sparse)
	channel 6: layer_004 (sparse)
	channel 7: layer_005 (sparse)
	channel 8: layer_006 (sparse)
	channel 9: layer_007 (sparse)
	channel 10: intermedTonal_0 (sparse)
	channel 11: intermedTonal_1 (sparse)
	channel 12: intermedTonal_2 (sparse)
	channel 13: intermedTonal_3 (sparse)
	channel 14: intermedTonal_4 (sparse)
	channel 15: intermedTonal_5 (sparse)
	channel 16: intermedTonal_6 (sparse)
	channel 17: intermedTonal_7 (sparse)
	channel 18: quantizedTonal (sparse)
	channel 19: errorDiffInfo2 (sparse)
	channel 20: distanceToEmpty (sparse)
	channel 21: errorDiffInfo3 (sparse)
	channel 22: errorDiffInfo4 (sparse)
	channel 23: errorDiffInfo5 (sparse)
	channel 24: errorDiffInfo6 (sparse)
	channel 25: errorDiffInfo7 (sparse)
	channel 26: errorDiffInfo8 (sparse)
	channel 27: errorDiffInfo9 (sparse)

SlaveReporter:  runs 16:11:46
slices [10, 60):
	channel 0: material (dense)
	channel 1: occupancy (dense)

PrintJobVoxelizer:  runs 16:11:46

PrintJobVoxelizer: setting up slices
PrintJobVoxelizer: rasterizing objects
PrintJobVoxelizer: creating rasterizer
PrintJobVoxelizer: rasterizing object 1
PrintJobVoxelizer: rasterizing object 2
Rasterizer::rasterize:
	6 trials
	total = 3.09722 s
	mean  = 0.516204 s
	var   = 0.0713269 s^2, std = 0.267071 s
	min   = 0.18847 s
	max   = 0.803114 s


PrintJobVoxelizer: voxelizing objects
Object 1 ROI: [0 0 0] --> [946 303 50]
GWNSampleFloodVoxelizer: number of samples: 366
GWNSampleFloodVoxelizer: samples evaluated
GWNSampleFloodVoxelizer: adaptive threshold = 0.498039
GWNSampleFloodVoxelizer: flooding complete
Voxelization: solid angle evaluations per voxel: 0.631734

Object 2 ROI: [0 314 0] --> [946 617 50]
GWNSampleFloodVoxelizer: number of samples: 362
GWNSampleFloodVoxelizer: samples evaluated
GWNSampleFloodVoxelizer: adaptive threshold = 0.498039
GWNSampleFloodVoxelizer: flooding complete
Voxelization: solid angle evaluations per voxel: 1.25691

GWNSampleFloodVoxelizer::voxelize:
	6 trials
	total = 8.45089 s
	mean  = 1.40848 s
	var   = 0.0100737 s^2, std = 0.100368 s
	min   = 1.30679 s
	max   = 1.54417 s

GWNSampleFloodVoxelizer::initIndicator:
	6 trials
	total = 0.998037 s
	mean  = 0.16634 s
	var   = 0.000864597 s^2, std = 0.029404 s
	min   = 0.13234 s
	max   = 0.200462 s

GWNSampleFloodVoxelizer::selectSamples:
	6 trials
	total = 0.492252 s
	mean  = 0.082042 s
	var   = 1.79972e-005 s^2, std = 0.00424231 s
	min   = 0.073714 s
	max   = 0.084659 s

GWNSampleFloodVoxelizer::evaluateSamples:
	6 trials
	total = 0.852586 s
	mean  = 0.142098 s
	var   = 0.00914688 s^2, std = 0.0956393 s
	min   = 0.031256 s
	max   = 0.248662 s

GWNSampleFloodVoxelizer::flood:
	6 trials
	total = 5.91221 s
	mean  = 0.985368 s
	var   = 0.00938128 s^2, std = 0.096857 s
	min   = 0.815676 s
	max   = 1.06855 s


PrintJobVoxelizer: finalizing surfaces
PrintJobVoxelizer: 561382 surface voxels
PrintJobVoxelizer: getting output subset
PrintJobVoxelizer: updating slice indices
TonalValueCalculator:  runs 16:11:51
slices [99, 149):
	channel 0: occupancy (dense)
	channel 1: opticalFeature (sparse)

SurfaceDistanceOrderedTransfer:  runs 16:11:51
slices [73, 149):
	channel 0: occupancy (dense)
	channel 1: surfaceDist (dense)

SurfaceDistanceOrderedTransfer: 73 99 123
LayerExtractor:  runs 16:11:53
slices [71, 123):
	channel 0: occupancy (dense)
	channel 1: surfaceDist (dense)
	channel 2: layer_000 (sparse)
	channel 3: layer_001 (sparse)
	channel 4: layer_002 (sparse)
	channel 5: layer_003 (sparse)
	channel 6: layer_004 (sparse)
	channel 7: layer_005 (sparse)
	channel 8: layer_006 (sparse)
	channel 9: layer_007 (sparse)

TonalLinearizer:  runs 16:11:54
slices [72, 122):
	channel 0: occupancy (dense)
	channel 1: surfaceDist (dense)
	channel 2: layer_000 (sparse)
	channel 3: layer_001 (sparse)
	channel 4: layer_002 (sparse)
	channel 5: layer_003 (sparse)
	channel 6: layer_004 (sparse)
	channel 7: layer_005 (sparse)
	channel 8: layer_006 (sparse)
	channel 9: layer_007 (sparse)

VectorLayerHalftoner: VectorLayerHalftoner error: no tonal values available

VectorLayerHalftoner:  runs 16:11:54
slices [60, 122):
	channel 0: occupancy (dense)
	channel 1: surfaceDist (dense)
	channel 2: layer_000 (sparse)
	channel 3: layer_001 (sparse)
	channel 4: layer_002 (sparse)
	channel 5: layer_003 (sparse)
	channel 6: layer_004 (sparse)
	channel 7: layer_005 (sparse)
	channel 8: layer_006 (sparse)
	channel 9: layer_007 (sparse)
	channel 10: intermedTonal_0 (sparse)
	channel 11: intermedTonal_1 (sparse)
	channel 12: intermedTonal_2 (sparse)
	channel 13: intermedTonal_3 (sparse)
	channel 14: intermedTonal_4 (sparse)
	channel 15: intermedTonal_5 (sparse)
	channel 16: intermedTonal_6 (sparse)
	channel 17: intermedTonal_7 (sparse)
	channel 18: quantizedTonal (sparse)
	channel 19: errorDiffInfo2 (sparse)
	channel 20: distanceToEmpty (sparse)
	channel 21: errorDiffInfo3 (sparse)
	channel 22: errorDiffInfo4 (sparse)
	channel 23: errorDiffInfo5 (sparse)
	channel 24: errorDiffInfo6 (sparse)
	channel 25: errorDiffInfo7 (sparse)
	channel 26: errorDiffInfo8 (sparse)
	channel 27: errorDiffInfo9 (sparse)

SlaveReporter:  runs 16:11:59
slices [60, 110):
	channel 0: material (dense)
	channel 1: occupancy (dense)

PrintJobVoxelizer:  runs 16:11:59

PrintJobVoxelizer: setting up slices
PrintJobVoxelizer: rasterizing objects
PrintJobVoxelizer: creating rasterizer
PrintJobVoxelizer: rasterizing object 1
PrintJobVoxelizer: rasterizing object 2
Rasterizer::rasterize:
	8 trials
	total = 4.50398 s
	mean  = 0.562998 s
	var   = 0.0586141 s^2, std = 0.242103 s
	min   = 0.18847 s
	max   = 0.803114 s


PrintJobVoxelizer: voxelizing objects
Object 1 ROI: [0 0 0] --> [946 303 50]
GWNSampleFloodVoxelizer: number of samples: 235
GWNSampleFloodVoxelizer: samples evaluated
GWNSampleFloodVoxelizer: adaptive threshold = 0.498039
GWNSampleFloodVoxelizer: flooding complete
Voxelization: solid angle evaluations per voxel: 0.325852

Object 2 ROI: [0 314 0] --> [946 617 50]
GWNSampleFloodVoxelizer: number of samples: 236
GWNSampleFloodVoxelizer: samples evaluated
GWNSampleFloodVoxelizer: adaptive threshold = 0.498039
GWNSampleFloodVoxelizer: flooding complete
Voxelization: solid angle evaluations per voxel: 0.65112

GWNSampleFloodVoxelizer::voxelize:
	8 trials
	total = 11.0235 s
	mean  = 1.37793 s
	var   = 0.0160351 s^2, std = 0.12663 s
	min   = 1.14579 s
	max   = 1.54417 s

GWNSampleFloodVoxelizer::initIndicator:
	8 trials
	total = 1.26725 s
	mean  = 0.158407 s
	var   = 0.000866517 s^2, std = 0.0294367 s
	min   = 0.12383 s
	max   = 0.200462 s

GWNSampleFloodVoxelizer::selectSamples:
	8 trials
	total = 0.657792 s
	mean  = 0.082224 s
	var   = 1.30555e-005 s^2, std = 0.00361323 s
	min   = 0.073714 s
	max   = 0.084659 s

GWNSampleFloodVoxelizer::evaluateSamples:
	8 trials
	total = 1.12534 s
	mean  = 0.140667 s
	var   = 0.00654079 s^2, std = 0.0808752 s
	min   = 0.031256 s
	max   = 0.248662 s

GWNSampleFloodVoxelizer::flood:
	8 trials
	total = 7.70991 s
	mean  = 0.963738 s
	var   = 0.0131559 s^2, std = 0.114699 s
	min   = 0.768549 s
	max   = 1.06855 s


PrintJobVoxelizer: finalizing surfaces
PrintJobVoxelizer: 861738 surface voxels
PrintJobVoxelizer: getting output subset
PrintJobVoxelizer: updating slice indices
TonalValueCalculator:  runs 16:12:4
slices [149, 199):
	channel 0: occupancy (dense)
	channel 1: opticalFeature (sparse)

SurfaceDistanceOrderedTransfer:  runs 16:12:4
slices [123, 199):
	channel 0: occupancy (dense)
	channel 1: surfaceDist (dense)

SurfaceDistanceOrderedTransfer: 123 149 173
LayerExtractor:  runs 16:12:5
slices [121, 173):
	channel 0: occupancy (dense)
	channel 1: surfaceDist (dense)
	channel 2: layer_000 (sparse)
	channel 3: layer_001 (sparse)
	channel 4: layer_002 (sparse)
	channel 5: layer_003 (sparse)
	channel 6: layer_004 (sparse)
	channel 7: layer_005 (sparse)
	channel 8: layer_006 (sparse)
	channel 9: layer_007 (sparse)

TonalLinearizer:  runs 16:12:6
slices [122, 172):
	channel 0: occupancy (dense)
	channel 1: surfaceDist (dense)
	channel 2: layer_000 (sparse)
	channel 3: layer_001 (sparse)
	channel 4: layer_002 (sparse)
	channel 5: layer_003 (sparse)
	channel 6: layer_004 (sparse)
	channel 7: layer_005 (sparse)
	channel 8: layer_006 (sparse)
	channel 9: layer_007 (sparse)

VectorLayerHalftoner: VectorLayerHalftoner error: no tonal values available

VectorLayerHalftoner:  runs 16:12:7
slices [110, 172):
	channel 0: occupancy (dense)
	channel 1: surfaceDist (dense)
	channel 2: layer_000 (sparse)
	channel 3: layer_001 (sparse)
	channel 4: layer_002 (sparse)
	channel 5: layer_003 (sparse)
	channel 6: layer_004 (sparse)
	channel 7: layer_005 (sparse)
	channel 8: layer_006 (sparse)
	channel 9: layer_007 (sparse)
	channel 10: intermedTonal_0 (sparse)
	channel 11: intermedTonal_1 (sparse)
	channel 12: intermedTonal_2 (sparse)
	channel 13: intermedTonal_3 (sparse)
	channel 14: intermedTonal_4 (sparse)
	channel 15: intermedTonal_5 (sparse)
	channel 16: intermedTonal_6 (sparse)
	channel 17: intermedTonal_7 (sparse)
	channel 18: quantizedTonal (sparse)
	channel 19: errorDiffInfo2 (sparse)
	channel 20: distanceToEmpty (sparse)
	channel 21: errorDiffInfo3 (sparse)
	channel 22: errorDiffInfo4 (sparse)
	channel 23: errorDiffInfo5 (sparse)
	channel 24: errorDiffInfo6 (sparse)
	channel 25: errorDiffInfo7 (sparse)
	channel 26: errorDiffInfo8 (sparse)
	channel 27: errorDiffInfo9 (sparse)

SlaveReporter:  runs 16:12:14
slices [110, 160):
	channel 0: material (dense)
	channel 1: occupancy (dense)

PrintJobVoxelizer:  runs 16:12:14

PrintJobVoxelizer: setting up slices
PrintJobVoxelizer: rasterizing objects
PrintJobVoxelizer: creating rasterizer
PrintJobVoxelizer: rasterizing object 1
PrintJobVoxelizer: rasterizing object 2
Rasterizer::rasterize:
	10 trials
	total = 5.80542 s
	mean  = 0.580542 s
	var   = 0.0470415 s^2, std = 0.216891 s
	min   = 0.18847 s
	max   = 0.803114 s


PrintJobVoxelizer: voxelizing objects
Object 1 ROI: [0 0 0] --> [946 303 50]
GWNSampleFloodVoxelizer: number of samples: 208
GWNSampleFloodVoxelizer: samples evaluated
GWNSampleFloodVoxelizer: adaptive threshold = 0.498039
GWNSampleFloodVoxelizer: flooding complete
Voxelization: solid angle evaluations per voxel: 0.269566

Object 2 ROI: [0 314 0] --> [946 617 50]
GWNSampleFloodVoxelizer: number of samples: 207
GWNSampleFloodVoxelizer: samples evaluated
GWNSampleFloodVoxelizer: adaptive threshold = 0.498039
GWNSampleFloodVoxelizer: flooding complete
Voxelization: solid angle evaluations per voxel: 0.536962

GWNSampleFloodVoxelizer::voxelize:
	10 trials
	total = 13.6594 s
	mean  = 1.36594 s
	var   = 0.0284845 s^2, std = 0.168774 s
	min   = 1.05496 s
	max   = 1.58101 s

GWNSampleFloodVoxelizer::initIndicator:
	10 trials
	total = 1.53235 s
	mean  = 0.153235 s
	var   = 0.000837841 s^2, std = 0.0289455 s
	min   = 0.118317 s
	max   = 0.200462 s

GWNSampleFloodVoxelizer::selectSamples:
	10 trials
	total = 0.821974 s
	mean  = 0.0821974 s
	var   = 1.0262e-005 s^2, std = 0.00320343 s
	min   = 0.073714 s
	max   = 0.084659 s

GWNSampleFloodVoxelizer::evaluateSamples:
	10 trials
	total = 1.34442 s
	mean  = 0.134442 s
	var   = 0.00526187 s^2, std = 0.0725388 s
	min   = 0.031256 s
	max   = 0.248662 s

GWNSampleFloodVoxelizer::flood:
	10 trials
	total = 9.6289 s
	mean  = 0.96289 s
	var   = 0.0235297 s^2, std = 0.153394 s
	min   = 0.714907 s
	max   = 1.20408 s


PrintJobVoxelizer: finalizing surfaces
PrintJobVoxelizer: 1154424 surface voxels
PrintJobVoxelizer: getting output subset
PrintJobVoxelizer: updating slice indices
TonalValueCalculator:  runs 16:12:18
slices [199, 249):
	channel 0: occupancy (dense)
	channel 1: opticalFeature (sparse)

SurfaceDistanceOrderedTransfer:  runs 16:12:18
slices [173, 249):
	channel 0: occupancy (dense)
	channel 1: surfaceDist (dense)

SurfaceDistanceOrderedTransfer: 173 199 223
LayerExtractor:  runs 16:12:20
slices [171, 223):
	channel 0: occupancy (dense)
	channel 1: surfaceDist (dense)
	channel 2: layer_000 (sparse)
	channel 3: layer_001 (sparse)
	channel 4: layer_002 (sparse)
	channel 5: layer_003 (sparse)
	channel 6: layer_004 (sparse)
	channel 7: layer_005 (sparse)
	channel 8: layer_006 (sparse)
	channel 9: layer_007 (sparse)

TonalLinearizer:  runs 16:12:21
slices [172, 222):
	channel 0: occupancy (dense)
	channel 1: surfaceDist (dense)
	channel 2: layer_000 (sparse)
	channel 3: layer_001 (sparse)
	channel 4: layer_002 (sparse)
	channel 5: layer_003 (sparse)
	channel 6: layer_004 (sparse)
	channel 7: layer_005 (sparse)
	channel 8: layer_006 (sparse)
	channel 9: layer_007 (sparse)

VectorLayerHalftoner: VectorLayerHalftoner error: no tonal values available

VectorLayerHalftoner:  runs 16:12:21
slices [160, 222):
	channel 0: occupancy (dense)
	channel 1: surfaceDist (dense)
	channel 2: layer_000 (sparse)
	channel 3: layer_001 (sparse)
	channel 4: layer_002 (sparse)
	channel 5: layer_003 (sparse)
	channel 6: layer_004 (sparse)
	channel 7: layer_005 (sparse)
	channel 8: layer_006 (sparse)
	channel 9: layer_007 (sparse)
	channel 10: intermedTonal_0 (sparse)
	channel 11: intermedTonal_1 (sparse)
	channel 12: intermedTonal_2 (sparse)
	channel 13: intermedTonal_3 (sparse)
	channel 14: intermedTonal_4 (sparse)
	channel 15: intermedTonal_5 (sparse)
	channel 16: intermedTonal_6 (sparse)
	channel 17: intermedTonal_7 (sparse)
	channel 18: quantizedTonal (sparse)
	channel 19: errorDiffInfo2 (sparse)
	channel 20: distanceToEmpty (sparse)
	channel 21: errorDiffInfo3 (sparse)
	channel 22: errorDiffInfo4 (sparse)
	channel 23: errorDiffInfo5 (sparse)
	channel 24: errorDiffInfo6 (sparse)
	channel 25: errorDiffInfo7 (sparse)
	channel 26: errorDiffInfo8 (sparse)
	channel 27: errorDiffInfo9 (sparse)

SlaveReporter:  runs 16:12:28
slices [160, 210):
	channel 0: material (dense)
	channel 1: occupancy (dense)

PrintJobVoxelizer:  runs 16:12:28

PrintJobVoxelizer: setting up slices
PrintJobVoxelizer: rasterizing objects
PrintJobVoxelizer: creating rasterizer
PrintJobVoxelizer: rasterizing object 1
PrintJobVoxelizer: rasterizing object 2
Rasterizer::rasterize:
	12 trials
	total = 7.04461 s
	mean  = 0.587051 s
	var   = 0.0387962 s^2, std = 0.196968 s
	min   = 0.18847 s
	max   = 0.803114 s


PrintJobVoxelizer: voxelizing objects
Object 1 ROI: [0 0 0] --> [946 303 50]
GWNSampleFloodVoxelizer: number of samples: 185
GWNSampleFloodVoxelizer: samples evaluated
GWNSampleFloodVoxelizer: adaptive threshold = 0.498039
GWNSampleFloodVoxelizer: flooding complete
Voxelization: solid angle evaluations per voxel: 0.218196

Object 2 ROI: [0 314 0] --> [946 617 50]
GWNSampleFloodVoxelizer: number of samples: 184
GWNSampleFloodVoxelizer: samples evaluated
GWNSampleFloodVoxelizer: adaptive threshold = 0.498039
GWNSampleFloodVoxelizer: flooding complete
Voxelization: solid angle evaluations per voxel: 0.433945

GWNSampleFloodVoxelizer::voxelize:
	12 trials
	total = 16.1848 s
	mean  = 1.34873 s
	var   = 0.0293751 s^2, std = 0.171392 s
	min   = 1.05496 s
	max   = 1.58101 s

GWNSampleFloodVoxelizer::initIndicator:
	12 trials
	total = 1.87041 s
	mean  = 0.155867 s
	var   = 0.00115467 s^2, std = 0.0339804 s
	min   = 0.118317 s
	max   = 0.217738 s

GWNSampleFloodVoxelizer::selectSamples:
	12 trials
	total = 0.987103 s
	mean  = 0.0822586 s
	var   = 8.42263e-006 s^2, std = 0.00290218 s
	min   = 0.073714 s
	max   = 0.084659 s

GWNSampleFloodVoxelizer::evaluateSamples:
	12 trials
	total = 1.51889 s
	mean  = 0.126574 s
	var   = 0.00464325 s^2, std = 0.0681414 s
	min   = 0.031256 s
	max   = 0.248662 s

GWNSampleFloodVoxelizer::flood:
	12 trials
	total = 11.4042 s
	mean  = 0.950347 s
	var   = 0.0221737 s^2, std = 0.148909 s
	min   = 0.714907 s
	max   = 1.20408 s


PrintJobVoxelizer: finalizing surfaces
PrintJobVoxelizer: 1441484 surface voxels
PrintJobVoxelizer: getting output subset
PrintJobVoxelizer: updating slice indices
TonalValueCalculator:  runs 16:12:33
slices [249, 299):
	channel 0: occupancy (dense)
	channel 1: opticalFeature (sparse)

SurfaceDistanceOrderedTransfer:  runs 16:12:33
slices [223, 299):
	channel 0: occupancy (dense)
	channel 1: surfaceDist (dense)

SurfaceDistanceOrderedTransfer: 223 249 273
LayerExtractor:  runs 16:12:34
slices [221, 273):
	channel 0: occupancy (dense)
	channel 1: surfaceDist (dense)
	channel 2: layer_000 (sparse)
	channel 3: layer_001 (sparse)
	channel 4: layer_002 (sparse)
	channel 5: layer_003 (sparse)
	channel 6: layer_004 (sparse)
	channel 7: layer_005 (sparse)
	channel 8: layer_006 (sparse)
	channel 9: layer_007 (sparse)

TonalLinearizer:  runs 16:12:35
slices [222, 272):
	channel 0: occupancy (dense)
	channel 1: surfaceDist (dense)
	channel 2: layer_000 (sparse)
	channel 3: layer_001 (sparse)
	channel 4: layer_002 (sparse)
	channel 5: layer_003 (sparse)
	channel 6: layer_004 (sparse)
	channel 7: layer_005 (sparse)
	channel 8: layer_006 (sparse)
	channel 9: layer_007 (sparse)

VectorLayerHalftoner: VectorLayerHalftoner error: no tonal values available

VectorLayerHalftoner:  runs 16:12:35
slices [210, 272):
	channel 0: occupancy (dense)
	channel 1: surfaceDist (dense)
	channel 2: layer_000 (sparse)
	channel 3: layer_001 (sparse)
	channel 4: layer_002 (sparse)
	channel 5: layer_003 (sparse)
	channel 6: layer_004 (sparse)
	channel 7: layer_005 (sparse)
	channel 8: layer_006 (sparse)
	channel 9: layer_007 (sparse)
	channel 10: intermedTonal_0 (sparse)
	channel 11: intermedTonal_1 (sparse)
	channel 12: intermedTonal_2 (sparse)
	channel 13: intermedTonal_3 (sparse)
	channel 14: intermedTonal_4 (sparse)
	channel 15: intermedTonal_5 (sparse)
	channel 16: intermedTonal_6 (sparse)
	channel 17: intermedTonal_7 (sparse)
	channel 18: quantizedTonal (sparse)
	channel 19: errorDiffInfo2 (sparse)
	channel 20: distanceToEmpty (sparse)
	channel 21: errorDiffInfo3 (sparse)
	channel 22: errorDiffInfo4 (sparse)
	channel 23: errorDiffInfo5 (sparse)
	channel 24: errorDiffInfo6 (sparse)
	channel 25: errorDiffInfo7 (sparse)
	channel 26: errorDiffInfo8 (sparse)
	channel 27: errorDiffInfo9 (sparse)

SlaveReporter:  runs 16:12:43
slices [210, 260):
	channel 0: material (dense)
	channel 1: occupancy (dense)

PrintJobVoxelizer:  runs 16:12:43

PrintJobVoxelizer: setting up slices
PrintJobVoxelizer: rasterizing objects
PrintJobVoxelizer: creating rasterizer
PrintJobVoxelizer: rasterizing object 1
PrintJobVoxelizer: rasterizing object 2
Rasterizer::rasterize:
	14 trials
	total = 8.28552 s
	mean  = 0.591823 s
	var   = 0.0330913 s^2, std = 0.18191 s
	min   = 0.18847 s
	max   = 0.803114 s


PrintJobVoxelizer: voxelizing objects
Object 1 ROI: [0 0 0] --> [946 303 50]
GWNSampleFloodVoxelizer: number of samples: 191
GWNSampleFloodVoxelizer: samples evaluated
GWNSampleFloodVoxelizer: adaptive threshold = 0.498039
GWNSampleFloodVoxelizer: flooding complete
Voxelization: solid angle evaluations per voxel: 0.241409

Object 2 ROI: [0 314 0] --> [946 617 50]
GWNSampleFloodVoxelizer: number of samples: 191
GWNSampleFloodVoxelizer: samples evaluated
GWNSampleFloodVoxelizer: adaptive threshold = 0.498039
GWNSampleFloodVoxelizer: flooding complete
Voxelization: solid angle evaluations per voxel: 0.486638

GWNSampleFloodVoxelizer::voxelize:
	14 trials
	total = 18.6082 s
	mean  = 1.32916 s
	var   = 0.0286167 s^2, std = 0.169165 s
	min   = 1.05496 s
	max   = 1.58101 s

GWNSampleFloodVoxelizer::initIndicator:
	14 trials
	total = 2.14037 s
	mean  = 0.152883 s
	var   = 0.00106539 s^2, std = 0.0326403 s
	min   = 0.118317 s
	max   = 0.217738 s

GWNSampleFloodVoxelizer::selectSamples:
	14 trials
	total = 1.15174 s
	mean  = 0.0822671 s
	var   = 7.15266e-006 s^2, std = 0.00267445 s
	min   = 0.073714 s
	max   = 0.084659 s

GWNSampleFloodVoxelizer::evaluateSamples:
	14 trials
	total = 1.70639 s
	mean  = 0.121885 s
	var   = 0.00407237 s^2, std = 0.0638151 s
	min   = 0.031256 s
	max   = 0.248662 s

GWNSampleFloodVoxelizer::flood:
	14 trials
	total = 13.1354 s
	mean  = 0.938246 s
	var   = 0.0205139 s^2, std = 0.143227 s
	min   = 0.714907 s
	max   = 1.20408 s


PrintJobVoxelizer: finalizing surfaces
PrintJobVoxelizer: 1738609 surface voxels
PrintJobVoxelizer: getting output subset
PrintJobVoxelizer: updating slice indices
TonalValueCalculator:  runs 16:12:47
slices [299, 349):
	channel 0: occupancy (dense)
	channel 1: opticalFeature (sparse)

SurfaceDistanceOrderedTransfer:  runs 16:12:47
slices [273, 349):
	channel 0: occupancy (dense)
	channel 1: surfaceDist (dense)

SurfaceDistanceOrderedTransfer: 273 299 323
LayerExtractor:  runs 16:12:49
slices [271, 323):
	channel 0: occupancy (dense)
	channel 1: surfaceDist (dense)
	channel 2: layer_000 (sparse)
	channel 3: layer_001 (sparse)
	channel 4: layer_002 (sparse)
	channel 5: layer_003 (sparse)
	channel 6: layer_004 (sparse)
	channel 7: layer_005 (sparse)
	channel 8: layer_006 (sparse)
	channel 9: layer_007 (sparse)

TonalLinearizer:  runs 16:12:50
slices [272, 322):
	channel 0: occupancy (dense)
	channel 1: surfaceDist (dense)
	channel 2: layer_000 (sparse)
	channel 3: layer_001 (sparse)
	channel 4: layer_002 (sparse)
	channel 5: layer_003 (sparse)
	channel 6: layer_004 (sparse)
	channel 7: layer_005 (sparse)
	channel 8: layer_006 (sparse)
	channel 9: layer_007 (sparse)

VectorLayerHalftoner: VectorLayerHalftoner error: no tonal values available

VectorLayerHalftoner:  runs 16:12:50
slices [260, 322):
	channel 0: occupancy (dense)
	channel 1: surfaceDist (dense)
	channel 2: layer_000 (sparse)
	channel 3: layer_001 (sparse)
	channel 4: layer_002 (sparse)
	channel 5: layer_003 (sparse)
	channel 6: layer_004 (sparse)
	channel 7: layer_005 (sparse)
	channel 8: layer_006 (sparse)
	channel 9: layer_007 (sparse)
	channel 10: intermedTonal_0 (sparse)
	channel 11: intermedTonal_1 (sparse)
	channel 12: intermedTonal_2 (sparse)
	channel 13: intermedTonal_3 (sparse)
	channel 14: intermedTonal_4 (sparse)
	channel 15: intermedTonal_5 (sparse)
	channel 16: intermedTonal_6 (sparse)
	channel 17: intermedTonal_7 (sparse)
	channel 18: quantizedTonal (sparse)
	channel 19: errorDiffInfo2 (sparse)
	channel 20: distanceToEmpty (sparse)
	channel 21: errorDiffInfo3 (sparse)
	channel 22: errorDiffInfo4 (sparse)
	channel 23: errorDiffInfo5 (sparse)
	channel 24: errorDiffInfo6 (sparse)
	channel 25: errorDiffInfo7 (sparse)
	channel 26: errorDiffInfo8 (sparse)
	channel 27: errorDiffInfo9 (sparse)

SlaveReporter:  runs 16:12:58
slices [260, 310):
	channel 0: material (dense)
	channel 1: occupancy (dense)

PrintJobVoxelizer:  runs 16:13:4

PrintJobVoxelizer: setting up slices
PrintJobVoxelizer: rasterizing objects
PrintJobVoxelizer: creating rasterizer
PrintJobVoxelizer: rasterizing object 1
PrintJobVoxelizer: rasterizing object 2
Rasterizer::rasterize:
	16 trials
	total = 9.47931 s
	mean  = 0.592457 s
	var   = 0.028745 s^2, std = 0.169544 s
	min   = 0.18847 s
	max   = 0.803114 s


PrintJobVoxelizer: voxelizing objects
Object 1 ROI: [0 0 0] --> [946 303 50]
GWNSampleFloodVoxelizer: number of samples: 165
GWNSampleFloodVoxelizer: samples evaluated
GWNSampleFloodVoxelizer: adaptive threshold = 0.498039
GWNSampleFloodVoxelizer: flooding complete
Voxelization: solid angle evaluations per voxel: 0.204192

Object 2 ROI: [0 314 0] --> [946 617 50]
GWNSampleFloodVoxelizer: number of samples: 163
GWNSampleFloodVoxelizer: samples evaluated
GWNSampleFloodVoxelizer: adaptive threshold = 0.498039
GWNSampleFloodVoxelizer: flooding complete
Voxelization: solid angle evaluations per voxel: 0.407408

GWNSampleFloodVoxelizer::voxelize:
	16 trials
	total = 20.971 s
	mean  = 1.31069 s
	var   = 0.028073 s^2, std = 0.16755 s
	min   = 1.05496 s
	max   = 1.58101 s

GWNSampleFloodVoxelizer::initIndicator:
	16 trials
	total = 2.42685 s
	mean  = 0.151678 s
	var   = 0.000935995 s^2, std = 0.030594 s
	min   = 0.118317 s
	max   = 0.217738 s

GWNSampleFloodVoxelizer::selectSamples:
	16 trials
	total = 1.31861 s
	mean  = 0.0824129 s
	var   = 6.55763e-006 s^2, std = 0.00256079 s
	min   = 0.073714 s
	max   = 0.084659 s

GWNSampleFloodVoxelizer::evaluateSamples:
	16 trials
	total = 1.84746 s
	mean  = 0.115466 s
	var   = 0.00386001 s^2, std = 0.062129 s
	min   = 0.031256 s
	max   = 0.248662 s

GWNSampleFloodVoxelizer::flood:
	16 trials
	total = 14.8092 s
	mean  = 0.925577 s
	var   = 0.0201774 s^2, std = 0.142047 s
	min   = 0.714907 s
	max   = 1.20408 s


PrintJobVoxelizer: finalizing surfaces
PrintJobVoxelizer: 2023087 surface voxels
PrintJobVoxelizer: getting output subset
PrintJobVoxelizer: updating slice indices
TonalValueCalculator:  runs 16:13:8
slices [349, 399):
	channel 0: occupancy (dense)
	channel 1: opticalFeature (sparse)

SurfaceDistanceOrderedTransfer:  runs 16:13:8
slices [323, 399):
	channel 0: occupancy (dense)
	channel 1: surfaceDist (dense)

SurfaceDistanceOrderedTransfer: 323 349 373
LayerExtractor:  runs 16:13:10
slices [321, 373):
	channel 0: occupancy (dense)
	channel 1: surfaceDist (dense)
	channel 2: layer_000 (sparse)
	channel 3: layer_001 (sparse)
	channel 4: layer_002 (sparse)
	channel 5: layer_003 (sparse)
	channel 6: layer_004 (sparse)
	channel 7: layer_005 (sparse)
	channel 8: layer_006 (sparse)
	channel 9: layer_007 (sparse)

TonalLinearizer:  runs 16:13:11
slices [322, 372):
	channel 0: occupancy (dense)
	channel 1: surfaceDist (dense)
	channel 2: layer_000 (sparse)
	channel 3: layer_001 (sparse)
	channel 4: layer_002 (sparse)
	channel 5: layer_003 (sparse)
	channel 6: layer_004 (sparse)
	channel 7: layer_005 (sparse)
	channel 8: layer_006 (sparse)
	channel 9: layer_007 (sparse)

VectorLayerHalftoner: VectorLayerHalftoner error: no tonal values available

VectorLayerHalftoner:  runs 16:13:11
slices [310, 372):
	channel 0: occupancy (dense)
	channel 1: surfaceDist (dense)
	channel 2: layer_000 (sparse)
	channel 3: layer_001 (sparse)
	channel 4: layer_002 (sparse)
	channel 5: layer_003 (sparse)
	channel 6: layer_004 (sparse)
	channel 7: layer_005 (sparse)
	channel 8: layer_006 (sparse)
	channel 9: layer_007 (sparse)
	channel 10: intermedTonal_0 (sparse)
	channel 11: intermedTonal_1 (sparse)
	channel 12: intermedTonal_2 (sparse)
	channel 13: intermedTonal_3 (sparse)
	channel 14: intermedTonal_4 (sparse)
	channel 15: intermedTonal_5 (sparse)
	channel 16: intermedTonal_6 (sparse)
	channel 17: intermedTonal_7 (sparse)
	channel 18: quantizedTonal (sparse)
	channel 19: errorDiffInfo2 (sparse)
	channel 20: distanceToEmpty (sparse)
	channel 21: errorDiffInfo3 (sparse)
	channel 22: errorDiffInfo4 (sparse)
	channel 23: errorDiffInfo5 (sparse)
	channel 24: errorDiffInfo6 (sparse)
	channel 25: errorDiffInfo7 (sparse)
	channel 26: errorDiffInfo8 (sparse)
	channel 27: errorDiffInfo9 (sparse)

SlaveReporter:  runs 16:13:20
slices [310, 360):
	channel 0: material (dense)
	channel 1: occupancy (dense)

PrintJobVoxelizer:  runs 16:13:27

PrintJobVoxelizer: setting up slices
PrintJobVoxelizer: rasterizing objects
PrintJobVoxelizer: creating rasterizer
PrintJobVoxelizer: rasterizing object 1
PrintJobVoxelizer: rasterizing object 2
Rasterizer::rasterize:
	18 trials
	total = 10.6726 s
	mean  = 0.592924 s
	var   = 0.0253651 s^2, std = 0.159264 s
	min   = 0.18847 s
	max   = 0.803114 s


PrintJobVoxelizer: voxelizing objects
Object 1 ROI: [0 0 0] --> [946 303 50]
GWNSampleFloodVoxelizer: number of samples: 142
GWNSampleFloodVoxelizer: samples evaluated
GWNSampleFloodVoxelizer: adaptive threshold = 0.498039
GWNSampleFloodVoxelizer: flooding complete
Voxelization: solid angle evaluations per voxel: 0.198372

Object 2 ROI: [0 314 0] --> [946 617 50]
GWNSampleFloodVoxelizer: number of samples: 143
GWNSampleFloodVoxelizer: samples evaluated
GWNSampleFloodVoxelizer: adaptive threshold = 0.498039
GWNSampleFloodVoxelizer: flooding complete
Voxelization: solid angle evaluations per voxel: 0.398627

GWNSampleFloodVoxelizer::voxelize:
	18 trials
	total = 23.421 s
	mean  = 1.30117 s
	var   = 0.0302712 s^2, std = 0.173986 s
	min   = 1.02441 s
	max   = 1.58101 s

GWNSampleFloodVoxelizer::initIndicator:
	18 trials
	total = 2.74473 s
	mean  = 0.152485 s
	var   = 0.00107107 s^2, std = 0.0327271 s
	min   = 0.113805 s
	max   = 0.217738 s

GWNSampleFloodVoxelizer::selectSamples:
	18 trials
	total = 1.48465 s
	mean  = 0.0824803 s
	var   = 5.8294e-006 s^2, std = 0.00241442 s
	min   = 0.073714 s
	max   = 0.084659 s

GWNSampleFloodVoxelizer::evaluateSamples:
	18 trials
	total = 1.99936 s
	mean  = 0.111076 s
	var   = 0.00356934 s^2, std = 0.059744 s
	min   = 0.031256 s
	max   = 0.248662 s

GWNSampleFloodVoxelizer::flood:
	18 trials
	total = 16.5526 s
	mean  = 0.91959 s
	var   = 0.020925 s^2, std = 0.144655 s
	min   = 0.714907 s
	max   = 1.20408 s


PrintJobVoxelizer: finalizing surfaces
PrintJobVoxelizer: 2312087 surface voxels
PrintJobVoxelizer: getting output subset
PrintJobVoxelizer: updating slice indices
TonalValueCalculator:  runs 16:13:31
slices [399, 449):
	channel 0: occupancy (dense)
	channel 1: opticalFeature (sparse)

SurfaceDistanceOrderedTransfer:  runs 16:13:31
slices [373, 449):
	channel 0: occupancy (dense)
	channel 1: surfaceDist (dense)

SurfaceDistanceOrderedTransfer: 373 399 423
LayerExtractor:  runs 16:13:33
slices [371, 423):
	channel 0: occupancy (dense)
	channel 1: surfaceDist (dense)
	channel 2: layer_000 (sparse)
	channel 3: layer_001 (sparse)
	channel 4: layer_002 (sparse)
	channel 5: layer_003 (sparse)
	channel 6: layer_004 (sparse)
	channel 7: layer_005 (sparse)
	channel 8: layer_006 (sparse)
	channel 9: layer_007 (sparse)

TonalLinearizer:  runs 16:13:34
slices [372, 422):
	channel 0: occupancy (dense)
	channel 1: surfaceDist (dense)
	channel 2: layer_000 (sparse)
	channel 3: layer_001 (sparse)
	channel 4: layer_002 (sparse)
	channel 5: layer_003 (sparse)
	channel 6: layer_004 (sparse)
	channel 7: layer_005 (sparse)
	channel 8: layer_006 (sparse)
	channel 9: layer_007 (sparse)

VectorLayerHalftoner: VectorLayerHalftoner error: no tonal values available

VectorLayerHalftoner:  runs 16:13:34
slices [360, 422):
	channel 0: occupancy (dense)
	channel 1: surfaceDist (dense)
	channel 2: layer_000 (sparse)
	channel 3: layer_001 (sparse)
	channel 4: layer_002 (sparse)
	channel 5: layer_003 (sparse)
	channel 6: layer_004 (sparse)
	channel 7: layer_005 (sparse)
	channel 8: layer_006 (sparse)
	channel 9: layer_007 (sparse)
	channel 10: intermedTonal_0 (sparse)
	channel 11: intermedTonal_1 (sparse)
	channel 12: intermedTonal_2 (sparse)
	channel 13: intermedTonal_3 (sparse)
	channel 14: intermedTonal_4 (sparse)
	channel 15: intermedTonal_5 (sparse)
	channel 16: intermedTonal_6 (sparse)
	channel 17: intermedTonal_7 (sparse)
	channel 18: quantizedTonal (sparse)
	channel 19: errorDiffInfo2 (sparse)
	channel 20: distanceToEmpty (sparse)
	channel 21: errorDiffInfo3 (sparse)
	channel 22: errorDiffInfo4 (sparse)
	channel 23: errorDiffInfo5 (sparse)
	channel 24: errorDiffInfo6 (sparse)
	channel 25: errorDiffInfo7 (sparse)
	channel 26: errorDiffInfo8 (sparse)
	channel 27: errorDiffInfo9 (sparse)

SlaveReporter:  runs 16:13:43
slices [360, 410):
	channel 0: material (dense)
	channel 1: occupancy (dense)

PrintJobVoxelizer:  runs 16:13:50

PrintJobVoxelizer: setting up slices
PrintJobVoxelizer: rasterizing objects
PrintJobVoxelizer: creating rasterizer
PrintJobVoxelizer: rasterizing object 1
PrintJobVoxelizer: rasterizing object 2
Rasterizer::rasterize:
	20 trials
	total = 11.8078 s
	mean  = 0.590388 s
	var   = 0.0227589 s^2, std = 0.150861 s
	min   = 0.18847 s
	max   = 0.803114 s


PrintJobVoxelizer: voxelizing objects
Object 1 ROI: [0 0 0] --> [946 303 50]
GWNSampleFloodVoxelizer: number of samples: 163
GWNSampleFloodVoxelizer: samples evaluated
GWNSampleFloodVoxelizer: adaptive threshold = 0.498039
GWNSampleFloodVoxelizer: flooding complete
Voxelization: solid angle evaluations per voxel: 0.212661

Object 2 ROI: [0 314 0] --> [946 617 50]
GWNSampleFloodVoxelizer: number of samples: 164
GWNSampleFloodVoxelizer: samples evaluated
GWNSampleFloodVoxelizer: adaptive threshold = 0.498039
GWNSampleFloodVoxelizer: flooding complete
Voxelization: solid angle evaluations per voxel: 0.427295

GWNSampleFloodVoxelizer::voxelize:
	20 trials
	total = 25.9615 s
	mean  = 1.29808 s
	var   = 0.0282729 s^2, std = 0.168146 s
	min   = 1.02441 s
	max   = 1.58101 s

GWNSampleFloodVoxelizer::initIndicator:
	20 trials
	total = 3.06193 s
	mean  = 0.153097 s
	var   = 0.000973932 s^2, std = 0.0312079 s
	min   = 0.113805 s
	max   = 0.217738 s

GWNSampleFloodVoxelizer::selectSamples:
	20 trials
	total = 1.64902 s
	mean  = 0.082451 s
	var   = 5.224e-006 s^2, std = 0.00228561 s
	min   = 0.073714 s
	max   = 0.084659 s

GWNSampleFloodVoxelizer::evaluateSamples:
	20 trials
	total = 2.14409 s
	mean  = 0.107205 s
	var   = 0.00334207 s^2, std = 0.0578107 s
	min   = 0.031256 s
	max   = 0.248662 s

GWNSampleFloodVoxelizer::flood:
	20 trials
	total = 18.3584 s
	mean  = 0.917921 s
	var   = 0.0197657 s^2, std = 0.14059 s
	min   = 0.714907 s
	max   = 1.20408 s


PrintJobVoxelizer: finalizing surfaces
PrintJobVoxelizer: 2588057 surface voxels
PrintJobVoxelizer: getting output subset
PrintJobVoxelizer: updating slice indices
TonalValueCalculator:  runs 16:13:54
slices [449, 499):
	channel 0: occupancy (dense)
	channel 1: opticalFeature (sparse)

SurfaceDistanceOrderedTransfer:  runs 16:13:54
slices [423, 499):
	channel 0: occupancy (dense)
	channel 1: surfaceDist (dense)

SurfaceDistanceOrderedTransfer: 423 449 473
LayerExtractor:  runs 16:13:56
slices [421, 473):
	channel 0: occupancy (dense)
	channel 1: surfaceDist (dense)
	channel 2: layer_000 (sparse)
	channel 3: layer_001 (sparse)
	channel 4: layer_002 (sparse)
	channel 5: layer_003 (sparse)
	channel 6: layer_004 (sparse)
	channel 7: layer_005 (sparse)
	channel 8: layer_006 (sparse)
	channel 9: layer_007 (sparse)

TonalLinearizer:  runs 16:13:57
slices [422, 472):
	channel 0: occupancy (dense)
	channel 1: surfaceDist (dense)
	channel 2: layer_000 (sparse)
	channel 3: layer_001 (sparse)
	channel 4: layer_002 (sparse)
	channel 5: layer_003 (sparse)
	channel 6: layer_004 (sparse)
	channel 7: layer_005 (sparse)
	channel 8: layer_006 (sparse)
	channel 9: layer_007 (sparse)

VectorLayerHalftoner: VectorLayerHalftoner error: no tonal values available

VectorLayerHalftoner:  runs 16:13:57
slices [410, 472):
	channel 0: occupancy (dense)
	channel 1: surfaceDist (dense)
	channel 2: layer_000 (sparse)
	channel 3: layer_001 (sparse)
	channel 4: layer_002 (sparse)
	channel 5: layer_003 (sparse)
	channel 6: layer_004 (sparse)
	channel 7: layer_005 (sparse)
	channel 8: layer_006 (sparse)
	channel 9: layer_007 (sparse)
	channel 10: intermedTonal_0 (sparse)
	channel 11: intermedTonal_1 (sparse)
	channel 12: intermedTonal_2 (sparse)
	channel 13: intermedTonal_3 (sparse)
	channel 14: intermedTonal_4 (sparse)
	channel 15: intermedTonal_5 (sparse)
	channel 16: intermedTonal_6 (sparse)
	channel 17: intermedTonal_7 (sparse)
	channel 18: quantizedTonal (sparse)
	channel 19: errorDiffInfo2 (sparse)
	channel 20: distanceToEmpty (sparse)
	channel 21: errorDiffInfo3 (sparse)
	channel 22: errorDiffInfo4 (sparse)
	channel 23: errorDiffInfo5 (sparse)
	channel 24: errorDiffInfo6 (sparse)
	channel 25: errorDiffInfo7 (sparse)
	channel 26: errorDiffInfo8 (sparse)
	channel 27: errorDiffInfo9 (sparse)

SlaveReporter:  runs 16:14:5
slices [410, 460):
	channel 0: material (dense)
	channel 1: occupancy (dense)

PrintJobVoxelizer:  runs 16:14:14

PrintJobVoxelizer: setting up slices
PrintJobVoxelizer: rasterizing objects
PrintJobVoxelizer: creating rasterizer
PrintJobVoxelizer: rasterizing object 1
PrintJobVoxelizer: rasterizing object 2
Rasterizer::rasterize:
	22 trials
	total = 13.0363 s
	mean  = 0.592561 s
	var   = 0.0206868 s^2, std = 0.143829 s
	min   = 0.18847 s
	max   = 0.803114 s


PrintJobVoxelizer: voxelizing objects
Object 1 ROI: [0 0 0] --> [946 303 50]
GWNSampleFloodVoxelizer: number of samples: 182
GWNSampleFloodVoxelizer: samples evaluated
GWNSampleFloodVoxelizer: adaptive threshold = 0.498039
GWNSampleFloodVoxelizer: flooding complete
Voxelization: solid angle evaluations per voxel: 0.264532

Object 2 ROI: [0 314 0] --> [946 617 50]
GWNSampleFloodVoxelizer: number of samples: 182
GWNSampleFloodVoxelizer: samples evaluated
GWNSampleFloodVoxelizer: adaptive threshold = 0.498039
GWNSampleFloodVoxelizer: flooding complete
Voxelization: solid angle evaluations per voxel: 0.530732

GWNSampleFloodVoxelizer::voxelize:
	22 trials
	total = 28.5063 s
	mean  = 1.29574 s
	var   = 0.0261174 s^2, std = 0.161609 s
	min   = 1.02441 s
	max   = 1.58101 s

GWNSampleFloodVoxelizer::initIndicator:
	22 trials
	total = 3.37712 s
	mean  = 0.153506 s
	var   = 0.000895996 s^2, std = 0.0299332 s
	min   = 0.113805 s
	max   = 0.217738 s

GWNSampleFloodVoxelizer::selectSamples:
	22 trials
	total = 1.81589 s
	mean  = 0.0825407 s
	var   = 4.95214e-006 s^2, std = 0.00222534 s
	min   = 0.073714 s
	max   = 0.084659 s

GWNSampleFloodVoxelizer::evaluateSamples:
	22 trials
	total = 2.34615 s
	mean  = 0.106643 s
	var   = 0.00302723 s^2, std = 0.0550203 s
	min   = 0.031256 s
	max   = 0.248662 s

GWNSampleFloodVoxelizer::flood:
	22 trials
	total = 20.1284 s
	mean  = 0.914929 s
	var   = 0.0184242 s^2, std = 0.135736 s
	min   = 0.714907 s
	max   = 1.20408 s


PrintJobVoxelizer: finalizing surfaces
PrintJobVoxelizer: 2865585 surface voxels
PrintJobVoxelizer: getting output subset
PrintJobVoxelizer: updating slice indices
TonalValueCalculator:  runs 16:14:18
slices [499, 549):
	channel 0: occupancy (dense)
	channel 1: opticalFeature (sparse)

SurfaceDistanceOrderedTransfer:  runs 16:14:18
slices [473, 549):
	channel 0: occupancy (dense)
	channel 1: surfaceDist (dense)

SurfaceDistanceOrderedTransfer: 473 499 523
LayerExtractor:  runs 16:14:19
slices [471, 523):
	channel 0: occupancy (dense)
	channel 1: surfaceDist (dense)
	channel 2: layer_000 (sparse)
	channel 3: layer_001 (sparse)
	channel 4: layer_002 (sparse)
	channel 5: layer_003 (sparse)
	channel 6: layer_004 (sparse)
	channel 7: layer_005 (sparse)
	channel 8: layer_006 (sparse)
	channel 9: layer_007 (sparse)

TonalLinearizer:  runs 16:14:20
slices [472, 522):
	channel 0: occupancy (dense)
	channel 1: surfaceDist (dense)
	channel 2: layer_000 (sparse)
	channel 3: layer_001 (sparse)
	channel 4: layer_002 (sparse)
	channel 5: layer_003 (sparse)
	channel 6: layer_004 (sparse)
	channel 7: layer_005 (sparse)
	channel 8: layer_006 (sparse)
	channel 9: layer_007 (sparse)

VectorLayerHalftoner: VectorLayerHalftoner error: no tonal values available

VectorLayerHalftoner:  runs 16:14:21
slices [460, 522):
	channel 0: occupancy (dense)
	channel 1: surfaceDist (dense)
	channel 2: layer_000 (sparse)
	channel 3: layer_001 (sparse)
	channel 4: layer_002 (sparse)
	channel 5: layer_003 (sparse)
	channel 6: layer_004 (sparse)
	channel 7: layer_005 (sparse)
	channel 8: layer_006 (sparse)
	channel 9: layer_007 (sparse)
	channel 10: intermedTonal_0 (sparse)
	channel 11: intermedTonal_1 (sparse)
	channel 12: intermedTonal_2 (sparse)
	channel 13: intermedTonal_3 (sparse)
	channel 14: intermedTonal_4 (sparse)
	channel 15: intermedTonal_5 (sparse)
	channel 16: intermedTonal_6 (sparse)
	channel 17: intermedTonal_7 (sparse)
	channel 18: quantizedTonal (sparse)
	channel 19: errorDiffInfo2 (sparse)
	channel 20: distanceToEmpty (sparse)
	channel 21: errorDiffInfo3 (sparse)
	channel 22: errorDiffInfo4 (sparse)
	channel 23: errorDiffInfo5 (sparse)
	channel 24: errorDiffInfo6 (sparse)
	channel 25: errorDiffInfo7 (sparse)
	channel 26: errorDiffInfo8 (sparse)
	channel 27: errorDiffInfo9 (sparse)

SlaveReporter:  runs 16:14:27
slices [460, 510):
	channel 0: material (dense)
	channel 1: occupancy (dense)

PrintJobVoxelizer:  runs 16:14:37

PrintJobVoxelizer: setting up slices
PrintJobVoxelizer: rasterizing objects
PrintJobVoxelizer: creating rasterizer
PrintJobVoxelizer: rasterizing object 1
PrintJobVoxelizer: rasterizing object 2
Rasterizer::rasterize:
	24 trials
	total = 14.2702 s
	mean  = 0.594592 s
	var   = 0.0189382 s^2, std = 0.137616 s
	min   = 0.18847 s
	max   = 0.803114 s


PrintJobVoxelizer: voxelizing objects
Object 1 ROI: [0 0 0] --> [946 303 50]
GWNSampleFloodVoxelizer: number of samples: 227
GWNSampleFloodVoxelizer: samples evaluated
GWNSampleFloodVoxelizer: adaptive threshold = 0.498039
GWNSampleFloodVoxelizer: flooding complete
Voxelization: solid angle evaluations per voxel: 0.35145

Object 2 ROI: [0 314 0] --> [946 617 50]
GWNSampleFloodVoxelizer: number of samples: 227
GWNSampleFloodVoxelizer: samples evaluated
GWNSampleFloodVoxelizer: adaptive threshold = 0.498039
GWNSampleFloodVoxelizer: flooding complete
Voxelization: solid angle evaluations per voxel: 0.703841

GWNSampleFloodVoxelizer::voxelize:
	24 trials
	total = 31.0801 s
	mean  = 1.29501 s
	var   = 0.0247304 s^2, std = 0.157259 s
	min   = 1.02441 s
	max   = 1.58101 s

GWNSampleFloodVoxelizer::initIndicator:
	24 trials
	total = 3.66705 s
	mean  = 0.152794 s
	var   = 0.000823911 s^2, std = 0.0287039 s
	min   = 0.113805 s
	max   = 0.217738 s

GWNSampleFloodVoxelizer::selectSamples:
	24 trials
	total = 1.96786 s
	mean  = 0.0819941 s
	var   = 1.21529e-005 s^2, std = 0.0034861 s
	min   = 0.06903 s
	max   = 0.084659 s

GWNSampleFloodVoxelizer::evaluateSamples:
	24 trials
	total = 2.63469 s
	mean  = 0.109779 s
	var   = 0.00287759 s^2, std = 0.0536432 s
	min   = 0.031256 s
	max   = 0.248662 s

GWNSampleFloodVoxelizer::flood:
	24 trials
	total = 21.906 s
	mean  = 0.91275 s
	var   = 0.0176428 s^2, std = 0.132826 s
	min   = 0.714907 s
	max   = 1.20408 s


PrintJobVoxelizer: finalizing surfaces
PrintJobVoxelizer: 3147432 surface voxels
PrintJobVoxelizer: getting output subset
PrintJobVoxelizer: updating slice indices
TonalValueCalculator:  runs 16:14:41
slices [549, 599):
	channel 0: occupancy (dense)
	channel 1: opticalFeature (sparse)

SurfaceDistanceOrderedTransfer:  runs 16:14:41
slices [523, 599):
	channel 0: occupancy (dense)
	channel 1: surfaceDist (dense)

SurfaceDistanceOrderedTransfer: 523 549 573
LayerExtractor:  runs 16:14:43
slices [521, 573):
	channel 0: occupancy (dense)
	channel 1: surfaceDist (dense)
	channel 2: layer_000 (sparse)
	channel 3: layer_001 (sparse)
	channel 4: layer_002 (sparse)
	channel 5: layer_003 (sparse)
	channel 6: layer_004 (sparse)
	channel 7: layer_005 (sparse)
	channel 8: layer_006 (sparse)
	channel 9: layer_007 (sparse)

TonalLinearizer:  runs 16:14:44
slices [522, 572):
	channel 0: occupancy (dense)
	channel 1: surfaceDist (dense)
	channel 2: layer_000 (sparse)
	channel 3: layer_001 (sparse)
	channel 4: layer_002 (sparse)
	channel 5: layer_003 (sparse)
	channel 6: layer_004 (sparse)
	channel 7: layer_005 (sparse)
	channel 8: layer_006 (sparse)
	channel 9: layer_007 (sparse)

VectorLayerHalftoner: VectorLayerHalftoner error: no tonal values available

VectorLayerHalftoner:  runs 16:14:44
slices [510, 572):
	channel 0: occupancy (dense)
	channel 1: surfaceDist (dense)
	channel 2: layer_000 (sparse)
	channel 3: layer_001 (sparse)
	channel 4: layer_002 (sparse)
	channel 5: layer_003 (sparse)
	channel 6: layer_004 (sparse)
	channel 7: layer_005 (sparse)
	channel 8: layer_006 (sparse)
	channel 9: layer_007 (sparse)
	channel 10: intermedTonal_0 (sparse)
	channel 11: intermedTonal_1 (sparse)
	channel 12: intermedTonal_2 (sparse)
	channel 13: intermedTonal_3 (sparse)
	channel 14: intermedTonal_4 (sparse)
	channel 15: intermedTonal_5 (sparse)
	channel 16: intermedTonal_6 (sparse)
	channel 17: intermedTonal_7 (sparse)
	channel 18: quantizedTonal (sparse)
	channel 19: errorDiffInfo2 (sparse)
	channel 20: distanceToEmpty (sparse)
	channel 21: errorDiffInfo3 (sparse)
	channel 22: errorDiffInfo4 (sparse)
	channel 23: errorDiffInfo5 (sparse)
	channel 24: errorDiffInfo6 (sparse)
	channel 25: errorDiffInfo7 (sparse)
	channel 26: errorDiffInfo8 (sparse)
	channel 27: errorDiffInfo9 (sparse)

SlaveReporter:  runs 16:14:51
slices [510, 560):
	channel 0: material (dense)
	channel 1: occupancy (dense)

PrintJobVoxelizer:  runs 16:14:59

PrintJobVoxelizer: setting up slices
PrintJobVoxelizer: rasterizing objects
PrintJobVoxelizer: creating rasterizer
PrintJobVoxelizer: rasterizing object 1
PrintJobVoxelizer: rasterizing object 2
Rasterizer::rasterize:
	26 trials
	total = 15.6404 s
	mean  = 0.601556 s
	var   = 0.0180307 s^2, std = 0.134278 s
	min   = 0.18847 s
	max   = 0.803114 s


PrintJobVoxelizer: voxelizing objects
Object 1 ROI: [0 0 0] --> [946 303 50]
GWNSampleFloodVoxelizer: number of samples: 294
GWNSampleFloodVoxelizer: samples evaluated
GWNSampleFloodVoxelizer: adaptive threshold = 0.498039
GWNSampleFloodVoxelizer: flooding complete
Voxelization: solid angle evaluations per voxel: 0.534269

Object 2 ROI: [0 314 0] --> [946 617 50]
GWNSampleFloodVoxelizer: number of samples: 294
GWNSampleFloodVoxelizer: samples evaluated
GWNSampleFloodVoxelizer: adaptive threshold = 0.498039
GWNSampleFloodVoxelizer: flooding complete
Voxelization: solid angle evaluations per voxel: 1.0675

GWNSampleFloodVoxelizer::voxelize:
	26 trials
	total = 33.7225 s
	mean  = 1.29702 s
	var   = 0.0236275 s^2, std = 0.153712 s
	min   = 1.02441 s
	max   = 1.58101 s

GWNSampleFloodVoxelizer::initIndicator:
	26 trials
	total = 3.9458 s
	mean  = 0.151761 s
	var   = 0.000777112 s^2, std = 0.0278767 s
	min   = 0.113805 s
	max   = 0.217738 s

GWNSampleFloodVoxelizer::selectSamples:
	26 trials
	total = 2.13118 s
	mean  = 0.0819686 s
	var   = 1.11937e-005 s^2, std = 0.00334569 s
	min   = 0.06903 s
	max   = 0.084659 s

GWNSampleFloodVoxelizer::evaluateSamples:
	26 trials
	total = 3.04378 s
	mean  = 0.117069 s
	var   = 0.00331784 s^2, std = 0.0576007 s
	min   = 0.031256 s
	max   = 0.248662 s

GWNSampleFloodVoxelizer::flood:
	26 trials
	total = 23.6251 s
	mean  = 0.908657 s
	var   = 0.0172248 s^2, std = 0.131243 s
	min   = 0.714907 s
	max   = 1.20408 s


PrintJobVoxelizer: finalizing surfaces
PrintJobVoxelizer: 3458098 surface voxels
PrintJobVoxelizer: getting output subset
PrintJobVoxelizer: updating slice indices
TonalValueCalculator:  runs 16:15:3
slices [599, 649):
	channel 0: occupancy (dense)
	channel 1: opticalFeature (sparse)

SurfaceDistanceOrderedTransfer:  runs 16:15:3
slices [573, 649):
	channel 0: occupancy (dense)
	channel 1: surfaceDist (dense)

SurfaceDistanceOrderedTransfer: 573 599 623
LayerExtractor:  runs 16:15:5
slices [571, 623):
	channel 0: occupancy (dense)
	channel 1: surfaceDist (dense)
	channel 2: layer_000 (sparse)
	channel 3: layer_001 (sparse)
	channel 4: layer_002 (sparse)
	channel 5: layer_003 (sparse)
	channel 6: layer_004 (sparse)
	channel 7: layer_005 (sparse)
	channel 8: layer_006 (sparse)
	channel 9: layer_007 (sparse)

TonalLinearizer:  runs 16:15:6
slices [572, 622):
	channel 0: occupancy (dense)
	channel 1: surfaceDist (dense)
	channel 2: layer_000 (sparse)
	channel 3: layer_001 (sparse)
	channel 4: layer_002 (sparse)
	channel 5: layer_003 (sparse)
	channel 6: layer_004 (sparse)
	channel 7: layer_005 (sparse)
	channel 8: layer_006 (sparse)
	channel 9: layer_007 (sparse)

VectorLayerHalftoner: VectorLayerHalftoner error: no tonal values available

VectorLayerHalftoner:  runs 16:15:7
slices [560, 622):
	channel 0: occupancy (dense)
	channel 1: surfaceDist (dense)
	channel 2: layer_000 (sparse)
	channel 3: layer_001 (sparse)
	channel 4: layer_002 (sparse)
	channel 5: layer_003 (sparse)
	channel 6: layer_004 (sparse)
	channel 7: layer_005 (sparse)
	channel 8: layer_006 (sparse)
	channel 9: layer_007 (sparse)
	channel 10: intermedTonal_0 (sparse)
	channel 11: intermedTonal_1 (sparse)
	channel 12: intermedTonal_2 (sparse)
	channel 13: intermedTonal_3 (sparse)
	channel 14: intermedTonal_4 (sparse)
	channel 15: intermedTonal_5 (sparse)
	channel 16: intermedTonal_6 (sparse)
	channel 17: intermedTonal_7 (sparse)
	channel 18: quantizedTonal (sparse)
	channel 19: errorDiffInfo2 (sparse)
	channel 20: distanceToEmpty (sparse)
	channel 21: errorDiffInfo3 (sparse)
	channel 22: errorDiffInfo4 (sparse)
	channel 23: errorDiffInfo5 (sparse)
	channel 24: errorDiffInfo6 (sparse)
	channel 25: errorDiffInfo7 (sparse)
	channel 26: errorDiffInfo8 (sparse)
	channel 27: errorDiffInfo9 (sparse)

SlaveReporter:  runs 16:15:13
slices [560, 610):
	channel 0: material (dense)
	channel 1: occupancy (dense)

PrintJobVoxelizer:  runs 16:15:23

PrintJobVoxelizer: setting up slices
PrintJobVoxelizer: rasterizing objects
PrintJobVoxelizer: creating rasterizer
PrintJobVoxelizer: rasterizing object 1
PrintJobVoxelizer: rasterizing object 2
Rasterizer::rasterize:
	28 trials
	total = 16.8817 s
	mean  = 0.602917 s
	var   = 0.0167567 s^2, std = 0.129448 s
	min   = 0.18847 s
	max   = 0.803114 s


PrintJobVoxelizer: voxelizing objects
Object 1 ROI: [0 0 0] --> [946 303 50]
GWNSampleFloodVoxelizer: number of samples: 248
GWNSampleFloodVoxelizer: samples evaluated
GWNSampleFloodVoxelizer: adaptive threshold = 0.498039
GWNSampleFloodVoxelizer: flooding complete
Voxelization: solid angle evaluations per voxel: 0.415449

Object 2 ROI: [0 314 0] --> [946 617 50]
GWNSampleFloodVoxelizer: number of samples: 245
GWNSampleFloodVoxelizer: samples evaluated
GWNSampleFloodVoxelizer: adaptive threshold = 0.498039
GWNSampleFloodVoxelizer: flooding complete
Voxelization: solid angle evaluations per voxel: 0.826595

GWNSampleFloodVoxelizer::voxelize:
	28 trials
	total = 36.4695 s
	mean  = 1.30248 s
	var   = 0.022382 s^2, std = 0.149606 s
	min   = 1.02441 s
	max   = 1.58101 s

GWNSampleFloodVoxelizer::initIndicator:
	28 trials
	total = 4.27011 s
	mean  = 0.152504 s
	var   = 0.000765422 s^2, std = 0.0276663 s
	min   = 0.113805 s
	max   = 0.217738 s

GWNSampleFloodVoxelizer::selectSamples:
	28 trials
	total = 2.28944 s
	mean  = 0.0817656 s
	var   = 1.31864e-005 s^2, std = 0.0036313 s
	min   = 0.06903 s
	max   = 0.084659 s

GWNSampleFloodVoxelizer::evaluateSamples:
	28 trials
	total = 3.38759 s
	mean  = 0.120985 s
	var   = 0.00328096 s^2, std = 0.0572797 s
	min   = 0.031256 s
	max   = 0.248662 s

GWNSampleFloodVoxelizer::flood:
	28 trials
	total = 25.4791 s
	mean  = 0.909966 s
	var   = 0.0159856 s^2, std = 0.126434 s
	min   = 0.714907 s
	max   = 1.20408 s


PrintJobVoxelizer: finalizing surfaces
PrintJobVoxelizer: 3701946 surface voxels
PrintJobVoxelizer: getting output subset
PrintJobVoxelizer: updating slice indices
TonalValueCalculator:  runs 16:15:27
slices [649, 699):
	channel 0: occupancy (dense)
	channel 1: opticalFeature (sparse)

SurfaceDistanceOrderedTransfer:  runs 16:15:27
slices [623, 699):
	channel 0: occupancy (dense)
	channel 1: surfaceDist (dense)

SurfaceDistanceOrderedTransfer: 623 649 673
LayerExtractor:  runs 16:15:29
slices [621, 673):
	channel 0: occupancy (dense)
	channel 1: surfaceDist (dense)
	channel 2: layer_000 (sparse)
	channel 3: layer_001 (sparse)
	channel 4: layer_002 (sparse)
	channel 5: layer_003 (sparse)
	channel 6: layer_004 (sparse)
	channel 7: layer_005 (sparse)
	channel 8: layer_006 (sparse)
	channel 9: layer_007 (sparse)

TonalLinearizer:  runs 16:15:30
slices [622, 672):
	channel 0: occupancy (dense)
	channel 1: surfaceDist (dense)
	channel 2: layer_000 (sparse)
	channel 3: layer_001 (sparse)
	channel 4: layer_002 (sparse)
	channel 5: layer_003 (sparse)
	channel 6: layer_004 (sparse)
	channel 7: layer_005 (sparse)
	channel 8: layer_006 (sparse)
	channel 9: layer_007 (sparse)

VectorLayerHalftoner: VectorLayerHalftoner error: no tonal values available

VectorLayerHalftoner:  runs 16:15:30
slices [610, 672):
	channel 0: occupancy (dense)
	channel 1: surfaceDist (dense)
	channel 2: layer_000 (sparse)
	channel 3: layer_001 (sparse)
	channel 4: layer_002 (sparse)
	channel 5: layer_003 (sparse)
	channel 6: layer_004 (sparse)
	channel 7: layer_005 (sparse)
	channel 8: layer_006 (sparse)
	channel 9: layer_007 (sparse)
	channel 10: intermedTonal_0 (sparse)
	channel 11: intermedTonal_1 (sparse)
	channel 12: intermedTonal_2 (sparse)
	channel 13: intermedTonal_3 (sparse)
	channel 14: intermedTonal_4 (sparse)
	channel 15: intermedTonal_5 (sparse)
	channel 16: intermedTonal_6 (sparse)
	channel 17: intermedTonal_7 (sparse)
	channel 18: quantizedTonal (sparse)
	channel 19: errorDiffInfo2 (sparse)
	channel 20: distanceToEmpty (sparse)
	channel 21: errorDiffInfo3 (sparse)
	channel 22: errorDiffInfo4 (sparse)
	channel 23: errorDiffInfo5 (sparse)
	channel 24: errorDiffInfo6 (sparse)
	channel 25: errorDiffInfo7 (sparse)
	channel 26: errorDiffInfo8 (sparse)
	channel 27: errorDiffInfo9 (sparse)

SlaveReporter:  runs 16:15:37
slices [610, 660):
	channel 0: material (dense)
	channel 1: occupancy (dense)

PrintJobVoxelizer:  runs 16:15:52

PrintJobVoxelizer: setting up slices
PrintJobVoxelizer: rasterizing objects
PrintJobVoxelizer: creating rasterizer
PrintJobVoxelizer: rasterizing object 1
PrintJobVoxelizer: rasterizing object 2
Rasterizer::rasterize:
	30 trials
	total = 17.4227 s
	mean  = 0.580757 s
	var   = 0.0227154 s^2, std = 0.150716 s
	min   = 0.18847 s
	max   = 0.803114 s


PrintJobVoxelizer: voxelizing objects
Object 1 ROI: [0 0 0] --> [946 303 50]
GWNSampleFloodVoxelizer: number of samples: 123
GWNSampleFloodVoxelizer: samples evaluated
GWNSampleFloodVoxelizer: adaptive threshold = 0.498039
GWNSampleFloodVoxelizer: flooding complete
Voxelization: solid angle evaluations per voxel: 0.137961

Object 2 ROI: [0 314 0] --> [946 617 50]
GWNSampleFloodVoxelizer: number of samples: 124
GWNSampleFloodVoxelizer: samples evaluated
GWNSampleFloodVoxelizer: adaptive threshold = 0.498039
GWNSampleFloodVoxelizer: flooding complete
Voxelization: solid angle evaluations per voxel: 0.276387

GWNSampleFloodVoxelizer::voxelize:
	30 trials
	total = 39.0447 s
	mean  = 1.30149 s
	var   = 0.0209154 s^2, std = 0.144621 s
	min   = 1.02441 s
	max   = 1.58101 s

GWNSampleFloodVoxelizer::initIndicator:
	30 trials
	total = 4.63196 s
	mean  = 0.154399 s
	var   = 0.000851732 s^2, std = 0.0291844 s
	min   = 0.113805 s
	max   = 0.217738 s

GWNSampleFloodVoxelizer::selectSamples:
	30 trials
	total = 2.44563 s
	mean  = 0.0815209 s
	var   = 1.45751e-005 s^2, std = 0.00381773 s
	min   = 0.06903 s
	max   = 0.084659 s

GWNSampleFloodVoxelizer::evaluateSamples:
	30 trials
	total = 3.48888 s
	mean  = 0.116296 s
	var   = 0.00337369 s^2, std = 0.0580835 s
	min   = 0.031256 s
	max   = 0.248662 s

GWNSampleFloodVoxelizer::flood:
	30 trials
	total = 27.3709 s
	mean  = 0.912362 s
	var   = 0.0149702 s^2, std = 0.122353 s
	min   = 0.714907 s
	max   = 1.20408 s


PrintJobVoxelizer: finalizing surfaces
PrintJobVoxelizer: 3787663 surface voxels
PrintJobVoxelizer: getting output subset
PrintJobVoxelizer: updating slice indices
TonalValueCalculator:  runs 16:15:55
slices [699, 749):
	channel 0: occupancy (dense)
	channel 1: opticalFeature (sparse)

SurfaceDistanceOrderedTransfer:  runs 16:15:55
slices [673, 749):
	channel 0: occupancy (dense)
	channel 1: surfaceDist (dense)

SurfaceDistanceOrderedTransfer: 673 699 723
LayerExtractor:  runs 16:15:57
slices [671, 723):
	channel 0: occupancy (dense)
	channel 1: surfaceDist (dense)
	channel 2: layer_000 (sparse)
	channel 3: layer_001 (sparse)
	channel 4: layer_002 (sparse)
	channel 5: layer_003 (sparse)
	channel 6: layer_004 (sparse)
	channel 7: layer_005 (sparse)
	channel 8: layer_006 (sparse)
	channel 9: layer_007 (sparse)

TonalLinearizer:  runs 16:15:57
slices [672, 722):
	channel 0: occupancy (dense)
	channel 1: surfaceDist (dense)
	channel 2: layer_000 (sparse)
	channel 3: layer_001 (sparse)
	channel 4: layer_002 (sparse)
	channel 5: layer_003 (sparse)
	channel 6: layer_004 (sparse)
	channel 7: layer_005 (sparse)
	channel 8: layer_006 (sparse)
	channel 9: layer_007 (sparse)

VectorLayerHalftoner: VectorLayerHalftoner error: no tonal values available

VectorLayerHalftoner:  runs 16:15:58
slices [660, 722):
	channel 0: occupancy (dense)
	channel 1: surfaceDist (dense)
	channel 2: layer_000 (sparse)
	channel 3: layer_001 (sparse)
	channel 4: layer_002 (sparse)
	channel 5: layer_003 (sparse)
	channel 6: layer_004 (sparse)
	channel 7: layer_005 (sparse)
	channel 8: layer_006 (sparse)
	channel 9: layer_007 (sparse)
	channel 10: intermedTonal_0 (sparse)
	channel 11: intermedTonal_1 (sparse)
	channel 12: intermedTonal_2 (sparse)
	channel 13: intermedTonal_3 (sparse)
	channel 14: intermedTonal_4 (sparse)
	channel 15: intermedTonal_5 (sparse)
	channel 16: intermedTonal_6 (sparse)
	channel 17: intermedTonal_7 (sparse)
	channel 18: quantizedTonal (sparse)
	channel 19: errorDiffInfo2 (sparse)
	channel 20: distanceToEmpty (sparse)
	channel 21: errorDiffInfo3 (sparse)
	channel 22: errorDiffInfo4 (sparse)
	channel 23: errorDiffInfo5 (sparse)
	channel 24: errorDiffInfo6 (sparse)
	channel 25: errorDiffInfo7 (sparse)
	channel 26: errorDiffInfo8 (sparse)
	channel 27: errorDiffInfo9 (sparse)

SlaveReporter:  runs 16:16:2
slices [660, 710):
	channel 0: material (dense)
	channel 1: occupancy (dense)

PrintJobVoxelizer:  runs 16:16:12

PrintJobVoxelizer: setting up slices
PrintJobVoxelizer: rasterizing objects
PrintJobVoxelizer: creating rasterizer
PrintJobVoxelizer: rasterizing object 1
PrintJobVoxelizer: rasterizing object 2
Rasterizer::rasterize:
	32 trials
	total = 17.6719 s
	mean  = 0.552246 s
	var   = 0.0338743 s^2, std = 0.18405 s
	min   = 0.100274 s
	max   = 0.803114 s


PrintJobVoxelizer: voxelizing objects
Object 1 ROI: [0 0 0] --> [946 303 27]
GWNSampleFloodVoxelizer: number of samples: 113
GWNSampleFloodVoxelizer: samples evaluated
GWNSampleFloodVoxelizer: adaptive threshold = 0.498039
GWNSampleFloodVoxelizer: flooding complete
Voxelization: solid angle evaluations per voxel: 0.0998763

Object 2 ROI: [0 314 0] --> [946 617 27]
GWNSampleFloodVoxelizer: number of samples: 113
GWNSampleFloodVoxelizer: samples evaluated
GWNSampleFloodVoxelizer: adaptive threshold = 0.498039
GWNSampleFloodVoxelizer: flooding complete
Voxelization: solid angle evaluations per voxel: 0.199753

GWNSampleFloodVoxelizer::voxelize:
	32 trials
	total = 40.4556 s
	mean  = 1.26424 s
	var   = 0.0410795 s^2, std = 0.202681 s
	min   = 0.684812 s
	max   = 1.58101 s

GWNSampleFloodVoxelizer::initIndicator:
	32 trials
	total = 4.78954 s
	mean  = 0.149673 s
	var   = 0.00114265 s^2, std = 0.0338031 s
	min   = 0.077551 s
	max   = 0.217738 s

GWNSampleFloodVoxelizer::selectSamples:
	32 trials
	total = 2.55195 s
	mean  = 0.0797484 s
	var   = 6.22811e-005 s^2, std = 0.00789184 s
	min   = 0.052922 s
	max   = 0.084659 s

GWNSampleFloodVoxelizer::evaluateSamples:
	32 trials
	total = 3.55139 s
	mean  = 0.110981 s
	var   = 0.00359346 s^2, std = 0.0599454 s
	min   = 0.031254 s
	max   = 0.248662 s

GWNSampleFloodVoxelizer::flood:
	32 trials
	total = 28.4187 s
	mean  = 0.888084 s
	var   = 0.0231612 s^2, std = 0.152188 s
	min   = 0.502114 s
	max   = 1.20408 s


PrintJobVoxelizer: finalizing surfaces
PrintJobVoxelizer: 3799147 surface voxels
PrintJobVoxelizer: getting output subset
PrintJobVoxelizer: updating slice indices
TonalValueCalculator:  runs 16:16:14
slices [749, 777):
	channel 0: occupancy (dense)
	channel 1: opticalFeature (sparse)

SurfaceDistanceOrderedTransfer:  runs 16:16:14
slices [723, 777):
	channel 0: occupancy (dense)
	channel 1: surfaceDist (dense)

SurfaceDistanceOrderedTransfer: 723 749 777
LayerExtractor:  runs 16:16:16
slices [721, 777):
	channel 0: occupancy (dense)
	channel 1: surfaceDist (dense)
	channel 2: layer_000 (sparse)
	channel 3: layer_001 (sparse)
	channel 4: layer_002 (sparse)
	channel 5: layer_003 (sparse)
	channel 6: layer_004 (sparse)
	channel 7: layer_005 (sparse)
	channel 8: layer_006 (sparse)
	channel 9: layer_007 (sparse)

TonalLinearizer:  runs 16:16:16
slices [722, 777):
	channel 0: occupancy (dense)
	channel 1: surfaceDist (dense)
	channel 2: layer_000 (sparse)
	channel 3: layer_001 (sparse)
	channel 4: layer_002 (sparse)
	channel 5: layer_003 (sparse)
	channel 6: layer_004 (sparse)
	channel 7: layer_005 (sparse)
	channel 8: layer_006 (sparse)
	channel 9: layer_007 (sparse)

VectorLayerHalftoner: VectorLayerHalftoner error: no tonal values available

VectorLayerHalftoner:  runs 16:16:16
slices [710, 777):
	channel 0: occupancy (dense)
	channel 1: surfaceDist (dense)
	channel 2: layer_000 (sparse)
	channel 3: layer_001 (sparse)
	channel 4: layer_002 (sparse)
	channel 5: layer_003 (sparse)
	channel 6: layer_004 (sparse)
	channel 7: layer_005 (sparse)
	channel 8: layer_006 (sparse)
	channel 9: layer_007 (sparse)
	channel 10: intermedTonal_0 (sparse)
	channel 11: intermedTonal_1 (sparse)
	channel 12: intermedTonal_2 (sparse)
	channel 13: intermedTonal_3 (sparse)
	channel 14: intermedTonal_4 (sparse)
	channel 15: intermedTonal_5 (sparse)
	channel 16: intermedTonal_6 (sparse)
	channel 17: intermedTonal_7 (sparse)
	channel 18: quantizedTonal (sparse)
	channel 19: errorDiffInfo2 (sparse)
	channel 20: distanceToEmpty (sparse)
	channel 21: errorDiffInfo3 (sparse)
	channel 22: errorDiffInfo4 (sparse)
	channel 23: errorDiffInfo5 (sparse)
	channel 24: errorDiffInfo6 (sparse)
	channel 25: errorDiffInfo7 (sparse)
	channel 26: errorDiffInfo8 (sparse)
	channel 27: errorDiffInfo9 (sparse)

SlaveReporter:  runs 16:16:19
slices [710, 777):
	channel 0: material (dense)
	channel 1: occupancy (dense)

Computation finished 

Status: success
Slave Node  1 :Total execution time in seconds 393.456

