SlavePrintingSoftware::startUp:
	1 trials
	total = 0.312506 s
	mean  = 0.312506 s
	var   = 0 s^2, std = 0 s
	min   = 0.312506 s
	max   = 0.312506 s

PrintingSoftware::execute:
	1 trials
	total = 282.003 s
	mean  = 282.003 s
	var   = 0 s^2, std = 0 s
	min   = 282.003 s
	max   = 282.003 s

SlavePrintingSoftware::communicateData:
	7 trials
	total = 0.03123 s
	mean  = 0.00446143 s
	var   = 5.80544e-005 s^2, std = 0.00761935 s
	min   = 0 s
	max   = 0.015633 s

SlavePJCollector::deserialize:
	4 trials
	total = 0.04688 s
	mean  = 0.01172 s
	var   = 0.00022385 s^2, std = 0.0149616 s
	min   = 0 s
	max   = 0.031254 s

SlavePJCollector::Receive:
	15 trials
	total = 29.7713 s
	mean  = 1.98475 s
	var   = 46.4274 s^2, std = 6.81376 s
	min   = 0 s
	max   = 26.5524 s

PrintJobOrganizer::setInput:
	1 trials
	total = 0 s
	mean  = 0 s
	var   = 0 s^2, std = 0 s
	min   = 0 s
	max   = 0 s

PrintJobOrganizer::runInternal:
	1 trials
	total = 0.25002 s
	mean  = 0.25002 s
	var   = 0 s^2, std = 0 s
	min   = 0.25002 s
	max   = 0.25002 s

PrintJobPreprocessor::setInput:
	1 trials
	total = 0 s
	mean  = 0 s
	var   = 0 s^2, std = 0 s
	min   = 0 s
	max   = 0 s

PrintJobPreprocessor::runInternal:
	1 trials
	total = 0.87987 s
	mean  = 0.87987 s
	var   = 0 s^2, std = 0 s
	min   = 0.87987 s
	max   = 0.87987 s

PrintJobVoxelizer::setInput:
	16 trials
	total = 0 s
	mean  = 0 s
	var   = 0 s^2, std = 0 s
	min   = 0 s
	max   = 0 s

PrintJobVoxelizer::runInternal:
	16 trials
	total = 82.997 s
	mean  = 5.18731 s
	var   = 1.77647 s^2, std = 1.33284 s
	min   = 1.75546 s
	max   = 6.54286 s

PrintJobVoxelizer::rasterizeObjects:
	16 trials
	total = 17.6538 s
	mean  = 1.10337 s
	var   = 0.157267 s^2, std = 0.396569 s
	min   = 0.390628 s
	max   = 1.66824 s

PrintJobVoxelizer::voxelizeObjects:
	16 trials
	total = 62.7685 s
	mean  = 3.92303 s
	var   = 1.01442 s^2, std = 1.00718 s
	min   = 1.25545 s
	max   = 4.85436 s

PrintJobVoxelizer::finalizeSurfaces:
	16 trials
	total = 0.776164 s
	mean  = 0.0485102 s
	var   = 0.000154381 s^2, std = 0.012425 s
	min   = 0.015626 s
	max   = 0.062511 s

TonalValueCalculator::setInput:
	16 trials
	total = 0 s
	mean  = 0 s
	var   = 0 s^2, std = 0 s
	min   = 0 s
	max   = 0 s

TonalValueCalculator::runInternal:
	16 trials
	total = 0.451489 s
	mean  = 0.0282181 s
	var   = 0.000461011 s^2, std = 0.0214712 s
	min   = 0 s
	max   = 0.062505 s

SurfaceDistanceOrderedTransfer::setInput:
	16 trials
	total = 0 s
	mean  = 0 s
	var   = 0 s^2, std = 0 s
	min   = 0 s
	max   = 0 s

SurfaceDistanceOrderedTransfer::runInternal:
	16 trials
	total = 41.8336 s
	mean  = 2.6146 s
	var   = 0.148665 s^2, std = 0.385571 s
	min   = 1.26573 s
	max   = 2.85964 s

SurfaceDistanceOrderedTransfer::buildOrderedSurfaceData:
	16 trials
	total = 0.718845 s
	mean  = 0.0449278 s
	var   = 0.00526634 s^2, std = 0.0725696 s
	min   = 0 s
	max   = 0.312553 s

SurfaceDistanceOrderedTransfer::fillDistanceChannel:
	16 trials
	total = 2.42864 s
	mean  = 0.15179 s
	var   = 0.000602362 s^2, std = 0.0245431 s
	min   = 0.06251 s
	max   = 0.172482 s

SurfaceDistanceOrderedTransfer::transfer:
	16 trials
	total = 37.3504 s
	mean  = 2.3344 s
	var   = 0.176755 s^2, std = 0.420423 s
	min   = 0.843787 s
	max   = 2.60956 s

SurfaceDistanceOrderedTransfer::mergeDistances:
	48 trials
	total = 3.98247 s
	mean  = 0.0829681 s
	var   = 0.000389159 s^2, std = 0.0197271 s
	min   = 0.031253 s
	max   = 0.109385 s

SurfaceDistanceOrderedTransfer::applySqrt:
	16 trials
	total = 1.32012 s
	mean  = 0.0825078 s
	var   = 0.000588105 s^2, std = 0.0242509 s
	min   = 0.031252 s
	max   = 0.093788 s

LayerExtractor::setInput:
	16 trials
	total = 0 s
	mean  = 0 s
	var   = 0 s^2, std = 0 s
	min   = 0 s
	max   = 0 s

LayerExtractor::runInternal:
	16 trials
	total = 12.6796 s
	mean  = 0.792473 s
	var   = 0.118446 s^2, std = 0.34416 s
	min   = 0.156263 s
	max   = 1.35657 s

VectorLayerHalftoner::setInput:
	16 trials
	total = 0.017575 s
	mean  = 0.00109844 s
	var   = 1.51179e-005 s^2, std = 0.00388817 s
	min   = 0 s
	max   = 0.015626 s

VectorLayerHalftoner::runInternal:
	16 trials
	total = 100.283 s
	mean  = 6.26766 s
	var   = 11.8854 s^2, std = 3.44751 s
	min   = 0.930406 s
	max   = 11.5665 s

VectorLayerHalftoner(0)::setupOutputContainerSlaveReporter::serializeSlice:
	777 trials
	total = 3.69281 s
	mean  = 0.00475265 s
	var   = 4.61558e-005 s^2, std = 0.00679381 s
	min   = 0 s
	max   = 0.031282 s

SlaveReporter::Send:
	2351 trials
	total = 0.504882 s
	mean  = 0.000214752 s
	var   = 2.41417e-006 s^2, std = 0.00155376 s
	min   = 0 s
	max   = 0.015657 s

SlaveReporter::CompressData:
	777 trials
	total = 5.67327 s
	mean  = 0.00730151 s
	var   = 4.86591e-005 s^2, std = 0.00697561 s
	min   = 0 s
	max   = 0.031221 s

