Warning:json file inside profile could not be parsed 

GL version: 4.4.0

Warning: there is no json file embedded inside profile 

LayerExtractor: distance needed for layers: 0.135467

FileParserPJ: initializing
PrintJobOrganizer: initializing
PrintJobPreprocessor: initializing
PrintJobVoxelizer: initializing
TonalValueCalculator: initializing
TonalValueCalculator: Using rendering intent RELATIVE_COLORIMETRIC

SurfaceDistanceOrderedTransfer: initializing
TonalLinearizer: initializing
VectorLayerHalftoner: initializing
SlaveReporter: initializing
FileParserPJ:  runs 12:55:7

FileParserPJ: loading OBJ file

244921 vertices
489840 faces

FileParserPJ: 245383 texture coordinates

FileParserPJ: 245383 vertices after duplication

FileParserPJ: //filer-igd2.igd.fraunhofer.de/igd-3dt/shared/3DModels/Head/HeadMTL/Head_Level3.obj parsed: 245383 vertices and 489840 faces

FileParserPJ: loading jpg file

FileParserPJ: Input files parsed

PrintJobOrganizer:  runs 12:55:11

centering objects at origin
optimizing rotation for height
scaling objects
optimizing rotation for support use
PrintJobOrganizer: support cost         = 3.18654
support cost flipped = 2.86348

arranging objects in 2D
validating object placement
PrintJobOrganizer: print object 1 print-space bounding box: (0.00211667, 0.00423333, 0.00135106), (4.00212, 2.56309, 2.09785)
saving transforms to file
PrintJobPreprocessor:  runs 12:55:12

PrintJobPreprocessor: flatten
PrintJobPreprocessor: prioritize
PrintJobPreprocessor: segment-hierarchy
PrintJobPreprocessor: boundingBox
PrintJobPreprocessor: uniformAppearanceTextures
PrintJobVoxelizer:  runs 12:55:13

PrintJobVoxelizer: 
number of slices to print: 389 (2.09785 cm)
width of slices to print:  473 (4.00212 cm)
height of slices to print: 152 (2.56309 cm)
chunk size:                50 (0.270213 cm)

PrintJobVoxelizer: setting up slices
PrintJobVoxelizer: rasterizing objects
PrintJobVoxelizer: creating rasterizer
PrintJobVoxelizer: rasterizing object 1
Rasterizer::rasterize:
	1 trials
	total = 0.42188 s
	mean  = 0.42188 s
	var   = 0 s^2, std = 0 s
	min   = 0.42188 s
	max   = 0.42188 s


PrintJobVoxelizer: voxelizing objects
Object 1 ROI: [0 0 0] --> [473 152 50]
GWNSampleFloodVoxelizer: number of samples: 239
GWNSampleFloodVoxelizer: samples evaluated
GWNSampleFloodVoxelizer: adaptive threshold = 0.498039
GWNSampleFloodVoxelizer: flooding complete
Voxelization: solid angle evaluations per voxel: 2.28989

GWNSampleFloodVoxelizer::voxelize:
	1 trials
	total = 1.01563 s
	mean  = 1.01563 s
	var   = 0 s^2, std = 0 s
	min   = 1.01563 s
	max   = 1.01563 s

GWNSampleFloodVoxelizer::initIndicator:
	1 trials
	total = 0.375005 s
	mean  = 0.375005 s
	var   = 0 s^2, std = 0 s
	min   = 0.375005 s
	max   = 0.375005 s

GWNSampleFloodVoxelizer::selectSamples:
	1 trials
	total = 0.031235 s
	mean  = 0.031235 s
	var   = 0 s^2, std = 0 s
	min   = 0.031235 s
	max   = 0.031235 s

GWNSampleFloodVoxelizer::evaluateSamples:
	1 trials
	total = 0.218753 s
	mean  = 0.218753 s
	var   = 0 s^2, std = 0 s
	min   = 0.218753 s
	max   = 0.218753 s

GWNSampleFloodVoxelizer::flood:
	1 trials
	total = 0.203128 s
	mean  = 0.203128 s
	var   = 0 s^2, std = 0 s
	min   = 0.203128 s
	max   = 0.203128 s


PrintJobVoxelizer: finalizing surfaces
PrintJobVoxelizer: 29651 surface voxels
PrintJobVoxelizer: getting output subset
PrintJobVoxelizer: updating slice indices
TonalValueCalculator:  runs 12:55:14
slices [0, 49):
	channel 0: occupancy (dense)
	channel 1: opticalFeature (sparse)

SurfaceDistanceOrderedTransfer:  runs 12:55:14
slices [0, 49):
	channel 0: occupancy (dense)
	channel 1: surfaceDist (dense)

SurfaceDistanceOrderedTransfer: 0 0 23
LayerExtractor:  runs 12:55:15
slices [0, 23):
	channel 0: occupancy (dense)
	channel 1: surfaceDist (dense)
	channel 2: layer_000 (sparse)
	channel 3: layer_001 (sparse)
	channel 4: layer_002 (sparse)
	channel 5: layer_003 (sparse)
	channel 6: layer_004 (sparse)
	channel 7: layer_005 (sparse)
	channel 8: layer_006 (sparse)
	channel 9: layer_007 (sparse)

TonalLinearizer:  runs 12:55:15
slices [0, 22):
	channel 0: occupancy (dense)
	channel 1: surfaceDist (dense)
	channel 2: layer_000 (sparse)
	channel 3: layer_001 (sparse)
	channel 4: layer_002 (sparse)
	channel 5: layer_003 (sparse)
	channel 6: layer_004 (sparse)
	channel 7: layer_005 (sparse)
	channel 8: layer_006 (sparse)
	channel 9: layer_007 (sparse)

VectorLayerHalftoner: VectorLayerHalftoner error: no tonal values available

VectorLayerHalftoner:  runs 12:55:15
slices [0, 22):
	channel 0: occupancy (dense)
	channel 1: surfaceDist (dense)
	channel 2: layer_000 (sparse)
	channel 3: layer_001 (sparse)
	channel 4: layer_002 (sparse)
	channel 5: layer_003 (sparse)
	channel 6: layer_004 (sparse)
	channel 7: layer_005 (sparse)
	channel 8: layer_006 (sparse)
	channel 9: layer_007 (sparse)
	channel 10: intermedTonal_0 (sparse)
	channel 11: intermedTonal_1 (sparse)
	channel 12: intermedTonal_2 (sparse)
	channel 13: intermedTonal_3 (sparse)
	channel 14: intermedTonal_4 (sparse)
	channel 15: intermedTonal_5 (sparse)
	channel 16: intermedTonal_6 (sparse)
	channel 17: intermedTonal_7 (sparse)
	channel 18: quantizedTonal (sparse)

SlaveReporter:  runs 12:55:15
slices [0, 10):
	channel 0: material (dense)
	channel 1: occupancy (dense)

PrintJobVoxelizer:  runs 12:55:15

PrintJobVoxelizer: setting up slices
PrintJobVoxelizer: rasterizing objects
PrintJobVoxelizer: creating rasterizer
PrintJobVoxelizer: rasterizing object 1
Rasterizer::rasterize:
	2 trials
	total = 1.28126 s
	mean  = 0.640628 s
	var   = 0.0957014 s^2, std = 0.309356 s
	min   = 0.42188 s
	max   = 0.859376 s


PrintJobVoxelizer: voxelizing objects
Object 1 ROI: [0 0 0] --> [473 152 50]
GWNSampleFloodVoxelizer: number of samples: 381
GWNSampleFloodVoxelizer: samples evaluated
GWNSampleFloodVoxelizer: adaptive threshold = 0.498039
GWNSampleFloodVoxelizer: flooding complete
Voxelization: solid angle evaluations per voxel: 5.21522

GWNSampleFloodVoxelizer::voxelize:
	2 trials
	total = 2.20315 s
	mean  = 1.10157 s
	var   = 0.0147717 s^2, std = 0.121539 s
	min   = 1.01563 s
	max   = 1.18751 s

GWNSampleFloodVoxelizer::initIndicator:
	2 trials
	total = 0.750009 s
	mean  = 0.375005 s
	var   = 5e-013 s^2, std = 7.07107e-007 s
	min   = 0.375004 s
	max   = 0.375005 s

GWNSampleFloodVoxelizer::selectSamples:
	2 trials
	total = 0.062475 s
	mean  = 0.0312375 s
	var   = 1.25e-011 s^2, std = 3.53553e-006 s
	min   = 0.031235 s
	max   = 0.03124 s

GWNSampleFloodVoxelizer::evaluateSamples:
	2 trials
	total = 0.62501 s
	mean  = 0.312505 s
	var   = 0.0175789 s^2, std = 0.132585 s
	min   = 0.218753 s
	max   = 0.406257 s

GWNSampleFloodVoxelizer::flood:
	2 trials
	total = 0.39063 s
	mean  = 0.195315 s
	var   = 0.000122086 s^2, std = 0.0110493 s
	min   = 0.187502 s
	max   = 0.203128 s


PrintJobVoxelizer: finalizing surfaces
PrintJobVoxelizer: 106888 surface voxels
PrintJobVoxelizer: getting output subset
PrintJobVoxelizer: updating slice indices
TonalValueCalculator:  runs 12:55:17
slices [49, 99):
	channel 0: occupancy (dense)
	channel 1: opticalFeature (sparse)

SurfaceDistanceOrderedTransfer:  runs 12:55:17
slices [23, 99):
	channel 0: occupancy (dense)
	channel 1: surfaceDist (dense)

SurfaceDistanceOrderedTransfer: 23 49 73
LayerExtractor:  runs 12:55:18
slices [21, 73):
	channel 0: occupancy (dense)
	channel 1: surfaceDist (dense)
	channel 2: layer_000 (sparse)
	channel 3: layer_001 (sparse)
	channel 4: layer_002 (sparse)
	channel 5: layer_003 (sparse)
	channel 6: layer_004 (sparse)
	channel 7: layer_005 (sparse)
	channel 8: layer_006 (sparse)
	channel 9: layer_007 (sparse)

TonalLinearizer:  runs 12:55:18
slices [22, 72):
	channel 0: occupancy (dense)
	channel 1: surfaceDist (dense)
	channel 2: layer_000 (sparse)
	channel 3: layer_001 (sparse)
	channel 4: layer_002 (sparse)
	channel 5: layer_003 (sparse)
	channel 6: layer_004 (sparse)
	channel 7: layer_005 (sparse)
	channel 8: layer_006 (sparse)
	channel 9: layer_007 (sparse)

VectorLayerHalftoner: VectorLayerHalftoner error: no tonal values available

VectorLayerHalftoner:  runs 12:55:18
slices [10, 72):
	channel 0: occupancy (dense)
	channel 1: surfaceDist (dense)
	channel 2: layer_000 (sparse)
	channel 3: layer_001 (sparse)
	channel 4: layer_002 (sparse)
	channel 5: layer_003 (sparse)
	channel 6: layer_004 (sparse)
	channel 7: layer_005 (sparse)
	channel 8: layer_006 (sparse)
	channel 9: layer_007 (sparse)
	channel 10: intermedTonal_0 (sparse)
	channel 11: intermedTonal_1 (sparse)
	channel 12: intermedTonal_2 (sparse)
	channel 13: intermedTonal_3 (sparse)
	channel 14: intermedTonal_4 (sparse)
	channel 15: intermedTonal_5 (sparse)
	channel 16: intermedTonal_6 (sparse)
	channel 17: intermedTonal_7 (sparse)
	channel 18: quantizedTonal (sparse)
	channel 19: errorDiffInfo2 (sparse)
	channel 20: distanceToEmpty (sparse)
	channel 21: errorDiffInfo3 (sparse)
	channel 22: errorDiffInfo4 (sparse)
	channel 23: errorDiffInfo5 (sparse)
	channel 24: errorDiffInfo6 (sparse)
	channel 25: errorDiffInfo7 (sparse)
	channel 26: errorDiffInfo8 (sparse)
	channel 27: errorDiffInfo9 (sparse)

SlaveReporter:  runs 12:55:19
slices [10, 60):
	channel 0: material (dense)
	channel 1: occupancy (dense)

PrintJobVoxelizer:  runs 12:55:19

PrintJobVoxelizer: setting up slices
PrintJobVoxelizer: rasterizing objects
PrintJobVoxelizer: creating rasterizer
PrintJobVoxelizer: rasterizing object 1
Rasterizer::rasterize:
	3 trials
	total = 2.03127 s
	mean  = 0.677089 s
	var   = 0.0518388 s^2, std = 0.227681 s
	min   = 0.42188 s
	max   = 0.859376 s


PrintJobVoxelizer: voxelizing objects
Object 1 ROI: [0 0 0] --> [473 152 50]
GWNSampleFloodVoxelizer: number of samples: 289
GWNSampleFloodVoxelizer: samples evaluated
GWNSampleFloodVoxelizer: adaptive threshold = 0.498039
GWNSampleFloodVoxelizer: flooding complete
Voxelization: solid angle evaluations per voxel: 3.53748

GWNSampleFloodVoxelizer::voxelize:
	3 trials
	total = 3.29692 s
	mean  = 1.09897 s
	var   = 0.00740613 s^2, std = 0.0860589 s
	min   = 1.01563 s
	max   = 1.18751 s

GWNSampleFloodVoxelizer::initIndicator:
	3 trials
	total = 1.12502 s
	mean  = 0.375008 s
	var   = 3.7e-011 s^2, std = 6.08276e-006 s
	min   = 0.375004 s
	max   = 0.375015 s

GWNSampleFloodVoxelizer::selectSamples:
	3 trials
	total = 0.093716 s
	mean  = 0.0312387 s
	var   = 1.03333e-011 s^2, std = 3.21455e-006 s
	min   = 0.031235 s
	max   = 0.031241 s

GWNSampleFloodVoxelizer::evaluateSamples:
	3 trials
	total = 0.921889 s
	mean  = 0.307296 s
	var   = 0.00887083 s^2, std = 0.0941851 s
	min   = 0.218753 s
	max   = 0.406257 s

GWNSampleFloodVoxelizer::flood:
	3 trials
	total = 0.593759 s
	mean  = 0.19792 s
	var   = 8.13958e-005 s^2, std = 0.00902196 s
	min   = 0.187502 s
	max   = 0.203129 s


PrintJobVoxelizer: finalizing surfaces
PrintJobVoxelizer: 179423 surface voxels
PrintJobVoxelizer: getting output subset
PrintJobVoxelizer: updating slice indices
TonalValueCalculator:  runs 12:55:21
slices [99, 149):
	channel 0: occupancy (dense)
	channel 1: opticalFeature (sparse)

SurfaceDistanceOrderedTransfer:  runs 12:55:21
slices [73, 149):
	channel 0: occupancy (dense)
	channel 1: surfaceDist (dense)

SurfaceDistanceOrderedTransfer: 73 99 123
LayerExtractor:  runs 12:55:21
slices [71, 123):
	channel 0: occupancy (dense)
	channel 1: surfaceDist (dense)
	channel 2: layer_000 (sparse)
	channel 3: layer_001 (sparse)
	channel 4: layer_002 (sparse)
	channel 5: layer_003 (sparse)
	channel 6: layer_004 (sparse)
	channel 7: layer_005 (sparse)
	channel 8: layer_006 (sparse)
	channel 9: layer_007 (sparse)

TonalLinearizer:  runs 12:55:22
slices [72, 122):
	channel 0: occupancy (dense)
	channel 1: surfaceDist (dense)
	channel 2: layer_000 (sparse)
	channel 3: layer_001 (sparse)
	channel 4: layer_002 (sparse)
	channel 5: layer_003 (sparse)
	channel 6: layer_004 (sparse)
	channel 7: layer_005 (sparse)
	channel 8: layer_006 (sparse)
	channel 9: layer_007 (sparse)

VectorLayerHalftoner: VectorLayerHalftoner error: no tonal values available

VectorLayerHalftoner:  runs 12:55:22
slices [60, 122):
	channel 0: occupancy (dense)
	channel 1: surfaceDist (dense)
	channel 2: layer_000 (sparse)
	channel 3: layer_001 (sparse)
	channel 4: layer_002 (sparse)
	channel 5: layer_003 (sparse)
	channel 6: layer_004 (sparse)
	channel 7: layer_005 (sparse)
	channel 8: layer_006 (sparse)
	channel 9: layer_007 (sparse)
	channel 10: intermedTonal_0 (sparse)
	channel 11: intermedTonal_1 (sparse)
	channel 12: intermedTonal_2 (sparse)
	channel 13: intermedTonal_3 (sparse)
	channel 14: intermedTonal_4 (sparse)
	channel 15: intermedTonal_5 (sparse)
	channel 16: intermedTonal_6 (sparse)
	channel 17: intermedTonal_7 (sparse)
	channel 18: quantizedTonal (sparse)
	channel 19: errorDiffInfo2 (sparse)
	channel 20: distanceToEmpty (sparse)
	channel 21: errorDiffInfo3 (sparse)
	channel 22: errorDiffInfo4 (sparse)
	channel 23: errorDiffInfo5 (sparse)
	channel 24: errorDiffInfo6 (sparse)
	channel 25: errorDiffInfo7 (sparse)
	channel 26: errorDiffInfo8 (sparse)
	channel 27: errorDiffInfo9 (sparse)

SlaveReporter:  runs 12:55:23
slices [60, 110):
	channel 0: material (dense)
	channel 1: occupancy (dense)

PrintJobVoxelizer:  runs 12:55:23

PrintJobVoxelizer: setting up slices
PrintJobVoxelizer: rasterizing objects
PrintJobVoxelizer: creating rasterizer
PrintJobVoxelizer: rasterizing object 1
Rasterizer::rasterize:
	4 trials
	total = 2.75002 s
	mean  = 0.687504 s
	var   = 0.0349932 s^2, std = 0.187065 s
	min   = 0.42188 s
	max   = 0.859376 s


PrintJobVoxelizer: voxelizing objects
Object 1 ROI: [0 0 0] --> [473 152 50]
GWNSampleFloodVoxelizer: number of samples: 271
GWNSampleFloodVoxelizer: samples evaluated
GWNSampleFloodVoxelizer: adaptive threshold = 0.498039
GWNSampleFloodVoxelizer: flooding complete
Voxelization: solid angle evaluations per voxel: 3.03338

GWNSampleFloodVoxelizer::voxelize:
	4 trials
	total = 4.35945 s
	mean  = 1.08986 s
	var   = 0.00526956 s^2, std = 0.0725917 s
	min   = 1.01563 s
	max   = 1.18751 s

GWNSampleFloodVoxelizer::initIndicator:
	4 trials
	total = 1.50005 s
	mean  = 0.375012 s
	var   = 7.36667e-011 s^2, std = 8.58293e-006 s
	min   = 0.375004 s
	max   = 0.375022 s

GWNSampleFloodVoxelizer::selectSamples:
	4 trials
	total = 0.12495 s
	mean  = 0.0312375 s
	var   = 1.23333e-011 s^2, std = 3.51188e-006 s
	min   = 0.031234 s
	max   = 0.031241 s

GWNSampleFloodVoxelizer::evaluateSamples:
	4 trials
	total = 1.18753 s
	mean  = 0.296882 s
	var   = 0.00634774 s^2, std = 0.0796727 s
	min   = 0.218753 s
	max   = 0.406257 s

GWNSampleFloodVoxelizer::flood:
	4 trials
	total = 0.796878 s
	mean  = 0.199219 s
	var   = 6.10222e-005 s^2, std = 0.00781167 s
	min   = 0.187502 s
	max   = 0.203129 s


PrintJobVoxelizer: finalizing surfaces
PrintJobVoxelizer: 252234 surface voxels
PrintJobVoxelizer: getting output subset
PrintJobVoxelizer: updating slice indices
TonalValueCalculator:  runs 12:55:25
slices [149, 199):
	channel 0: occupancy (dense)
	channel 1: opticalFeature (sparse)

SurfaceDistanceOrderedTransfer:  runs 12:55:25
slices [123, 199):
	channel 0: occupancy (dense)
	channel 1: surfaceDist (dense)

SurfaceDistanceOrderedTransfer: 123 149 173
LayerExtractor:  runs 12:55:26
slices [121, 173):
	channel 0: occupancy (dense)
	channel 1: surfaceDist (dense)
	channel 2: layer_000 (sparse)
	channel 3: layer_001 (sparse)
	channel 4: layer_002 (sparse)
	channel 5: layer_003 (sparse)
	channel 6: layer_004 (sparse)
	channel 7: layer_005 (sparse)
	channel 8: layer_006 (sparse)
	channel 9: layer_007 (sparse)

TonalLinearizer:  runs 12:55:26
slices [122, 172):
	channel 0: occupancy (dense)
	channel 1: surfaceDist (dense)
	channel 2: layer_000 (sparse)
	channel 3: layer_001 (sparse)
	channel 4: layer_002 (sparse)
	channel 5: layer_003 (sparse)
	channel 6: layer_004 (sparse)
	channel 7: layer_005 (sparse)
	channel 8: layer_006 (sparse)
	channel 9: layer_007 (sparse)

VectorLayerHalftoner: VectorLayerHalftoner error: no tonal values available

VectorLayerHalftoner:  runs 12:55:26
slices [110, 172):
	channel 0: occupancy (dense)
	channel 1: surfaceDist (dense)
	channel 2: layer_000 (sparse)
	channel 3: layer_001 (sparse)
	channel 4: layer_002 (sparse)
	channel 5: layer_003 (sparse)
	channel 6: layer_004 (sparse)
	channel 7: layer_005 (sparse)
	channel 8: layer_006 (sparse)
	channel 9: layer_007 (sparse)
	channel 10: intermedTonal_0 (sparse)
	channel 11: intermedTonal_1 (sparse)
	channel 12: intermedTonal_2 (sparse)
	channel 13: intermedTonal_3 (sparse)
	channel 14: intermedTonal_4 (sparse)
	channel 15: intermedTonal_5 (sparse)
	channel 16: intermedTonal_6 (sparse)
	channel 17: intermedTonal_7 (sparse)
	channel 18: quantizedTonal (sparse)
	channel 19: errorDiffInfo2 (sparse)
	channel 20: distanceToEmpty (sparse)
	channel 21: errorDiffInfo3 (sparse)
	channel 22: errorDiffInfo4 (sparse)
	channel 23: errorDiffInfo5 (sparse)
	channel 24: errorDiffInfo6 (sparse)
	channel 25: errorDiffInfo7 (sparse)
	channel 26: errorDiffInfo8 (sparse)
	channel 27: errorDiffInfo9 (sparse)

SlaveReporter:  runs 12:55:27
slices [110, 160):
	channel 0: material (dense)
	channel 1: occupancy (dense)

PrintJobVoxelizer:  runs 12:55:27

PrintJobVoxelizer: setting up slices
PrintJobVoxelizer: rasterizing objects
PrintJobVoxelizer: creating rasterizer
PrintJobVoxelizer: rasterizing object 1
Rasterizer::rasterize:
	5 trials
	total = 3.45315 s
	mean  = 0.69063 s
	var   = 0.0262937 s^2, std = 0.162153 s
	min   = 0.42188 s
	max   = 0.859376 s


PrintJobVoxelizer: voxelizing objects
Object 1 ROI: [0 0 0] --> [473 152 50]
GWNSampleFloodVoxelizer: number of samples: 253
GWNSampleFloodVoxelizer: samples evaluated
GWNSampleFloodVoxelizer: adaptive threshold = 0.498039
GWNSampleFloodVoxelizer: flooding complete
Voxelization: solid angle evaluations per voxel: 2.9192

GWNSampleFloodVoxelizer::voxelize:
	5 trials
	total = 5.39072 s
	mean  = 1.07814 s
	var   = 0.00463868 s^2, std = 0.0681079 s
	min   = 1.01563 s
	max   = 1.18751 s

GWNSampleFloodVoxelizer::initIndicator:
	5 trials
	total = 1.87506 s
	mean  = 0.375012 s
	var   = 5.57e-011 s^2, std = 7.46324e-006 s
	min   = 0.375004 s
	max   = 0.375022 s

GWNSampleFloodVoxelizer::selectSamples:
	5 trials
	total = 0.156193 s
	mean  = 0.0312386 s
	var   = 1.53e-011 s^2, std = 3.91152e-006 s
	min   = 0.031234 s
	max   = 0.031243 s

GWNSampleFloodVoxelizer::evaluateSamples:
	5 trials
	total = 1.40628 s
	mean  = 0.281256 s
	var   = 0.00598159 s^2, std = 0.0773408 s
	min   = 0.218753 s
	max   = 0.406257 s

GWNSampleFloodVoxelizer::flood:
	5 trials
	total = 1.01563 s
	mean  = 0.203126 s
	var   = 0.000122078 s^2, std = 0.0110489 s
	min   = 0.187502 s
	max   = 0.218753 s


PrintJobVoxelizer: finalizing surfaces
PrintJobVoxelizer: 323002 surface voxels
PrintJobVoxelizer: getting output subset
PrintJobVoxelizer: updating slice indices
TonalValueCalculator:  runs 12:55:29
slices [199, 249):
	channel 0: occupancy (dense)
	channel 1: opticalFeature (sparse)

SurfaceDistanceOrderedTransfer:  runs 12:55:30
slices [173, 249):
	channel 0: occupancy (dense)
	channel 1: surfaceDist (dense)

SurfaceDistanceOrderedTransfer: 173 199 223
LayerExtractor:  runs 12:55:30
slices [171, 223):
	channel 0: occupancy (dense)
	channel 1: surfaceDist (dense)
	channel 2: layer_000 (sparse)
	channel 3: layer_001 (sparse)
	channel 4: layer_002 (sparse)
	channel 5: layer_003 (sparse)
	channel 6: layer_004 (sparse)
	channel 7: layer_005 (sparse)
	channel 8: layer_006 (sparse)
	channel 9: layer_007 (sparse)

TonalLinearizer:  runs 12:55:30
slices [172, 222):
	channel 0: occupancy (dense)
	channel 1: surfaceDist (dense)
	channel 2: layer_000 (sparse)
	channel 3: layer_001 (sparse)
	channel 4: layer_002 (sparse)
	channel 5: layer_003 (sparse)
	channel 6: layer_004 (sparse)
	channel 7: layer_005 (sparse)
	channel 8: layer_006 (sparse)
	channel 9: layer_007 (sparse)

VectorLayerHalftoner: VectorLayerHalftoner error: no tonal values available

VectorLayerHalftoner:  runs 12:55:30
slices [160, 222):
	channel 0: occupancy (dense)
	channel 1: surfaceDist (dense)
	channel 2: layer_000 (sparse)
	channel 3: layer_001 (sparse)
	channel 4: layer_002 (sparse)
	channel 5: layer_003 (sparse)
	channel 6: layer_004 (sparse)
	channel 7: layer_005 (sparse)
	channel 8: layer_006 (sparse)
	channel 9: layer_007 (sparse)
	channel 10: intermedTonal_0 (sparse)
	channel 11: intermedTonal_1 (sparse)
	channel 12: intermedTonal_2 (sparse)
	channel 13: intermedTonal_3 (sparse)
	channel 14: intermedTonal_4 (sparse)
	channel 15: intermedTonal_5 (sparse)
	channel 16: intermedTonal_6 (sparse)
	channel 17: intermedTonal_7 (sparse)
	channel 18: quantizedTonal (sparse)
	channel 19: errorDiffInfo2 (sparse)
	channel 20: distanceToEmpty (sparse)
	channel 21: errorDiffInfo3 (sparse)
	channel 22: errorDiffInfo4 (sparse)
	channel 23: errorDiffInfo5 (sparse)
	channel 24: errorDiffInfo6 (sparse)
	channel 25: errorDiffInfo7 (sparse)
	channel 26: errorDiffInfo8 (sparse)
	channel 27: errorDiffInfo9 (sparse)

SlaveReporter:  runs 12:55:32
slices [160, 210):
	channel 0: material (dense)
	channel 1: occupancy (dense)

PrintJobVoxelizer:  runs 12:55:32

PrintJobVoxelizer: setting up slices
PrintJobVoxelizer: rasterizing objects
PrintJobVoxelizer: creating rasterizer
PrintJobVoxelizer: rasterizing object 1
Rasterizer::rasterize:
	6 trials
	total = 4.17192 s
	mean  = 0.69532 s
	var   = 0.0211669 s^2, std = 0.145489 s
	min   = 0.42188 s
	max   = 0.859376 s


PrintJobVoxelizer: voxelizing objects
Object 1 ROI: [0 0 0] --> [473 152 50]
GWNSampleFloodVoxelizer: number of samples: 291
GWNSampleFloodVoxelizer: samples evaluated
GWNSampleFloodVoxelizer: adaptive threshold = 0.498039
GWNSampleFloodVoxelizer: flooding complete
Voxelization: solid angle evaluations per voxel: 3.47159

GWNSampleFloodVoxelizer::voxelize:
	6 trials
	total = 6.45323 s
	mean  = 1.07554 s
	var   = 0.00375169 s^2, std = 0.061251 s
	min   = 1.01563 s
	max   = 1.18751 s

GWNSampleFloodVoxelizer::initIndicator:
	6 trials
	total = 2.25006 s
	mean  = 0.375011 s
	var   = 5.22667e-011 s^2, std = 7.22957e-006 s
	min   = 0.375004 s
	max   = 0.375022 s

GWNSampleFloodVoxelizer::selectSamples:
	6 trials
	total = 0.187428 s
	mean  = 0.031238 s
	var   = 1.44e-011 s^2, std = 3.79473e-006 s
	min   = 0.031234 s
	max   = 0.031243 s

GWNSampleFloodVoxelizer::evaluateSamples:
	6 trials
	total = 1.65628 s
	mean  = 0.276047 s
	var   = 0.00494807 s^2, std = 0.0703425 s
	min   = 0.218753 s
	max   = 0.406257 s

GWNSampleFloodVoxelizer::flood:
	6 trials
	total = 1.23438 s
	mean  = 0.205731 s
	var   = 0.000138367 s^2, std = 0.011763 s
	min   = 0.187502 s
	max   = 0.218754 s


PrintJobVoxelizer: finalizing surfaces
PrintJobVoxelizer: 392918 surface voxels
PrintJobVoxelizer: getting output subset
PrintJobVoxelizer: updating slice indices
TonalValueCalculator:  runs 12:55:34
slices [249, 299):
	channel 0: occupancy (dense)
	channel 1: opticalFeature (sparse)

SurfaceDistanceOrderedTransfer:  runs 12:55:34
slices [223, 299):
	channel 0: occupancy (dense)
	channel 1: surfaceDist (dense)

SurfaceDistanceOrderedTransfer: 223 249 273
LayerExtractor:  runs 12:55:34
slices [221, 273):
	channel 0: occupancy (dense)
	channel 1: surfaceDist (dense)
	channel 2: layer_000 (sparse)
	channel 3: layer_001 (sparse)
	channel 4: layer_002 (sparse)
	channel 5: layer_003 (sparse)
	channel 6: layer_004 (sparse)
	channel 7: layer_005 (sparse)
	channel 8: layer_006 (sparse)
	channel 9: layer_007 (sparse)

TonalLinearizer:  runs 12:55:35
slices [222, 272):
	channel 0: occupancy (dense)
	channel 1: surfaceDist (dense)
	channel 2: layer_000 (sparse)
	channel 3: layer_001 (sparse)
	channel 4: layer_002 (sparse)
	channel 5: layer_003 (sparse)
	channel 6: layer_004 (sparse)
	channel 7: layer_005 (sparse)
	channel 8: layer_006 (sparse)
	channel 9: layer_007 (sparse)

VectorLayerHalftoner: VectorLayerHalftoner error: no tonal values available

VectorLayerHalftoner:  runs 12:55:35
slices [210, 272):
	channel 0: occupancy (dense)
	channel 1: surfaceDist (dense)
	channel 2: layer_000 (sparse)
	channel 3: layer_001 (sparse)
	channel 4: layer_002 (sparse)
	channel 5: layer_003 (sparse)
	channel 6: layer_004 (sparse)
	channel 7: layer_005 (sparse)
	channel 8: layer_006 (sparse)
	channel 9: layer_007 (sparse)
	channel 10: intermedTonal_0 (sparse)
	channel 11: intermedTonal_1 (sparse)
	channel 12: intermedTonal_2 (sparse)
	channel 13: intermedTonal_3 (sparse)
	channel 14: intermedTonal_4 (sparse)
	channel 15: intermedTonal_5 (sparse)
	channel 16: intermedTonal_6 (sparse)
	channel 17: intermedTonal_7 (sparse)
	channel 18: quantizedTonal (sparse)
	channel 19: errorDiffInfo2 (sparse)
	channel 20: distanceToEmpty (sparse)
	channel 21: errorDiffInfo3 (sparse)
	channel 22: errorDiffInfo4 (sparse)
	channel 23: errorDiffInfo5 (sparse)
	channel 24: errorDiffInfo6 (sparse)
	channel 25: errorDiffInfo7 (sparse)
	channel 26: errorDiffInfo8 (sparse)
	channel 27: errorDiffInfo9 (sparse)

SlaveReporter:  runs 12:55:36
slices [210, 260):
	channel 0: material (dense)
	channel 1: occupancy (dense)

PrintJobVoxelizer:  runs 12:55:36

PrintJobVoxelizer: setting up slices
PrintJobVoxelizer: rasterizing objects
PrintJobVoxelizer: creating rasterizer
PrintJobVoxelizer: rasterizing object 1
Rasterizer::rasterize:
	7 trials
	total = 4.98441 s
	mean  = 0.712059 s
	var   = 0.0196005 s^2, std = 0.140002 s
	min   = 0.42188 s
	max   = 0.859376 s


PrintJobVoxelizer: voxelizing objects
Object 1 ROI: [0 0 0] --> [473 152 50]
GWNSampleFloodVoxelizer: number of samples: 351
GWNSampleFloodVoxelizer: samples evaluated
GWNSampleFloodVoxelizer: adaptive threshold = 0.498039
GWNSampleFloodVoxelizer: flooding complete
Voxelization: solid angle evaluations per voxel: 4.8835

GWNSampleFloodVoxelizer::voxelize:
	7 trials
	total = 7.672 s
	mean  = 1.096 s
	var   = 0.00605704 s^2, std = 0.077827 s
	min   = 1.01563 s
	max   = 1.21877 s

GWNSampleFloodVoxelizer::initIndicator:
	7 trials
	total = 2.62507 s
	mean  = 0.37501 s
	var   = 4.66667e-011 s^2, std = 6.8313e-006 s
	min   = 0.375004 s
	max   = 0.375022 s

GWNSampleFloodVoxelizer::selectSamples:
	7 trials
	total = 0.218668 s
	mean  = 0.0312383 s
	var   = 1.25714e-011 s^2, std = 3.54562e-006 s
	min   = 0.031234 s
	max   = 0.031243 s

GWNSampleFloodVoxelizer::evaluateSamples:
	7 trials
	total = 2.07817 s
	mean  = 0.296881 s
	var   = 0.0071616 s^2, std = 0.0846262 s
	min   = 0.218753 s
	max   = 0.421881 s

GWNSampleFloodVoxelizer::flood:
	7 trials
	total = 1.43751 s
	mean  = 0.205359 s
	var   = 0.000116274 s^2, std = 0.010783 s
	min   = 0.187502 s
	max   = 0.218754 s


PrintJobVoxelizer: finalizing surfaces
PrintJobVoxelizer: 462803 surface voxels
PrintJobVoxelizer: getting output subset
PrintJobVoxelizer: updating slice indices
TonalValueCalculator:  runs 12:55:38
slices [299, 349):
	channel 0: occupancy (dense)
	channel 1: opticalFeature (sparse)

SurfaceDistanceOrderedTransfer:  runs 12:55:38
slices [273, 349):
	channel 0: occupancy (dense)
	channel 1: surfaceDist (dense)

SurfaceDistanceOrderedTransfer: 273 299 323
LayerExtractor:  runs 12:55:39
slices [271, 323):
	channel 0: occupancy (dense)
	channel 1: surfaceDist (dense)
	channel 2: layer_000 (sparse)
	channel 3: layer_001 (sparse)
	channel 4: layer_002 (sparse)
	channel 5: layer_003 (sparse)
	channel 6: layer_004 (sparse)
	channel 7: layer_005 (sparse)
	channel 8: layer_006 (sparse)
	channel 9: layer_007 (sparse)

TonalLinearizer:  runs 12:55:39
slices [272, 322):
	channel 0: occupancy (dense)
	channel 1: surfaceDist (dense)
	channel 2: layer_000 (sparse)
	channel 3: layer_001 (sparse)
	channel 4: layer_002 (sparse)
	channel 5: layer_003 (sparse)
	channel 6: layer_004 (sparse)
	channel 7: layer_005 (sparse)
	channel 8: layer_006 (sparse)
	channel 9: layer_007 (sparse)

VectorLayerHalftoner: VectorLayerHalftoner error: no tonal values available

VectorLayerHalftoner:  runs 12:55:39
slices [260, 322):
	channel 0: occupancy (dense)
	channel 1: surfaceDist (dense)
	channel 2: layer_000 (sparse)
	channel 3: layer_001 (sparse)
	channel 4: layer_002 (sparse)
	channel 5: layer_003 (sparse)
	channel 6: layer_004 (sparse)
	channel 7: layer_005 (sparse)
	channel 8: layer_006 (sparse)
	channel 9: layer_007 (sparse)
	channel 10: intermedTonal_0 (sparse)
	channel 11: intermedTonal_1 (sparse)
	channel 12: intermedTonal_2 (sparse)
	channel 13: intermedTonal_3 (sparse)
	channel 14: intermedTonal_4 (sparse)
	channel 15: intermedTonal_5 (sparse)
	channel 16: intermedTonal_6 (sparse)
	channel 17: intermedTonal_7 (sparse)
	channel 18: quantizedTonal (sparse)
	channel 19: errorDiffInfo2 (sparse)
	channel 20: distanceToEmpty (sparse)
	channel 21: errorDiffInfo3 (sparse)
	channel 22: errorDiffInfo4 (sparse)
	channel 23: errorDiffInfo5 (sparse)
	channel 24: errorDiffInfo6 (sparse)
	channel 25: errorDiffInfo7 (sparse)
	channel 26: errorDiffInfo8 (sparse)
	channel 27: errorDiffInfo9 (sparse)

SlaveReporter:  runs 12:55:40
slices [260, 310):
	channel 0: material (dense)
	channel 1: occupancy (dense)

PrintJobVoxelizer:  runs 12:55:40

PrintJobVoxelizer: setting up slices
PrintJobVoxelizer: rasterizing objects
PrintJobVoxelizer: creating rasterizer
PrintJobVoxelizer: rasterizing object 1
Rasterizer::rasterize:
	8 trials
	total = 5.26567 s
	mean  = 0.658208 s
	var   = 0.0399996 s^2, std = 0.199999 s
	min   = 0.281254 s
	max   = 0.859376 s


PrintJobVoxelizer: voxelizing objects
Object 1 ROI: [0 0 0] --> [473 152 39]
GWNSampleFloodVoxelizer: number of samples: 260
GWNSampleFloodVoxelizer: samples evaluated
GWNSampleFloodVoxelizer: adaptive threshold = 0.498039
GWNSampleFloodVoxelizer: flooding complete
Voxelization: solid angle evaluations per voxel: 1.94837

GWNSampleFloodVoxelizer::voxelize:
	8 trials
	total = 8.45327 s
	mean  = 1.05666 s
	var   = 0.0175736 s^2, std = 0.132565 s
	min   = 0.78127 s
	max   = 1.21877 s

GWNSampleFloodVoxelizer::initIndicator:
	8 trials
	total = 2.90633 s
	mean  = 0.363292 s
	var   = 0.00109856 s^2, std = 0.0331446 s
	min   = 0.281263 s
	max   = 0.375022 s

GWNSampleFloodVoxelizer::selectSamples:
	8 trials
	total = 0.249925 s
	mean  = 0.0312406 s
	var   = 5.45536e-011 s^2, std = 7.38604e-006 s
	min   = 0.031234 s
	max   = 0.031257 s

GWNSampleFloodVoxelizer::evaluateSamples:
	8 trials
	total = 2.2344 s
	mean  = 0.2793 s
	var   = 0.00861113 s^2, std = 0.0927962 s
	min   = 0.156236 s
	max   = 0.421881 s

GWNSampleFloodVoxelizer::flood:
	8 trials
	total = 1.60939 s
	mean  = 0.201174 s
	var   = 0.000239794 s^2, std = 0.0154853 s
	min   = 0.171877 s
	max   = 0.218754 s


PrintJobVoxelizer: finalizing surfaces
PrintJobVoxelizer: 475499 surface voxels
PrintJobVoxelizer: getting output subset
PrintJobVoxelizer: updating slice indices
TonalValueCalculator:  runs 12:55:42
slices [349, 389):
	channel 0: occupancy (dense)
	channel 1: opticalFeature (sparse)

SurfaceDistanceOrderedTransfer:  runs 12:55:42
slices [323, 389):
	channel 0: occupancy (dense)
	channel 1: surfaceDist (dense)

SurfaceDistanceOrderedTransfer: 323 349 389
LayerExtractor:  runs 12:55:42
slices [321, 389):
	channel 0: occupancy (dense)
	channel 1: surfaceDist (dense)
	channel 2: layer_000 (sparse)
	channel 3: layer_001 (sparse)
	channel 4: layer_002 (sparse)
	channel 5: layer_003 (sparse)
	channel 6: layer_004 (sparse)
	channel 7: layer_005 (sparse)
	channel 8: layer_006 (sparse)
	channel 9: layer_007 (sparse)

TonalLinearizer:  runs 12:55:43
slices [322, 389):
	channel 0: occupancy (dense)
	channel 1: surfaceDist (dense)
	channel 2: layer_000 (sparse)
	channel 3: layer_001 (sparse)
	channel 4: layer_002 (sparse)
	channel 5: layer_003 (sparse)
	channel 6: layer_004 (sparse)
	channel 7: layer_005 (sparse)
	channel 8: layer_006 (sparse)
	channel 9: layer_007 (sparse)

VectorLayerHalftoner: VectorLayerHalftoner error: no tonal values available

VectorLayerHalftoner:  runs 12:55:43
slices [310, 389):
	channel 0: occupancy (dense)
	channel 1: surfaceDist (dense)
	channel 2: layer_000 (sparse)
	channel 3: layer_001 (sparse)
	channel 4: layer_002 (sparse)
	channel 5: layer_003 (sparse)
	channel 6: layer_004 (sparse)
	channel 7: layer_005 (sparse)
	channel 8: layer_006 (sparse)
	channel 9: layer_007 (sparse)
	channel 10: intermedTonal_0 (sparse)
	channel 11: intermedTonal_1 (sparse)
	channel 12: intermedTonal_2 (sparse)
	channel 13: intermedTonal_3 (sparse)
	channel 14: intermedTonal_4 (sparse)
	channel 15: intermedTonal_5 (sparse)
	channel 16: intermedTonal_6 (sparse)
	channel 17: intermedTonal_7 (sparse)
	channel 18: quantizedTonal (sparse)
	channel 19: errorDiffInfo2 (sparse)
	channel 20: distanceToEmpty (sparse)
	channel 21: errorDiffInfo3 (sparse)
	channel 22: errorDiffInfo4 (sparse)
	channel 23: errorDiffInfo5 (sparse)
	channel 24: errorDiffInfo6 (sparse)
	channel 25: errorDiffInfo7 (sparse)
	channel 26: errorDiffInfo8 (sparse)
	channel 27: errorDiffInfo9 (sparse)

SlaveReporter:  runs 12:55:44
slices [310, 389):
	channel 0: material (dense)
	channel 1: occupancy (dense)

Computation finished 

Status: success
Slave Node  3 :Total execution time in seconds 40.2349

