SlavePrintingSoftware::startUp:
	1 trials
	total = 0.284957 s
	mean  = 0.284957 s
	var   = 0 s^2, std = 0 s
	min   = 0.284957 s
	max   = 0.284957 s

PrintingSoftware::execute:
	1 trials
	total = 528.234 s
	mean  = 528.234 s
	var   = 0 s^2, std = 0 s
	min   = 528.234 s
	max   = 528.234 s

DistributedComputingInitiator::Receive:
	1 trials
	total = 13.5656 s
	mean  = 13.5656 s
	var   = 0 s^2, std = 0 s
	min   = 13.5656 s
	max   = 13.5656 s

FileParserPJ::setInput:
	1 trials
	total = 0 s
	mean  = 0 s
	var   = 0 s^2, std = 0 s
	min   = 0 s
	max   = 0 s

FileParserPJ::runInternal:
	1 trials
	total = 7.33268 s
	mean  = 7.33268 s
	var   = 0 s^2, std = 0 s
	min   = 7.33268 s
	max   = 7.33268 s

PrintJobOrganizer::setInput:
	1 trials
	total = 0.001441 s
	mean  = 0.001441 s
	var   = 0 s^2, std = 0 s
	min   = 0.001441 s
	max   = 0.001441 s

PrintJobOrganizer::runInternal:
	1 trials
	total = 0.419754 s
	mean  = 0.419754 s
	var   = 0 s^2, std = 0 s
	min   = 0.419754 s
	max   = 0.419754 s

PrintJobPreprocessor::setInput:
	1 trials
	total = 0 s
	mean  = 0 s
	var   = 0 s^2, std = 0 s
	min   = 0 s
	max   = 0 s

PrintJobPreprocessor::runInternal:
	1 trials
	total = 1.93129 s
	mean  = 1.93129 s
	var   = 0 s^2, std = 0 s
	min   = 1.93129 s
	max   = 1.93129 s

PrintJobVoxelizer::setInput:
	16 trials
	total = 0.000501 s
	mean  = 3.13125e-005 s
	var   = 1.56876e-008 s^2, std = 0.00012525 s
	min   = 0 s
	max   = 0.000501 s

PrintJobVoxelizer::runInternal:
	16 trials
	total = 95.9415 s
	mean  = 5.99634 s
	var   = 1.18512 s^2, std = 1.08863 s
	min   = 2.53132 s
	max   = 7.1291 s

PrintJobVoxelizer::rasterizeObjects:
	16 trials
	total = 22.8798 s
	mean  = 1.42999 s
	var   = 0.189115 s^2, std = 0.434873 s
	min   = 0.456635 s
	max   = 1.83774 s

PrintJobVoxelizer::voxelizeObjects:
	16 trials
	total = 70.316 s
	mean  = 4.39475 s
	var   = 0.561572 s^2, std = 0.749381 s
	min   = 2.00011 s
	max   = 5.1151 s

PrintJobVoxelizer::finalizeSurfaces:
	16 trials
	total = 0.844866 s
	mean  = 0.0528041 s
	var   = 0.000190322 s^2, std = 0.0137957 s
	min   = 0.010026 s
	max   = 0.06639 s

TonalValueCalculator::setInput:
	16 trials
	total = 0 s
	mean  = 0 s
	var   = 0 s^2, std = 0 s
	min   = 0 s
	max   = 0 s

TonalValueCalculator::runInternal:
	16 trials
	total = 0.595745 s
	mean  = 0.0372341 s
	var   = 0.000276732 s^2, std = 0.0166353 s
	min   = 0 s
	max   = 0.054144 s

SurfaceDistanceOrderedTransfer::setInput:
	16 trials
	total = 0.000501 s
	mean  = 3.13125e-005 s
	var   = 1.56876e-008 s^2, std = 0.00012525 s
	min   = 0 s
	max   = 0.000501 s

SurfaceDistanceOrderedTransfer::runInternal:
	16 trials
	total = 47.6855 s
	mean  = 2.98034 s
	var   = 0.200309 s^2, std = 0.447559 s
	min   = 1.42977 s
	max   = 3.35851 s

SurfaceDistanceOrderedTransfer::buildOrderedSurfaceData:
	16 trials
	total = 0.806341 s
	mean  = 0.0503963 s
	var   = 0.0058955 s^2, std = 0.0767822 s
	min   = 0 s
	max   = 0.333908 s

SurfaceDistanceOrderedTransfer::fillDistanceChannel:
	16 trials
	total = 3.08176 s
	mean  = 0.19261 s
	var   = 0.000994136 s^2, std = 0.0315299 s
	min   = 0.078136 s
	max   = 0.215366 s

SurfaceDistanceOrderedTransfer::transfer:
	16 trials
	total = 42.9387 s
	mean  = 2.68367 s
	var   = 0.233695 s^2, std = 0.48342 s
	min   = 0.985977 s
	max   = 3.03992 s

SurfaceDistanceOrderedTransfer::mergeDistances:
	48 trials
	total = 3.36101 s
	mean  = 0.070021 s
	var   = 0.000156957 s^2, std = 0.0125283 s
	min   = 0.028673 s
	max   = 0.097813 s

SurfaceDistanceOrderedTransfer::applySqrt:
	16 trials
	total = 0.853195 s
	mean  = 0.0533247 s
	var   = 0.000531074 s^2, std = 0.023045 s
	min   = 0.013035 s
	max   = 0.081142 s

LayerExtractor::setInput:
	16 trials
	total = 0 s
	mean  = 0 s
	var   = 0 s^2, std = 0 s
	min   = 0 s
	max   = 0 s

LayerExtractor::runInternal:
	16 trials
	total = 16.7522 s
	mean  = 1.04701 s
	var   = 0.143244 s^2, std = 0.378476 s
	min   = 0.181699 s
	max   = 1.41792 s

VectorLayerHalftoner::setInput:
	16 trials
	total = 0.007021 s
	mean  = 0.000438812 s
	var   = 2.80107e-007 s^2, std = 0.000529251 s
	min   = 0 s
	max   = 0.001198 s

VectorLayerHalftoner::runInternal:
	16 trials
	total = 132.105 s
	mean  = 8.25654 s
	var   = 14.2541 s^2, std = 3.77547 s
	min   = 1.10465 s
	max   = 13.6873 s

VectorLayerHalftoner(0)::setupOutputContainerSlaveReporter::serializeSlice:
	777 trials
	total = 503.727 s
	mean  = 0.648297 s
	var   = 0.266542 s^2, std = 0.516277 s
	min   = 0.361486 s
	max   = 5.12514 s

SlaveReporter::Send:
	22 trials
	total = 0.000501 s
	mean  = 2.27727e-005 s
	var   = 1.14091e-008 s^2, std = 0.000106814 s
	min   = 0 s
	max   = 0.000501 s

