SlavePrintingSoftware::startUp:
	1 trials
	total = 0.338707 s
	mean  = 0.338707 s
	var   = 0 s^2, std = 0 s
	min   = 0.338707 s
	max   = 0.338707 s

PrintingSoftware::execute:
	1 trials
	total = 152.825 s
	mean  = 152.825 s
	var   = 0 s^2, std = 0 s
	min   = 152.825 s
	max   = 152.825 s

DistributedComputingInitiator::Receive:
	1 trials
	total = 146.928 s
	mean  = 146.928 s
	var   = 0 s^2, std = 0 s
	min   = 146.928 s
	max   = 146.928 s

FileParserPJ::setInput:
	1 trials
	total = 0 s
	mean  = 0 s
	var   = 0 s^2, std = 0 s
	min   = 0 s
	max   = 0 s

FileParserPJ::runInternal:
	1 trials
	total = 3.52823 s
	mean  = 3.52823 s
	var   = 0 s^2, std = 0 s
	min   = 3.52823 s
	max   = 3.52823 s

PrintJobOrganizer::setInput:
	1 trials
	total = 0.002029 s
	mean  = 0.002029 s
	var   = 0 s^2, std = 0 s
	min   = 0.002029 s
	max   = 0.002029 s

PrintJobOrganizer::runInternal:
	1 trials
	total = 0.33374 s
	mean  = 0.33374 s
	var   = 0 s^2, std = 0 s
	min   = 0.33374 s
	max   = 0.33374 s

PrintJobPreprocessor::setInput:
	1 trials
	total = 0 s
	mean  = 0 s
	var   = 0 s^2, std = 0 s
	min   = 0 s
	max   = 0 s

PrintJobPreprocessor::runInternal:
	1 trials
	total = 1.03609 s
	mean  = 1.03609 s
	var   = 0 s^2, std = 0 s
	min   = 1.03609 s
	max   = 1.03609 s

PrintJobVoxelizer::setInput:
	16 trials
	total = 0 s
	mean  = 0 s
	var   = 0 s^2, std = 0 s
	min   = 0 s
	max   = 0 s

PrintJobVoxelizer::runInternal:
	16 trials
	total = 28.0131 s
	mean  = 1.75082 s
	var   = 0.112841 s^2, std = 0.335919 s
	min   = 0.807531 s
	max   = 2.17897 s

PrintJobVoxelizer::rasterizeObjects:
	16 trials
	total = 11.1866 s
	mean  = 0.699162 s
	var   = 0.038593 s^2, std = 0.196451 s
	min   = 0.247955 s
	max   = 0.948823 s

PrintJobVoxelizer::voxelizeObjects:
	16 trials
	total = 15.5877 s
	mean  = 0.974231 s
	var   = 0.0227956 s^2, std = 0.150982 s
	min   = 0.504163 s
	max   = 1.16211 s

PrintJobVoxelizer::finalizeSurfaces:
	16 trials
	total = 0.35761 s
	mean  = 0.0223506 s
	var   = 1.42135e-005 s^2, std = 0.00377008 s
	min   = 0.010119 s
	max   = 0.02467 s

TonalValueCalculator::setInput:
	16 trials
	total = 0 s
	mean  = 0 s
	var   = 0 s^2, std = 0 s
	min   = 0 s
	max   = 0 s

TonalValueCalculator::runInternal:
	16 trials
	total = 0.227318 s
	mean  = 0.0142074 s
	var   = 3.09151e-005 s^2, std = 0.00556013 s
	min   = 0.001014 s
	max   = 0.01957 s

SurfaceDistanceOrderedTransfer::setInput:
	16 trials
	total = 0.001007 s
	mean  = 6.29375e-005 s
	var   = 6.33781e-008 s^2, std = 0.00025175 s
	min   = 0 s
	max   = 0.001007 s

SurfaceDistanceOrderedTransfer::runInternal:
	16 trials
	total = 6.72088 s
	mean  = 0.420055 s
	var   = 0.002134 s^2, std = 0.0461953 s
	min   = 0.285156 s
	max   = 0.485393 s

SurfaceDistanceOrderedTransfer::buildOrderedSurfaceData:
	16 trials
	total = 0.334323 s
	mean  = 0.0208952 s
	var   = 0.0011845 s^2, std = 0.0344166 s
	min   = 0.001001 s
	max   = 0.148457 s

SurfaceDistanceOrderedTransfer::fillDistanceChannel:
	16 trials
	total = 0.512617 s
	mean  = 0.0320386 s
	var   = 2.32931e-005 s^2, std = 0.00482629 s
	min   = 0.014375 s
	max   = 0.035479 s

SurfaceDistanceOrderedTransfer::transfer:
	16 trials
	total = 5.56604 s
	mean  = 0.347877 s
	var   = 0.00437014 s^2, std = 0.066107 s
	min   = 0.118245 s
	max   = 0.40792 s

SurfaceDistanceOrderedTransfer::mergeDistances:
	16 trials
	total = 0 s
	mean  = 0 s
	var   = 0 s^2, std = 0 s
	min   = 0 s
	max   = 0 s

SurfaceDistanceOrderedTransfer::applySqrt:
	16 trials
	total = 0.292706 s
	mean  = 0.0182941 s
	var   = 3.65073e-005 s^2, std = 0.00604213 s
	min   = 0.003068 s
	max   = 0.02481 s

LayerExtractor::setInput:
	16 trials
	total = 0.002041 s
	mean  = 0.000127563 s
	var   = 1.19614e-007 s^2, std = 0.000345852 s
	min   = 0 s
	max   = 0.001014 s

LayerExtractor::runInternal:
	16 trials
	total = 7.17185 s
	mean  = 0.44824 s
	var   = 0.0251205 s^2, std = 0.158495 s
	min   = 0.071944 s
	max   = 0.616057 s

VectorLayerHalftoner::setInput:
	16 trials
	total = 0.014144 s
	mean  = 0.000884 s
	var   = 2.50877e-007 s^2, std = 0.000500877 s
	min   = 0 s
	max   = 0.002001 s

VectorLayerHalftoner::runInternal:
	16 trials
	total = 42.381 s
	mean  = 2.64882 s
	var   = 0.716702 s^2, std = 0.846583 s
	min   = 0.450433 s
	max   = 3.62051 s

VectorLayerHalftoner(0)::setupOutputContainerSlaveReporter::serializeSlice:
	777 trials
	total = 140.531 s
	mean  = 0.180864 s
	var   = 0.0106716 s^2, std = 0.103304 s
	min   = 0.129447 s
	max   = 1.24298 s

SlaveReporter::Send:
	22 trials
	total = 6e-006 s
	mean  = 2.72727e-007 s
	var   = 1.63636e-012 s^2, std = 1.2792e-006 s
	min   = 0 s
	max   = 6e-006 s

