SlavePrintingSoftware::startUp:
	1 trials
	total = 0.316064 s
	mean  = 0.316064 s
	var   = 0 s^2, std = 0 s
	min   = 0.316064 s
	max   = 0.316064 s

PrintingSoftware::execute:
	1 trials
	total = 465.697 s
	mean  = 465.697 s
	var   = 0 s^2, std = 0 s
	min   = 465.697 s
	max   = 465.697 s

DistributedComputingInitiator::Receive:
	1 trials
	total = 14.1302 s
	mean  = 14.1302 s
	var   = 0 s^2, std = 0 s
	min   = 14.1302 s
	max   = 14.1302 s

FileParserPJ::setInput:
	1 trials
	total = 0 s
	mean  = 0 s
	var   = 0 s^2, std = 0 s
	min   = 0 s
	max   = 0 s

FileParserPJ::runInternal:
	1 trials
	total = 7.43875 s
	mean  = 7.43875 s
	var   = 0 s^2, std = 0 s
	min   = 7.43875 s
	max   = 7.43875 s

PrintJobOrganizer::setInput:
	1 trials
	total = 0.002068 s
	mean  = 0.002068 s
	var   = 0 s^2, std = 0 s
	min   = 0.002068 s
	max   = 0.002068 s

PrintJobOrganizer::runInternal:
	1 trials
	total = 0.404175 s
	mean  = 0.404175 s
	var   = 0 s^2, std = 0 s
	min   = 0.404175 s
	max   = 0.404175 s

PrintJobPreprocessor::setInput:
	1 trials
	total = 0 s
	mean  = 0 s
	var   = 0 s^2, std = 0 s
	min   = 0 s
	max   = 0 s

PrintJobPreprocessor::runInternal:
	1 trials
	total = 1.90096 s
	mean  = 1.90096 s
	var   = 0 s^2, std = 0 s
	min   = 1.90096 s
	max   = 1.90096 s

PrintJobVoxelizer::setInput:
	16 trials
	total = 0.000502 s
	mean  = 3.1375e-005 s
	var   = 1.57502e-008 s^2, std = 0.0001255 s
	min   = 0 s
	max   = 0.000502 s

PrintJobVoxelizer::runInternal:
	16 trials
	total = 94.6686 s
	mean  = 5.91679 s
	var   = 1.14508 s^2, std = 1.07008 s
	min   = 2.52574 s
	max   = 6.95741 s

PrintJobVoxelizer::rasterizeObjects:
	16 trials
	total = 23.1612 s
	mean  = 1.44758 s
	var   = 0.194404 s^2, std = 0.440912 s
	min   = 0.449152 s
	max   = 1.86359 s

PrintJobVoxelizer::voxelizeObjects:
	16 trials
	total = 68.9029 s
	mean  = 4.30643 s
	var   = 0.518452 s^2, std = 0.720036 s
	min   = 2.00254 s
	max   = 4.93824 s

PrintJobVoxelizer::finalizeSurfaces:
	16 trials
	total = 0.830637 s
	mean  = 0.0519148 s
	var   = 0.000124589 s^2, std = 0.0111619 s
	min   = 0.018635 s
	max   = 0.06417 s

TonalValueCalculator::setInput:
	16 trials
	total = 0 s
	mean  = 0 s
	var   = 0 s^2, std = 0 s
	min   = 0 s
	max   = 0 s

TonalValueCalculator::runInternal:
	16 trials
	total = 0.648416 s
	mean  = 0.040526 s
	var   = 0.000463917 s^2, std = 0.0215387 s
	min   = 0 s
	max   = 0.069029 s

SurfaceDistanceOrderedTransfer::setInput:
	16 trials
	total = 0.016217 s
	mean  = 0.00101356 s
	var   = 1.53871e-005 s^2, std = 0.00392264 s
	min   = 0 s
	max   = 0.015716 s

SurfaceDistanceOrderedTransfer::runInternal:
	16 trials
	total = 47.3145 s
	mean  = 2.95715 s
	var   = 0.190336 s^2, std = 0.436276 s
	min   = 1.46246 s
	max   = 3.3421 s

SurfaceDistanceOrderedTransfer::buildOrderedSurfaceData:
	16 trials
	total = 0.833924 s
	mean  = 0.0521202 s
	var   = 0.0066746 s^2, std = 0.0816982 s
	min   = 0 s
	max   = 0.354609 s

SurfaceDistanceOrderedTransfer::fillDistanceChannel:
	16 trials
	total = 3.10008 s
	mean  = 0.193755 s
	var   = 0.000704991 s^2, std = 0.0265517 s
	min   = 0.100476 s
	max   = 0.219444 s

SurfaceDistanceOrderedTransfer::transfer:
	16 trials
	total = 42.5096 s
	mean  = 2.65685 s
	var   = 0.222072 s^2, std = 0.471245 s
	min   = 1.00086 s
	max   = 3.03219 s

SurfaceDistanceOrderedTransfer::mergeDistances:
	48 trials
	total = 3.24482 s
	mean  = 0.0676003 s
	var   = 0.000127166 s^2, std = 0.0112768 s
	min   = 0.031083 s
	max   = 0.082566 s

SurfaceDistanceOrderedTransfer::applySqrt:
	16 trials
	total = 0.868655 s
	mean  = 0.0542909 s
	var   = 0.0006519 s^2, std = 0.0255323 s
	min   = 0.006517 s
	max   = 0.097272 s

LayerExtractor::setInput:
	16 trials
	total = 0.000501 s
	mean  = 3.13125e-005 s
	var   = 1.56876e-008 s^2, std = 0.00012525 s
	min   = 0 s
	max   = 0.000501 s

LayerExtractor::runInternal:
	16 trials
	total = 16.7698 s
	mean  = 1.04811 s
	var   = 0.143164 s^2, std = 0.37837 s
	min   = 0.162978 s
	max   = 1.38964 s

VectorLayerHalftoner::setInput:
	16 trials
	total = 0.004437 s
	mean  = 0.000277313 s
	var   = 2.56547e-007 s^2, std = 0.000506505 s
	min   = 0 s
	max   = 0.001412 s

VectorLayerHalftoner::runInternal:
	16 trials
	total = 131.397 s
	mean  = 8.21233 s
	var   = 14.0552 s^2, std = 3.74902 s
	min   = 1.07126 s
	max   = 13.6311 s

VectorLayerHalftoner(0)::setupOutputContainerSlaveReporter::serializeSlice:
	777 trials
	total = 441.46 s
	mean  = 0.56816 s
	var   = 0.308808 s^2, std = 0.555705 s
	min   = 0.356158 s
	max   = 5.44343 s

SlaveReporter::Send:
	22 trials
	total = 0 s
	mean  = 0 s
	var   = 0 s^2, std = 0 s
	min   = 0 s
	max   = 0 s

