Warning:json file inside profile could not be parsed 

GL version: 4.4.0

Warning: there is no json file embedded inside profile 

FileParserPJ: initializing
PrintJobOrganizer: initializing
MasterPJDistributor: initializing
MasterMerger: initializing
SliceDebugger: initializing
FileParserPJ:  runs 19:20:58

FileParserPJ: loading OBJ file

244921 vertices
489840 faces

FileParserPJ: 245383 texture coordinates

FileParserPJ: 245383 vertices after duplication

FileParserPJ: //filer-igd2.igd.fraunhofer.de/igd-3dt/shared/3DModels/Head/HeadMTL/Head_Level3.obj parsed: 245383 vertices and 489840 faces

FileParserPJ: loading jpg file

FileParserPJ: loading OBJ file

244921 vertices
489840 faces

FileParserPJ: 245383 texture coordinates

FileParserPJ: 245383 vertices after duplication

FileParserPJ: //filer-igd2.igd.fraunhofer.de/igd-3dt/shared/3DModels/Head/HeadMTL/Head_Level3.obj parsed: 245383 vertices and 489840 faces

FileParserPJ: loading jpg file

FileParserPJ: loading OBJ file

244921 vertices
489840 faces

FileParserPJ: 245383 texture coordinates

FileParserPJ: 245383 vertices after duplication

FileParserPJ: //filer-igd2.igd.fraunhofer.de/igd-3dt/shared/3DModels/Head/HeadMTL/Head_Level3.obj parsed: 245383 vertices and 489840 faces

FileParserPJ: loading jpg file

FileParserPJ: loading OBJ file

244921 vertices
489840 faces

FileParserPJ: 245383 texture coordinates

FileParserPJ: 245383 vertices after duplication

FileParserPJ: //filer-igd2.igd.fraunhofer.de/igd-3dt/shared/3DModels/Head/HeadMTL/Head_Level3.obj parsed: 245383 vertices and 489840 faces

FileParserPJ: loading jpg file

FileParserPJ: Input files parsed

PrintJobOrganizer:  runs 19:21:12

centering objects at origin
optimizing rotation for height
scaling objects
optimizing rotation for support use
PrintJobOrganizer: support cost         = 25.4851
support cost flipped = 22.9004

PrintJobOrganizer: support cost         = 25.4851
support cost flipped = 22.9004

PrintJobOrganizer: support cost         = 25.4851
support cost flipped = 22.9004

PrintJobOrganizer: support cost         = 25.4851
support cost flipped = 22.9004

arranging objects in 2D
validating object placement
PrintJobOrganizer: print object 1 print-space bounding box: (0.00211667, 0.00423333, 0.00135106), (8.00212, 5.12195, 4.19435)
PrintJobOrganizer: print object 2 print-space bounding box: (0.00211667, 5.32195, 0.00135106), (8.00212, 10.4397, 4.19435)
PrintJobOrganizer: print object 3 print-space bounding box: (0.00211667, 10.6397, 0.00135106), (8.00212, 15.7574, 4.19435)
PrintJobOrganizer: print object 4 print-space bounding box: (0.00211667, 15.9574, 0.00135106), (8.00212, 21.0751, 4.19435)
saving transforms to file
MasterPJDistributor:  runs 19:21:13

MasterPJDistributor::runInternal
MasterMerger:  runs 19:21:24

MasterMerger::runInternal
MasterMerger: metadata for thread : 1

MasterMerger: received height : 617

MasterMerger: received width : 946

MasterMerger: received num of slices : 777

MasterMerger: received chunk size : 10

MasterMerger: received path : 

MasterMerger: metadata for thread : 2

MasterMerger: received height : 617

MasterMerger: received width : 946

MasterMerger: received num of slices : 777

MasterMerger: received chunk size : 10

MasterMerger: received path : 

MasterMerger: Print Volume x:  5905.51

MasterMerger: Print Volume y:  2362.2

MasterMerger: Node id:  1

MasterMerger: Offset x : 0

MasterMerger: Offset y : 0

MasterMerger: Node id:  2

MasterMerger: Offset x : 0

MasterMerger: Offset y : 628.811

MasterMerger: Added height is:617after adding height of slave 1

MasterMerger: Added height is:1234after adding height of slave 2

MasterMerger: m_fullSliceHt : 1258

MasterMerger: m_fullSliceWidth : 946

MasterMerger: m_numSlices : 777

MasterMerger: m_chunkSize : 10

MasterMerger::addSlice called

SliceDebugger:  runs 19:21:32
slices [0, 10):
	channel 0: material (dense)

MasterMerger:  runs 19:21:33

SliceDebugger:  runs 19:21:42
slices [10, 20):
	channel 0: material (dense)

MasterMerger:  runs 19:21:42

SliceDebugger:  runs 19:21:54
slices [20, 30):
	channel 0: material (dense)

MasterMerger:  runs 19:21:54

SliceDebugger:  runs 19:22:8
slices [30, 40):
	channel 0: material (dense)

MasterMerger:  runs 19:22:8

SliceDebugger:  runs 19:22:22
slices [40, 50):
	channel 0: material (dense)

MasterMerger:  runs 19:22:22

SliceDebugger:  runs 19:22:36
slices [50, 60):
	channel 0: material (dense)

MasterMerger:  runs 19:22:37

SliceDebugger:  runs 19:22:51
slices [60, 70):
	channel 0: material (dense)

MasterMerger:  runs 19:22:51

SliceDebugger:  runs 19:23:6
slices [70, 80):
	channel 0: material (dense)

MasterMerger:  runs 19:23:6

SliceDebugger:  runs 19:23:22
slices [80, 90):
	channel 0: material (dense)

MasterMerger:  runs 19:23:22

SliceDebugger:  runs 19:23:36
slices [90, 100):
	channel 0: material (dense)

MasterMerger:  runs 19:23:36

SliceDebugger:  runs 19:23:49
slices [100, 110):
	channel 0: material (dense)

MasterMerger:  runs 19:23:49

SliceDebugger:  runs 19:24:2
slices [110, 120):
	channel 0: material (dense)

MasterMerger:  runs 19:24:3

SliceDebugger:  runs 19:24:17
slices [120, 130):
	channel 0: material (dense)

MasterMerger:  runs 19:24:17

SliceDebugger:  runs 19:24:30
slices [130, 140):
	channel 0: material (dense)

MasterMerger:  runs 19:24:30

SliceDebugger:  runs 19:24:40
slices [140, 150):
	channel 0: material (dense)

MasterMerger:  runs 19:24:40

SliceDebugger:  runs 19:24:47
slices [150, 160):
	channel 0: material (dense)

MasterMerger:  runs 19:24:48

SliceDebugger:  runs 19:24:48
slices [160, 170):
	channel 0: material (dense)

MasterMerger:  runs 19:24:48

SliceDebugger:  runs 19:24:48
slices [170, 180):
	channel 0: material (dense)

MasterMerger:  runs 19:24:48

SliceDebugger:  runs 19:24:48
slices [180, 190):
	channel 0: material (dense)

MasterMerger:  runs 19:24:48

SliceDebugger:  runs 19:24:48
slices [190, 200):
	channel 0: material (dense)

MasterMerger:  runs 19:24:48

SliceDebugger:  runs 19:24:49
slices [200, 210):
	channel 0: material (dense)

MasterMerger:  runs 19:24:49

SliceDebugger:  runs 19:24:49
slices [210, 220):
	channel 0: material (dense)

MasterMerger:  runs 19:24:49

SliceDebugger:  runs 19:24:49
slices [220, 230):
	channel 0: material (dense)

MasterMerger:  runs 19:24:49

SliceDebugger:  runs 19:24:49
slices [230, 240):
	channel 0: material (dense)

MasterMerger:  runs 19:24:49

SliceDebugger:  runs 19:24:50
slices [240, 250):
	channel 0: material (dense)

MasterMerger:  runs 19:24:50

SliceDebugger:  runs 19:24:50
slices [250, 260):
	channel 0: material (dense)

MasterMerger:  runs 19:24:50

SliceDebugger:  runs 19:24:50
slices [260, 270):
	channel 0: material (dense)

MasterMerger:  runs 19:24:50

SliceDebugger:  runs 19:24:50
slices [270, 280):
	channel 0: material (dense)

MasterMerger:  runs 19:24:50

SliceDebugger:  runs 19:24:51
slices [280, 290):
	channel 0: material (dense)

MasterMerger:  runs 19:24:51

SliceDebugger:  runs 19:24:51
slices [290, 300):
	channel 0: material (dense)

MasterMerger:  runs 19:24:51

SliceDebugger:  runs 19:24:51
slices [300, 310):
	channel 0: material (dense)

MasterMerger:  runs 19:24:51

SliceDebugger:  runs 19:24:51
slices [310, 320):
	channel 0: material (dense)

MasterMerger:  runs 19:24:52

SliceDebugger:  runs 19:24:52
slices [320, 330):
	channel 0: material (dense)

MasterMerger:  runs 19:24:52

SliceDebugger:  runs 19:24:52
slices [330, 340):
	channel 0: material (dense)

MasterMerger:  runs 19:24:52

SliceDebugger:  runs 19:24:52
slices [340, 350):
	channel 0: material (dense)

MasterMerger:  runs 19:24:52

SliceDebugger:  runs 19:24:52
slices [350, 360):
	channel 0: material (dense)

MasterMerger:  runs 19:24:53

SliceDebugger:  runs 19:24:53
slices [360, 370):
	channel 0: material (dense)

MasterMerger:  runs 19:24:53

SliceDebugger:  runs 19:24:53
slices [370, 380):
	channel 0: material (dense)

MasterMerger:  runs 19:24:53

SliceDebugger:  runs 19:24:53
slices [380, 390):
	channel 0: material (dense)

MasterMerger:  runs 19:24:53

SliceDebugger:  runs 19:24:53
slices [390, 400):
	channel 0: material (dense)

MasterMerger:  runs 19:24:54

SliceDebugger:  runs 19:24:54
slices [400, 410):
	channel 0: material (dense)

MasterMerger:  runs 19:24:54

SliceDebugger:  runs 19:24:54
slices [410, 420):
	channel 0: material (dense)

MasterMerger:  runs 19:24:54

SliceDebugger:  runs 19:24:54
slices [420, 430):
	channel 0: material (dense)

MasterMerger:  runs 19:24:54

SliceDebugger:  runs 19:24:54
slices [430, 440):
	channel 0: material (dense)

MasterMerger:  runs 19:24:55

SliceDebugger:  runs 19:24:55
slices [440, 450):
	channel 0: material (dense)

MasterMerger:  runs 19:24:55

SliceDebugger:  runs 19:24:55
slices [450, 460):
	channel 0: material (dense)

MasterMerger:  runs 19:24:55

SliceDebugger:  runs 19:24:55
slices [460, 470):
	channel 0: material (dense)

MasterMerger:  runs 19:24:55

SliceDebugger:  runs 19:24:55
slices [470, 480):
	channel 0: material (dense)

MasterMerger:  runs 19:24:56

SliceDebugger:  runs 19:24:56
slices [480, 490):
	channel 0: material (dense)

MasterMerger:  runs 19:24:56

SliceDebugger:  runs 19:24:56
slices [490, 500):
	channel 0: material (dense)

MasterMerger:  runs 19:24:56

SliceDebugger:  runs 19:24:56
slices [500, 510):
	channel 0: material (dense)

MasterMerger:  runs 19:24:56

SliceDebugger:  runs 19:24:56
slices [510, 520):
	channel 0: material (dense)

MasterMerger:  runs 19:24:57

SliceDebugger:  runs 19:24:57
slices [520, 530):
	channel 0: material (dense)

MasterMerger:  runs 19:24:57

SliceDebugger:  runs 19:24:57
slices [530, 540):
	channel 0: material (dense)

MasterMerger:  runs 19:24:57

SliceDebugger:  runs 19:24:57
slices [540, 550):
	channel 0: material (dense)

MasterMerger:  runs 19:24:57

SliceDebugger:  runs 19:24:57
slices [550, 560):
	channel 0: material (dense)

MasterMerger:  runs 19:24:58

SliceDebugger:  runs 19:24:58
slices [560, 570):
	channel 0: material (dense)

MasterMerger:  runs 19:24:58

SliceDebugger:  runs 19:24:58
slices [570, 580):
	channel 0: material (dense)

MasterMerger:  runs 19:24:58

SliceDebugger:  runs 19:24:58
slices [580, 590):
	channel 0: material (dense)

MasterMerger:  runs 19:24:58

SliceDebugger:  runs 19:24:58
slices [590, 600):
	channel 0: material (dense)

MasterMerger:  runs 19:24:58

SliceDebugger:  runs 19:24:59
slices [600, 610):
	channel 0: material (dense)

MasterMerger:  runs 19:24:59

SliceDebugger:  runs 19:24:59
slices [610, 620):
	channel 0: material (dense)

MasterMerger:  runs 19:24:59

SliceDebugger:  runs 19:24:59
slices [620, 630):
	channel 0: material (dense)

MasterMerger:  runs 19:24:59

SliceDebugger:  runs 19:24:59
slices [630, 640):
	channel 0: material (dense)

MasterMerger:  runs 19:24:59

SliceDebugger:  runs 19:25:0
slices [640, 650):
	channel 0: material (dense)

MasterMerger:  runs 19:25:0

SliceDebugger:  runs 19:25:0
slices [650, 660):
	channel 0: material (dense)

MasterMerger:  runs 19:25:0

SliceDebugger:  runs 19:25:0
slices [660, 670):
	channel 0: material (dense)

MasterMerger:  runs 19:25:0

SliceDebugger:  runs 19:25:0
slices [670, 680):
	channel 0: material (dense)

MasterMerger:  runs 19:25:0

SliceDebugger:  runs 19:25:1
slices [680, 690):
	channel 0: material (dense)

MasterMerger:  runs 19:25:1

SliceDebugger:  runs 19:25:1
slices [690, 700):
	channel 0: material (dense)

MasterMerger:  runs 19:25:1

SliceDebugger:  runs 19:25:1
slices [700, 710):
	channel 0: material (dense)

MasterMerger:  runs 19:25:1

SliceDebugger:  runs 19:25:1
slices [710, 720):
	channel 0: material (dense)

MasterMerger:  runs 19:25:1

SliceDebugger:  runs 19:25:1
slices [720, 730):
	channel 0: material (dense)

MasterMerger:  runs 19:25:2

SliceDebugger:  runs 19:25:2
slices [730, 740):
	channel 0: material (dense)

MasterMerger:  runs 19:25:2

SliceDebugger:  runs 19:25:2
slices [740, 750):
	channel 0: material (dense)

MasterMerger:  runs 19:25:2

SliceDebugger:  runs 19:25:2
slices [750, 760):
	channel 0: material (dense)

MasterMerger:  runs 19:25:2

SliceDebugger:  runs 19:25:2
slices [760, 770):
	channel 0: material (dense)

MasterMerger:  runs 19:25:3

SliceDebugger:  runs 19:25:3
slices [770, 777):
	channel 0: material (dense)

Computation finished 

Status: success
PrintingSoftware::execute:
	1 trials
	total = 245.135 s
	mean  = 245.135 s
	var   = 0 s^2, std = 0 s
	min   = 245.135 s
	max   = 245.135 s

MasterPrintingSoftware::startUp:
	1 trials
	total = 0.426568 s
	mean  = 0.426568 s
	var   = 0 s^2, std = 0 s
	min   = 0.426568 s
	max   = 0.426568 s

MasterPrintingSoftware::Send:
	14 trials
	total = 0.006689 s
	mean  = 0.000477786 s
	var   = 1.03134e-006 s^2, std = 0.00101555 s
	min   = 0 s
	max   = 0.003688 s

FileParserPJ::setInput:
	1 trials
	total = 0 s
	mean  = 0 s
	var   = 0 s^2, std = 0 s
	min   = 0 s
	max   = 0 s

FileParserPJ::runInternal:
	1 trials
	total = 14.4305 s
	mean  = 14.4305 s
	var   = 0 s^2, std = 0 s
	min   = 14.4305 s
	max   = 14.4305 s

PrintJobOrganizer::setInput:
	1 trials
	total = 0.009022 s
	mean  = 0.009022 s
	var   = 0 s^2, std = 0 s
	min   = 0.009022 s
	max   = 0.009022 s

PrintJobOrganizer::runInternal:
	1 trials
	total = 0.800649 s
	mean  = 0.800649 s
	var   = 0 s^2, std = 0 s
	min   = 0.800649 s
	max   = 0.800649 s

MasterPJDistributor::serializeImgData:
	4 trials
	total = 0.345263 s
	mean  = 0.0863158 s
	var   = 1.58226e-006 s^2, std = 0.00125788 s
	min   = 0.08506 s
	max   = 0.088062 s

MasterPJDistributor::serializePJ:
	2 trials
	total = 0.404272 s
	mean  = 0.202136 s
	var   = 9.8e-011 s^2, std = 9.89949e-006 s
	min   = 0.202129 s
	max   = 0.202143 s

MasterPJDistributor::Send:
	22 trials
	total = 10.1381 s
	mean  = 0.460821 s
	var   = 0.478472 s^2, std = 0.691717 s
	min   = 0 s
	max   = 2.45561 s


PrintingSoftware::execute:
	1 trials
	total = 245.135 s
	mean  = 245.135 s
	var   = 0 s^2, std = 0 s
	min   = 245.135 s
	max   = 245.135 s

MasterPrintingSoftware::startUp:
	1 trials
	total = 0.426568 s
	mean  = 0.426568 s
	var   = 0 s^2, std = 0 s
	min   = 0.426568 s
	max   = 0.426568 s

MasterPrintingSoftware::Send:
	14 trials
	total = 0.006689 s
	mean  = 0.000477786 s
	var   = 1.03134e-006 s^2, std = 0.00101555 s
	min   = 0 s
	max   = 0.003688 s

FileParserPJ::setInput:
	1 trials
	total = 0 s
	mean  = 0 s
	var   = 0 s^2, std = 0 s
	min   = 0 s
	max   = 0 s

FileParserPJ::runInternal:
	1 trials
	total = 14.4305 s
	mean  = 14.4305 s
	var   = 0 s^2, std = 0 s
	min   = 14.4305 s
	max   = 14.4305 s

PrintJobOrganizer::setInput:
	1 trials
	total = 0.009022 s
	mean  = 0.009022 s
	var   = 0 s^2, std = 0 s
	min   = 0.009022 s
	max   = 0.009022 s

PrintJobOrganizer::runInternal:
	1 trials
	total = 0.800649 s
	mean  = 0.800649 s
	var   = 0 s^2, std = 0 s
	min   = 0.800649 s
	max   = 0.800649 s

MasterPJDistributor::serializeImgData:
	4 trials
	total = 0.345263 s
	mean  = 0.0863158 s
	var   = 1.58226e-006 s^2, std = 0.00125788 s
	min   = 0.08506 s
	max   = 0.088062 s

MasterPJDistributor::serializePJ:
	2 trials
	total = 0.404272 s
	mean  = 0.202136 s
	var   = 9.8e-011 s^2, std = 9.89949e-006 s
	min   = 0.202129 s
	max   = 0.202143 s

MasterPJDistributor::Send:
	22 trials
	total = 10.1381 s
	mean  = 0.460821 s
	var   = 0.478472 s^2, std = 0.691717 s
	min   = 0 s
	max   = 2.45561 s

MasterMergerWorkerImpl::deserializeSlice1:
	777 trials
	total = 1.5405 s
	mean  = 0.00198262 s
	var   = 3.29376e-006 s^2, std = 0.00181487 s
	min   = 0 s
	max   = 0.016709 s

MasterMergerWorkerImpl::Receive1:
	2531 trials
	total = 176.327 s
	mean  = 0.0696668 s
	var   = 0.860959 s^2, std = 0.927879 s
	min   = 0 s
	max   = 14.5205 s

MasterMergerWorkerImpl::decompressData1:
	777 trials
	total = 10.1598 s
	mean  = 0.0130757 s
	var   = 2.26885e-005 s^2, std = 0.00476325 s
	min   = 0 s
	max   = 0.054011 s

MasterMergerWorkerImpl::deserializeSlice2:
	777 trials
	total = 1.65593 s
	mean  = 0.00213118 s
	var   = 7.3305e-006 s^2, std = 0.00270749 s
	min   = 0 s
	max   = 0.015637 s

MasterMergerWorkerImpl::Receive2:
	2534 trials
	total = 190.05 s
	mean  = 0.0749998 s
	var   = 0.922636 s^2, std = 0.96054 s
	min   = 0 s
	max   = 14.643 s

MasterMergerWorkerImpl::decompressData2:
	777 trials
	total = 9.80605 s
	mean  = 0.0126204 s
	var   = 2.67893e-005 s^2, std = 0.00517583 s
	min   = 0 s
	max   = 0.054059 s


Master Node  0 :Total execution time in seconds 245.561

