Warning:json file inside profile could not be parsed 

GL version: 4.2.0 - Build 10.18.10.3412

Warning: there is no json file embedded inside profile 

LayerExtractor: distance needed for layers: 0.135467

FileParserPJ: initializing
PrintJobOrganizer: initializing
PrintJobPreprocessor: initializing
PrintJobVoxelizer: initializing
TonalValueCalculator: initializing
TonalValueCalculator: Using rendering intent RELATIVE_COLORIMETRIC

SurfaceDistanceOrderedTransfer: initializing
TonalLinearizer: initializing
VectorLayerHalftoner: initializing
SlaveReporter: initializing
FileParserPJ:  runs 14:45:54

FileParserPJ: loading OBJ file

244921 vertices
489840 faces

FileParserPJ: 245383 texture coordinates

FileParserPJ: 245383 vertices after duplication

FileParserPJ: //filer-igd2.igd.fraunhofer.de/igd-3dt/shared/3DModels/Head/HeadMTL/Head_Level3.obj parsed: 245383 vertices and 489840 faces

FileParserPJ: loading jpg file

FileParserPJ: loading OBJ file

9992 vertices
18312 faces

FileParserPJ: 9437 texture coordinates

FileParserPJ: //filer-igd2.igd.fraunhofer.de/igd-3dt/shared/3DModels/Dame/Dame.obj parsed: 9992 vertices and 18312 faces

FileParserPJ: loading jpg file

FileParserPJ: Input files parsed

PrintJobOrganizer:  runs 14:45:58

centering objects at origin
optimizing rotation for height
scaling objects
optimizing rotation for support use
PrintJobOrganizer: support cost         = 25.4851
support cost flipped = 22.9001

PrintJobOrganizer: support cost         = 10.7798
support cost flipped = 10.8551

arranging objects in 2D
validating object placement
PrintJobOrganizer: print object 1 print-space bounding box: (0.00211667, 0.00423333, 0.00135106), (8.00212, 5.12195, 4.19435)
PrintJobOrganizer: print object 2 print-space bounding box: (0.00211667, 5.32195, 0.00135106), (8.00212, 8.58807, 3.26645)
saving transforms to file
PrintJobPreprocessor:  runs 14:45:59

PrintJobPreprocessor: flatten
PrintJobPreprocessor: prioritize
PrintJobPreprocessor: segment-hierarchy
PrintJobPreprocessor: boundingBox
PrintJobPreprocessor: uniformAppearanceTextures
PrintJobVoxelizer:  runs 14:46:0

PrintJobVoxelizer: 
number of slices to print: 777 (4.19435 cm)
width of slices to print:  946 (8.00212 cm)
height of slices to print: 508 (8.58807 cm)
chunk size:                50 (0.270213 cm)

PrintJobVoxelizer: setting up slices
PrintJobVoxelizer: rasterizing objects
PrintJobVoxelizer: creating rasterizer
PrintJobVoxelizer: rasterizing object 1
PrintJobVoxelizer: rasterizing object 2
Rasterizer::rasterize:
	2 trials
	total = 0.497051 s
	mean  = 0.248525 s
	var   = 0.00884623 s^2, std = 0.0940544 s
	min   = 0.182019 s
	max   = 0.315032 s


PrintJobVoxelizer: voxelizing objects
Object 1 ROI: [0 0 0] --> [946 303 50]
GWNSampleFloodVoxelizer: number of samples: 125
GWNSampleFloodVoxelizer: samples evaluated
GWNSampleFloodVoxelizer: adaptive threshold = 0.498039
GWNSampleFloodVoxelizer: flooding complete
Voxelization: solid angle evaluations per voxel: 0.12458

Object 2 ROI: [0 314 0] --> [946 508 50]
GWNSampleFloodVoxelizer: number of samples: 123
GWNSampleFloodVoxelizer: samples evaluated
GWNSampleFloodVoxelizer: adaptive threshold = 0.498039
GWNSampleFloodVoxelizer: flooding complete
Voxelization: solid angle evaluations per voxel: 0.218318

GWNSampleFloodVoxelizer::voxelize:
	2 trials
	total = 3.17532 s
	mean  = 1.58766 s
	var   = 0.00252093 s^2, std = 0.0502088 s
	min   = 1.55216 s
	max   = 1.62316 s

GWNSampleFloodVoxelizer::initIndicator:
	2 trials
	total = 0.276027 s
	mean  = 0.138014 s
	var   = 2.002e-006 s^2, std = 0.00141492 s
	min   = 0.137013 s
	max   = 0.139014 s

GWNSampleFloodVoxelizer::selectSamples:
	2 trials
	total = 0.211021 s
	mean  = 0.105511 s
	var   = 0.000480593 s^2, std = 0.0219224 s
	min   = 0.090009 s
	max   = 0.121012 s

GWNSampleFloodVoxelizer::evaluateSamples:
	2 trials
	total = 0.09901 s
	mean  = 0.049505 s
	var   = 0.000544566 s^2, std = 0.0233359 s
	min   = 0.033004 s
	max   = 0.066006 s

GWNSampleFloodVoxelizer::flood:
	2 trials
	total = 2.52125 s
	mean  = 1.26063 s
	var   = 0.00938628 s^2, std = 0.0968828 s
	min   = 1.19212 s
	max   = 1.32913 s


PrintJobVoxelizer: finalizing surfaces
PrintJobVoxelizer: 49546 surface voxels
PrintJobVoxelizer: getting output subset
PrintJobVoxelizer: updating slice indices
TonalValueCalculator:  runs 14:46:4
slices [0, 49):
	channel 0: occupancy (dense)
	channel 1: opticalFeature (sparse)

SurfaceDistanceOrderedTransfer:  runs 14:46:4
slices [0, 49):
	channel 0: occupancy (dense)
	channel 1: surfaceDist (dense)

SurfaceDistanceOrderedTransfer: 0 0 23
LayerExtractor:  runs 14:46:4
slices [0, 23):
	channel 0: occupancy (dense)
	channel 1: surfaceDist (dense)
	channel 2: layer_000 (sparse)
	channel 3: layer_001 (sparse)
	channel 4: layer_002 (sparse)
	channel 5: layer_003 (sparse)
	channel 6: layer_004 (sparse)
	channel 7: layer_005 (sparse)
	channel 8: layer_006 (sparse)
	channel 9: layer_007 (sparse)

TonalLinearizer:  runs 14:46:5
slices [0, 22):
	channel 0: occupancy (dense)
	channel 1: surfaceDist (dense)
	channel 2: layer_000 (sparse)
	channel 3: layer_001 (sparse)
	channel 4: layer_002 (sparse)
	channel 5: layer_003 (sparse)
	channel 6: layer_004 (sparse)
	channel 7: layer_005 (sparse)
	channel 8: layer_006 (sparse)
	channel 9: layer_007 (sparse)

VectorLayerHalftoner: VectorLayerHalftoner error: no tonal values available

VectorLayerHalftoner:  runs 14:46:5
slices [0, 22):
	channel 0: occupancy (dense)
	channel 1: surfaceDist (dense)
	channel 2: layer_000 (sparse)
	channel 3: layer_001 (sparse)
	channel 4: layer_002 (sparse)
	channel 5: layer_003 (sparse)
	channel 6: layer_004 (sparse)
	channel 7: layer_005 (sparse)
	channel 8: layer_006 (sparse)
	channel 9: layer_007 (sparse)
	channel 10: intermedTonal_0 (sparse)
	channel 11: intermedTonal_1 (sparse)
	channel 12: intermedTonal_2 (sparse)
	channel 13: intermedTonal_3 (sparse)
	channel 14: intermedTonal_4 (sparse)
	channel 15: intermedTonal_5 (sparse)
	channel 16: intermedTonal_6 (sparse)
	channel 17: intermedTonal_7 (sparse)
	channel 18: quantizedTonal (sparse)

SlaveReporter:  runs 14:46:5
slices [0, 10):
	channel 0: material (dense)
	channel 1: occupancy (dense)

PrintJobVoxelizer:  runs 14:46:5

PrintJobVoxelizer: setting up slices
PrintJobVoxelizer: rasterizing objects
PrintJobVoxelizer: creating rasterizer
PrintJobVoxelizer: rasterizing object 1
PrintJobVoxelizer: rasterizing object 2
Rasterizer::rasterize:
	4 trials
	total = 1.37414 s
	mean  = 0.343535 s
	var   = 0.0479951 s^2, std = 0.219078 s
	min   = 0.182019 s
	max   = 0.661066 s


PrintJobVoxelizer: voxelizing objects
Object 1 ROI: [0 0 0] --> [946 303 50]
GWNSampleFloodVoxelizer: number of samples: 260
GWNSampleFloodVoxelizer: samples evaluated
GWNSampleFloodVoxelizer: adaptive threshold = 0.498039
GWNSampleFloodVoxelizer: flooding complete
Voxelization: solid angle evaluations per voxel: 0.535032

Object 2 ROI: [0 314 0] --> [946 508 50]
GWNSampleFloodVoxelizer: number of samples: 109
GWNSampleFloodVoxelizer: samples evaluated
GWNSampleFloodVoxelizer: adaptive threshold = 0.498039
GWNSampleFloodVoxelizer: flooding complete
Voxelization: solid angle evaluations per voxel: 0.618101

GWNSampleFloodVoxelizer::voxelize:
	4 trials
	total = 6.85769 s
	mean  = 1.71442 s
	var   = 0.032684 s^2, std = 0.180787 s
	min   = 1.55216 s
	max   = 1.9662 s

GWNSampleFloodVoxelizer::initIndicator:
	4 trials
	total = 0.552054 s
	mean  = 0.138014 s
	var   = 6.66933e-006 s^2, std = 0.00258251 s
	min   = 0.135013 s
	max   = 0.141014 s

GWNSampleFloodVoxelizer::selectSamples:
	4 trials
	total = 0.420043 s
	mean  = 0.105011 s
	var   = 0.000234045 s^2, std = 0.0152985 s
	min   = 0.090009 s
	max   = 0.121012 s

GWNSampleFloodVoxelizer::evaluateSamples:
	4 trials
	total = 0.370037 s
	mean  = 0.0925093 s
	var   = 0.010069 s^2, std = 0.100344 s
	min   = 0.030003 s
	max   = 0.241024 s

GWNSampleFloodVoxelizer::flood:
	4 trials
	total = 5.38254 s
	mean  = 1.34563 s
	var   = 0.0526253 s^2, std = 0.229402 s
	min   = 1.18612 s
	max   = 1.67517 s


PrintJobVoxelizer: finalizing surfaces
PrintJobVoxelizer: 197063 surface voxels
PrintJobVoxelizer: getting output subset
PrintJobVoxelizer: updating slice indices
TonalValueCalculator:  runs 14:46:10
slices [49, 99):
	channel 0: occupancy (dense)
	channel 1: opticalFeature (sparse)

SurfaceDistanceOrderedTransfer:  runs 14:46:10
slices [23, 99):
	channel 0: occupancy (dense)
	channel 1: surfaceDist (dense)

SurfaceDistanceOrderedTransfer: 23 49 73
LayerExtractor:  runs 14:46:12
slices [21, 73):
	channel 0: occupancy (dense)
	channel 1: surfaceDist (dense)
	channel 2: layer_000 (sparse)
	channel 3: layer_001 (sparse)
	channel 4: layer_002 (sparse)
	channel 5: layer_003 (sparse)
	channel 6: layer_004 (sparse)
	channel 7: layer_005 (sparse)
	channel 8: layer_006 (sparse)
	channel 9: layer_007 (sparse)

TonalLinearizer:  runs 14:46:12
slices [22, 72):
	channel 0: occupancy (dense)
	channel 1: surfaceDist (dense)
	channel 2: layer_000 (sparse)
	channel 3: layer_001 (sparse)
	channel 4: layer_002 (sparse)
	channel 5: layer_003 (sparse)
	channel 6: layer_004 (sparse)
	channel 7: layer_005 (sparse)
	channel 8: layer_006 (sparse)
	channel 9: layer_007 (sparse)

VectorLayerHalftoner: VectorLayerHalftoner error: no tonal values available

VectorLayerHalftoner:  runs 14:46:12
slices [10, 72):
	channel 0: occupancy (dense)
	channel 1: surfaceDist (dense)
	channel 2: layer_000 (sparse)
	channel 3: layer_001 (sparse)
	channel 4: layer_002 (sparse)
	channel 5: layer_003 (sparse)
	channel 6: layer_004 (sparse)
	channel 7: layer_005 (sparse)
	channel 8: layer_006 (sparse)
	channel 9: layer_007 (sparse)
	channel 10: intermedTonal_0 (sparse)
	channel 11: intermedTonal_1 (sparse)
	channel 12: intermedTonal_2 (sparse)
	channel 13: intermedTonal_3 (sparse)
	channel 14: intermedTonal_4 (sparse)
	channel 15: intermedTonal_5 (sparse)
	channel 16: intermedTonal_6 (sparse)
	channel 17: intermedTonal_7 (sparse)
	channel 18: quantizedTonal (sparse)
	channel 19: errorDiffInfo2 (sparse)
	channel 20: distanceToEmpty (sparse)
	channel 21: errorDiffInfo3 (sparse)
	channel 22: errorDiffInfo4 (sparse)
	channel 23: errorDiffInfo5 (sparse)
	channel 24: errorDiffInfo6 (sparse)
	channel 25: errorDiffInfo7 (sparse)
	channel 26: errorDiffInfo8 (sparse)
	channel 27: errorDiffInfo9 (sparse)

SlaveReporter:  runs 14:46:15
slices [10, 60):
	channel 0: material (dense)
	channel 1: occupancy (dense)

PrintJobVoxelizer:  runs 14:46:15

PrintJobVoxelizer: setting up slices
PrintJobVoxelizer: rasterizing objects
PrintJobVoxelizer: creating rasterizer
PrintJobVoxelizer: rasterizing object 1
PrintJobVoxelizer: rasterizing object 2
Rasterizer::rasterize:
	6 trials
	total = 2.54826 s
	mean  = 0.424709 s
	var   = 0.0835568 s^2, std = 0.289062 s
	min   = 0.182019 s
	max   = 0.89909 s


PrintJobVoxelizer: voxelizing objects
Object 1 ROI: [0 0 0] --> [946 303 50]
GWNSampleFloodVoxelizer: number of samples: 387
GWNSampleFloodVoxelizer: samples evaluated
GWNSampleFloodVoxelizer: adaptive threshold = 0.498039
GWNSampleFloodVoxelizer: flooding complete
Voxelization: solid angle evaluations per voxel: 0.860233

Object 2 ROI: [0 314 0] --> [946 508 50]
GWNSampleFloodVoxelizer: number of samples: 146
GWNSampleFloodVoxelizer: samples evaluated
GWNSampleFloodVoxelizer: adaptive threshold = 0.498039
GWNSampleFloodVoxelizer: flooding complete
Voxelization: solid angle evaluations per voxel: 0.9715

GWNSampleFloodVoxelizer::voxelize:
	6 trials
	total = 10.14 s
	mean  = 1.69 s
	var   = 0.0416573 s^2, std = 0.204101 s
	min   = 1.41414 s
	max   = 1.9662 s

GWNSampleFloodVoxelizer::initIndicator:
	6 trials
	total = 0.81708 s
	mean  = 0.13618 s
	var   = 3.45757e-005 s^2, std = 0.00588011 s
	min   = 0.125012 s
	max   = 0.141014 s

GWNSampleFloodVoxelizer::selectSamples:
	6 trials
	total = 0.622063 s
	mean  = 0.103677 s
	var   = 0.000223106 s^2, std = 0.0149367 s
	min   = 0.087009 s
	max   = 0.121012 s

GWNSampleFloodVoxelizer::evaluateSamples:
	6 trials
	total = 0.778078 s
	mean  = 0.12968 s
	var   = 0.0201179 s^2, std = 0.141838 s
	min   = 0.030003 s
	max   = 0.368037 s

GWNSampleFloodVoxelizer::flood:
	6 trials
	total = 7.72477 s
	mean  = 1.28746 s
	var   = 0.0403694 s^2, std = 0.200921 s
	min   = 1.13011 s
	max   = 1.67517 s


PrintJobVoxelizer: finalizing surfaces
PrintJobVoxelizer: 410834 surface voxels
PrintJobVoxelizer: getting output subset
PrintJobVoxelizer: updating slice indices
TonalValueCalculator:  runs 14:46:19
slices [99, 149):
	channel 0: occupancy (dense)
	channel 1: opticalFeature (sparse)

SurfaceDistanceOrderedTransfer:  runs 14:46:20
slices [73, 149):
	channel 0: occupancy (dense)
	channel 1: surfaceDist (dense)

SurfaceDistanceOrderedTransfer: 73 99 123
LayerExtractor:  runs 14:46:21
slices [71, 123):
	channel 0: occupancy (dense)
	channel 1: surfaceDist (dense)
	channel 2: layer_000 (sparse)
	channel 3: layer_001 (sparse)
	channel 4: layer_002 (sparse)
	channel 5: layer_003 (sparse)
	channel 6: layer_004 (sparse)
	channel 7: layer_005 (sparse)
	channel 8: layer_006 (sparse)
	channel 9: layer_007 (sparse)

TonalLinearizer:  runs 14:46:22
slices [72, 122):
	channel 0: occupancy (dense)
	channel 1: surfaceDist (dense)
	channel 2: layer_000 (sparse)
	channel 3: layer_001 (sparse)
	channel 4: layer_002 (sparse)
	channel 5: layer_003 (sparse)
	channel 6: layer_004 (sparse)
	channel 7: layer_005 (sparse)
	channel 8: layer_006 (sparse)
	channel 9: layer_007 (sparse)

VectorLayerHalftoner: VectorLayerHalftoner error: no tonal values available

VectorLayerHalftoner:  runs 14:46:22
slices [60, 122):
	channel 0: occupancy (dense)
	channel 1: surfaceDist (dense)
	channel 2: layer_000 (sparse)
	channel 3: layer_001 (sparse)
	channel 4: layer_002 (sparse)
	channel 5: layer_003 (sparse)
	channel 6: layer_004 (sparse)
	channel 7: layer_005 (sparse)
	channel 8: layer_006 (sparse)
	channel 9: layer_007 (sparse)
	channel 10: intermedTonal_0 (sparse)
	channel 11: intermedTonal_1 (sparse)
	channel 12: intermedTonal_2 (sparse)
	channel 13: intermedTonal_3 (sparse)
	channel 14: intermedTonal_4 (sparse)
	channel 15: intermedTonal_5 (sparse)
	channel 16: intermedTonal_6 (sparse)
	channel 17: intermedTonal_7 (sparse)
	channel 18: quantizedTonal (sparse)
	channel 19: errorDiffInfo2 (sparse)
	channel 20: distanceToEmpty (sparse)
	channel 21: errorDiffInfo3 (sparse)
	channel 22: errorDiffInfo4 (sparse)
	channel 23: errorDiffInfo5 (sparse)
	channel 24: errorDiffInfo6 (sparse)
	channel 25: errorDiffInfo7 (sparse)
	channel 26: errorDiffInfo8 (sparse)
	channel 27: errorDiffInfo9 (sparse)

SlaveReporter:  runs 14:46:26
slices [60, 110):
	channel 0: material (dense)
	channel 1: occupancy (dense)

PrintJobVoxelizer:  runs 14:46:26

PrintJobVoxelizer: setting up slices
PrintJobVoxelizer: rasterizing objects
PrintJobVoxelizer: creating rasterizer
PrintJobVoxelizer: rasterizing object 1
PrintJobVoxelizer: rasterizing object 2
Rasterizer::rasterize:
	8 trials
	total = 3.68837 s
	mean  = 0.461046 s
	var   = 0.0775433 s^2, std = 0.278466 s
	min   = 0.182019 s
	max   = 0.89909 s


PrintJobVoxelizer: voxelizing objects
Object 1 ROI: [0 0 0] --> [946 303 50]
GWNSampleFloodVoxelizer: number of samples: 252
GWNSampleFloodVoxelizer: samples evaluated
GWNSampleFloodVoxelizer: adaptive threshold = 0.498039
GWNSampleFloodVoxelizer: flooding complete
Voxelization: solid angle evaluations per voxel: 0.525832

Object 2 ROI: [0 314 0] --> [946 508 50]
GWNSampleFloodVoxelizer: number of samples: 205
GWNSampleFloodVoxelizer: samples evaluated
GWNSampleFloodVoxelizer: adaptive threshold = 0.498039
GWNSampleFloodVoxelizer: flooding complete
Voxelization: solid angle evaluations per voxel: 0.682062

GWNSampleFloodVoxelizer::voxelize:
	8 trials
	total = 13.1363 s
	mean  = 1.64204 s
	var   = 0.0531567 s^2, std = 0.230557 s
	min   = 1.26513 s
	max   = 1.9662 s

GWNSampleFloodVoxelizer::initIndicator:
	8 trials
	total = 1.07311 s
	mean  = 0.134138 s
	var   = 8.72829e-005 s^2, std = 0.00934253 s
	min   = 0.115012 s
	max   = 0.141014 s

GWNSampleFloodVoxelizer::selectSamples:
	8 trials
	total = 0.830084 s
	mean  = 0.103761 s
	var   = 0.000215397 s^2, std = 0.0146764 s
	min   = 0.087009 s
	max   = 0.121012 s

GWNSampleFloodVoxelizer::evaluateSamples:
	8 trials
	total = 1.06211 s
	mean  = 0.132763 s
	var   = 0.0165161 s^2, std = 0.128515 s
	min   = 0.030003 s
	max   = 0.368037 s

GWNSampleFloodVoxelizer::flood:
	8 trials
	total = 9.90699 s
	mean  = 1.23837 s
	var   = 0.0410089 s^2, std = 0.202506 s
	min   = 0.974098 s
	max   = 1.67517 s


PrintJobVoxelizer: finalizing surfaces
PrintJobVoxelizer: 665873 surface voxels
PrintJobVoxelizer: getting output subset
PrintJobVoxelizer: updating slice indices
TonalValueCalculator:  runs 14:46:31
slices [149, 199):
	channel 0: occupancy (dense)
	channel 1: opticalFeature (sparse)

SurfaceDistanceOrderedTransfer:  runs 14:46:31
slices [123, 199):
	channel 0: occupancy (dense)
	channel 1: surfaceDist (dense)

SurfaceDistanceOrderedTransfer: 123 149 173
LayerExtractor:  runs 14:46:33
slices [121, 173):
	channel 0: occupancy (dense)
	channel 1: surfaceDist (dense)
	channel 2: layer_000 (sparse)
	channel 3: layer_001 (sparse)
	channel 4: layer_002 (sparse)
	channel 5: layer_003 (sparse)
	channel 6: layer_004 (sparse)
	channel 7: layer_005 (sparse)
	channel 8: layer_006 (sparse)
	channel 9: layer_007 (sparse)

TonalLinearizer:  runs 14:46:33
slices [122, 172):
	channel 0: occupancy (dense)
	channel 1: surfaceDist (dense)
	channel 2: layer_000 (sparse)
	channel 3: layer_001 (sparse)
	channel 4: layer_002 (sparse)
	channel 5: layer_003 (sparse)
	channel 6: layer_004 (sparse)
	channel 7: layer_005 (sparse)
	channel 8: layer_006 (sparse)
	channel 9: layer_007 (sparse)

VectorLayerHalftoner: VectorLayerHalftoner error: no tonal values available

VectorLayerHalftoner:  runs 14:46:34
slices [110, 172):
	channel 0: occupancy (dense)
	channel 1: surfaceDist (dense)
	channel 2: layer_000 (sparse)
	channel 3: layer_001 (sparse)
	channel 4: layer_002 (sparse)
	channel 5: layer_003 (sparse)
	channel 6: layer_004 (sparse)
	channel 7: layer_005 (sparse)
	channel 8: layer_006 (sparse)
	channel 9: layer_007 (sparse)
	channel 10: intermedTonal_0 (sparse)
	channel 11: intermedTonal_1 (sparse)
	channel 12: intermedTonal_2 (sparse)
	channel 13: intermedTonal_3 (sparse)
	channel 14: intermedTonal_4 (sparse)
	channel 15: intermedTonal_5 (sparse)
	channel 16: intermedTonal_6 (sparse)
	channel 17: intermedTonal_7 (sparse)
	channel 18: quantizedTonal (sparse)
	channel 19: errorDiffInfo2 (sparse)
	channel 20: distanceToEmpty (sparse)
	channel 21: errorDiffInfo3 (sparse)
	channel 22: errorDiffInfo4 (sparse)
	channel 23: errorDiffInfo5 (sparse)
	channel 24: errorDiffInfo6 (sparse)
	channel 25: errorDiffInfo7 (sparse)
	channel 26: errorDiffInfo8 (sparse)
	channel 27: errorDiffInfo9 (sparse)

SlaveReporter:  runs 14:46:40
slices [110, 160):
	channel 0: material (dense)
	channel 1: occupancy (dense)

PrintJobVoxelizer:  runs 14:46:40

PrintJobVoxelizer: setting up slices
PrintJobVoxelizer: rasterizing objects
PrintJobVoxelizer: creating rasterizer
PrintJobVoxelizer: rasterizing object 1
PrintJobVoxelizer: rasterizing object 2
Rasterizer::rasterize:
	10 trials
	total = 4.85449 s
	mean  = 0.485449 s
	var   = 0.0695336 s^2, std = 0.263692 s
	min   = 0.182019 s
	max   = 0.89909 s


PrintJobVoxelizer: voxelizing objects
Object 1 ROI: [0 0 0] --> [946 303 50]
GWNSampleFloodVoxelizer: number of samples: 247
GWNSampleFloodVoxelizer: samples evaluated
GWNSampleFloodVoxelizer: adaptive threshold = 0.498039
GWNSampleFloodVoxelizer: flooding complete
Voxelization: solid angle evaluations per voxel: 0.458462

Object 2 ROI: [0 314 0] --> [946 508 50]
GWNSampleFloodVoxelizer: number of samples: 249
GWNSampleFloodVoxelizer: samples evaluated
GWNSampleFloodVoxelizer: adaptive threshold = 0.498039
GWNSampleFloodVoxelizer: flooding complete
Voxelization: solid angle evaluations per voxel: 0.648225

GWNSampleFloodVoxelizer::voxelize:
	10 trials
	total = 15.9926 s
	mean  = 1.59926 s
	var   = 0.0708375 s^2, std = 0.266153 s
	min   = 1.11811 s
	max   = 1.9662 s

GWNSampleFloodVoxelizer::initIndicator:
	10 trials
	total = 1.32113 s
	mean  = 0.132113 s
	var   = 0.000143014 s^2, std = 0.0119588 s
	min   = 0.108011 s
	max   = 0.141014 s

GWNSampleFloodVoxelizer::selectSamples:
	10 trials
	total = 1.0341 s
	mean  = 0.10341 s
	var   = 0.000205637 s^2, std = 0.0143401 s
	min   = 0.087009 s
	max   = 0.121012 s

GWNSampleFloodVoxelizer::evaluateSamples:
	10 trials
	total = 1.34914 s
	mean  = 0.134914 s
	var   = 0.0141672 s^2, std = 0.119026 s
	min   = 0.030003 s
	max   = 0.368037 s

GWNSampleFloodVoxelizer::flood:
	10 trials
	total = 11.9552 s
	mean  = 1.19552 s
	var   = 0.0490378 s^2, std = 0.221445 s
	min   = 0.823082 s
	max   = 1.67517 s


PrintJobVoxelizer: finalizing surfaces
PrintJobVoxelizer: 958793 surface voxels
PrintJobVoxelizer: getting output subset
PrintJobVoxelizer: updating slice indices
TonalValueCalculator:  runs 14:46:44
slices [199, 249):
	channel 0: occupancy (dense)
	channel 1: opticalFeature (sparse)

SurfaceDistanceOrderedTransfer:  runs 14:46:44
slices [173, 249):
	channel 0: occupancy (dense)
	channel 1: surfaceDist (dense)

SurfaceDistanceOrderedTransfer: 173 199 223
LayerExtractor:  runs 14:46:46
slices [171, 223):
	channel 0: occupancy (dense)
	channel 1: surfaceDist (dense)
	channel 2: layer_000 (sparse)
	channel 3: layer_001 (sparse)
	channel 4: layer_002 (sparse)
	channel 5: layer_003 (sparse)
	channel 6: layer_004 (sparse)
	channel 7: layer_005 (sparse)
	channel 8: layer_006 (sparse)
	channel 9: layer_007 (sparse)

TonalLinearizer:  runs 14:46:47
slices [172, 222):
	channel 0: occupancy (dense)
	channel 1: surfaceDist (dense)
	channel 2: layer_000 (sparse)
	channel 3: layer_001 (sparse)
	channel 4: layer_002 (sparse)
	channel 5: layer_003 (sparse)
	channel 6: layer_004 (sparse)
	channel 7: layer_005 (sparse)
	channel 8: layer_006 (sparse)
	channel 9: layer_007 (sparse)

VectorLayerHalftoner: VectorLayerHalftoner error: no tonal values available

VectorLayerHalftoner:  runs 14:46:47
slices [160, 222):
	channel 0: occupancy (dense)
	channel 1: surfaceDist (dense)
	channel 2: layer_000 (sparse)
	channel 3: layer_001 (sparse)
	channel 4: layer_002 (sparse)
	channel 5: layer_003 (sparse)
	channel 6: layer_004 (sparse)
	channel 7: layer_005 (sparse)
	channel 8: layer_006 (sparse)
	channel 9: layer_007 (sparse)
	channel 10: intermedTonal_0 (sparse)
	channel 11: intermedTonal_1 (sparse)
	channel 12: intermedTonal_2 (sparse)
	channel 13: intermedTonal_3 (sparse)
	channel 14: intermedTonal_4 (sparse)
	channel 15: intermedTonal_5 (sparse)
	channel 16: intermedTonal_6 (sparse)
	channel 17: intermedTonal_7 (sparse)
	channel 18: quantizedTonal (sparse)
	channel 19: errorDiffInfo2 (sparse)
	channel 20: distanceToEmpty (sparse)
	channel 21: errorDiffInfo3 (sparse)
	channel 22: errorDiffInfo4 (sparse)
	channel 23: errorDiffInfo5 (sparse)
	channel 24: errorDiffInfo6 (sparse)
	channel 25: errorDiffInfo7 (sparse)
	channel 26: errorDiffInfo8 (sparse)
	channel 27: errorDiffInfo9 (sparse)

SlaveReporter:  runs 14:46:55
slices [160, 210):
	channel 0: material (dense)
	channel 1: occupancy (dense)

PrintJobVoxelizer:  runs 14:46:55

PrintJobVoxelizer: setting up slices
PrintJobVoxelizer: rasterizing objects
PrintJobVoxelizer: creating rasterizer
PrintJobVoxelizer: rasterizing object 1
PrintJobVoxelizer: rasterizing object 2
Rasterizer::rasterize:
	12 trials
	total = 5.9486 s
	mean  = 0.495716 s
	var   = 0.0616677 s^2, std = 0.24833 s
	min   = 0.182019 s
	max   = 0.89909 s


PrintJobVoxelizer: voxelizing objects
Object 1 ROI: [0 0 0] --> [946 303 50]
GWNSampleFloodVoxelizer: number of samples: 215
GWNSampleFloodVoxelizer: samples evaluated
GWNSampleFloodVoxelizer: adaptive threshold = 0.498039
GWNSampleFloodVoxelizer: flooding complete
Voxelization: solid angle evaluations per voxel: 0.360033

Object 2 ROI: [0 314 0] --> [946 508 50]
GWNSampleFloodVoxelizer: number of samples: 174
GWNSampleFloodVoxelizer: samples evaluated
GWNSampleFloodVoxelizer: adaptive threshold = 0.498039
GWNSampleFloodVoxelizer: flooding complete
Voxelization: solid angle evaluations per voxel: 0.492638

GWNSampleFloodVoxelizer::voxelize:
	12 trials
	total = 19.0139 s
	mean  = 1.58449 s
	var   = 0.0763431 s^2, std = 0.276303 s
	min   = 1.11811 s
	max   = 1.9662 s

GWNSampleFloodVoxelizer::initIndicator:
	12 trials
	total = 1.60016 s
	mean  = 0.133347 s
	var   = 0.000194461 s^2, std = 0.0139449 s
	min   = 0.108011 s
	max   = 0.159016 s

GWNSampleFloodVoxelizer::selectSamples:
	12 trials
	total = 1.25813 s
	mean  = 0.104844 s
	var   = 0.000182365 s^2, std = 0.0135043 s
	min   = 0.087009 s
	max   = 0.121012 s

GWNSampleFloodVoxelizer::evaluateSamples:
	12 trials
	total = 1.58516 s
	mean  = 0.132097 s
	var   = 0.0125513 s^2, std = 0.112033 s
	min   = 0.030003 s
	max   = 0.368037 s

GWNSampleFloodVoxelizer::flood:
	12 trials
	total = 14.1544 s
	mean  = 1.17953 s
	var   = 0.0497274 s^2, std = 0.222997 s
	min   = 0.823082 s
	max   = 1.67517 s


PrintJobVoxelizer: finalizing surfaces
PrintJobVoxelizer: 1236128 surface voxels
PrintJobVoxelizer: getting output subset
PrintJobVoxelizer: updating slice indices
TonalValueCalculator:  runs 14:46:59
slices [249, 299):
	channel 0: occupancy (dense)
	channel 1: opticalFeature (sparse)

SurfaceDistanceOrderedTransfer:  runs 14:46:59
slices [223, 299):
	channel 0: occupancy (dense)
	channel 1: surfaceDist (dense)

SurfaceDistanceOrderedTransfer: 223 249 273
LayerExtractor:  runs 14:47:1
slices [221, 273):
	channel 0: occupancy (dense)
	channel 1: surfaceDist (dense)
	channel 2: layer_000 (sparse)
	channel 3: layer_001 (sparse)
	channel 4: layer_002 (sparse)
	channel 5: layer_003 (sparse)
	channel 6: layer_004 (sparse)
	channel 7: layer_005 (sparse)
	channel 8: layer_006 (sparse)
	channel 9: layer_007 (sparse)

TonalLinearizer:  runs 14:47:2
slices [222, 272):
	channel 0: occupancy (dense)
	channel 1: surfaceDist (dense)
	channel 2: layer_000 (sparse)
	channel 3: layer_001 (sparse)
	channel 4: layer_002 (sparse)
	channel 5: layer_003 (sparse)
	channel 6: layer_004 (sparse)
	channel 7: layer_005 (sparse)
	channel 8: layer_006 (sparse)
	channel 9: layer_007 (sparse)

VectorLayerHalftoner: VectorLayerHalftoner error: no tonal values available

VectorLayerHalftoner:  runs 14:47:2
slices [210, 272):
	channel 0: occupancy (dense)
	channel 1: surfaceDist (dense)
	channel 2: layer_000 (sparse)
	channel 3: layer_001 (sparse)
	channel 4: layer_002 (sparse)
	channel 5: layer_003 (sparse)
	channel 6: layer_004 (sparse)
	channel 7: layer_005 (sparse)
	channel 8: layer_006 (sparse)
	channel 9: layer_007 (sparse)
	channel 10: intermedTonal_0 (sparse)
	channel 11: intermedTonal_1 (sparse)
	channel 12: intermedTonal_2 (sparse)
	channel 13: intermedTonal_3 (sparse)
	channel 14: intermedTonal_4 (sparse)
	channel 15: intermedTonal_5 (sparse)
	channel 16: intermedTonal_6 (sparse)
	channel 17: intermedTonal_7 (sparse)
	channel 18: quantizedTonal (sparse)
	channel 19: errorDiffInfo2 (sparse)
	channel 20: distanceToEmpty (sparse)
	channel 21: errorDiffInfo3 (sparse)
	channel 22: errorDiffInfo4 (sparse)
	channel 23: errorDiffInfo5 (sparse)
	channel 24: errorDiffInfo6 (sparse)
	channel 25: errorDiffInfo7 (sparse)
	channel 26: errorDiffInfo8 (sparse)
	channel 27: errorDiffInfo9 (sparse)

SlaveReporter:  runs 14:47:10
slices [210, 260):
	channel 0: material (dense)
	channel 1: occupancy (dense)

PrintJobVoxelizer:  runs 14:47:10

PrintJobVoxelizer: setting up slices
PrintJobVoxelizer: rasterizing objects
PrintJobVoxelizer: creating rasterizer
PrintJobVoxelizer: rasterizing object 1
PrintJobVoxelizer: rasterizing object 2
Rasterizer::rasterize:
	14 trials
	total = 7.08771 s
	mean  = 0.506265 s
	var   = 0.05548 s^2, std = 0.235542 s
	min   = 0.182019 s
	max   = 0.89909 s


PrintJobVoxelizer: voxelizing objects
Object 1 ROI: [0 0 0] --> [946 303 50]
GWNSampleFloodVoxelizer: number of samples: 212
GWNSampleFloodVoxelizer: samples evaluated
GWNSampleFloodVoxelizer: adaptive threshold = 0.498039
GWNSampleFloodVoxelizer: flooding complete
Voxelization: solid angle evaluations per voxel: 0.342256

Object 2 ROI: [0 314 0] --> [946 508 50]
GWNSampleFloodVoxelizer: number of samples: 165
GWNSampleFloodVoxelizer: samples evaluated
GWNSampleFloodVoxelizer: adaptive threshold = 0.498039
GWNSampleFloodVoxelizer: flooding complete
Voxelization: solid angle evaluations per voxel: 0.468002

GWNSampleFloodVoxelizer::voxelize:
	14 trials
	total = 21.8132 s
	mean  = 1.55808 s
	var   = 0.0835595 s^2, std = 0.289067 s
	min   = 1.09311 s
	max   = 1.9662 s

GWNSampleFloodVoxelizer::initIndicator:
	14 trials
	total = 1.84318 s
	mean  = 0.131656 s
	var   = 0.000235678 s^2, std = 0.0153518 s
	min   = 0.10301 s
	max   = 0.159016 s

GWNSampleFloodVoxelizer::selectSamples:
	14 trials
	total = 1.46415 s
	mean  = 0.104582 s
	var   = 0.000176911 s^2, std = 0.0133008 s
	min   = 0.087009 s
	max   = 0.121012 s

GWNSampleFloodVoxelizer::evaluateSamples:
	14 trials
	total = 1.80318 s
	mean  = 0.128799 s
	var   = 0.0113209 s^2, std = 0.1064 s
	min   = 0.030003 s
	max   = 0.368037 s

GWNSampleFloodVoxelizer::flood:
	14 trials
	total = 16.2196 s
	mean  = 1.15854 s
	var   = 0.0516134 s^2, std = 0.227186 s
	min   = 0.823082 s
	max   = 1.67517 s


PrintJobVoxelizer: finalizing surfaces
PrintJobVoxelizer: 1518831 surface voxels
PrintJobVoxelizer: getting output subset
PrintJobVoxelizer: updating slice indices
TonalValueCalculator:  runs 14:47:15
slices [299, 349):
	channel 0: occupancy (dense)
	channel 1: opticalFeature (sparse)

SurfaceDistanceOrderedTransfer:  runs 14:47:15
slices [273, 349):
	channel 0: occupancy (dense)
	channel 1: surfaceDist (dense)

SurfaceDistanceOrderedTransfer: 273 299 323
LayerExtractor:  runs 14:47:16
slices [271, 323):
	channel 0: occupancy (dense)
	channel 1: surfaceDist (dense)
	channel 2: layer_000 (sparse)
	channel 3: layer_001 (sparse)
	channel 4: layer_002 (sparse)
	channel 5: layer_003 (sparse)
	channel 6: layer_004 (sparse)
	channel 7: layer_005 (sparse)
	channel 8: layer_006 (sparse)
	channel 9: layer_007 (sparse)

TonalLinearizer:  runs 14:47:17
slices [272, 322):
	channel 0: occupancy (dense)
	channel 1: surfaceDist (dense)
	channel 2: layer_000 (sparse)
	channel 3: layer_001 (sparse)
	channel 4: layer_002 (sparse)
	channel 5: layer_003 (sparse)
	channel 6: layer_004 (sparse)
	channel 7: layer_005 (sparse)
	channel 8: layer_006 (sparse)
	channel 9: layer_007 (sparse)

VectorLayerHalftoner: VectorLayerHalftoner error: no tonal values available

VectorLayerHalftoner:  runs 14:47:17
slices [260, 322):
	channel 0: occupancy (dense)
	channel 1: surfaceDist (dense)
	channel 2: layer_000 (sparse)
	channel 3: layer_001 (sparse)
	channel 4: layer_002 (sparse)
	channel 5: layer_003 (sparse)
	channel 6: layer_004 (sparse)
	channel 7: layer_005 (sparse)
	channel 8: layer_006 (sparse)
	channel 9: layer_007 (sparse)
	channel 10: intermedTonal_0 (sparse)
	channel 11: intermedTonal_1 (sparse)
	channel 12: intermedTonal_2 (sparse)
	channel 13: intermedTonal_3 (sparse)
	channel 14: intermedTonal_4 (sparse)
	channel 15: intermedTonal_5 (sparse)
	channel 16: intermedTonal_6 (sparse)
	channel 17: intermedTonal_7 (sparse)
	channel 18: quantizedTonal (sparse)
	channel 19: errorDiffInfo2 (sparse)
	channel 20: distanceToEmpty (sparse)
	channel 21: errorDiffInfo3 (sparse)
	channel 22: errorDiffInfo4 (sparse)
	channel 23: errorDiffInfo5 (sparse)
	channel 24: errorDiffInfo6 (sparse)
	channel 25: errorDiffInfo7 (sparse)
	channel 26: errorDiffInfo8 (sparse)
	channel 27: errorDiffInfo9 (sparse)

SlaveReporter:  runs 14:47:26
slices [260, 310):
	channel 0: material (dense)
	channel 1: occupancy (dense)

PrintJobVoxelizer:  runs 14:47:30

PrintJobVoxelizer: setting up slices
PrintJobVoxelizer: rasterizing objects
PrintJobVoxelizer: creating rasterizer
PrintJobVoxelizer: rasterizing object 1
PrintJobVoxelizer: rasterizing object 2
Rasterizer::rasterize:
	16 trials
	total = 8.16682 s
	mean  = 0.510426 s
	var   = 0.0508821 s^2, std = 0.225571 s
	min   = 0.182019 s
	max   = 0.89909 s


PrintJobVoxelizer: voxelizing objects
Object 1 ROI: [0 0 0] --> [946 303 50]
GWNSampleFloodVoxelizer: number of samples: 184
GWNSampleFloodVoxelizer: samples evaluated
GWNSampleFloodVoxelizer: adaptive threshold = 0.498039
GWNSampleFloodVoxelizer: flooding complete
Voxelization: solid angle evaluations per voxel: 0.31465

Object 2 ROI: [0 314 0] --> [946 508 50]
GWNSampleFloodVoxelizer: number of samples: 261
GWNSampleFloodVoxelizer: samples evaluated
GWNSampleFloodVoxelizer: adaptive threshold = 0.498039
GWNSampleFloodVoxelizer: flooding complete
Voxelization: solid angle evaluations per voxel: 0.513558

GWNSampleFloodVoxelizer::voxelize:
	16 trials
	total = 24.5305 s
	mean  = 1.53315 s
	var   = 0.0904182 s^2, std = 0.300696 s
	min   = 1.0421 s
	max   = 1.9662 s

GWNSampleFloodVoxelizer::initIndicator:
	16 trials
	total = 2.08421 s
	mean  = 0.130263 s
	var   = 0.000269453 s^2, std = 0.016415 s
	min   = 0.10101 s
	max   = 0.159016 s

GWNSampleFloodVoxelizer::selectSamples:
	16 trials
	total = 1.67417 s
	mean  = 0.104635 s
	var   = 0.000187484 s^2, std = 0.0136925 s
	min   = 0.087009 s
	max   = 0.121012 s

GWNSampleFloodVoxelizer::evaluateSamples:
	16 trials
	total = 2.0042 s
	mean  = 0.125263 s
	var   = 0.0100131 s^2, std = 0.100066 s
	min   = 0.030003 s
	max   = 0.368037 s

GWNSampleFloodVoxelizer::flood:
	16 trials
	total = 18.2198 s
	mean  = 1.13874 s
	var   = 0.0559289 s^2, std = 0.236493 s
	min   = 0.751075 s
	max   = 1.67517 s


PrintJobVoxelizer: finalizing surfaces
PrintJobVoxelizer: 1804501 surface voxels
PrintJobVoxelizer: getting output subset
PrintJobVoxelizer: updating slice indices
TonalValueCalculator:  runs 14:47:34
slices [349, 399):
	channel 0: occupancy (dense)
	channel 1: opticalFeature (sparse)

SurfaceDistanceOrderedTransfer:  runs 14:47:34
slices [323, 399):
	channel 0: occupancy (dense)
	channel 1: surfaceDist (dense)

SurfaceDistanceOrderedTransfer: 323 349 373
LayerExtractor:  runs 14:47:36
slices [321, 373):
	channel 0: occupancy (dense)
	channel 1: surfaceDist (dense)
	channel 2: layer_000 (sparse)
	channel 3: layer_001 (sparse)
	channel 4: layer_002 (sparse)
	channel 5: layer_003 (sparse)
	channel 6: layer_004 (sparse)
	channel 7: layer_005 (sparse)
	channel 8: layer_006 (sparse)
	channel 9: layer_007 (sparse)

TonalLinearizer:  runs 14:47:37
slices [322, 372):
	channel 0: occupancy (dense)
	channel 1: surfaceDist (dense)
	channel 2: layer_000 (sparse)
	channel 3: layer_001 (sparse)
	channel 4: layer_002 (sparse)
	channel 5: layer_003 (sparse)
	channel 6: layer_004 (sparse)
	channel 7: layer_005 (sparse)
	channel 8: layer_006 (sparse)
	channel 9: layer_007 (sparse)

VectorLayerHalftoner: VectorLayerHalftoner error: no tonal values available

VectorLayerHalftoner:  runs 14:47:37
slices [310, 372):
	channel 0: occupancy (dense)
	channel 1: surfaceDist (dense)
	channel 2: layer_000 (sparse)
	channel 3: layer_001 (sparse)
	channel 4: layer_002 (sparse)
	channel 5: layer_003 (sparse)
	channel 6: layer_004 (sparse)
	channel 7: layer_005 (sparse)
	channel 8: layer_006 (sparse)
	channel 9: layer_007 (sparse)
	channel 10: intermedTonal_0 (sparse)
	channel 11: intermedTonal_1 (sparse)
	channel 12: intermedTonal_2 (sparse)
	channel 13: intermedTonal_3 (sparse)
	channel 14: intermedTonal_4 (sparse)
	channel 15: intermedTonal_5 (sparse)
	channel 16: intermedTonal_6 (sparse)
	channel 17: intermedTonal_7 (sparse)
	channel 18: quantizedTonal (sparse)
	channel 19: errorDiffInfo2 (sparse)
	channel 20: distanceToEmpty (sparse)
	channel 21: errorDiffInfo3 (sparse)
	channel 22: errorDiffInfo4 (sparse)
	channel 23: errorDiffInfo5 (sparse)
	channel 24: errorDiffInfo6 (sparse)
	channel 25: errorDiffInfo7 (sparse)
	channel 26: errorDiffInfo8 (sparse)
	channel 27: errorDiffInfo9 (sparse)

SlaveReporter:  runs 14:47:46
slices [310, 360):
	channel 0: material (dense)
	channel 1: occupancy (dense)

PrintJobVoxelizer:  runs 14:47:50

PrintJobVoxelizer: setting up slices
PrintJobVoxelizer: rasterizing objects
PrintJobVoxelizer: creating rasterizer
PrintJobVoxelizer: rasterizing object 1
PrintJobVoxelizer: rasterizing object 2
Rasterizer::rasterize:
	18 trials
	total = 9.24793 s
	mean  = 0.513774 s
	var   = 0.0489101 s^2, std = 0.221156 s
	min   = 0.182019 s
	max   = 0.89909 s


PrintJobVoxelizer: voxelizing objects
Object 1 ROI: [0 0 0] --> [946 303 50]
GWNSampleFloodVoxelizer: number of samples: 166
GWNSampleFloodVoxelizer: samples evaluated
GWNSampleFloodVoxelizer: adaptive threshold = 0.498039
GWNSampleFloodVoxelizer: flooding complete
Voxelization: solid angle evaluations per voxel: 0.307812

Object 2 ROI: [0 314 0] --> [946 508 50]
GWNSampleFloodVoxelizer: number of samples: 206
GWNSampleFloodVoxelizer: samples evaluated
GWNSampleFloodVoxelizer: adaptive threshold = 0.498039
GWNSampleFloodVoxelizer: flooding complete
Voxelization: solid angle evaluations per voxel: 0.464804

GWNSampleFloodVoxelizer::voxelize:
	18 trials
	total = 27.4547 s
	mean  = 1.52526 s
	var   = 0.0932782 s^2, std = 0.305415 s
	min   = 1.0421 s
	max   = 1.9662 s

GWNSampleFloodVoxelizer::initIndicator:
	18 trials
	total = 2.32823 s
	mean  = 0.129346 s
	var   = 0.000282998 s^2, std = 0.0168226 s
	min   = 0.10101 s
	max   = 0.159016 s

GWNSampleFloodVoxelizer::selectSamples:
	18 trials
	total = 1.88219 s
	mean  = 0.104566 s
	var   = 0.000199476 s^2, std = 0.0141236 s
	min   = 0.087009 s
	max   = 0.121013 s

GWNSampleFloodVoxelizer::evaluateSamples:
	18 trials
	total = 2.19022 s
	mean  = 0.121679 s
	var   = 0.00909641 s^2, std = 0.0953751 s
	min   = 0.030003 s
	max   = 0.368037 s

GWNSampleFloodVoxelizer::flood:
	18 trials
	total = 20.441 s
	mean  = 1.13561 s
	var   = 0.0572948 s^2, std = 0.239363 s
	min   = 0.751075 s
	max   = 1.67517 s


PrintJobVoxelizer: finalizing surfaces
PrintJobVoxelizer: 2060743 surface voxels
PrintJobVoxelizer: getting output subset
PrintJobVoxelizer: updating slice indices
TonalValueCalculator:  runs 14:47:54
slices [399, 449):
	channel 0: occupancy (dense)
	channel 1: opticalFeature (sparse)

SurfaceDistanceOrderedTransfer:  runs 14:47:54
slices [373, 449):
	channel 0: occupancy (dense)
	channel 1: surfaceDist (dense)

SurfaceDistanceOrderedTransfer: 373 399 423
LayerExtractor:  runs 14:47:56
slices [371, 423):
	channel 0: occupancy (dense)
	channel 1: surfaceDist (dense)
	channel 2: layer_000 (sparse)
	channel 3: layer_001 (sparse)
	channel 4: layer_002 (sparse)
	channel 5: layer_003 (sparse)
	channel 6: layer_004 (sparse)
	channel 7: layer_005 (sparse)
	channel 8: layer_006 (sparse)
	channel 9: layer_007 (sparse)

TonalLinearizer:  runs 14:47:57
slices [372, 422):
	channel 0: occupancy (dense)
	channel 1: surfaceDist (dense)
	channel 2: layer_000 (sparse)
	channel 3: layer_001 (sparse)
	channel 4: layer_002 (sparse)
	channel 5: layer_003 (sparse)
	channel 6: layer_004 (sparse)
	channel 7: layer_005 (sparse)
	channel 8: layer_006 (sparse)
	channel 9: layer_007 (sparse)

VectorLayerHalftoner: VectorLayerHalftoner error: no tonal values available

VectorLayerHalftoner:  runs 14:47:57
slices [360, 422):
	channel 0: occupancy (dense)
	channel 1: surfaceDist (dense)
	channel 2: layer_000 (sparse)
	channel 3: layer_001 (sparse)
	channel 4: layer_002 (sparse)
	channel 5: layer_003 (sparse)
	channel 6: layer_004 (sparse)
	channel 7: layer_005 (sparse)
	channel 8: layer_006 (sparse)
	channel 9: layer_007 (sparse)
	channel 10: intermedTonal_0 (sparse)
	channel 11: intermedTonal_1 (sparse)
	channel 12: intermedTonal_2 (sparse)
	channel 13: intermedTonal_3 (sparse)
	channel 14: intermedTonal_4 (sparse)
	channel 15: intermedTonal_5 (sparse)
	channel 16: intermedTonal_6 (sparse)
	channel 17: intermedTonal_7 (sparse)
	channel 18: quantizedTonal (sparse)
	channel 19: errorDiffInfo2 (sparse)
	channel 20: distanceToEmpty (sparse)
	channel 21: errorDiffInfo3 (sparse)
	channel 22: errorDiffInfo4 (sparse)
	channel 23: errorDiffInfo5 (sparse)
	channel 24: errorDiffInfo6 (sparse)
	channel 25: errorDiffInfo7 (sparse)
	channel 26: errorDiffInfo8 (sparse)
	channel 27: errorDiffInfo9 (sparse)

SlaveReporter:  runs 14:48:6
slices [360, 410):
	channel 0: material (dense)
	channel 1: occupancy (dense)

PrintJobVoxelizer:  runs 14:48:11

PrintJobVoxelizer: setting up slices
PrintJobVoxelizer: rasterizing objects
PrintJobVoxelizer: creating rasterizer
PrintJobVoxelizer: rasterizing object 1
PrintJobVoxelizer: rasterizing object 2
Rasterizer::rasterize:
	20 trials
	total = 10.163 s
	mean  = 0.508151 s
	var   = 0.0497036 s^2, std = 0.222943 s
	min   = 0.182019 s
	max   = 0.89909 s


PrintJobVoxelizer: voxelizing objects
Object 1 ROI: [0 0 0] --> [946 303 50]
GWNSampleFloodVoxelizer: number of samples: 187
GWNSampleFloodVoxelizer: samples evaluated
GWNSampleFloodVoxelizer: adaptive threshold = 0.498039
GWNSampleFloodVoxelizer: flooding complete
Voxelization: solid angle evaluations per voxel: 0.314036

Object 2 ROI: [0 314 0] --> [946 508 50]
GWNSampleFloodVoxelizer: number of samples: 165
GWNSampleFloodVoxelizer: samples evaluated
GWNSampleFloodVoxelizer: adaptive threshold = 0.498039
GWNSampleFloodVoxelizer: flooding complete
Voxelization: solid angle evaluations per voxel: 0.439782

GWNSampleFloodVoxelizer::voxelize:
	20 trials
	total = 30.382 s
	mean  = 1.5191 s
	var   = 0.0947015 s^2, std = 0.307736 s
	min   = 1.0421 s
	max   = 1.9662 s

GWNSampleFloodVoxelizer::initIndicator:
	20 trials
	total = 2.57225 s
	mean  = 0.128613 s
	var   = 0.000288733 s^2, std = 0.0169921 s
	min   = 0.10101 s
	max   = 0.159016 s

GWNSampleFloodVoxelizer::selectSamples:
	20 trials
	total = 2.08621 s
	mean  = 0.104311 s
	var   = 0.000199733 s^2, std = 0.0141327 s
	min   = 0.087009 s
	max   = 0.121013 s

GWNSampleFloodVoxelizer::evaluateSamples:
	20 trials
	total = 2.37124 s
	mean  = 0.118562 s
	var   = 0.00843942 s^2, std = 0.0918663 s
	min   = 0.030003 s
	max   = 0.368037 s

GWNSampleFloodVoxelizer::flood:
	20 trials
	total = 22.6753 s
	mean  = 1.13376 s
	var   = 0.0575131 s^2, std = 0.239819 s
	min   = 0.751075 s
	max   = 1.67517 s


PrintJobVoxelizer: finalizing surfaces
PrintJobVoxelizer: 2256488 surface voxels
PrintJobVoxelizer: getting output subset
PrintJobVoxelizer: updating slice indices
TonalValueCalculator:  runs 14:48:15
slices [449, 499):
	channel 0: occupancy (dense)
	channel 1: opticalFeature (sparse)

SurfaceDistanceOrderedTransfer:  runs 14:48:15
slices [423, 499):
	channel 0: occupancy (dense)
	channel 1: surfaceDist (dense)

SurfaceDistanceOrderedTransfer: 423 449 473
LayerExtractor:  runs 14:48:17
slices [421, 473):
	channel 0: occupancy (dense)
	channel 1: surfaceDist (dense)
	channel 2: layer_000 (sparse)
	channel 3: layer_001 (sparse)
	channel 4: layer_002 (sparse)
	channel 5: layer_003 (sparse)
	channel 6: layer_004 (sparse)
	channel 7: layer_005 (sparse)
	channel 8: layer_006 (sparse)
	channel 9: layer_007 (sparse)

TonalLinearizer:  runs 14:48:18
slices [422, 472):
	channel 0: occupancy (dense)
	channel 1: surfaceDist (dense)
	channel 2: layer_000 (sparse)
	channel 3: layer_001 (sparse)
	channel 4: layer_002 (sparse)
	channel 5: layer_003 (sparse)
	channel 6: layer_004 (sparse)
	channel 7: layer_005 (sparse)
	channel 8: layer_006 (sparse)
	channel 9: layer_007 (sparse)

VectorLayerHalftoner: VectorLayerHalftoner error: no tonal values available

VectorLayerHalftoner:  runs 14:48:18
slices [410, 472):
	channel 0: occupancy (dense)
	channel 1: surfaceDist (dense)
	channel 2: layer_000 (sparse)
	channel 3: layer_001 (sparse)
	channel 4: layer_002 (sparse)
	channel 5: layer_003 (sparse)
	channel 6: layer_004 (sparse)
	channel 7: layer_005 (sparse)
	channel 8: layer_006 (sparse)
	channel 9: layer_007 (sparse)
	channel 10: intermedTonal_0 (sparse)
	channel 11: intermedTonal_1 (sparse)
	channel 12: intermedTonal_2 (sparse)
	channel 13: intermedTonal_3 (sparse)
	channel 14: intermedTonal_4 (sparse)
	channel 15: intermedTonal_5 (sparse)
	channel 16: intermedTonal_6 (sparse)
	channel 17: intermedTonal_7 (sparse)
	channel 18: quantizedTonal (sparse)
	channel 19: errorDiffInfo2 (sparse)
	channel 20: distanceToEmpty (sparse)
	channel 21: errorDiffInfo3 (sparse)
	channel 22: errorDiffInfo4 (sparse)
	channel 23: errorDiffInfo5 (sparse)
	channel 24: errorDiffInfo6 (sparse)
	channel 25: errorDiffInfo7 (sparse)
	channel 26: errorDiffInfo8 (sparse)
	channel 27: errorDiffInfo9 (sparse)

SlaveReporter:  runs 14:48:24
slices [410, 460):
	channel 0: material (dense)
	channel 1: occupancy (dense)

PrintJobVoxelizer:  runs 14:48:30

PrintJobVoxelizer: setting up slices
PrintJobVoxelizer: rasterizing objects
PrintJobVoxelizer: creating rasterizer
PrintJobVoxelizer: rasterizing object 1
PrintJobVoxelizer: rasterizing object 2
Rasterizer::rasterize:
	22 trials
	total = 11.0981 s
	mean  = 0.50446 s
	var   = 0.0510424 s^2, std = 0.225926 s
	min   = 0.182019 s
	max   = 0.89909 s


PrintJobVoxelizer: voxelizing objects
Object 1 ROI: [0 0 0] --> [946 303 50]
GWNSampleFloodVoxelizer: number of samples: 221
GWNSampleFloodVoxelizer: samples evaluated
GWNSampleFloodVoxelizer: adaptive threshold = 0.498039
GWNSampleFloodVoxelizer: flooding complete
Voxelization: solid angle evaluations per voxel: 0.423557

Object 2 ROI: [0 314 0] --> [946 508 50]
GWNSampleFloodVoxelizer: number of samples: 131
GWNSampleFloodVoxelizer: samples evaluated
GWNSampleFloodVoxelizer: adaptive threshold = 0.498039
GWNSampleFloodVoxelizer: flooding complete
Voxelization: solid angle evaluations per voxel: 0.523392

GWNSampleFloodVoxelizer::voxelize:
	22 trials
	total = 33.2113 s
	mean  = 1.50961 s
	var   = 0.0967817 s^2, std = 0.311098 s
	min   = 1.0421 s
	max   = 1.9662 s

GWNSampleFloodVoxelizer::initIndicator:
	22 trials
	total = 2.81928 s
	mean  = 0.128149 s
	var   = 0.000283514 s^2, std = 0.0168379 s
	min   = 0.10101 s
	max   = 0.159016 s

GWNSampleFloodVoxelizer::selectSamples:
	22 trials
	total = 2.28923 s
	mean  = 0.104056 s
	var   = 0.000198752 s^2, std = 0.014098 s
	min   = 0.087009 s
	max   = 0.121013 s

GWNSampleFloodVoxelizer::evaluateSamples:
	22 trials
	total = 2.59626 s
	mean  = 0.118012 s
	var   = 0.00819631 s^2, std = 0.0905335 s
	min   = 0.030003 s
	max   = 0.368037 s

GWNSampleFloodVoxelizer::flood:
	22 trials
	total = 24.7645 s
	mean  = 1.12566 s
	var   = 0.0572717 s^2, std = 0.239315 s
	min   = 0.751075 s
	max   = 1.67517 s


PrintJobVoxelizer: finalizing surfaces
PrintJobVoxelizer: 2440432 surface voxels
PrintJobVoxelizer: getting output subset
PrintJobVoxelizer: updating slice indices
TonalValueCalculator:  runs 14:48:34
slices [499, 549):
	channel 0: occupancy (dense)
	channel 1: opticalFeature (sparse)

SurfaceDistanceOrderedTransfer:  runs 14:48:34
slices [473, 549):
	channel 0: occupancy (dense)
	channel 1: surfaceDist (dense)

SurfaceDistanceOrderedTransfer: 473 499 523
LayerExtractor:  runs 14:48:36
slices [471, 523):
	channel 0: occupancy (dense)
	channel 1: surfaceDist (dense)
	channel 2: layer_000 (sparse)
	channel 3: layer_001 (sparse)
	channel 4: layer_002 (sparse)
	channel 5: layer_003 (sparse)
	channel 6: layer_004 (sparse)
	channel 7: layer_005 (sparse)
	channel 8: layer_006 (sparse)
	channel 9: layer_007 (sparse)

TonalLinearizer:  runs 14:48:37
slices [472, 522):
	channel 0: occupancy (dense)
	channel 1: surfaceDist (dense)
	channel 2: layer_000 (sparse)
	channel 3: layer_001 (sparse)
	channel 4: layer_002 (sparse)
	channel 5: layer_003 (sparse)
	channel 6: layer_004 (sparse)
	channel 7: layer_005 (sparse)
	channel 8: layer_006 (sparse)
	channel 9: layer_007 (sparse)

VectorLayerHalftoner: VectorLayerHalftoner error: no tonal values available

VectorLayerHalftoner:  runs 14:48:37
slices [460, 522):
	channel 0: occupancy (dense)
	channel 1: surfaceDist (dense)
	channel 2: layer_000 (sparse)
	channel 3: layer_001 (sparse)
	channel 4: layer_002 (sparse)
	channel 5: layer_003 (sparse)
	channel 6: layer_004 (sparse)
	channel 7: layer_005 (sparse)
	channel 8: layer_006 (sparse)
	channel 9: layer_007 (sparse)
	channel 10: intermedTonal_0 (sparse)
	channel 11: intermedTonal_1 (sparse)
	channel 12: intermedTonal_2 (sparse)
	channel 13: intermedTonal_3 (sparse)
	channel 14: intermedTonal_4 (sparse)
	channel 15: intermedTonal_5 (sparse)
	channel 16: intermedTonal_6 (sparse)
	channel 17: intermedTonal_7 (sparse)
	channel 18: quantizedTonal (sparse)
	channel 19: errorDiffInfo2 (sparse)
	channel 20: distanceToEmpty (sparse)
	channel 21: errorDiffInfo3 (sparse)
	channel 22: errorDiffInfo4 (sparse)
	channel 23: errorDiffInfo5 (sparse)
	channel 24: errorDiffInfo6 (sparse)
	channel 25: errorDiffInfo7 (sparse)
	channel 26: errorDiffInfo8 (sparse)
	channel 27: errorDiffInfo9 (sparse)

SlaveReporter:  runs 14:48:42
slices [460, 510):
	channel 0: material (dense)
	channel 1: occupancy (dense)

PrintJobVoxelizer:  runs 14:48:51

PrintJobVoxelizer: setting up slices
PrintJobVoxelizer: rasterizing objects
PrintJobVoxelizer: creating rasterizer
PrintJobVoxelizer: rasterizing object 1
PrintJobVoxelizer: rasterizing object 2
Rasterizer::rasterize:
	24 trials
	total = 12.0542 s
	mean  = 0.502259 s
	var   = 0.0529531 s^2, std = 0.230115 s
	min   = 0.182019 s
	max   = 0.89909 s


PrintJobVoxelizer: voxelizing objects
Object 1 ROI: [0 0 0] --> [946 303 50]
GWNSampleFloodVoxelizer: number of samples: 248
GWNSampleFloodVoxelizer: samples evaluated
GWNSampleFloodVoxelizer: adaptive threshold = 0.498039
GWNSampleFloodVoxelizer: flooding complete
Voxelization: solid angle evaluations per voxel: 0.481218

Object 2 ROI: [0 314 0] --> [946 508 50]
GWNSampleFloodVoxelizer: number of samples: 129
GWNSampleFloodVoxelizer: samples evaluated
GWNSampleFloodVoxelizer: adaptive threshold = 0.498039
GWNSampleFloodVoxelizer: flooding complete
Voxelization: solid angle evaluations per voxel: 0.579529

GWNSampleFloodVoxelizer::voxelize:
	24 trials
	total = 36.3846 s
	mean  = 1.51603 s
	var   = 0.091518 s^2, std = 0.302519 s
	min   = 1.0421 s
	max   = 1.9662 s

GWNSampleFloodVoxelizer::initIndicator:
	24 trials
	total = 3.0743 s
	mean  = 0.128096 s
	var   = 0.000272483 s^2, std = 0.0165071 s
	min   = 0.10101 s
	max   = 0.159016 s

GWNSampleFloodVoxelizer::selectSamples:
	24 trials
	total = 2.49625 s
	mean  = 0.10401 s
	var   = 0.000195081 s^2, std = 0.0139672 s
	min   = 0.087009 s
	max   = 0.121013 s

GWNSampleFloodVoxelizer::evaluateSamples:
	24 trials
	total = 2.84128 s
	mean  = 0.118387 s
	var   = 0.00813597 s^2, std = 0.0901996 s
	min   = 0.030003 s
	max   = 0.368037 s

GWNSampleFloodVoxelizer::flood:
	24 trials
	total = 27.1637 s
	mean  = 1.13182 s
	var   = 0.0530674 s^2, std = 0.230364 s
	min   = 0.751075 s
	max   = 1.67517 s


PrintJobVoxelizer: finalizing surfaces
PrintJobVoxelizer: 2616512 surface voxels
PrintJobVoxelizer: getting output subset
PrintJobVoxelizer: updating slice indices
TonalValueCalculator:  runs 14:48:55
slices [549, 599):
	channel 0: occupancy (dense)
	channel 1: opticalFeature (sparse)

SurfaceDistanceOrderedTransfer:  runs 14:48:55
slices [523, 599):
	channel 0: occupancy (dense)
	channel 1: surfaceDist (dense)

SurfaceDistanceOrderedTransfer: 523 549 573
LayerExtractor:  runs 14:48:57
slices [521, 573):
	channel 0: occupancy (dense)
	channel 1: surfaceDist (dense)
	channel 2: layer_000 (sparse)
	channel 3: layer_001 (sparse)
	channel 4: layer_002 (sparse)
	channel 5: layer_003 (sparse)
	channel 6: layer_004 (sparse)
	channel 7: layer_005 (sparse)
	channel 8: layer_006 (sparse)
	channel 9: layer_007 (sparse)

TonalLinearizer:  runs 14:48:58
slices [522, 572):
	channel 0: occupancy (dense)
	channel 1: surfaceDist (dense)
	channel 2: layer_000 (sparse)
	channel 3: layer_001 (sparse)
	channel 4: layer_002 (sparse)
	channel 5: layer_003 (sparse)
	channel 6: layer_004 (sparse)
	channel 7: layer_005 (sparse)
	channel 8: layer_006 (sparse)
	channel 9: layer_007 (sparse)

VectorLayerHalftoner: VectorLayerHalftoner error: no tonal values available

VectorLayerHalftoner:  runs 14:48:58
slices [510, 572):
	channel 0: occupancy (dense)
	channel 1: surfaceDist (dense)
	channel 2: layer_000 (sparse)
	channel 3: layer_001 (sparse)
	channel 4: layer_002 (sparse)
	channel 5: layer_003 (sparse)
	channel 6: layer_004 (sparse)
	channel 7: layer_005 (sparse)
	channel 8: layer_006 (sparse)
	channel 9: layer_007 (sparse)
	channel 10: intermedTonal_0 (sparse)
	channel 11: intermedTonal_1 (sparse)
	channel 12: intermedTonal_2 (sparse)
	channel 13: intermedTonal_3 (sparse)
	channel 14: intermedTonal_4 (sparse)
	channel 15: intermedTonal_5 (sparse)
	channel 16: intermedTonal_6 (sparse)
	channel 17: intermedTonal_7 (sparse)
	channel 18: quantizedTonal (sparse)
	channel 19: errorDiffInfo2 (sparse)
	channel 20: distanceToEmpty (sparse)
	channel 21: errorDiffInfo3 (sparse)
	channel 22: errorDiffInfo4 (sparse)
	channel 23: errorDiffInfo5 (sparse)
	channel 24: errorDiffInfo6 (sparse)
	channel 25: errorDiffInfo7 (sparse)
	channel 26: errorDiffInfo8 (sparse)
	channel 27: errorDiffInfo9 (sparse)

SlaveReporter:  runs 14:49:3
slices [510, 560):
	channel 0: material (dense)
	channel 1: occupancy (dense)

PrintJobVoxelizer:  runs 14:49:10

PrintJobVoxelizer: setting up slices
PrintJobVoxelizer: rasterizing objects
PrintJobVoxelizer: creating rasterizer
PrintJobVoxelizer: rasterizing object 1
PrintJobVoxelizer: rasterizing object 2
Rasterizer::rasterize:
	26 trials
	total = 13.0163 s
	mean  = 0.500627 s
	var   = 0.0577299 s^2, std = 0.24027 s
	min   = 0.146015 s
	max   = 0.89909 s


PrintJobVoxelizer: voxelizing objects
Object 1 ROI: [0 0 0] --> [946 303 50]
GWNSampleFloodVoxelizer: number of samples: 310
GWNSampleFloodVoxelizer: samples evaluated
GWNSampleFloodVoxelizer: adaptive threshold = 0.498039
GWNSampleFloodVoxelizer: flooding complete
Voxelization: solid angle evaluations per voxel: 0.691953

Object 2 ROI: [0 314 0] --> [946 508 5]
GWNSampleFloodVoxelizer: number of samples: 38
GWNSampleFloodVoxelizer: samples evaluated
GWNSampleFloodVoxelizer: adaptive threshold = 0.498039
GWNSampleFloodVoxelizer: flooding complete
Voxelization: solid angle evaluations per voxel: 0.720913

GWNSampleFloodVoxelizer::voxelize:
	26 trials
	total = 39.4749 s
	mean  = 1.51827 s
	var   = 0.0991921 s^2, std = 0.314948 s
	min   = 1.0421 s
	max   = 1.9772 s

GWNSampleFloodVoxelizer::initIndicator:
	26 trials
	total = 3.33333 s
	mean  = 0.128205 s
	var   = 0.000256613 s^2, std = 0.0160192 s
	min   = 0.10101 s
	max   = 0.159016 s

GWNSampleFloodVoxelizer::selectSamples:
	26 trials
	total = 2.62427 s
	mean  = 0.100933 s
	var   = 0.000522412 s^2, std = 0.0228563 s
	min   = 0.011002 s
	max   = 0.121013 s

GWNSampleFloodVoxelizer::evaluateSamples:
	26 trials
	total = 3.14831 s
	mean  = 0.121089 s
	var   = 0.00920105 s^2, std = 0.0959221 s
	min   = 0.011001 s
	max   = 0.368037 s

GWNSampleFloodVoxelizer::flood:
	26 trials
	total = 29.493 s
	mean  = 1.13434 s
	var   = 0.0530064 s^2, std = 0.230231 s
	min   = 0.751075 s
	max   = 1.67517 s


PrintJobVoxelizer: finalizing surfaces
PrintJobVoxelizer: 2773129 surface voxels
PrintJobVoxelizer: getting output subset
PrintJobVoxelizer: updating slice indices
TonalValueCalculator:  runs 14:49:15
slices [599, 649):
	channel 0: occupancy (dense)
	channel 1: opticalFeature (sparse)

SurfaceDistanceOrderedTransfer:  runs 14:49:15
slices [573, 649):
	channel 0: occupancy (dense)
	channel 1: surfaceDist (dense)

SurfaceDistanceOrderedTransfer: 573 599 623
LayerExtractor:  runs 14:49:16
slices [571, 623):
	channel 0: occupancy (dense)
	channel 1: surfaceDist (dense)
	channel 2: layer_000 (sparse)
	channel 3: layer_001 (sparse)
	channel 4: layer_002 (sparse)
	channel 5: layer_003 (sparse)
	channel 6: layer_004 (sparse)
	channel 7: layer_005 (sparse)
	channel 8: layer_006 (sparse)
	channel 9: layer_007 (sparse)

TonalLinearizer:  runs 14:49:17
slices [572, 622):
	channel 0: occupancy (dense)
	channel 1: surfaceDist (dense)
	channel 2: layer_000 (sparse)
	channel 3: layer_001 (sparse)
	channel 4: layer_002 (sparse)
	channel 5: layer_003 (sparse)
	channel 6: layer_004 (sparse)
	channel 7: layer_005 (sparse)
	channel 8: layer_006 (sparse)
	channel 9: layer_007 (sparse)

VectorLayerHalftoner: VectorLayerHalftoner error: no tonal values available

VectorLayerHalftoner:  runs 14:49:17
slices [560, 622):
	channel 0: occupancy (dense)
	channel 1: surfaceDist (dense)
	channel 2: layer_000 (sparse)
	channel 3: layer_001 (sparse)
	channel 4: layer_002 (sparse)
	channel 5: layer_003 (sparse)
	channel 6: layer_004 (sparse)
	channel 7: layer_005 (sparse)
	channel 8: layer_006 (sparse)
	channel 9: layer_007 (sparse)
	channel 10: intermedTonal_0 (sparse)
	channel 11: intermedTonal_1 (sparse)
	channel 12: intermedTonal_2 (sparse)
	channel 13: intermedTonal_3 (sparse)
	channel 14: intermedTonal_4 (sparse)
	channel 15: intermedTonal_5 (sparse)
	channel 16: intermedTonal_6 (sparse)
	channel 17: intermedTonal_7 (sparse)
	channel 18: quantizedTonal (sparse)
	channel 19: errorDiffInfo2 (sparse)
	channel 20: distanceToEmpty (sparse)
	channel 21: errorDiffInfo3 (sparse)
	channel 22: errorDiffInfo4 (sparse)
	channel 23: errorDiffInfo5 (sparse)
	channel 24: errorDiffInfo6 (sparse)
	channel 25: errorDiffInfo7 (sparse)
	channel 26: errorDiffInfo8 (sparse)
	channel 27: errorDiffInfo9 (sparse)

SlaveReporter:  runs 14:49:22
slices [560, 610):
	channel 0: material (dense)
	channel 1: occupancy (dense)

PrintJobVoxelizer:  runs 14:49:30

PrintJobVoxelizer: setting up slices
PrintJobVoxelizer: rasterizing objects
PrintJobVoxelizer: creating rasterizer
PrintJobVoxelizer: rasterizing object 1
PrintJobVoxelizer: rasterizing object 2
Rasterizer::rasterize:
	28 trials
	total = 13.7904 s
	mean  = 0.492514 s
	var   = 0.0652659 s^2, std = 0.255472 s
	min   = 0.003 s
	max   = 0.89909 s


PrintJobVoxelizer: voxelizing objects
Object 1 ROI: [0 0 0] --> [946 303 50]
GWNSampleFloodVoxelizer: number of samples: 261
GWNSampleFloodVoxelizer: samples evaluated
GWNSampleFloodVoxelizer: adaptive threshold = 0.498039
GWNSampleFloodVoxelizer: flooding complete
Voxelization: solid angle evaluations per voxel: 0.53679

Object 2 ROI: [0 314 0] --> [946 508 0]
GWNSampleFloodVoxelizer: number of samples: 0
GWNSampleFloodVoxelizer: samples evaluated
GWNSampleFloodVoxelizer: adaptive threshold = 0.498039
GWNSampleFloodVoxelizer: flooding complete
Voxelization: solid angle evaluations per voxel: 0.53679

GWNSampleFloodVoxelizer::voxelize:
	28 trials
	total = 41.8462 s
	mean  = 1.49451 s
	var   = 0.176462 s^2, std = 0.420074 s
	min   = 0.166017 s
	max   = 2.20522 s

GWNSampleFloodVoxelizer::initIndicator:
	28 trials
	total = 3.60636 s
	mean  = 0.128798 s
	var   = 0.000243854 s^2, std = 0.0156158 s
	min   = 0.10101 s
	max   = 0.159016 s

GWNSampleFloodVoxelizer::selectSamples:
	28 trials
	total = 2.73928 s
	mean  = 0.0978313 s
	var   = 0.000849946 s^2, std = 0.0291538 s
	min   = 0.001 s
	max   = 0.121013 s

GWNSampleFloodVoxelizer::evaluateSamples:
	28 trials
	total = 3.38634 s
	mean  = 0.120941 s
	var   = 0.00956895 s^2, std = 0.097821 s
	min   = 0 s
	max   = 0.368037 s

GWNSampleFloodVoxelizer::flood:
	28 trials
	total = 31.1711 s
	mean  = 1.11325 s
	var   = 0.107229 s^2, std = 0.327459 s
	min   = 0 s
	max   = 1.67817 s


PrintJobVoxelizer: finalizing surfaces
PrintJobVoxelizer: 2895066 surface voxels
PrintJobVoxelizer: getting output subset
PrintJobVoxelizer: updating slice indices
TonalValueCalculator:  runs 14:49:33
slices [649, 699):
	channel 0: occupancy (dense)
	channel 1: opticalFeature (sparse)

SurfaceDistanceOrderedTransfer:  runs 14:49:33
slices [623, 699):
	channel 0: occupancy (dense)
	channel 1: surfaceDist (dense)

SurfaceDistanceOrderedTransfer: 623 649 673
LayerExtractor:  runs 14:49:35
slices [621, 673):
	channel 0: occupancy (dense)
	channel 1: surfaceDist (dense)
	channel 2: layer_000 (sparse)
	channel 3: layer_001 (sparse)
	channel 4: layer_002 (sparse)
	channel 5: layer_003 (sparse)
	channel 6: layer_004 (sparse)
	channel 7: layer_005 (sparse)
	channel 8: layer_006 (sparse)
	channel 9: layer_007 (sparse)

TonalLinearizer:  runs 14:49:36
slices [622, 672):
	channel 0: occupancy (dense)
	channel 1: surfaceDist (dense)
	channel 2: layer_000 (sparse)
	channel 3: layer_001 (sparse)
	channel 4: layer_002 (sparse)
	channel 5: layer_003 (sparse)
	channel 6: layer_004 (sparse)
	channel 7: layer_005 (sparse)
	channel 8: layer_006 (sparse)
	channel 9: layer_007 (sparse)

VectorLayerHalftoner: VectorLayerHalftoner error: no tonal values available

VectorLayerHalftoner:  runs 14:49:36
slices [610, 672):
	channel 0: occupancy (dense)
	channel 1: surfaceDist (dense)
	channel 2: layer_000 (sparse)
	channel 3: layer_001 (sparse)
	channel 4: layer_002 (sparse)
	channel 5: layer_003 (sparse)
	channel 6: layer_004 (sparse)
	channel 7: layer_005 (sparse)
	channel 8: layer_006 (sparse)
	channel 9: layer_007 (sparse)
	channel 10: intermedTonal_0 (sparse)
	channel 11: intermedTonal_1 (sparse)
	channel 12: intermedTonal_2 (sparse)
	channel 13: intermedTonal_3 (sparse)
	channel 14: intermedTonal_4 (sparse)
	channel 15: intermedTonal_5 (sparse)
	channel 16: intermedTonal_6 (sparse)
	channel 17: intermedTonal_7 (sparse)
	channel 18: quantizedTonal (sparse)
	channel 19: errorDiffInfo2 (sparse)
	channel 20: distanceToEmpty (sparse)
	channel 21: errorDiffInfo3 (sparse)
	channel 22: errorDiffInfo4 (sparse)
	channel 23: errorDiffInfo5 (sparse)
	channel 24: errorDiffInfo6 (sparse)
	channel 25: errorDiffInfo7 (sparse)
	channel 26: errorDiffInfo8 (sparse)
	channel 27: errorDiffInfo9 (sparse)

SlaveReporter:  runs 14:49:40
slices [610, 660):
	channel 0: material (dense)
	channel 1: occupancy (dense)

PrintJobVoxelizer:  runs 14:49:49

PrintJobVoxelizer: setting up slices
PrintJobVoxelizer: rasterizing objects
PrintJobVoxelizer: creating rasterizer
PrintJobVoxelizer: rasterizing object 1
PrintJobVoxelizer: rasterizing object 2
Rasterizer::rasterize:
	30 trials
	total = 14.1874 s
	mean  = 0.472914 s
	var   = 0.0689647 s^2, std = 0.262611 s
	min   = 0.003 s
	max   = 0.89909 s


PrintJobVoxelizer: voxelizing objects
Object 1 ROI: [0 0 0] --> [946 303 50]
GWNSampleFloodVoxelizer: number of samples: 151
GWNSampleFloodVoxelizer: samples evaluated
GWNSampleFloodVoxelizer: adaptive threshold = 0.498039
GWNSampleFloodVoxelizer: flooding complete
Voxelization: solid angle evaluations per voxel: 0.192536

Object 2 ROI: [0 314 0] --> [946 508 0]
GWNSampleFloodVoxelizer: number of samples: 0
GWNSampleFloodVoxelizer: samples evaluated
GWNSampleFloodVoxelizer: adaptive threshold = 0.498039
GWNSampleFloodVoxelizer: flooding complete
Voxelization: solid angle evaluations per voxel: 0.192536

GWNSampleFloodVoxelizer::voxelize:
	30 trials
	total = 43.8244 s
	mean  = 1.46081 s
	var   = 0.226777 s^2, std = 0.476211 s
	min   = 0.166017 s
	max   = 2.20522 s

GWNSampleFloodVoxelizer::initIndicator:
	30 trials
	total = 3.88438 s
	mean  = 0.129479 s
	var   = 0.000233822 s^2, std = 0.0152913 s
	min   = 0.10101 s
	max   = 0.159016 s

GWNSampleFloodVoxelizer::selectSamples:
	30 trials
	total = 2.85429 s
	mean  = 0.0951429 s
	var   = 0.0011162 s^2, std = 0.0334096 s
	min   = 0.001 s
	max   = 0.121013 s

GWNSampleFloodVoxelizer::evaluateSamples:
	30 trials
	total = 3.48135 s
	mean  = 0.116045 s
	var   = 0.00941178 s^2, std = 0.0970144 s
	min   = 0 s
	max   = 0.368037 s

GWNSampleFloodVoxelizer::flood:
	30 trials
	total = 32.5963 s
	mean  = 1.08654 s
	var   = 0.145186 s^2, std = 0.381033 s
	min   = 0 s
	max   = 1.67817 s


PrintJobVoxelizer: finalizing surfaces
PrintJobVoxelizer: 2937928 surface voxels
PrintJobVoxelizer: getting output subset
PrintJobVoxelizer: updating slice indices
TonalValueCalculator:  runs 14:49:51
slices [699, 749):
	channel 0: occupancy (dense)
	channel 1: opticalFeature (sparse)

SurfaceDistanceOrderedTransfer:  runs 14:49:51
slices [673, 749):
	channel 0: occupancy (dense)
	channel 1: surfaceDist (dense)

SurfaceDistanceOrderedTransfer: 673 699 723
LayerExtractor:  runs 14:49:53
slices [671, 723):
	channel 0: occupancy (dense)
	channel 1: surfaceDist (dense)
	channel 2: layer_000 (sparse)
	channel 3: layer_001 (sparse)
	channel 4: layer_002 (sparse)
	channel 5: layer_003 (sparse)
	channel 6: layer_004 (sparse)
	channel 7: layer_005 (sparse)
	channel 8: layer_006 (sparse)
	channel 9: layer_007 (sparse)

TonalLinearizer:  runs 14:49:53
slices [672, 722):
	channel 0: occupancy (dense)
	channel 1: surfaceDist (dense)
	channel 2: layer_000 (sparse)
	channel 3: layer_001 (sparse)
	channel 4: layer_002 (sparse)
	channel 5: layer_003 (sparse)
	channel 6: layer_004 (sparse)
	channel 7: layer_005 (sparse)
	channel 8: layer_006 (sparse)
	channel 9: layer_007 (sparse)

VectorLayerHalftoner: VectorLayerHalftoner error: no tonal values available

VectorLayerHalftoner:  runs 14:49:53
slices [660, 722):
	channel 0: occupancy (dense)
	channel 1: surfaceDist (dense)
	channel 2: layer_000 (sparse)
	channel 3: layer_001 (sparse)
	channel 4: layer_002 (sparse)
	channel 5: layer_003 (sparse)
	channel 6: layer_004 (sparse)
	channel 7: layer_005 (sparse)
	channel 8: layer_006 (sparse)
	channel 9: layer_007 (sparse)
	channel 10: intermedTonal_0 (sparse)
	channel 11: intermedTonal_1 (sparse)
	channel 12: intermedTonal_2 (sparse)
	channel 13: intermedTonal_3 (sparse)
	channel 14: intermedTonal_4 (sparse)
	channel 15: intermedTonal_5 (sparse)
	channel 16: intermedTonal_6 (sparse)
	channel 17: intermedTonal_7 (sparse)
	channel 18: quantizedTonal (sparse)
	channel 19: errorDiffInfo2 (sparse)
	channel 20: distanceToEmpty (sparse)
	channel 21: errorDiffInfo3 (sparse)
	channel 22: errorDiffInfo4 (sparse)
	channel 23: errorDiffInfo5 (sparse)
	channel 24: errorDiffInfo6 (sparse)
	channel 25: errorDiffInfo7 (sparse)
	channel 26: errorDiffInfo8 (sparse)
	channel 27: errorDiffInfo9 (sparse)

SlaveReporter:  runs 14:49:57
slices [660, 710):
	channel 0: material (dense)
	channel 1: occupancy (dense)

PrintJobVoxelizer:  runs 14:50:5

PrintJobVoxelizer: setting up slices
PrintJobVoxelizer: rasterizing objects
PrintJobVoxelizer: creating rasterizer
PrintJobVoxelizer: rasterizing object 1
PrintJobVoxelizer: rasterizing object 2
Rasterizer::rasterize:
	32 trials
	total = 14.4004 s
	mean  = 0.450014 s
	var   = 0.0733267 s^2, std = 0.270789 s
	min   = 0.003 s
	max   = 0.89909 s


PrintJobVoxelizer: voxelizing objects
Object 1 ROI: [0 0 0] --> [946 303 27]
GWNSampleFloodVoxelizer: number of samples: 145
GWNSampleFloodVoxelizer: samples evaluated
GWNSampleFloodVoxelizer: adaptive threshold = 0.498039
GWNSampleFloodVoxelizer: flooding complete
Voxelization: solid angle evaluations per voxel: 0.15154

Object 2 ROI: [0 314 0] --> [946 508 0]
GWNSampleFloodVoxelizer: number of samples: 0
GWNSampleFloodVoxelizer: samples evaluated
GWNSampleFloodVoxelizer: adaptive threshold = 0.498039
GWNSampleFloodVoxelizer: flooding complete
Voxelization: solid angle evaluations per voxel: 0.15154

GWNSampleFloodVoxelizer::voxelize:
	32 trials
	total = 44.8635 s
	mean  = 1.40198 s
	var   = 0.277198 s^2, std = 0.526496 s
	min   = 0.09801 s
	max   = 2.20522 s

GWNSampleFloodVoxelizer::initIndicator:
	32 trials
	total = 4.0374 s
	mean  = 0.126169 s
	var   = 0.000388599 s^2, std = 0.0197129 s
	min   = 0.075008 s
	max   = 0.159016 s

GWNSampleFloodVoxelizer::selectSamples:
	32 trials
	total = 2.9423 s
	mean  = 0.0919468 s
	var   = 0.00131619 s^2, std = 0.0362794 s
	min   = 0.001 s
	max   = 0.121013 s

GWNSampleFloodVoxelizer::evaluateSamples:
	32 trials
	total = 3.52835 s
	mean  = 0.110261 s
	var   = 0.0093582 s^2, std = 0.0967378 s
	min   = 0 s
	max   = 0.368037 s

GWNSampleFloodVoxelizer::flood:
	32 trials
	total = 33.3053 s
	mean  = 1.04079 s
	var   = 0.176338 s^2, std = 0.419926 s
	min   = 0 s
	max   = 1.67817 s


PrintJobVoxelizer: finalizing surfaces
PrintJobVoxelizer: 2943659 surface voxels
PrintJobVoxelizer: getting output subset
PrintJobVoxelizer: updating slice indices
TonalValueCalculator:  runs 14:50:6
slices [749, 777):
	channel 0: occupancy (dense)
	channel 1: opticalFeature (sparse)

SurfaceDistanceOrderedTransfer:  runs 14:50:6
slices [723, 777):
	channel 0: occupancy (dense)
	channel 1: surfaceDist (dense)

SurfaceDistanceOrderedTransfer: 723 749 777
LayerExtractor:  runs 14:50:8
slices [721, 777):
	channel 0: occupancy (dense)
	channel 1: surfaceDist (dense)
	channel 2: layer_000 (sparse)
	channel 3: layer_001 (sparse)
	channel 4: layer_002 (sparse)
	channel 5: layer_003 (sparse)
	channel 6: layer_004 (sparse)
	channel 7: layer_005 (sparse)
	channel 8: layer_006 (sparse)
	channel 9: layer_007 (sparse)

TonalLinearizer:  runs 14:50:8
slices [722, 777):
	channel 0: occupancy (dense)
	channel 1: surfaceDist (dense)
	channel 2: layer_000 (sparse)
	channel 3: layer_001 (sparse)
	channel 4: layer_002 (sparse)
	channel 5: layer_003 (sparse)
	channel 6: layer_004 (sparse)
	channel 7: layer_005 (sparse)
	channel 8: layer_006 (sparse)
	channel 9: layer_007 (sparse)

VectorLayerHalftoner: VectorLayerHalftoner error: no tonal values available

VectorLayerHalftoner:  runs 14:50:8
slices [710, 777):
	channel 0: occupancy (dense)
	channel 1: surfaceDist (dense)
	channel 2: layer_000 (sparse)
	channel 3: layer_001 (sparse)
	channel 4: layer_002 (sparse)
	channel 5: layer_003 (sparse)
	channel 6: layer_004 (sparse)
	channel 7: layer_005 (sparse)
	channel 8: layer_006 (sparse)
	channel 9: layer_007 (sparse)
	channel 10: intermedTonal_0 (sparse)
	channel 11: intermedTonal_1 (sparse)
	channel 12: intermedTonal_2 (sparse)
	channel 13: intermedTonal_3 (sparse)
	channel 14: intermedTonal_4 (sparse)
	channel 15: intermedTonal_5 (sparse)
	channel 16: intermedTonal_6 (sparse)
	channel 17: intermedTonal_7 (sparse)
	channel 18: quantizedTonal (sparse)
	channel 19: errorDiffInfo2 (sparse)
	channel 20: distanceToEmpty (sparse)
	channel 21: errorDiffInfo3 (sparse)
	channel 22: errorDiffInfo4 (sparse)
	channel 23: errorDiffInfo5 (sparse)
	channel 24: errorDiffInfo6 (sparse)
	channel 25: errorDiffInfo7 (sparse)
	channel 26: errorDiffInfo8 (sparse)
	channel 27: errorDiffInfo9 (sparse)

SlaveReporter:  runs 14:50:11
slices [710, 777):
	channel 0: material (dense)
	channel 1: occupancy (dense)

Computation finished 

Status: success
Slave Node  4 :Total execution time in seconds 348.705

