Warning:json file inside profile could not be parsed 

GL version: 4.5.0 NVIDIA 362.00

Warning: there is no json file embedded inside profile 

LayerExtractor: distance needed for layers: 0.135467

FileParserPJ: initializing
PrintJobOrganizer: initializing
PrintJobPreprocessor: initializing
PrintJobVoxelizer: initializing
TonalValueCalculator: initializing
TonalValueCalculator: Using rendering intent RELATIVE_COLORIMETRIC

SurfaceDistanceOrderedTransfer: initializing
TonalLinearizer: initializing
VectorLayerHalftoner: initializing
SlaveReporter: initializing
FileParserPJ:  runs 17:32:47

FileParserPJ: loading OBJ file

244921 vertices
489840 faces

FileParserPJ: 245383 texture coordinates

FileParserPJ: 245383 vertices after duplication

FileParserPJ: //filer-igd2.igd.fraunhofer.de/igd-3dt/shared/3DModels/Head/HeadMTL/Head_Level3.obj parsed: 245383 vertices and 489840 faces

FileParserPJ: loading jpg file

FileParserPJ: loading OBJ file

244921 vertices
489840 faces

FileParserPJ: 245383 texture coordinates

FileParserPJ: 245383 vertices after duplication

FileParserPJ: //filer-igd2.igd.fraunhofer.de/igd-3dt/shared/3DModels/Head/HeadMTL/Head_Level3.obj parsed: 245383 vertices and 489840 faces

FileParserPJ: loading jpg file

FileParserPJ: loading OBJ file

9992 vertices
18312 faces

FileParserPJ: 9437 texture coordinates

FileParserPJ: //filer-igd2.igd.fraunhofer.de/igd-3dt/shared/3DModels/Dame/Dame.obj parsed: 9992 vertices and 18312 faces

FileParserPJ: loading jpg file

FileParserPJ: Input files parsed

PrintJobOrganizer:  runs 17:32:55

centering objects at origin
optimizing rotation for height
scaling objects
optimizing rotation for support use
PrintJobOrganizer: support cost         = 25.4851
support cost flipped = 22.9004

PrintJobOrganizer: support cost         = 25.4851
support cost flipped = 22.9004

PrintJobOrganizer: support cost         = 10.7798
support cost flipped = 10.8551

arranging objects in 2D
validating object placement
PrintJobOrganizer: print object 1 print-space bounding box: (0.00211667, 0.00423333, 0.00135106), (8.00212, 5.12195, 4.19435)
PrintJobOrganizer: print object 2 print-space bounding box: (0.00211667, 5.32195, 0.00135106), (8.00212, 10.4397, 4.19435)
PrintJobOrganizer: print object 3 print-space bounding box: (0.00211667, 10.6397, 0.00135106), (8.00212, 13.9058, 3.26645)
saving transforms to file
PrintJobPreprocessor:  runs 17:32:55

PrintJobPreprocessor: flatten
PrintJobPreprocessor: prioritize
PrintJobPreprocessor: segment-hierarchy
PrintJobPreprocessor: boundingBox
PrintJobPreprocessor: uniformAppearanceTextures
PrintJobVoxelizer:  runs 17:32:57

PrintJobVoxelizer: 
number of slices to print: 777 (4.19435 cm)
width of slices to print:  946 (8.00212 cm)
height of slices to print: 822 (13.9058 cm)
chunk size:                50 (0.270213 cm)

PrintJobVoxelizer: setting up slices
PrintJobVoxelizer: rasterizing objects
PrintJobVoxelizer: creating rasterizer
PrintJobVoxelizer: rasterizing object 1
PrintJobVoxelizer: rasterizing object 2
PrintJobVoxelizer: rasterizing object 3
Rasterizer::rasterize:
	3 trials
	total = 0.570079 s
	mean  = 0.190026 s
	var   = 0.00366906 s^2, std = 0.0605727 s
	min   = 0.120349 s
	max   = 0.230143 s


PrintJobVoxelizer: voxelizing objects
Object 1 ROI: [0 0 0] --> [946 303 50]
GWNSampleFloodVoxelizer: number of samples: 93
GWNSampleFloodVoxelizer: samples evaluated
GWNSampleFloodVoxelizer: adaptive threshold = 0.498039
GWNSampleFloodVoxelizer: flooding complete
Voxelization: solid angle evaluations per voxel: 0.0631147

Object 2 ROI: [0 314 0] --> [946 617 50]
GWNSampleFloodVoxelizer: number of samples: 92
GWNSampleFloodVoxelizer: samples evaluated
GWNSampleFloodVoxelizer: adaptive threshold = 0.498039
GWNSampleFloodVoxelizer: flooding complete
Voxelization: solid angle evaluations per voxel: 0.124691

Object 3 ROI: [0 628 0] --> [946 822 50]
GWNSampleFloodVoxelizer: number of samples: 82
GWNSampleFloodVoxelizer: samples evaluated
GWNSampleFloodVoxelizer: adaptive threshold = 0.498039
GWNSampleFloodVoxelizer: flooding complete
Voxelization: solid angle evaluations per voxel: 0.163311

GWNSampleFloodVoxelizer::voxelize:
	3 trials
	total = 5.70279 s
	mean  = 1.90093 s
	var   = 0.0791567 s^2, std = 0.281348 s
	min   = 1.7377 s
	max   = 2.2258 s

GWNSampleFloodVoxelizer::initIndicator:
	3 trials
	total = 0.662762 s
	mean  = 0.220921 s
	var   = 0.000326083 s^2, std = 0.0180578 s
	min   = 0.208554 s
	max   = 0.241643 s

GWNSampleFloodVoxelizer::selectSamples:
	3 trials
	total = 0.274606 s
	mean  = 0.0915353 s
	var   = 0.000260828 s^2, std = 0.0161502 s
	min   = 0.074198 s
	max   = 0.106153 s

GWNSampleFloodVoxelizer::evaluateSamples:
	3 trials
	total = 0.12032 s
	mean  = 0.0401067 s
	var   = 0.000350811 s^2, std = 0.01873 s
	min   = 0.020055 s
	max   = 0.057151 s

GWNSampleFloodVoxelizer::flood:
	3 trials
	total = 4.49935 s
	mean  = 1.49978 s
	var   = 0.0684589 s^2, std = 0.261646 s
	min   = 1.34193 s
	max   = 1.8018 s


PrintJobVoxelizer: finalizing surfaces
PrintJobVoxelizer: 68255 surface voxels
PrintJobVoxelizer: getting output subset
PrintJobVoxelizer: updating slice indices
TonalValueCalculator:  runs 17:33:4
slices [0, 49):
	channel 0: occupancy (dense)
	channel 1: opticalFeature (sparse)

SurfaceDistanceOrderedTransfer:  runs 17:33:4
slices [0, 49):
	channel 0: occupancy (dense)
	channel 1: surfaceDist (dense)

SurfaceDistanceOrderedTransfer: 0 0 23
LayerExtractor:  runs 17:33:6
slices [0, 23):
	channel 0: occupancy (dense)
	channel 1: surfaceDist (dense)
	channel 2: layer_000 (sparse)
	channel 3: layer_001 (sparse)
	channel 4: layer_002 (sparse)
	channel 5: layer_003 (sparse)
	channel 6: layer_004 (sparse)
	channel 7: layer_005 (sparse)
	channel 8: layer_006 (sparse)
	channel 9: layer_007 (sparse)

TonalLinearizer:  runs 17:33:6
slices [0, 22):
	channel 0: occupancy (dense)
	channel 1: surfaceDist (dense)
	channel 2: layer_000 (sparse)
	channel 3: layer_001 (sparse)
	channel 4: layer_002 (sparse)
	channel 5: layer_003 (sparse)
	channel 6: layer_004 (sparse)
	channel 7: layer_005 (sparse)
	channel 8: layer_006 (sparse)
	channel 9: layer_007 (sparse)

VectorLayerHalftoner: VectorLayerHalftoner error: no tonal values available

VectorLayerHalftoner:  runs 17:33:6
slices [0, 22):
	channel 0: occupancy (dense)
	channel 1: surfaceDist (dense)
	channel 2: layer_000 (sparse)
	channel 3: layer_001 (sparse)
	channel 4: layer_002 (sparse)
	channel 5: layer_003 (sparse)
	channel 6: layer_004 (sparse)
	channel 7: layer_005 (sparse)
	channel 8: layer_006 (sparse)
	channel 9: layer_007 (sparse)
	channel 10: intermedTonal_0 (sparse)
	channel 11: intermedTonal_1 (sparse)
	channel 12: intermedTonal_2 (sparse)
	channel 13: intermedTonal_3 (sparse)
	channel 14: intermedTonal_4 (sparse)
	channel 15: intermedTonal_5 (sparse)
	channel 16: intermedTonal_6 (sparse)
	channel 17: intermedTonal_7 (sparse)
	channel 18: quantizedTonal (sparse)

SlaveReporter:  runs 17:33:7
slices [0, 10):
	channel 0: material (dense)
	channel 1: occupancy (dense)

PrintJobVoxelizer:  runs 17:33:7

PrintJobVoxelizer: setting up slices
PrintJobVoxelizer: rasterizing objects
PrintJobVoxelizer: creating rasterizer
PrintJobVoxelizer: rasterizing object 1
PrintJobVoxelizer: rasterizing object 2
PrintJobVoxelizer: rasterizing object 3
Rasterizer::rasterize:
	6 trials
	total = 1.9591 s
	mean  = 0.326517 s
	var   = 0.0530211 s^2, std = 0.230263 s
	min   = 0.120349 s
	max   = 0.631566 s


PrintJobVoxelizer: voxelizing objects
Object 1 ROI: [0 0 0] --> [946 303 50]
GWNSampleFloodVoxelizer: number of samples: 208
GWNSampleFloodVoxelizer: samples evaluated
GWNSampleFloodVoxelizer: adaptive threshold = 0.498039
GWNSampleFloodVoxelizer: flooding complete
Voxelization: solid angle evaluations per voxel: 0.266693

Object 2 ROI: [0 314 0] --> [946 617 50]
GWNSampleFloodVoxelizer: number of samples: 207
GWNSampleFloodVoxelizer: samples evaluated
GWNSampleFloodVoxelizer: adaptive threshold = 0.498039
GWNSampleFloodVoxelizer: flooding complete
Voxelization: solid angle evaluations per voxel: 0.532225

Object 3 ROI: [0 628 0] --> [946 822 50]
GWNSampleFloodVoxelizer: number of samples: 67
GWNSampleFloodVoxelizer: samples evaluated
GWNSampleFloodVoxelizer: adaptive threshold = 0.498039
GWNSampleFloodVoxelizer: flooding complete
Voxelization: solid angle evaluations per voxel: 0.56378

GWNSampleFloodVoxelizer::voxelize:
	6 trials
	total = 10.9087 s
	mean  = 1.81811 s
	var   = 0.0457762 s^2, std = 0.213954 s
	min   = 1.60087 s
	max   = 2.2258 s

GWNSampleFloodVoxelizer::initIndicator:
	6 trials
	total = 1.2774 s
	mean  = 0.2129 s
	var   = 0.000227468 s^2, std = 0.0150821 s
	min   = 0.197526 s
	max   = 0.241643 s

GWNSampleFloodVoxelizer::selectSamples:
	6 trials
	total = 0.536686 s
	mean  = 0.0894477 s
	var   = 0.000321278 s^2, std = 0.0179242 s
	min   = 0.061163 s
	max   = 0.106153 s

GWNSampleFloodVoxelizer::evaluateSamples:
	6 trials
	total = 0.422128 s
	mean  = 0.0703547 s
	var   = 0.00344897 s^2, std = 0.058728 s
	min   = 0.015041 s
	max   = 0.1494 s

GWNSampleFloodVoxelizer::flood:
	6 trials
	total = 8.38965 s
	mean  = 1.39827 s
	var   = 0.0401578 s^2, std = 0.200394 s
	min   = 1.27533 s
	max   = 1.8018 s


PrintJobVoxelizer: finalizing surfaces
PrintJobVoxelizer: 319205 surface voxels
PrintJobVoxelizer: getting output subset
PrintJobVoxelizer: updating slice indices
TonalValueCalculator:  runs 17:33:14
slices [49, 99):
	channel 0: occupancy (dense)
	channel 1: opticalFeature (sparse)

SurfaceDistanceOrderedTransfer:  runs 17:33:14
slices [23, 99):
	channel 0: occupancy (dense)
	channel 1: surfaceDist (dense)

SurfaceDistanceOrderedTransfer: 23 49 73
LayerExtractor:  runs 17:33:17
slices [21, 73):
	channel 0: occupancy (dense)
	channel 1: surfaceDist (dense)
	channel 2: layer_000 (sparse)
	channel 3: layer_001 (sparse)
	channel 4: layer_002 (sparse)
	channel 5: layer_003 (sparse)
	channel 6: layer_004 (sparse)
	channel 7: layer_005 (sparse)
	channel 8: layer_006 (sparse)
	channel 9: layer_007 (sparse)

TonalLinearizer:  runs 17:33:17
slices [22, 72):
	channel 0: occupancy (dense)
	channel 1: surfaceDist (dense)
	channel 2: layer_000 (sparse)
	channel 3: layer_001 (sparse)
	channel 4: layer_002 (sparse)
	channel 5: layer_003 (sparse)
	channel 6: layer_004 (sparse)
	channel 7: layer_005 (sparse)
	channel 8: layer_006 (sparse)
	channel 9: layer_007 (sparse)

VectorLayerHalftoner: VectorLayerHalftoner error: no tonal values available

VectorLayerHalftoner:  runs 17:33:17
slices [10, 72):
	channel 0: occupancy (dense)
	channel 1: surfaceDist (dense)
	channel 2: layer_000 (sparse)
	channel 3: layer_001 (sparse)
	channel 4: layer_002 (sparse)
	channel 5: layer_003 (sparse)
	channel 6: layer_004 (sparse)
	channel 7: layer_005 (sparse)
	channel 8: layer_006 (sparse)
	channel 9: layer_007 (sparse)
	channel 10: intermedTonal_0 (sparse)
	channel 11: intermedTonal_1 (sparse)
	channel 12: intermedTonal_2 (sparse)
	channel 13: intermedTonal_3 (sparse)
	channel 14: intermedTonal_4 (sparse)
	channel 15: intermedTonal_5 (sparse)
	channel 16: intermedTonal_6 (sparse)
	channel 17: intermedTonal_7 (sparse)
	channel 18: quantizedTonal (sparse)
	channel 19: errorDiffInfo2 (sparse)
	channel 20: distanceToEmpty (sparse)
	channel 21: errorDiffInfo3 (sparse)
	channel 22: errorDiffInfo4 (sparse)
	channel 23: errorDiffInfo5 (sparse)
	channel 24: errorDiffInfo6 (sparse)
	channel 25: errorDiffInfo7 (sparse)
	channel 26: errorDiffInfo8 (sparse)
	channel 27: errorDiffInfo9 (sparse)

SlaveReporter:  runs 17:33:21
slices [10, 60):
	channel 0: material (dense)
	channel 1: occupancy (dense)

PrintJobVoxelizer:  runs 17:33:21

PrintJobVoxelizer: setting up slices
PrintJobVoxelizer: rasterizing objects
PrintJobVoxelizer: creating rasterizer
PrintJobVoxelizer: rasterizing object 1
PrintJobVoxelizer: rasterizing object 2
PrintJobVoxelizer: rasterizing object 3
Rasterizer::rasterize:
	9 trials
	total = 3.73623 s
	mean  = 0.415137 s
	var   = 0.0848057 s^2, std = 0.291214 s
	min   = 0.120349 s
	max   = 0.806422 s


PrintJobVoxelizer: voxelizing objects
Object 1 ROI: [0 0 0] --> [946 303 50]
GWNSampleFloodVoxelizer: number of samples: 342
GWNSampleFloodVoxelizer: samples evaluated
GWNSampleFloodVoxelizer: adaptive threshold = 0.498039
GWNSampleFloodVoxelizer: flooding complete
Voxelization: solid angle evaluations per voxel: 0.410978

Object 2 ROI: [0 314 0] --> [946 617 50]
GWNSampleFloodVoxelizer: number of samples: 340
GWNSampleFloodVoxelizer: samples evaluated
GWNSampleFloodVoxelizer: adaptive threshold = 0.498039
GWNSampleFloodVoxelizer: flooding complete
Voxelization: solid angle evaluations per voxel: 0.819734

Object 3 ROI: [0 628 0] --> [946 822 50]
GWNSampleFloodVoxelizer: number of samples: 108
GWNSampleFloodVoxelizer: samples evaluated
GWNSampleFloodVoxelizer: adaptive threshold = 0.498039
GWNSampleFloodVoxelizer: flooding complete
Voxelization: solid angle evaluations per voxel: 0.8706

GWNSampleFloodVoxelizer::voxelize:
	9 trials
	total = 16.1189 s
	mean  = 1.79099 s
	var   = 0.0515263 s^2, std = 0.226994 s
	min   = 1.41469 s
	max   = 2.2258 s

GWNSampleFloodVoxelizer::initIndicator:
	9 trials
	total = 1.86196 s
	mean  = 0.206884 s
	var   = 0.000275447 s^2, std = 0.0165966 s
	min   = 0.178477 s
	max   = 0.241643 s

GWNSampleFloodVoxelizer::selectSamples:
	9 trials
	total = 0.784264 s
	mean  = 0.0871404 s
	var   = 0.000291702 s^2, std = 0.0170793 s
	min   = 0.061163 s
	max   = 0.106153 s

GWNSampleFloodVoxelizer::evaluateSamples:
	9 trials
	total = 0.937527 s
	mean  = 0.10417 s
	var   = 0.00882298 s^2, std = 0.0939307 s
	min   = 0.015041 s
	max   = 0.248673 s

GWNSampleFloodVoxelizer::flood:
	9 trials
	total = 12.1157 s
	mean  = 1.34619 s
	var   = 0.0364418 s^2, std = 0.190897 s
	min   = 1.10695 s
	max   = 1.8018 s


PrintJobVoxelizer: finalizing surfaces
PrintJobVoxelizer: 691553 surface voxels
PrintJobVoxelizer: getting output subset
PrintJobVoxelizer: updating slice indices
TonalValueCalculator:  runs 17:33:29
slices [99, 149):
	channel 0: occupancy (dense)
	channel 1: opticalFeature (sparse)

SurfaceDistanceOrderedTransfer:  runs 17:33:29
slices [73, 149):
	channel 0: occupancy (dense)
	channel 1: surfaceDist (dense)

SurfaceDistanceOrderedTransfer: 73 99 123
LayerExtractor:  runs 17:33:32
slices [71, 123):
	channel 0: occupancy (dense)
	channel 1: surfaceDist (dense)
	channel 2: layer_000 (sparse)
	channel 3: layer_001 (sparse)
	channel 4: layer_002 (sparse)
	channel 5: layer_003 (sparse)
	channel 6: layer_004 (sparse)
	channel 7: layer_005 (sparse)
	channel 8: layer_006 (sparse)
	channel 9: layer_007 (sparse)

TonalLinearizer:  runs 17:33:33
slices [72, 122):
	channel 0: occupancy (dense)
	channel 1: surfaceDist (dense)
	channel 2: layer_000 (sparse)
	channel 3: layer_001 (sparse)
	channel 4: layer_002 (sparse)
	channel 5: layer_003 (sparse)
	channel 6: layer_004 (sparse)
	channel 7: layer_005 (sparse)
	channel 8: layer_006 (sparse)
	channel 9: layer_007 (sparse)

VectorLayerHalftoner: VectorLayerHalftoner error: no tonal values available

VectorLayerHalftoner:  runs 17:33:33
slices [60, 122):
	channel 0: occupancy (dense)
	channel 1: surfaceDist (dense)
	channel 2: layer_000 (sparse)
	channel 3: layer_001 (sparse)
	channel 4: layer_002 (sparse)
	channel 5: layer_003 (sparse)
	channel 6: layer_004 (sparse)
	channel 7: layer_005 (sparse)
	channel 8: layer_006 (sparse)
	channel 9: layer_007 (sparse)
	channel 10: intermedTonal_0 (sparse)
	channel 11: intermedTonal_1 (sparse)
	channel 12: intermedTonal_2 (sparse)
	channel 13: intermedTonal_3 (sparse)
	channel 14: intermedTonal_4 (sparse)
	channel 15: intermedTonal_5 (sparse)
	channel 16: intermedTonal_6 (sparse)
	channel 17: intermedTonal_7 (sparse)
	channel 18: quantizedTonal (sparse)
	channel 19: errorDiffInfo2 (sparse)
	channel 20: distanceToEmpty (sparse)
	channel 21: errorDiffInfo3 (sparse)
	channel 22: errorDiffInfo4 (sparse)
	channel 23: errorDiffInfo5 (sparse)
	channel 24: errorDiffInfo6 (sparse)
	channel 25: errorDiffInfo7 (sparse)
	channel 26: errorDiffInfo8 (sparse)
	channel 27: errorDiffInfo9 (sparse)

SlaveReporter:  runs 17:33:41
slices [60, 110):
	channel 0: material (dense)
	channel 1: occupancy (dense)

PrintJobVoxelizer:  runs 17:33:41

PrintJobVoxelizer: setting up slices
PrintJobVoxelizer: rasterizing objects
PrintJobVoxelizer: creating rasterizer
PrintJobVoxelizer: rasterizing object 1
PrintJobVoxelizer: rasterizing object 2
PrintJobVoxelizer: rasterizing object 3
Rasterizer::rasterize:
	12 trials
	total = 5.39268 s
	mean  = 0.44939 s
	var   = 0.0755209 s^2, std = 0.274811 s
	min   = 0.120349 s
	max   = 0.806422 s


PrintJobVoxelizer: voxelizing objects
Object 1 ROI: [0 0 0] --> [946 303 50]
GWNSampleFloodVoxelizer: number of samples: 202
GWNSampleFloodVoxelizer: samples evaluated
GWNSampleFloodVoxelizer: adaptive threshold = 0.498039
GWNSampleFloodVoxelizer: flooding complete
Voxelization: solid angle evaluations per voxel: 0.207874

Object 2 ROI: [0 314 0] --> [946 617 50]
GWNSampleFloodVoxelizer: number of samples: 204
GWNSampleFloodVoxelizer: samples evaluated
GWNSampleFloodVoxelizer: adaptive threshold = 0.498039
GWNSampleFloodVoxelizer: flooding complete
Voxelization: solid angle evaluations per voxel: 0.416658

Object 3 ROI: [0 628 0] --> [946 822 50]
GWNSampleFloodVoxelizer: number of samples: 163
GWNSampleFloodVoxelizer: samples evaluated
GWNSampleFloodVoxelizer: adaptive threshold = 0.498039
GWNSampleFloodVoxelizer: flooding complete
Voxelization: solid angle evaluations per voxel: 0.493428

GWNSampleFloodVoxelizer::voxelize:
	12 trials
	total = 20.9163 s
	mean  = 1.74303 s
	var   = 0.0571815 s^2, std = 0.239127 s
	min   = 1.32829 s
	max   = 2.2258 s

GWNSampleFloodVoxelizer::initIndicator:
	12 trials
	total = 2.54954 s
	mean  = 0.212461 s
	var   = 0.000405712 s^2, std = 0.0201423 s
	min   = 0.178477 s
	max   = 0.250028 s

GWNSampleFloodVoxelizer::selectSamples:
	12 trials
	total = 1.01867 s
	mean  = 0.0848888 s
	var   = 0.000273139 s^2, std = 0.0165269 s
	min   = 0.061163 s
	max   = 0.106153 s

GWNSampleFloodVoxelizer::evaluateSamples:
	12 trials
	total = 1.23443 s
	mean  = 0.10287 s
	var   = 0.00705863 s^2, std = 0.0840157 s
	min   = 0.015041 s
	max   = 0.248673 s

GWNSampleFloodVoxelizer::flood:
	12 trials
	total = 15.3973 s
	mean  = 1.28311 s
	var   = 0.0454299 s^2, std = 0.213143 s
	min   = 0.921978 s
	max   = 1.8018 s


PrintJobVoxelizer: finalizing surfaces
PrintJobVoxelizer: 1096781 surface voxels
PrintJobVoxelizer: getting output subset
PrintJobVoxelizer: updating slice indices
TonalValueCalculator:  runs 17:33:48
slices [149, 199):
	channel 0: occupancy (dense)
	channel 1: opticalFeature (sparse)

SurfaceDistanceOrderedTransfer:  runs 17:33:48
slices [123, 199):
	channel 0: occupancy (dense)
	channel 1: surfaceDist (dense)

SurfaceDistanceOrderedTransfer: 123 149 173
LayerExtractor:  runs 17:33:51
slices [121, 173):
	channel 0: occupancy (dense)
	channel 1: surfaceDist (dense)
	channel 2: layer_000 (sparse)
	channel 3: layer_001 (sparse)
	channel 4: layer_002 (sparse)
	channel 5: layer_003 (sparse)
	channel 6: layer_004 (sparse)
	channel 7: layer_005 (sparse)
	channel 8: layer_006 (sparse)
	channel 9: layer_007 (sparse)

TonalLinearizer:  runs 17:33:52
slices [122, 172):
	channel 0: occupancy (dense)
	channel 1: surfaceDist (dense)
	channel 2: layer_000 (sparse)
	channel 3: layer_001 (sparse)
	channel 4: layer_002 (sparse)
	channel 5: layer_003 (sparse)
	channel 6: layer_004 (sparse)
	channel 7: layer_005 (sparse)
	channel 8: layer_006 (sparse)
	channel 9: layer_007 (sparse)

VectorLayerHalftoner: VectorLayerHalftoner error: no tonal values available

VectorLayerHalftoner:  runs 17:33:53
slices [110, 172):
	channel 0: occupancy (dense)
	channel 1: surfaceDist (dense)
	channel 2: layer_000 (sparse)
	channel 3: layer_001 (sparse)
	channel 4: layer_002 (sparse)
	channel 5: layer_003 (sparse)
	channel 6: layer_004 (sparse)
	channel 7: layer_005 (sparse)
	channel 8: layer_006 (sparse)
	channel 9: layer_007 (sparse)
	channel 10: intermedTonal_0 (sparse)
	channel 11: intermedTonal_1 (sparse)
	channel 12: intermedTonal_2 (sparse)
	channel 13: intermedTonal_3 (sparse)
	channel 14: intermedTonal_4 (sparse)
	channel 15: intermedTonal_5 (sparse)
	channel 16: intermedTonal_6 (sparse)
	channel 17: intermedTonal_7 (sparse)
	channel 18: quantizedTonal (sparse)
	channel 19: errorDiffInfo2 (sparse)
	channel 20: distanceToEmpty (sparse)
	channel 21: errorDiffInfo3 (sparse)
	channel 22: errorDiffInfo4 (sparse)
	channel 23: errorDiffInfo5 (sparse)
	channel 24: errorDiffInfo6 (sparse)
	channel 25: errorDiffInfo7 (sparse)
	channel 26: errorDiffInfo8 (sparse)
	channel 27: errorDiffInfo9 (sparse)

SlaveReporter:  runs 17:34:2
slices [110, 160):
	channel 0: material (dense)
	channel 1: occupancy (dense)

PrintJobVoxelizer:  runs 17:34:2

PrintJobVoxelizer: setting up slices
PrintJobVoxelizer: rasterizing objects
PrintJobVoxelizer: creating rasterizer
PrintJobVoxelizer: rasterizing object 1
PrintJobVoxelizer: rasterizing object 2
PrintJobVoxelizer: rasterizing object 3
Rasterizer::rasterize:
	15 trials
	total = 7.08035 s
	mean  = 0.472023 s
	var   = 0.0659635 s^2, std = 0.256834 s
	min   = 0.120349 s
	max   = 0.806422 s


PrintJobVoxelizer: voxelizing objects
Object 1 ROI: [0 0 0] --> [946 303 50]
GWNSampleFloodVoxelizer: number of samples: 187
GWNSampleFloodVoxelizer: samples evaluated
GWNSampleFloodVoxelizer: adaptive threshold = 0.498039
GWNSampleFloodVoxelizer: flooding complete
Voxelization: solid angle evaluations per voxel: 0.170233

Object 2 ROI: [0 314 0] --> [946 617 50]
GWNSampleFloodVoxelizer: number of samples: 187
GWNSampleFloodVoxelizer: samples evaluated
GWNSampleFloodVoxelizer: adaptive threshold = 0.498039
GWNSampleFloodVoxelizer: flooding complete
Voxelization: solid angle evaluations per voxel: 0.340412

Object 3 ROI: [0 628 0] --> [946 822 50]
GWNSampleFloodVoxelizer: number of samples: 183
GWNSampleFloodVoxelizer: samples evaluated
GWNSampleFloodVoxelizer: adaptive threshold = 0.498039
GWNSampleFloodVoxelizer: flooding complete
Voxelization: solid angle evaluations per voxel: 0.426601

GWNSampleFloodVoxelizer::voxelize:
	15 trials
	total = 25.8231 s
	mean  = 1.72154 s
	var   = 0.056721 s^2, std = 0.238162 s
	min   = 1.32829 s
	max   = 2.2258 s

GWNSampleFloodVoxelizer::initIndicator:
	15 trials
	total = 3.22149 s
	mean  = 0.214766 s
	var   = 0.00042293 s^2, std = 0.0205653 s
	min   = 0.178477 s
	max   = 0.250028 s

GWNSampleFloodVoxelizer::selectSamples:
	15 trials
	total = 1.2687 s
	mean  = 0.0845799 s
	var   = 0.000261517 s^2, std = 0.0161715 s
	min   = 0.061163 s
	max   = 0.106153 s

GWNSampleFloodVoxelizer::evaluateSamples:
	15 trials
	total = 1.46883 s
	mean  = 0.0979221 s
	var   = 0.00589521 s^2, std = 0.0767803 s
	min   = 0.015041 s
	max   = 0.248673 s

GWNSampleFloodVoxelizer::flood:
	15 trials
	total = 18.8509 s
	mean  = 1.25672 s
	var   = 0.0449702 s^2, std = 0.212062 s
	min   = 0.921978 s
	max   = 1.8018 s


PrintJobVoxelizer: finalizing surfaces
PrintJobVoxelizer: 1536075 surface voxels
PrintJobVoxelizer: getting output subset
PrintJobVoxelizer: updating slice indices
TonalValueCalculator:  runs 17:34:10
slices [199, 249):
	channel 0: occupancy (dense)
	channel 1: opticalFeature (sparse)

SurfaceDistanceOrderedTransfer:  runs 17:34:10
slices [173, 249):
	channel 0: occupancy (dense)
	channel 1: surfaceDist (dense)

SurfaceDistanceOrderedTransfer: 173 199 223
LayerExtractor:  runs 17:34:13
slices [171, 223):
	channel 0: occupancy (dense)
	channel 1: surfaceDist (dense)
	channel 2: layer_000 (sparse)
	channel 3: layer_001 (sparse)
	channel 4: layer_002 (sparse)
	channel 5: layer_003 (sparse)
	channel 6: layer_004 (sparse)
	channel 7: layer_005 (sparse)
	channel 8: layer_006 (sparse)
	channel 9: layer_007 (sparse)

TonalLinearizer:  runs 17:34:14
slices [172, 222):
	channel 0: occupancy (dense)
	channel 1: surfaceDist (dense)
	channel 2: layer_000 (sparse)
	channel 3: layer_001 (sparse)
	channel 4: layer_002 (sparse)
	channel 5: layer_003 (sparse)
	channel 6: layer_004 (sparse)
	channel 7: layer_005 (sparse)
	channel 8: layer_006 (sparse)
	channel 9: layer_007 (sparse)

VectorLayerHalftoner: VectorLayerHalftoner error: no tonal values available

VectorLayerHalftoner:  runs 17:34:15
slices [160, 222):
	channel 0: occupancy (dense)
	channel 1: surfaceDist (dense)
	channel 2: layer_000 (sparse)
	channel 3: layer_001 (sparse)
	channel 4: layer_002 (sparse)
	channel 5: layer_003 (sparse)
	channel 6: layer_004 (sparse)
	channel 7: layer_005 (sparse)
	channel 8: layer_006 (sparse)
	channel 9: layer_007 (sparse)
	channel 10: intermedTonal_0 (sparse)
	channel 11: intermedTonal_1 (sparse)
	channel 12: intermedTonal_2 (sparse)
	channel 13: intermedTonal_3 (sparse)
	channel 14: intermedTonal_4 (sparse)
	channel 15: intermedTonal_5 (sparse)
	channel 16: intermedTonal_6 (sparse)
	channel 17: intermedTonal_7 (sparse)
	channel 18: quantizedTonal (sparse)
	channel 19: errorDiffInfo2 (sparse)
	channel 20: distanceToEmpty (sparse)
	channel 21: errorDiffInfo3 (sparse)
	channel 22: errorDiffInfo4 (sparse)
	channel 23: errorDiffInfo5 (sparse)
	channel 24: errorDiffInfo6 (sparse)
	channel 25: errorDiffInfo7 (sparse)
	channel 26: errorDiffInfo8 (sparse)
	channel 27: errorDiffInfo9 (sparse)

SlaveReporter:  runs 17:34:27
slices [160, 210):
	channel 0: material (dense)
	channel 1: occupancy (dense)

PrintJobVoxelizer:  runs 17:34:27

PrintJobVoxelizer: setting up slices
PrintJobVoxelizer: rasterizing objects
PrintJobVoxelizer: creating rasterizer
PrintJobVoxelizer: rasterizing object 1
PrintJobVoxelizer: rasterizing object 2
PrintJobVoxelizer: rasterizing object 3
Rasterizer::rasterize:
	18 trials
	total = 8.65085 s
	mean  = 0.480603 s
	var   = 0.0580958 s^2, std = 0.241031 s
	min   = 0.120349 s
	max   = 0.806422 s


PrintJobVoxelizer: voxelizing objects
Object 1 ROI: [0 0 0] --> [946 303 50]
GWNSampleFloodVoxelizer: number of samples: 164
GWNSampleFloodVoxelizer: samples evaluated
GWNSampleFloodVoxelizer: adaptive threshold = 0.498039
GWNSampleFloodVoxelizer: flooding complete
Voxelization: solid angle evaluations per voxel: 0.154572

Object 2 ROI: [0 314 0] --> [946 617 50]
GWNSampleFloodVoxelizer: number of samples: 163
GWNSampleFloodVoxelizer: samples evaluated
GWNSampleFloodVoxelizer: adaptive threshold = 0.498039
GWNSampleFloodVoxelizer: flooding complete
Voxelization: solid angle evaluations per voxel: 0.306798

Object 3 ROI: [0 628 0] --> [946 822 50]
GWNSampleFloodVoxelizer: number of samples: 125
GWNSampleFloodVoxelizer: samples evaluated
GWNSampleFloodVoxelizer: adaptive threshold = 0.498039
GWNSampleFloodVoxelizer: flooding complete
Voxelization: solid angle evaluations per voxel: 0.365671

GWNSampleFloodVoxelizer::voxelize:
	18 trials
	total = 31.6745 s
	mean  = 1.75969 s
	var   = 0.0819109 s^2, std = 0.286201 s
	min   = 1.32829 s
	max   = 2.39785 s

GWNSampleFloodVoxelizer::initIndicator:
	18 trials
	total = 3.99415 s
	mean  = 0.221897 s
	var   = 0.0018377 s^2, std = 0.0428684 s
	min   = 0.178477 s
	max   = 0.375042 s

GWNSampleFloodVoxelizer::selectSamples:
	18 trials
	total = 1.56561 s
	mean  = 0.0869782 s
	var   = 0.000427761 s^2, std = 0.0206824 s
	min   = 0.061163 s
	max   = 0.14064 s

GWNSampleFloodVoxelizer::evaluateSamples:
	18 trials
	total = 1.82825 s
	mean  = 0.101569 s
	var   = 0.00648625 s^2, std = 0.0805372 s
	min   = 0.015041 s
	max   = 0.250029 s

GWNSampleFloodVoxelizer::flood:
	18 trials
	total = 22.8201 s
	mean  = 1.26778 s
	var   = 0.0566809 s^2, std = 0.238077 s
	min   = 0.921978 s
	max   = 1.8018 s


PrintJobVoxelizer: finalizing surfaces
PrintJobVoxelizer: 1956934 surface voxels
PrintJobVoxelizer: getting output subset
PrintJobVoxelizer: updating slice indices
TonalValueCalculator:  runs 17:34:35
slices [249, 299):
	channel 0: occupancy (dense)
	channel 1: opticalFeature (sparse)

SurfaceDistanceOrderedTransfer:  runs 17:34:35
slices [223, 299):
	channel 0: occupancy (dense)
	channel 1: surfaceDist (dense)

SurfaceDistanceOrderedTransfer: 223 249 273
LayerExtractor:  runs 17:34:38
slices [221, 273):
	channel 0: occupancy (dense)
	channel 1: surfaceDist (dense)
	channel 2: layer_000 (sparse)
	channel 3: layer_001 (sparse)
	channel 4: layer_002 (sparse)
	channel 5: layer_003 (sparse)
	channel 6: layer_004 (sparse)
	channel 7: layer_005 (sparse)
	channel 8: layer_006 (sparse)
	channel 9: layer_007 (sparse)

TonalLinearizer:  runs 17:34:40
slices [222, 272):
	channel 0: occupancy (dense)
	channel 1: surfaceDist (dense)
	channel 2: layer_000 (sparse)
	channel 3: layer_001 (sparse)
	channel 4: layer_002 (sparse)
	channel 5: layer_003 (sparse)
	channel 6: layer_004 (sparse)
	channel 7: layer_005 (sparse)
	channel 8: layer_006 (sparse)
	channel 9: layer_007 (sparse)

VectorLayerHalftoner: VectorLayerHalftoner error: no tonal values available

VectorLayerHalftoner:  runs 17:34:40
slices [210, 272):
	channel 0: occupancy (dense)
	channel 1: surfaceDist (dense)
	channel 2: layer_000 (sparse)
	channel 3: layer_001 (sparse)
	channel 4: layer_002 (sparse)
	channel 5: layer_003 (sparse)
	channel 6: layer_004 (sparse)
	channel 7: layer_005 (sparse)
	channel 8: layer_006 (sparse)
	channel 9: layer_007 (sparse)
	channel 10: intermedTonal_0 (sparse)
	channel 11: intermedTonal_1 (sparse)
	channel 12: intermedTonal_2 (sparse)
	channel 13: intermedTonal_3 (sparse)
	channel 14: intermedTonal_4 (sparse)
	channel 15: intermedTonal_5 (sparse)
	channel 16: intermedTonal_6 (sparse)
	channel 17: intermedTonal_7 (sparse)
	channel 18: quantizedTonal (sparse)
	channel 19: errorDiffInfo2 (sparse)
	channel 20: distanceToEmpty (sparse)
	channel 21: errorDiffInfo3 (sparse)
	channel 22: errorDiffInfo4 (sparse)
	channel 23: errorDiffInfo5 (sparse)
	channel 24: errorDiffInfo6 (sparse)
	channel 25: errorDiffInfo7 (sparse)
	channel 26: errorDiffInfo8 (sparse)
	channel 27: errorDiffInfo9 (sparse)

SlaveReporter:  runs 17:34:54
slices [210, 260):
	channel 0: material (dense)
	channel 1: occupancy (dense)

PrintJobVoxelizer:  runs 17:34:54

PrintJobVoxelizer: setting up slices
PrintJobVoxelizer: rasterizing objects
PrintJobVoxelizer: creating rasterizer
PrintJobVoxelizer: rasterizing object 1
PrintJobVoxelizer: rasterizing object 2
PrintJobVoxelizer: rasterizing object 3
Rasterizer::rasterize:
	21 trials
	total = 10.6042 s
	mean  = 0.504962 s
	var   = 0.0577674 s^2, std = 0.240348 s
	min   = 0.120349 s
	max   = 0.812592 s


PrintJobVoxelizer: voxelizing objects
Object 1 ROI: [0 0 0] --> [946 303 50]
GWNSampleFloodVoxelizer: number of samples: 168
GWNSampleFloodVoxelizer: samples evaluated
GWNSampleFloodVoxelizer: adaptive threshold = 0.498039
GWNSampleFloodVoxelizer: flooding complete
Voxelization: solid angle evaluations per voxel: 0.174223

Object 2 ROI: [0 314 0] --> [946 617 50]
GWNSampleFloodVoxelizer: number of samples: 169
GWNSampleFloodVoxelizer: samples evaluated
GWNSampleFloodVoxelizer: adaptive threshold = 0.498039
GWNSampleFloodVoxelizer: flooding complete
Voxelization: solid angle evaluations per voxel: 0.353617

Object 3 ROI: [0 628 0] --> [946 822 50]
GWNSampleFloodVoxelizer: number of samples: 113
GWNSampleFloodVoxelizer: samples evaluated
GWNSampleFloodVoxelizer: adaptive threshold = 0.498039
GWNSampleFloodVoxelizer: flooding complete
Voxelization: solid angle evaluations per voxel: 0.406837

GWNSampleFloodVoxelizer::voxelize:
	21 trials
	total = 36.9563 s
	mean  = 1.75982 s
	var   = 0.094052 s^2, std = 0.306679 s
	min   = 1.32829 s
	max   = 2.39785 s

GWNSampleFloodVoxelizer::initIndicator:
	21 trials
	total = 4.71298 s
	mean  = 0.224428 s
	var   = 0.0017082 s^2, std = 0.0413304 s
	min   = 0.178477 s
	max   = 0.375042 s

GWNSampleFloodVoxelizer::selectSamples:
	21 trials
	total = 1.81565 s
	mean  = 0.0864593 s
	var   = 0.000397864 s^2, std = 0.0199465 s
	min   = 0.061163 s
	max   = 0.14064 s

GWNSampleFloodVoxelizer::evaluateSamples:
	21 trials
	total = 2.04702 s
	mean  = 0.097477 s
	var   = 0.00587114 s^2, std = 0.0766234 s
	min   = 0.015041 s
	max   = 0.250029 s

GWNSampleFloodVoxelizer::flood:
	21 trials
	total = 26.633 s
	mean  = 1.26824 s
	var   = 0.066698 s^2, std = 0.25826 s
	min   = 0.921978 s
	max   = 1.8018 s


PrintJobVoxelizer: finalizing surfaces
PrintJobVoxelizer: 2388219 surface voxels
PrintJobVoxelizer: getting output subset
PrintJobVoxelizer: updating slice indices
TonalValueCalculator:  runs 17:35:2
slices [299, 349):
	channel 0: occupancy (dense)
	channel 1: opticalFeature (sparse)

SurfaceDistanceOrderedTransfer:  runs 17:35:2
slices [273, 349):
	channel 0: occupancy (dense)
	channel 1: surfaceDist (dense)

SurfaceDistanceOrderedTransfer: 273 299 323
LayerExtractor:  runs 17:35:5
slices [271, 323):
	channel 0: occupancy (dense)
	channel 1: surfaceDist (dense)
	channel 2: layer_000 (sparse)
	channel 3: layer_001 (sparse)
	channel 4: layer_002 (sparse)
	channel 5: layer_003 (sparse)
	channel 6: layer_004 (sparse)
	channel 7: layer_005 (sparse)
	channel 8: layer_006 (sparse)
	channel 9: layer_007 (sparse)

TonalLinearizer:  runs 17:35:7
slices [272, 322):
	channel 0: occupancy (dense)
	channel 1: surfaceDist (dense)
	channel 2: layer_000 (sparse)
	channel 3: layer_001 (sparse)
	channel 4: layer_002 (sparse)
	channel 5: layer_003 (sparse)
	channel 6: layer_004 (sparse)
	channel 7: layer_005 (sparse)
	channel 8: layer_006 (sparse)
	channel 9: layer_007 (sparse)

VectorLayerHalftoner: VectorLayerHalftoner error: no tonal values available

VectorLayerHalftoner:  runs 17:35:7
slices [260, 322):
	channel 0: occupancy (dense)
	channel 1: surfaceDist (dense)
	channel 2: layer_000 (sparse)
	channel 3: layer_001 (sparse)
	channel 4: layer_002 (sparse)
	channel 5: layer_003 (sparse)
	channel 6: layer_004 (sparse)
	channel 7: layer_005 (sparse)
	channel 8: layer_006 (sparse)
	channel 9: layer_007 (sparse)
	channel 10: intermedTonal_0 (sparse)
	channel 11: intermedTonal_1 (sparse)
	channel 12: intermedTonal_2 (sparse)
	channel 13: intermedTonal_3 (sparse)
	channel 14: intermedTonal_4 (sparse)
	channel 15: intermedTonal_5 (sparse)
	channel 16: intermedTonal_6 (sparse)
	channel 17: intermedTonal_7 (sparse)
	channel 18: quantizedTonal (sparse)
	channel 19: errorDiffInfo2 (sparse)
	channel 20: distanceToEmpty (sparse)
	channel 21: errorDiffInfo3 (sparse)
	channel 22: errorDiffInfo4 (sparse)
	channel 23: errorDiffInfo5 (sparse)
	channel 24: errorDiffInfo6 (sparse)
	channel 25: errorDiffInfo7 (sparse)
	channel 26: errorDiffInfo8 (sparse)
	channel 27: errorDiffInfo9 (sparse)

SlaveReporter:  runs 17:35:22
slices [260, 310):
	channel 0: material (dense)
	channel 1: occupancy (dense)

PrintJobVoxelizer:  runs 17:35:22

PrintJobVoxelizer: setting up slices
PrintJobVoxelizer: rasterizing objects
PrintJobVoxelizer: creating rasterizer
PrintJobVoxelizer: rasterizing object 1
PrintJobVoxelizer: rasterizing object 2
PrintJobVoxelizer: rasterizing object 3
Rasterizer::rasterize:
	24 trials
	total = 12.3388 s
	mean  = 0.514115 s
	var   = 0.0531591 s^2, std = 0.230563 s
	min   = 0.120349 s
	max   = 0.812592 s


PrintJobVoxelizer: voxelizing objects
Object 1 ROI: [0 0 0] --> [946 303 50]
GWNSampleFloodVoxelizer: number of samples: 144
GWNSampleFloodVoxelizer: samples evaluated
GWNSampleFloodVoxelizer: adaptive threshold = 0.498039
GWNSampleFloodVoxelizer: flooding complete
Voxelization: solid angle evaluations per voxel: 0.149766

Object 2 ROI: [0 314 0] --> [946 617 50]
GWNSampleFloodVoxelizer: number of samples: 141
GWNSampleFloodVoxelizer: samples evaluated
GWNSampleFloodVoxelizer: adaptive threshold = 0.498039
GWNSampleFloodVoxelizer: flooding complete
Voxelization: solid angle evaluations per voxel: 0.295608

Object 3 ROI: [0 628 0] --> [946 822 50]
GWNSampleFloodVoxelizer: number of samples: 192
GWNSampleFloodVoxelizer: samples evaluated
GWNSampleFloodVoxelizer: adaptive threshold = 0.498039
GWNSampleFloodVoxelizer: flooding complete
Voxelization: solid angle evaluations per voxel: 0.386037

GWNSampleFloodVoxelizer::voxelize:
	24 trials
	total = 41.5662 s
	mean  = 1.73193 s
	var   = 0.0968625 s^2, std = 0.311227 s
	min   = 1.21889 s
	max   = 2.39785 s

GWNSampleFloodVoxelizer::initIndicator:
	24 trials
	total = 5.43181 s
	mean  = 0.226325 s
	var   = 0.00164618 s^2, std = 0.0405731 s
	min   = 0.178477 s
	max   = 0.375042 s

GWNSampleFloodVoxelizer::selectSamples:
	24 trials
	total = 2.05005 s
	mean  = 0.0854187 s
	var   = 0.000375114 s^2, std = 0.0193679 s
	min   = 0.061163 s
	max   = 0.14064 s

GWNSampleFloodVoxelizer::evaluateSamples:
	24 trials
	total = 2.25017 s
	mean  = 0.0937569 s
	var   = 0.00529844 s^2, std = 0.0727904 s
	min   = 0.015041 s
	max   = 0.250029 s

GWNSampleFloodVoxelizer::flood:
	24 trials
	total = 29.774 s
	mean  = 1.24058 s
	var   = 0.0695093 s^2, std = 0.263646 s
	min   = 0.812592 s
	max   = 1.8018 s


PrintJobVoxelizer: finalizing surfaces
PrintJobVoxelizer: 2816117 surface voxels
PrintJobVoxelizer: getting output subset
PrintJobVoxelizer: updating slice indices
TonalValueCalculator:  runs 17:35:29
slices [349, 399):
	channel 0: occupancy (dense)
	channel 1: opticalFeature (sparse)

SurfaceDistanceOrderedTransfer:  runs 17:35:29
slices [323, 399):
	channel 0: occupancy (dense)
	channel 1: surfaceDist (dense)

SurfaceDistanceOrderedTransfer: 323 349 373
LayerExtractor:  runs 17:35:32
slices [321, 373):
	channel 0: occupancy (dense)
	channel 1: surfaceDist (dense)
	channel 2: layer_000 (sparse)
	channel 3: layer_001 (sparse)
	channel 4: layer_002 (sparse)
	channel 5: layer_003 (sparse)
	channel 6: layer_004 (sparse)
	channel 7: layer_005 (sparse)
	channel 8: layer_006 (sparse)
	channel 9: layer_007 (sparse)

TonalLinearizer:  runs 17:35:34
slices [322, 372):
	channel 0: occupancy (dense)
	channel 1: surfaceDist (dense)
	channel 2: layer_000 (sparse)
	channel 3: layer_001 (sparse)
	channel 4: layer_002 (sparse)
	channel 5: layer_003 (sparse)
	channel 6: layer_004 (sparse)
	channel 7: layer_005 (sparse)
	channel 8: layer_006 (sparse)
	channel 9: layer_007 (sparse)

VectorLayerHalftoner: VectorLayerHalftoner error: no tonal values available

VectorLayerHalftoner:  runs 17:35:34
slices [310, 372):
	channel 0: occupancy (dense)
	channel 1: surfaceDist (dense)
	channel 2: layer_000 (sparse)
	channel 3: layer_001 (sparse)
	channel 4: layer_002 (sparse)
	channel 5: layer_003 (sparse)
	channel 6: layer_004 (sparse)
	channel 7: layer_005 (sparse)
	channel 8: layer_006 (sparse)
	channel 9: layer_007 (sparse)
	channel 10: intermedTonal_0 (sparse)
	channel 11: intermedTonal_1 (sparse)
	channel 12: intermedTonal_2 (sparse)
	channel 13: intermedTonal_3 (sparse)
	channel 14: intermedTonal_4 (sparse)
	channel 15: intermedTonal_5 (sparse)
	channel 16: intermedTonal_6 (sparse)
	channel 17: intermedTonal_7 (sparse)
	channel 18: quantizedTonal (sparse)
	channel 19: errorDiffInfo2 (sparse)
	channel 20: distanceToEmpty (sparse)
	channel 21: errorDiffInfo3 (sparse)
	channel 22: errorDiffInfo4 (sparse)
	channel 23: errorDiffInfo5 (sparse)
	channel 24: errorDiffInfo6 (sparse)
	channel 25: errorDiffInfo7 (sparse)
	channel 26: errorDiffInfo8 (sparse)
	channel 27: errorDiffInfo9 (sparse)

SlaveReporter:  runs 17:35:51
slices [310, 360):
	channel 0: material (dense)
	channel 1: occupancy (dense)

PrintJobVoxelizer:  runs 17:35:51

PrintJobVoxelizer: setting up slices
PrintJobVoxelizer: rasterizing objects
PrintJobVoxelizer: creating rasterizer
PrintJobVoxelizer: rasterizing object 1
PrintJobVoxelizer: rasterizing object 2
PrintJobVoxelizer: rasterizing object 3
Rasterizer::rasterize:
	27 trials
	total = 14.5421 s
	mean  = 0.538598 s
	var   = 0.0628435 s^2, std = 0.250686 s
	min   = 0.120349 s
	max   = 1.03137 s


PrintJobVoxelizer: voxelizing objects
Object 1 ROI: [0 0 0] --> [946 303 50]
GWNSampleFloodVoxelizer: number of samples: 129
GWNSampleFloodVoxelizer: samples evaluated
GWNSampleFloodVoxelizer: adaptive threshold = 0.498039
GWNSampleFloodVoxelizer: flooding complete
Voxelization: solid angle evaluations per voxel: 0.150011

Object 2 ROI: [0 314 0] --> [946 617 50]
GWNSampleFloodVoxelizer: number of samples: 129
GWNSampleFloodVoxelizer: samples evaluated
GWNSampleFloodVoxelizer: adaptive threshold = 0.498039
GWNSampleFloodVoxelizer: flooding complete
Voxelization: solid angle evaluations per voxel: 0.300022

Object 3 ROI: [0 628 0] --> [946 822 50]
GWNSampleFloodVoxelizer: number of samples: 166
GWNSampleFloodVoxelizer: samples evaluated
GWNSampleFloodVoxelizer: adaptive threshold = 0.498039
GWNSampleFloodVoxelizer: flooding complete
Voxelization: solid angle evaluations per voxel: 0.378205

GWNSampleFloodVoxelizer::voxelize:
	27 trials
	total = 47.0774 s
	mean  = 1.74361 s
	var   = 0.0925004 s^2, std = 0.304139 s
	min   = 1.21889 s
	max   = 2.39785 s

GWNSampleFloodVoxelizer::initIndicator:
	27 trials
	total = 6.13435 s
	mean  = 0.227198 s
	var   = 0.00170917 s^2, std = 0.0413421 s
	min   = 0.178477 s
	max   = 0.375042 s

GWNSampleFloodVoxelizer::selectSamples:
	27 trials
	total = 2.31571 s
	mean  = 0.0857669 s
	var   = 0.000339101 s^2, std = 0.0184147 s
	min   = 0.061163 s
	max   = 0.14064 s

GWNSampleFloodVoxelizer::evaluateSamples:
	27 trials
	total = 2.48457 s
	mean  = 0.092021 s
	var   = 0.0047309 s^2, std = 0.0687815 s
	min   = 0.015041 s
	max   = 0.250029 s

GWNSampleFloodVoxelizer::flood:
	27 trials
	total = 33.8318 s
	mean  = 1.25303 s
	var   = 0.0669938 s^2, std = 0.258832 s
	min   = 0.812592 s
	max   = 1.8018 s


PrintJobVoxelizer: finalizing surfaces
PrintJobVoxelizer: 3216897 surface voxels
PrintJobVoxelizer: getting output subset
PrintJobVoxelizer: updating slice indices
TonalValueCalculator:  runs 17:35:59
slices [399, 449):
	channel 0: occupancy (dense)
	channel 1: opticalFeature (sparse)

SurfaceDistanceOrderedTransfer:  runs 17:35:59
slices [373, 449):
	channel 0: occupancy (dense)
	channel 1: surfaceDist (dense)

SurfaceDistanceOrderedTransfer: 373 399 423
LayerExtractor:  runs 17:36:3
slices [371, 423):
	channel 0: occupancy (dense)
	channel 1: surfaceDist (dense)
	channel 2: layer_000 (sparse)
	channel 3: layer_001 (sparse)
	channel 4: layer_002 (sparse)
	channel 5: layer_003 (sparse)
	channel 6: layer_004 (sparse)
	channel 7: layer_005 (sparse)
	channel 8: layer_006 (sparse)
	channel 9: layer_007 (sparse)

TonalLinearizer:  runs 17:36:4
slices [372, 422):
	channel 0: occupancy (dense)
	channel 1: surfaceDist (dense)
	channel 2: layer_000 (sparse)
	channel 3: layer_001 (sparse)
	channel 4: layer_002 (sparse)
	channel 5: layer_003 (sparse)
	channel 6: layer_004 (sparse)
	channel 7: layer_005 (sparse)
	channel 8: layer_006 (sparse)
	channel 9: layer_007 (sparse)

VectorLayerHalftoner: VectorLayerHalftoner error: no tonal values available

VectorLayerHalftoner:  runs 17:36:5
slices [360, 422):
	channel 0: occupancy (dense)
	channel 1: surfaceDist (dense)
	channel 2: layer_000 (sparse)
	channel 3: layer_001 (sparse)
	channel 4: layer_002 (sparse)
	channel 5: layer_003 (sparse)
	channel 6: layer_004 (sparse)
	channel 7: layer_005 (sparse)
	channel 8: layer_006 (sparse)
	channel 9: layer_007 (sparse)
	channel 10: intermedTonal_0 (sparse)
	channel 11: intermedTonal_1 (sparse)
	channel 12: intermedTonal_2 (sparse)
	channel 13: intermedTonal_3 (sparse)
	channel 14: intermedTonal_4 (sparse)
	channel 15: intermedTonal_5 (sparse)
	channel 16: intermedTonal_6 (sparse)
	channel 17: intermedTonal_7 (sparse)
	channel 18: quantizedTonal (sparse)
	channel 19: errorDiffInfo2 (sparse)
	channel 20: distanceToEmpty (sparse)
	channel 21: errorDiffInfo3 (sparse)
	channel 22: errorDiffInfo4 (sparse)
	channel 23: errorDiffInfo5 (sparse)
	channel 24: errorDiffInfo6 (sparse)
	channel 25: errorDiffInfo7 (sparse)
	channel 26: errorDiffInfo8 (sparse)
	channel 27: errorDiffInfo9 (sparse)

SlaveReporter:  runs 17:36:21
slices [360, 410):
	channel 0: material (dense)
	channel 1: occupancy (dense)

PrintJobVoxelizer:  runs 17:36:21

PrintJobVoxelizer: setting up slices
PrintJobVoxelizer: rasterizing objects
PrintJobVoxelizer: creating rasterizer
PrintJobVoxelizer: rasterizing object 1
PrintJobVoxelizer: rasterizing object 2
PrintJobVoxelizer: rasterizing object 3
Rasterizer::rasterize:
	30 trials
	total = 16.1095 s
	mean  = 0.536983 s
	var   = 0.0627539 s^2, std = 0.250507 s
	min   = 0.120349 s
	max   = 1.03137 s


PrintJobVoxelizer: voxelizing objects
Object 1 ROI: [0 0 0] --> [946 303 50]
GWNSampleFloodVoxelizer: number of samples: 144
GWNSampleFloodVoxelizer: samples evaluated
GWNSampleFloodVoxelizer: adaptive threshold = 0.498039
GWNSampleFloodVoxelizer: flooding complete
Voxelization: solid angle evaluations per voxel: 0.156994

Object 2 ROI: [0 314 0] --> [946 617 50]
GWNSampleFloodVoxelizer: number of samples: 145
GWNSampleFloodVoxelizer: samples evaluated
GWNSampleFloodVoxelizer: adaptive threshold = 0.498039
GWNSampleFloodVoxelizer: flooding complete
Voxelization: solid angle evaluations per voxel: 0.315469

Object 3 ROI: [0 628 0] --> [946 822 50]
GWNSampleFloodVoxelizer: number of samples: 124
GWNSampleFloodVoxelizer: samples evaluated
GWNSampleFloodVoxelizer: adaptive threshold = 0.498039
GWNSampleFloodVoxelizer: flooding complete
Voxelization: solid angle evaluations per voxel: 0.373871

GWNSampleFloodVoxelizer::voxelize:
	30 trials
	total = 52.0467 s
	mean  = 1.73489 s
	var   = 0.0941646 s^2, std = 0.306862 s
	min   = 1.21889 s
	max   = 2.39785 s

GWNSampleFloodVoxelizer::initIndicator:
	30 trials
	total = 6.82192 s
	mean  = 0.227397 s
	var   = 0.0016057 s^2, std = 0.0400712 s
	min   = 0.178477 s
	max   = 0.375042 s

GWNSampleFloodVoxelizer::selectSamples:
	30 trials
	total = 2.597 s
	mean  = 0.0865666 s
	var   = 0.000377341 s^2, std = 0.0194253 s
	min   = 0.061163 s
	max   = 0.14064 s

GWNSampleFloodVoxelizer::evaluateSamples:
	30 trials
	total = 2.6877 s
	mean  = 0.0895901 s
	var   = 0.00436948 s^2, std = 0.0661021 s
	min   = 0.015041 s
	max   = 0.250029 s

GWNSampleFloodVoxelizer::flood:
	30 trials
	total = 37.3478 s
	mean  = 1.24493 s
	var   = 0.0678657 s^2, std = 0.26051 s
	min   = 0.812592 s
	max   = 1.8018 s


PrintJobVoxelizer: finalizing surfaces
PrintJobVoxelizer: 3550625 surface voxels
PrintJobVoxelizer: getting output subset
PrintJobVoxelizer: updating slice indices
TonalValueCalculator:  runs 17:36:28
slices [449, 499):
	channel 0: occupancy (dense)
	channel 1: opticalFeature (sparse)

SurfaceDistanceOrderedTransfer:  runs 17:36:28
slices [423, 499):
	channel 0: occupancy (dense)
	channel 1: surfaceDist (dense)

SurfaceDistanceOrderedTransfer: 423 449 473
LayerExtractor:  runs 17:36:31
slices [421, 473):
	channel 0: occupancy (dense)
	channel 1: surfaceDist (dense)
	channel 2: layer_000 (sparse)
	channel 3: layer_001 (sparse)
	channel 4: layer_002 (sparse)
	channel 5: layer_003 (sparse)
	channel 6: layer_004 (sparse)
	channel 7: layer_005 (sparse)
	channel 8: layer_006 (sparse)
	channel 9: layer_007 (sparse)

TonalLinearizer:  runs 17:36:32
slices [422, 472):
	channel 0: occupancy (dense)
	channel 1: surfaceDist (dense)
	channel 2: layer_000 (sparse)
	channel 3: layer_001 (sparse)
	channel 4: layer_002 (sparse)
	channel 5: layer_003 (sparse)
	channel 6: layer_004 (sparse)
	channel 7: layer_005 (sparse)
	channel 8: layer_006 (sparse)
	channel 9: layer_007 (sparse)

VectorLayerHalftoner: VectorLayerHalftoner error: no tonal values available

VectorLayerHalftoner:  runs 17:36:33
slices [410, 472):
	channel 0: occupancy (dense)
	channel 1: surfaceDist (dense)
	channel 2: layer_000 (sparse)
	channel 3: layer_001 (sparse)
	channel 4: layer_002 (sparse)
	channel 5: layer_003 (sparse)
	channel 6: layer_004 (sparse)
	channel 7: layer_005 (sparse)
	channel 8: layer_006 (sparse)
	channel 9: layer_007 (sparse)
	channel 10: intermedTonal_0 (sparse)
	channel 11: intermedTonal_1 (sparse)
	channel 12: intermedTonal_2 (sparse)
	channel 13: intermedTonal_3 (sparse)
	channel 14: intermedTonal_4 (sparse)
	channel 15: intermedTonal_5 (sparse)
	channel 16: intermedTonal_6 (sparse)
	channel 17: intermedTonal_7 (sparse)
	channel 18: quantizedTonal (sparse)
	channel 19: errorDiffInfo2 (sparse)
	channel 20: distanceToEmpty (sparse)
	channel 21: errorDiffInfo3 (sparse)
	channel 22: errorDiffInfo4 (sparse)
	channel 23: errorDiffInfo5 (sparse)
	channel 24: errorDiffInfo6 (sparse)
	channel 25: errorDiffInfo7 (sparse)
	channel 26: errorDiffInfo8 (sparse)
	channel 27: errorDiffInfo9 (sparse)

SlaveReporter:  runs 17:36:45
slices [410, 460):
	channel 0: material (dense)
	channel 1: occupancy (dense)

PrintJobVoxelizer:  runs 17:36:45

PrintJobVoxelizer: setting up slices
PrintJobVoxelizer: rasterizing objects
PrintJobVoxelizer: creating rasterizer
PrintJobVoxelizer: rasterizing object 1
PrintJobVoxelizer: rasterizing object 2
PrintJobVoxelizer: rasterizing object 3
Rasterizer::rasterize:
	33 trials
	total = 17.6878 s
	mean  = 0.535994 s
	var   = 0.0627618 s^2, std = 0.250523 s
	min   = 0.120349 s
	max   = 1.03137 s


PrintJobVoxelizer: voxelizing objects
Object 1 ROI: [0 0 0] --> [946 303 50]
GWNSampleFloodVoxelizer: number of samples: 166
GWNSampleFloodVoxelizer: samples evaluated
GWNSampleFloodVoxelizer: adaptive threshold = 0.498039
GWNSampleFloodVoxelizer: flooding complete
Voxelization: solid angle evaluations per voxel: 0.207052

Object 2 ROI: [0 314 0] --> [946 617 50]
GWNSampleFloodVoxelizer: number of samples: 164
GWNSampleFloodVoxelizer: samples evaluated
GWNSampleFloodVoxelizer: adaptive threshold = 0.498039
GWNSampleFloodVoxelizer: flooding complete
Voxelization: solid angle evaluations per voxel: 0.412154

Object 3 ROI: [0 628 0] --> [946 822 50]
GWNSampleFloodVoxelizer: number of samples: 89
GWNSampleFloodVoxelizer: samples evaluated
GWNSampleFloodVoxelizer: adaptive threshold = 0.498039
GWNSampleFloodVoxelizer: flooding complete
Voxelization: solid angle evaluations per voxel: 0.454071

GWNSampleFloodVoxelizer::voxelize:
	33 trials
	total = 57.0629 s
	mean  = 1.72918 s
	var   = 0.0953951 s^2, std = 0.308861 s
	min   = 1.21889 s
	max   = 2.39785 s

GWNSampleFloodVoxelizer::initIndicator:
	33 trials
	total = 7.54075 s
	mean  = 0.228508 s
	var   = 0.00153402 s^2, std = 0.0391665 s
	min   = 0.178477 s
	max   = 0.375042 s

GWNSampleFloodVoxelizer::selectSamples:
	33 trials
	total = 2.89391 s
	mean  = 0.0876941 s
	var   = 0.000390688 s^2, std = 0.0197658 s
	min   = 0.061163 s
	max   = 0.14064 s

GWNSampleFloodVoxelizer::evaluateSamples:
	33 trials
	total = 2.93773 s
	mean  = 0.0890222 s
	var   = 0.00418193 s^2, std = 0.0646678 s
	min   = 0.015041 s
	max   = 0.250029 s

GWNSampleFloodVoxelizer::flood:
	33 trials
	total = 40.8013 s
	mean  = 1.2364 s
	var   = 0.0677672 s^2, std = 0.260321 s
	min   = 0.812592 s
	max   = 1.8018 s


PrintJobVoxelizer: finalizing surfaces
PrintJobVoxelizer: 3873321 surface voxels
PrintJobVoxelizer: getting output subset
PrintJobVoxelizer: updating slice indices
TonalValueCalculator:  runs 17:36:53
slices [499, 549):
	channel 0: occupancy (dense)
	channel 1: opticalFeature (sparse)

SurfaceDistanceOrderedTransfer:  runs 17:36:53
slices [473, 549):
	channel 0: occupancy (dense)
	channel 1: surfaceDist (dense)

SurfaceDistanceOrderedTransfer: 473 499 523
LayerExtractor:  runs 17:36:58
slices [471, 523):
	channel 0: occupancy (dense)
	channel 1: surfaceDist (dense)
	channel 2: layer_000 (sparse)
	channel 3: layer_001 (sparse)
	channel 4: layer_002 (sparse)
	channel 5: layer_003 (sparse)
	channel 6: layer_004 (sparse)
	channel 7: layer_005 (sparse)
	channel 8: layer_006 (sparse)
	channel 9: layer_007 (sparse)

TonalLinearizer:  runs 17:37:0
slices [472, 522):
	channel 0: occupancy (dense)
	channel 1: surfaceDist (dense)
	channel 2: layer_000 (sparse)
	channel 3: layer_001 (sparse)
	channel 4: layer_002 (sparse)
	channel 5: layer_003 (sparse)
	channel 6: layer_004 (sparse)
	channel 7: layer_005 (sparse)
	channel 8: layer_006 (sparse)
	channel 9: layer_007 (sparse)

VectorLayerHalftoner: VectorLayerHalftoner error: no tonal values available

VectorLayerHalftoner:  runs 17:37:0
slices [460, 522):
	channel 0: occupancy (dense)
	channel 1: surfaceDist (dense)
	channel 2: layer_000 (sparse)
	channel 3: layer_001 (sparse)
	channel 4: layer_002 (sparse)
	channel 5: layer_003 (sparse)
	channel 6: layer_004 (sparse)
	channel 7: layer_005 (sparse)
	channel 8: layer_006 (sparse)
	channel 9: layer_007 (sparse)
	channel 10: intermedTonal_0 (sparse)
	channel 11: intermedTonal_1 (sparse)
	channel 12: intermedTonal_2 (sparse)
	channel 13: intermedTonal_3 (sparse)
	channel 14: intermedTonal_4 (sparse)
	channel 15: intermedTonal_5 (sparse)
	channel 16: intermedTonal_6 (sparse)
	channel 17: intermedTonal_7 (sparse)
	channel 18: quantizedTonal (sparse)
	channel 19: errorDiffInfo2 (sparse)
	channel 20: distanceToEmpty (sparse)
	channel 21: errorDiffInfo3 (sparse)
	channel 22: errorDiffInfo4 (sparse)
	channel 23: errorDiffInfo5 (sparse)
	channel 24: errorDiffInfo6 (sparse)
	channel 25: errorDiffInfo7 (sparse)
	channel 26: errorDiffInfo8 (sparse)
	channel 27: errorDiffInfo9 (sparse)

SlaveReporter:  runs 17:37:12
slices [460, 510):
	channel 0: material (dense)
	channel 1: occupancy (dense)

PrintJobVoxelizer:  runs 17:37:12

PrintJobVoxelizer: setting up slices
PrintJobVoxelizer: rasterizing objects
PrintJobVoxelizer: creating rasterizer
PrintJobVoxelizer: rasterizing object 1
PrintJobVoxelizer: rasterizing object 2
PrintJobVoxelizer: rasterizing object 3
Rasterizer::rasterize:
	36 trials
	total = 19.5005 s
	mean  = 0.541681 s
	var   = 0.0663623 s^2, std = 0.257609 s
	min   = 0.120349 s
	max   = 1.03137 s


PrintJobVoxelizer: voxelizing objects
Object 1 ROI: [0 0 0] --> [946 303 50]
GWNSampleFloodVoxelizer: number of samples: 197
GWNSampleFloodVoxelizer: samples evaluated
GWNSampleFloodVoxelizer: adaptive threshold = 0.498039
GWNSampleFloodVoxelizer: flooding complete
Voxelization: solid angle evaluations per voxel: 0.258953

Object 2 ROI: [0 314 0] --> [946 617 50]
GWNSampleFloodVoxelizer: number of samples: 196
GWNSampleFloodVoxelizer: samples evaluated
GWNSampleFloodVoxelizer: adaptive threshold = 0.498039
GWNSampleFloodVoxelizer: flooding complete
Voxelization: solid angle evaluations per voxel: 0.517535

Object 3 ROI: [0 628 0] --> [946 822 50]
GWNSampleFloodVoxelizer: number of samples: 92
GWNSampleFloodVoxelizer: samples evaluated
GWNSampleFloodVoxelizer: adaptive threshold = 0.498039
GWNSampleFloodVoxelizer: flooding complete
Voxelization: solid angle evaluations per voxel: 0.560866

GWNSampleFloodVoxelizer::voxelize:
	36 trials
	total = 63.9231 s
	mean  = 1.77564 s
	var   = 0.1136 s^2, std = 0.337046 s
	min   = 1.21889 s
	max   = 2.50028 s

GWNSampleFloodVoxelizer::initIndicator:
	36 trials
	total = 8.33773 s
	mean  = 0.231603 s
	var   = 0.00152491 s^2, std = 0.0390501 s
	min   = 0.178477 s
	max   = 0.375042 s

GWNSampleFloodVoxelizer::selectSamples:
	36 trials
	total = 3.23769 s
	mean  = 0.0899359 s
	var   = 0.000432669 s^2, std = 0.0208007 s
	min   = 0.061163 s
	max   = 0.14064 s

GWNSampleFloodVoxelizer::evaluateSamples:
	36 trials
	total = 3.35965 s
	mean  = 0.0933236 s
	var   = 0.00454912 s^2, std = 0.0674471 s
	min   = 0.015041 s
	max   = 0.250029 s

GWNSampleFloodVoxelizer::flood:
	36 trials
	total = 45.8175 s
	mean  = 1.27271 s
	var   = 0.0780435 s^2, std = 0.279363 s
	min   = 0.812592 s
	max   = 1.8018 s


PrintJobVoxelizer: finalizing surfaces
PrintJobVoxelizer: 4190308 surface voxels
PrintJobVoxelizer: getting output subset
PrintJobVoxelizer: updating slice indices
TonalValueCalculator:  runs 17:37:21
slices [549, 599):
	channel 0: occupancy (dense)
	channel 1: opticalFeature (sparse)

SurfaceDistanceOrderedTransfer:  runs 17:37:21
slices [523, 599):
	channel 0: occupancy (dense)
	channel 1: surfaceDist (dense)

SurfaceDistanceOrderedTransfer: 523 549 573
LayerExtractor:  runs 17:37:25
slices [521, 573):
	channel 0: occupancy (dense)
	channel 1: surfaceDist (dense)
	channel 2: layer_000 (sparse)
	channel 3: layer_001 (sparse)
	channel 4: layer_002 (sparse)
	channel 5: layer_003 (sparse)
	channel 6: layer_004 (sparse)
	channel 7: layer_005 (sparse)
	channel 8: layer_006 (sparse)
	channel 9: layer_007 (sparse)

TonalLinearizer:  runs 17:37:27
slices [522, 572):
	channel 0: occupancy (dense)
	channel 1: surfaceDist (dense)
	channel 2: layer_000 (sparse)
	channel 3: layer_001 (sparse)
	channel 4: layer_002 (sparse)
	channel 5: layer_003 (sparse)
	channel 6: layer_004 (sparse)
	channel 7: layer_005 (sparse)
	channel 8: layer_006 (sparse)
	channel 9: layer_007 (sparse)

VectorLayerHalftoner: VectorLayerHalftoner error: no tonal values available

VectorLayerHalftoner:  runs 17:37:27
slices [510, 572):
	channel 0: occupancy (dense)
	channel 1: surfaceDist (dense)
	channel 2: layer_000 (sparse)
	channel 3: layer_001 (sparse)
	channel 4: layer_002 (sparse)
	channel 5: layer_003 (sparse)
	channel 6: layer_004 (sparse)
	channel 7: layer_005 (sparse)
	channel 8: layer_006 (sparse)
	channel 9: layer_007 (sparse)
	channel 10: intermedTonal_0 (sparse)
	channel 11: intermedTonal_1 (sparse)
	channel 12: intermedTonal_2 (sparse)
	channel 13: intermedTonal_3 (sparse)
	channel 14: intermedTonal_4 (sparse)
	channel 15: intermedTonal_5 (sparse)
	channel 16: intermedTonal_6 (sparse)
	channel 17: intermedTonal_7 (sparse)
	channel 18: quantizedTonal (sparse)
	channel 19: errorDiffInfo2 (sparse)
	channel 20: distanceToEmpty (sparse)
	channel 21: errorDiffInfo3 (sparse)
	channel 22: errorDiffInfo4 (sparse)
	channel 23: errorDiffInfo5 (sparse)
	channel 24: errorDiffInfo6 (sparse)
	channel 25: errorDiffInfo7 (sparse)
	channel 26: errorDiffInfo8 (sparse)
	channel 27: errorDiffInfo9 (sparse)

SlaveReporter:  runs 17:37:38
slices [510, 560):
	channel 0: material (dense)
	channel 1: occupancy (dense)

PrintJobVoxelizer:  runs 17:37:38

PrintJobVoxelizer: setting up slices
PrintJobVoxelizer: rasterizing objects
PrintJobVoxelizer: creating rasterizer
PrintJobVoxelizer: rasterizing object 1
PrintJobVoxelizer: rasterizing object 2
PrintJobVoxelizer: rasterizing object 3
Rasterizer::rasterize:
	39 trials
	total = 21.3913 s
	mean  = 0.548496 s
	var   = 0.0737807 s^2, std = 0.271626 s
	min   = 0.093764 s
	max   = 1.03137 s


PrintJobVoxelizer: voxelizing objects
Object 1 ROI: [0 0 0] --> [946 303 50]
GWNSampleFloodVoxelizer: number of samples: 271
GWNSampleFloodVoxelizer: samples evaluated
GWNSampleFloodVoxelizer: adaptive threshold = 0.498039
GWNSampleFloodVoxelizer: flooding complete
Voxelization: solid angle evaluations per voxel: 0.394007

Object 2 ROI: [0 314 0] --> [946 617 50]
GWNSampleFloodVoxelizer: number of samples: 272
GWNSampleFloodVoxelizer: samples evaluated
GWNSampleFloodVoxelizer: adaptive threshold = 0.498039
GWNSampleFloodVoxelizer: flooding complete
Voxelization: solid angle evaluations per voxel: 0.790367

Object 3 ROI: [0 628 0] --> [946 822 5]
GWNSampleFloodVoxelizer: number of samples: 22
GWNSampleFloodVoxelizer: samples evaluated
GWNSampleFloodVoxelizer: adaptive threshold = 0.498039
GWNSampleFloodVoxelizer: flooding complete
Voxelization: solid angle evaluations per voxel: 0.800728

GWNSampleFloodVoxelizer::voxelize:
	39 trials
	total = 70.3301 s
	mean  = 1.80334 s
	var   = 0.128448 s^2, std = 0.358396 s
	min   = 1.21889 s
	max   = 2.54716 s

GWNSampleFloodVoxelizer::initIndicator:
	39 trials
	total = 9.1198 s
	mean  = 0.233841 s
	var   = 0.00159679 s^2, std = 0.0399598 s
	min   = 0.178477 s
	max   = 0.375042 s

GWNSampleFloodVoxelizer::selectSamples:
	39 trials
	total = 3.48772 s
	mean  = 0.0894288 s
	var   = 0.000675867 s^2, std = 0.0259974 s
	min   = 0 s
	max   = 0.14064 s

GWNSampleFloodVoxelizer::evaluateSamples:
	39 trials
	total = 3.96909 s
	mean  = 0.101772 s
	var   = 0.00646985 s^2, std = 0.0804354 s
	min   = 0.015041 s
	max   = 0.312535 s

GWNSampleFloodVoxelizer::flood:
	39 trials
	total = 50.3287 s
	mean  = 1.29048 s
	var   = 0.0795441 s^2, std = 0.282036 s
	min   = 0.812592 s
	max   = 1.8018 s


PrintJobVoxelizer: finalizing surfaces
PrintJobVoxelizer: 4502277 surface voxels
PrintJobVoxelizer: getting output subset
PrintJobVoxelizer: updating slice indices
TonalValueCalculator:  runs 17:37:47
slices [599, 649):
	channel 0: occupancy (dense)
	channel 1: opticalFeature (sparse)

SurfaceDistanceOrderedTransfer:  runs 17:37:47
slices [573, 649):
	channel 0: occupancy (dense)
	channel 1: surfaceDist (dense)

SurfaceDistanceOrderedTransfer: 573 599 623
LayerExtractor:  runs 17:37:52
slices [571, 623):
	channel 0: occupancy (dense)
	channel 1: surfaceDist (dense)
	channel 2: layer_000 (sparse)
	channel 3: layer_001 (sparse)
	channel 4: layer_002 (sparse)
	channel 5: layer_003 (sparse)
	channel 6: layer_004 (sparse)
	channel 7: layer_005 (sparse)
	channel 8: layer_006 (sparse)
	channel 9: layer_007 (sparse)

TonalLinearizer:  runs 17:37:54
slices [572, 622):
	channel 0: occupancy (dense)
	channel 1: surfaceDist (dense)
	channel 2: layer_000 (sparse)
	channel 3: layer_001 (sparse)
	channel 4: layer_002 (sparse)
	channel 5: layer_003 (sparse)
	channel 6: layer_004 (sparse)
	channel 7: layer_005 (sparse)
	channel 8: layer_006 (sparse)
	channel 9: layer_007 (sparse)

VectorLayerHalftoner: VectorLayerHalftoner error: no tonal values available

VectorLayerHalftoner:  runs 17:37:54
slices [560, 622):
	channel 0: occupancy (dense)
	channel 1: surfaceDist (dense)
	channel 2: layer_000 (sparse)
	channel 3: layer_001 (sparse)
	channel 4: layer_002 (sparse)
	channel 5: layer_003 (sparse)
	channel 6: layer_004 (sparse)
	channel 7: layer_005 (sparse)
	channel 8: layer_006 (sparse)
	channel 9: layer_007 (sparse)
	channel 10: intermedTonal_0 (sparse)
	channel 11: intermedTonal_1 (sparse)
	channel 12: intermedTonal_2 (sparse)
	channel 13: intermedTonal_3 (sparse)
	channel 14: intermedTonal_4 (sparse)
	channel 15: intermedTonal_5 (sparse)
	channel 16: intermedTonal_6 (sparse)
	channel 17: intermedTonal_7 (sparse)
	channel 18: quantizedTonal (sparse)
	channel 19: errorDiffInfo2 (sparse)
	channel 20: distanceToEmpty (sparse)
	channel 21: errorDiffInfo3 (sparse)
	channel 22: errorDiffInfo4 (sparse)
	channel 23: errorDiffInfo5 (sparse)
	channel 24: errorDiffInfo6 (sparse)
	channel 25: errorDiffInfo7 (sparse)
	channel 26: errorDiffInfo8 (sparse)
	channel 27: errorDiffInfo9 (sparse)

SlaveReporter:  runs 17:38:4
slices [560, 610):
	channel 0: material (dense)
	channel 1: occupancy (dense)

PrintJobVoxelizer:  runs 17:38:4

PrintJobVoxelizer: setting up slices
PrintJobVoxelizer: rasterizing objects
PrintJobVoxelizer: creating rasterizer
PrintJobVoxelizer: rasterizing object 1
PrintJobVoxelizer: rasterizing object 2
PrintJobVoxelizer: rasterizing object 3
Rasterizer::rasterize:
	42 trials
	total = 22.9853 s
	mean  = 0.547268 s
	var   = 0.0781581 s^2, std = 0.279568 s
	min   = 0.015627 s
	max   = 1.03137 s


PrintJobVoxelizer: voxelizing objects
Object 1 ROI: [0 0 0] --> [946 303 50]
GWNSampleFloodVoxelizer: number of samples: 220
GWNSampleFloodVoxelizer: samples evaluated
GWNSampleFloodVoxelizer: adaptive threshold = 0.498039
GWNSampleFloodVoxelizer: flooding complete
Voxelization: solid angle evaluations per voxel: 0.297606

Object 2 ROI: [0 314 0] --> [946 617 50]
GWNSampleFloodVoxelizer: number of samples: 216
GWNSampleFloodVoxelizer: samples evaluated
GWNSampleFloodVoxelizer: adaptive threshold = 0.498039
GWNSampleFloodVoxelizer: flooding complete
Voxelization: solid angle evaluations per voxel: 0.590427

Object 3 ROI: [0 628 0] --> [946 822 0]
GWNSampleFloodVoxelizer: number of samples: 0
GWNSampleFloodVoxelizer: samples evaluated
GWNSampleFloodVoxelizer: adaptive threshold = 0.498039
GWNSampleFloodVoxelizer: flooding complete
Voxelization: solid angle evaluations per voxel: 0.590427

GWNSampleFloodVoxelizer::voxelize:
	42 trials
	total = 75.8151 s
	mean  = 1.80512 s
	var   = 0.196389 s^2, std = 0.443158 s
	min   = 0.375043 s
	max   = 2.57842 s

GWNSampleFloodVoxelizer::initIndicator:
	42 trials
	total = 9.96364 s
	mean  = 0.23723 s
	var   = 0.00163287 s^2, std = 0.0404088 s
	min   = 0.178477 s
	max   = 0.375042 s

GWNSampleFloodVoxelizer::selectSamples:
	42 trials
	total = 3.7065 s
	mean  = 0.08825 s
	var   = 0.000839483 s^2, std = 0.0289738 s
	min   = 0 s
	max   = 0.14064 s

GWNSampleFloodVoxelizer::evaluateSamples:
	42 trials
	total = 4.37539 s
	mean  = 0.104176 s
	var   = 0.00674447 s^2, std = 0.0821247 s
	min   = 0 s
	max   = 0.312535 s

GWNSampleFloodVoxelizer::flood:
	42 trials
	total = 54.0635 s
	mean  = 1.28723 s
	var   = 0.130594 s^2, std = 0.361377 s
	min   = 0 s
	max   = 1.89084 s


PrintJobVoxelizer: finalizing surfaces
PrintJobVoxelizer: 4746125 surface voxels
PrintJobVoxelizer: getting output subset
PrintJobVoxelizer: updating slice indices
TonalValueCalculator:  runs 17:38:12
slices [649, 699):
	channel 0: occupancy (dense)
	channel 1: opticalFeature (sparse)

SurfaceDistanceOrderedTransfer:  runs 17:38:12
slices [623, 699):
	channel 0: occupancy (dense)
	channel 1: surfaceDist (dense)

SurfaceDistanceOrderedTransfer: 623 649 673
LayerExtractor:  runs 17:38:16
slices [621, 673):
	channel 0: occupancy (dense)
	channel 1: surfaceDist (dense)
	channel 2: layer_000 (sparse)
	channel 3: layer_001 (sparse)
	channel 4: layer_002 (sparse)
	channel 5: layer_003 (sparse)
	channel 6: layer_004 (sparse)
	channel 7: layer_005 (sparse)
	channel 8: layer_006 (sparse)
	channel 9: layer_007 (sparse)

TonalLinearizer:  runs 17:38:18
slices [622, 672):
	channel 0: occupancy (dense)
	channel 1: surfaceDist (dense)
	channel 2: layer_000 (sparse)
	channel 3: layer_001 (sparse)
	channel 4: layer_002 (sparse)
	channel 5: layer_003 (sparse)
	channel 6: layer_004 (sparse)
	channel 7: layer_005 (sparse)
	channel 8: layer_006 (sparse)
	channel 9: layer_007 (sparse)

VectorLayerHalftoner: VectorLayerHalftoner error: no tonal values available

VectorLayerHalftoner:  runs 17:38:18
slices [610, 672):
	channel 0: occupancy (dense)
	channel 1: surfaceDist (dense)
	channel 2: layer_000 (sparse)
	channel 3: layer_001 (sparse)
	channel 4: layer_002 (sparse)
	channel 5: layer_003 (sparse)
	channel 6: layer_004 (sparse)
	channel 7: layer_005 (sparse)
	channel 8: layer_006 (sparse)
	channel 9: layer_007 (sparse)
	channel 10: intermedTonal_0 (sparse)
	channel 11: intermedTonal_1 (sparse)
	channel 12: intermedTonal_2 (sparse)
	channel 13: intermedTonal_3 (sparse)
	channel 14: intermedTonal_4 (sparse)
	channel 15: intermedTonal_5 (sparse)
	channel 16: intermedTonal_6 (sparse)
	channel 17: intermedTonal_7 (sparse)
	channel 18: quantizedTonal (sparse)
	channel 19: errorDiffInfo2 (sparse)
	channel 20: distanceToEmpty (sparse)
	channel 21: errorDiffInfo3 (sparse)
	channel 22: errorDiffInfo4 (sparse)
	channel 23: errorDiffInfo5 (sparse)
	channel 24: errorDiffInfo6 (sparse)
	channel 25: errorDiffInfo7 (sparse)
	channel 26: errorDiffInfo8 (sparse)
	channel 27: errorDiffInfo9 (sparse)

SlaveReporter:  runs 17:38:27
slices [610, 660):
	channel 0: material (dense)
	channel 1: occupancy (dense)

PrintJobVoxelizer:  runs 17:38:27

PrintJobVoxelizer: setting up slices
PrintJobVoxelizer: rasterizing objects
PrintJobVoxelizer: creating rasterizer
PrintJobVoxelizer: rasterizing object 1
PrintJobVoxelizer: rasterizing object 2
PrintJobVoxelizer: rasterizing object 3
Rasterizer::rasterize:
	45 trials
	total = 23.751 s
	mean  = 0.5278 s
	var   = 0.0804798 s^2, std = 0.28369 s
	min   = 0 s
	max   = 1.03137 s


PrintJobVoxelizer: voxelizing objects
Object 1 ROI: [0 0 0] --> [946 303 50]
GWNSampleFloodVoxelizer: number of samples: 106
GWNSampleFloodVoxelizer: samples evaluated
GWNSampleFloodVoxelizer: adaptive threshold = 0.498039
GWNSampleFloodVoxelizer: flooding complete
Voxelization: solid angle evaluations per voxel: 0.0901001

Object 2 ROI: [0 314 0] --> [946 617 50]
GWNSampleFloodVoxelizer: number of samples: 107
GWNSampleFloodVoxelizer: samples evaluated
GWNSampleFloodVoxelizer: adaptive threshold = 0.498039
GWNSampleFloodVoxelizer: flooding complete
Voxelization: solid angle evaluations per voxel: 0.180549

Object 3 ROI: [0 628 0] --> [946 822 0]
GWNSampleFloodVoxelizer: number of samples: 0
GWNSampleFloodVoxelizer: samples evaluated
GWNSampleFloodVoxelizer: adaptive threshold = 0.498039
GWNSampleFloodVoxelizer: flooding complete
Voxelization: solid angle evaluations per voxel: 0.180549

GWNSampleFloodVoxelizer::voxelize:
	45 trials
	total = 81.1594 s
	mean  = 1.80354 s
	var   = 0.249111 s^2, std = 0.49911 s
	min   = 0.375043 s
	max   = 2.57842 s

GWNSampleFloodVoxelizer::initIndicator:
	45 trials
	total = 10.7762 s
	mean  = 0.239472 s
	var   = 0.00159723 s^2, std = 0.0399653 s
	min   = 0.178477 s
	max   = 0.375042 s

GWNSampleFloodVoxelizer::selectSamples:
	45 trials
	total = 3.92527 s
	mean  = 0.0872283 s
	var   = 0.000978489 s^2, std = 0.0312808 s
	min   = 0 s
	max   = 0.14064 s

GWNSampleFloodVoxelizer::evaluateSamples:
	45 trials
	total = 4.5004 s
	mean  = 0.100009 s
	var   = 0.00659244 s^2, std = 0.0811938 s
	min   = 0 s
	max   = 0.312535 s

GWNSampleFloodVoxelizer::flood:
	45 trials
	total = 57.9546 s
	mean  = 1.28788 s
	var   = 0.179182 s^2, std = 0.423298 s
	min   = 0 s
	max   = 2.00023 s


PrintJobVoxelizer: finalizing surfaces
PrintJobVoxelizer: 4831842 surface voxels
PrintJobVoxelizer: getting output subset
PrintJobVoxelizer: updating slice indices
TonalValueCalculator:  runs 17:38:34
slices [699, 749):
	channel 0: occupancy (dense)
	channel 1: opticalFeature (sparse)

SurfaceDistanceOrderedTransfer:  runs 17:38:34
slices [673, 749):
	channel 0: occupancy (dense)
	channel 1: surfaceDist (dense)

SurfaceDistanceOrderedTransfer: 673 699 723
LayerExtractor:  runs 17:38:39
slices [671, 723):
	channel 0: occupancy (dense)
	channel 1: surfaceDist (dense)
	channel 2: layer_000 (sparse)
	channel 3: layer_001 (sparse)
	channel 4: layer_002 (sparse)
	channel 5: layer_003 (sparse)
	channel 6: layer_004 (sparse)
	channel 7: layer_005 (sparse)
	channel 8: layer_006 (sparse)
	channel 9: layer_007 (sparse)

TonalLinearizer:  runs 17:38:39
slices [672, 722):
	channel 0: occupancy (dense)
	channel 1: surfaceDist (dense)
	channel 2: layer_000 (sparse)
	channel 3: layer_001 (sparse)
	channel 4: layer_002 (sparse)
	channel 5: layer_003 (sparse)
	channel 6: layer_004 (sparse)
	channel 7: layer_005 (sparse)
	channel 8: layer_006 (sparse)
	channel 9: layer_007 (sparse)

VectorLayerHalftoner: VectorLayerHalftoner error: no tonal values available

VectorLayerHalftoner:  runs 17:38:40
slices [660, 722):
	channel 0: occupancy (dense)
	channel 1: surfaceDist (dense)
	channel 2: layer_000 (sparse)
	channel 3: layer_001 (sparse)
	channel 4: layer_002 (sparse)
	channel 5: layer_003 (sparse)
	channel 6: layer_004 (sparse)
	channel 7: layer_005 (sparse)
	channel 8: layer_006 (sparse)
	channel 9: layer_007 (sparse)
	channel 10: intermedTonal_0 (sparse)
	channel 11: intermedTonal_1 (sparse)
	channel 12: intermedTonal_2 (sparse)
	channel 13: intermedTonal_3 (sparse)
	channel 14: intermedTonal_4 (sparse)
	channel 15: intermedTonal_5 (sparse)
	channel 16: intermedTonal_6 (sparse)
	channel 17: intermedTonal_7 (sparse)
	channel 18: quantizedTonal (sparse)
	channel 19: errorDiffInfo2 (sparse)
	channel 20: distanceToEmpty (sparse)
	channel 21: errorDiffInfo3 (sparse)
	channel 22: errorDiffInfo4 (sparse)
	channel 23: errorDiffInfo5 (sparse)
	channel 24: errorDiffInfo6 (sparse)
	channel 25: errorDiffInfo7 (sparse)
	channel 26: errorDiffInfo8 (sparse)
	channel 27: errorDiffInfo9 (sparse)

SlaveReporter:  runs 17:38:46
slices [660, 710):
	channel 0: material (dense)
	channel 1: occupancy (dense)

PrintJobVoxelizer:  runs 17:38:46

PrintJobVoxelizer: setting up slices
PrintJobVoxelizer: rasterizing objects
PrintJobVoxelizer: creating rasterizer
PrintJobVoxelizer: rasterizing object 1
PrintJobVoxelizer: rasterizing object 2
PrintJobVoxelizer: rasterizing object 3
Rasterizer::rasterize:
	48 trials
	total = 24.1885 s
	mean  = 0.503928 s
	var   = 0.0847932 s^2, std = 0.291193 s
	min   = 0 s
	max   = 1.03137 s


PrintJobVoxelizer: voxelizing objects
Object 1 ROI: [0 0 0] --> [946 303 27]
GWNSampleFloodVoxelizer: number of samples: 86
GWNSampleFloodVoxelizer: samples evaluated
GWNSampleFloodVoxelizer: adaptive threshold = 0.498039
GWNSampleFloodVoxelizer: flooding complete
Voxelization: solid angle evaluations per voxel: 0.0559479

Object 2 ROI: [0 314 0] --> [946 617 27]
GWNSampleFloodVoxelizer: number of samples: 86
GWNSampleFloodVoxelizer: samples evaluated
GWNSampleFloodVoxelizer: adaptive threshold = 0.498039
GWNSampleFloodVoxelizer: flooding complete
Voxelization: solid angle evaluations per voxel: 0.111896

Object 3 ROI: [0 628 0] --> [946 822 0]
GWNSampleFloodVoxelizer: number of samples: 0
GWNSampleFloodVoxelizer: samples evaluated
GWNSampleFloodVoxelizer: adaptive threshold = 0.498039
GWNSampleFloodVoxelizer: flooding complete
Voxelization: solid angle evaluations per voxel: 0.111896

GWNSampleFloodVoxelizer::voxelize:
	48 trials
	total = 84.1442 s
	mean  = 1.753 s
	var   = 0.293728 s^2, std = 0.541967 s
	min   = 0.187521 s
	max   = 2.57842 s

GWNSampleFloodVoxelizer::initIndicator:
	48 trials
	total = 11.2138 s
	mean  = 0.23362 s
	var   = 0.00202326 s^2, std = 0.0449806 s
	min   = 0.14064 s
	max   = 0.375042 s

GWNSampleFloodVoxelizer::selectSamples:
	48 trials
	total = 4.08154 s
	mean  = 0.0850321 s
	var   = 0.00108691 s^2, std = 0.0329683 s
	min   = 0 s
	max   = 0.14064 s

GWNSampleFloodVoxelizer::evaluateSamples:
	48 trials
	total = 4.60979 s
	mean  = 0.0960373 s
	var   = 0.0064791 s^2, std = 0.0804929 s
	min   = 0 s
	max   = 0.312535 s

GWNSampleFloodVoxelizer::flood:
	48 trials
	total = 60.0955 s
	mean  = 1.25199 s
	var   = 0.204877 s^2, std = 0.452633 s
	min   = 0 s
	max   = 2.00023 s


PrintJobVoxelizer: finalizing surfaces
PrintJobVoxelizer: 4843326 surface voxels
PrintJobVoxelizer: getting output subset
PrintJobVoxelizer: updating slice indices
TonalValueCalculator:  runs 17:38:50
slices [749, 777):
	channel 0: occupancy (dense)
	channel 1: opticalFeature (sparse)

SurfaceDistanceOrderedTransfer:  runs 17:38:50
slices [723, 777):
	channel 0: occupancy (dense)
	channel 1: surfaceDist (dense)

SurfaceDistanceOrderedTransfer: 723 749 777
LayerExtractor:  runs 17:38:54
slices [721, 777):
	channel 0: occupancy (dense)
	channel 1: surfaceDist (dense)
	channel 2: layer_000 (sparse)
	channel 3: layer_001 (sparse)
	channel 4: layer_002 (sparse)
	channel 5: layer_003 (sparse)
	channel 6: layer_004 (sparse)
	channel 7: layer_005 (sparse)
	channel 8: layer_006 (sparse)
	channel 9: layer_007 (sparse)

TonalLinearizer:  runs 17:38:55
slices [722, 777):
	channel 0: occupancy (dense)
	channel 1: surfaceDist (dense)
	channel 2: layer_000 (sparse)
	channel 3: layer_001 (sparse)
	channel 4: layer_002 (sparse)
	channel 5: layer_003 (sparse)
	channel 6: layer_004 (sparse)
	channel 7: layer_005 (sparse)
	channel 8: layer_006 (sparse)
	channel 9: layer_007 (sparse)

VectorLayerHalftoner: VectorLayerHalftoner error: no tonal values available

VectorLayerHalftoner:  runs 17:38:55
slices [710, 777):
	channel 0: occupancy (dense)
	channel 1: surfaceDist (dense)
	channel 2: layer_000 (sparse)
	channel 3: layer_001 (sparse)
	channel 4: layer_002 (sparse)
	channel 5: layer_003 (sparse)
	channel 6: layer_004 (sparse)
	channel 7: layer_005 (sparse)
	channel 8: layer_006 (sparse)
	channel 9: layer_007 (sparse)
	channel 10: intermedTonal_0 (sparse)
	channel 11: intermedTonal_1 (sparse)
	channel 12: intermedTonal_2 (sparse)
	channel 13: intermedTonal_3 (sparse)
	channel 14: intermedTonal_4 (sparse)
	channel 15: intermedTonal_5 (sparse)
	channel 16: intermedTonal_6 (sparse)
	channel 17: intermedTonal_7 (sparse)
	channel 18: quantizedTonal (sparse)
	channel 19: errorDiffInfo2 (sparse)
	channel 20: distanceToEmpty (sparse)
	channel 21: errorDiffInfo3 (sparse)
	channel 22: errorDiffInfo4 (sparse)
	channel 23: errorDiffInfo5 (sparse)
	channel 24: errorDiffInfo6 (sparse)
	channel 25: errorDiffInfo7 (sparse)
	channel 26: errorDiffInfo8 (sparse)
	channel 27: errorDiffInfo9 (sparse)

SlaveReporter:  runs 17:38:59
slices [710, 777):
	channel 0: material (dense)
	channel 1: occupancy (dense)

Computation finished 

Status: success
Slave Node  2 :Total execution time in seconds 437.539

