Warning:json file inside profile could not be parsed 

GL version: 4.4.0

Warning: there is no json file embedded inside profile 

FileParserPJ: initializing
PrintJobOrganizer: initializing
MasterDistributor: initializing
MasterMerger: initializing
SliceDebugger: initializing
FileParserPJ:  runs 16:8:14

FileParserPJ: loading OBJ file

244921 vertices
489840 faces

FileParserPJ: 245383 texture coordinates

FileParserPJ: 245383 vertices after duplication

FileParserPJ: //filer-igd2.igd.fraunhofer.de/igd-3dt/shared/3DModels/Head/HeadMTL/Head_Level3.obj parsed: 245383 vertices and 489840 faces

FileParserPJ: loading jpg file

FileParserPJ: loading OBJ file

9992 vertices
18312 faces

FileParserPJ: 9437 texture coordinates

FileParserPJ: //filer-igd2.igd.fraunhofer.de/igd-3dt/shared/3DModels/Dame/Dame.obj parsed: 9992 vertices and 18312 faces

FileParserPJ: loading jpg file

FileParserPJ: loading OBJ file

244921 vertices
489840 faces

FileParserPJ: 245383 texture coordinates

FileParserPJ: 245383 vertices after duplication

FileParserPJ: //filer-igd2.igd.fraunhofer.de/igd-3dt/shared/3DModels/Head/HeadMTL/Head_Level3.obj parsed: 245383 vertices and 489840 faces

FileParserPJ: loading jpg file

FileParserPJ: loading OBJ file

9992 vertices
18312 faces

FileParserPJ: 9437 texture coordinates

FileParserPJ: //filer-igd2.igd.fraunhofer.de/igd-3dt/shared/3DModels/Dame/Dame.obj parsed: 9992 vertices and 18312 faces

FileParserPJ: loading jpg file

FileParserPJ: loading OBJ file

244921 vertices
489840 faces

FileParserPJ: 245383 texture coordinates

FileParserPJ: 245383 vertices after duplication

FileParserPJ: //filer-igd2.igd.fraunhofer.de/igd-3dt/shared/3DModels/Head/HeadMTL/Head_Level3.obj parsed: 245383 vertices and 489840 faces

FileParserPJ: loading jpg file

FileParserPJ: loading OBJ file

9992 vertices
18312 faces

FileParserPJ: 9437 texture coordinates

FileParserPJ: //filer-igd2.igd.fraunhofer.de/igd-3dt/shared/3DModels/Dame/Dame.obj parsed: 9992 vertices and 18312 faces

FileParserPJ: loading jpg file

FileParserPJ: loading OBJ file

244921 vertices
489840 faces

FileParserPJ: 245383 texture coordinates

FileParserPJ: 245383 vertices after duplication

FileParserPJ: //filer-igd2.igd.fraunhofer.de/igd-3dt/shared/3DModels/Head/HeadMTL/Head_Level3.obj parsed: 245383 vertices and 489840 faces

FileParserPJ: loading jpg file

FileParserPJ: loading OBJ file

9992 vertices
18312 faces

FileParserPJ: 9437 texture coordinates

FileParserPJ: //filer-igd2.igd.fraunhofer.de/igd-3dt/shared/3DModels/Dame/Dame.obj parsed: 9992 vertices and 18312 faces

FileParserPJ: loading jpg file

FileParserPJ: loading OBJ file

244921 vertices
489840 faces

FileParserPJ: 245383 texture coordinates

FileParserPJ: 245383 vertices after duplication

FileParserPJ: //filer-igd2.igd.fraunhofer.de/igd-3dt/shared/3DModels/Head/HeadMTL/Head_Level3.obj parsed: 245383 vertices and 489840 faces

FileParserPJ: loading jpg file

FileParserPJ: loading OBJ file

9992 vertices
18312 faces

FileParserPJ: 9437 texture coordinates

FileParserPJ: //filer-igd2.igd.fraunhofer.de/igd-3dt/shared/3DModels/Dame/Dame.obj parsed: 9992 vertices and 18312 faces

FileParserPJ: loading jpg file

FileParserPJ: Input files parsed

PrintJobOrganizer:  runs 16:8:34

centering objects at origin
optimizing rotation for height
scaling objects
optimizing rotation for support use
PrintJobOrganizer: support cost         = 25.4851
support cost flipped = 22.9004

PrintJobOrganizer: support cost         = 10.7798
support cost flipped = 10.8551

PrintJobOrganizer: support cost         = 25.4851
support cost flipped = 22.9004

PrintJobOrganizer: support cost         = 10.7798
support cost flipped = 10.8551

PrintJobOrganizer: support cost         = 25.4851
support cost flipped = 22.9004

PrintJobOrganizer: support cost         = 10.7798
support cost flipped = 10.8551

PrintJobOrganizer: support cost         = 25.4851
support cost flipped = 22.9004

PrintJobOrganizer: support cost         = 10.7798
support cost flipped = 10.8551

PrintJobOrganizer: support cost         = 25.4851
support cost flipped = 22.9004

PrintJobOrganizer: support cost         = 10.7798
support cost flipped = 10.8551

arranging objects in 2D
validating object placement
PrintJobOrganizer: print object 1 print-space bounding box: (0.00211667, 0.00423333, 0.00135106), (8.00212, 5.12195, 4.19435)
PrintJobOrganizer: print object 2 print-space bounding box: (0.00211667, 5.32195, 0.00135106), (8.00212, 8.58807, 3.26645)
PrintJobOrganizer: print object 3 print-space bounding box: (0.00211667, 8.78807, 0.00135106), (8.00212, 13.9058, 4.19435)
PrintJobOrganizer: print object 4 print-space bounding box: (0.00211667, 14.1058, 0.00135106), (8.00212, 17.3719, 3.26645)
PrintJobOrganizer: print object 5 print-space bounding box: (0.00211667, 17.5719, 0.00135106), (8.00212, 22.6896, 4.19435)
PrintJobOrganizer: print object 6 print-space bounding box: (0.00211667, 22.8896, 0.00135106), (8.00212, 26.1557, 3.26645)
PrintJobOrganizer: print object 7 print-space bounding box: (0.00211667, 26.3557, 0.00135106), (8.00212, 31.4735, 4.19435)
PrintJobOrganizer: print object 8 print-space bounding box: (0.00211667, 31.6735, 0.00135106), (8.00212, 34.9396, 3.26645)
PrintJobOrganizer: print object 9 print-space bounding box: (8.20212, 0.00423333, 0.00135106), (16.2021, 5.12195, 4.19435)
PrintJobOrganizer: print object 10 print-space bounding box: (0.00211667, 35.1396, 0.00135106), (8.00212, 38.4057, 3.26645)
saving transforms to file
MasterDistributor:  runs 16:8:35

MasterDistributor::runInternal
MasterMerger:  runs 16:10:44

MasterMerger::runInternal
MasterMerger: metadata for thread : 1

MasterMerger: received height : 617

MasterMerger: received width : 946

MasterMerger: received num of slices : 777

MasterMerger: received chunk size : 10

MasterMerger: received path : //pc2215/SharedFolder/MasterThesis/Documentation/ThesisDocumentation/Results/ScenarioII-DifferentModels/ProtoI/Run3/DistributedComputing/Node_1/Node_1_ReportedSlices/

MasterMerger: metadata for thread : 2

MasterMerger: received height : 712

MasterMerger: received width : 946

MasterMerger: received num of slices : 777

MasterMerger: received chunk size : 10

MasterMerger: received path : //pc2215/SharedFolder/MasterThesis/Documentation/ThesisDocumentation/Results/ScenarioII-DifferentModels/ProtoI/Run3/DistributedComputing/Node_2/Node_2_ReportedSlices/

MasterMerger: metadata for thread : 3

MasterMerger: received height : 712

MasterMerger: received width : 946

MasterMerger: received num of slices : 777

MasterMerger: received chunk size : 10

MasterMerger: received path : //pc2215/SharedFolder/MasterThesis/Documentation/ThesisDocumentation/Results/ScenarioII-DifferentModels/ProtoI/Run3/DistributedComputing/Node_3/Node_3_ReportedSlices/

MasterMerger: metadata for thread : 4

MasterMerger: received height : 508

MasterMerger: received width : 946

MasterMerger: received num of slices : 777

MasterMerger: received chunk size : 10

MasterMerger: received path : //pc2215/SharedFolder/MasterThesis/Documentation/ThesisDocumentation/Results/ScenarioII-DifferentModels/ProtoI/Run3/DistributedComputing/Node_4/Node_4_ReportedSlices/

MasterMerger: Print Volume x:  5905.51

MasterMerger: Print Volume y:  2362.2

MasterMerger: Node id:  1

MasterMerger: Offset x : 0

MasterMerger: Offset y : 0

MasterMerger: Node id:  2

MasterMerger: Offset x : 0

MasterMerger: Offset y : 628.811

MasterMerger: Node id:  3

MasterMerger: Offset x : 0

MasterMerger: Offset y : 1352.62

MasterMerger: Node id:  4

MasterMerger: Offset x : 969.622

MasterMerger: Offset y : 0

MasterMerger: Added height is:617after adding height of slave 1

MasterMerger: Added height is:1329after adding height of slave 2

MasterMerger: Added height is:2041after adding height of slave 3

MasterMerger: Added height is:2549after adding height of slave 4

MasterMerger: Max height reached after adding slave 4 so first list index is 3

MasterMerger: m_fullSliceHt : 2362

MasterMerger: Sum of heights has crossed the print bed height

MasterMerger: Start Index0

MasterMerger: End Index3

MasterMerger: Maximum Current Width is0

MasterMerger: Maximum Current Width is946

MasterMerger: Maximum Current Width is946

MasterMerger: Total current width946

MasterMerger: Start Index3

MasterMerger: End Index4

MasterMerger: Maximum Current Width is0

MasterMerger: Total current width1892

MasterMerger: m_fullSliceWidth : 1940

MasterMerger: m_numSlices : 777

MasterMerger: m_chunkSize : 10

MasterMerger::addSlice called

SliceDebugger:  runs 16:11:53
slices [0, 10):
	channel 0: material (dense)

MasterMerger:  runs 16:11:54

SliceDebugger:  runs 16:11:54
slices [10, 20):
	channel 0: material (dense)

MasterMerger:  runs 16:11:55

SliceDebugger:  runs 16:12:50
slices [20, 30):
	channel 0: material (dense)

MasterMerger:  runs 16:12:51

SliceDebugger:  runs 16:12:51
slices [30, 40):
	channel 0: material (dense)

MasterMerger:  runs 16:12:52

SliceDebugger:  runs 16:13:33
slices [40, 50):
	channel 0: material (dense)

MasterMerger:  runs 16:13:34

SliceDebugger:  runs 16:13:43
slices [50, 60):
	channel 0: material (dense)

MasterMerger:  runs 16:13:43

SliceDebugger:  runs 16:14:17
slices [60, 70):
	channel 0: material (dense)

MasterMerger:  runs 16:14:18

SliceDebugger:  runs 16:14:48
slices [70, 80):
	channel 0: material (dense)

MasterMerger:  runs 16:14:49

SliceDebugger:  runs 16:15:22
slices [80, 90):
	channel 0: material (dense)

MasterMerger:  runs 16:15:22

SliceDebugger:  runs 16:15:49
slices [90, 100):
	channel 0: material (dense)

MasterMerger:  runs 16:15:50

SliceDebugger:  runs 16:16:13
slices [100, 110):
	channel 0: material (dense)

MasterMerger:  runs 16:16:14

SliceDebugger:  runs 16:16:34
slices [110, 120):
	channel 0: material (dense)

MasterMerger:  runs 16:16:35

SliceDebugger:  runs 16:16:57
slices [120, 130):
	channel 0: material (dense)

MasterMerger:  runs 16:16:58

SliceDebugger:  runs 16:17:18
slices [130, 140):
	channel 0: material (dense)

MasterMerger:  runs 16:17:19

SliceDebugger:  runs 16:17:35
slices [140, 150):
	channel 0: material (dense)

MasterMerger:  runs 16:17:36

SliceDebugger:  runs 16:17:59
slices [150, 160):
	channel 0: material (dense)

MasterMerger:  runs 16:17:59

SliceDebugger:  runs 16:18:0
slices [160, 170):
	channel 0: material (dense)

MasterMerger:  runs 16:18:0

SliceDebugger:  runs 16:18:0
slices [170, 180):
	channel 0: material (dense)

MasterMerger:  runs 16:18:1

SliceDebugger:  runs 16:18:1
slices [180, 190):
	channel 0: material (dense)

MasterMerger:  runs 16:18:2

SliceDebugger:  runs 16:18:2
slices [190, 200):
	channel 0: material (dense)

MasterMerger:  runs 16:18:3

SliceDebugger:  runs 16:18:3
slices [200, 210):
	channel 0: material (dense)

MasterMerger:  runs 16:18:4

SliceDebugger:  runs 16:18:4
slices [210, 220):
	channel 0: material (dense)

MasterMerger:  runs 16:18:5

SliceDebugger:  runs 16:18:5
slices [220, 230):
	channel 0: material (dense)

MasterMerger:  runs 16:18:5

SliceDebugger:  runs 16:18:5
slices [230, 240):
	channel 0: material (dense)

MasterMerger:  runs 16:18:6

SliceDebugger:  runs 16:18:6
slices [240, 250):
	channel 0: material (dense)

MasterMerger:  runs 16:18:7

SliceDebugger:  runs 16:18:7
slices [250, 260):
	channel 0: material (dense)

MasterMerger:  runs 16:18:8

SliceDebugger:  runs 16:18:8
slices [260, 270):
	channel 0: material (dense)

MasterMerger:  runs 16:18:9

SliceDebugger:  runs 16:18:9
slices [270, 280):
	channel 0: material (dense)

MasterMerger:  runs 16:18:10

SliceDebugger:  runs 16:18:10
slices [280, 290):
	channel 0: material (dense)

MasterMerger:  runs 16:18:11

SliceDebugger:  runs 16:18:11
slices [290, 300):
	channel 0: material (dense)

MasterMerger:  runs 16:18:11

SliceDebugger:  runs 16:18:11
slices [300, 310):
	channel 0: material (dense)

MasterMerger:  runs 16:18:12

SliceDebugger:  runs 16:18:13
slices [310, 320):
	channel 0: material (dense)

MasterMerger:  runs 16:18:13

SliceDebugger:  runs 16:18:13
slices [320, 330):
	channel 0: material (dense)

MasterMerger:  runs 16:18:14

SliceDebugger:  runs 16:18:14
slices [330, 340):
	channel 0: material (dense)

MasterMerger:  runs 16:18:15

SliceDebugger:  runs 16:18:15
slices [340, 350):
	channel 0: material (dense)

MasterMerger:  runs 16:18:16

SliceDebugger:  runs 16:18:16
slices [350, 360):
	channel 0: material (dense)

MasterMerger:  runs 16:18:17

SliceDebugger:  runs 16:18:17
slices [360, 370):
	channel 0: material (dense)

MasterMerger:  runs 16:18:18

SliceDebugger:  runs 16:18:18
slices [370, 380):
	channel 0: material (dense)

MasterMerger:  runs 16:18:18

SliceDebugger:  runs 16:18:19
slices [380, 390):
	channel 0: material (dense)

MasterMerger:  runs 16:18:19

SliceDebugger:  runs 16:18:19
slices [390, 400):
	channel 0: material (dense)

MasterMerger:  runs 16:18:20

SliceDebugger:  runs 16:18:20
slices [400, 410):
	channel 0: material (dense)

MasterMerger:  runs 16:18:21

SliceDebugger:  runs 16:18:21
slices [410, 420):
	channel 0: material (dense)

MasterMerger:  runs 16:18:22

SliceDebugger:  runs 16:18:22
slices [420, 430):
	channel 0: material (dense)

MasterMerger:  runs 16:18:23

SliceDebugger:  runs 16:18:23
slices [430, 440):
	channel 0: material (dense)

MasterMerger:  runs 16:18:24

SliceDebugger:  runs 16:18:24
slices [440, 450):
	channel 0: material (dense)

MasterMerger:  runs 16:18:24

SliceDebugger:  runs 16:18:24
slices [450, 460):
	channel 0: material (dense)

MasterMerger:  runs 16:18:25

SliceDebugger:  runs 16:18:25
slices [460, 470):
	channel 0: material (dense)

MasterMerger:  runs 16:18:26

SliceDebugger:  runs 16:18:26
slices [470, 480):
	channel 0: material (dense)

MasterMerger:  runs 16:18:27

SliceDebugger:  runs 16:18:27
slices [480, 490):
	channel 0: material (dense)

MasterMerger:  runs 16:18:28

SliceDebugger:  runs 16:18:28
slices [490, 500):
	channel 0: material (dense)

MasterMerger:  runs 16:18:29

SliceDebugger:  runs 16:18:29
slices [500, 510):
	channel 0: material (dense)

MasterMerger:  runs 16:18:29

SliceDebugger:  runs 16:18:30
slices [510, 520):
	channel 0: material (dense)

MasterMerger:  runs 16:18:30

SliceDebugger:  runs 16:18:30
slices [520, 530):
	channel 0: material (dense)

MasterMerger:  runs 16:18:31

SliceDebugger:  runs 16:18:31
slices [530, 540):
	channel 0: material (dense)

MasterMerger:  runs 16:18:32

SliceDebugger:  runs 16:18:32
slices [540, 550):
	channel 0: material (dense)

MasterMerger:  runs 16:18:33

SliceDebugger:  runs 16:18:33
slices [550, 560):
	channel 0: material (dense)

MasterMerger:  runs 16:18:34

SliceDebugger:  runs 16:18:34
slices [560, 570):
	channel 0: material (dense)

MasterMerger:  runs 16:18:34

SliceDebugger:  runs 16:18:35
slices [570, 580):
	channel 0: material (dense)

MasterMerger:  runs 16:18:35

SliceDebugger:  runs 16:18:35
slices [580, 590):
	channel 0: material (dense)

MasterMerger:  runs 16:18:36

SliceDebugger:  runs 16:18:36
slices [590, 600):
	channel 0: material (dense)

MasterMerger:  runs 16:18:37

SliceDebugger:  runs 16:18:37
slices [600, 610):
	channel 0: material (dense)

MasterMerger:  runs 16:18:38

SliceDebugger:  runs 16:18:38
slices [610, 620):
	channel 0: material (dense)

MasterMerger:  runs 16:18:39

SliceDebugger:  runs 16:18:39
slices [620, 630):
	channel 0: material (dense)

MasterMerger:  runs 16:18:39

SliceDebugger:  runs 16:18:40
slices [630, 640):
	channel 0: material (dense)

MasterMerger:  runs 16:18:40

SliceDebugger:  runs 16:18:40
slices [640, 650):
	channel 0: material (dense)

MasterMerger:  runs 16:18:41

SliceDebugger:  runs 16:18:41
slices [650, 660):
	channel 0: material (dense)

MasterMerger:  runs 16:18:42

SliceDebugger:  runs 16:18:42
slices [660, 670):
	channel 0: material (dense)

MasterMerger:  runs 16:18:43

SliceDebugger:  runs 16:18:43
slices [670, 680):
	channel 0: material (dense)

MasterMerger:  runs 16:18:43

SliceDebugger:  runs 16:18:44
slices [680, 690):
	channel 0: material (dense)

MasterMerger:  runs 16:18:44

SliceDebugger:  runs 16:18:44
slices [690, 700):
	channel 0: material (dense)

MasterMerger:  runs 16:18:45

SliceDebugger:  runs 16:18:45
slices [700, 710):
	channel 0: material (dense)

MasterMerger:  runs 16:18:46

SliceDebugger:  runs 16:18:46
slices [710, 720):
	channel 0: material (dense)

MasterMerger:  runs 16:18:47

SliceDebugger:  runs 16:18:47
slices [720, 730):
	channel 0: material (dense)

MasterMerger:  runs 16:18:47

SliceDebugger:  runs 16:18:48
slices [730, 740):
	channel 0: material (dense)

MasterMerger:  runs 16:18:48

SliceDebugger:  runs 16:18:48
slices [740, 750):
	channel 0: material (dense)

MasterMerger:  runs 16:18:49

SliceDebugger:  runs 16:18:49
slices [750, 760):
	channel 0: material (dense)

MasterMerger:  runs 16:18:50

SliceDebugger:  runs 16:18:50
slices [760, 770):
	channel 0: material (dense)

MasterMerger:  runs 16:18:51

SliceDebugger:  runs 16:18:51
slices [770, 777):
	channel 0: material (dense)

Computation finished 

Status: success
Master Node  0 :Total execution time in seconds 637.605

