Warning:json file inside profile could not be parsed 

GL version: 4.4.0

Warning: there is no json file embedded inside profile 

FileParserPJ: initializing
PrintJobOrganizer: initializing
MasterPJDistributor: initializing
MasterMerger: initializing
SliceDebugger: initializing
FileParserPJ:  runs 12:8:31

FileParserPJ: loading OBJ file

244921 vertices
489840 faces

FileParserPJ: 245383 texture coordinates

FileParserPJ: 245383 vertices after duplication

FileParserPJ: //filer-igd2.igd.fraunhofer.de/igd-3dt/shared/3DModels/Head/HeadMTL/Head_Level3.obj parsed: 245383 vertices and 489840 faces

FileParserPJ: loading jpg file

FileParserPJ: loading OBJ file

244921 vertices
489840 faces

FileParserPJ: 245383 texture coordinates

FileParserPJ: 245383 vertices after duplication

FileParserPJ: //filer-igd2.igd.fraunhofer.de/igd-3dt/shared/3DModels/Head/HeadMTL/Head_Level3.obj parsed: 245383 vertices and 489840 faces

FileParserPJ: loading jpg file

FileParserPJ: loading OBJ file

244921 vertices
489840 faces

FileParserPJ: 245383 texture coordinates

FileParserPJ: 245383 vertices after duplication

FileParserPJ: //filer-igd2.igd.fraunhofer.de/igd-3dt/shared/3DModels/Head/HeadMTL/Head_Level3.obj parsed: 245383 vertices and 489840 faces

FileParserPJ: loading jpg file

FileParserPJ: loading OBJ file

244921 vertices
489840 faces

FileParserPJ: 245383 texture coordinates

FileParserPJ: 245383 vertices after duplication

FileParserPJ: //filer-igd2.igd.fraunhofer.de/igd-3dt/shared/3DModels/Head/HeadMTL/Head_Level3.obj parsed: 245383 vertices and 489840 faces

FileParserPJ: loading jpg file

FileParserPJ: loading OBJ file

244921 vertices
489840 faces

FileParserPJ: 245383 texture coordinates

FileParserPJ: 245383 vertices after duplication

FileParserPJ: //filer-igd2.igd.fraunhofer.de/igd-3dt/shared/3DModels/Head/HeadMTL/Head_Level3.obj parsed: 245383 vertices and 489840 faces

FileParserPJ: loading jpg file

FileParserPJ: loading OBJ file

244921 vertices
489840 faces

FileParserPJ: 245383 texture coordinates

FileParserPJ: 245383 vertices after duplication

FileParserPJ: //filer-igd2.igd.fraunhofer.de/igd-3dt/shared/3DModels/Head/HeadMTL/Head_Level3.obj parsed: 245383 vertices and 489840 faces

FileParserPJ: loading jpg file

FileParserPJ: Input files parsed

PrintJobOrganizer:  runs 12:8:52

centering objects at origin
optimizing rotation for height
scaling objects
optimizing rotation for support use
PrintJobOrganizer: support cost         = 25.4851
support cost flipped = 22.9004

PrintJobOrganizer: support cost         = 25.4851
support cost flipped = 22.9004

PrintJobOrganizer: support cost         = 25.4851
support cost flipped = 22.9004

PrintJobOrganizer: support cost         = 25.4851
support cost flipped = 22.9004

PrintJobOrganizer: support cost         = 25.4851
support cost flipped = 22.9004

PrintJobOrganizer: support cost         = 25.4851
support cost flipped = 22.9004

arranging objects in 2D
validating object placement
PrintJobOrganizer: print object 1 print-space bounding box: (0.00211667, 0.00423333, 0.00135106), (8.00212, 5.12195, 4.19435)
PrintJobOrganizer: print object 2 print-space bounding box: (0.00211667, 5.32195, 0.00135106), (8.00212, 10.4397, 4.19435)
PrintJobOrganizer: print object 3 print-space bounding box: (0.00211667, 10.6397, 0.00135106), (8.00212, 15.7574, 4.19435)
PrintJobOrganizer: print object 4 print-space bounding box: (0.00211667, 15.9574, 0.00135106), (8.00212, 21.0751, 4.19435)
PrintJobOrganizer: print object 5 print-space bounding box: (0.00211667, 21.2751, 0.00135106), (8.00212, 26.3928, 4.19435)
PrintJobOrganizer: print object 6 print-space bounding box: (0.00211667, 26.5928, 0.00135106), (8.00212, 31.7106, 4.19435)
saving transforms to file
MasterPJDistributor:  runs 12:8:53

MasterPJDistributor::runInternal
MasterMerger:  runs 12:9:11

MasterMerger::runInternal
MasterMerger: metadata for thread : 1

MasterMerger: received height : 931

MasterMerger: received width : 946

MasterMerger: received num of slices : 777

MasterMerger: received chunk size : 10

MasterMerger: received path : 

MasterMerger: metadata for thread : 2

MasterMerger: received height : 931

MasterMerger: received width : 946

MasterMerger: received num of slices : 777

MasterMerger: received chunk size : 10

MasterMerger: received path : 

MasterMerger: Print Volume x:  5905.51

MasterMerger: Print Volume y:  2362.2

MasterMerger: Node id:  1

MasterMerger: Offset x : 0

MasterMerger: Offset y : 0

MasterMerger: Node id:  2

MasterMerger: Offset x : 0

MasterMerger: Offset y : 942.811

MasterMerger: Added height is:931after adding height of slave 1

MasterMerger: Added height is:1862after adding height of slave 2

MasterMerger: m_fullSliceHt : 1886

MasterMerger: m_fullSliceWidth : 946

MasterMerger: m_numSlices : 777

MasterMerger: m_chunkSize : 10

SliceDebugger:  runs 12:9:24
slices [0, 10):
	channel 0: material (dense)

MasterMerger:  runs 12:9:24
slices [0, 10):
	channel 0: material (dense)

SliceDebugger:  runs 12:9:40
slices [10, 20):
	channel 0: material (dense)

MasterMerger:  runs 12:9:40
slices [10, 20):
	channel 0: material (dense)

SliceDebugger:  runs 12:10:2
slices [20, 30):
	channel 0: material (dense)

MasterMerger:  runs 12:10:2
slices [20, 30):
	channel 0: material (dense)

SliceDebugger:  runs 12:10:28
slices [30, 40):
	channel 0: material (dense)

MasterMerger:  runs 12:10:28
slices [30, 40):
	channel 0: material (dense)

SliceDebugger:  runs 12:10:55
slices [40, 50):
	channel 0: material (dense)

MasterMerger:  runs 12:10:55
slices [40, 50):
	channel 0: material (dense)

SliceDebugger:  runs 12:11:21
slices [50, 60):
	channel 0: material (dense)

MasterMerger:  runs 12:11:21
slices [50, 60):
	channel 0: material (dense)

SliceDebugger:  runs 12:11:49
slices [60, 70):
	channel 0: material (dense)

MasterMerger:  runs 12:11:49
slices [60, 70):
	channel 0: material (dense)

SliceDebugger:  runs 12:12:19
slices [70, 80):
	channel 0: material (dense)

MasterMerger:  runs 12:12:19
slices [70, 80):
	channel 0: material (dense)

SliceDebugger:  runs 12:12:49
slices [80, 90):
	channel 0: material (dense)

MasterMerger:  runs 12:12:49
slices [80, 90):
	channel 0: material (dense)

SliceDebugger:  runs 12:13:15
slices [90, 100):
	channel 0: material (dense)

MasterMerger:  runs 12:13:15
slices [90, 100):
	channel 0: material (dense)

SliceDebugger:  runs 12:13:40
slices [100, 110):
	channel 0: material (dense)

MasterMerger:  runs 12:13:40
slices [100, 110):
	channel 0: material (dense)

SliceDebugger:  runs 12:14:5
slices [110, 120):
	channel 0: material (dense)

MasterMerger:  runs 12:14:5
slices [110, 120):
	channel 0: material (dense)

SliceDebugger:  runs 12:14:32
slices [120, 130):
	channel 0: material (dense)

MasterMerger:  runs 12:14:32
slices [120, 130):
	channel 0: material (dense)

SliceDebugger:  runs 12:14:58
slices [130, 140):
	channel 0: material (dense)

MasterMerger:  runs 12:14:58
slices [130, 140):
	channel 0: material (dense)

SliceDebugger:  runs 12:15:16
slices [140, 150):
	channel 0: material (dense)

MasterMerger:  runs 12:15:17
slices [140, 150):
	channel 0: material (dense)

SliceDebugger:  runs 12:15:29
slices [150, 160):
	channel 0: material (dense)

MasterMerger:  runs 12:15:29
slices [150, 160):
	channel 0: material (dense)

SliceDebugger:  runs 12:15:30
slices [160, 170):
	channel 0: material (dense)

MasterMerger:  runs 12:15:30
slices [160, 170):
	channel 0: material (dense)

SliceDebugger:  runs 12:15:30
slices [170, 180):
	channel 0: material (dense)

MasterMerger:  runs 12:15:30
slices [170, 180):
	channel 0: material (dense)

SliceDebugger:  runs 12:15:30
slices [180, 190):
	channel 0: material (dense)

MasterMerger:  runs 12:15:31
slices [180, 190):
	channel 0: material (dense)

SliceDebugger:  runs 12:15:31
slices [190, 200):
	channel 0: material (dense)

MasterMerger:  runs 12:15:31
slices [190, 200):
	channel 0: material (dense)

SliceDebugger:  runs 12:15:31
slices [200, 210):
	channel 0: material (dense)

MasterMerger:  runs 12:15:31
slices [200, 210):
	channel 0: material (dense)

SliceDebugger:  runs 12:15:31
slices [210, 220):
	channel 0: material (dense)

MasterMerger:  runs 12:15:32
slices [210, 220):
	channel 0: material (dense)

SliceDebugger:  runs 12:15:32
slices [220, 230):
	channel 0: material (dense)

MasterMerger:  runs 12:15:32
slices [220, 230):
	channel 0: material (dense)

SliceDebugger:  runs 12:15:32
slices [230, 240):
	channel 0: material (dense)

MasterMerger:  runs 12:15:32
slices [230, 240):
	channel 0: material (dense)

SliceDebugger:  runs 12:15:33
slices [240, 250):
	channel 0: material (dense)

MasterMerger:  runs 12:15:33
slices [240, 250):
	channel 0: material (dense)

SliceDebugger:  runs 12:15:33
slices [250, 260):
	channel 0: material (dense)

MasterMerger:  runs 12:15:33
slices [250, 260):
	channel 0: material (dense)

SliceDebugger:  runs 12:15:33
slices [260, 270):
	channel 0: material (dense)

MasterMerger:  runs 12:15:34
slices [260, 270):
	channel 0: material (dense)

SliceDebugger:  runs 12:15:34
slices [270, 280):
	channel 0: material (dense)

MasterMerger:  runs 12:15:34
slices [270, 280):
	channel 0: material (dense)

SliceDebugger:  runs 12:15:34
slices [280, 290):
	channel 0: material (dense)

MasterMerger:  runs 12:15:34
slices [280, 290):
	channel 0: material (dense)

SliceDebugger:  runs 12:15:34
slices [290, 300):
	channel 0: material (dense)

MasterMerger:  runs 12:15:35
slices [290, 300):
	channel 0: material (dense)

SliceDebugger:  runs 12:15:35
slices [300, 310):
	channel 0: material (dense)

MasterMerger:  runs 12:15:35
slices [300, 310):
	channel 0: material (dense)

SliceDebugger:  runs 12:15:35
slices [310, 320):
	channel 0: material (dense)

MasterMerger:  runs 12:15:35
slices [310, 320):
	channel 0: material (dense)

SliceDebugger:  runs 12:15:35
slices [320, 330):
	channel 0: material (dense)

MasterMerger:  runs 12:15:36
slices [320, 330):
	channel 0: material (dense)

SliceDebugger:  runs 12:15:36
slices [330, 340):
	channel 0: material (dense)

MasterMerger:  runs 12:15:36
slices [330, 340):
	channel 0: material (dense)

SliceDebugger:  runs 12:15:36
slices [340, 350):
	channel 0: material (dense)

MasterMerger:  runs 12:15:37
slices [340, 350):
	channel 0: material (dense)

SliceDebugger:  runs 12:15:37
slices [350, 360):
	channel 0: material (dense)

MasterMerger:  runs 12:15:37
slices [350, 360):
	channel 0: material (dense)

SliceDebugger:  runs 12:15:37
slices [360, 370):
	channel 0: material (dense)

MasterMerger:  runs 12:15:37
slices [360, 370):
	channel 0: material (dense)

SliceDebugger:  runs 12:15:37
slices [370, 380):
	channel 0: material (dense)

MasterMerger:  runs 12:15:38
slices [370, 380):
	channel 0: material (dense)

SliceDebugger:  runs 12:15:38
slices [380, 390):
	channel 0: material (dense)

MasterMerger:  runs 12:15:38
slices [380, 390):
	channel 0: material (dense)

SliceDebugger:  runs 12:15:38
slices [390, 400):
	channel 0: material (dense)

MasterMerger:  runs 12:15:38
slices [390, 400):
	channel 0: material (dense)

SliceDebugger:  runs 12:15:38
slices [400, 410):
	channel 0: material (dense)

MasterMerger:  runs 12:15:39
slices [400, 410):
	channel 0: material (dense)

SliceDebugger:  runs 12:15:39
slices [410, 420):
	channel 0: material (dense)

MasterMerger:  runs 12:15:39
slices [410, 420):
	channel 0: material (dense)

SliceDebugger:  runs 12:15:39
slices [420, 430):
	channel 0: material (dense)

MasterMerger:  runs 12:15:40
slices [420, 430):
	channel 0: material (dense)

SliceDebugger:  runs 12:15:40
slices [430, 440):
	channel 0: material (dense)

MasterMerger:  runs 12:15:40
slices [430, 440):
	channel 0: material (dense)

SliceDebugger:  runs 12:15:40
slices [440, 450):
	channel 0: material (dense)

MasterMerger:  runs 12:15:40
slices [440, 450):
	channel 0: material (dense)

SliceDebugger:  runs 12:15:40
slices [450, 460):
	channel 0: material (dense)

MasterMerger:  runs 12:15:41
slices [450, 460):
	channel 0: material (dense)

SliceDebugger:  runs 12:15:41
slices [460, 470):
	channel 0: material (dense)

MasterMerger:  runs 12:15:41
slices [460, 470):
	channel 0: material (dense)

SliceDebugger:  runs 12:15:41
slices [470, 480):
	channel 0: material (dense)

MasterMerger:  runs 12:15:41
slices [470, 480):
	channel 0: material (dense)

SliceDebugger:  runs 12:15:41
slices [480, 490):
	channel 0: material (dense)

MasterMerger:  runs 12:15:42
slices [480, 490):
	channel 0: material (dense)

SliceDebugger:  runs 12:15:42
slices [490, 500):
	channel 0: material (dense)

MasterMerger:  runs 12:15:42
slices [490, 500):
	channel 0: material (dense)

SliceDebugger:  runs 12:15:42
slices [500, 510):
	channel 0: material (dense)

MasterMerger:  runs 12:15:43
slices [500, 510):
	channel 0: material (dense)

SliceDebugger:  runs 12:15:43
slices [510, 520):
	channel 0: material (dense)

MasterMerger:  runs 12:15:43
slices [510, 520):
	channel 0: material (dense)

SliceDebugger:  runs 12:15:43
slices [520, 530):
	channel 0: material (dense)

MasterMerger:  runs 12:15:43
slices [520, 530):
	channel 0: material (dense)

SliceDebugger:  runs 12:15:43
slices [530, 540):
	channel 0: material (dense)

MasterMerger:  runs 12:15:44
slices [530, 540):
	channel 0: material (dense)

SliceDebugger:  runs 12:15:44
slices [540, 550):
	channel 0: material (dense)

MasterMerger:  runs 12:15:44
slices [540, 550):
	channel 0: material (dense)

SliceDebugger:  runs 12:15:44
slices [550, 560):
	channel 0: material (dense)

MasterMerger:  runs 12:15:44
slices [550, 560):
	channel 0: material (dense)

SliceDebugger:  runs 12:15:44
slices [560, 570):
	channel 0: material (dense)

MasterMerger:  runs 12:15:45
slices [560, 570):
	channel 0: material (dense)

SliceDebugger:  runs 12:15:45
slices [570, 580):
	channel 0: material (dense)

MasterMerger:  runs 12:15:45
slices [570, 580):
	channel 0: material (dense)

SliceDebugger:  runs 12:15:45
slices [580, 590):
	channel 0: material (dense)

MasterMerger:  runs 12:15:45
slices [580, 590):
	channel 0: material (dense)

SliceDebugger:  runs 12:15:46
slices [590, 600):
	channel 0: material (dense)

MasterMerger:  runs 12:15:46
slices [590, 600):
	channel 0: material (dense)

SliceDebugger:  runs 12:15:46
slices [600, 610):
	channel 0: material (dense)

MasterMerger:  runs 12:15:46
slices [600, 610):
	channel 0: material (dense)

SliceDebugger:  runs 12:15:46
slices [610, 620):
	channel 0: material (dense)

MasterMerger:  runs 12:15:47
slices [610, 620):
	channel 0: material (dense)

SliceDebugger:  runs 12:15:47
slices [620, 630):
	channel 0: material (dense)

MasterMerger:  runs 12:15:47
slices [620, 630):
	channel 0: material (dense)

SliceDebugger:  runs 12:15:47
slices [630, 640):
	channel 0: material (dense)

MasterMerger:  runs 12:15:47
slices [630, 640):
	channel 0: material (dense)

SliceDebugger:  runs 12:15:47
slices [640, 650):
	channel 0: material (dense)

MasterMerger:  runs 12:15:48
slices [640, 650):
	channel 0: material (dense)

SliceDebugger:  runs 12:15:48
slices [650, 660):
	channel 0: material (dense)

MasterMerger:  runs 12:15:48
slices [650, 660):
	channel 0: material (dense)

SliceDebugger:  runs 12:15:48
slices [660, 670):
	channel 0: material (dense)

MasterMerger:  runs 12:15:49
slices [660, 670):
	channel 0: material (dense)

SliceDebugger:  runs 12:15:49
slices [670, 680):
	channel 0: material (dense)

MasterMerger:  runs 12:15:49
slices [670, 680):
	channel 0: material (dense)

SliceDebugger:  runs 12:15:49
slices [680, 690):
	channel 0: material (dense)

MasterMerger:  runs 12:15:50
slices [680, 690):
	channel 0: material (dense)

SliceDebugger:  runs 12:15:50
slices [690, 700):
	channel 0: material (dense)

MasterMerger:  runs 12:15:50
slices [690, 700):
	channel 0: material (dense)

SliceDebugger:  runs 12:15:50
slices [700, 710):
	channel 0: material (dense)

MasterMerger:  runs 12:15:50
slices [700, 710):
	channel 0: material (dense)

SliceDebugger:  runs 12:15:50
slices [710, 720):
	channel 0: material (dense)

MasterMerger:  runs 12:15:51
slices [710, 720):
	channel 0: material (dense)

SliceDebugger:  runs 12:15:51
slices [720, 730):
	channel 0: material (dense)

MasterMerger:  runs 12:15:51
slices [720, 730):
	channel 0: material (dense)

SliceDebugger:  runs 12:15:51
slices [730, 740):
	channel 0: material (dense)

MasterMerger:  runs 12:15:51
slices [730, 740):
	channel 0: material (dense)

SliceDebugger:  runs 12:15:51
slices [740, 750):
	channel 0: material (dense)

MasterMerger:  runs 12:15:52
slices [740, 750):
	channel 0: material (dense)

SliceDebugger:  runs 12:15:52
slices [750, 760):
	channel 0: material (dense)

MasterMerger:  runs 12:15:52
slices [750, 760):
	channel 0: material (dense)

SliceDebugger:  runs 12:15:52
slices [760, 770):
	channel 0: material (dense)

MasterMerger:  runs 12:15:52
slices [760, 770):
	channel 0: material (dense)

SliceDebugger:  runs 12:15:52
slices [770, 777):
	channel 0: material (dense)

Computation finished 

Status: success
Master Node  0 :Total execution time in seconds 441.441

