SlavePrintingSoftware::startUp:
	1 trials
	total = 0.437492 s
	mean  = 0.437492 s
	var   = 0 s^2, std = 0 s
	min   = 0.437492 s
	max   = 0.437492 s

PrintingSoftware::execute:
	1 trials
	total = 434.117 s
	mean  = 434.117 s
	var   = 0 s^2, std = 0 s
	min   = 434.117 s
	max   = 434.117 s

DistributedComputingInitiator::Receive:
	1 trials
	total = 150.033 s
	mean  = 150.033 s
	var   = 0 s^2, std = 0 s
	min   = 150.033 s
	max   = 150.033 s

FileParserPJ::setInput:
	1 trials
	total = 0 s
	mean  = 0 s
	var   = 0 s^2, std = 0 s
	min   = 0 s
	max   = 0 s

FileParserPJ::runInternal:
	1 trials
	total = 5.09382 s
	mean  = 5.09382 s
	var   = 0 s^2, std = 0 s
	min   = 5.09382 s
	max   = 5.09382 s

PrintJobOrganizer::setInput:
	1 trials
	total = 0 s
	mean  = 0 s
	var   = 0 s^2, std = 0 s
	min   = 0 s
	max   = 0 s

PrintJobOrganizer::runInternal:
	1 trials
	total = 0.250003 s
	mean  = 0.250003 s
	var   = 0 s^2, std = 0 s
	min   = 0.250003 s
	max   = 0.250003 s

PrintJobPreprocessor::setInput:
	1 trials
	total = 0 s
	mean  = 0 s
	var   = 0 s^2, std = 0 s
	min   = 0 s
	max   = 0 s

PrintJobPreprocessor::runInternal:
	1 trials
	total = 1.15627 s
	mean  = 1.15627 s
	var   = 0 s^2, std = 0 s
	min   = 1.15627 s
	max   = 1.15627 s

PrintJobVoxelizer::setInput:
	16 trials
	total = 0 s
	mean  = 0 s
	var   = 0 s^2, std = 0 s
	min   = 0 s
	max   = 0 s

PrintJobVoxelizer::runInternal:
	16 trials
	total = 145.361 s
	mean  = 9.08507 s
	var   = 5.45999 s^2, std = 2.33666 s
	min   = 2.76566 s
	max   = 11.547 s

PrintJobVoxelizer::rasterizeObjects:
	16 trials
	total = 21.2347 s
	mean  = 1.32717 s
	var   = 0.215906 s^2, std = 0.464656 s
	min   = 0.375015 s
	max   = 1.85941 s

PrintJobVoxelizer::voxelizeObjects:
	16 trials
	total = 121.252 s
	mean  = 7.57822 s
	var   = 4.15813 s^2, std = 2.03915 s
	min   = 2.2969 s
	max   = 10.1095 s

PrintJobVoxelizer::finalizeSurfaces:
	16 trials
	total = 1.01562 s
	mean  = 0.0634764 s
	var   = 0.000243086 s^2, std = 0.0155912 s
	min   = 0.03125 s
	max   = 0.093739 s

TonalValueCalculator::setInput:
	16 trials
	total = 0 s
	mean  = 0 s
	var   = 0 s^2, std = 0 s
	min   = 0 s
	max   = 0 s

TonalValueCalculator::runInternal:
	16 trials
	total = 0.671875 s
	mean  = 0.0419922 s
	var   = 0.000641891 s^2, std = 0.0253356 s
	min   = 0 s
	max   = 0.078126 s

SurfaceDistanceOrderedTransfer::setInput:
	16 trials
	total = 0.015625 s
	mean  = 0.000976563 s
	var   = 1.52588e-005 s^2, std = 0.00390625 s
	min   = 0 s
	max   = 0.015625 s

SurfaceDistanceOrderedTransfer::runInternal:
	16 trials
	total = 61.2821 s
	mean  = 3.83013 s
	var   = 0.314425 s^2, std = 0.560736 s
	min   = 1.8594 s
	max   = 4.18756 s

SurfaceDistanceOrderedTransfer::buildOrderedSurfaceData:
	16 trials
	total = 0.890672 s
	mean  = 0.055667 s
	var   = 0.00683511 s^2, std = 0.0826747 s
	min   = 0 s
	max   = 0.359381 s

SurfaceDistanceOrderedTransfer::fillDistanceChannel:
	16 trials
	total = 3.01567 s
	mean  = 0.188479 s
	var   = 0.000991857 s^2, std = 0.0314938 s
	min   = 0.078126 s
	max   = 0.218753 s

SurfaceDistanceOrderedTransfer::transfer:
	16 trials
	total = 54.4694 s
	mean  = 3.40434 s
	var   = 0.337928 s^2, std = 0.581316 s
	min   = 1.34377 s
	max   = 3.76568 s

SurfaceDistanceOrderedTransfer::mergeDistances:
	48 trials
	total = 8.71888 s
	mean  = 0.181643 s
	var   = 0.000744132 s^2, std = 0.0272788 s
	min   = 0.078125 s
	max   = 0.203128 s

SurfaceDistanceOrderedTransfer::applySqrt:
	16 trials
	total = 2.9063 s
	mean  = 0.181643 s
	var   = 0.000777209 s^2, std = 0.0278785 s
	min   = 0.078126 s
	max   = 0.203128 s

LayerExtractor::setInput:
	16 trials
	total = 0 s
	mean  = 0 s
	var   = 0 s^2, std = 0 s
	min   = 0 s
	max   = 0 s

LayerExtractor::runInternal:
	16 trials
	total = 18.7347 s
	mean  = 1.17092 s
	var   = 0.236314 s^2, std = 0.486121 s
	min   = 0.218769 s
	max   = 1.87502 s

VectorLayerHalftoner::setInput:
	16 trials
	total = 0.01562 s
	mean  = 0.00097625 s
	var   = 1.5249e-005 s^2, std = 0.003905 s
	min   = 0 s
	max   = 0.01562 s

VectorLayerHalftoner::runInternal:
	16 trials
	total = 149.424 s
	mean  = 9.339 s
	var   = 25.7053 s^2, std = 5.07004 s
	min   = 1.26563 s
	max   = 16.719 s

VectorLayerHalftoner(0)::setupOutputContainerSlaveReporter::serializeSlice:
	777 trials
	total = 343.147 s
	mean  = 0.44163 s
	var   = 0.138576 s^2, std = 0.372257 s
	min   = 0.296861 s
	max   = 4.15631 s

SlaveReporter::Send:
	22 trials
	total = 0 s
	mean  = 0 s
	var   = 0 s^2, std = 0 s
	min   = 0 s
	max   = 0 s

