Warning:json file inside profile could not be parsed 

GL version: 4.5.0 NVIDIA 372.54

Warning: there is no json file embedded inside profile 

LayerExtractor: distance needed for layers: 0.135467

FileParserPJ: initializing
PrintJobOrganizer: initializing
PrintJobPreprocessor: initializing
PrintJobVoxelizer: initializing
TonalValueCalculator: initializing
TonalValueCalculator: Using rendering intent RELATIVE_COLORIMETRIC

SurfaceDistanceOrderedTransfer: initializing
TonalLinearizer: initializing
VectorLayerHalftoner: initializing
SlaveReporter: initializing
FileParserPJ:  runs 17:15:49

FileParserPJ: loading OBJ file

244921 vertices
489840 faces

FileParserPJ: 245383 texture coordinates

FileParserPJ: 245383 vertices after duplication

FileParserPJ: //filer-igd2.igd.fraunhofer.de/igd-3dt/shared/3DModels/Head/HeadMTL/Head_Level3.obj parsed: 245383 vertices and 489840 faces

FileParserPJ: loading jpg file

FileParserPJ: Input files parsed

PrintJobOrganizer:  runs 17:15:53

centering objects at origin
optimizing rotation for height
scaling objects
optimizing rotation for support use
PrintJobOrganizer: support cost         = 25.4851
support cost flipped = 22.9004

arranging objects in 2D
validating object placement
PrintJobOrganizer: print object 1 print-space bounding box: (0.00211667, 0.00423333, 0.00135106), (8.00212, 5.12195, 4.19435)
saving transforms to file
PrintJobPreprocessor:  runs 17:15:53

PrintJobPreprocessor: flatten
PrintJobPreprocessor: prioritize
PrintJobPreprocessor: segment-hierarchy
PrintJobPreprocessor: boundingBox
PrintJobPreprocessor: uniformAppearanceTextures
PrintJobVoxelizer:  runs 17:15:54

PrintJobVoxelizer: 
number of slices to print: 777 (4.19435 cm)
width of slices to print:  946 (8.00212 cm)
height of slices to print: 303 (5.12195 cm)
chunk size:                50 (0.270213 cm)

PrintJobVoxelizer: setting up slices
PrintJobVoxelizer: rasterizing objects
PrintJobVoxelizer: creating rasterizer
PrintJobVoxelizer: rasterizing object 1
Rasterizer::rasterize:
	1 trials
	total = 0.202785 s
	mean  = 0.202785 s
	var   = 0 s^2, std = 0 s
	min   = 0.202785 s
	max   = 0.202785 s


PrintJobVoxelizer: voxelizing objects
Object 1 ROI: [0 0 0] --> [946 303 50]
GWNSampleFloodVoxelizer: number of samples: 200
GWNSampleFloodVoxelizer: samples evaluated
GWNSampleFloodVoxelizer: adaptive threshold = 0.498039
GWNSampleFloodVoxelizer: flooding complete
Voxelization: solid angle evaluations per voxel: 0.295971

GWNSampleFloodVoxelizer::voxelize:
	1 trials
	total = 0.745918 s
	mean  = 0.745918 s
	var   = 0 s^2, std = 0 s
	min   = 0.745918 s
	max   = 0.745918 s

GWNSampleFloodVoxelizer::initIndicator:
	1 trials
	total = 0.092107 s
	mean  = 0.092107 s
	var   = 0 s^2, std = 0 s
	min   = 0.092107 s
	max   = 0.092107 s

GWNSampleFloodVoxelizer::selectSamples:
	1 trials
	total = 0.084657 s
	mean  = 0.084657 s
	var   = 0 s^2, std = 0 s
	min   = 0.084657 s
	max   = 0.084657 s

GWNSampleFloodVoxelizer::evaluateSamples:
	1 trials
	total = 0.084655 s
	mean  = 0.084655 s
	var   = 0 s^2, std = 0 s
	min   = 0.084655 s
	max   = 0.084655 s

GWNSampleFloodVoxelizer::flood:
	1 trials
	total = 0.471528 s
	mean  = 0.471528 s
	var   = 0 s^2, std = 0 s
	min   = 0.471528 s
	max   = 0.471528 s


PrintJobVoxelizer: finalizing surfaces
PrintJobVoxelizer: 18700 surface voxels
PrintJobVoxelizer: getting output subset
PrintJobVoxelizer: updating slice indices
TonalValueCalculator:  runs 17:15:55
slices [0, 49):
	channel 0: occupancy (dense)
	channel 1: opticalFeature (sparse)

SurfaceDistanceOrderedTransfer:  runs 17:15:55
slices [0, 49):
	channel 0: occupancy (dense)
	channel 1: surfaceDist (dense)

SurfaceDistanceOrderedTransfer: 0 0 23
LayerExtractor:  runs 17:15:55
slices [0, 23):
	channel 0: occupancy (dense)
	channel 1: surfaceDist (dense)
	channel 2: layer_000 (sparse)
	channel 3: layer_001 (sparse)
	channel 4: layer_002 (sparse)
	channel 5: layer_003 (sparse)
	channel 6: layer_004 (sparse)
	channel 7: layer_005 (sparse)
	channel 8: layer_006 (sparse)
	channel 9: layer_007 (sparse)

TonalLinearizer:  runs 17:15:55
slices [0, 22):
	channel 0: occupancy (dense)
	channel 1: surfaceDist (dense)
	channel 2: layer_000 (sparse)
	channel 3: layer_001 (sparse)
	channel 4: layer_002 (sparse)
	channel 5: layer_003 (sparse)
	channel 6: layer_004 (sparse)
	channel 7: layer_005 (sparse)
	channel 8: layer_006 (sparse)
	channel 9: layer_007 (sparse)

VectorLayerHalftoner: VectorLayerHalftoner error: no tonal values available

VectorLayerHalftoner:  runs 17:15:55
slices [0, 22):
	channel 0: occupancy (dense)
	channel 1: surfaceDist (dense)
	channel 2: layer_000 (sparse)
	channel 3: layer_001 (sparse)
	channel 4: layer_002 (sparse)
	channel 5: layer_003 (sparse)
	channel 6: layer_004 (sparse)
	channel 7: layer_005 (sparse)
	channel 8: layer_006 (sparse)
	channel 9: layer_007 (sparse)
	channel 10: intermedTonal_0 (sparse)
	channel 11: intermedTonal_1 (sparse)
	channel 12: intermedTonal_2 (sparse)
	channel 13: intermedTonal_3 (sparse)
	channel 14: intermedTonal_4 (sparse)
	channel 15: intermedTonal_5 (sparse)
	channel 16: intermedTonal_6 (sparse)
	channel 17: intermedTonal_7 (sparse)
	channel 18: quantizedTonal (sparse)

SlaveReporter:  runs 17:15:56
slices [0, 10):
	channel 0: material (dense)
	channel 1: occupancy (dense)

SlaveReporter::runInternal
PrintJobVoxelizer:  runs 17:15:56

PrintJobVoxelizer: setting up slices
PrintJobVoxelizer: rasterizing objects
PrintJobVoxelizer: creating rasterizer
PrintJobVoxelizer: rasterizing object 1
Rasterizer::rasterize:
	2 trials
	total = 0.751605 s
	mean  = 0.375802 s
	var   = 0.0598701 s^2, std = 0.244684 s
	min   = 0.202785 s
	max   = 0.54882 s


PrintJobVoxelizer: voxelizing objects
Object 1 ROI: [0 0 0] --> [946 303 50]
GWNSampleFloodVoxelizer: number of samples: 330
GWNSampleFloodVoxelizer: samples evaluated
GWNSampleFloodVoxelizer: adaptive threshold = 0.498039
GWNSampleFloodVoxelizer: flooding complete
Voxelization: solid angle evaluations per voxel: 1.03114

GWNSampleFloodVoxelizer::voxelize:
	2 trials
	total = 1.63937 s
	mean  = 0.819683 s
	var   = 0.0108827 s^2, std = 0.10432 s
	min   = 0.745918 s
	max   = 0.893449 s

GWNSampleFloodVoxelizer::initIndicator:
	2 trials
	total = 0.202414 s
	mean  = 0.101207 s
	var   = 0.00016562 s^2, std = 0.0128693 s
	min   = 0.092107 s
	max   = 0.110307 s

GWNSampleFloodVoxelizer::selectSamples:
	2 trials
	total = 0.163312 s
	mean  = 0.081656 s
	var   = 1.8012e-005 s^2, std = 0.00424405 s
	min   = 0.078655 s
	max   = 0.084657 s

GWNSampleFloodVoxelizer::evaluateSamples:
	2 trials
	total = 0.310387 s
	mean  = 0.155193 s
	var   = 0.00995136 s^2, std = 0.0997565 s
	min   = 0.084655 s
	max   = 0.225732 s

GWNSampleFloodVoxelizer::flood:
	2 trials
	total = 0.937263 s
	mean  = 0.468631 s
	var   = 1.67794e-005 s^2, std = 0.00409627 s
	min   = 0.465735 s
	max   = 0.471528 s


PrintJobVoxelizer: finalizing surfaces
PrintJobVoxelizer: 122101 surface voxels
PrintJobVoxelizer: getting output subset
PrintJobVoxelizer: updating slice indices
TonalValueCalculator:  runs 17:15:57
slices [49, 99):
	channel 0: occupancy (dense)
	channel 1: opticalFeature (sparse)

SurfaceDistanceOrderedTransfer:  runs 17:15:57
slices [23, 99):
	channel 0: occupancy (dense)
	channel 1: surfaceDist (dense)

SurfaceDistanceOrderedTransfer: 23 49 73
LayerExtractor:  runs 17:15:58
slices [21, 73):
	channel 0: occupancy (dense)
	channel 1: surfaceDist (dense)
	channel 2: layer_000 (sparse)
	channel 3: layer_001 (sparse)
	channel 4: layer_002 (sparse)
	channel 5: layer_003 (sparse)
	channel 6: layer_004 (sparse)
	channel 7: layer_005 (sparse)
	channel 8: layer_006 (sparse)
	channel 9: layer_007 (sparse)

TonalLinearizer:  runs 17:15:58
slices [22, 72):
	channel 0: occupancy (dense)
	channel 1: surfaceDist (dense)
	channel 2: layer_000 (sparse)
	channel 3: layer_001 (sparse)
	channel 4: layer_002 (sparse)
	channel 5: layer_003 (sparse)
	channel 6: layer_004 (sparse)
	channel 7: layer_005 (sparse)
	channel 8: layer_006 (sparse)
	channel 9: layer_007 (sparse)

VectorLayerHalftoner: VectorLayerHalftoner error: no tonal values available

VectorLayerHalftoner:  runs 17:15:58
slices [10, 72):
	channel 0: occupancy (dense)
	channel 1: surfaceDist (dense)
	channel 2: layer_000 (sparse)
	channel 3: layer_001 (sparse)
	channel 4: layer_002 (sparse)
	channel 5: layer_003 (sparse)
	channel 6: layer_004 (sparse)
	channel 7: layer_005 (sparse)
	channel 8: layer_006 (sparse)
	channel 9: layer_007 (sparse)
	channel 10: intermedTonal_0 (sparse)
	channel 11: intermedTonal_1 (sparse)
	channel 12: intermedTonal_2 (sparse)
	channel 13: intermedTonal_3 (sparse)
	channel 14: intermedTonal_4 (sparse)
	channel 15: intermedTonal_5 (sparse)
	channel 16: intermedTonal_6 (sparse)
	channel 17: intermedTonal_7 (sparse)
	channel 18: quantizedTonal (sparse)
	channel 19: errorDiffInfo2 (sparse)
	channel 20: distanceToEmpty (sparse)
	channel 21: errorDiffInfo3 (sparse)
	channel 22: errorDiffInfo4 (sparse)
	channel 23: errorDiffInfo5 (sparse)
	channel 24: errorDiffInfo6 (sparse)
	channel 25: errorDiffInfo7 (sparse)
	channel 26: errorDiffInfo8 (sparse)
	channel 27: errorDiffInfo9 (sparse)

SlaveReporter:  runs 17:15:59
slices [10, 60):
	channel 0: material (dense)
	channel 1: occupancy (dense)

SlaveReporter::runInternal
PrintJobVoxelizer:  runs 17:15:59

PrintJobVoxelizer: setting up slices
PrintJobVoxelizer: rasterizing objects
PrintJobVoxelizer: creating rasterizer
PrintJobVoxelizer: rasterizing object 1
Rasterizer::rasterize:
	3 trials
	total = 1.53508 s
	mean  = 0.511693 s
	var   = 0.0853337 s^2, std = 0.292119 s
	min   = 0.202785 s
	max   = 0.783474 s


PrintJobVoxelizer: voxelizing objects
Object 1 ROI: [0 0 0] --> [946 303 50]
GWNSampleFloodVoxelizer: number of samples: 478
GWNSampleFloodVoxelizer: samples evaluated
GWNSampleFloodVoxelizer: adaptive threshold = 0.498039
GWNSampleFloodVoxelizer: flooding complete
Voxelization: solid angle evaluations per voxel: 1.71356

GWNSampleFloodVoxelizer::voxelize:
	3 trials
	total = 2.65036 s
	mean  = 0.883455 s
	var   = 0.0176418 s^2, std = 0.132822 s
	min   = 0.745918 s
	max   = 1.011 s

GWNSampleFloodVoxelizer::initIndicator:
	3 trials
	total = 0.325022 s
	mean  = 0.108341 s
	var   = 0.000235478 s^2, std = 0.0153453 s
	min   = 0.092107 s
	max   = 0.122608 s

GWNSampleFloodVoxelizer::selectSamples:
	3 trials
	total = 0.247966 s
	mean  = 0.0826553 s
	var   = 1.2002e-005 s^2, std = 0.00346439 s
	min   = 0.078655 s
	max   = 0.084657 s

GWNSampleFloodVoxelizer::evaluateSamples:
	3 trials
	total = 0.624753 s
	mean  = 0.208251 s
	var   = 0.013421 s^2, std = 0.115849 s
	min   = 0.084655 s
	max   = 0.314366 s

GWNSampleFloodVoxelizer::flood:
	3 trials
	total = 1.40751 s
	mean  = 0.46917 s
	var   = 9.26074e-006 s^2, std = 0.00304315 s
	min   = 0.465735 s
	max   = 0.471528 s


PrintJobVoxelizer: finalizing surfaces
PrintJobVoxelizer: 280669 surface voxels
PrintJobVoxelizer: getting output subset
PrintJobVoxelizer: updating slice indices
TonalValueCalculator:  runs 17:16:1
slices [99, 149):
	channel 0: occupancy (dense)
	channel 1: opticalFeature (sparse)

SurfaceDistanceOrderedTransfer:  runs 17:16:1
slices [73, 149):
	channel 0: occupancy (dense)
	channel 1: surfaceDist (dense)

SurfaceDistanceOrderedTransfer: 73 99 123
LayerExtractor:  runs 17:16:2
slices [71, 123):
	channel 0: occupancy (dense)
	channel 1: surfaceDist (dense)
	channel 2: layer_000 (sparse)
	channel 3: layer_001 (sparse)
	channel 4: layer_002 (sparse)
	channel 5: layer_003 (sparse)
	channel 6: layer_004 (sparse)
	channel 7: layer_005 (sparse)
	channel 8: layer_006 (sparse)
	channel 9: layer_007 (sparse)

TonalLinearizer:  runs 17:16:2
slices [72, 122):
	channel 0: occupancy (dense)
	channel 1: surfaceDist (dense)
	channel 2: layer_000 (sparse)
	channel 3: layer_001 (sparse)
	channel 4: layer_002 (sparse)
	channel 5: layer_003 (sparse)
	channel 6: layer_004 (sparse)
	channel 7: layer_005 (sparse)
	channel 8: layer_006 (sparse)
	channel 9: layer_007 (sparse)

VectorLayerHalftoner: VectorLayerHalftoner error: no tonal values available

VectorLayerHalftoner:  runs 17:16:2
slices [60, 122):
	channel 0: occupancy (dense)
	channel 1: surfaceDist (dense)
	channel 2: layer_000 (sparse)
	channel 3: layer_001 (sparse)
	channel 4: layer_002 (sparse)
	channel 5: layer_003 (sparse)
	channel 6: layer_004 (sparse)
	channel 7: layer_005 (sparse)
	channel 8: layer_006 (sparse)
	channel 9: layer_007 (sparse)
	channel 10: intermedTonal_0 (sparse)
	channel 11: intermedTonal_1 (sparse)
	channel 12: intermedTonal_2 (sparse)
	channel 13: intermedTonal_3 (sparse)
	channel 14: intermedTonal_4 (sparse)
	channel 15: intermedTonal_5 (sparse)
	channel 16: intermedTonal_6 (sparse)
	channel 17: intermedTonal_7 (sparse)
	channel 18: quantizedTonal (sparse)
	channel 19: errorDiffInfo2 (sparse)
	channel 20: distanceToEmpty (sparse)
	channel 21: errorDiffInfo3 (sparse)
	channel 22: errorDiffInfo4 (sparse)
	channel 23: errorDiffInfo5 (sparse)
	channel 24: errorDiffInfo6 (sparse)
	channel 25: errorDiffInfo7 (sparse)
	channel 26: errorDiffInfo8 (sparse)
	channel 27: errorDiffInfo9 (sparse)

SlaveReporter:  runs 17:16:5
slices [60, 110):
	channel 0: material (dense)
	channel 1: occupancy (dense)

SlaveReporter::runInternal
PrintJobVoxelizer:  runs 17:16:5

PrintJobVoxelizer: setting up slices
PrintJobVoxelizer: rasterizing objects
PrintJobVoxelizer: creating rasterizer
PrintJobVoxelizer: rasterizing object 1
Rasterizer::rasterize:
	4 trials
	total = 2.20949 s
	mean  = 0.552373 s
	var   = 0.0635084 s^2, std = 0.252009 s
	min   = 0.202785 s
	max   = 0.783474 s


PrintJobVoxelizer: voxelizing objects
Object 1 ROI: [0 0 0] --> [946 303 50]
GWNSampleFloodVoxelizer: number of samples: 348
GWNSampleFloodVoxelizer: samples evaluated
GWNSampleFloodVoxelizer: adaptive threshold = 0.498039
GWNSampleFloodVoxelizer: flooding complete
Voxelization: solid angle evaluations per voxel: 1.12002

GWNSampleFloodVoxelizer::voxelize:
	4 trials
	total = 3.54064 s
	mean  = 0.88516 s
	var   = 0.0117728 s^2, std = 0.108503 s
	min   = 0.745918 s
	max   = 1.011 s

GWNSampleFloodVoxelizer::initIndicator:
	4 trials
	total = 0.434298 s
	mean  = 0.108574 s
	var   = 0.000157204 s^2, std = 0.0125381 s
	min   = 0.092107 s
	max   = 0.122608 s

GWNSampleFloodVoxelizer::selectSamples:
	4 trials
	total = 0.347244 s
	mean  = 0.086811 s
	var   = 7.70796e-005 s^2, std = 0.0087795 s
	min   = 0.078655 s
	max   = 0.099278 s

GWNSampleFloodVoxelizer::evaluateSamples:
	4 trials
	total = 0.82485 s
	mean  = 0.206213 s
	var   = 0.00896394 s^2, std = 0.0946781 s
	min   = 0.084655 s
	max   = 0.314366 s

GWNSampleFloodVoxelizer::flood:
	4 trials
	total = 1.86994 s
	mean  = 0.467485 s
	var   = 1.75352e-005 s^2, std = 0.00418751 s
	min   = 0.462429 s
	max   = 0.471528 s


PrintJobVoxelizer: finalizing surfaces
PrintJobVoxelizer: 430827 surface voxels
PrintJobVoxelizer: getting output subset
PrintJobVoxelizer: updating slice indices
TonalValueCalculator:  runs 17:16:6
slices [149, 199):
	channel 0: occupancy (dense)
	channel 1: opticalFeature (sparse)

SurfaceDistanceOrderedTransfer:  runs 17:16:6
slices [123, 199):
	channel 0: occupancy (dense)
	channel 1: surfaceDist (dense)

SurfaceDistanceOrderedTransfer: 123 149 173
LayerExtractor:  runs 17:16:7
slices [121, 173):
	channel 0: occupancy (dense)
	channel 1: surfaceDist (dense)
	channel 2: layer_000 (sparse)
	channel 3: layer_001 (sparse)
	channel 4: layer_002 (sparse)
	channel 5: layer_003 (sparse)
	channel 6: layer_004 (sparse)
	channel 7: layer_005 (sparse)
	channel 8: layer_006 (sparse)
	channel 9: layer_007 (sparse)

TonalLinearizer:  runs 17:16:7
slices [122, 172):
	channel 0: occupancy (dense)
	channel 1: surfaceDist (dense)
	channel 2: layer_000 (sparse)
	channel 3: layer_001 (sparse)
	channel 4: layer_002 (sparse)
	channel 5: layer_003 (sparse)
	channel 6: layer_004 (sparse)
	channel 7: layer_005 (sparse)
	channel 8: layer_006 (sparse)
	channel 9: layer_007 (sparse)

VectorLayerHalftoner: VectorLayerHalftoner error: no tonal values available

VectorLayerHalftoner:  runs 17:16:7
slices [110, 172):
	channel 0: occupancy (dense)
	channel 1: surfaceDist (dense)
	channel 2: layer_000 (sparse)
	channel 3: layer_001 (sparse)
	channel 4: layer_002 (sparse)
	channel 5: layer_003 (sparse)
	channel 6: layer_004 (sparse)
	channel 7: layer_005 (sparse)
	channel 8: layer_006 (sparse)
	channel 9: layer_007 (sparse)
	channel 10: intermedTonal_0 (sparse)
	channel 11: intermedTonal_1 (sparse)
	channel 12: intermedTonal_2 (sparse)
	channel 13: intermedTonal_3 (sparse)
	channel 14: intermedTonal_4 (sparse)
	channel 15: intermedTonal_5 (sparse)
	channel 16: intermedTonal_6 (sparse)
	channel 17: intermedTonal_7 (sparse)
	channel 18: quantizedTonal (sparse)
	channel 19: errorDiffInfo2 (sparse)
	channel 20: distanceToEmpty (sparse)
	channel 21: errorDiffInfo3 (sparse)
	channel 22: errorDiffInfo4 (sparse)
	channel 23: errorDiffInfo5 (sparse)
	channel 24: errorDiffInfo6 (sparse)
	channel 25: errorDiffInfo7 (sparse)
	channel 26: errorDiffInfo8 (sparse)
	channel 27: errorDiffInfo9 (sparse)

SlaveReporter:  runs 17:16:11
slices [110, 160):
	channel 0: material (dense)
	channel 1: occupancy (dense)

SlaveReporter::runInternal
PrintJobVoxelizer:  runs 17:16:11

PrintJobVoxelizer: setting up slices
PrintJobVoxelizer: rasterizing objects
PrintJobVoxelizer: creating rasterizer
PrintJobVoxelizer: rasterizing object 1
Rasterizer::rasterize:
	5 trials
	total = 2.85284 s
	mean  = 0.570568 s
	var   = 0.0492867 s^2, std = 0.222006 s
	min   = 0.202785 s
	max   = 0.783474 s


PrintJobVoxelizer: voxelizing objects
Object 1 ROI: [0 0 0] --> [946 303 50]
GWNSampleFloodVoxelizer: number of samples: 321
GWNSampleFloodVoxelizer: samples evaluated
GWNSampleFloodVoxelizer: adaptive threshold = 0.498039
GWNSampleFloodVoxelizer: flooding complete
Voxelization: solid angle evaluations per voxel: 0.979022

GWNSampleFloodVoxelizer::voxelize:
	5 trials
	total = 4.39708 s
	mean  = 0.879417 s
	var   = 0.00899455 s^2, std = 0.0948396 s
	min   = 0.745918 s
	max   = 1.011 s

GWNSampleFloodVoxelizer::initIndicator:
	5 trials
	total = 0.506991 s
	mean  = 0.101398 s
	var   = 0.000375399 s^2, std = 0.0193752 s
	min   = 0.072693 s
	max   = 0.122608 s

GWNSampleFloodVoxelizer::selectSamples:
	5 trials
	total = 0.441662 s
	mean  = 0.0883324 s
	var   = 6.9383e-005 s^2, std = 0.00832965 s
	min   = 0.078655 s
	max   = 0.099278 s

GWNSampleFloodVoxelizer::evaluateSamples:
	5 trials
	total = 1.00934 s
	mean  = 0.201868 s
	var   = 0.00681733 s^2, std = 0.0825671 s
	min   = 0.084655 s
	max   = 0.314366 s

GWNSampleFloodVoxelizer::flood:
	5 trials
	total = 2.33018 s
	mean  = 0.466036 s
	var   = 2.36465e-005 s^2, std = 0.00486277 s
	min   = 0.460241 s
	max   = 0.471528 s


PrintJobVoxelizer: finalizing surfaces
PrintJobVoxelizer: 577180 surface voxels
PrintJobVoxelizer: getting output subset
PrintJobVoxelizer: updating slice indices
TonalValueCalculator:  runs 17:16:12
slices [199, 249):
	channel 0: occupancy (dense)
	channel 1: opticalFeature (sparse)

SurfaceDistanceOrderedTransfer:  runs 17:16:12
slices [173, 249):
	channel 0: occupancy (dense)
	channel 1: surfaceDist (dense)

SurfaceDistanceOrderedTransfer: 173 199 223
LayerExtractor:  runs 17:16:13
slices [171, 223):
	channel 0: occupancy (dense)
	channel 1: surfaceDist (dense)
	channel 2: layer_000 (sparse)
	channel 3: layer_001 (sparse)
	channel 4: layer_002 (sparse)
	channel 5: layer_003 (sparse)
	channel 6: layer_004 (sparse)
	channel 7: layer_005 (sparse)
	channel 8: layer_006 (sparse)
	channel 9: layer_007 (sparse)

TonalLinearizer:  runs 17:16:13
slices [172, 222):
	channel 0: occupancy (dense)
	channel 1: surfaceDist (dense)
	channel 2: layer_000 (sparse)
	channel 3: layer_001 (sparse)
	channel 4: layer_002 (sparse)
	channel 5: layer_003 (sparse)
	channel 6: layer_004 (sparse)
	channel 7: layer_005 (sparse)
	channel 8: layer_006 (sparse)
	channel 9: layer_007 (sparse)

VectorLayerHalftoner: VectorLayerHalftoner error: no tonal values available

VectorLayerHalftoner:  runs 17:16:13
slices [160, 222):
	channel 0: occupancy (dense)
	channel 1: surfaceDist (dense)
	channel 2: layer_000 (sparse)
	channel 3: layer_001 (sparse)
	channel 4: layer_002 (sparse)
	channel 5: layer_003 (sparse)
	channel 6: layer_004 (sparse)
	channel 7: layer_005 (sparse)
	channel 8: layer_006 (sparse)
	channel 9: layer_007 (sparse)
	channel 10: intermedTonal_0 (sparse)
	channel 11: intermedTonal_1 (sparse)
	channel 12: intermedTonal_2 (sparse)
	channel 13: intermedTonal_3 (sparse)
	channel 14: intermedTonal_4 (sparse)
	channel 15: intermedTonal_5 (sparse)
	channel 16: intermedTonal_6 (sparse)
	channel 17: intermedTonal_7 (sparse)
	channel 18: quantizedTonal (sparse)
	channel 19: errorDiffInfo2 (sparse)
	channel 20: distanceToEmpty (sparse)
	channel 21: errorDiffInfo3 (sparse)
	channel 22: errorDiffInfo4 (sparse)
	channel 23: errorDiffInfo5 (sparse)
	channel 24: errorDiffInfo6 (sparse)
	channel 25: errorDiffInfo7 (sparse)
	channel 26: errorDiffInfo8 (sparse)
	channel 27: errorDiffInfo9 (sparse)

SlaveReporter:  runs 17:16:16
slices [160, 210):
	channel 0: material (dense)
	channel 1: occupancy (dense)

SlaveReporter::runInternal
PrintJobVoxelizer:  runs 17:16:16

PrintJobVoxelizer: setting up slices
PrintJobVoxelizer: rasterizing objects
PrintJobVoxelizer: creating rasterizer
PrintJobVoxelizer: rasterizing object 1
Rasterizer::rasterize:
	6 trials
	total = 3.45285 s
	mean  = 0.575474 s
	var   = 0.0395738 s^2, std = 0.198932 s
	min   = 0.202785 s
	max   = 0.783474 s


PrintJobVoxelizer: voxelizing objects
Object 1 ROI: [0 0 0] --> [946 303 50]
GWNSampleFloodVoxelizer: number of samples: 307
GWNSampleFloodVoxelizer: samples evaluated
GWNSampleFloodVoxelizer: adaptive threshold = 0.498039
GWNSampleFloodVoxelizer: flooding complete
Voxelization: solid angle evaluations per voxel: 0.903347

GWNSampleFloodVoxelizer::voxelize:
	6 trials
	total = 5.19822 s
	mean  = 0.86637 s
	var   = 0.00821703 s^2, std = 0.0906479 s
	min   = 0.745918 s
	max   = 1.011 s

GWNSampleFloodVoxelizer::initIndicator:
	6 trials
	total = 0.580552 s
	mean  = 0.0967587 s
	var   = 0.000429471 s^2, std = 0.0207237 s
	min   = 0.072693 s
	max   = 0.122608 s

GWNSampleFloodVoxelizer::selectSamples:
	6 trials
	total = 0.535674 s
	mean  = 0.089279 s
	var   = 6.08827e-005 s^2, std = 0.00780274 s
	min   = 0.078655 s
	max   = 0.099278 s

GWNSampleFloodVoxelizer::evaluateSamples:
	6 trials
	total = 1.16626 s
	mean  = 0.194376 s
	var   = 0.00579064 s^2, std = 0.0760963 s
	min   = 0.084655 s
	max   = 0.314366 s

GWNSampleFloodVoxelizer::flood:
	6 trials
	total = 2.78489 s
	mean  = 0.464148 s
	var   = 4.03128e-005 s^2, std = 0.00634924 s
	min   = 0.454706 s
	max   = 0.471528 s


PrintJobVoxelizer: finalizing surfaces
PrintJobVoxelizer: 720693 surface voxels
PrintJobVoxelizer: getting output subset
PrintJobVoxelizer: updating slice indices
TonalValueCalculator:  runs 17:16:18
slices [249, 299):
	channel 0: occupancy (dense)
	channel 1: opticalFeature (sparse)

SurfaceDistanceOrderedTransfer:  runs 17:16:18
slices [223, 299):
	channel 0: occupancy (dense)
	channel 1: surfaceDist (dense)

SurfaceDistanceOrderedTransfer: 223 249 273
LayerExtractor:  runs 17:16:18
slices [221, 273):
	channel 0: occupancy (dense)
	channel 1: surfaceDist (dense)
	channel 2: layer_000 (sparse)
	channel 3: layer_001 (sparse)
	channel 4: layer_002 (sparse)
	channel 5: layer_003 (sparse)
	channel 6: layer_004 (sparse)
	channel 7: layer_005 (sparse)
	channel 8: layer_006 (sparse)
	channel 9: layer_007 (sparse)

TonalLinearizer:  runs 17:16:19
slices [222, 272):
	channel 0: occupancy (dense)
	channel 1: surfaceDist (dense)
	channel 2: layer_000 (sparse)
	channel 3: layer_001 (sparse)
	channel 4: layer_002 (sparse)
	channel 5: layer_003 (sparse)
	channel 6: layer_004 (sparse)
	channel 7: layer_005 (sparse)
	channel 8: layer_006 (sparse)
	channel 9: layer_007 (sparse)

VectorLayerHalftoner: VectorLayerHalftoner error: no tonal values available

VectorLayerHalftoner:  runs 17:16:19
slices [210, 272):
	channel 0: occupancy (dense)
	channel 1: surfaceDist (dense)
	channel 2: layer_000 (sparse)
	channel 3: layer_001 (sparse)
	channel 4: layer_002 (sparse)
	channel 5: layer_003 (sparse)
	channel 6: layer_004 (sparse)
	channel 7: layer_005 (sparse)
	channel 8: layer_006 (sparse)
	channel 9: layer_007 (sparse)
	channel 10: intermedTonal_0 (sparse)
	channel 11: intermedTonal_1 (sparse)
	channel 12: intermedTonal_2 (sparse)
	channel 13: intermedTonal_3 (sparse)
	channel 14: intermedTonal_4 (sparse)
	channel 15: intermedTonal_5 (sparse)
	channel 16: intermedTonal_6 (sparse)
	channel 17: intermedTonal_7 (sparse)
	channel 18: quantizedTonal (sparse)
	channel 19: errorDiffInfo2 (sparse)
	channel 20: distanceToEmpty (sparse)
	channel 21: errorDiffInfo3 (sparse)
	channel 22: errorDiffInfo4 (sparse)
	channel 23: errorDiffInfo5 (sparse)
	channel 24: errorDiffInfo6 (sparse)
	channel 25: errorDiffInfo7 (sparse)
	channel 26: errorDiffInfo8 (sparse)
	channel 27: errorDiffInfo9 (sparse)

SlaveReporter:  runs 17:16:22
slices [210, 260):
	channel 0: material (dense)
	channel 1: occupancy (dense)

SlaveReporter::runInternal
PrintJobVoxelizer:  runs 17:16:22

PrintJobVoxelizer: setting up slices
PrintJobVoxelizer: rasterizing objects
PrintJobVoxelizer: creating rasterizer
PrintJobVoxelizer: rasterizing object 1
Rasterizer::rasterize:
	7 trials
	total = 4.06068 s
	mean  = 0.580097 s
	var   = 0.0331278 s^2, std = 0.18201 s
	min   = 0.202785 s
	max   = 0.783474 s


PrintJobVoxelizer: voxelizing objects
Object 1 ROI: [0 0 0] --> [946 303 50]
GWNSampleFloodVoxelizer: number of samples: 306
GWNSampleFloodVoxelizer: samples evaluated
GWNSampleFloodVoxelizer: adaptive threshold = 0.498039
GWNSampleFloodVoxelizer: flooding complete
Voxelization: solid angle evaluations per voxel: 0.915666

GWNSampleFloodVoxelizer::voxelize:
	7 trials
	total = 6.16232 s
	mean  = 0.880331 s
	var   = 0.00821196 s^2, std = 0.0906199 s
	min   = 0.745918 s
	max   = 1.011 s

GWNSampleFloodVoxelizer::initIndicator:
	7 trials
	total = 0.759055 s
	mean  = 0.108436 s
	var   = 0.00131248 s^2, std = 0.0362282 s
	min   = 0.072693 s
	max   = 0.178503 s

GWNSampleFloodVoxelizer::selectSamples:
	7 trials
	total = 0.620331 s
	mean  = 0.0886187 s
	var   = 5.37874e-005 s^2, std = 0.00733399 s
	min   = 0.078655 s
	max   = 0.099278 s

GWNSampleFloodVoxelizer::evaluateSamples:
	7 trials
	total = 1.36798 s
	mean  = 0.195426 s
	var   = 0.00483325 s^2, std = 0.0695216 s
	min   = 0.084655 s
	max   = 0.314366 s

GWNSampleFloodVoxelizer::flood:
	7 trials
	total = 3.23909 s
	mean  = 0.462727 s
	var   = 4.77225e-005 s^2, std = 0.00690815 s
	min   = 0.454203 s
	max   = 0.471528 s


PrintJobVoxelizer: finalizing surfaces
PrintJobVoxelizer: 869230 surface voxels
PrintJobVoxelizer: getting output subset
PrintJobVoxelizer: updating slice indices
TonalValueCalculator:  runs 17:16:24
slices [299, 349):
	channel 0: occupancy (dense)
	channel 1: opticalFeature (sparse)

SurfaceDistanceOrderedTransfer:  runs 17:16:24
slices [273, 349):
	channel 0: occupancy (dense)
	channel 1: surfaceDist (dense)

SurfaceDistanceOrderedTransfer: 273 299 323
LayerExtractor:  runs 17:16:24
slices [271, 323):
	channel 0: occupancy (dense)
	channel 1: surfaceDist (dense)
	channel 2: layer_000 (sparse)
	channel 3: layer_001 (sparse)
	channel 4: layer_002 (sparse)
	channel 5: layer_003 (sparse)
	channel 6: layer_004 (sparse)
	channel 7: layer_005 (sparse)
	channel 8: layer_006 (sparse)
	channel 9: layer_007 (sparse)

TonalLinearizer:  runs 17:16:25
slices [272, 322):
	channel 0: occupancy (dense)
	channel 1: surfaceDist (dense)
	channel 2: layer_000 (sparse)
	channel 3: layer_001 (sparse)
	channel 4: layer_002 (sparse)
	channel 5: layer_003 (sparse)
	channel 6: layer_004 (sparse)
	channel 7: layer_005 (sparse)
	channel 8: layer_006 (sparse)
	channel 9: layer_007 (sparse)

VectorLayerHalftoner: VectorLayerHalftoner error: no tonal values available

VectorLayerHalftoner:  runs 17:16:25
slices [260, 322):
	channel 0: occupancy (dense)
	channel 1: surfaceDist (dense)
	channel 2: layer_000 (sparse)
	channel 3: layer_001 (sparse)
	channel 4: layer_002 (sparse)
	channel 5: layer_003 (sparse)
	channel 6: layer_004 (sparse)
	channel 7: layer_005 (sparse)
	channel 8: layer_006 (sparse)
	channel 9: layer_007 (sparse)
	channel 10: intermedTonal_0 (sparse)
	channel 11: intermedTonal_1 (sparse)
	channel 12: intermedTonal_2 (sparse)
	channel 13: intermedTonal_3 (sparse)
	channel 14: intermedTonal_4 (sparse)
	channel 15: intermedTonal_5 (sparse)
	channel 16: intermedTonal_6 (sparse)
	channel 17: intermedTonal_7 (sparse)
	channel 18: quantizedTonal (sparse)
	channel 19: errorDiffInfo2 (sparse)
	channel 20: distanceToEmpty (sparse)
	channel 21: errorDiffInfo3 (sparse)
	channel 22: errorDiffInfo4 (sparse)
	channel 23: errorDiffInfo5 (sparse)
	channel 24: errorDiffInfo6 (sparse)
	channel 25: errorDiffInfo7 (sparse)
	channel 26: errorDiffInfo8 (sparse)
	channel 27: errorDiffInfo9 (sparse)

SlaveReporter:  runs 17:16:28
slices [260, 310):
	channel 0: material (dense)
	channel 1: occupancy (dense)

SlaveReporter::runInternal
PrintJobVoxelizer:  runs 17:16:33

PrintJobVoxelizer: setting up slices
PrintJobVoxelizer: rasterizing objects
PrintJobVoxelizer: creating rasterizer
PrintJobVoxelizer: rasterizing object 1
Rasterizer::rasterize:
	8 trials
	total = 4.62361 s
	mean  = 0.577952 s
	var   = 0.028432 s^2, std = 0.168618 s
	min   = 0.202785 s
	max   = 0.783474 s


PrintJobVoxelizer: voxelizing objects
Object 1 ROI: [0 0 0] --> [946 303 50]
GWNSampleFloodVoxelizer: number of samples: 279
GWNSampleFloodVoxelizer: samples evaluated
GWNSampleFloodVoxelizer: adaptive threshold = 0.498039
GWNSampleFloodVoxelizer: flooding complete
Voxelization: solid angle evaluations per voxel: 0.744852

GWNSampleFloodVoxelizer::voxelize:
	8 trials
	total = 6.98661 s
	mean  = 0.873326 s
	var   = 0.00743141 s^2, std = 0.0862056 s
	min   = 0.745918 s
	max   = 1.011 s

GWNSampleFloodVoxelizer::initIndicator:
	8 trials
	total = 0.868352 s
	mean  = 0.108544 s
	var   = 0.00112508 s^2, std = 0.0335422 s
	min   = 0.072693 s
	max   = 0.178503 s

GWNSampleFloodVoxelizer::selectSamples:
	8 trials
	total = 0.718105 s
	mean  = 0.0897631 s
	var   = 5.65809e-005 s^2, std = 0.00752203 s
	min   = 0.078655 s
	max   = 0.099278 s

GWNSampleFloodVoxelizer::evaluateSamples:
	8 trials
	total = 1.49784 s
	mean  = 0.18723 s
	var   = 0.00468013 s^2, std = 0.0684115 s
	min   = 0.084655 s
	max   = 0.314366 s

GWNSampleFloodVoxelizer::flood:
	8 trials
	total = 3.70384 s
	mean  = 0.46298 s
	var   = 4.14175e-005 s^2, std = 0.00643564 s
	min   = 0.454203 s
	max   = 0.471528 s


PrintJobVoxelizer: finalizing surfaces
PrintJobVoxelizer: 1011469 surface voxels
PrintJobVoxelizer: getting output subset
PrintJobVoxelizer: updating slice indices
TonalValueCalculator:  runs 17:16:34
slices [349, 399):
	channel 0: occupancy (dense)
	channel 1: opticalFeature (sparse)

SurfaceDistanceOrderedTransfer:  runs 17:16:34
slices [323, 399):
	channel 0: occupancy (dense)
	channel 1: surfaceDist (dense)

SurfaceDistanceOrderedTransfer: 323 349 373
LayerExtractor:  runs 17:16:35
slices [321, 373):
	channel 0: occupancy (dense)
	channel 1: surfaceDist (dense)
	channel 2: layer_000 (sparse)
	channel 3: layer_001 (sparse)
	channel 4: layer_002 (sparse)
	channel 5: layer_003 (sparse)
	channel 6: layer_004 (sparse)
	channel 7: layer_005 (sparse)
	channel 8: layer_006 (sparse)
	channel 9: layer_007 (sparse)

TonalLinearizer:  runs 17:16:35
slices [322, 372):
	channel 0: occupancy (dense)
	channel 1: surfaceDist (dense)
	channel 2: layer_000 (sparse)
	channel 3: layer_001 (sparse)
	channel 4: layer_002 (sparse)
	channel 5: layer_003 (sparse)
	channel 6: layer_004 (sparse)
	channel 7: layer_005 (sparse)
	channel 8: layer_006 (sparse)
	channel 9: layer_007 (sparse)

VectorLayerHalftoner: VectorLayerHalftoner error: no tonal values available

VectorLayerHalftoner:  runs 17:16:35
slices [310, 372):
	channel 0: occupancy (dense)
	channel 1: surfaceDist (dense)
	channel 2: layer_000 (sparse)
	channel 3: layer_001 (sparse)
	channel 4: layer_002 (sparse)
	channel 5: layer_003 (sparse)
	channel 6: layer_004 (sparse)
	channel 7: layer_005 (sparse)
	channel 8: layer_006 (sparse)
	channel 9: layer_007 (sparse)
	channel 10: intermedTonal_0 (sparse)
	channel 11: intermedTonal_1 (sparse)
	channel 12: intermedTonal_2 (sparse)
	channel 13: intermedTonal_3 (sparse)
	channel 14: intermedTonal_4 (sparse)
	channel 15: intermedTonal_5 (sparse)
	channel 16: intermedTonal_6 (sparse)
	channel 17: intermedTonal_7 (sparse)
	channel 18: quantizedTonal (sparse)
	channel 19: errorDiffInfo2 (sparse)
	channel 20: distanceToEmpty (sparse)
	channel 21: errorDiffInfo3 (sparse)
	channel 22: errorDiffInfo4 (sparse)
	channel 23: errorDiffInfo5 (sparse)
	channel 24: errorDiffInfo6 (sparse)
	channel 25: errorDiffInfo7 (sparse)
	channel 26: errorDiffInfo8 (sparse)
	channel 27: errorDiffInfo9 (sparse)

SlaveReporter:  runs 17:16:39
slices [310, 360):
	channel 0: material (dense)
	channel 1: occupancy (dense)

SlaveReporter::runInternal
PrintJobVoxelizer:  runs 17:16:43

PrintJobVoxelizer: setting up slices
PrintJobVoxelizer: rasterizing objects
PrintJobVoxelizer: creating rasterizer
PrintJobVoxelizer: rasterizing object 1
Rasterizer::rasterize:
	9 trials
	total = 5.21809 s
	mean  = 0.579788 s
	var   = 0.0249084 s^2, std = 0.157824 s
	min   = 0.202785 s
	max   = 0.783474 s


PrintJobVoxelizer: voxelizing objects
Object 1 ROI: [0 0 0] --> [946 303 50]
GWNSampleFloodVoxelizer: number of samples: 271
GWNSampleFloodVoxelizer: samples evaluated
GWNSampleFloodVoxelizer: adaptive threshold = 0.498039
GWNSampleFloodVoxelizer: flooding complete
Voxelization: solid angle evaluations per voxel: 0.776759

GWNSampleFloodVoxelizer::voxelize:
	9 trials
	total = 7.81379 s
	mean  = 0.868199 s
	var   = 0.00673907 s^2, std = 0.0820918 s
	min   = 0.745918 s
	max   = 1.011 s

GWNSampleFloodVoxelizer::initIndicator:
	9 trials
	total = 0.977656 s
	mean  = 0.108628 s
	var   = 0.000984508 s^2, std = 0.0313769 s
	min   = 0.072693 s
	max   = 0.178503 s

GWNSampleFloodVoxelizer::selectSamples:
	9 trials
	total = 0.79624 s
	mean  = 0.0884711 s
	var   = 6.4532e-005 s^2, std = 0.00803318 s
	min   = 0.078135 s
	max   = 0.099278 s

GWNSampleFloodVoxelizer::evaluateSamples:
	9 trials
	total = 1.64735 s
	mean  = 0.183039 s
	var   = 0.00425326 s^2, std = 0.065217 s
	min   = 0.084655 s
	max   = 0.314366 s

GWNSampleFloodVoxelizer::flood:
	9 trials
	total = 4.16306 s
	mean  = 0.462562 s
	var   = 3.78131e-005 s^2, std = 0.00614923 s
	min   = 0.454203 s
	max   = 0.471528 s


PrintJobVoxelizer: finalizing surfaces
PrintJobVoxelizer: 1155965 surface voxels
PrintJobVoxelizer: getting output subset
PrintJobVoxelizer: updating slice indices
TonalValueCalculator:  runs 17:16:44
slices [399, 449):
	channel 0: occupancy (dense)
	channel 1: opticalFeature (sparse)

SurfaceDistanceOrderedTransfer:  runs 17:16:44
slices [373, 449):
	channel 0: occupancy (dense)
	channel 1: surfaceDist (dense)

SurfaceDistanceOrderedTransfer: 373 399 423
LayerExtractor:  runs 17:16:45
slices [371, 423):
	channel 0: occupancy (dense)
	channel 1: surfaceDist (dense)
	channel 2: layer_000 (sparse)
	channel 3: layer_001 (sparse)
	channel 4: layer_002 (sparse)
	channel 5: layer_003 (sparse)
	channel 6: layer_004 (sparse)
	channel 7: layer_005 (sparse)
	channel 8: layer_006 (sparse)
	channel 9: layer_007 (sparse)

TonalLinearizer:  runs 17:16:45
slices [372, 422):
	channel 0: occupancy (dense)
	channel 1: surfaceDist (dense)
	channel 2: layer_000 (sparse)
	channel 3: layer_001 (sparse)
	channel 4: layer_002 (sparse)
	channel 5: layer_003 (sparse)
	channel 6: layer_004 (sparse)
	channel 7: layer_005 (sparse)
	channel 8: layer_006 (sparse)
	channel 9: layer_007 (sparse)

VectorLayerHalftoner: VectorLayerHalftoner error: no tonal values available

VectorLayerHalftoner:  runs 17:16:45
slices [360, 422):
	channel 0: occupancy (dense)
	channel 1: surfaceDist (dense)
	channel 2: layer_000 (sparse)
	channel 3: layer_001 (sparse)
	channel 4: layer_002 (sparse)
	channel 5: layer_003 (sparse)
	channel 6: layer_004 (sparse)
	channel 7: layer_005 (sparse)
	channel 8: layer_006 (sparse)
	channel 9: layer_007 (sparse)
	channel 10: intermedTonal_0 (sparse)
	channel 11: intermedTonal_1 (sparse)
	channel 12: intermedTonal_2 (sparse)
	channel 13: intermedTonal_3 (sparse)
	channel 14: intermedTonal_4 (sparse)
	channel 15: intermedTonal_5 (sparse)
	channel 16: intermedTonal_6 (sparse)
	channel 17: intermedTonal_7 (sparse)
	channel 18: quantizedTonal (sparse)
	channel 19: errorDiffInfo2 (sparse)
	channel 20: distanceToEmpty (sparse)
	channel 21: errorDiffInfo3 (sparse)
	channel 22: errorDiffInfo4 (sparse)
	channel 23: errorDiffInfo5 (sparse)
	channel 24: errorDiffInfo6 (sparse)
	channel 25: errorDiffInfo7 (sparse)
	channel 26: errorDiffInfo8 (sparse)
	channel 27: errorDiffInfo9 (sparse)

SlaveReporter:  runs 17:16:49
slices [360, 410):
	channel 0: material (dense)
	channel 1: occupancy (dense)

SlaveReporter::runInternal
PrintJobVoxelizer:  runs 17:16:52

PrintJobVoxelizer: setting up slices
PrintJobVoxelizer: rasterizing objects
PrintJobVoxelizer: creating rasterizer
PrintJobVoxelizer: rasterizing object 1
Rasterizer::rasterize:
	10 trials
	total = 5.79244 s
	mean  = 0.579244 s
	var   = 0.0221437 s^2, std = 0.148808 s
	min   = 0.202785 s
	max   = 0.783474 s


PrintJobVoxelizer: voxelizing objects
Object 1 ROI: [0 0 0] --> [946 303 50]
GWNSampleFloodVoxelizer: number of samples: 274
GWNSampleFloodVoxelizer: samples evaluated
GWNSampleFloodVoxelizer: adaptive threshold = 0.498039
GWNSampleFloodVoxelizer: flooding complete
Voxelization: solid angle evaluations per voxel: 0.73046

GWNSampleFloodVoxelizer::voxelize:
	10 trials
	total = 8.67494 s
	mean  = 0.867494 s
	var   = 0.00599525 s^2, std = 0.077429 s
	min   = 0.745918 s
	max   = 1.011 s

GWNSampleFloodVoxelizer::initIndicator:
	10 trials
	total = 1.12788 s
	mean  = 0.112788 s
	var   = 0.00104815 s^2, std = 0.0323752 s
	min   = 0.072693 s
	max   = 0.178503 s

GWNSampleFloodVoxelizer::selectSamples:
	10 trials
	total = 0.880865 s
	mean  = 0.0880865 s
	var   = 5.8841e-005 s^2, std = 0.00767079 s
	min   = 0.078135 s
	max   = 0.099278 s

GWNSampleFloodVoxelizer::evaluateSamples:
	10 trials
	total = 1.77888 s
	mean  = 0.177888 s
	var   = 0.00404593 s^2, std = 0.0636076 s
	min   = 0.084655 s
	max   = 0.314366 s

GWNSampleFloodVoxelizer::flood:
	10 trials
	total = 4.62999 s
	mean  = 0.462999 s
	var   = 3.55176e-005 s^2, std = 0.00595967 s
	min   = 0.454203 s
	max   = 0.471528 s


PrintJobVoxelizer: finalizing surfaces
PrintJobVoxelizer: 1293947 surface voxels
PrintJobVoxelizer: getting output subset
PrintJobVoxelizer: updating slice indices
TonalValueCalculator:  runs 17:16:54
slices [449, 499):
	channel 0: occupancy (dense)
	channel 1: opticalFeature (sparse)

SurfaceDistanceOrderedTransfer:  runs 17:16:54
slices [423, 499):
	channel 0: occupancy (dense)
	channel 1: surfaceDist (dense)

SurfaceDistanceOrderedTransfer: 423 449 473
LayerExtractor:  runs 17:16:54
slices [421, 473):
	channel 0: occupancy (dense)
	channel 1: surfaceDist (dense)
	channel 2: layer_000 (sparse)
	channel 3: layer_001 (sparse)
	channel 4: layer_002 (sparse)
	channel 5: layer_003 (sparse)
	channel 6: layer_004 (sparse)
	channel 7: layer_005 (sparse)
	channel 8: layer_006 (sparse)
	channel 9: layer_007 (sparse)

TonalLinearizer:  runs 17:16:55
slices [422, 472):
	channel 0: occupancy (dense)
	channel 1: surfaceDist (dense)
	channel 2: layer_000 (sparse)
	channel 3: layer_001 (sparse)
	channel 4: layer_002 (sparse)
	channel 5: layer_003 (sparse)
	channel 6: layer_004 (sparse)
	channel 7: layer_005 (sparse)
	channel 8: layer_006 (sparse)
	channel 9: layer_007 (sparse)

VectorLayerHalftoner: VectorLayerHalftoner error: no tonal values available

VectorLayerHalftoner:  runs 17:16:55
slices [410, 472):
	channel 0: occupancy (dense)
	channel 1: surfaceDist (dense)
	channel 2: layer_000 (sparse)
	channel 3: layer_001 (sparse)
	channel 4: layer_002 (sparse)
	channel 5: layer_003 (sparse)
	channel 6: layer_004 (sparse)
	channel 7: layer_005 (sparse)
	channel 8: layer_006 (sparse)
	channel 9: layer_007 (sparse)
	channel 10: intermedTonal_0 (sparse)
	channel 11: intermedTonal_1 (sparse)
	channel 12: intermedTonal_2 (sparse)
	channel 13: intermedTonal_3 (sparse)
	channel 14: intermedTonal_4 (sparse)
	channel 15: intermedTonal_5 (sparse)
	channel 16: intermedTonal_6 (sparse)
	channel 17: intermedTonal_7 (sparse)
	channel 18: quantizedTonal (sparse)
	channel 19: errorDiffInfo2 (sparse)
	channel 20: distanceToEmpty (sparse)
	channel 21: errorDiffInfo3 (sparse)
	channel 22: errorDiffInfo4 (sparse)
	channel 23: errorDiffInfo5 (sparse)
	channel 24: errorDiffInfo6 (sparse)
	channel 25: errorDiffInfo7 (sparse)
	channel 26: errorDiffInfo8 (sparse)
	channel 27: errorDiffInfo9 (sparse)

SlaveReporter:  runs 17:16:58
slices [410, 460):
	channel 0: material (dense)
	channel 1: occupancy (dense)

SlaveReporter::runInternal
PrintJobVoxelizer:  runs 17:17:2

PrintJobVoxelizer: setting up slices
PrintJobVoxelizer: rasterizing objects
PrintJobVoxelizer: creating rasterizer
PrintJobVoxelizer: rasterizing object 1
Rasterizer::rasterize:
	11 trials
	total = 6.37922 s
	mean  = 0.579929 s
	var   = 0.0199345 s^2, std = 0.14119 s
	min   = 0.202785 s
	max   = 0.783474 s


PrintJobVoxelizer: voxelizing objects
Object 1 ROI: [0 0 0] --> [946 303 50]
GWNSampleFloodVoxelizer: number of samples: 293
GWNSampleFloodVoxelizer: samples evaluated
GWNSampleFloodVoxelizer: adaptive threshold = 0.498039
GWNSampleFloodVoxelizer: flooding complete
Voxelization: solid angle evaluations per voxel: 0.846212

GWNSampleFloodVoxelizer::voxelize:
	11 trials
	total = 9.54835 s
	mean  = 0.868032 s
	var   = 0.00539891 s^2, std = 0.0734773 s
	min   = 0.745918 s
	max   = 1.011 s

GWNSampleFloodVoxelizer::initIndicator:
	11 trials
	total = 1.26552 s
	mean  = 0.115047 s
	var   = 0.000999485 s^2, std = 0.0316146 s
	min   = 0.072693 s
	max   = 0.178503 s

GWNSampleFloodVoxelizer::selectSamples:
	11 trials
	total = 0.964985 s
	mean  = 0.0877259 s
	var   = 5.43872e-005 s^2, std = 0.00737477 s
	min   = 0.078135 s
	max   = 0.099278 s

GWNSampleFloodVoxelizer::evaluateSamples:
	11 trials
	total = 1.94212 s
	mean  = 0.176557 s
	var   = 0.00366084 s^2, std = 0.0605049 s
	min   = 0.084655 s
	max   = 0.314366 s

GWNSampleFloodVoxelizer::flood:
	11 trials
	total = 5.09943 s
	mean  = 0.463584 s
	var   = 3.57376e-005 s^2, std = 0.00597809 s
	min   = 0.454203 s
	max   = 0.471528 s


PrintJobVoxelizer: finalizing surfaces
PrintJobVoxelizer: 1432715 surface voxels
PrintJobVoxelizer: getting output subset
PrintJobVoxelizer: updating slice indices
TonalValueCalculator:  runs 17:17:4
slices [499, 549):
	channel 0: occupancy (dense)
	channel 1: opticalFeature (sparse)

SurfaceDistanceOrderedTransfer:  runs 17:17:4
slices [473, 549):
	channel 0: occupancy (dense)
	channel 1: surfaceDist (dense)

SurfaceDistanceOrderedTransfer: 473 499 523
LayerExtractor:  runs 17:17:4
slices [471, 523):
	channel 0: occupancy (dense)
	channel 1: surfaceDist (dense)
	channel 2: layer_000 (sparse)
	channel 3: layer_001 (sparse)
	channel 4: layer_002 (sparse)
	channel 5: layer_003 (sparse)
	channel 6: layer_004 (sparse)
	channel 7: layer_005 (sparse)
	channel 8: layer_006 (sparse)
	channel 9: layer_007 (sparse)

TonalLinearizer:  runs 17:17:5
slices [472, 522):
	channel 0: occupancy (dense)
	channel 1: surfaceDist (dense)
	channel 2: layer_000 (sparse)
	channel 3: layer_001 (sparse)
	channel 4: layer_002 (sparse)
	channel 5: layer_003 (sparse)
	channel 6: layer_004 (sparse)
	channel 7: layer_005 (sparse)
	channel 8: layer_006 (sparse)
	channel 9: layer_007 (sparse)

VectorLayerHalftoner: VectorLayerHalftoner error: no tonal values available

VectorLayerHalftoner:  runs 17:17:5
slices [460, 522):
	channel 0: occupancy (dense)
	channel 1: surfaceDist (dense)
	channel 2: layer_000 (sparse)
	channel 3: layer_001 (sparse)
	channel 4: layer_002 (sparse)
	channel 5: layer_003 (sparse)
	channel 6: layer_004 (sparse)
	channel 7: layer_005 (sparse)
	channel 8: layer_006 (sparse)
	channel 9: layer_007 (sparse)
	channel 10: intermedTonal_0 (sparse)
	channel 11: intermedTonal_1 (sparse)
	channel 12: intermedTonal_2 (sparse)
	channel 13: intermedTonal_3 (sparse)
	channel 14: intermedTonal_4 (sparse)
	channel 15: intermedTonal_5 (sparse)
	channel 16: intermedTonal_6 (sparse)
	channel 17: intermedTonal_7 (sparse)
	channel 18: quantizedTonal (sparse)
	channel 19: errorDiffInfo2 (sparse)
	channel 20: distanceToEmpty (sparse)
	channel 21: errorDiffInfo3 (sparse)
	channel 22: errorDiffInfo4 (sparse)
	channel 23: errorDiffInfo5 (sparse)
	channel 24: errorDiffInfo6 (sparse)
	channel 25: errorDiffInfo7 (sparse)
	channel 26: errorDiffInfo8 (sparse)
	channel 27: errorDiffInfo9 (sparse)

SlaveReporter:  runs 17:17:7
slices [460, 510):
	channel 0: material (dense)
	channel 1: occupancy (dense)

SlaveReporter::runInternal
PrintJobVoxelizer:  runs 17:17:12

PrintJobVoxelizer: setting up slices
PrintJobVoxelizer: rasterizing objects
PrintJobVoxelizer: creating rasterizer
PrintJobVoxelizer: rasterizing object 1
Rasterizer::rasterize:
	12 trials
	total = 6.99996 s
	mean  = 0.58333 s
	var   = 0.0182611 s^2, std = 0.135134 s
	min   = 0.202785 s
	max   = 0.783474 s


PrintJobVoxelizer: voxelizing objects
Object 1 ROI: [0 0 0] --> [946 303 50]
GWNSampleFloodVoxelizer: number of samples: 331
GWNSampleFloodVoxelizer: samples evaluated
GWNSampleFloodVoxelizer: adaptive threshold = 0.498039
GWNSampleFloodVoxelizer: flooding complete
Voxelization: solid angle evaluations per voxel: 0.967426

GWNSampleFloodVoxelizer::voxelize:
	12 trials
	total = 10.4414 s
	mean  = 0.870121 s
	var   = 0.00496045 s^2, std = 0.0704305 s
	min   = 0.745918 s
	max   = 1.011 s

GWNSampleFloodVoxelizer::initIndicator:
	12 trials
	total = 1.38799 s
	mean  = 0.115666 s
	var   = 0.00091321 s^2, std = 0.0302194 s
	min   = 0.072693 s
	max   = 0.178503 s

GWNSampleFloodVoxelizer::selectSamples:
	12 trials
	total = 1.04914 s
	mean  = 0.0874281 s
	var   = 5.05073e-005 s^2, std = 0.00710685 s
	min   = 0.078135 s
	max   = 0.099278 s

GWNSampleFloodVoxelizer::evaluateSamples:
	12 trials
	total = 2.13676 s
	mean  = 0.178064 s
	var   = 0.0033553 s^2, std = 0.0579249 s
	min   = 0.084655 s
	max   = 0.314366 s

GWNSampleFloodVoxelizer::flood:
	12 trials
	total = 5.5717 s
	mean  = 0.464308 s
	var   = 3.87754e-005 s^2, std = 0.00622699 s
	min   = 0.454203 s
	max   = 0.47227 s


PrintJobVoxelizer: finalizing surfaces
PrintJobVoxelizer: 1573649 surface voxels
PrintJobVoxelizer: getting output subset
PrintJobVoxelizer: updating slice indices
TonalValueCalculator:  runs 17:17:13
slices [549, 599):
	channel 0: occupancy (dense)
	channel 1: opticalFeature (sparse)

SurfaceDistanceOrderedTransfer:  runs 17:17:13
slices [523, 599):
	channel 0: occupancy (dense)
	channel 1: surfaceDist (dense)

SurfaceDistanceOrderedTransfer: 523 549 573
LayerExtractor:  runs 17:17:14
slices [521, 573):
	channel 0: occupancy (dense)
	channel 1: surfaceDist (dense)
	channel 2: layer_000 (sparse)
	channel 3: layer_001 (sparse)
	channel 4: layer_002 (sparse)
	channel 5: layer_003 (sparse)
	channel 6: layer_004 (sparse)
	channel 7: layer_005 (sparse)
	channel 8: layer_006 (sparse)
	channel 9: layer_007 (sparse)

TonalLinearizer:  runs 17:17:14
slices [522, 572):
	channel 0: occupancy (dense)
	channel 1: surfaceDist (dense)
	channel 2: layer_000 (sparse)
	channel 3: layer_001 (sparse)
	channel 4: layer_002 (sparse)
	channel 5: layer_003 (sparse)
	channel 6: layer_004 (sparse)
	channel 7: layer_005 (sparse)
	channel 8: layer_006 (sparse)
	channel 9: layer_007 (sparse)

VectorLayerHalftoner: VectorLayerHalftoner error: no tonal values available

VectorLayerHalftoner:  runs 17:17:14
slices [510, 572):
	channel 0: occupancy (dense)
	channel 1: surfaceDist (dense)
	channel 2: layer_000 (sparse)
	channel 3: layer_001 (sparse)
	channel 4: layer_002 (sparse)
	channel 5: layer_003 (sparse)
	channel 6: layer_004 (sparse)
	channel 7: layer_005 (sparse)
	channel 8: layer_006 (sparse)
	channel 9: layer_007 (sparse)
	channel 10: intermedTonal_0 (sparse)
	channel 11: intermedTonal_1 (sparse)
	channel 12: intermedTonal_2 (sparse)
	channel 13: intermedTonal_3 (sparse)
	channel 14: intermedTonal_4 (sparse)
	channel 15: intermedTonal_5 (sparse)
	channel 16: intermedTonal_6 (sparse)
	channel 17: intermedTonal_7 (sparse)
	channel 18: quantizedTonal (sparse)
	channel 19: errorDiffInfo2 (sparse)
	channel 20: distanceToEmpty (sparse)
	channel 21: errorDiffInfo3 (sparse)
	channel 22: errorDiffInfo4 (sparse)
	channel 23: errorDiffInfo5 (sparse)
	channel 24: errorDiffInfo6 (sparse)
	channel 25: errorDiffInfo7 (sparse)
	channel 26: errorDiffInfo8 (sparse)
	channel 27: errorDiffInfo9 (sparse)

SlaveReporter:  runs 17:17:17
slices [510, 560):
	channel 0: material (dense)
	channel 1: occupancy (dense)

SlaveReporter::runInternal
PrintJobVoxelizer:  runs 17:17:22

PrintJobVoxelizer: setting up slices
PrintJobVoxelizer: rasterizing objects
PrintJobVoxelizer: creating rasterizer
PrintJobVoxelizer: rasterizing object 1
Rasterizer::rasterize:
	13 trials
	total = 7.70147 s
	mean  = 0.592421 s
	var   = 0.0178137 s^2, std = 0.133468 s
	min   = 0.202785 s
	max   = 0.783474 s


PrintJobVoxelizer: voxelizing objects
Object 1 ROI: [0 0 0] --> [946 303 50]
GWNSampleFloodVoxelizer: number of samples: 392
GWNSampleFloodVoxelizer: samples evaluated
GWNSampleFloodVoxelizer: adaptive threshold = 0.498039
GWNSampleFloodVoxelizer: flooding complete
Voxelization: solid angle evaluations per voxel: 1.41307

GWNSampleFloodVoxelizer::voxelize:
	13 trials
	total = 11.4859 s
	mean  = 0.883531 s
	var   = 0.00688477 s^2, std = 0.0829745 s
	min   = 0.745918 s
	max   = 1.04445 s

GWNSampleFloodVoxelizer::initIndicator:
	13 trials
	total = 1.53816 s
	mean  = 0.11832 s
	var   = 0.000928684 s^2, std = 0.0304743 s
	min   = 0.072693 s
	max   = 0.178503 s

GWNSampleFloodVoxelizer::selectSamples:
	13 trials
	total = 1.13379 s
	mean  = 0.0872148 s
	var   = 4.68895e-005 s^2, std = 0.00684759 s
	min   = 0.078135 s
	max   = 0.099278 s

GWNSampleFloodVoxelizer::evaluateSamples:
	13 trials
	total = 2.44645 s
	mean  = 0.188188 s
	var   = 0.00440834 s^2, std = 0.0663953 s
	min   = 0.084655 s
	max   = 0.314366 s

GWNSampleFloodVoxelizer::flood:
	13 trials
	total = 6.05299 s
	mean  = 0.465614 s
	var   = 5.77274e-005 s^2, std = 0.00759785 s
	min   = 0.454203 s
	max   = 0.48129 s


PrintJobVoxelizer: finalizing surfaces
PrintJobVoxelizer: 1728964 surface voxels
PrintJobVoxelizer: getting output subset
PrintJobVoxelizer: updating slice indices
TonalValueCalculator:  runs 17:17:24
slices [599, 649):
	channel 0: occupancy (dense)
	channel 1: opticalFeature (sparse)

SurfaceDistanceOrderedTransfer:  runs 17:17:24
slices [573, 649):
	channel 0: occupancy (dense)
	channel 1: surfaceDist (dense)

SurfaceDistanceOrderedTransfer: 573 599 623
LayerExtractor:  runs 17:17:24
slices [571, 623):
	channel 0: occupancy (dense)
	channel 1: surfaceDist (dense)
	channel 2: layer_000 (sparse)
	channel 3: layer_001 (sparse)
	channel 4: layer_002 (sparse)
	channel 5: layer_003 (sparse)
	channel 6: layer_004 (sparse)
	channel 7: layer_005 (sparse)
	channel 8: layer_006 (sparse)
	channel 9: layer_007 (sparse)

TonalLinearizer:  runs 17:17:24
slices [572, 622):
	channel 0: occupancy (dense)
	channel 1: surfaceDist (dense)
	channel 2: layer_000 (sparse)
	channel 3: layer_001 (sparse)
	channel 4: layer_002 (sparse)
	channel 5: layer_003 (sparse)
	channel 6: layer_004 (sparse)
	channel 7: layer_005 (sparse)
	channel 8: layer_006 (sparse)
	channel 9: layer_007 (sparse)

VectorLayerHalftoner: VectorLayerHalftoner error: no tonal values available

VectorLayerHalftoner:  runs 17:17:25
slices [560, 622):
	channel 0: occupancy (dense)
	channel 1: surfaceDist (dense)
	channel 2: layer_000 (sparse)
	channel 3: layer_001 (sparse)
	channel 4: layer_002 (sparse)
	channel 5: layer_003 (sparse)
	channel 6: layer_004 (sparse)
	channel 7: layer_005 (sparse)
	channel 8: layer_006 (sparse)
	channel 9: layer_007 (sparse)
	channel 10: intermedTonal_0 (sparse)
	channel 11: intermedTonal_1 (sparse)
	channel 12: intermedTonal_2 (sparse)
	channel 13: intermedTonal_3 (sparse)
	channel 14: intermedTonal_4 (sparse)
	channel 15: intermedTonal_5 (sparse)
	channel 16: intermedTonal_6 (sparse)
	channel 17: intermedTonal_7 (sparse)
	channel 18: quantizedTonal (sparse)
	channel 19: errorDiffInfo2 (sparse)
	channel 20: distanceToEmpty (sparse)
	channel 21: errorDiffInfo3 (sparse)
	channel 22: errorDiffInfo4 (sparse)
	channel 23: errorDiffInfo5 (sparse)
	channel 24: errorDiffInfo6 (sparse)
	channel 25: errorDiffInfo7 (sparse)
	channel 26: errorDiffInfo8 (sparse)
	channel 27: errorDiffInfo9 (sparse)

SlaveReporter:  runs 17:17:27
slices [560, 610):
	channel 0: material (dense)
	channel 1: occupancy (dense)

SlaveReporter::runInternal
PrintJobVoxelizer:  runs 17:17:31

PrintJobVoxelizer: setting up slices
PrintJobVoxelizer: rasterizing objects
PrintJobVoxelizer: creating rasterizer
PrintJobVoxelizer: rasterizing object 1
Rasterizer::rasterize:
	14 trials
	total = 8.31207 s
	mean  = 0.593719 s
	var   = 0.0164671 s^2, std = 0.128324 s
	min   = 0.202785 s
	max   = 0.783474 s


PrintJobVoxelizer: voxelizing objects
Object 1 ROI: [0 0 0] --> [946 303 50]
GWNSampleFloodVoxelizer: number of samples: 353
GWNSampleFloodVoxelizer: samples evaluated
GWNSampleFloodVoxelizer: adaptive threshold = 0.498039
GWNSampleFloodVoxelizer: flooding complete
Voxelization: solid angle evaluations per voxel: 1.11441

GWNSampleFloodVoxelizer::voxelize:
	14 trials
	total = 12.4157 s
	mean  = 0.886833 s
	var   = 0.00650788 s^2, std = 0.0806714 s
	min   = 0.745918 s
	max   = 1.04445 s

GWNSampleFloodVoxelizer::initIndicator:
	14 trials
	total = 1.67488 s
	mean  = 0.119635 s
	var   = 0.000881446 s^2, std = 0.0296892 s
	min   = 0.072693 s
	max   = 0.178503 s

GWNSampleFloodVoxelizer::selectSamples:
	14 trials
	total = 1.2125 s
	mean  = 0.086607 s
	var   = 4.84553e-005 s^2, std = 0.00696098 s
	min   = 0.078135 s
	max   = 0.099278 s

GWNSampleFloodVoxelizer::evaluateSamples:
	14 trials
	total = 2.67767 s
	mean  = 0.191262 s
	var   = 0.00420148 s^2, std = 0.0648188 s
	min   = 0.084655 s
	max   = 0.314366 s

GWNSampleFloodVoxelizer::flood:
	14 trials
	total = 6.51924 s
	mean  = 0.46566 s
	var   = 5.33162e-005 s^2, std = 0.0073018 s
	min   = 0.454203 s
	max   = 0.48129 s


PrintJobVoxelizer: finalizing surfaces
PrintJobVoxelizer: 1850901 surface voxels
PrintJobVoxelizer: getting output subset
PrintJobVoxelizer: updating slice indices
TonalValueCalculator:  runs 17:17:33
slices [649, 699):
	channel 0: occupancy (dense)
	channel 1: opticalFeature (sparse)

SurfaceDistanceOrderedTransfer:  runs 17:17:33
slices [623, 699):
	channel 0: occupancy (dense)
	channel 1: surfaceDist (dense)

SurfaceDistanceOrderedTransfer: 623 649 673
LayerExtractor:  runs 17:17:34
slices [621, 673):
	channel 0: occupancy (dense)
	channel 1: surfaceDist (dense)
	channel 2: layer_000 (sparse)
	channel 3: layer_001 (sparse)
	channel 4: layer_002 (sparse)
	channel 5: layer_003 (sparse)
	channel 6: layer_004 (sparse)
	channel 7: layer_005 (sparse)
	channel 8: layer_006 (sparse)
	channel 9: layer_007 (sparse)

TonalLinearizer:  runs 17:17:34
slices [622, 672):
	channel 0: occupancy (dense)
	channel 1: surfaceDist (dense)
	channel 2: layer_000 (sparse)
	channel 3: layer_001 (sparse)
	channel 4: layer_002 (sparse)
	channel 5: layer_003 (sparse)
	channel 6: layer_004 (sparse)
	channel 7: layer_005 (sparse)
	channel 8: layer_006 (sparse)
	channel 9: layer_007 (sparse)

VectorLayerHalftoner: VectorLayerHalftoner error: no tonal values available

VectorLayerHalftoner:  runs 17:17:34
slices [610, 672):
	channel 0: occupancy (dense)
	channel 1: surfaceDist (dense)
	channel 2: layer_000 (sparse)
	channel 3: layer_001 (sparse)
	channel 4: layer_002 (sparse)
	channel 5: layer_003 (sparse)
	channel 6: layer_004 (sparse)
	channel 7: layer_005 (sparse)
	channel 8: layer_006 (sparse)
	channel 9: layer_007 (sparse)
	channel 10: intermedTonal_0 (sparse)
	channel 11: intermedTonal_1 (sparse)
	channel 12: intermedTonal_2 (sparse)
	channel 13: intermedTonal_3 (sparse)
	channel 14: intermedTonal_4 (sparse)
	channel 15: intermedTonal_5 (sparse)
	channel 16: intermedTonal_6 (sparse)
	channel 17: intermedTonal_7 (sparse)
	channel 18: quantizedTonal (sparse)
	channel 19: errorDiffInfo2 (sparse)
	channel 20: distanceToEmpty (sparse)
	channel 21: errorDiffInfo3 (sparse)
	channel 22: errorDiffInfo4 (sparse)
	channel 23: errorDiffInfo5 (sparse)
	channel 24: errorDiffInfo6 (sparse)
	channel 25: errorDiffInfo7 (sparse)
	channel 26: errorDiffInfo8 (sparse)
	channel 27: errorDiffInfo9 (sparse)

SlaveReporter:  runs 17:17:37
slices [610, 660):
	channel 0: material (dense)
	channel 1: occupancy (dense)

SlaveReporter::runInternal
PrintJobVoxelizer:  runs 17:17:41

PrintJobVoxelizer: setting up slices
PrintJobVoxelizer: rasterizing objects
PrintJobVoxelizer: creating rasterizer
PrintJobVoxelizer: rasterizing object 1
Rasterizer::rasterize:
	15 trials
	total = 8.59641 s
	mean  = 0.573094 s
	var   = 0.0216719 s^2, std = 0.147214 s
	min   = 0.202785 s
	max   = 0.783474 s


PrintJobVoxelizer: voxelizing objects
Object 1 ROI: [0 0 0] --> [946 303 50]
GWNSampleFloodVoxelizer: number of samples: 226
GWNSampleFloodVoxelizer: samples evaluated
GWNSampleFloodVoxelizer: adaptive threshold = 0.498039
GWNSampleFloodVoxelizer: flooding complete
Voxelization: solid angle evaluations per voxel: 0.46133

GWNSampleFloodVoxelizer::voxelize:
	15 trials
	total = 13.2686 s
	mean  = 0.884573 s
	var   = 0.00611963 s^2, std = 0.0782281 s
	min   = 0.745918 s
	max   = 1.04445 s

GWNSampleFloodVoxelizer::initIndicator:
	15 trials
	total = 1.82699 s
	mean  = 0.121799 s
	var   = 0.000888774 s^2, std = 0.0298123 s
	min   = 0.072693 s
	max   = 0.178503 s

GWNSampleFloodVoxelizer::selectSamples:
	15 trials
	total = 1.31278 s
	mean  = 0.0875187 s
	var   = 5.74612e-005 s^2, std = 0.00758032 s
	min   = 0.078135 s
	max   = 0.100282 s

GWNSampleFloodVoxelizer::evaluateSamples:
	15 trials
	total = 2.76232 s
	mean  = 0.184155 s
	var   = 0.00465901 s^2, std = 0.0682569 s
	min   = 0.084655 s
	max   = 0.314366 s

GWNSampleFloodVoxelizer::flood:
	15 trials
	total = 7.0074 s
	mean  = 0.46716 s
	var   = 8.32481e-005 s^2, std = 0.00912404 s
	min   = 0.454203 s
	max   = 0.488157 s


PrintJobVoxelizer: finalizing surfaces
PrintJobVoxelizer: 1893763 surface voxels
PrintJobVoxelizer: getting output subset
PrintJobVoxelizer: updating slice indices
TonalValueCalculator:  runs 17:17:42
slices [699, 749):
	channel 0: occupancy (dense)
	channel 1: opticalFeature (sparse)

SurfaceDistanceOrderedTransfer:  runs 17:17:42
slices [673, 749):
	channel 0: occupancy (dense)
	channel 1: surfaceDist (dense)

SurfaceDistanceOrderedTransfer: 673 699 723
LayerExtractor:  runs 17:17:43
slices [671, 723):
	channel 0: occupancy (dense)
	channel 1: surfaceDist (dense)
	channel 2: layer_000 (sparse)
	channel 3: layer_001 (sparse)
	channel 4: layer_002 (sparse)
	channel 5: layer_003 (sparse)
	channel 6: layer_004 (sparse)
	channel 7: layer_005 (sparse)
	channel 8: layer_006 (sparse)
	channel 9: layer_007 (sparse)

TonalLinearizer:  runs 17:17:43
slices [672, 722):
	channel 0: occupancy (dense)
	channel 1: surfaceDist (dense)
	channel 2: layer_000 (sparse)
	channel 3: layer_001 (sparse)
	channel 4: layer_002 (sparse)
	channel 5: layer_003 (sparse)
	channel 6: layer_004 (sparse)
	channel 7: layer_005 (sparse)
	channel 8: layer_006 (sparse)
	channel 9: layer_007 (sparse)

VectorLayerHalftoner: VectorLayerHalftoner error: no tonal values available

VectorLayerHalftoner:  runs 17:17:43
slices [660, 722):
	channel 0: occupancy (dense)
	channel 1: surfaceDist (dense)
	channel 2: layer_000 (sparse)
	channel 3: layer_001 (sparse)
	channel 4: layer_002 (sparse)
	channel 5: layer_003 (sparse)
	channel 6: layer_004 (sparse)
	channel 7: layer_005 (sparse)
	channel 8: layer_006 (sparse)
	channel 9: layer_007 (sparse)
	channel 10: intermedTonal_0 (sparse)
	channel 11: intermedTonal_1 (sparse)
	channel 12: intermedTonal_2 (sparse)
	channel 13: intermedTonal_3 (sparse)
	channel 14: intermedTonal_4 (sparse)
	channel 15: intermedTonal_5 (sparse)
	channel 16: intermedTonal_6 (sparse)
	channel 17: intermedTonal_7 (sparse)
	channel 18: quantizedTonal (sparse)
	channel 19: errorDiffInfo2 (sparse)
	channel 20: distanceToEmpty (sparse)
	channel 21: errorDiffInfo3 (sparse)
	channel 22: errorDiffInfo4 (sparse)
	channel 23: errorDiffInfo5 (sparse)
	channel 24: errorDiffInfo6 (sparse)
	channel 25: errorDiffInfo7 (sparse)
	channel 26: errorDiffInfo8 (sparse)
	channel 27: errorDiffInfo9 (sparse)

SlaveReporter:  runs 17:17:45
slices [660, 710):
	channel 0: material (dense)
	channel 1: occupancy (dense)

SlaveReporter::runInternal
PrintJobVoxelizer:  runs 17:17:50

PrintJobVoxelizer: setting up slices
PrintJobVoxelizer: rasterizing objects
PrintJobVoxelizer: creating rasterizer
PrintJobVoxelizer: rasterizing object 1
Rasterizer::rasterize:
	16 trials
	total = 8.69663 s
	mean  = 0.543539 s
	var   = 0.034203 s^2, std = 0.184941 s
	min   = 0.100216 s
	max   = 0.783474 s


PrintJobVoxelizer: voxelizing objects
Object 1 ROI: [0 0 0] --> [946 303 27]
GWNSampleFloodVoxelizer: number of samples: 251
GWNSampleFloodVoxelizer: samples evaluated
GWNSampleFloodVoxelizer: adaptive threshold = 0.498039
GWNSampleFloodVoxelizer: flooding complete
Voxelization: solid angle evaluations per voxel: 0.419228

GWNSampleFloodVoxelizer::voxelize:
	16 trials
	total = 13.7348 s
	mean  = 0.858426 s
	var   = 0.0166507 s^2, std = 0.129038 s
	min   = 0.466213 s
	max   = 1.04445 s

GWNSampleFloodVoxelizer::initIndicator:
	16 trials
	total = 1.9112 s
	mean  = 0.11945 s
	var   = 0.000917813 s^2, std = 0.0302954 s
	min   = 0.072693 s
	max   = 0.178503 s

GWNSampleFloodVoxelizer::selectSamples:
	16 trials
	total = 1.38077 s
	mean  = 0.0862982 s
	var   = 7.74636e-005 s^2, std = 0.00880134 s
	min   = 0.067991 s
	max   = 0.100282 s

GWNSampleFloodVoxelizer::evaluateSamples:
	16 trials
	total = 2.82506 s
	mean  = 0.176566 s
	var   = 0.00526979 s^2, std = 0.0725933 s
	min   = 0.062738 s
	max   = 0.314366 s

GWNSampleFloodVoxelizer::flood:
	16 trials
	total = 7.24873 s
	mean  = 0.453045 s
	var   = 0.00326526 s^2, std = 0.0571425 s
	min   = 0.241326 s
	max   = 0.488157 s


PrintJobVoxelizer: finalizing surfaces
PrintJobVoxelizer: 1899494 surface voxels
PrintJobVoxelizer: getting output subset
PrintJobVoxelizer: updating slice indices
TonalValueCalculator:  runs 17:17:50
slices [749, 777):
	channel 0: occupancy (dense)
	channel 1: opticalFeature (sparse)

SurfaceDistanceOrderedTransfer:  runs 17:17:50
slices [723, 777):
	channel 0: occupancy (dense)
	channel 1: surfaceDist (dense)

SurfaceDistanceOrderedTransfer: 723 749 777
LayerExtractor:  runs 17:17:51
slices [721, 777):
	channel 0: occupancy (dense)
	channel 1: surfaceDist (dense)
	channel 2: layer_000 (sparse)
	channel 3: layer_001 (sparse)
	channel 4: layer_002 (sparse)
	channel 5: layer_003 (sparse)
	channel 6: layer_004 (sparse)
	channel 7: layer_005 (sparse)
	channel 8: layer_006 (sparse)
	channel 9: layer_007 (sparse)

TonalLinearizer:  runs 17:17:51
slices [722, 777):
	channel 0: occupancy (dense)
	channel 1: surfaceDist (dense)
	channel 2: layer_000 (sparse)
	channel 3: layer_001 (sparse)
	channel 4: layer_002 (sparse)
	channel 5: layer_003 (sparse)
	channel 6: layer_004 (sparse)
	channel 7: layer_005 (sparse)
	channel 8: layer_006 (sparse)
	channel 9: layer_007 (sparse)

VectorLayerHalftoner: VectorLayerHalftoner error: no tonal values available

VectorLayerHalftoner:  runs 17:17:51
slices [710, 777):
	channel 0: occupancy (dense)
	channel 1: surfaceDist (dense)
	channel 2: layer_000 (sparse)
	channel 3: layer_001 (sparse)
	channel 4: layer_002 (sparse)
	channel 5: layer_003 (sparse)
	channel 6: layer_004 (sparse)
	channel 7: layer_005 (sparse)
	channel 8: layer_006 (sparse)
	channel 9: layer_007 (sparse)
	channel 10: intermedTonal_0 (sparse)
	channel 11: intermedTonal_1 (sparse)
	channel 12: intermedTonal_2 (sparse)
	channel 13: intermedTonal_3 (sparse)
	channel 14: intermedTonal_4 (sparse)
	channel 15: intermedTonal_5 (sparse)
	channel 16: intermedTonal_6 (sparse)
	channel 17: intermedTonal_7 (sparse)
	channel 18: quantizedTonal (sparse)
	channel 19: errorDiffInfo2 (sparse)
	channel 20: distanceToEmpty (sparse)
	channel 21: errorDiffInfo3 (sparse)
	channel 22: errorDiffInfo4 (sparse)
	channel 23: errorDiffInfo5 (sparse)
	channel 24: errorDiffInfo6 (sparse)
	channel 25: errorDiffInfo7 (sparse)
	channel 26: errorDiffInfo8 (sparse)
	channel 27: errorDiffInfo9 (sparse)

SlaveReporter:  runs 17:17:52
slices [710, 777):
	channel 0: material (dense)
	channel 1: occupancy (dense)

SlaveReporter::runInternal
Computation finished 

Status: success
Slave Node  1 :Total execution time in seconds 155.824

