Warning:json file inside profile could not be parsed 

GL version: 4.4.0

Warning: there is no json file embedded inside profile 

FileParserPJ: initializing
PrintJobOrganizer: initializing
MasterDistributor: initializing
MasterMerger: initializing
SliceDebugger: initializing
FileParserPJ:  runs 12:11:35

FileParserPJ: loading OBJ file

244921 vertices
489840 faces

FileParserPJ: 245383 texture coordinates

FileParserPJ: 245383 vertices after duplication

FileParserPJ: //filer-igd2.igd.fraunhofer.de/igd-3dt/shared/3DModels/Head/HeadMTL/Head_Level3.obj parsed: 245383 vertices and 489840 faces

FileParserPJ: loading jpg file

FileParserPJ: loading OBJ file

244921 vertices
489840 faces

FileParserPJ: 245383 texture coordinates

FileParserPJ: 245383 vertices after duplication

FileParserPJ: //filer-igd2.igd.fraunhofer.de/igd-3dt/shared/3DModels/Head/HeadMTL/Head_Level3.obj parsed: 245383 vertices and 489840 faces

FileParserPJ: loading jpg file

FileParserPJ: loading OBJ file

244921 vertices
489840 faces

FileParserPJ: 245383 texture coordinates

FileParserPJ: 245383 vertices after duplication

FileParserPJ: //filer-igd2.igd.fraunhofer.de/igd-3dt/shared/3DModels/Head/HeadMTL/Head_Level3.obj parsed: 245383 vertices and 489840 faces

FileParserPJ: loading jpg file

FileParserPJ: loading OBJ file

244921 vertices
489840 faces

FileParserPJ: 245383 texture coordinates

FileParserPJ: 245383 vertices after duplication

FileParserPJ: //filer-igd2.igd.fraunhofer.de/igd-3dt/shared/3DModels/Head/HeadMTL/Head_Level3.obj parsed: 245383 vertices and 489840 faces

FileParserPJ: loading jpg file

FileParserPJ: loading OBJ file

244921 vertices
489840 faces

FileParserPJ: 245383 texture coordinates

FileParserPJ: 245383 vertices after duplication

FileParserPJ: //filer-igd2.igd.fraunhofer.de/igd-3dt/shared/3DModels/Head/HeadMTL/Head_Level3.obj parsed: 245383 vertices and 489840 faces

FileParserPJ: loading jpg file

FileParserPJ: loading OBJ file

244921 vertices
489840 faces

FileParserPJ: 245383 texture coordinates

FileParserPJ: 245383 vertices after duplication

FileParserPJ: //filer-igd2.igd.fraunhofer.de/igd-3dt/shared/3DModels/Head/HeadMTL/Head_Level3.obj parsed: 245383 vertices and 489840 faces

FileParserPJ: loading jpg file

FileParserPJ: loading OBJ file

244921 vertices
489840 faces

FileParserPJ: 245383 texture coordinates

FileParserPJ: 245383 vertices after duplication

FileParserPJ: //filer-igd2.igd.fraunhofer.de/igd-3dt/shared/3DModels/Head/HeadMTL/Head_Level3.obj parsed: 245383 vertices and 489840 faces

FileParserPJ: loading jpg file

FileParserPJ: loading OBJ file

244921 vertices
489840 faces

FileParserPJ: 245383 texture coordinates

FileParserPJ: 245383 vertices after duplication

FileParserPJ: //filer-igd2.igd.fraunhofer.de/igd-3dt/shared/3DModels/Head/HeadMTL/Head_Level3.obj parsed: 245383 vertices and 489840 faces

FileParserPJ: loading jpg file

FileParserPJ: loading OBJ file

244921 vertices
489840 faces

FileParserPJ: 245383 texture coordinates

FileParserPJ: 245383 vertices after duplication

FileParserPJ: //filer-igd2.igd.fraunhofer.de/igd-3dt/shared/3DModels/Head/HeadMTL/Head_Level3.obj parsed: 245383 vertices and 489840 faces

FileParserPJ: loading jpg file

FileParserPJ: loading OBJ file

244921 vertices
489840 faces

FileParserPJ: 245383 texture coordinates

FileParserPJ: 245383 vertices after duplication

FileParserPJ: //filer-igd2.igd.fraunhofer.de/igd-3dt/shared/3DModels/Head/HeadMTL/Head_Level3.obj parsed: 245383 vertices and 489840 faces

FileParserPJ: loading jpg file

FileParserPJ: Input files parsed

PrintJobOrganizer:  runs 12:12:9

centering objects at origin
optimizing rotation for height
scaling objects
optimizing rotation for support use
PrintJobOrganizer: support cost         = 25.4851
support cost flipped = 22.9004

PrintJobOrganizer: support cost         = 25.4851
support cost flipped = 22.9004

PrintJobOrganizer: support cost         = 25.4851
support cost flipped = 22.9004

PrintJobOrganizer: support cost         = 25.4851
support cost flipped = 22.9004

PrintJobOrganizer: support cost         = 25.4851
support cost flipped = 22.9004

PrintJobOrganizer: support cost         = 25.4851
support cost flipped = 22.9004

PrintJobOrganizer: support cost         = 25.4851
support cost flipped = 22.9004

PrintJobOrganizer: support cost         = 25.4851
support cost flipped = 22.9004

PrintJobOrganizer: support cost         = 25.4851
support cost flipped = 22.9004

PrintJobOrganizer: support cost         = 25.4851
support cost flipped = 22.9004

arranging objects in 2D
validating object placement
PrintJobOrganizer: print object 1 print-space bounding box: (0.00211667, 0.00423333, 0.00135106), (8.00212, 5.12195, 4.19435)
PrintJobOrganizer: print object 2 print-space bounding box: (0.00211667, 5.32195, 0.00135106), (8.00212, 10.4397, 4.19435)
PrintJobOrganizer: print object 3 print-space bounding box: (0.00211667, 10.6397, 0.00135106), (8.00212, 15.7574, 4.19435)
PrintJobOrganizer: print object 4 print-space bounding box: (0.00211667, 15.9574, 0.00135106), (8.00212, 21.0751, 4.19435)
PrintJobOrganizer: print object 5 print-space bounding box: (0.00211667, 21.2751, 0.00135106), (8.00212, 26.3928, 4.19435)
PrintJobOrganizer: print object 6 print-space bounding box: (0.00211667, 26.5928, 0.00135106), (8.00212, 31.7106, 4.19435)
PrintJobOrganizer: print object 7 print-space bounding box: (0.00211667, 31.9106, 0.00135106), (8.00212, 37.0283, 4.19435)
PrintJobOrganizer: print object 8 print-space bounding box: (8.20212, 0.00423333, 0.00135106), (16.2021, 5.12195, 4.19435)
PrintJobOrganizer: print object 9 print-space bounding box: (8.20212, 5.32195, 0.00135106), (16.2021, 10.4397, 4.19435)
PrintJobOrganizer: print object 10 print-space bounding box: (8.20212, 10.6397, 0.00135106), (16.2021, 15.7574, 4.19435)
saving transforms to file
MasterDistributor:  runs 12:12:11

MasterDistributor::runInternal
MasterMerger:  runs 12:12:11

MasterMerger::runInternal
MasterMerger: metadata for thread : 1

MasterMerger: received height : 1559

MasterMerger: received width : 946

MasterMerger: received num of slices : 777

MasterMerger: received chunk size : 10

MasterMerger: received path : //pc2215/SharedFolder/MasterThesis/Documentation/ThesisDocumentation/Results/ScenarioI-Same-Model/ScenarioI-Proto-I/Run5/DistributedComputing/Node_1/Node_1_ReportedSlices/

MasterMerger: metadata for thread : 2

MasterMerger: received height : 1559

MasterMerger: received width : 946

MasterMerger: received num of slices : 777

MasterMerger: received chunk size : 10

MasterMerger: received path : //pc2215/SharedFolder/MasterThesis/Documentation/ThesisDocumentation/Results/ScenarioI-Same-Model/ScenarioI-Proto-I/Run5/DistributedComputing/Node_2/Node_2_ReportedSlices/

MasterMerger: Print Volume x:  5905.51

MasterMerger: Print Volume y:  2362.2

MasterMerger: Node id:  1

MasterMerger: Offset x : 0

MasterMerger: Offset y : 0

MasterMerger: Node id:  2

MasterMerger: Offset x : 969.622

MasterMerger: Offset y : 0

MasterMerger: Added height is:1559after adding height of slave 1

MasterMerger: Added height is:3118after adding height of slave 2

MasterMerger: Max height reached after adding slave 2 so first list index is 1

MasterMerger: m_fullSliceHt : 2362

MasterMerger: Sum of heights has crossed the print bed height

MasterMerger: Start Index0

MasterMerger: End Index1

MasterMerger: Maximum Current Width is0

MasterMerger: Total current width946

MasterMerger: Start Index1

MasterMerger: End Index2

MasterMerger: Maximum Current Width is0

MasterMerger: Total current width1892

MasterMerger: m_fullSliceWidth : 1916

MasterMerger: m_numSlices : 777

MasterMerger: m_chunkSize : 10

MasterMerger::addSlice called

SliceDebugger:  runs 12:15:25
slices [0, 10):
	channel 0: material (dense)

MasterMerger:  runs 12:15:26

SliceDebugger:  runs 12:15:26
slices [10, 20):
	channel 0: material (dense)

MasterMerger:  runs 12:15:27

SliceDebugger:  runs 12:16:58
slices [20, 30):
	channel 0: material (dense)

MasterMerger:  runs 12:16:59

SliceDebugger:  runs 12:16:59
slices [30, 40):
	channel 0: material (dense)

MasterMerger:  runs 12:17:0

SliceDebugger:  runs 12:19:11
slices [40, 50):
	channel 0: material (dense)

MasterMerger:  runs 12:19:12

SliceDebugger:  runs 12:19:12
slices [50, 60):
	channel 0: material (dense)

MasterMerger:  runs 12:19:13

SliceDebugger:  runs 12:21:22
slices [60, 70):
	channel 0: material (dense)

MasterMerger:  runs 12:21:23

SliceDebugger:  runs 12:21:23
slices [70, 80):
	channel 0: material (dense)

MasterMerger:  runs 12:21:23

SliceDebugger:  runs 12:23:48
slices [80, 90):
	channel 0: material (dense)

MasterMerger:  runs 12:23:49

SliceDebugger:  runs 12:23:49
slices [90, 100):
	channel 0: material (dense)

MasterMerger:  runs 12:23:49

SliceDebugger:  runs 12:26:18
slices [100, 110):
	channel 0: material (dense)

MasterMerger:  runs 12:26:19

SliceDebugger:  runs 12:26:19
slices [110, 120):
	channel 0: material (dense)

MasterMerger:  runs 12:26:20

SliceDebugger:  runs 12:28:19
slices [120, 130):
	channel 0: material (dense)

MasterMerger:  runs 12:28:20

SliceDebugger:  runs 12:28:20
slices [130, 140):
	channel 0: material (dense)

MasterMerger:  runs 12:28:21

SliceDebugger:  runs 12:29:15
slices [140, 150):
	channel 0: material (dense)

MasterMerger:  runs 12:29:16

SliceDebugger:  runs 12:29:43
slices [150, 160):
	channel 0: material (dense)

MasterMerger:  runs 12:29:44

SliceDebugger:  runs 12:29:44
slices [160, 170):
	channel 0: material (dense)

MasterMerger:  runs 12:29:45

SliceDebugger:  runs 12:29:45
slices [170, 180):
	channel 0: material (dense)

MasterMerger:  runs 12:29:45

SliceDebugger:  runs 12:29:46
slices [180, 190):
	channel 0: material (dense)

MasterMerger:  runs 12:29:46

SliceDebugger:  runs 12:29:46
slices [190, 200):
	channel 0: material (dense)

MasterMerger:  runs 12:29:47

SliceDebugger:  runs 12:29:47
slices [200, 210):
	channel 0: material (dense)

MasterMerger:  runs 12:29:48

SliceDebugger:  runs 12:29:48
slices [210, 220):
	channel 0: material (dense)

MasterMerger:  runs 12:29:49

SliceDebugger:  runs 12:29:49
slices [220, 230):
	channel 0: material (dense)

MasterMerger:  runs 12:29:49

SliceDebugger:  runs 12:29:50
slices [230, 240):
	channel 0: material (dense)

MasterMerger:  runs 12:29:50

SliceDebugger:  runs 12:29:50
slices [240, 250):
	channel 0: material (dense)

MasterMerger:  runs 12:29:51

SliceDebugger:  runs 12:29:51
slices [250, 260):
	channel 0: material (dense)

MasterMerger:  runs 12:29:52

SliceDebugger:  runs 12:29:52
slices [260, 270):
	channel 0: material (dense)

MasterMerger:  runs 12:29:53

SliceDebugger:  runs 12:29:53
slices [270, 280):
	channel 0: material (dense)

MasterMerger:  runs 12:29:53

SliceDebugger:  runs 12:29:54
slices [280, 290):
	channel 0: material (dense)

MasterMerger:  runs 12:29:54

SliceDebugger:  runs 12:29:54
slices [290, 300):
	channel 0: material (dense)

MasterMerger:  runs 12:29:55

SliceDebugger:  runs 12:29:55
slices [300, 310):
	channel 0: material (dense)

MasterMerger:  runs 12:29:56

SliceDebugger:  runs 12:29:56
slices [310, 320):
	channel 0: material (dense)

MasterMerger:  runs 12:29:57

SliceDebugger:  runs 12:29:57
slices [320, 330):
	channel 0: material (dense)

MasterMerger:  runs 12:29:58

SliceDebugger:  runs 12:29:58
slices [330, 340):
	channel 0: material (dense)

MasterMerger:  runs 12:29:58

SliceDebugger:  runs 12:29:59
slices [340, 350):
	channel 0: material (dense)

MasterMerger:  runs 12:29:59

SliceDebugger:  runs 12:29:59
slices [350, 360):
	channel 0: material (dense)

MasterMerger:  runs 12:30:0

SliceDebugger:  runs 12:30:0
slices [360, 370):
	channel 0: material (dense)

MasterMerger:  runs 12:30:1

SliceDebugger:  runs 12:30:1
slices [370, 380):
	channel 0: material (dense)

MasterMerger:  runs 12:30:2

SliceDebugger:  runs 12:30:2
slices [380, 390):
	channel 0: material (dense)

MasterMerger:  runs 12:30:3

SliceDebugger:  runs 12:30:3
slices [390, 400):
	channel 0: material (dense)

MasterMerger:  runs 12:30:3

SliceDebugger:  runs 12:30:3
slices [400, 410):
	channel 0: material (dense)

MasterMerger:  runs 12:30:4

SliceDebugger:  runs 12:30:4
slices [410, 420):
	channel 0: material (dense)

MasterMerger:  runs 12:30:5

SliceDebugger:  runs 12:30:5
slices [420, 430):
	channel 0: material (dense)

MasterMerger:  runs 12:30:6

SliceDebugger:  runs 12:30:6
slices [430, 440):
	channel 0: material (dense)

MasterMerger:  runs 12:30:7

SliceDebugger:  runs 12:30:7
slices [440, 450):
	channel 0: material (dense)

MasterMerger:  runs 12:30:7

SliceDebugger:  runs 12:30:8
slices [450, 460):
	channel 0: material (dense)

MasterMerger:  runs 12:30:8

SliceDebugger:  runs 12:30:8
slices [460, 470):
	channel 0: material (dense)

MasterMerger:  runs 12:30:9

SliceDebugger:  runs 12:30:9
slices [470, 480):
	channel 0: material (dense)

MasterMerger:  runs 12:30:10

SliceDebugger:  runs 12:30:10
slices [480, 490):
	channel 0: material (dense)

MasterMerger:  runs 12:30:11

SliceDebugger:  runs 12:30:11
slices [490, 500):
	channel 0: material (dense)

MasterMerger:  runs 12:30:12

SliceDebugger:  runs 12:30:12
slices [500, 510):
	channel 0: material (dense)

MasterMerger:  runs 12:30:12

SliceDebugger:  runs 12:30:12
slices [510, 520):
	channel 0: material (dense)

MasterMerger:  runs 12:30:13

SliceDebugger:  runs 12:30:13
slices [520, 530):
	channel 0: material (dense)

MasterMerger:  runs 12:30:14

SliceDebugger:  runs 12:30:14
slices [530, 540):
	channel 0: material (dense)

MasterMerger:  runs 12:30:15

SliceDebugger:  runs 12:30:15
slices [540, 550):
	channel 0: material (dense)

MasterMerger:  runs 12:30:16

SliceDebugger:  runs 12:30:16
slices [550, 560):
	channel 0: material (dense)

MasterMerger:  runs 12:30:16

SliceDebugger:  runs 12:30:17
slices [560, 570):
	channel 0: material (dense)

MasterMerger:  runs 12:30:17

SliceDebugger:  runs 12:30:17
slices [570, 580):
	channel 0: material (dense)

MasterMerger:  runs 12:30:18

SliceDebugger:  runs 12:30:18
slices [580, 590):
	channel 0: material (dense)

MasterMerger:  runs 12:30:19

SliceDebugger:  runs 12:30:19
slices [590, 600):
	channel 0: material (dense)

MasterMerger:  runs 12:30:20

SliceDebugger:  runs 12:30:20
slices [600, 610):
	channel 0: material (dense)

MasterMerger:  runs 12:30:21

SliceDebugger:  runs 12:30:21
slices [610, 620):
	channel 0: material (dense)

MasterMerger:  runs 12:30:21

SliceDebugger:  runs 12:30:21
slices [620, 630):
	channel 0: material (dense)

MasterMerger:  runs 12:30:22

SliceDebugger:  runs 12:30:22
slices [630, 640):
	channel 0: material (dense)

MasterMerger:  runs 12:30:23

SliceDebugger:  runs 12:30:23
slices [640, 650):
	channel 0: material (dense)

MasterMerger:  runs 12:30:24

SliceDebugger:  runs 12:30:24
slices [650, 660):
	channel 0: material (dense)

MasterMerger:  runs 12:30:25

SliceDebugger:  runs 12:30:25
slices [660, 670):
	channel 0: material (dense)

MasterMerger:  runs 12:30:25

SliceDebugger:  runs 12:30:25
slices [670, 680):
	channel 0: material (dense)

MasterMerger:  runs 12:30:26

SliceDebugger:  runs 12:30:26
slices [680, 690):
	channel 0: material (dense)

MasterMerger:  runs 12:30:27

SliceDebugger:  runs 12:30:27
slices [690, 700):
	channel 0: material (dense)

MasterMerger:  runs 12:30:28

SliceDebugger:  runs 12:30:28
slices [700, 710):
	channel 0: material (dense)

MasterMerger:  runs 12:30:29

SliceDebugger:  runs 12:30:29
slices [710, 720):
	channel 0: material (dense)

MasterMerger:  runs 12:30:29

SliceDebugger:  runs 12:30:29
slices [720, 730):
	channel 0: material (dense)

MasterMerger:  runs 12:30:30

SliceDebugger:  runs 12:30:30
slices [730, 740):
	channel 0: material (dense)

MasterMerger:  runs 12:30:31

SliceDebugger:  runs 12:30:31
slices [740, 750):
	channel 0: material (dense)

MasterMerger:  runs 12:30:32

SliceDebugger:  runs 12:30:32
slices [750, 760):
	channel 0: material (dense)

MasterMerger:  runs 12:30:32

SliceDebugger:  runs 12:30:32
slices [760, 770):
	channel 0: material (dense)

MasterMerger:  runs 12:30:33

SliceDebugger:  runs 12:30:33
slices [770, 777):
	channel 0: material (dense)

Computation finished 

Status: success
Master Node  0 :Total execution time in seconds 1138.63

