SlavePrintingSoftware::startUp:
	1 trials
	total = 0.468742 s
	mean  = 0.468742 s
	var   = 0 s^2, std = 0 s
	min   = 0.468742 s
	max   = 0.468742 s

PrintingSoftware::execute:
	1 trials
	total = 1500.37 s
	mean  = 1500.37 s
	var   = 0 s^2, std = 0 s
	min   = 1500.37 s
	max   = 1500.37 s

DistributedComputingInitiator::Receive:
	1 trials
	total = 147.629 s
	mean  = 147.629 s
	var   = 0 s^2, std = 0 s
	min   = 147.629 s
	max   = 147.629 s

FileParserPJ::setInput:
	1 trials
	total = 0 s
	mean  = 0 s
	var   = 0 s^2, std = 0 s
	min   = 0 s
	max   = 0 s

FileParserPJ::runInternal:
	1 trials
	total = 4.03136 s
	mean  = 4.03136 s
	var   = 0 s^2, std = 0 s
	min   = 4.03136 s
	max   = 4.03136 s

PrintJobOrganizer::setInput:
	1 trials
	total = 0 s
	mean  = 0 s
	var   = 0 s^2, std = 0 s
	min   = 0 s
	max   = 0 s

PrintJobOrganizer::runInternal:
	1 trials
	total = 0.328129 s
	mean  = 0.328129 s
	var   = 0 s^2, std = 0 s
	min   = 0.328129 s
	max   = 0.328129 s

PrintJobPreprocessor::setInput:
	1 trials
	total = 0 s
	mean  = 0 s
	var   = 0 s^2, std = 0 s
	min   = 0 s
	max   = 0 s

PrintJobPreprocessor::runInternal:
	1 trials
	total = 1.1719 s
	mean  = 1.1719 s
	var   = 0 s^2, std = 0 s
	min   = 1.1719 s
	max   = 1.1719 s

PrintJobVoxelizer::setInput:
	32 trials
	total = 0 s
	mean  = 0 s
	var   = 0 s^2, std = 0 s
	min   = 0 s
	max   = 0 s

PrintJobVoxelizer::runInternal:
	32 trials
	total = 213.362 s
	mean  = 6.66756 s
	var   = 1.10928 s^2, std = 1.05322 s
	min   = 1.29688 s
	max   = 7.53134 s

PrintJobVoxelizer::rasterizeObjects:
	32 trials
	total = 30.2816 s
	mean  = 0.946301 s
	var   = 0.0647053 s^2, std = 0.254372 s
	min   = 0.296879 s
	max   = 1.25001 s

PrintJobVoxelizer::voxelizeObjects:
	32 trials
	total = 173.643 s
	mean  = 5.42634 s
	var   = 0.848374 s^2, std = 0.921072 s
	min   = 0.484381 s
	max   = 6.18757 s

PrintJobVoxelizer::finalizeSurfaces:
	32 trials
	total = 3.18743 s
	mean  = 0.0996072 s
	var   = 0.000358353 s^2, std = 0.0189302 s
	min   = 0.015626 s
	max   = 0.109378 s

TonalValueCalculator::setInput:
	32 trials
	total = 0 s
	mean  = 0 s
	var   = 0 s^2, std = 0 s
	min   = 0 s
	max   = 0 s

TonalValueCalculator::runInternal:
	32 trials
	total = 1.23439 s
	mean  = 0.0385746 s
	var   = 0.000299032 s^2, std = 0.0172926 s
	min   = 0 s
	max   = 0.062501 s

SurfaceDistanceOrderedTransfer::setInput:
	32 trials
	total = 0 s
	mean  = 0 s
	var   = 0 s^2, std = 0 s
	min   = 0 s
	max   = 0 s

SurfaceDistanceOrderedTransfer::runInternal:
	32 trials
	total = 69.0949 s
	mean  = 2.15922 s
	var   = 0.079835 s^2, std = 0.282551 s
	min   = 1.23439 s
	max   = 2.56254 s

SurfaceDistanceOrderedTransfer::buildOrderedSurfaceData:
	32 trials
	total = 1.59379 s
	mean  = 0.0498061 s
	var   = 0.0095054 s^2, std = 0.0974956 s
	min   = 0 s
	max   = 0.578144 s

SurfaceDistanceOrderedTransfer::fillDistanceChannel:
	32 trials
	total = 5.45339 s
	mean  = 0.170419 s
	var   = 0.000604224 s^2, std = 0.024581 s
	min   = 0.078127 s
	max   = 0.187516 s

SurfaceDistanceOrderedTransfer::transfer:
	32 trials
	total = 56.1881 s
	mean  = 1.75588 s
	var   = 0.0887868 s^2, std = 0.297971 s
	min   = 0.593746 s
	max   = 2.15627 s

SurfaceDistanceOrderedTransfer::mergeDistances:
	32 trials
	total = 0 s
	mean  = 0 s
	var   = 0 s^2, std = 0 s
	min   = 0 s
	max   = 0 s

SurfaceDistanceOrderedTransfer::applySqrt:
	32 trials
	total = 5.8284 s
	mean  = 0.182138 s
	var   = 0.0005609 s^2, std = 0.0236833 s
	min   = 0.078136 s
	max   = 0.203128 s

LayerExtractor::setInput:
	32 trials
	total = 0 s
	mean  = 0 s
	var   = 0 s^2, std = 0 s
	min   = 0 s
	max   = 0 s

LayerExtractor::runInternal:
	32 trials
	total = 47.2663 s
	mean  = 1.47707 s
	var   = 0.178006 s^2, std = 0.421908 s
	min   = 0.312507 s
	max   = 1.95317 s

VectorLayerHalftoner::setInput:
	32 trials
	total = 0.046876 s
	mean  = 0.00146487 s
	var   = 2.14124e-005 s^2, std = 0.00462736 s
	min   = 0 s
	max   = 0.015626 s

VectorLayerHalftoner::runInternal:
	32 trials
	total = 367.865 s
	mean  = 11.4958 s
	var   = 12.9171 s^2, std = 3.59404 s
	min   = 1.9844 s
	max   = 16.2033 s

VectorLayerHalftoner(0)::setupOutputContainerSlaveReporter::serializeSlice:
	1552 trials
	total = 1440.68 s
	mean  = 0.928273 s
	var   = 0.443622 s^2, std = 0.66605 s
	min   = 0.515607 s
	max   = 6.62533 s

SlaveReporter::Send:
	38 trials
	total = 0 s
	mean  = 0 s
	var   = 0 s^2, std = 0 s
	min   = 0 s
	max   = 0 s

